[2025-08-16T03:12:55.615+0000] {local_task_job_runner.py:120} INFO - ::group::Pre task execution logs
[2025-08-16T03:12:55.654+0000] {taskinstance.py:2076} INFO - Dependencies all met for dep_context=non-requeueable deps ti=<TaskInstance: ml_pipeline_dvc.train_outlier_detector manual__2025-08-16T03:12:35.053747+00:00 [queued]>
[2025-08-16T03:12:55.666+0000] {taskinstance.py:2076} INFO - Dependencies all met for dep_context=requeueable deps ti=<TaskInstance: ml_pipeline_dvc.train_outlier_detector manual__2025-08-16T03:12:35.053747+00:00 [queued]>
[2025-08-16T03:12:55.667+0000] {taskinstance.py:2306} INFO - Starting attempt 1 of 1
[2025-08-16T03:12:55.688+0000] {taskinstance.py:2330} INFO - Executing <Task(BashOperator): train_outlier_detector> on 2025-08-16 03:12:35.053747+00:00
[2025-08-16T03:12:55.696+0000] {warnings.py:110} WARNING - /home/***/.local/lib/python3.12/site-packages/***/task/task_runner/standard_task_runner.py:61: DeprecationWarning: This process (pid=10542) is multi-threaded, use of fork() may lead to deadlocks in the child.
  pid = os.fork()

[2025-08-16T03:12:55.698+0000] {standard_task_runner.py:63} INFO - Started process 10559 to run task
[2025-08-16T03:12:55.698+0000] {standard_task_runner.py:90} INFO - Running: ['***', 'tasks', 'run', 'ml_pipeline_dvc', 'train_outlier_detector', 'manual__2025-08-16T03:12:35.053747+00:00', '--job-id', '282', '--raw', '--subdir', 'DAGS_FOLDER/train_pipeline_dag.py', '--cfg-path', '/tmp/tmppt_dt57p']
[2025-08-16T03:12:55.700+0000] {standard_task_runner.py:91} INFO - Job 282: Subtask train_outlier_detector
[2025-08-16T03:12:55.766+0000] {task_command.py:426} INFO - Running <TaskInstance: ml_pipeline_dvc.train_outlier_detector manual__2025-08-16T03:12:35.053747+00:00 [running]> on host 952e994ef77e
[2025-08-16T03:12:55.900+0000] {taskinstance.py:2648} INFO - Exporting env vars: AIRFLOW_CTX_DAG_OWNER='yas' AIRFLOW_CTX_DAG_ID='ml_pipeline_dvc' AIRFLOW_CTX_TASK_ID='train_outlier_detector' AIRFLOW_CTX_EXECUTION_DATE='2025-08-16T03:12:35.053747+00:00' AIRFLOW_CTX_TRY_NUMBER='1' AIRFLOW_CTX_DAG_RUN_ID='manual__2025-08-16T03:12:35.053747+00:00'
[2025-08-16T03:12:55.901+0000] {taskinstance.py:430} INFO - ::endgroup::
[2025-08-16T03:12:55.922+0000] {subprocess.py:63} INFO - Tmp dir root location: /tmp
[2025-08-16T03:12:55.924+0000] {subprocess.py:75} INFO - Running command: ['/usr/bin/bash', '-c', '\n            cd /opt/***/ml_pipeline\n            dvc pull\n            dvc repro train_outlier\n            dvc push\n        ']
[2025-08-16T03:12:55.936+0000] {subprocess.py:86} INFO - Output:
[2025-08-16T03:12:59.298+0000] {subprocess.py:93} INFO - Everything is up to date.
[2025-08-16T03:13:03.780+0000] {subprocess.py:93} INFO - 'data/raw.dvc' didn't change, skipping
[2025-08-16T03:13:03.819+0000] {subprocess.py:93} INFO - Stage 'preprocess' didn't change, skipping
[2025-08-16T03:13:03.882+0000] {subprocess.py:93} INFO - Running stage 'train_outlier':
[2025-08-16T03:13:03.883+0000] {subprocess.py:93} INFO - > python train/train_outlier_detector_task.py
[2025-08-16T03:13:12.098+0000] {subprocess.py:93} INFO - 2025/08/16 03:13:12 WARNING mlflow.utils.git_utils: Failed to import Git (the Git executable is probably not on your PATH), so Git SHA is not available. Error: Failed to initialize: Bad git executable.
[2025-08-16T03:13:12.101+0000] {subprocess.py:93} INFO - The git executable must be specified in one of the following ways:
[2025-08-16T03:13:12.102+0000] {subprocess.py:93} INFO -     - be included in your $PATH
[2025-08-16T03:13:12.102+0000] {subprocess.py:93} INFO -     - be set via $GIT_PYTHON_GIT_EXECUTABLE
[2025-08-16T03:13:12.103+0000] {subprocess.py:93} INFO -     - explicitly set via git.refresh(<full-path-to-git-executable>)
[2025-08-16T03:13:12.104+0000] {subprocess.py:93} INFO - 
[2025-08-16T03:13:12.104+0000] {subprocess.py:93} INFO - All git commands will error until this is rectified.
[2025-08-16T03:13:12.105+0000] {subprocess.py:93} INFO - 
[2025-08-16T03:13:12.106+0000] {subprocess.py:93} INFO - This initial message can be silenced or aggravated in the future by setting the
[2025-08-16T03:13:12.106+0000] {subprocess.py:93} INFO - $GIT_PYTHON_REFRESH environment variable. Use one of the following values:
[2025-08-16T03:13:12.107+0000] {subprocess.py:93} INFO -     - quiet|q|silence|s|silent|none|n|0: for no message or exception
[2025-08-16T03:13:12.108+0000] {subprocess.py:93} INFO -     - warn|w|warning|log|l|1: for a warning message (logging level CRITICAL, displayed by default)
[2025-08-16T03:13:12.109+0000] {subprocess.py:93} INFO -     - error|e|exception|raise|r|2: for a raised exception
[2025-08-16T03:13:12.112+0000] {subprocess.py:93} INFO - 
[2025-08-16T03:13:12.113+0000] {subprocess.py:93} INFO - Example:
[2025-08-16T03:13:12.114+0000] {subprocess.py:93} INFO -     export GIT_PYTHON_REFRESH=quiet
[2025-08-16T03:13:12.115+0000] {subprocess.py:93} INFO - 
[2025-08-16T03:13:12.330+0000] {subprocess.py:93} INFO - {"asctime": "2025-08-16 03:13:12,147", "levelname": "INFO", "name": "model_training", "trace_id": null, "span_id": null, "message": "MLflow run id: e3cd8fac94e441bab9a1ba3a99ee271d"}
[2025-08-16T03:13:41.749+0000] {subprocess.py:93} INFO - {"asctime": "2025-08-16 03:13:41,747", "levelname": "INFO", "name": "model_training", "trace_id": null, "span_id": null, "message": "Outlier_detector logged"}
[2025-08-16T03:13:41.764+0000] {subprocess.py:93} INFO - {"asctime": "2025-08-16 03:13:41,748", "levelname": "INFO", "name": "model_training", "trace_id": null, "span_id": null, "message": "Registering model from runs:/e3cd8fac94e441bab9a1ba3a99ee271d/outlier as registered model name 'OutlierDetectionModel'"}
[2025-08-16T03:13:42.056+0000] {subprocess.py:93} INFO - Registered model 'OutlierDetectionModel' already exists. Creating a new version of this model...
[2025-08-16T03:13:42.461+0000] {subprocess.py:93} INFO - 2025/08/16 03:13:42 WARNING mlflow.tracking._model_registry.fluent: Run with id e3cd8fac94e441bab9a1ba3a99ee271d has no artifacts at artifact path 'outlier', registering model based on models:/m-76127121f145429685cf1473d5c40b60 instead
[2025-08-16T03:13:42.544+0000] {subprocess.py:93} INFO - 2025/08/16 03:13:42 INFO mlflow.store.model_registry.abstract_store: Waiting up to 300 seconds for model version to finish creation. Model name: OutlierDetectionModel, version 6
[2025-08-16T03:13:42.546+0000] {subprocess.py:93} INFO - Created version '6' of model 'OutlierDetectionModel'.
[2025-08-16T03:13:42.607+0000] {subprocess.py:93} INFO - /opt/***/ml_pipeline/train/train_outlier_detector_task.py:112: FutureWarning: ``mlflow.tracking.client.MlflowClient.transition_model_version_stage`` is deprecated since 2.9.0. Model registry stages will be removed in a future major release. To learn more about the deprecation of model registry stages, see our migration guide here: https://mlflow.org/docs/latest/model-registry.html#migrating-from-stages
[2025-08-16T03:13:42.609+0000] {subprocess.py:93} INFO -   client.transition_model_version_stage(
[2025-08-16T03:13:42.747+0000] {subprocess.py:93} INFO - 🏃 View run train_v20250815_164605 at: http://mlflow:5000/#/experiments/1/runs/e3cd8fac94e441bab9a1ba3a99ee271d
[2025-08-16T03:13:42.749+0000] {subprocess.py:93} INFO - 🧪 View experiment at: http://mlflow:5000/#/experiments/1
[2025-08-16T03:13:42.750+0000] {subprocess.py:93} INFO - {"asctime": "2025-08-16 03:13:42,747", "levelname": "INFO", "name": "model_training", "trace_id": null, "span_id": null, "message": "Model registered and transitioned to 'Production' (version 6)"}
[2025-08-16T03:13:42.751+0000] {subprocess.py:93} INFO - {"asctime": "2025-08-16 03:13:42,747", "levelname": "INFO", "name": "model_training", "trace_id": null, "span_id": null, "message": "\u2705 Training & registration complete."}
[2025-08-16T03:13:44.224+0000] {subprocess.py:93} INFO - Updating lock file 'dvc.lock'
[2025-08-16T03:13:44.257+0000] {subprocess.py:93} INFO - 
[2025-08-16T03:13:44.260+0000] {subprocess.py:93} INFO - To track the changes with git, run:
[2025-08-16T03:13:44.265+0000] {subprocess.py:93} INFO - 
[2025-08-16T03:13:44.270+0000] {subprocess.py:93} INFO - 	git add dvc.lock
[2025-08-16T03:13:44.272+0000] {subprocess.py:93} INFO - 
[2025-08-16T03:13:44.277+0000] {subprocess.py:93} INFO - To enable auto staging, run:
[2025-08-16T03:13:44.279+0000] {subprocess.py:93} INFO - 
[2025-08-16T03:13:44.284+0000] {subprocess.py:93} INFO - 	dvc config core.autostage true
[2025-08-16T03:13:44.287+0000] {subprocess.py:93} INFO - Use `dvc push` to send your updates to remote storage.
[2025-08-16T03:13:52.319+0000] {subprocess.py:93} INFO - 2 files pushed
[2025-08-16T03:13:52.851+0000] {subprocess.py:97} INFO - Command exited with return code 0
[2025-08-16T03:13:52.853+0000] {taskinstance.py:441} INFO - ::group::Post task execution logs
[2025-08-16T03:13:52.902+0000] {taskinstance.py:1206} INFO - Marking task as SUCCESS. dag_id=ml_pipeline_dvc, task_id=train_outlier_detector, run_id=manual__2025-08-16T03:12:35.053747+00:00, execution_date=20250816T031235, start_date=20250816T031255, end_date=20250816T031352
[2025-08-16T03:13:52.939+0000] {local_task_job_runner.py:240} INFO - Task exited with return code 0
[2025-08-16T03:13:52.959+0000] {local_task_job_runner.py:222} INFO - ::endgroup::
