[2025-08-01T22:23:26.371+0000] {local_task_job_runner.py:120} INFO - ::group::Pre task execution logs
[2025-08-01T22:23:26.416+0000] {taskinstance.py:2076} INFO - Dependencies all met for dep_context=non-requeueable deps ti=<TaskInstance: ml_pipeline_dvc.train_dvc manual__2025-08-01T22:13:11.869834+00:00 [queued]>
[2025-08-01T22:23:26.431+0000] {taskinstance.py:2076} INFO - Dependencies all met for dep_context=requeueable deps ti=<TaskInstance: ml_pipeline_dvc.train_dvc manual__2025-08-01T22:13:11.869834+00:00 [queued]>
[2025-08-01T22:23:26.432+0000] {taskinstance.py:2306} INFO - Starting attempt 2 of 2
[2025-08-01T22:23:26.452+0000] {taskinstance.py:2330} INFO - Executing <Task(BashOperator): train_dvc> on 2025-08-01 22:13:11.869834+00:00
[2025-08-01T22:23:26.460+0000] {warnings.py:110} WARNING - /home/***/.local/lib/python3.12/site-packages/***/task/task_runner/standard_task_runner.py:61: DeprecationWarning: This process (pid=251) is multi-threaded, use of fork() may lead to deadlocks in the child.
  pid = os.fork()

[2025-08-01T22:23:26.462+0000] {standard_task_runner.py:63} INFO - Started process 252 to run task
[2025-08-01T22:23:26.462+0000] {standard_task_runner.py:90} INFO - Running: ['***', 'tasks', 'run', 'ml_pipeline_dvc', 'train_dvc', 'manual__2025-08-01T22:13:11.869834+00:00', '--job-id', '86', '--raw', '--subdir', 'DAGS_FOLDER/ml_pipeline_dag_2.py', '--cfg-path', '/tmp/tmpy4cgns26']
[2025-08-01T22:23:26.464+0000] {standard_task_runner.py:91} INFO - Job 86: Subtask train_dvc
[2025-08-01T22:23:26.532+0000] {task_command.py:426} INFO - Running <TaskInstance: ml_pipeline_dvc.train_dvc manual__2025-08-01T22:13:11.869834+00:00 [running]> on host 5782a66355ae
[2025-08-01T22:23:26.653+0000] {taskinstance.py:2648} INFO - Exporting env vars: AIRFLOW_CTX_DAG_OWNER='yas' AIRFLOW_CTX_DAG_ID='ml_pipeline_dvc' AIRFLOW_CTX_TASK_ID='train_dvc' AIRFLOW_CTX_EXECUTION_DATE='2025-08-01T22:13:11.869834+00:00' AIRFLOW_CTX_TRY_NUMBER='2' AIRFLOW_CTX_DAG_RUN_ID='manual__2025-08-01T22:13:11.869834+00:00'
[2025-08-01T22:23:26.655+0000] {taskinstance.py:430} INFO - ::endgroup::
[2025-08-01T22:23:26.681+0000] {subprocess.py:63} INFO - Tmp dir root location: /tmp
[2025-08-01T22:23:26.683+0000] {subprocess.py:75} INFO - Running command: ['/usr/bin/bash', '-c', 'cd /opt/***/ml_pipeline && dvc repro train']
[2025-08-01T22:23:26.699+0000] {subprocess.py:86} INFO - Output:
[2025-08-01T22:23:28.591+0000] {subprocess.py:93} INFO - Stage 'preprocess' didn't change, skipping
[2025-08-01T22:23:28.646+0000] {subprocess.py:93} INFO - Stage 'train' didn't change, skipping
[2025-08-01T22:23:28.653+0000] {subprocess.py:93} INFO - Data and pipelines are up to date.
[2025-08-01T22:23:28.951+0000] {subprocess.py:97} INFO - Command exited with return code 0
[2025-08-01T22:23:28.952+0000] {taskinstance.py:441} INFO - ::group::Post task execution logs
[2025-08-01T22:23:28.983+0000] {taskinstance.py:1206} INFO - Marking task as SUCCESS. dag_id=ml_pipeline_dvc, task_id=train_dvc, run_id=manual__2025-08-01T22:13:11.869834+00:00, execution_date=20250801T221311, start_date=20250801T222326, end_date=20250801T222328
[2025-08-01T22:23:29.023+0000] {local_task_job_runner.py:240} INFO - Task exited with return code 0
[2025-08-01T22:23:29.046+0000] {taskinstance.py:3498} INFO - 0 downstream tasks scheduled from follow-on schedule check
[2025-08-01T22:23:29.047+0000] {local_task_job_runner.py:222} INFO - ::endgroup::
