[2025-08-01T22:18:23.099+0000] {local_task_job_runner.py:120} INFO - ::group::Pre task execution logs
[2025-08-01T22:18:23.136+0000] {taskinstance.py:2076} INFO - Dependencies all met for dep_context=non-requeueable deps ti=<TaskInstance: ml_pipeline_dvc.train_dvc manual__2025-08-01T22:13:11.869834+00:00 [queued]>
[2025-08-01T22:18:23.148+0000] {taskinstance.py:2076} INFO - Dependencies all met for dep_context=requeueable deps ti=<TaskInstance: ml_pipeline_dvc.train_dvc manual__2025-08-01T22:13:11.869834+00:00 [queued]>
[2025-08-01T22:18:23.149+0000] {taskinstance.py:2306} INFO - Starting attempt 1 of 2
[2025-08-01T22:18:23.167+0000] {taskinstance.py:2330} INFO - Executing <Task(BashOperator): train_dvc> on 2025-08-01 22:13:11.869834+00:00
[2025-08-01T22:18:23.175+0000] {warnings.py:110} WARNING - /home/***/.local/lib/python3.12/site-packages/***/task/task_runner/standard_task_runner.py:61: DeprecationWarning: This process (pid=86) is multi-threaded, use of fork() may lead to deadlocks in the child.
  pid = os.fork()

[2025-08-01T22:18:23.177+0000] {standard_task_runner.py:63} INFO - Started process 87 to run task
[2025-08-01T22:18:23.177+0000] {standard_task_runner.py:90} INFO - Running: ['***', 'tasks', 'run', 'ml_pipeline_dvc', 'train_dvc', 'manual__2025-08-01T22:13:11.869834+00:00', '--job-id', '83', '--raw', '--subdir', 'DAGS_FOLDER/ml_pipeline_dag_2.py', '--cfg-path', '/tmp/tmphkmmq7k0']
[2025-08-01T22:18:23.179+0000] {standard_task_runner.py:91} INFO - Job 83: Subtask train_dvc
[2025-08-01T22:18:23.251+0000] {task_command.py:426} INFO - Running <TaskInstance: ml_pipeline_dvc.train_dvc manual__2025-08-01T22:13:11.869834+00:00 [running]> on host 5782a66355ae
[2025-08-01T22:18:23.370+0000] {taskinstance.py:2648} INFO - Exporting env vars: AIRFLOW_CTX_DAG_OWNER='yas' AIRFLOW_CTX_DAG_ID='ml_pipeline_dvc' AIRFLOW_CTX_TASK_ID='train_dvc' AIRFLOW_CTX_EXECUTION_DATE='2025-08-01T22:13:11.869834+00:00' AIRFLOW_CTX_TRY_NUMBER='1' AIRFLOW_CTX_DAG_RUN_ID='manual__2025-08-01T22:13:11.869834+00:00'
[2025-08-01T22:18:23.373+0000] {taskinstance.py:430} INFO - ::endgroup::
[2025-08-01T22:18:23.391+0000] {subprocess.py:63} INFO - Tmp dir root location: /tmp
[2025-08-01T22:18:23.392+0000] {subprocess.py:75} INFO - Running command: ['/usr/bin/bash', '-c', 'cd /opt/***/ml_pipeline && dvc repro train']
[2025-08-01T22:18:23.406+0000] {subprocess.py:86} INFO - Output:
[2025-08-01T22:18:24.590+0000] {subprocess.py:93} INFO - ERROR: Stage 'train' not found inside 'dvc.yaml' file
[2025-08-01T22:18:24.803+0000] {subprocess.py:97} INFO - Command exited with return code 255
[2025-08-01T22:18:24.804+0000] {taskinstance.py:441} INFO - ::group::Post task execution logs
[2025-08-01T22:18:24.818+0000] {taskinstance.py:2905} ERROR - Task failed with exception
Traceback (most recent call last):
  File "/home/airflow/.local/lib/python3.12/site-packages/airflow/models/taskinstance.py", line 465, in _execute_task
    result = _execute_callable(context=context, **execute_callable_kwargs)
             ^^^^^^^^^^^^^^^^^^^^^^^^^^^^^^^^^^^^^^^^^^^^^^^^^^^^^^^^^^^^^
  File "/home/airflow/.local/lib/python3.12/site-packages/airflow/models/taskinstance.py", line 432, in _execute_callable
    return execute_callable(context=context, **execute_callable_kwargs)
           ^^^^^^^^^^^^^^^^^^^^^^^^^^^^^^^^^^^^^^^^^^^^^^^^^^^^^^^^^^^^
  File "/home/airflow/.local/lib/python3.12/site-packages/airflow/models/baseoperator.py", line 400, in wrapper
    return func(self, *args, **kwargs)
           ^^^^^^^^^^^^^^^^^^^^^^^^^^^
  File "/home/airflow/.local/lib/python3.12/site-packages/airflow/operators/bash.py", line 243, in execute
    raise AirflowException(
airflow.exceptions.AirflowException: Bash command failed. The command returned a non-zero exit code 255.
[2025-08-01T22:18:24.824+0000] {taskinstance.py:1206} INFO - Marking task as UP_FOR_RETRY. dag_id=ml_pipeline_dvc, task_id=train_dvc, run_id=manual__2025-08-01T22:13:11.869834+00:00, execution_date=20250801T221311, start_date=20250801T221823, end_date=20250801T221824
[2025-08-01T22:18:24.843+0000] {standard_task_runner.py:110} ERROR - Failed to execute job 83 for task train_dvc (Bash command failed. The command returned a non-zero exit code 255.; 87)
[2025-08-01T22:18:24.877+0000] {local_task_job_runner.py:240} INFO - Task exited with return code 1
[2025-08-01T22:18:24.901+0000] {taskinstance.py:3498} INFO - 0 downstream tasks scheduled from follow-on schedule check
[2025-08-01T22:18:24.903+0000] {local_task_job_runner.py:222} INFO - ::endgroup::
