[2025-08-11T18:48:27.618+0000] {local_task_job_runner.py:120} INFO - ::group::Pre task execution logs
[2025-08-11T18:48:27.654+0000] {taskinstance.py:2076} INFO - Dependencies all met for dep_context=non-requeueable deps ti=<TaskInstance: etl.etl_task manual__2025-08-11T18:48:24.142806+00:00 [queued]>
[2025-08-11T18:48:27.672+0000] {taskinstance.py:2076} INFO - Dependencies all met for dep_context=requeueable deps ti=<TaskInstance: etl.etl_task manual__2025-08-11T18:48:24.142806+00:00 [queued]>
[2025-08-11T18:48:27.674+0000] {taskinstance.py:2306} INFO - Starting attempt 1 of 1
[2025-08-11T18:48:27.701+0000] {taskinstance.py:2330} INFO - Executing <Task(PythonOperator): etl_task> on 2025-08-11 18:48:24.142806+00:00
[2025-08-11T18:48:27.714+0000] {warnings.py:110} WARNING - /home/***/.local/lib/python3.12/site-packages/***/task/task_runner/standard_task_runner.py:61: DeprecationWarning: This process (pid=2502) is multi-threaded, use of fork() may lead to deadlocks in the child.
  pid = os.fork()

[2025-08-11T18:48:27.717+0000] {standard_task_runner.py:63} INFO - Started process 2504 to run task
[2025-08-11T18:48:27.717+0000] {standard_task_runner.py:90} INFO - Running: ['***', 'tasks', 'run', 'etl', 'etl_task', 'manual__2025-08-11T18:48:24.142806+00:00', '--job-id', '46', '--raw', '--subdir', 'DAGS_FOLDER/etl_pipeline.py', '--cfg-path', '/tmp/tmpmml6wzv2']
[2025-08-11T18:48:27.725+0000] {standard_task_runner.py:91} INFO - Job 46: Subtask etl_task
[2025-08-11T18:48:27.830+0000] {task_command.py:426} INFO - Running <TaskInstance: etl.etl_task manual__2025-08-11T18:48:24.142806+00:00 [running]> on host 631cb2647807
[2025-08-11T18:48:27.972+0000] {taskinstance.py:2648} INFO - Exporting env vars: AIRFLOW_CTX_DAG_OWNER='***' AIRFLOW_CTX_DAG_ID='etl' AIRFLOW_CTX_TASK_ID='etl_task' AIRFLOW_CTX_EXECUTION_DATE='2025-08-11T18:48:24.142806+00:00' AIRFLOW_CTX_TRY_NUMBER='1' AIRFLOW_CTX_DAG_RUN_ID='manual__2025-08-11T18:48:24.142806+00:00'
[2025-08-11T18:48:27.974+0000] {taskinstance.py:430} INFO - ::endgroup::
[2025-08-11T18:48:28.081+0000] {log.py:232} WARNING - {"asctime": "2025-08-11 18:48:28,009", "levelname": "INFO", "name": "model_training", "trace_id": null, "span_id": null, "message": "params.yaml created with version_tag=v20250811_184828"}
[2025-08-11T18:48:28.009+0000] {etl_task.py:85} INFO - params.yaml created with version_tag=v20250811_184828
[2025-08-11T18:48:28.101+0000] {log.py:232} WARNING - {"asctime": "2025-08-11 18:48:28,101", "levelname": "INFO", "name": "model_training", "trace_id": null, "span_id": null, "message": "Simulated data generated."}
[2025-08-11T18:48:28.101+0000] {etl_task.py:93} INFO - Simulated data generated.
[2025-08-11T18:48:28.169+0000] {log.py:232} WARNING - {"asctime": "2025-08-11 18:48:28,169", "levelname": "INFO", "name": "model_training", "trace_id": null, "span_id": null, "message": "Simulated data saved at s3://mlflow-artifacts/data/raw/fraud_data_v20250811_184828.csv."}
[2025-08-11T18:48:28.169+0000] {etl_task.py:56} INFO - Simulated data saved at s3://mlflow-artifacts/data/raw/fraud_data_v20250811_184828.csv.
[2025-08-11T18:48:28.197+0000] {log.py:232} WARNING - {"asctime": "2025-08-11 18:48:28,197", "levelname": "INFO", "name": "model_training", "trace_id": null, "span_id": null, "message": "\u2705 Uploaded version_meta.json to s3://mlflow-artifacts/metadata/version_meta.json"}
[2025-08-11T18:48:28.197+0000] {etl_task.py:66} INFO - ✅ Uploaded version_meta.json to s3://mlflow-artifacts/metadata/version_meta.json
[2025-08-11T18:48:28.220+0000] {log.py:232} WARNING - {"asctime": "2025-08-11 18:48:28,220", "levelname": "INFO", "name": "model_training", "trace_id": null, "span_id": null, "message": "Meta Version saved to: s3://mlflow-artifacts/data/raw/metadata_v20250811_184828.json"}
[2025-08-11T18:48:28.220+0000] {etl_task.py:77} INFO - Meta Version saved to: s3://mlflow-artifacts/data/raw/metadata_v20250811_184828.json
[2025-08-11T18:48:28.222+0000] {python.py:237} INFO - Done. Returned value was: None
[2025-08-11T18:48:28.224+0000] {taskinstance.py:441} INFO - ::group::Post task execution logs
[2025-08-11T18:48:28.260+0000] {taskinstance.py:1206} INFO - Marking task as SUCCESS. dag_id=etl, task_id=etl_task, run_id=manual__2025-08-11T18:48:24.142806+00:00, execution_date=20250811T184824, start_date=20250811T184827, end_date=20250811T184828
[2025-08-11T18:48:28.314+0000] {local_task_job_runner.py:240} INFO - Task exited with return code 0
[2025-08-11T18:48:28.336+0000] {taskinstance.py:3498} INFO - 0 downstream tasks scheduled from follow-on schedule check
[2025-08-11T18:48:28.338+0000] {local_task_job_runner.py:222} INFO - ::endgroup::
