[2025-08-16T03:17:42.942+0000] {local_task_job_runner.py:120} INFO - ::group::Pre task execution logs
[2025-08-16T03:17:43.100+0000] {taskinstance.py:2076} INFO - Dependencies all met for dep_context=non-requeueable deps ti=<TaskInstance: ml_pipeline_dvc.train_fraud_detector manual__2025-08-16T03:17:08.197550+00:00 [queued]>
[2025-08-16T03:17:43.155+0000] {taskinstance.py:2076} INFO - Dependencies all met for dep_context=requeueable deps ti=<TaskInstance: ml_pipeline_dvc.train_fraud_detector manual__2025-08-16T03:17:08.197550+00:00 [queued]>
[2025-08-16T03:17:43.156+0000] {taskinstance.py:2306} INFO - Starting attempt 1 of 1
[2025-08-16T03:17:43.208+0000] {taskinstance.py:2330} INFO - Executing <Task(BashOperator): train_fraud_detector> on 2025-08-16 03:17:08.197550+00:00
[2025-08-16T03:17:43.226+0000] {warnings.py:110} WARNING - /home/***/.local/lib/python3.12/site-packages/***/task/task_runner/standard_task_runner.py:61: DeprecationWarning: This process (pid=10981) is multi-threaded, use of fork() may lead to deadlocks in the child.
  pid = os.fork()

[2025-08-16T03:17:43.235+0000] {standard_task_runner.py:63} INFO - Started process 10982 to run task
[2025-08-16T03:17:43.228+0000] {standard_task_runner.py:90} INFO - Running: ['***', 'tasks', 'run', 'ml_pipeline_dvc', 'train_fraud_detector', 'manual__2025-08-16T03:17:08.197550+00:00', '--job-id', '286', '--raw', '--subdir', 'DAGS_FOLDER/train_pipeline_dag.py', '--cfg-path', '/tmp/tmpdalzmk0z']
[2025-08-16T03:17:43.242+0000] {standard_task_runner.py:91} INFO - Job 286: Subtask train_fraud_detector
[2025-08-16T03:17:43.554+0000] {task_command.py:426} INFO - Running <TaskInstance: ml_pipeline_dvc.train_fraud_detector manual__2025-08-16T03:17:08.197550+00:00 [running]> on host 952e994ef77e
[2025-08-16T03:17:44.349+0000] {taskinstance.py:2648} INFO - Exporting env vars: AIRFLOW_CTX_DAG_OWNER='yas' AIRFLOW_CTX_DAG_ID='ml_pipeline_dvc' AIRFLOW_CTX_TASK_ID='train_fraud_detector' AIRFLOW_CTX_EXECUTION_DATE='2025-08-16T03:17:08.197550+00:00' AIRFLOW_CTX_TRY_NUMBER='1' AIRFLOW_CTX_DAG_RUN_ID='manual__2025-08-16T03:17:08.197550+00:00'
[2025-08-16T03:17:44.351+0000] {taskinstance.py:430} INFO - ::endgroup::
[2025-08-16T03:17:44.488+0000] {subprocess.py:63} INFO - Tmp dir root location: /tmp
[2025-08-16T03:17:44.491+0000] {subprocess.py:75} INFO - Running command: ['/usr/bin/bash', '-c', '\n            cd /opt/***/ml_pipeline\n            dvc pull\n            dvc repro train_model\n            dvc push\n        ']
[2025-08-16T03:17:44.568+0000] {subprocess.py:86} INFO - Output:
[2025-08-16T03:17:49.212+0000] {subprocess.py:93} INFO - Everything is up to date.
[2025-08-16T03:17:52.647+0000] {subprocess.py:93} INFO - 'data/raw.dvc' didn't change, skipping
[2025-08-16T03:17:52.681+0000] {subprocess.py:93} INFO - Stage 'preprocess' didn't change, skipping
[2025-08-16T03:17:52.775+0000] {subprocess.py:93} INFO - Running stage 'train_model':
[2025-08-16T03:17:52.776+0000] {subprocess.py:93} INFO - > python train/train_fraud_detector_task.py
[2025-08-16T03:17:58.517+0000] {subprocess.py:93} INFO - 2025/08/16 03:17:58 WARNING mlflow.utils.git_utils: Failed to import Git (the Git executable is probably not on your PATH), so Git SHA is not available. Error: Failed to initialize: Bad git executable.
[2025-08-16T03:17:58.519+0000] {subprocess.py:93} INFO - The git executable must be specified in one of the following ways:
[2025-08-16T03:17:58.519+0000] {subprocess.py:93} INFO -     - be included in your $PATH
[2025-08-16T03:17:58.520+0000] {subprocess.py:93} INFO -     - be set via $GIT_PYTHON_GIT_EXECUTABLE
[2025-08-16T03:17:58.521+0000] {subprocess.py:93} INFO -     - explicitly set via git.refresh(<full-path-to-git-executable>)
[2025-08-16T03:17:58.522+0000] {subprocess.py:93} INFO - 
[2025-08-16T03:17:58.522+0000] {subprocess.py:93} INFO - All git commands will error until this is rectified.
[2025-08-16T03:17:58.523+0000] {subprocess.py:93} INFO - 
[2025-08-16T03:17:58.524+0000] {subprocess.py:93} INFO - This initial message can be silenced or aggravated in the future by setting the
[2025-08-16T03:17:58.524+0000] {subprocess.py:93} INFO - $GIT_PYTHON_REFRESH environment variable. Use one of the following values:
[2025-08-16T03:17:58.525+0000] {subprocess.py:93} INFO -     - quiet|q|silence|s|silent|none|n|0: for no message or exception
[2025-08-16T03:17:58.527+0000] {subprocess.py:93} INFO -     - warn|w|warning|log|l|1: for a warning message (logging level CRITICAL, displayed by default)
[2025-08-16T03:17:58.528+0000] {subprocess.py:93} INFO -     - error|e|exception|raise|r|2: for a raised exception
[2025-08-16T03:17:58.528+0000] {subprocess.py:93} INFO - 
[2025-08-16T03:17:58.529+0000] {subprocess.py:93} INFO - Example:
[2025-08-16T03:17:58.530+0000] {subprocess.py:93} INFO -     export GIT_PYTHON_REFRESH=quiet
[2025-08-16T03:17:58.530+0000] {subprocess.py:93} INFO - 
[2025-08-16T03:17:58.595+0000] {subprocess.py:93} INFO - {"asctime": "2025-08-16 03:17:58,545", "levelname": "INFO", "name": "model_training", "trace_id": null, "span_id": null, "message": "MLflow run id: d61bdee65ba345ff8bccc8b08c5b7e68"}
[2025-08-16T03:17:58.682+0000] {subprocess.py:93} INFO - {"asctime": "2025-08-16 03:17:58,682", "levelname": "INFO", "name": "model_training", "trace_id": null, "span_id": null, "message": "Loading preprocessor from artifacts/preprocess/fraud_pipeline_v20250815_164605.pkl to process raw data"}
[2025-08-16T03:17:58.704+0000] {subprocess.py:93} INFO - {"asctime": "2025-08-16 03:17:58,703", "levelname": "INFO", "name": "model_training", "trace_id": null, "span_id": null, "message": "Preprocessing/transform applied to raw data."}
[2025-08-16T03:17:58.778+0000] {subprocess.py:93} INFO - {"asctime": "2025-08-16 03:17:58,777", "levelname": "INFO", "name": "model_training", "trace_id": null, "span_id": null, "message": "Evaluation metrics: {'accuracy': 0.998, 'f1_score': 0.9655172413793104, 'precision': 1.0, 'recall': 0.9333333333333333, 'auc': 0.9999312714776633}"}
[2025-08-16T03:18:10.296+0000] {subprocess.py:93} INFO - {"asctime": "2025-08-16 03:18:10,295", "levelname": "INFO", "name": "model_training", "trace_id": null, "span_id": null, "message": "Model pipeline logged to MLflow (artifact_path='model')"}
[2025-08-16T03:18:10.299+0000] {subprocess.py:93} INFO - {"asctime": "2025-08-16 03:18:10,299", "levelname": "INFO", "name": "model_training", "trace_id": null, "span_id": null, "message": "Registering model from runs:/d61bdee65ba345ff8bccc8b08c5b7e68/model as registered model name 'FraudDetectionModel'"}
[2025-08-16T03:18:10.396+0000] {subprocess.py:93} INFO - Registered model 'FraudDetectionModel' already exists. Creating a new version of this model...
[2025-08-16T03:18:10.588+0000] {subprocess.py:93} INFO - 🏃 View run train_v20250815_164605 at: http://mlflow:5000/#/experiments/2/runs/d61bdee65ba345ff8bccc8b08c5b7e68
[2025-08-16T03:18:10.590+0000] {subprocess.py:93} INFO - 🧪 View experiment at: http://mlflow:5000/#/experiments/2
[2025-08-16T03:18:10.591+0000] {subprocess.py:93} INFO - Traceback (most recent call last):
[2025-08-16T03:18:10.592+0000] {subprocess.py:93} INFO -   File "/opt/***/ml_pipeline/train/train_fraud_detector_task.py", line 228, in <module>
[2025-08-16T03:18:10.594+0000] {subprocess.py:93} INFO -     main()
[2025-08-16T03:18:10.595+0000] {subprocess.py:93} INFO -   File "/opt/***/ml_pipeline/train/train_fraud_detector_task.py", line 212, in main
[2025-08-16T03:18:10.596+0000] {subprocess.py:93} INFO -     registered_model = mlflow.register_model(model_uri=model_uri, name=MODEL_NAME)
[2025-08-16T03:18:10.597+0000] {subprocess.py:93} INFO -                        ^^^^^^^^^^^^^^^^^^^^^^^^^^^^^^^^^^^^^^^^^^^^^^^^^^^^^^^^^^^
[2025-08-16T03:18:10.597+0000] {subprocess.py:93} INFO -   File "/home/***/.local/lib/python3.12/site-packages/mlflow/tracking/_model_registry/fluent.py", line 129, in register_model
[2025-08-16T03:18:10.598+0000] {subprocess.py:93} INFO -     return _register_model(
[2025-08-16T03:18:10.599+0000] {subprocess.py:93} INFO -            ^^^^^^^^^^^^^^^^
[2025-08-16T03:18:10.599+0000] {subprocess.py:93} INFO -   File "/home/***/.local/lib/python3.12/site-packages/mlflow/tracking/_model_registry/fluent.py", line 180, in _register_model
[2025-08-16T03:18:10.600+0000] {subprocess.py:93} INFO -     raise MlflowException(
[2025-08-16T03:18:10.601+0000] {subprocess.py:93} INFO - mlflow.exceptions.MlflowException: Unable to find a logged_model with artifact_path model under run d61bdee65ba345ff8bccc8b08c5b7e68
[2025-08-16T03:18:11.169+0000] {subprocess.py:93} INFO - ERROR: failed to reproduce 'train_model': failed to run: python train/train_fraud_detector_task.py, exited with 1
[2025-08-16T03:18:15.735+0000] {subprocess.py:93} INFO - Everything is up to date.
[2025-08-16T03:18:16.158+0000] {subprocess.py:97} INFO - Command exited with return code 0
[2025-08-16T03:18:16.160+0000] {taskinstance.py:441} INFO - ::group::Post task execution logs
[2025-08-16T03:18:16.195+0000] {taskinstance.py:1206} INFO - Marking task as SUCCESS. dag_id=ml_pipeline_dvc, task_id=train_fraud_detector, run_id=manual__2025-08-16T03:17:08.197550+00:00, execution_date=20250816T031708, start_date=20250816T031743, end_date=20250816T031816
[2025-08-16T03:18:16.256+0000] {local_task_job_runner.py:240} INFO - Task exited with return code 0
[2025-08-16T03:18:16.277+0000] {taskinstance.py:3498} INFO - 0 downstream tasks scheduled from follow-on schedule check
[2025-08-16T03:18:16.279+0000] {local_task_job_runner.py:222} INFO - ::endgroup::
