{"timestamp":"2025-08-24T19:18:38.116024","level":"info","event":"DAG bundles loaded: dags-folder","logger":"airflow.dag_processing.bundles.manager.DagBundlesManager"}
{"timestamp":"2025-08-24T19:18:38.118564","level":"info","event":"Filling up the DagBag from /opt/airflow/dags/ml_pipeline_dvc_dag.py","logger":"airflow.models.dagbag.DagBag"}
{"timestamp":"2025-08-24T19:18:38.238580","level":"info","event":"Tmp dir root location: /tmp","logger":"airflow.task.hooks.airflow.providers.standard.hooks.subprocess.SubprocessHook"}
{"timestamp":"2025-08-24T19:18:38.241272","level":"info","event":"Running command: ['/usr/bin/bash', '-c', '\\n            cd /opt/airflow/ml_pipeline\\n            dvc pull --force\\n            dvc repro train_outlier\\n            dvc push\\n        ']","logger":"airflow.task.hooks.airflow.providers.standard.hooks.subprocess.SubprocessHook"}
{"timestamp":"2025-08-24T19:18:38.279720","level":"info","event":"Output:","logger":"airflow.task.hooks.airflow.providers.standard.hooks.subprocess.SubprocessHook"}
{"timestamp":"2025-08-24T19:18:47.467692","level":"info","event":"Everything is up to date.","logger":"airflow.task.hooks.airflow.providers.standard.hooks.subprocess.SubprocessHook"}
{"timestamp":"2025-08-24T19:18:54.138662","level":"info","event":"Stage 'ingest' didn't change, skipping","logger":"airflow.task.hooks.airflow.providers.standard.hooks.subprocess.SubprocessHook"}
{"timestamp":"2025-08-24T19:18:54.204568","level":"info","event":"Stage 'preprocess' didn't change, skipping","logger":"airflow.task.hooks.airflow.providers.standard.hooks.subprocess.SubprocessHook"}
{"timestamp":"2025-08-24T19:18:54.345898","level":"info","event":"Running stage 'train_outlier':","logger":"airflow.task.hooks.airflow.providers.standard.hooks.subprocess.SubprocessHook"}
{"timestamp":"2025-08-24T19:18:54.346220","level":"info","event":"> python models/train_outlier_detector_task.py","logger":"airflow.task.hooks.airflow.providers.standard.hooks.subprocess.SubprocessHook"}
{"timestamp":"2025-08-24T19:19:00.625973","level":"info","event":"2025/08/24 19:19:00 INFO mlflow.tracking.fluent: Experiment with name 'OutlierDetectionModel' does not exist. Creating a new experiment.","logger":"airflow.task.hooks.airflow.providers.standard.hooks.subprocess.SubprocessHook"}
{"timestamp":"2025-08-24T19:19:01.979161","level":"info","event":"{\"asctime\": \"2025-08-24 19:19:01,978\", \"levelname\": \"INFO\", \"name\": \"model_training\", \"trace_id\": null, \"span_id\": null, \"message\": \"Anomaly threshold is set to be -0.4708441157115287 according to the model.\"}","logger":"airflow.task.hooks.airflow.providers.standard.hooks.subprocess.SubprocessHook"}
{"timestamp":"2025-08-24T19:19:02.413363","level":"info","event":"{\"asctime\": \"2025-08-24 19:19:02,412\", \"levelname\": \"INFO\", \"name\": \"model_training\", \"trace_id\": null, \"span_id\": null, \"message\": \"MLflow run id: 5f0114b6f67a41b38fe1c25c8e4352d4\"}","logger":"airflow.task.hooks.airflow.providers.standard.hooks.subprocess.SubprocessHook"}
{"timestamp":"2025-08-24T19:19:02.517232","level":"info","event":"🏃 View run train_v20250824_191804 at: http://mlflow:5000/#/experiments/1/runs/5f0114b6f67a41b38fe1c25c8e4352d4","logger":"airflow.task.hooks.airflow.providers.standard.hooks.subprocess.SubprocessHook"}
{"timestamp":"2025-08-24T19:19:02.517636","level":"info","event":"🧪 View experiment at: http://mlflow:5000/#/experiments/1","logger":"airflow.task.hooks.airflow.providers.standard.hooks.subprocess.SubprocessHook"}
{"timestamp":"2025-08-24T19:19:02.517812","level":"info","event":"Traceback (most recent call last):","logger":"airflow.task.hooks.airflow.providers.standard.hooks.subprocess.SubprocessHook"}
{"timestamp":"2025-08-24T19:19:02.518094","level":"info","event":"  File \"/opt/airflow/ml_pipeline/models/train_outlier_detector_task.py\", line 130, in <module>","logger":"airflow.task.hooks.airflow.providers.standard.hooks.subprocess.SubprocessHook"}
{"timestamp":"2025-08-24T19:19:02.518331","level":"info","event":"    train_register_outlier_detector()","logger":"airflow.task.hooks.airflow.providers.standard.hooks.subprocess.SubprocessHook"}
{"timestamp":"2025-08-24T19:19:02.518467","level":"info","event":"  File \"/opt/airflow/ml_pipeline/models/train_outlier_detector_task.py\", line 95, in train_register_outlier_detector","logger":"airflow.task.hooks.airflow.providers.standard.hooks.subprocess.SubprocessHook"}
{"timestamp":"2025-08-24T19:19:02.518667","level":"info","event":"    mlflow.log_param(params)","logger":"airflow.task.hooks.airflow.providers.standard.hooks.subprocess.SubprocessHook"}
{"timestamp":"2025-08-24T19:19:02.518769","level":"info","event":"TypeError: log_param() missing 1 required positional argument: 'value'","logger":"airflow.task.hooks.airflow.providers.standard.hooks.subprocess.SubprocessHook"}
{"timestamp":"2025-08-24T19:19:03.101291","level":"info","event":"ERROR: failed to reproduce 'train_outlier': failed to run: python models/train_outlier_detector_task.py, exited with 1","logger":"airflow.task.hooks.airflow.providers.standard.hooks.subprocess.SubprocessHook"}
{"timestamp":"2025-08-24T19:19:08.556205","level":"info","event":"Everything is up to date.","logger":"airflow.task.hooks.airflow.providers.standard.hooks.subprocess.SubprocessHook"}
{"timestamp":"2025-08-24T19:19:09.264676","level":"info","event":"Command exited with return code 0","logger":"airflow.task.hooks.airflow.providers.standard.hooks.subprocess.SubprocessHook"}
{"timestamp":"2025-08-24T19:19:09.266064","level":"info","event":"Pushing xcom","ti":"RuntimeTaskInstance(id=UUID('0198dd83-ec9f-7c31-b570-a5046384bb26'), task_id='train_outlier_detector_dvc', dag_id='ml_pipeline_dvc', run_id='manual__2025-08-24T19:17:47.239838+00:00', try_number=1, map_index=-1, hostname='164a13d1adf0', context_carrier={}, task=<Task(BashOperator): train_outlier_detector_dvc>, bundle_instance=LocalDagBundle(name=dags-folder), max_tries=0, start_date=datetime.datetime(2025, 8, 24, 19, 18, 37, 959726, tzinfo=datetime.timezone.utc), end_date=None, state=<TaskInstanceState.RUNNING: 'running'>, is_mapped=False, rendered_map_index=None, log_url='http://localhost:8080/dags/ml_pipeline_dvc/runs/manual__2025-08-24T19%3A17%3A47.239838%2B00%3A00/tasks/train_outlier_detector_dvc?try_number=1')","logger":"task"}
