[2025-08-11T02:28:26.238+0000] {local_task_job_runner.py:120} INFO - ::group::Pre task execution logs
[2025-08-11T02:28:26.412+0000] {taskinstance.py:2076} INFO - Dependencies all met for dep_context=non-requeueable deps ti=<TaskInstance: etl.etl_task manual__2025-08-11T02:28:19.214623+00:00 [queued]>
[2025-08-11T02:28:26.432+0000] {taskinstance.py:2076} INFO - Dependencies all met for dep_context=requeueable deps ti=<TaskInstance: etl.etl_task manual__2025-08-11T02:28:19.214623+00:00 [queued]>
[2025-08-11T02:28:26.433+0000] {taskinstance.py:2306} INFO - Starting attempt 1 of 1
[2025-08-11T02:28:26.471+0000] {taskinstance.py:2330} INFO - Executing <Task(PythonOperator): etl_task> on 2025-08-11 02:28:19.214623+00:00
[2025-08-11T02:28:26.491+0000] {warnings.py:110} WARNING - /home/***/.local/lib/python3.12/site-packages/***/task/task_runner/standard_task_runner.py:61: DeprecationWarning: This process (pid=146) is multi-threaded, use of fork() may lead to deadlocks in the child.
  pid = os.fork()

[2025-08-11T02:28:26.495+0000] {standard_task_runner.py:63} INFO - Started process 148 to run task
[2025-08-11T02:28:26.494+0000] {standard_task_runner.py:90} INFO - Running: ['***', 'tasks', 'run', 'etl', 'etl_task', 'manual__2025-08-11T02:28:19.214623+00:00', '--job-id', '24', '--raw', '--subdir', 'DAGS_FOLDER/etl_pipeline.py', '--cfg-path', '/tmp/tmp1k82l1u5']
[2025-08-11T02:28:26.502+0000] {standard_task_runner.py:91} INFO - Job 24: Subtask etl_task
[2025-08-11T02:28:26.583+0000] {task_command.py:426} INFO - Running <TaskInstance: etl.etl_task manual__2025-08-11T02:28:19.214623+00:00 [running]> on host 4ada121dfef0
[2025-08-11T02:28:26.717+0000] {taskinstance.py:2648} INFO - Exporting env vars: AIRFLOW_CTX_DAG_OWNER='***' AIRFLOW_CTX_DAG_ID='etl' AIRFLOW_CTX_TASK_ID='etl_task' AIRFLOW_CTX_EXECUTION_DATE='2025-08-11T02:28:19.214623+00:00' AIRFLOW_CTX_TRY_NUMBER='1' AIRFLOW_CTX_DAG_RUN_ID='manual__2025-08-11T02:28:19.214623+00:00'
[2025-08-11T02:28:26.721+0000] {taskinstance.py:430} INFO - ::endgroup::
[2025-08-11T02:28:27.098+0000] {log.py:232} WARNING - {"asctime": "2025-08-11 02:28:26,978", "levelname": "INFO", "name": "model_training", "trace_id": null, "span_id": null, "message": "Simulated data generated."}
[2025-08-11T02:28:26.978+0000] {etl_task.py:114} INFO - Simulated data generated.
[2025-08-11T02:28:27.223+0000] {taskinstance.py:441} INFO - ::group::Post task execution logs
[2025-08-11T02:28:27.225+0000] {taskinstance.py:2905} ERROR - Task failed with exception
Traceback (most recent call last):
  File "/home/airflow/.local/lib/python3.12/site-packages/airflow/models/taskinstance.py", line 465, in _execute_task
    result = _execute_callable(context=context, **execute_callable_kwargs)
             ^^^^^^^^^^^^^^^^^^^^^^^^^^^^^^^^^^^^^^^^^^^^^^^^^^^^^^^^^^^^^
  File "/home/airflow/.local/lib/python3.12/site-packages/airflow/models/taskinstance.py", line 432, in _execute_callable
    return execute_callable(context=context, **execute_callable_kwargs)
           ^^^^^^^^^^^^^^^^^^^^^^^^^^^^^^^^^^^^^^^^^^^^^^^^^^^^^^^^^^^^
  File "/home/airflow/.local/lib/python3.12/site-packages/airflow/models/baseoperator.py", line 400, in wrapper
    return func(self, *args, **kwargs)
           ^^^^^^^^^^^^^^^^^^^^^^^^^^^
  File "/home/airflow/.local/lib/python3.12/site-packages/airflow/operators/python.py", line 235, in execute
    return_value = self.execute_callable()
                   ^^^^^^^^^^^^^^^^^^^^^^^
  File "/home/airflow/.local/lib/python3.12/site-packages/airflow/operators/python.py", line 252, in execute_callable
    return self.python_callable(*self.op_args, **self.op_kwargs)
           ^^^^^^^^^^^^^^^^^^^^^^^^^^^^^^^^^^^^^^^^^^^^^^^^^^^^^
  File "/opt/airflow/ml_pipeline/preprocessing/etl_task.py", line 115, in main
    csv_path, meta_path = save_data_with_version(data, version)
                          ^^^^^^^^^^^^^^^^^^^^^^^^^^^^^^^^^^^^^
  File "/opt/airflow/ml_pipeline/preprocessing/etl_task.py", line 104, in save_data_with_version
    meta_path = Path(base_path) / f"metadata_{version_tag}.json"
                     ^^^^^^^^^
NameError: name 'base_path' is not defined
[2025-08-11T02:28:27.256+0000] {taskinstance.py:1206} INFO - Marking task as FAILED. dag_id=etl, task_id=etl_task, run_id=manual__2025-08-11T02:28:19.214623+00:00, execution_date=20250811T022819, start_date=20250811T022826, end_date=20250811T022827
[2025-08-11T02:28:27.286+0000] {standard_task_runner.py:110} ERROR - Failed to execute job 24 for task etl_task (name 'base_path' is not defined; 148)
[2025-08-11T02:28:27.306+0000] {local_task_job_runner.py:240} INFO - Task exited with return code 1
[2025-08-11T02:28:27.332+0000] {taskinstance.py:3498} INFO - 0 downstream tasks scheduled from follow-on schedule check
[2025-08-11T02:28:27.334+0000] {local_task_job_runner.py:222} INFO - ::endgroup::
