[2025-07-31T00:05:55.275+0000] {local_task_job_runner.py:120} INFO - ::group::Pre task execution logs
[2025-07-31T00:05:55.306+0000] {taskinstance.py:2076} INFO - Dependencies all met for dep_context=non-requeueable deps ti=<TaskInstance: ml_pipeline_dag.train_classification_model_task manual__2025-07-31T00:05:44.169203+00:00 [queued]>
[2025-07-31T00:05:55.322+0000] {taskinstance.py:2076} INFO - Dependencies all met for dep_context=requeueable deps ti=<TaskInstance: ml_pipeline_dag.train_classification_model_task manual__2025-07-31T00:05:44.169203+00:00 [queued]>
[2025-07-31T00:05:55.325+0000] {taskinstance.py:2306} INFO - Starting attempt 1 of 1
[2025-07-31T00:05:55.351+0000] {taskinstance.py:2330} INFO - Executing <Task(PythonOperator): train_classification_model_task> on 2025-07-31 00:05:44.169203+00:00
[2025-07-31T00:05:55.363+0000] {warnings.py:110} WARNING - /home/***/.local/lib/python3.12/site-packages/***/task/task_runner/standard_task_runner.py:61: DeprecationWarning: This process (pid=1469) is multi-threaded, use of fork() may lead to deadlocks in the child.
  pid = os.fork()

[2025-07-31T00:05:55.366+0000] {standard_task_runner.py:63} INFO - Started process 1478 to run task
[2025-07-31T00:05:55.365+0000] {standard_task_runner.py:90} INFO - Running: ['***', 'tasks', 'run', 'ml_pipeline_dag', 'train_classification_model_task', 'manual__2025-07-31T00:05:44.169203+00:00', '--job-id', '45', '--raw', '--subdir', 'DAGS_FOLDER/ml_pipeline_dag.py', '--cfg-path', '/tmp/tmp72zvodee']
[2025-07-31T00:05:55.369+0000] {standard_task_runner.py:91} INFO - Job 45: Subtask train_classification_model_task
[2025-07-31T00:05:55.435+0000] {task_command.py:426} INFO - Running <TaskInstance: ml_pipeline_dag.train_classification_model_task manual__2025-07-31T00:05:44.169203+00:00 [running]> on host edd92f9295b0
[2025-07-31T00:05:55.577+0000] {taskinstance.py:2648} INFO - Exporting env vars: AIRFLOW_CTX_DAG_OWNER='***' AIRFLOW_CTX_DAG_ID='ml_pipeline_dag' AIRFLOW_CTX_TASK_ID='train_classification_model_task' AIRFLOW_CTX_EXECUTION_DATE='2025-07-31T00:05:44.169203+00:00' AIRFLOW_CTX_TRY_NUMBER='1' AIRFLOW_CTX_DAG_RUN_ID='manual__2025-07-31T00:05:44.169203+00:00'
[2025-07-31T00:05:55.583+0000] {taskinstance.py:430} INFO - ::endgroup::
[2025-07-31T00:05:55.699+0000] {train_model.py:54} INFO - Model accuracy: 0.89
[2025-07-31T00:05:55.700+0000] {train_model.py:55} INFO - Training time: 0.10 seconds
[2025-07-31T00:05:55.701+0000] {train_model.py:56} INFO - Log loss: 0.3259
[2025-07-31T00:05:55.770+0000] {train_model.py:70} INFO - Metrics successfully sent to metrics server.
[2025-07-31T00:05:55.771+0000] {train_model.py:74} INFO - Metrics for model LogisticRegression_v1 successfully posted.
[2025-07-31T00:05:55.771+0000] {python.py:237} INFO - Done. Returned value was: None
[2025-07-31T00:05:55.772+0000] {taskinstance.py:441} INFO - ::group::Post task execution logs
[2025-07-31T00:05:55.785+0000] {taskinstance.py:1206} INFO - Marking task as SUCCESS. dag_id=ml_pipeline_dag, task_id=train_classification_model_task, run_id=manual__2025-07-31T00:05:44.169203+00:00, execution_date=20250731T000544, start_date=20250731T000555, end_date=20250731T000555
[2025-07-31T00:05:55.837+0000] {local_task_job_runner.py:240} INFO - Task exited with return code 0
[2025-07-31T00:05:55.861+0000] {taskinstance.py:3498} INFO - 0 downstream tasks scheduled from follow-on schedule check
[2025-07-31T00:05:55.864+0000] {local_task_job_runner.py:222} INFO - ::endgroup::
