[2025-08-05T20:09:53.790+0000] {local_task_job_runner.py:120} INFO - ::group::Pre task execution logs
[2025-08-05T20:09:53.833+0000] {taskinstance.py:2076} INFO - Dependencies all met for dep_context=non-requeueable deps ti=<TaskInstance: ml_pipeline_dvc.train_dvc manual__2025-08-05T20:04:26.379443+00:00 [queued]>
[2025-08-05T20:09:53.847+0000] {taskinstance.py:2076} INFO - Dependencies all met for dep_context=requeueable deps ti=<TaskInstance: ml_pipeline_dvc.train_dvc manual__2025-08-05T20:04:26.379443+00:00 [queued]>
[2025-08-05T20:09:53.849+0000] {taskinstance.py:2306} INFO - Starting attempt 2 of 2
[2025-08-05T20:09:53.876+0000] {taskinstance.py:2330} INFO - Executing <Task(BashOperator): train_dvc> on 2025-08-05 20:04:26.379443+00:00
[2025-08-05T20:09:53.884+0000] {warnings.py:110} WARNING - /home/***/.local/lib/python3.12/site-packages/***/task/task_runner/standard_task_runner.py:61: DeprecationWarning: This process (pid=2342) is multi-threaded, use of fork() may lead to deadlocks in the child.
  pid = os.fork()

[2025-08-05T20:09:53.887+0000] {standard_task_runner.py:63} INFO - Started process 2343 to run task
[2025-08-05T20:09:53.886+0000] {standard_task_runner.py:90} INFO - Running: ['***', 'tasks', 'run', 'ml_pipeline_dvc', 'train_dvc', 'manual__2025-08-05T20:04:26.379443+00:00', '--job-id', '35', '--raw', '--subdir', 'DAGS_FOLDER/ml_pipeline_dag_2.py', '--cfg-path', '/tmp/tmpcn6b1pgp']
[2025-08-05T20:09:53.888+0000] {standard_task_runner.py:91} INFO - Job 35: Subtask train_dvc
[2025-08-05T20:09:53.970+0000] {task_command.py:426} INFO - Running <TaskInstance: ml_pipeline_dvc.train_dvc manual__2025-08-05T20:04:26.379443+00:00 [running]> on host cb274dbeb17b
[2025-08-05T20:09:54.115+0000] {taskinstance.py:2648} INFO - Exporting env vars: AIRFLOW_CTX_DAG_OWNER='yas' AIRFLOW_CTX_DAG_ID='ml_pipeline_dvc' AIRFLOW_CTX_TASK_ID='train_dvc' AIRFLOW_CTX_EXECUTION_DATE='2025-08-05T20:04:26.379443+00:00' AIRFLOW_CTX_TRY_NUMBER='2' AIRFLOW_CTX_DAG_RUN_ID='manual__2025-08-05T20:04:26.379443+00:00'
[2025-08-05T20:09:54.116+0000] {taskinstance.py:430} INFO - ::endgroup::
[2025-08-05T20:09:54.142+0000] {subprocess.py:63} INFO - Tmp dir root location: /tmp
[2025-08-05T20:09:54.144+0000] {subprocess.py:75} INFO - Running command: ['/usr/bin/bash', '-c', 'cd /opt/***/ml_pipeline && dvc repro train']
[2025-08-05T20:09:54.158+0000] {subprocess.py:86} INFO - Output:
[2025-08-05T20:09:57.066+0000] {subprocess.py:93} INFO - Running stage 'preprocess':
[2025-08-05T20:09:57.067+0000] {subprocess.py:93} INFO - > python preprocessing/preprocess_task.py
[2025-08-05T20:10:01.572+0000] {subprocess.py:93} INFO - {"asctime": "2025-08-05 20:10:01,572", "levelname": "INFO", "message": "\u2705 Saved pipeline: artifacts/preprocess/pipeline_v20250801_144307.pkl"}
[2025-08-05T20:10:01.574+0000] {subprocess.py:93} INFO - {"asctime": "2025-08-05 20:10:01,572", "levelname": "INFO", "message": "\ud83d\udcc4 Saved metadata: artifacts/preprocess/preprocess_metadata_v20250801_144307.json"}
[2025-08-05T20:10:01.575+0000] {subprocess.py:93} INFO - {"asctime": "2025-08-05 20:10:01,572", "levelname": "INFO", "message": "\ud83d\udce6 Updated version_meta.json"}
[2025-08-05T20:10:02.144+0000] {subprocess.py:93} INFO - Updating lock file 'dvc.lock'
[2025-08-05T20:10:02.189+0000] {subprocess.py:93} INFO - 
[2025-08-05T20:10:02.401+0000] {subprocess.py:93} INFO - Running stage 'train':
[2025-08-05T20:10:02.403+0000] {subprocess.py:93} INFO - > python train/train_task.py
[2025-08-05T20:10:08.973+0000] {subprocess.py:93} INFO - INFO:__main__:Outlier detector saved to artifacts/models/outlier_detector_v20250801_144307.pkl
[2025-08-05T20:10:09.050+0000] {subprocess.py:93} INFO - /home/***/.local/lib/python3.12/site-packages/sklearn/metrics/_ranking.py:1201: UndefinedMetricWarning: No positive samples in y_true, true positive value should be meaningless
[2025-08-05T20:10:09.051+0000] {subprocess.py:93} INFO -   warnings.warn(
[2025-08-05T20:10:09.107+0000] {subprocess.py:93} INFO - INFO:__main__:📄 Training metadata saved to artifacts/train/train_metadata_v20250801_144307.json
[2025-08-05T20:10:09.109+0000] {subprocess.py:93} INFO - INFO:__main__:📦 Updated version_meta.json
[2025-08-05T20:10:09.468+0000] {subprocess.py:93} INFO - INFO:__main__:📄 Registering the model FraudDetectionModel
[2025-08-05T20:10:09.577+0000] {subprocess.py:93} INFO - 2025/08/05 20:10:09 WARNING mlflow.utils.git_utils: Failed to import Git (the Git executable is probably not on your PATH), so Git SHA is not available. Error: Failed to initialize: Bad git executable.
[2025-08-05T20:10:09.578+0000] {subprocess.py:93} INFO - The git executable must be specified in one of the following ways:
[2025-08-05T20:10:09.580+0000] {subprocess.py:93} INFO -     - be included in your $PATH
[2025-08-05T20:10:09.581+0000] {subprocess.py:93} INFO -     - be set via $GIT_PYTHON_GIT_EXECUTABLE
[2025-08-05T20:10:09.584+0000] {subprocess.py:93} INFO -     - explicitly set via git.refresh(<full-path-to-git-executable>)
[2025-08-05T20:10:09.586+0000] {subprocess.py:93} INFO - 
[2025-08-05T20:10:09.587+0000] {subprocess.py:93} INFO - All git commands will error until this is rectified.
[2025-08-05T20:10:09.588+0000] {subprocess.py:93} INFO - 
[2025-08-05T20:10:09.590+0000] {subprocess.py:93} INFO - This initial message can be silenced or aggravated in the future by setting the
[2025-08-05T20:10:09.592+0000] {subprocess.py:93} INFO - $GIT_PYTHON_REFRESH environment variable. Use one of the following values:
[2025-08-05T20:10:09.593+0000] {subprocess.py:93} INFO -     - quiet|q|silence|s|silent|none|n|0: for no message or exception
[2025-08-05T20:10:09.595+0000] {subprocess.py:93} INFO -     - warn|w|warning|log|l|1: for a warning message (logging level CRITICAL, displayed by default)
[2025-08-05T20:10:09.596+0000] {subprocess.py:93} INFO -     - error|e|exception|raise|r|2: for a raised exception
[2025-08-05T20:10:09.598+0000] {subprocess.py:93} INFO - 
[2025-08-05T20:10:09.599+0000] {subprocess.py:93} INFO - Example:
[2025-08-05T20:10:09.599+0000] {subprocess.py:93} INFO -     export GIT_PYTHON_REFRESH=quiet
[2025-08-05T20:10:09.600+0000] {subprocess.py:93} INFO - 
[2025-08-05T20:10:09.615+0000] {subprocess.py:93} INFO - 2025/08/05 20:10:09 WARNING mlflow.models.model: `artifact_path` is deprecated. Please use `name` instead.
[2025-08-05T20:10:09.735+0000] {subprocess.py:93} INFO - INFO:__main__:✅ Model registry failed
[2025-08-05T20:10:09.736+0000] {subprocess.py:93} INFO - INFO:__main__:✅ Model logged to MLflow
[2025-08-05T20:10:09.737+0000] {subprocess.py:93} INFO - INFO:__main__:✅ Model trained and saved to artifacts/models/model_v20250801_144307.pkl
[2025-08-05T20:10:09.738+0000] {subprocess.py:93} INFO - 🏃 View run awesome-flea-501 at: http://mlflow:5000/#/experiments/1/runs/ce267f5055fe459aad7c22a1cc9fc6c8
[2025-08-05T20:10:09.739+0000] {subprocess.py:93} INFO - 🧪 View experiment at: http://mlflow:5000/#/experiments/1
[2025-08-05T20:10:10.666+0000] {subprocess.py:93} INFO - Updating lock file 'dvc.lock'
[2025-08-05T20:10:10.700+0000] {subprocess.py:93} INFO - 
[2025-08-05T20:10:10.702+0000] {subprocess.py:93} INFO - To track the changes with git, run:
[2025-08-05T20:10:10.703+0000] {subprocess.py:93} INFO - 
[2025-08-05T20:10:10.706+0000] {subprocess.py:93} INFO - 	git add dvc.lock
[2025-08-05T20:10:10.707+0000] {subprocess.py:93} INFO - 
[2025-08-05T20:10:10.708+0000] {subprocess.py:93} INFO - To enable auto staging, run:
[2025-08-05T20:10:10.708+0000] {subprocess.py:93} INFO - 
[2025-08-05T20:10:10.709+0000] {subprocess.py:93} INFO - 	dvc config core.autostage true
[2025-08-05T20:10:10.710+0000] {subprocess.py:93} INFO - Use `dvc push` to send your updates to remote storage.
[2025-08-05T20:10:11.346+0000] {subprocess.py:97} INFO - Command exited with return code 0
[2025-08-05T20:10:11.349+0000] {taskinstance.py:441} INFO - ::group::Post task execution logs
[2025-08-05T20:10:11.435+0000] {taskinstance.py:1206} INFO - Marking task as SUCCESS. dag_id=ml_pipeline_dvc, task_id=train_dvc, run_id=manual__2025-08-05T20:04:26.379443+00:00, execution_date=20250805T200426, start_date=20250805T200953, end_date=20250805T201011
[2025-08-05T20:10:11.515+0000] {local_task_job_runner.py:240} INFO - Task exited with return code 0
[2025-08-05T20:10:11.554+0000] {taskinstance.py:3498} INFO - 0 downstream tasks scheduled from follow-on schedule check
[2025-08-05T20:10:11.557+0000] {local_task_job_runner.py:222} INFO - ::endgroup::
