[2025-08-05T20:04:40.926+0000] {local_task_job_runner.py:120} INFO - ::group::Pre task execution logs
[2025-08-05T20:04:41.005+0000] {taskinstance.py:2076} INFO - Dependencies all met for dep_context=non-requeueable deps ti=<TaskInstance: ml_pipeline_dvc.train_dvc manual__2025-08-05T20:04:26.379443+00:00 [queued]>
[2025-08-05T20:04:41.031+0000] {taskinstance.py:2076} INFO - Dependencies all met for dep_context=requeueable deps ti=<TaskInstance: ml_pipeline_dvc.train_dvc manual__2025-08-05T20:04:26.379443+00:00 [queued]>
[2025-08-05T20:04:41.033+0000] {taskinstance.py:2306} INFO - Starting attempt 1 of 2
[2025-08-05T20:04:41.072+0000] {taskinstance.py:2330} INFO - Executing <Task(BashOperator): train_dvc> on 2025-08-05 20:04:26.379443+00:00
[2025-08-05T20:04:41.089+0000] {warnings.py:110} WARNING - /home/***/.local/lib/python3.12/site-packages/***/task/task_runner/standard_task_runner.py:61: DeprecationWarning: This process (pid=2220) is multi-threaded, use of fork() may lead to deadlocks in the child.
  pid = os.fork()

[2025-08-05T20:04:41.094+0000] {standard_task_runner.py:63} INFO - Started process 2228 to run task
[2025-08-05T20:04:41.093+0000] {standard_task_runner.py:90} INFO - Running: ['***', 'tasks', 'run', 'ml_pipeline_dvc', 'train_dvc', 'manual__2025-08-05T20:04:26.379443+00:00', '--job-id', '34', '--raw', '--subdir', 'DAGS_FOLDER/ml_pipeline_dag_2.py', '--cfg-path', '/tmp/tmpk0e2ejge']
[2025-08-05T20:04:41.099+0000] {standard_task_runner.py:91} INFO - Job 34: Subtask train_dvc
[2025-08-05T20:04:41.280+0000] {task_command.py:426} INFO - Running <TaskInstance: ml_pipeline_dvc.train_dvc manual__2025-08-05T20:04:26.379443+00:00 [running]> on host cb274dbeb17b
[2025-08-05T20:04:41.548+0000] {taskinstance.py:2648} INFO - Exporting env vars: AIRFLOW_CTX_DAG_OWNER='yas' AIRFLOW_CTX_DAG_ID='ml_pipeline_dvc' AIRFLOW_CTX_TASK_ID='train_dvc' AIRFLOW_CTX_EXECUTION_DATE='2025-08-05T20:04:26.379443+00:00' AIRFLOW_CTX_TRY_NUMBER='1' AIRFLOW_CTX_DAG_RUN_ID='manual__2025-08-05T20:04:26.379443+00:00'
[2025-08-05T20:04:41.551+0000] {taskinstance.py:430} INFO - ::endgroup::
[2025-08-05T20:04:41.629+0000] {subprocess.py:63} INFO - Tmp dir root location: /tmp
[2025-08-05T20:04:41.631+0000] {subprocess.py:75} INFO - Running command: ['/usr/bin/bash', '-c', 'cd /opt/***/ml_pipeline && dvc repro train']
[2025-08-05T20:04:41.654+0000] {subprocess.py:86} INFO - Output:
[2025-08-05T20:04:45.460+0000] {subprocess.py:93} INFO - Stage 'preprocess' didn't change, skipping
[2025-08-05T20:04:45.644+0000] {subprocess.py:93} INFO - Running stage 'train':
[2025-08-05T20:04:45.645+0000] {subprocess.py:93} INFO - > python train/train_task.py
[2025-08-05T20:04:50.849+0000] {subprocess.py:93} INFO - INFO:__main__:Outlier detector saved to artifacts/models/outlier_detector_v20250801_144307.pkl
[2025-08-05T20:04:50.878+0000] {subprocess.py:93} INFO - /home/***/.local/lib/python3.12/site-packages/sklearn/metrics/_ranking.py:1201: UndefinedMetricWarning: No positive samples in y_true, true positive value should be meaningless
[2025-08-05T20:04:50.879+0000] {subprocess.py:93} INFO -   warnings.warn(
[2025-08-05T20:04:50.910+0000] {subprocess.py:93} INFO - INFO:__main__:📄 Training metadata saved to artifacts/train/train_metadata_v20250801_144307.json
[2025-08-05T20:04:50.912+0000] {subprocess.py:93} INFO - INFO:__main__:📦 Updated version_meta.json
[2025-08-05T20:04:51.261+0000] {subprocess.py:93} INFO - 2025/08/05 20:04:51 INFO mlflow.tracking.fluent: Experiment with name 'FraudDetectionDetection' does not exist. Creating a new experiment.
[2025-08-05T20:04:51.410+0000] {subprocess.py:93} INFO - 2025/08/05 20:04:51 WARNING mlflow.utils.git_utils: Failed to import Git (the Git executable is probably not on your PATH), so Git SHA is not available. Error: Failed to initialize: Bad git executable.
[2025-08-05T20:04:51.411+0000] {subprocess.py:93} INFO - The git executable must be specified in one of the following ways:
[2025-08-05T20:04:51.412+0000] {subprocess.py:93} INFO -     - be included in your $PATH
[2025-08-05T20:04:51.413+0000] {subprocess.py:93} INFO -     - be set via $GIT_PYTHON_GIT_EXECUTABLE
[2025-08-05T20:04:51.415+0000] {subprocess.py:93} INFO -     - explicitly set via git.refresh(<full-path-to-git-executable>)
[2025-08-05T20:04:51.416+0000] {subprocess.py:93} INFO - 
[2025-08-05T20:04:51.418+0000] {subprocess.py:93} INFO - All git commands will error until this is rectified.
[2025-08-05T20:04:51.419+0000] {subprocess.py:93} INFO - 
[2025-08-05T20:04:51.420+0000] {subprocess.py:93} INFO - This initial message can be silenced or aggravated in the future by setting the
[2025-08-05T20:04:51.422+0000] {subprocess.py:93} INFO - $GIT_PYTHON_REFRESH environment variable. Use one of the following values:
[2025-08-05T20:04:51.423+0000] {subprocess.py:93} INFO -     - quiet|q|silence|s|silent|none|n|0: for no message or exception
[2025-08-05T20:04:51.424+0000] {subprocess.py:93} INFO -     - warn|w|warning|log|l|1: for a warning message (logging level CRITICAL, displayed by default)
[2025-08-05T20:04:51.426+0000] {subprocess.py:93} INFO -     - error|e|exception|raise|r|2: for a raised exception
[2025-08-05T20:04:51.427+0000] {subprocess.py:93} INFO - 
[2025-08-05T20:04:51.428+0000] {subprocess.py:93} INFO - Example:
[2025-08-05T20:04:51.430+0000] {subprocess.py:93} INFO -     export GIT_PYTHON_REFRESH=quiet
[2025-08-05T20:04:51.431+0000] {subprocess.py:93} INFO - 
[2025-08-05T20:04:51.444+0000] {subprocess.py:93} INFO - 2025/08/05 20:04:51 WARNING mlflow.models.model: `artifact_path` is deprecated. Please use `name` instead.
[2025-08-05T20:04:51.512+0000] {subprocess.py:93} INFO - 🏃 View run selective-snake-608 at: http://mlflow:5000/#/experiments/1/runs/6a11b5b9fd4143a7844d749e8802e048
[2025-08-05T20:04:51.513+0000] {subprocess.py:93} INFO - 🧪 View experiment at: http://mlflow:5000/#/experiments/1
[2025-08-05T20:04:51.515+0000] {subprocess.py:93} INFO - Traceback (most recent call last):
[2025-08-05T20:04:51.516+0000] {subprocess.py:93} INFO -   File "/opt/***/ml_pipeline/train/train_task.py", line 158, in <module>
[2025-08-05T20:04:51.517+0000] {subprocess.py:93} INFO -     main()
[2025-08-05T20:04:51.519+0000] {subprocess.py:93} INFO -   File "/opt/***/ml_pipeline/train/train_task.py", line 152, in main
[2025-08-05T20:04:51.520+0000] {subprocess.py:93} INFO -     register_model_with_mlflow(model, metrics)
[2025-08-05T20:04:51.521+0000] {subprocess.py:93} INFO -   File "/opt/***/ml_pipeline/train/train_task.py", line 125, in register_model_with_mlflow
[2025-08-05T20:04:51.523+0000] {subprocess.py:93} INFO -     mlflow.sklearn.log_model(model, "model", registered_model_name=MODEL_NAME)
[2025-08-05T20:04:51.524+0000] {subprocess.py:93} INFO -   File "/home/***/.local/lib/python3.12/site-packages/mlflow/sklearn/__init__.py", line 426, in log_model
[2025-08-05T20:04:51.526+0000] {subprocess.py:93} INFO -     return Model.log(
[2025-08-05T20:04:51.527+0000] {subprocess.py:93} INFO -            ^^^^^^^^^^
[2025-08-05T20:04:51.528+0000] {subprocess.py:93} INFO -   File "/home/***/.local/lib/python3.12/site-packages/mlflow/models/model.py", line 1166, in log
[2025-08-05T20:04:51.530+0000] {subprocess.py:93} INFO -     model = _create_logged_model(
[2025-08-05T20:04:51.531+0000] {subprocess.py:93} INFO -             ^^^^^^^^^^^^^^^^^^^^^
[2025-08-05T20:04:51.533+0000] {subprocess.py:93} INFO -   File "/home/***/.local/lib/python3.12/site-packages/mlflow/tracking/fluent.py", line 2282, in _create_logged_model
[2025-08-05T20:04:51.534+0000] {subprocess.py:93} INFO -     return MlflowClient()._create_logged_model(
[2025-08-05T20:04:51.535+0000] {subprocess.py:93} INFO -            ^^^^^^^^^^^^^^^^^^^^^^^^^^^^^^^^^^^^
[2025-08-05T20:04:51.537+0000] {subprocess.py:93} INFO -   File "/home/***/.local/lib/python3.12/site-packages/mlflow/tracking/client.py", line 5379, in _create_logged_model
[2025-08-05T20:04:51.538+0000] {subprocess.py:93} INFO -     return self._tracking_client.create_logged_model(
[2025-08-05T20:04:51.539+0000] {subprocess.py:93} INFO -            ^^^^^^^^^^^^^^^^^^^^^^^^^^^^^^^^^^^^^^^^^^
[2025-08-05T20:04:51.541+0000] {subprocess.py:93} INFO -   File "/home/***/.local/lib/python3.12/site-packages/mlflow/telemetry/track.py", line 22, in wrapper
[2025-08-05T20:04:51.543+0000] {subprocess.py:93} INFO -     return func(*args, **kwargs)
[2025-08-05T20:04:51.544+0000] {subprocess.py:93} INFO -            ^^^^^^^^^^^^^^^^^^^^^
[2025-08-05T20:04:51.545+0000] {subprocess.py:93} INFO -   File "/home/***/.local/lib/python3.12/site-packages/mlflow/tracking/_tracking_service/client.py", line 841, in create_logged_model
[2025-08-05T20:04:51.547+0000] {subprocess.py:93} INFO -     return self.store.create_logged_model(
[2025-08-05T20:04:51.548+0000] {subprocess.py:93} INFO -            ^^^^^^^^^^^^^^^^^^^^^^^^^^^^^^^
[2025-08-05T20:04:51.549+0000] {subprocess.py:93} INFO -   File "/home/***/.local/lib/python3.12/site-packages/mlflow/store/tracking/rest_store.py", line 823, in create_logged_model
[2025-08-05T20:04:51.551+0000] {subprocess.py:93} INFO -     response_proto = self._call_endpoint(CreateLoggedModel, req_body)
[2025-08-05T20:04:51.552+0000] {subprocess.py:93} INFO -                      ^^^^^^^^^^^^^^^^^^^^^^^^^^^^^^^^^^^^^^^^^^^^^^^^
[2025-08-05T20:04:51.553+0000] {subprocess.py:93} INFO -   File "/home/***/.local/lib/python3.12/site-packages/mlflow/store/tracking/rest_store.py", line 133, in _call_endpoint
[2025-08-05T20:04:51.553+0000] {subprocess.py:93} INFO -     return call_endpoint(
[2025-08-05T20:04:51.554+0000] {subprocess.py:93} INFO -            ^^^^^^^^^^^^^^
[2025-08-05T20:04:51.555+0000] {subprocess.py:93} INFO -   File "/home/***/.local/lib/python3.12/site-packages/mlflow/utils/rest_utils.py", line 553, in call_endpoint
[2025-08-05T20:04:51.556+0000] {subprocess.py:93} INFO -     response = verify_rest_response(response, endpoint)
[2025-08-05T20:04:51.556+0000] {subprocess.py:93} INFO -                ^^^^^^^^^^^^^^^^^^^^^^^^^^^^^^^^^^^^^^^^
[2025-08-05T20:04:51.557+0000] {subprocess.py:93} INFO -   File "/home/***/.local/lib/python3.12/site-packages/mlflow/utils/rest_utils.py", line 314, in verify_rest_response
[2025-08-05T20:04:51.558+0000] {subprocess.py:93} INFO -     raise MlflowException(
[2025-08-05T20:04:51.558+0000] {subprocess.py:93} INFO - mlflow.exceptions.MlflowException: API request to endpoint /api/2.0/mlflow/logged-models failed with error code 404 != 200. Response body: '<!doctype html>
[2025-08-05T20:04:51.559+0000] {subprocess.py:93} INFO - <html lang=en>
[2025-08-05T20:04:51.560+0000] {subprocess.py:93} INFO - <title>404 Not Found</title>
[2025-08-05T20:04:51.561+0000] {subprocess.py:93} INFO - <h1>Not Found</h1>
[2025-08-05T20:04:51.561+0000] {subprocess.py:93} INFO - <p>The requested URL was not found on the server. If you entered the URL manually please check your spelling and try again.</p>
[2025-08-05T20:04:51.562+0000] {subprocess.py:93} INFO - '
[2025-08-05T20:04:51.962+0000] {subprocess.py:93} INFO - ERROR: failed to reproduce 'train': failed to run: python train/train_task.py, exited with 1
[2025-08-05T20:04:52.354+0000] {subprocess.py:97} INFO - Command exited with return code 255
[2025-08-05T20:04:52.360+0000] {taskinstance.py:441} INFO - ::group::Post task execution logs
[2025-08-05T20:04:52.384+0000] {taskinstance.py:2905} ERROR - Task failed with exception
Traceback (most recent call last):
  File "/home/airflow/.local/lib/python3.12/site-packages/airflow/models/taskinstance.py", line 465, in _execute_task
    result = _execute_callable(context=context, **execute_callable_kwargs)
             ^^^^^^^^^^^^^^^^^^^^^^^^^^^^^^^^^^^^^^^^^^^^^^^^^^^^^^^^^^^^^
  File "/home/airflow/.local/lib/python3.12/site-packages/airflow/models/taskinstance.py", line 432, in _execute_callable
    return execute_callable(context=context, **execute_callable_kwargs)
           ^^^^^^^^^^^^^^^^^^^^^^^^^^^^^^^^^^^^^^^^^^^^^^^^^^^^^^^^^^^^
  File "/home/airflow/.local/lib/python3.12/site-packages/airflow/models/baseoperator.py", line 400, in wrapper
    return func(self, *args, **kwargs)
           ^^^^^^^^^^^^^^^^^^^^^^^^^^^
  File "/home/airflow/.local/lib/python3.12/site-packages/airflow/operators/bash.py", line 243, in execute
    raise AirflowException(
airflow.exceptions.AirflowException: Bash command failed. The command returned a non-zero exit code 255.
[2025-08-05T20:04:52.395+0000] {taskinstance.py:1206} INFO - Marking task as UP_FOR_RETRY. dag_id=ml_pipeline_dvc, task_id=train_dvc, run_id=manual__2025-08-05T20:04:26.379443+00:00, execution_date=20250805T200426, start_date=20250805T200441, end_date=20250805T200452
[2025-08-05T20:04:52.423+0000] {standard_task_runner.py:110} ERROR - Failed to execute job 34 for task train_dvc (Bash command failed. The command returned a non-zero exit code 255.; 2228)
[2025-08-05T20:04:52.441+0000] {local_task_job_runner.py:240} INFO - Task exited with return code 1
[2025-08-05T20:04:52.472+0000] {taskinstance.py:3498} INFO - 0 downstream tasks scheduled from follow-on schedule check
[2025-08-05T20:04:52.475+0000] {local_task_job_runner.py:222} INFO - ::endgroup::
