[2025-08-17T18:30:32.418+0000] {local_task_job_runner.py:120} INFO - ::group::Pre task execution logs
[2025-08-17T18:30:32.545+0000] {taskinstance.py:2076} INFO - Dependencies all met for dep_context=non-requeueable deps ti=<TaskInstance: ml_pipeline_dvc.train_fraud_detector_dvc manual__2025-08-17T18:27:56.120419+00:00 [queued]>
[2025-08-17T18:30:32.619+0000] {taskinstance.py:2076} INFO - Dependencies all met for dep_context=requeueable deps ti=<TaskInstance: ml_pipeline_dvc.train_fraud_detector_dvc manual__2025-08-17T18:27:56.120419+00:00 [queued]>
[2025-08-17T18:30:32.622+0000] {taskinstance.py:2306} INFO - Starting attempt 1 of 1
[2025-08-17T18:30:32.709+0000] {taskinstance.py:2330} INFO - Executing <Task(BashOperator): train_fraud_detector_dvc> on 2025-08-17 18:27:56.120419+00:00
[2025-08-17T18:30:32.732+0000] {warnings.py:110} WARNING - /home/***/.local/lib/python3.12/site-packages/***/task/task_runner/standard_task_runner.py:61: DeprecationWarning: This process (pid=1865) is multi-threaded, use of fork() may lead to deadlocks in the child.
  pid = os.fork()

[2025-08-17T18:30:32.740+0000] {standard_task_runner.py:63} INFO - Started process 1866 to run task
[2025-08-17T18:30:32.738+0000] {standard_task_runner.py:90} INFO - Running: ['***', 'tasks', 'run', 'ml_pipeline_dvc', 'train_fraud_detector_dvc', 'manual__2025-08-17T18:27:56.120419+00:00', '--job-id', '307', '--raw', '--subdir', 'DAGS_FOLDER/train_pipeline_dag.py', '--cfg-path', '/tmp/tmpn1nsozka']
[2025-08-17T18:30:32.747+0000] {standard_task_runner.py:91} INFO - Job 307: Subtask train_fraud_detector_dvc
[2025-08-17T18:30:32.992+0000] {task_command.py:426} INFO - Running <TaskInstance: ml_pipeline_dvc.train_fraud_detector_dvc manual__2025-08-17T18:27:56.120419+00:00 [running]> on host bea494a05fb4
[2025-08-17T18:30:33.533+0000] {taskinstance.py:2648} INFO - Exporting env vars: AIRFLOW_CTX_DAG_OWNER='yas' AIRFLOW_CTX_DAG_ID='ml_pipeline_dvc' AIRFLOW_CTX_TASK_ID='train_fraud_detector_dvc' AIRFLOW_CTX_EXECUTION_DATE='2025-08-17T18:27:56.120419+00:00' AIRFLOW_CTX_TRY_NUMBER='1' AIRFLOW_CTX_DAG_RUN_ID='manual__2025-08-17T18:27:56.120419+00:00'
[2025-08-17T18:30:33.540+0000] {taskinstance.py:430} INFO - ::endgroup::
[2025-08-17T18:30:33.609+0000] {subprocess.py:63} INFO - Tmp dir root location: /tmp
[2025-08-17T18:30:33.613+0000] {subprocess.py:75} INFO - Running command: ['/usr/bin/bash', '-c', '\n            cd /opt/***/ml_pipeline\n            dvc pull\n            dvc repro train_model\n            dvc push\n        ']
[2025-08-17T18:30:33.656+0000] {subprocess.py:86} INFO - Output:
[2025-08-17T18:30:43.893+0000] {subprocess.py:93} INFO - ERROR: failed to pull data from the cloud - Can't remove the following unsaved files without confirmation. Use `--force` to force.
[2025-08-17T18:30:43.895+0000] {subprocess.py:93} INFO - /opt/***/ml_pipeline/artifacts/models/fraud/metadata_model_v20250817_175136.json
[2025-08-17T18:30:49.604+0000] {subprocess.py:93} INFO - Stage 'ingest' didn't change, skipping
[2025-08-17T18:30:49.660+0000] {subprocess.py:93} INFO - Stage 'preprocess' didn't change, skipping
[2025-08-17T18:30:49.747+0000] {subprocess.py:93} INFO - Running stage 'train_model':
[2025-08-17T18:30:49.748+0000] {subprocess.py:93} INFO - > python models/train_fraud_detector_task.py
[2025-08-17T18:30:55.427+0000] {subprocess.py:93} INFO - {"asctime": "2025-08-17 18:30:55,352", "levelname": "INFO", "name": "model_training", "trace_id": null, "span_id": null, "message": "MLflow run id: 35e6f3c5bb324449a166103cfc943cd7"}
[2025-08-17T18:30:55.563+0000] {subprocess.py:93} INFO - {"asctime": "2025-08-17 18:30:55,563", "levelname": "INFO", "name": "model_training", "trace_id": null, "span_id": null, "message": "Loading preprocessor from artifacts/preprocess/fraud_pipeline_v20250817_175136.pkl to process raw data"}
[2025-08-17T18:30:55.604+0000] {subprocess.py:93} INFO - {"asctime": "2025-08-17 18:30:55,604", "levelname": "INFO", "name": "model_training", "trace_id": null, "span_id": null, "message": "Preprocessing/transform applied to raw data."}
[2025-08-17T18:30:55.703+0000] {subprocess.py:93} INFO - {"asctime": "2025-08-17 18:30:55,702", "levelname": "INFO", "name": "model_training", "trace_id": null, "span_id": null, "message": "Evaluation metrics: {'accuracy': 0.998, 'f1_score': 0.9655172413793104, 'precision': 1.0, 'recall': 0.9333333333333333, 'auc': 0.9999312714776633}"}
[2025-08-17T18:31:13.106+0000] {subprocess.py:93} INFO - {"asctime": "2025-08-17 18:31:13,106", "levelname": "INFO", "name": "model_training", "trace_id": null, "span_id": null, "message": "Model pipeline logged to MLflow (artifact_path='model')"}
[2025-08-17T18:31:13.167+0000] {subprocess.py:93} INFO - 🏃 View run train_v20250817_175136 at: http://mlflow:5000/#/experiments/2/runs/35e6f3c5bb324449a166103cfc943cd7
[2025-08-17T18:31:13.169+0000] {subprocess.py:93} INFO - 🧪 View experiment at: http://mlflow:5000/#/experiments/2
[2025-08-17T18:31:13.171+0000] {subprocess.py:93} INFO - Traceback (most recent call last):
[2025-08-17T18:31:13.172+0000] {subprocess.py:93} INFO -   File "/opt/***/ml_pipeline/models/train_fraud_detector_task.py", line 226, in <module>
[2025-08-17T18:31:13.173+0000] {subprocess.py:93} INFO -     main()
[2025-08-17T18:31:13.175+0000] {subprocess.py:93} INFO -   File "/opt/***/ml_pipeline/models/train_fraud_detector_task.py", line 216, in main
[2025-08-17T18:31:13.176+0000] {subprocess.py:93} INFO -     version=registered_model.version,
[2025-08-17T18:31:13.178+0000] {subprocess.py:93} INFO -             ^^^^^^^^^^^^^^^^^^^^^^^^
[2025-08-17T18:31:13.179+0000] {subprocess.py:93} INFO - AttributeError: 'ModelInfo' object has no attribute 'version'
[2025-08-17T18:31:13.990+0000] {subprocess.py:93} INFO - ERROR: failed to reproduce 'train_model': failed to run: python models/train_fraud_detector_task.py, exited with 1
[2025-08-17T18:31:20.144+0000] {subprocess.py:93} INFO - Everything is up to date.
[2025-08-17T18:31:20.686+0000] {subprocess.py:97} INFO - Command exited with return code 0
[2025-08-17T18:31:20.689+0000] {taskinstance.py:441} INFO - ::group::Post task execution logs
[2025-08-17T18:31:20.746+0000] {taskinstance.py:1206} INFO - Marking task as SUCCESS. dag_id=ml_pipeline_dvc, task_id=train_fraud_detector_dvc, run_id=manual__2025-08-17T18:27:56.120419+00:00, execution_date=20250817T182756, start_date=20250817T183032, end_date=20250817T183120
[2025-08-17T18:31:20.796+0000] {local_task_job_runner.py:240} INFO - Task exited with return code 0
[2025-08-17T18:31:20.835+0000] {taskinstance.py:3498} INFO - 0 downstream tasks scheduled from follow-on schedule check
[2025-08-17T18:31:20.838+0000] {local_task_job_runner.py:222} INFO - ::endgroup::
