[2025-08-15T01:43:57.826+0000] {local_task_job_runner.py:120} INFO - ::group::Pre task execution logs
[2025-08-15T01:43:58.072+0000] {taskinstance.py:2076} INFO - Dependencies all met for dep_context=non-requeueable deps ti=<TaskInstance: ml_pipeline_dvc.preprocess_dvc manual__2025-08-15T01:43:54.092956+00:00 [queued]>
[2025-08-15T01:43:58.102+0000] {taskinstance.py:2076} INFO - Dependencies all met for dep_context=requeueable deps ti=<TaskInstance: ml_pipeline_dvc.preprocess_dvc manual__2025-08-15T01:43:54.092956+00:00 [queued]>
[2025-08-15T01:43:58.109+0000] {taskinstance.py:2306} INFO - Starting attempt 1 of 1
[2025-08-15T01:43:58.168+0000] {taskinstance.py:2330} INFO - Executing <Task(BashOperator): preprocess_dvc> on 2025-08-15 01:43:54.092956+00:00
[2025-08-15T01:43:58.184+0000] {warnings.py:110} WARNING - /home/***/.local/lib/python3.12/site-packages/***/task/task_runner/standard_task_runner.py:61: DeprecationWarning: This process (pid=1680) is multi-threaded, use of fork() may lead to deadlocks in the child.
  pid = os.fork()

[2025-08-15T01:43:58.188+0000] {standard_task_runner.py:63} INFO - Started process 1681 to run task
[2025-08-15T01:43:58.188+0000] {standard_task_runner.py:90} INFO - Running: ['***', 'tasks', 'run', 'ml_pipeline_dvc', 'preprocess_dvc', 'manual__2025-08-15T01:43:54.092956+00:00', '--job-id', '229', '--raw', '--subdir', 'DAGS_FOLDER/train_pipeline_dag.py', '--cfg-path', '/tmp/tmp61scopot']
[2025-08-15T01:43:58.191+0000] {standard_task_runner.py:91} INFO - Job 229: Subtask preprocess_dvc
[2025-08-15T01:43:58.311+0000] {task_command.py:426} INFO - Running <TaskInstance: ml_pipeline_dvc.preprocess_dvc manual__2025-08-15T01:43:54.092956+00:00 [running]> on host 97971cf4e9e1
[2025-08-15T01:43:58.616+0000] {taskinstance.py:2648} INFO - Exporting env vars: AIRFLOW_CTX_DAG_OWNER='yas' AIRFLOW_CTX_DAG_ID='ml_pipeline_dvc' AIRFLOW_CTX_TASK_ID='preprocess_dvc' AIRFLOW_CTX_EXECUTION_DATE='2025-08-15T01:43:54.092956+00:00' AIRFLOW_CTX_TRY_NUMBER='1' AIRFLOW_CTX_DAG_RUN_ID='manual__2025-08-15T01:43:54.092956+00:00'
[2025-08-15T01:43:58.619+0000] {taskinstance.py:430} INFO - ::endgroup::
[2025-08-15T01:43:58.717+0000] {subprocess.py:63} INFO - Tmp dir root location: /tmp
[2025-08-15T01:43:58.724+0000] {subprocess.py:75} INFO - Running command: ['/usr/bin/bash', '-c', '\n            cd /opt/***/ml_pipeline\n            dvc pull data/raw.dvc version_meta.json.dvc \n            dvc repro preprocess\n            dvc push\n        ']
[2025-08-15T01:43:58.784+0000] {subprocess.py:86} INFO - Output:
[2025-08-15T01:44:05.518+0000] {subprocess.py:93} INFO - ERROR: failed to pull data from the cloud - Can't remove the following unsaved files without confirmation. Use `--force` to force.
[2025-08-15T01:44:05.520+0000] {subprocess.py:93} INFO - /opt/***/ml_pipeline/version_meta.json
[2025-08-15T01:44:09.110+0000] {subprocess.py:93} INFO - 'data/raw.dvc' didn't change, skipping
[2025-08-15T01:44:09.160+0000] {subprocess.py:93} INFO - Verifying data sources in stage: 'version_meta.json.dvc'
[2025-08-15T01:44:09.237+0000] {subprocess.py:93} INFO - 
[2025-08-15T01:44:09.305+0000] {subprocess.py:93} INFO - Running stage 'preprocess':
[2025-08-15T01:44:09.306+0000] {subprocess.py:93} INFO - > python preprocessing/preprocess_task.py
[2025-08-15T01:44:13.765+0000] {subprocess.py:93} INFO - {"asctime": "2025-08-15 01:44:13,607", "levelname": "INFO", "name": "preprocessing_pipeline", "trace_id": null, "span_id": null, "message": "version_meta.json loaded from local path!"}
[2025-08-15T01:44:13.819+0000] {subprocess.py:93} INFO - {"asctime": "2025-08-15 01:44:13,818", "levelname": "INFO", "name": "preprocessing_pipeline", "trace_id": null, "span_id": null, "message": "preprocessor trained!"}
[2025-08-15T01:44:13.825+0000] {subprocess.py:93} INFO - {"asctime": "2025-08-15 01:44:13,824", "levelname": "INFO", "name": "preprocessing_pipeline", "trace_id": null, "span_id": null, "message": "preprocessor saved to local path artifacts/preprocess/fraud_pipeline_v20250812_203000.pkl!"}
[2025-08-15T01:44:13.829+0000] {subprocess.py:93} INFO - {"asctime": "2025-08-15 01:44:13,828", "levelname": "INFO", "name": "preprocessing_pipeline", "trace_id": null, "span_id": null, "message": "\u2705 Saved pipeline at: artifacts/preprocess/fraud_pipeline_v20250812_203000.pkl"}
[2025-08-15T01:44:13.830+0000] {subprocess.py:93} INFO - {"asctime": "2025-08-15 01:44:13,829", "levelname": "INFO", "name": "preprocessing_pipeline", "trace_id": null, "span_id": null, "message": "\ud83d\udcc4 Saved metadata: artifacts/preprocess/preprocess_metadata_v20250812_203000.json"}
[2025-08-15T01:44:13.831+0000] {subprocess.py:93} INFO - {"asctime": "2025-08-15 01:44:13,829", "levelname": "INFO", "name": "preprocessing_pipeline", "trace_id": null, "span_id": null, "message": "\ud83d\udce6 Updated version_meta.json"}
[2025-08-15T01:44:14.901+0000] {subprocess.py:93} INFO - Updating lock file 'dvc.lock'
[2025-08-15T01:44:14.910+0000] {subprocess.py:93} INFO - 
[2025-08-15T01:44:14.912+0000] {subprocess.py:93} INFO - To track the changes with git, run:
[2025-08-15T01:44:14.916+0000] {subprocess.py:93} INFO - 
[2025-08-15T01:44:14.917+0000] {subprocess.py:93} INFO - 	git add version_meta.json.dvc dvc.lock
[2025-08-15T01:44:14.919+0000] {subprocess.py:93} INFO - 
[2025-08-15T01:44:14.920+0000] {subprocess.py:93} INFO - To enable auto staging, run:
[2025-08-15T01:44:14.921+0000] {subprocess.py:93} INFO - 
[2025-08-15T01:44:14.925+0000] {subprocess.py:93} INFO - 	dvc config core.autostage true
[2025-08-15T01:44:14.926+0000] {subprocess.py:93} INFO - Use `dvc push` to send your updates to remote storage.
[2025-08-15T01:44:19.258+0000] {subprocess.py:93} INFO - Everything is up to date.
[2025-08-15T01:44:19.552+0000] {subprocess.py:97} INFO - Command exited with return code 0
[2025-08-15T01:44:19.555+0000] {taskinstance.py:441} INFO - ::group::Post task execution logs
[2025-08-15T01:44:19.597+0000] {taskinstance.py:1206} INFO - Marking task as SUCCESS. dag_id=ml_pipeline_dvc, task_id=preprocess_dvc, run_id=manual__2025-08-15T01:43:54.092956+00:00, execution_date=20250815T014354, start_date=20250815T014358, end_date=20250815T014419
[2025-08-15T01:44:19.656+0000] {local_task_job_runner.py:240} INFO - Task exited with return code 0
[2025-08-15T01:44:19.679+0000] {taskinstance.py:3498} INFO - 0 downstream tasks scheduled from follow-on schedule check
[2025-08-15T01:44:19.681+0000] {local_task_job_runner.py:222} INFO - ::endgroup::
