[2025-07-30T23:10:59.429+0000] {local_task_job_runner.py:120} INFO - ::group::Pre task execution logs
[2025-07-30T23:10:59.465+0000] {taskinstance.py:2076} INFO - Dependencies all met for dep_context=non-requeueable deps ti=<TaskInstance: ml_pipeline_dag.stream_data_task manual__2025-07-30T23:10:52.404299+00:00 [queued]>
[2025-07-30T23:10:59.475+0000] {taskinstance.py:2076} INFO - Dependencies all met for dep_context=requeueable deps ti=<TaskInstance: ml_pipeline_dag.stream_data_task manual__2025-07-30T23:10:52.404299+00:00 [queued]>
[2025-07-30T23:10:59.476+0000] {taskinstance.py:2306} INFO - Starting attempt 1 of 1
[2025-07-30T23:10:59.494+0000] {taskinstance.py:2330} INFO - Executing <Task(PythonOperator): stream_data_task> on 2025-07-30 23:10:52.404299+00:00
[2025-07-30T23:10:59.505+0000] {warnings.py:110} WARNING - /home/***/.local/lib/python3.12/site-packages/***/task/task_runner/standard_task_runner.py:61: DeprecationWarning: This process (pid=678) is multi-threaded, use of fork() may lead to deadlocks in the child.
  pid = os.fork()

[2025-07-30T23:10:59.508+0000] {standard_task_runner.py:63} INFO - Started process 687 to run task
[2025-07-30T23:10:59.508+0000] {standard_task_runner.py:90} INFO - Running: ['***', 'tasks', 'run', 'ml_pipeline_dag', 'stream_data_task', 'manual__2025-07-30T23:10:52.404299+00:00', '--job-id', '37', '--raw', '--subdir', 'DAGS_FOLDER/ml_pipeline_dag.py', '--cfg-path', '/tmp/tmpftwbquu6']
[2025-07-30T23:10:59.512+0000] {standard_task_runner.py:91} INFO - Job 37: Subtask stream_data_task
[2025-07-30T23:10:59.578+0000] {task_command.py:426} INFO - Running <TaskInstance: ml_pipeline_dag.stream_data_task manual__2025-07-30T23:10:52.404299+00:00 [running]> on host edd92f9295b0
[2025-07-30T23:10:59.788+0000] {taskinstance.py:2648} INFO - Exporting env vars: AIRFLOW_CTX_DAG_OWNER='***' AIRFLOW_CTX_DAG_ID='ml_pipeline_dag' AIRFLOW_CTX_TASK_ID='stream_data_task' AIRFLOW_CTX_EXECUTION_DATE='2025-07-30T23:10:52.404299+00:00' AIRFLOW_CTX_TRY_NUMBER='1' AIRFLOW_CTX_DAG_RUN_ID='manual__2025-07-30T23:10:52.404299+00:00'
[2025-07-30T23:10:59.795+0000] {taskinstance.py:430} INFO - ::endgroup::
[2025-07-30T23:10:59.849+0000] {logging_mixin.py:188} INFO - Pushed batch 0 to queue
[2025-07-30T23:10:59.851+0000] {logging_mixin.py:188} INFO - Pushed batch 1 to queue
[2025-07-30T23:10:59.853+0000] {logging_mixin.py:188} INFO - Pushed batch 2 to queue
[2025-07-30T23:10:59.855+0000] {logging_mixin.py:188} INFO - Pushed batch 3 to queue
[2025-07-30T23:10:59.856+0000] {logging_mixin.py:188} INFO - Pushed batch 4 to queue
[2025-07-30T23:10:59.857+0000] {logging_mixin.py:188} INFO - Pushed batch 5 to queue
[2025-07-30T23:10:59.859+0000] {logging_mixin.py:188} INFO - Pushed batch 6 to queue
[2025-07-30T23:10:59.860+0000] {logging_mixin.py:188} INFO - Pushed batch 7 to queue
[2025-07-30T23:10:59.861+0000] {logging_mixin.py:188} INFO - Pushed batch 8 to queue
[2025-07-30T23:10:59.862+0000] {logging_mixin.py:188} INFO - Pushed batch 9 to queue
[2025-07-30T23:10:59.863+0000] {python.py:237} INFO - Done. Returned value was: None
[2025-07-30T23:10:59.864+0000] {taskinstance.py:441} INFO - ::group::Post task execution logs
[2025-07-30T23:10:59.878+0000] {taskinstance.py:1206} INFO - Marking task as SUCCESS. dag_id=ml_pipeline_dag, task_id=stream_data_task, run_id=manual__2025-07-30T23:10:52.404299+00:00, execution_date=20250730T231052, start_date=20250730T231059, end_date=20250730T231059
[2025-07-30T23:10:59.936+0000] {local_task_job_runner.py:240} INFO - Task exited with return code 0
[2025-07-30T23:10:59.981+0000] {taskinstance.py:3498} INFO - 1 downstream tasks scheduled from follow-on schedule check
[2025-07-30T23:10:59.988+0000] {local_task_job_runner.py:222} INFO - ::endgroup::
