[2025-08-17T17:29:59.724+0000] {local_task_job_runner.py:120} INFO - ::group::Pre task execution logs
[2025-08-17T17:29:59.798+0000] {taskinstance.py:2076} INFO - Dependencies all met for dep_context=non-requeueable deps ti=<TaskInstance: ml_pipeline_dvc.ingest_dvc manual__2025-08-17T17:29:58.283063+00:00 [queued]>
[2025-08-17T17:29:59.820+0000] {taskinstance.py:2076} INFO - Dependencies all met for dep_context=requeueable deps ti=<TaskInstance: ml_pipeline_dvc.ingest_dvc manual__2025-08-17T17:29:58.283063+00:00 [queued]>
[2025-08-17T17:29:59.822+0000] {taskinstance.py:2306} INFO - Starting attempt 1 of 1
[2025-08-17T17:29:59.931+0000] {taskinstance.py:2330} INFO - Executing <Task(BashOperator): ingest_dvc> on 2025-08-17 17:29:58.283063+00:00
[2025-08-17T17:29:59.962+0000] {standard_task_runner.py:90} INFO - Running: ['***', 'tasks', 'run', 'ml_pipeline_dvc', 'ingest_dvc', 'manual__2025-08-17T17:29:58.283063+00:00', '--job-id', '299', '--raw', '--subdir', 'DAGS_FOLDER/train_pipeline_dag.py', '--cfg-path', '/tmp/tmplar58nnl']
[2025-08-17T17:29:59.961+0000] {warnings.py:110} WARNING - /home/***/.local/lib/python3.12/site-packages/***/task/task_runner/standard_task_runner.py:61: DeprecationWarning: This process (pid=512) is multi-threaded, use of fork() may lead to deadlocks in the child.
  pid = os.fork()

[2025-08-17T17:29:59.965+0000] {standard_task_runner.py:91} INFO - Job 299: Subtask ingest_dvc
[2025-08-17T17:29:59.970+0000] {standard_task_runner.py:63} INFO - Started process 513 to run task
[2025-08-17T17:30:00.131+0000] {task_command.py:426} INFO - Running <TaskInstance: ml_pipeline_dvc.ingest_dvc manual__2025-08-17T17:29:58.283063+00:00 [running]> on host bea494a05fb4
[2025-08-17T17:30:00.520+0000] {taskinstance.py:2648} INFO - Exporting env vars: AIRFLOW_CTX_DAG_OWNER='yas' AIRFLOW_CTX_DAG_ID='ml_pipeline_dvc' AIRFLOW_CTX_TASK_ID='ingest_dvc' AIRFLOW_CTX_EXECUTION_DATE='2025-08-17T17:29:58.283063+00:00' AIRFLOW_CTX_TRY_NUMBER='1' AIRFLOW_CTX_DAG_RUN_ID='manual__2025-08-17T17:29:58.283063+00:00'
[2025-08-17T17:30:00.543+0000] {taskinstance.py:430} INFO - ::endgroup::
[2025-08-17T17:30:00.621+0000] {subprocess.py:63} INFO - Tmp dir root location: /tmp
[2025-08-17T17:30:00.626+0000] {subprocess.py:75} INFO - Running command: ['/usr/bin/bash', '-c', '\n            cd /opt/***/ml_pipeline \n            dvc repro ingest\n            dvc push\n        ']
[2025-08-17T17:30:00.671+0000] {subprocess.py:86} INFO - Output:
[2025-08-17T17:30:07.923+0000] {subprocess.py:93} INFO - Running stage 'ingest':
[2025-08-17T17:30:07.925+0000] {subprocess.py:93} INFO - > python ingest/etl_task.py && python ingest/download_data.py
[2025-08-17T17:30:10.523+0000] {subprocess.py:93} INFO - {"asctime": "2025-08-17 17:30:10,469", "levelname": "INFO", "name": "model_training", "trace_id": null, "span_id": null, "message": "AWS ENDPOINT is: http://minio:9000"}
[2025-08-17T17:30:10.538+0000] {subprocess.py:93} INFO - {"asctime": "2025-08-17 17:30:10,537", "levelname": "INFO", "name": "model_training", "trace_id": null, "span_id": null, "message": "Simulated data generated."}
[2025-08-17T17:30:10.650+0000] {subprocess.py:93} INFO - {"asctime": "2025-08-17 17:30:10,650", "levelname": "INFO", "name": "model_training", "trace_id": null, "span_id": null, "message": "Simulated data saved at s3://mlflow-artifacts/data/raw/fraud_data_v20250817_173010.csv."}
[2025-08-17T17:30:10.652+0000] {subprocess.py:93} INFO - {"asctime": "2025-08-17 17:30:10,652", "levelname": "INFO", "name": "model_training", "trace_id": null, "span_id": null, "message": "\u2705 Saved version_meta.json locally."}
[2025-08-17T17:30:10.672+0000] {subprocess.py:93} INFO - {"asctime": "2025-08-17 17:30:10,672", "levelname": "INFO", "name": "model_training", "trace_id": null, "span_id": null, "message": "Meta Version saved to: s3://mlflow-artifacts/data/raw/metadata_v20250817_173010.json"}
[2025-08-17T17:30:11.921+0000] {subprocess.py:93} INFO - ✅ Data saved locally in data/raw
[2025-08-17T17:30:12.204+0000] {subprocess.py:93} INFO - Updating lock file 'dvc.lock'
[2025-08-17T17:30:12.218+0000] {subprocess.py:93} INFO - 
[2025-08-17T17:30:12.220+0000] {subprocess.py:93} INFO - To track the changes with git, run:
[2025-08-17T17:30:12.220+0000] {subprocess.py:93} INFO - 
[2025-08-17T17:30:12.221+0000] {subprocess.py:93} INFO - 	git add data/.gitignore dvc.lock
[2025-08-17T17:30:12.222+0000] {subprocess.py:93} INFO - 
[2025-08-17T17:30:12.222+0000] {subprocess.py:93} INFO - To enable auto staging, run:
[2025-08-17T17:30:12.223+0000] {subprocess.py:93} INFO - 
[2025-08-17T17:30:12.224+0000] {subprocess.py:93} INFO - 	dvc config core.autostage true
[2025-08-17T17:30:12.224+0000] {subprocess.py:93} INFO - Use `dvc push` to send your updates to remote storage.
[2025-08-17T17:30:16.983+0000] {subprocess.py:93} INFO - 3 files pushed
[2025-08-17T17:30:18.307+0000] {subprocess.py:97} INFO - Command exited with return code 0
[2025-08-17T17:30:18.314+0000] {taskinstance.py:441} INFO - ::group::Post task execution logs
[2025-08-17T17:30:18.481+0000] {taskinstance.py:1206} INFO - Marking task as SUCCESS. dag_id=ml_pipeline_dvc, task_id=ingest_dvc, run_id=manual__2025-08-17T17:29:58.283063+00:00, execution_date=20250817T172958, start_date=20250817T172959, end_date=20250817T173018
[2025-08-17T17:30:18.639+0000] {local_task_job_runner.py:240} INFO - Task exited with return code 0
[2025-08-17T17:30:18.757+0000] {taskinstance.py:3498} INFO - 0 downstream tasks scheduled from follow-on schedule check
[2025-08-17T17:30:18.770+0000] {local_task_job_runner.py:222} INFO - ::endgroup::
