[2025-08-01T21:04:29.648+0000] {processor.py:161} INFO - Started process (PID=66) to work on /opt/airflow/dags/ml_pipeline_dag_2.py
[2025-08-01T21:04:29.655+0000] {processor.py:830} INFO - Processing file /opt/airflow/dags/ml_pipeline_dag_2.py for tasks to queue
[2025-08-01T21:04:29.665+0000] {logging_mixin.py:188} INFO - [2025-08-01T21:04:29.664+0000] {dagbag.py:545} INFO - Filling up the DagBag from /opt/airflow/dags/ml_pipeline_dag_2.py
[2025-08-01T21:04:30.297+0000] {processor.py:840} INFO - DAG(s) 'ml_pipeline_dvc' retrieved from /opt/airflow/dags/ml_pipeline_dag_2.py
[2025-08-01T21:04:31.000+0000] {logging_mixin.py:188} INFO - [2025-08-01T21:04:30.998+0000] {override.py:1829} INFO - Created Permission View: can delete on DAG:ml_pipeline_dvc
[2025-08-01T21:04:31.035+0000] {logging_mixin.py:188} INFO - [2025-08-01T21:04:31.034+0000] {override.py:1829} INFO - Created Permission View: can edit on DAG:ml_pipeline_dvc
[2025-08-01T21:04:31.070+0000] {logging_mixin.py:188} INFO - [2025-08-01T21:04:31.070+0000] {override.py:1829} INFO - Created Permission View: can read on DAG:ml_pipeline_dvc
[2025-08-01T21:04:31.072+0000] {logging_mixin.py:188} INFO - [2025-08-01T21:04:31.071+0000] {dag.py:3096} INFO - Sync 1 DAGs
[2025-08-01T21:04:31.170+0000] {logging_mixin.py:188} INFO - [2025-08-01T21:04:31.170+0000] {dag.py:3118} INFO - Creating ORM DAG for ml_pipeline_dvc
[2025-08-01T21:04:31.174+0000] {logging_mixin.py:188} INFO - [2025-08-01T21:04:31.173+0000] {dag.py:3954} INFO - Setting next_dagrun for ml_pipeline_dvc to None, run_after=None
[2025-08-01T21:04:31.279+0000] {processor.py:183} INFO - Processing /opt/airflow/dags/ml_pipeline_dag_2.py took 1.663 seconds
[2025-08-01T21:05:01.646+0000] {processor.py:161} INFO - Started process (PID=83) to work on /opt/airflow/dags/ml_pipeline_dag_2.py
[2025-08-01T21:05:01.648+0000] {processor.py:830} INFO - Processing file /opt/airflow/dags/ml_pipeline_dag_2.py for tasks to queue
[2025-08-01T21:05:01.652+0000] {logging_mixin.py:188} INFO - [2025-08-01T21:05:01.651+0000] {dagbag.py:545} INFO - Filling up the DagBag from /opt/airflow/dags/ml_pipeline_dag_2.py
[2025-08-01T21:05:01.724+0000] {processor.py:840} INFO - DAG(s) 'ml_pipeline_dvc' retrieved from /opt/airflow/dags/ml_pipeline_dag_2.py
[2025-08-01T21:05:01.770+0000] {logging_mixin.py:188} INFO - [2025-08-01T21:05:01.769+0000] {dag.py:3096} INFO - Sync 1 DAGs
[2025-08-01T21:05:01.795+0000] {logging_mixin.py:188} INFO - [2025-08-01T21:05:01.794+0000] {dag.py:3954} INFO - Setting next_dagrun for ml_pipeline_dvc to None, run_after=None
[2025-08-01T21:05:01.825+0000] {processor.py:183} INFO - Processing /opt/airflow/dags/ml_pipeline_dag_2.py took 0.189 seconds
[2025-08-01T21:05:31.995+0000] {processor.py:161} INFO - Started process (PID=99) to work on /opt/airflow/dags/ml_pipeline_dag_2.py
[2025-08-01T21:05:31.997+0000] {processor.py:830} INFO - Processing file /opt/airflow/dags/ml_pipeline_dag_2.py for tasks to queue
[2025-08-01T21:05:32.003+0000] {logging_mixin.py:188} INFO - [2025-08-01T21:05:32.002+0000] {dagbag.py:545} INFO - Filling up the DagBag from /opt/airflow/dags/ml_pipeline_dag_2.py
[2025-08-01T21:05:32.081+0000] {processor.py:840} INFO - DAG(s) 'ml_pipeline_dvc' retrieved from /opt/airflow/dags/ml_pipeline_dag_2.py
[2025-08-01T21:05:32.234+0000] {logging_mixin.py:188} INFO - [2025-08-01T21:05:32.233+0000] {dag.py:3096} INFO - Sync 1 DAGs
[2025-08-01T21:05:32.415+0000] {logging_mixin.py:188} INFO - [2025-08-01T21:05:32.414+0000] {dag.py:3954} INFO - Setting next_dagrun for ml_pipeline_dvc to None, run_after=None
[2025-08-01T21:05:32.613+0000] {processor.py:183} INFO - Processing /opt/airflow/dags/ml_pipeline_dag_2.py took 0.630 seconds
[2025-08-01T21:06:03.229+0000] {processor.py:161} INFO - Started process (PID=115) to work on /opt/airflow/dags/ml_pipeline_dag_2.py
[2025-08-01T21:06:03.232+0000] {processor.py:830} INFO - Processing file /opt/airflow/dags/ml_pipeline_dag_2.py for tasks to queue
[2025-08-01T21:06:03.239+0000] {logging_mixin.py:188} INFO - [2025-08-01T21:06:03.238+0000] {dagbag.py:545} INFO - Filling up the DagBag from /opt/airflow/dags/ml_pipeline_dag_2.py
[2025-08-01T21:06:03.393+0000] {processor.py:840} INFO - DAG(s) 'ml_pipeline_dvc' retrieved from /opt/airflow/dags/ml_pipeline_dag_2.py
[2025-08-01T21:06:03.442+0000] {logging_mixin.py:188} INFO - [2025-08-01T21:06:03.442+0000] {dag.py:3096} INFO - Sync 1 DAGs
[2025-08-01T21:06:03.466+0000] {logging_mixin.py:188} INFO - [2025-08-01T21:06:03.466+0000] {dag.py:3954} INFO - Setting next_dagrun for ml_pipeline_dvc to None, run_after=None
[2025-08-01T21:06:03.493+0000] {processor.py:183} INFO - Processing /opt/airflow/dags/ml_pipeline_dag_2.py took 0.276 seconds
[2025-08-01T21:06:33.609+0000] {processor.py:161} INFO - Started process (PID=131) to work on /opt/airflow/dags/ml_pipeline_dag_2.py
[2025-08-01T21:06:33.611+0000] {processor.py:830} INFO - Processing file /opt/airflow/dags/ml_pipeline_dag_2.py for tasks to queue
[2025-08-01T21:06:33.615+0000] {logging_mixin.py:188} INFO - [2025-08-01T21:06:33.614+0000] {dagbag.py:545} INFO - Filling up the DagBag from /opt/airflow/dags/ml_pipeline_dag_2.py
[2025-08-01T21:06:33.676+0000] {processor.py:840} INFO - DAG(s) 'ml_pipeline_dvc' retrieved from /opt/airflow/dags/ml_pipeline_dag_2.py
[2025-08-01T21:06:33.733+0000] {logging_mixin.py:188} INFO - [2025-08-01T21:06:33.733+0000] {dag.py:3096} INFO - Sync 1 DAGs
[2025-08-01T21:06:33.752+0000] {logging_mixin.py:188} INFO - [2025-08-01T21:06:33.751+0000] {dag.py:3954} INFO - Setting next_dagrun for ml_pipeline_dvc to None, run_after=None
[2025-08-01T21:06:33.776+0000] {processor.py:183} INFO - Processing /opt/airflow/dags/ml_pipeline_dag_2.py took 0.175 seconds
[2025-08-01T21:07:03.951+0000] {processor.py:161} INFO - Started process (PID=147) to work on /opt/airflow/dags/ml_pipeline_dag_2.py
[2025-08-01T21:07:03.953+0000] {processor.py:830} INFO - Processing file /opt/airflow/dags/ml_pipeline_dag_2.py for tasks to queue
[2025-08-01T21:07:03.957+0000] {logging_mixin.py:188} INFO - [2025-08-01T21:07:03.956+0000] {dagbag.py:545} INFO - Filling up the DagBag from /opt/airflow/dags/ml_pipeline_dag_2.py
[2025-08-01T21:07:04.017+0000] {processor.py:840} INFO - DAG(s) 'ml_pipeline_dvc' retrieved from /opt/airflow/dags/ml_pipeline_dag_2.py
[2025-08-01T21:07:04.052+0000] {logging_mixin.py:188} INFO - [2025-08-01T21:07:04.052+0000] {dag.py:3096} INFO - Sync 1 DAGs
[2025-08-01T21:07:04.073+0000] {logging_mixin.py:188} INFO - [2025-08-01T21:07:04.072+0000] {dag.py:3954} INFO - Setting next_dagrun for ml_pipeline_dvc to None, run_after=None
[2025-08-01T21:07:04.117+0000] {processor.py:183} INFO - Processing /opt/airflow/dags/ml_pipeline_dag_2.py took 0.173 seconds
[2025-08-01T21:07:34.307+0000] {processor.py:161} INFO - Started process (PID=163) to work on /opt/airflow/dags/ml_pipeline_dag_2.py
[2025-08-01T21:07:34.309+0000] {processor.py:830} INFO - Processing file /opt/airflow/dags/ml_pipeline_dag_2.py for tasks to queue
[2025-08-01T21:07:34.312+0000] {logging_mixin.py:188} INFO - [2025-08-01T21:07:34.312+0000] {dagbag.py:545} INFO - Filling up the DagBag from /opt/airflow/dags/ml_pipeline_dag_2.py
[2025-08-01T21:07:34.374+0000] {processor.py:840} INFO - DAG(s) 'ml_pipeline_dvc' retrieved from /opt/airflow/dags/ml_pipeline_dag_2.py
[2025-08-01T21:07:34.410+0000] {logging_mixin.py:188} INFO - [2025-08-01T21:07:34.409+0000] {dag.py:3096} INFO - Sync 1 DAGs
[2025-08-01T21:07:34.427+0000] {logging_mixin.py:188} INFO - [2025-08-01T21:07:34.427+0000] {dag.py:3954} INFO - Setting next_dagrun for ml_pipeline_dvc to None, run_after=None
[2025-08-01T21:07:34.448+0000] {processor.py:183} INFO - Processing /opt/airflow/dags/ml_pipeline_dag_2.py took 0.149 seconds
[2025-08-01T21:08:04.660+0000] {processor.py:161} INFO - Started process (PID=179) to work on /opt/airflow/dags/ml_pipeline_dag_2.py
[2025-08-01T21:08:04.662+0000] {processor.py:830} INFO - Processing file /opt/airflow/dags/ml_pipeline_dag_2.py for tasks to queue
[2025-08-01T21:08:04.667+0000] {logging_mixin.py:188} INFO - [2025-08-01T21:08:04.666+0000] {dagbag.py:545} INFO - Filling up the DagBag from /opt/airflow/dags/ml_pipeline_dag_2.py
[2025-08-01T21:08:04.736+0000] {processor.py:840} INFO - DAG(s) 'ml_pipeline_dvc' retrieved from /opt/airflow/dags/ml_pipeline_dag_2.py
[2025-08-01T21:08:04.782+0000] {logging_mixin.py:188} INFO - [2025-08-01T21:08:04.781+0000] {dag.py:3096} INFO - Sync 1 DAGs
[2025-08-01T21:08:04.804+0000] {logging_mixin.py:188} INFO - [2025-08-01T21:08:04.804+0000] {dag.py:3954} INFO - Setting next_dagrun for ml_pipeline_dvc to None, run_after=None
[2025-08-01T21:08:04.843+0000] {processor.py:183} INFO - Processing /opt/airflow/dags/ml_pipeline_dag_2.py took 0.193 seconds
[2025-08-01T21:08:35.064+0000] {processor.py:161} INFO - Started process (PID=194) to work on /opt/airflow/dags/ml_pipeline_dag_2.py
[2025-08-01T21:08:35.066+0000] {processor.py:830} INFO - Processing file /opt/airflow/dags/ml_pipeline_dag_2.py for tasks to queue
[2025-08-01T21:08:35.070+0000] {logging_mixin.py:188} INFO - [2025-08-01T21:08:35.070+0000] {dagbag.py:545} INFO - Filling up the DagBag from /opt/airflow/dags/ml_pipeline_dag_2.py
[2025-08-01T21:08:36.178+0000] {processor.py:840} INFO - DAG(s) 'ml_pipeline_dvc' retrieved from /opt/airflow/dags/ml_pipeline_dag_2.py
[2025-08-01T21:08:36.432+0000] {logging_mixin.py:188} INFO - [2025-08-01T21:08:36.431+0000] {dag.py:3096} INFO - Sync 1 DAGs
[2025-08-01T21:08:36.461+0000] {logging_mixin.py:188} INFO - [2025-08-01T21:08:36.461+0000] {dag.py:3954} INFO - Setting next_dagrun for ml_pipeline_dvc to None, run_after=None
[2025-08-01T21:08:36.494+0000] {processor.py:183} INFO - Processing /opt/airflow/dags/ml_pipeline_dag_2.py took 1.441 seconds
[2025-08-01T21:12:10.602+0000] {processor.py:161} INFO - Started process (PID=65) to work on /opt/airflow/dags/ml_pipeline_dag_2.py
[2025-08-01T21:12:10.606+0000] {processor.py:830} INFO - Processing file /opt/airflow/dags/ml_pipeline_dag_2.py for tasks to queue
[2025-08-01T21:12:10.613+0000] {logging_mixin.py:188} INFO - [2025-08-01T21:12:10.612+0000] {dagbag.py:545} INFO - Filling up the DagBag from /opt/airflow/dags/ml_pipeline_dag_2.py
[2025-08-01T21:12:11.126+0000] {processor.py:840} INFO - DAG(s) 'ml_pipeline_dvc' retrieved from /opt/airflow/dags/ml_pipeline_dag_2.py
[2025-08-01T21:12:11.896+0000] {logging_mixin.py:188} INFO - [2025-08-01T21:12:11.896+0000] {dag.py:3096} INFO - Sync 1 DAGs
[2025-08-01T21:12:11.943+0000] {logging_mixin.py:188} INFO - [2025-08-01T21:12:11.943+0000] {dag.py:3954} INFO - Setting next_dagrun for ml_pipeline_dvc to None, run_after=None
[2025-08-01T21:12:12.007+0000] {processor.py:183} INFO - Processing /opt/airflow/dags/ml_pipeline_dag_2.py took 1.428 seconds
[2025-08-01T21:12:42.282+0000] {processor.py:161} INFO - Started process (PID=81) to work on /opt/airflow/dags/ml_pipeline_dag_2.py
[2025-08-01T21:12:42.284+0000] {processor.py:830} INFO - Processing file /opt/airflow/dags/ml_pipeline_dag_2.py for tasks to queue
[2025-08-01T21:12:42.287+0000] {logging_mixin.py:188} INFO - [2025-08-01T21:12:42.286+0000] {dagbag.py:545} INFO - Filling up the DagBag from /opt/airflow/dags/ml_pipeline_dag_2.py
[2025-08-01T21:12:42.354+0000] {processor.py:840} INFO - DAG(s) 'ml_pipeline_dvc' retrieved from /opt/airflow/dags/ml_pipeline_dag_2.py
[2025-08-01T21:12:42.390+0000] {logging_mixin.py:188} INFO - [2025-08-01T21:12:42.390+0000] {dag.py:3096} INFO - Sync 1 DAGs
[2025-08-01T21:12:42.407+0000] {logging_mixin.py:188} INFO - [2025-08-01T21:12:42.407+0000] {dag.py:3954} INFO - Setting next_dagrun for ml_pipeline_dvc to None, run_after=None
[2025-08-01T21:12:42.431+0000] {processor.py:183} INFO - Processing /opt/airflow/dags/ml_pipeline_dag_2.py took 0.157 seconds
[2025-08-01T21:13:12.743+0000] {processor.py:161} INFO - Started process (PID=97) to work on /opt/airflow/dags/ml_pipeline_dag_2.py
[2025-08-01T21:13:12.752+0000] {processor.py:830} INFO - Processing file /opt/airflow/dags/ml_pipeline_dag_2.py for tasks to queue
[2025-08-01T21:13:12.788+0000] {logging_mixin.py:188} INFO - [2025-08-01T21:13:12.787+0000] {dagbag.py:545} INFO - Filling up the DagBag from /opt/airflow/dags/ml_pipeline_dag_2.py
[2025-08-01T21:13:12.904+0000] {processor.py:840} INFO - DAG(s) 'ml_pipeline_dvc' retrieved from /opt/airflow/dags/ml_pipeline_dag_2.py
[2025-08-01T21:13:12.968+0000] {logging_mixin.py:188} INFO - [2025-08-01T21:13:12.968+0000] {dag.py:3096} INFO - Sync 1 DAGs
[2025-08-01T21:13:13.008+0000] {logging_mixin.py:188} INFO - [2025-08-01T21:13:13.008+0000] {dag.py:3954} INFO - Setting next_dagrun for ml_pipeline_dvc to None, run_after=None
[2025-08-01T21:13:13.051+0000] {processor.py:183} INFO - Processing /opt/airflow/dags/ml_pipeline_dag_2.py took 0.346 seconds
[2025-08-01T21:13:43.313+0000] {processor.py:161} INFO - Started process (PID=112) to work on /opt/airflow/dags/ml_pipeline_dag_2.py
[2025-08-01T21:13:43.315+0000] {processor.py:830} INFO - Processing file /opt/airflow/dags/ml_pipeline_dag_2.py for tasks to queue
[2025-08-01T21:13:43.318+0000] {logging_mixin.py:188} INFO - [2025-08-01T21:13:43.317+0000] {dagbag.py:545} INFO - Filling up the DagBag from /opt/airflow/dags/ml_pipeline_dag_2.py
[2025-08-01T21:13:43.378+0000] {processor.py:840} INFO - DAG(s) 'ml_pipeline_dvc' retrieved from /opt/airflow/dags/ml_pipeline_dag_2.py
[2025-08-01T21:13:43.421+0000] {logging_mixin.py:188} INFO - [2025-08-01T21:13:43.421+0000] {dag.py:3096} INFO - Sync 1 DAGs
[2025-08-01T21:13:43.441+0000] {logging_mixin.py:188} INFO - [2025-08-01T21:13:43.441+0000] {dag.py:3954} INFO - Setting next_dagrun for ml_pipeline_dvc to None, run_after=None
[2025-08-01T21:13:43.479+0000] {processor.py:183} INFO - Processing /opt/airflow/dags/ml_pipeline_dag_2.py took 0.175 seconds
[2025-08-01T21:14:13.685+0000] {processor.py:161} INFO - Started process (PID=128) to work on /opt/airflow/dags/ml_pipeline_dag_2.py
[2025-08-01T21:14:13.686+0000] {processor.py:830} INFO - Processing file /opt/airflow/dags/ml_pipeline_dag_2.py for tasks to queue
[2025-08-01T21:14:13.689+0000] {logging_mixin.py:188} INFO - [2025-08-01T21:14:13.689+0000] {dagbag.py:545} INFO - Filling up the DagBag from /opt/airflow/dags/ml_pipeline_dag_2.py
[2025-08-01T21:14:13.753+0000] {processor.py:840} INFO - DAG(s) 'ml_pipeline_dvc' retrieved from /opt/airflow/dags/ml_pipeline_dag_2.py
[2025-08-01T21:14:13.790+0000] {logging_mixin.py:188} INFO - [2025-08-01T21:14:13.790+0000] {dag.py:3096} INFO - Sync 1 DAGs
[2025-08-01T21:14:13.809+0000] {logging_mixin.py:188} INFO - [2025-08-01T21:14:13.808+0000] {dag.py:3954} INFO - Setting next_dagrun for ml_pipeline_dvc to None, run_after=None
[2025-08-01T21:14:13.834+0000] {processor.py:183} INFO - Processing /opt/airflow/dags/ml_pipeline_dag_2.py took 0.158 seconds
[2025-08-01T21:14:44.030+0000] {processor.py:161} INFO - Started process (PID=144) to work on /opt/airflow/dags/ml_pipeline_dag_2.py
[2025-08-01T21:14:44.031+0000] {processor.py:830} INFO - Processing file /opt/airflow/dags/ml_pipeline_dag_2.py for tasks to queue
[2025-08-01T21:14:44.035+0000] {logging_mixin.py:188} INFO - [2025-08-01T21:14:44.034+0000] {dagbag.py:545} INFO - Filling up the DagBag from /opt/airflow/dags/ml_pipeline_dag_2.py
[2025-08-01T21:14:44.123+0000] {processor.py:840} INFO - DAG(s) 'ml_pipeline_dvc' retrieved from /opt/airflow/dags/ml_pipeline_dag_2.py
[2025-08-01T21:14:44.160+0000] {logging_mixin.py:188} INFO - [2025-08-01T21:14:44.160+0000] {dag.py:3096} INFO - Sync 1 DAGs
[2025-08-01T21:14:44.181+0000] {logging_mixin.py:188} INFO - [2025-08-01T21:14:44.180+0000] {dag.py:3954} INFO - Setting next_dagrun for ml_pipeline_dvc to None, run_after=None
[2025-08-01T21:14:44.217+0000] {processor.py:183} INFO - Processing /opt/airflow/dags/ml_pipeline_dag_2.py took 0.197 seconds
[2025-08-01T21:15:14.396+0000] {processor.py:161} INFO - Started process (PID=160) to work on /opt/airflow/dags/ml_pipeline_dag_2.py
[2025-08-01T21:15:14.398+0000] {processor.py:830} INFO - Processing file /opt/airflow/dags/ml_pipeline_dag_2.py for tasks to queue
[2025-08-01T21:15:14.402+0000] {logging_mixin.py:188} INFO - [2025-08-01T21:15:14.401+0000] {dagbag.py:545} INFO - Filling up the DagBag from /opt/airflow/dags/ml_pipeline_dag_2.py
[2025-08-01T21:15:14.481+0000] {processor.py:840} INFO - DAG(s) 'ml_pipeline_dvc' retrieved from /opt/airflow/dags/ml_pipeline_dag_2.py
[2025-08-01T21:15:14.522+0000] {logging_mixin.py:188} INFO - [2025-08-01T21:15:14.521+0000] {dag.py:3096} INFO - Sync 1 DAGs
[2025-08-01T21:15:14.540+0000] {logging_mixin.py:188} INFO - [2025-08-01T21:15:14.540+0000] {dag.py:3954} INFO - Setting next_dagrun for ml_pipeline_dvc to None, run_after=None
[2025-08-01T21:15:14.564+0000] {processor.py:183} INFO - Processing /opt/airflow/dags/ml_pipeline_dag_2.py took 0.179 seconds
[2025-08-01T21:15:44.752+0000] {processor.py:161} INFO - Started process (PID=176) to work on /opt/airflow/dags/ml_pipeline_dag_2.py
[2025-08-01T21:15:44.754+0000] {processor.py:830} INFO - Processing file /opt/airflow/dags/ml_pipeline_dag_2.py for tasks to queue
[2025-08-01T21:15:44.759+0000] {logging_mixin.py:188} INFO - [2025-08-01T21:15:44.758+0000] {dagbag.py:545} INFO - Filling up the DagBag from /opt/airflow/dags/ml_pipeline_dag_2.py
[2025-08-01T21:15:44.875+0000] {processor.py:840} INFO - DAG(s) 'ml_pipeline_dvc' retrieved from /opt/airflow/dags/ml_pipeline_dag_2.py
[2025-08-01T21:15:44.940+0000] {logging_mixin.py:188} INFO - [2025-08-01T21:15:44.939+0000] {dag.py:3096} INFO - Sync 1 DAGs
[2025-08-01T21:15:44.964+0000] {logging_mixin.py:188} INFO - [2025-08-01T21:15:44.964+0000] {dag.py:3954} INFO - Setting next_dagrun for ml_pipeline_dvc to None, run_after=None
[2025-08-01T21:15:44.993+0000] {processor.py:183} INFO - Processing /opt/airflow/dags/ml_pipeline_dag_2.py took 0.250 seconds
[2025-08-01T21:16:15.195+0000] {processor.py:161} INFO - Started process (PID=192) to work on /opt/airflow/dags/ml_pipeline_dag_2.py
[2025-08-01T21:16:15.196+0000] {processor.py:830} INFO - Processing file /opt/airflow/dags/ml_pipeline_dag_2.py for tasks to queue
[2025-08-01T21:16:15.199+0000] {logging_mixin.py:188} INFO - [2025-08-01T21:16:15.198+0000] {dagbag.py:545} INFO - Filling up the DagBag from /opt/airflow/dags/ml_pipeline_dag_2.py
[2025-08-01T21:16:15.256+0000] {processor.py:840} INFO - DAG(s) 'ml_pipeline_dvc' retrieved from /opt/airflow/dags/ml_pipeline_dag_2.py
[2025-08-01T21:16:15.292+0000] {logging_mixin.py:188} INFO - [2025-08-01T21:16:15.292+0000] {dag.py:3096} INFO - Sync 1 DAGs
[2025-08-01T21:16:15.311+0000] {logging_mixin.py:188} INFO - [2025-08-01T21:16:15.311+0000] {dag.py:3954} INFO - Setting next_dagrun for ml_pipeline_dvc to None, run_after=None
[2025-08-01T21:16:15.333+0000] {processor.py:183} INFO - Processing /opt/airflow/dags/ml_pipeline_dag_2.py took 0.147 seconds
[2025-08-01T21:16:45.538+0000] {processor.py:161} INFO - Started process (PID=208) to work on /opt/airflow/dags/ml_pipeline_dag_2.py
[2025-08-01T21:16:45.544+0000] {processor.py:830} INFO - Processing file /opt/airflow/dags/ml_pipeline_dag_2.py for tasks to queue
[2025-08-01T21:16:45.551+0000] {logging_mixin.py:188} INFO - [2025-08-01T21:16:45.550+0000] {dagbag.py:545} INFO - Filling up the DagBag from /opt/airflow/dags/ml_pipeline_dag_2.py
[2025-08-01T21:16:45.633+0000] {processor.py:840} INFO - DAG(s) 'ml_pipeline_dvc' retrieved from /opt/airflow/dags/ml_pipeline_dag_2.py
[2025-08-01T21:16:45.680+0000] {logging_mixin.py:188} INFO - [2025-08-01T21:16:45.679+0000] {dag.py:3096} INFO - Sync 1 DAGs
[2025-08-01T21:16:45.703+0000] {logging_mixin.py:188} INFO - [2025-08-01T21:16:45.703+0000] {dag.py:3954} INFO - Setting next_dagrun for ml_pipeline_dvc to None, run_after=None
[2025-08-01T21:16:45.742+0000] {processor.py:183} INFO - Processing /opt/airflow/dags/ml_pipeline_dag_2.py took 0.223 seconds
[2025-08-01T21:17:15.935+0000] {processor.py:161} INFO - Started process (PID=224) to work on /opt/airflow/dags/ml_pipeline_dag_2.py
[2025-08-01T21:17:15.937+0000] {processor.py:830} INFO - Processing file /opt/airflow/dags/ml_pipeline_dag_2.py for tasks to queue
[2025-08-01T21:17:15.940+0000] {logging_mixin.py:188} INFO - [2025-08-01T21:17:15.939+0000] {dagbag.py:545} INFO - Filling up the DagBag from /opt/airflow/dags/ml_pipeline_dag_2.py
[2025-08-01T21:17:15.999+0000] {processor.py:840} INFO - DAG(s) 'ml_pipeline_dvc' retrieved from /opt/airflow/dags/ml_pipeline_dag_2.py
[2025-08-01T21:17:16.034+0000] {logging_mixin.py:188} INFO - [2025-08-01T21:17:16.034+0000] {dag.py:3096} INFO - Sync 1 DAGs
[2025-08-01T21:17:16.051+0000] {logging_mixin.py:188} INFO - [2025-08-01T21:17:16.051+0000] {dag.py:3954} INFO - Setting next_dagrun for ml_pipeline_dvc to None, run_after=None
[2025-08-01T21:17:16.073+0000] {processor.py:183} INFO - Processing /opt/airflow/dags/ml_pipeline_dag_2.py took 0.147 seconds
[2025-08-01T21:17:46.192+0000] {processor.py:161} INFO - Started process (PID=239) to work on /opt/airflow/dags/ml_pipeline_dag_2.py
[2025-08-01T21:17:46.197+0000] {processor.py:830} INFO - Processing file /opt/airflow/dags/ml_pipeline_dag_2.py for tasks to queue
[2025-08-01T21:17:46.202+0000] {logging_mixin.py:188} INFO - [2025-08-01T21:17:46.201+0000] {dagbag.py:545} INFO - Filling up the DagBag from /opt/airflow/dags/ml_pipeline_dag_2.py
[2025-08-01T21:17:46.326+0000] {processor.py:840} INFO - DAG(s) 'ml_pipeline_dvc' retrieved from /opt/airflow/dags/ml_pipeline_dag_2.py
[2025-08-01T21:17:46.376+0000] {logging_mixin.py:188} INFO - [2025-08-01T21:17:46.375+0000] {dag.py:3096} INFO - Sync 1 DAGs
[2025-08-01T21:17:46.407+0000] {logging_mixin.py:188} INFO - [2025-08-01T21:17:46.406+0000] {dag.py:3954} INFO - Setting next_dagrun for ml_pipeline_dvc to None, run_after=None
[2025-08-01T21:17:46.447+0000] {processor.py:183} INFO - Processing /opt/airflow/dags/ml_pipeline_dag_2.py took 0.280 seconds
[2025-08-01T21:18:16.489+0000] {processor.py:161} INFO - Started process (PID=247) to work on /opt/airflow/dags/ml_pipeline_dag_2.py
[2025-08-01T21:18:16.491+0000] {processor.py:830} INFO - Processing file /opt/airflow/dags/ml_pipeline_dag_2.py for tasks to queue
[2025-08-01T21:18:16.494+0000] {logging_mixin.py:188} INFO - [2025-08-01T21:18:16.493+0000] {dagbag.py:545} INFO - Filling up the DagBag from /opt/airflow/dags/ml_pipeline_dag_2.py
[2025-08-01T21:18:16.552+0000] {processor.py:840} INFO - DAG(s) 'ml_pipeline_dvc' retrieved from /opt/airflow/dags/ml_pipeline_dag_2.py
[2025-08-01T21:18:16.587+0000] {logging_mixin.py:188} INFO - [2025-08-01T21:18:16.586+0000] {dag.py:3096} INFO - Sync 1 DAGs
[2025-08-01T21:18:16.603+0000] {logging_mixin.py:188} INFO - [2025-08-01T21:18:16.603+0000] {dag.py:3954} INFO - Setting next_dagrun for ml_pipeline_dvc to None, run_after=None
[2025-08-01T21:18:16.632+0000] {processor.py:183} INFO - Processing /opt/airflow/dags/ml_pipeline_dag_2.py took 0.152 seconds
[2025-08-01T21:18:46.824+0000] {processor.py:161} INFO - Started process (PID=263) to work on /opt/airflow/dags/ml_pipeline_dag_2.py
[2025-08-01T21:18:46.825+0000] {processor.py:830} INFO - Processing file /opt/airflow/dags/ml_pipeline_dag_2.py for tasks to queue
[2025-08-01T21:18:46.828+0000] {logging_mixin.py:188} INFO - [2025-08-01T21:18:46.828+0000] {dagbag.py:545} INFO - Filling up the DagBag from /opt/airflow/dags/ml_pipeline_dag_2.py
[2025-08-01T21:18:46.901+0000] {processor.py:840} INFO - DAG(s) 'ml_pipeline_dvc' retrieved from /opt/airflow/dags/ml_pipeline_dag_2.py
[2025-08-01T21:18:46.939+0000] {logging_mixin.py:188} INFO - [2025-08-01T21:18:46.938+0000] {dag.py:3096} INFO - Sync 1 DAGs
[2025-08-01T21:18:46.960+0000] {logging_mixin.py:188} INFO - [2025-08-01T21:18:46.959+0000] {dag.py:3954} INFO - Setting next_dagrun for ml_pipeline_dvc to None, run_after=None
[2025-08-01T21:18:46.985+0000] {processor.py:183} INFO - Processing /opt/airflow/dags/ml_pipeline_dag_2.py took 0.171 seconds
[2025-08-01T21:19:17.202+0000] {processor.py:161} INFO - Started process (PID=279) to work on /opt/airflow/dags/ml_pipeline_dag_2.py
[2025-08-01T21:19:17.205+0000] {processor.py:830} INFO - Processing file /opt/airflow/dags/ml_pipeline_dag_2.py for tasks to queue
[2025-08-01T21:19:17.210+0000] {logging_mixin.py:188} INFO - [2025-08-01T21:19:17.210+0000] {dagbag.py:545} INFO - Filling up the DagBag from /opt/airflow/dags/ml_pipeline_dag_2.py
[2025-08-01T21:19:17.338+0000] {processor.py:840} INFO - DAG(s) 'ml_pipeline_dvc' retrieved from /opt/airflow/dags/ml_pipeline_dag_2.py
[2025-08-01T21:19:17.400+0000] {logging_mixin.py:188} INFO - [2025-08-01T21:19:17.400+0000] {dag.py:3096} INFO - Sync 1 DAGs
[2025-08-01T21:19:17.439+0000] {logging_mixin.py:188} INFO - [2025-08-01T21:19:17.438+0000] {dag.py:3954} INFO - Setting next_dagrun for ml_pipeline_dvc to None, run_after=None
[2025-08-01T21:19:17.483+0000] {processor.py:183} INFO - Processing /opt/airflow/dags/ml_pipeline_dag_2.py took 0.299 seconds
[2025-08-01T21:19:47.708+0000] {processor.py:161} INFO - Started process (PID=295) to work on /opt/airflow/dags/ml_pipeline_dag_2.py
[2025-08-01T21:19:47.710+0000] {processor.py:830} INFO - Processing file /opt/airflow/dags/ml_pipeline_dag_2.py for tasks to queue
[2025-08-01T21:19:47.714+0000] {logging_mixin.py:188} INFO - [2025-08-01T21:19:47.713+0000] {dagbag.py:545} INFO - Filling up the DagBag from /opt/airflow/dags/ml_pipeline_dag_2.py
[2025-08-01T21:19:47.775+0000] {processor.py:840} INFO - DAG(s) 'ml_pipeline_dvc' retrieved from /opt/airflow/dags/ml_pipeline_dag_2.py
[2025-08-01T21:19:47.816+0000] {logging_mixin.py:188} INFO - [2025-08-01T21:19:47.816+0000] {dag.py:3096} INFO - Sync 1 DAGs
[2025-08-01T21:19:47.834+0000] {logging_mixin.py:188} INFO - [2025-08-01T21:19:47.833+0000] {dag.py:3954} INFO - Setting next_dagrun for ml_pipeline_dvc to None, run_after=None
[2025-08-01T21:19:47.855+0000] {processor.py:183} INFO - Processing /opt/airflow/dags/ml_pipeline_dag_2.py took 0.155 seconds
[2025-08-01T21:20:18.046+0000] {processor.py:161} INFO - Started process (PID=311) to work on /opt/airflow/dags/ml_pipeline_dag_2.py
[2025-08-01T21:20:18.047+0000] {processor.py:830} INFO - Processing file /opt/airflow/dags/ml_pipeline_dag_2.py for tasks to queue
[2025-08-01T21:20:18.051+0000] {logging_mixin.py:188} INFO - [2025-08-01T21:20:18.051+0000] {dagbag.py:545} INFO - Filling up the DagBag from /opt/airflow/dags/ml_pipeline_dag_2.py
[2025-08-01T21:20:18.109+0000] {processor.py:840} INFO - DAG(s) 'ml_pipeline_dvc' retrieved from /opt/airflow/dags/ml_pipeline_dag_2.py
[2025-08-01T21:20:18.144+0000] {logging_mixin.py:188} INFO - [2025-08-01T21:20:18.144+0000] {dag.py:3096} INFO - Sync 1 DAGs
[2025-08-01T21:20:18.162+0000] {logging_mixin.py:188} INFO - [2025-08-01T21:20:18.162+0000] {dag.py:3954} INFO - Setting next_dagrun for ml_pipeline_dvc to None, run_after=None
[2025-08-01T21:20:18.184+0000] {processor.py:183} INFO - Processing /opt/airflow/dags/ml_pipeline_dag_2.py took 0.147 seconds
[2025-08-01T21:20:48.389+0000] {processor.py:161} INFO - Started process (PID=327) to work on /opt/airflow/dags/ml_pipeline_dag_2.py
[2025-08-01T21:20:48.391+0000] {processor.py:830} INFO - Processing file /opt/airflow/dags/ml_pipeline_dag_2.py for tasks to queue
[2025-08-01T21:20:48.395+0000] {logging_mixin.py:188} INFO - [2025-08-01T21:20:48.394+0000] {dagbag.py:545} INFO - Filling up the DagBag from /opt/airflow/dags/ml_pipeline_dag_2.py
[2025-08-01T21:20:48.454+0000] {processor.py:840} INFO - DAG(s) 'ml_pipeline_dvc' retrieved from /opt/airflow/dags/ml_pipeline_dag_2.py
[2025-08-01T21:20:48.490+0000] {logging_mixin.py:188} INFO - [2025-08-01T21:20:48.490+0000] {dag.py:3096} INFO - Sync 1 DAGs
[2025-08-01T21:20:48.508+0000] {logging_mixin.py:188} INFO - [2025-08-01T21:20:48.508+0000] {dag.py:3954} INFO - Setting next_dagrun for ml_pipeline_dvc to None, run_after=None
[2025-08-01T21:20:48.531+0000] {processor.py:183} INFO - Processing /opt/airflow/dags/ml_pipeline_dag_2.py took 0.150 seconds
[2025-08-01T21:21:18.715+0000] {processor.py:161} INFO - Started process (PID=343) to work on /opt/airflow/dags/ml_pipeline_dag_2.py
[2025-08-01T21:21:18.716+0000] {processor.py:830} INFO - Processing file /opt/airflow/dags/ml_pipeline_dag_2.py for tasks to queue
[2025-08-01T21:21:18.720+0000] {logging_mixin.py:188} INFO - [2025-08-01T21:21:18.719+0000] {dagbag.py:545} INFO - Filling up the DagBag from /opt/airflow/dags/ml_pipeline_dag_2.py
[2025-08-01T21:21:18.778+0000] {processor.py:840} INFO - DAG(s) 'ml_pipeline_dvc' retrieved from /opt/airflow/dags/ml_pipeline_dag_2.py
[2025-08-01T21:21:18.814+0000] {logging_mixin.py:188} INFO - [2025-08-01T21:21:18.813+0000] {dag.py:3096} INFO - Sync 1 DAGs
[2025-08-01T21:21:18.833+0000] {logging_mixin.py:188} INFO - [2025-08-01T21:21:18.833+0000] {dag.py:3954} INFO - Setting next_dagrun for ml_pipeline_dvc to None, run_after=None
[2025-08-01T21:21:18.858+0000] {processor.py:183} INFO - Processing /opt/airflow/dags/ml_pipeline_dag_2.py took 0.152 seconds
[2025-08-01T21:21:49.041+0000] {processor.py:161} INFO - Started process (PID=367) to work on /opt/airflow/dags/ml_pipeline_dag_2.py
[2025-08-01T21:21:49.042+0000] {processor.py:830} INFO - Processing file /opt/airflow/dags/ml_pipeline_dag_2.py for tasks to queue
[2025-08-01T21:21:49.046+0000] {logging_mixin.py:188} INFO - [2025-08-01T21:21:49.046+0000] {dagbag.py:545} INFO - Filling up the DagBag from /opt/airflow/dags/ml_pipeline_dag_2.py
[2025-08-01T21:21:49.110+0000] {processor.py:840} INFO - DAG(s) 'ml_pipeline_dvc' retrieved from /opt/airflow/dags/ml_pipeline_dag_2.py
[2025-08-01T21:21:49.151+0000] {logging_mixin.py:188} INFO - [2025-08-01T21:21:49.150+0000] {dag.py:3096} INFO - Sync 1 DAGs
[2025-08-01T21:21:49.171+0000] {logging_mixin.py:188} INFO - [2025-08-01T21:21:49.171+0000] {dag.py:3954} INFO - Setting next_dagrun for ml_pipeline_dvc to None, run_after=None
[2025-08-01T21:21:49.194+0000] {processor.py:183} INFO - Processing /opt/airflow/dags/ml_pipeline_dag_2.py took 0.163 seconds
[2025-08-01T21:22:19.421+0000] {processor.py:161} INFO - Started process (PID=385) to work on /opt/airflow/dags/ml_pipeline_dag_2.py
[2025-08-01T21:22:19.425+0000] {processor.py:830} INFO - Processing file /opt/airflow/dags/ml_pipeline_dag_2.py for tasks to queue
[2025-08-01T21:22:19.478+0000] {logging_mixin.py:188} INFO - [2025-08-01T21:22:19.477+0000] {dagbag.py:545} INFO - Filling up the DagBag from /opt/airflow/dags/ml_pipeline_dag_2.py
[2025-08-01T21:22:19.576+0000] {processor.py:840} INFO - DAG(s) 'ml_pipeline_dvc' retrieved from /opt/airflow/dags/ml_pipeline_dag_2.py
[2025-08-01T21:22:19.701+0000] {logging_mixin.py:188} INFO - [2025-08-01T21:22:19.700+0000] {dag.py:3096} INFO - Sync 1 DAGs
[2025-08-01T21:22:19.729+0000] {logging_mixin.py:188} INFO - [2025-08-01T21:22:19.728+0000] {dag.py:3954} INFO - Setting next_dagrun for ml_pipeline_dvc to None, run_after=None
[2025-08-01T21:22:19.755+0000] {processor.py:183} INFO - Processing /opt/airflow/dags/ml_pipeline_dag_2.py took 0.367 seconds
[2025-08-01T21:22:49.977+0000] {processor.py:161} INFO - Started process (PID=401) to work on /opt/airflow/dags/ml_pipeline_dag_2.py
[2025-08-01T21:22:49.984+0000] {processor.py:830} INFO - Processing file /opt/airflow/dags/ml_pipeline_dag_2.py for tasks to queue
[2025-08-01T21:22:49.989+0000] {logging_mixin.py:188} INFO - [2025-08-01T21:22:49.988+0000] {dagbag.py:545} INFO - Filling up the DagBag from /opt/airflow/dags/ml_pipeline_dag_2.py
[2025-08-01T21:22:50.152+0000] {processor.py:840} INFO - DAG(s) 'ml_pipeline_dvc' retrieved from /opt/airflow/dags/ml_pipeline_dag_2.py
[2025-08-01T21:22:50.208+0000] {logging_mixin.py:188} INFO - [2025-08-01T21:22:50.208+0000] {dag.py:3096} INFO - Sync 1 DAGs
[2025-08-01T21:22:50.233+0000] {logging_mixin.py:188} INFO - [2025-08-01T21:22:50.232+0000] {dag.py:3954} INFO - Setting next_dagrun for ml_pipeline_dvc to None, run_after=None
[2025-08-01T21:22:50.281+0000] {processor.py:183} INFO - Processing /opt/airflow/dags/ml_pipeline_dag_2.py took 0.323 seconds
[2025-08-01T21:23:20.489+0000] {processor.py:161} INFO - Started process (PID=417) to work on /opt/airflow/dags/ml_pipeline_dag_2.py
[2025-08-01T21:23:20.491+0000] {processor.py:830} INFO - Processing file /opt/airflow/dags/ml_pipeline_dag_2.py for tasks to queue
[2025-08-01T21:23:20.493+0000] {logging_mixin.py:188} INFO - [2025-08-01T21:23:20.493+0000] {dagbag.py:545} INFO - Filling up the DagBag from /opt/airflow/dags/ml_pipeline_dag_2.py
[2025-08-01T21:23:20.554+0000] {processor.py:840} INFO - DAG(s) 'ml_pipeline_dvc' retrieved from /opt/airflow/dags/ml_pipeline_dag_2.py
[2025-08-01T21:23:20.590+0000] {logging_mixin.py:188} INFO - [2025-08-01T21:23:20.590+0000] {dag.py:3096} INFO - Sync 1 DAGs
[2025-08-01T21:23:20.607+0000] {logging_mixin.py:188} INFO - [2025-08-01T21:23:20.607+0000] {dag.py:3954} INFO - Setting next_dagrun for ml_pipeline_dvc to None, run_after=None
[2025-08-01T21:23:20.637+0000] {processor.py:183} INFO - Processing /opt/airflow/dags/ml_pipeline_dag_2.py took 0.158 seconds
[2025-08-01T21:23:50.813+0000] {processor.py:161} INFO - Started process (PID=433) to work on /opt/airflow/dags/ml_pipeline_dag_2.py
[2025-08-01T21:23:50.815+0000] {processor.py:830} INFO - Processing file /opt/airflow/dags/ml_pipeline_dag_2.py for tasks to queue
[2025-08-01T21:23:50.818+0000] {logging_mixin.py:188} INFO - [2025-08-01T21:23:50.817+0000] {dagbag.py:545} INFO - Filling up the DagBag from /opt/airflow/dags/ml_pipeline_dag_2.py
[2025-08-01T21:23:50.887+0000] {processor.py:840} INFO - DAG(s) 'ml_pipeline_dvc' retrieved from /opt/airflow/dags/ml_pipeline_dag_2.py
[2025-08-01T21:23:50.923+0000] {logging_mixin.py:188} INFO - [2025-08-01T21:23:50.923+0000] {dag.py:3096} INFO - Sync 1 DAGs
[2025-08-01T21:23:50.941+0000] {logging_mixin.py:188} INFO - [2025-08-01T21:23:50.940+0000] {dag.py:3954} INFO - Setting next_dagrun for ml_pipeline_dvc to None, run_after=None
[2025-08-01T21:23:50.965+0000] {processor.py:183} INFO - Processing /opt/airflow/dags/ml_pipeline_dag_2.py took 0.160 seconds
[2025-08-01T21:24:21.155+0000] {processor.py:161} INFO - Started process (PID=449) to work on /opt/airflow/dags/ml_pipeline_dag_2.py
[2025-08-01T21:24:21.157+0000] {processor.py:830} INFO - Processing file /opt/airflow/dags/ml_pipeline_dag_2.py for tasks to queue
[2025-08-01T21:24:21.161+0000] {logging_mixin.py:188} INFO - [2025-08-01T21:24:21.160+0000] {dagbag.py:545} INFO - Filling up the DagBag from /opt/airflow/dags/ml_pipeline_dag_2.py
[2025-08-01T21:24:21.233+0000] {processor.py:840} INFO - DAG(s) 'ml_pipeline_dvc' retrieved from /opt/airflow/dags/ml_pipeline_dag_2.py
[2025-08-01T21:24:21.271+0000] {logging_mixin.py:188} INFO - [2025-08-01T21:24:21.270+0000] {dag.py:3096} INFO - Sync 1 DAGs
[2025-08-01T21:24:21.290+0000] {logging_mixin.py:188} INFO - [2025-08-01T21:24:21.289+0000] {dag.py:3954} INFO - Setting next_dagrun for ml_pipeline_dvc to None, run_after=None
[2025-08-01T21:24:21.317+0000] {processor.py:183} INFO - Processing /opt/airflow/dags/ml_pipeline_dag_2.py took 0.172 seconds
[2025-08-01T21:24:51.515+0000] {processor.py:161} INFO - Started process (PID=465) to work on /opt/airflow/dags/ml_pipeline_dag_2.py
[2025-08-01T21:24:51.516+0000] {processor.py:830} INFO - Processing file /opt/airflow/dags/ml_pipeline_dag_2.py for tasks to queue
[2025-08-01T21:24:51.520+0000] {logging_mixin.py:188} INFO - [2025-08-01T21:24:51.519+0000] {dagbag.py:545} INFO - Filling up the DagBag from /opt/airflow/dags/ml_pipeline_dag_2.py
[2025-08-01T21:24:51.583+0000] {processor.py:840} INFO - DAG(s) 'ml_pipeline_dvc' retrieved from /opt/airflow/dags/ml_pipeline_dag_2.py
[2025-08-01T21:24:51.619+0000] {logging_mixin.py:188} INFO - [2025-08-01T21:24:51.619+0000] {dag.py:3096} INFO - Sync 1 DAGs
[2025-08-01T21:24:51.639+0000] {logging_mixin.py:188} INFO - [2025-08-01T21:24:51.639+0000] {dag.py:3954} INFO - Setting next_dagrun for ml_pipeline_dvc to None, run_after=None
[2025-08-01T21:24:51.664+0000] {processor.py:183} INFO - Processing /opt/airflow/dags/ml_pipeline_dag_2.py took 0.159 seconds
[2025-08-01T21:25:21.704+0000] {processor.py:161} INFO - Started process (PID=481) to work on /opt/airflow/dags/ml_pipeline_dag_2.py
[2025-08-01T21:25:21.707+0000] {processor.py:830} INFO - Processing file /opt/airflow/dags/ml_pipeline_dag_2.py for tasks to queue
[2025-08-01T21:25:21.713+0000] {logging_mixin.py:188} INFO - [2025-08-01T21:25:21.712+0000] {dagbag.py:545} INFO - Filling up the DagBag from /opt/airflow/dags/ml_pipeline_dag_2.py
[2025-08-01T21:25:21.834+0000] {processor.py:840} INFO - DAG(s) 'ml_pipeline_dvc' retrieved from /opt/airflow/dags/ml_pipeline_dag_2.py
[2025-08-01T21:25:21.905+0000] {logging_mixin.py:188} INFO - [2025-08-01T21:25:21.905+0000] {dag.py:3096} INFO - Sync 1 DAGs
[2025-08-01T21:25:21.937+0000] {logging_mixin.py:188} INFO - [2025-08-01T21:25:21.936+0000] {dag.py:3954} INFO - Setting next_dagrun for ml_pipeline_dvc to None, run_after=None
[2025-08-01T21:25:21.983+0000] {processor.py:183} INFO - Processing /opt/airflow/dags/ml_pipeline_dag_2.py took 0.292 seconds
[2025-08-01T21:25:52.224+0000] {processor.py:161} INFO - Started process (PID=497) to work on /opt/airflow/dags/ml_pipeline_dag_2.py
[2025-08-01T21:25:52.225+0000] {processor.py:830} INFO - Processing file /opt/airflow/dags/ml_pipeline_dag_2.py for tasks to queue
[2025-08-01T21:25:52.228+0000] {logging_mixin.py:188} INFO - [2025-08-01T21:25:52.228+0000] {dagbag.py:545} INFO - Filling up the DagBag from /opt/airflow/dags/ml_pipeline_dag_2.py
[2025-08-01T21:25:52.287+0000] {processor.py:840} INFO - DAG(s) 'ml_pipeline_dvc' retrieved from /opt/airflow/dags/ml_pipeline_dag_2.py
[2025-08-01T21:25:52.324+0000] {logging_mixin.py:188} INFO - [2025-08-01T21:25:52.324+0000] {dag.py:3096} INFO - Sync 1 DAGs
[2025-08-01T21:25:52.342+0000] {logging_mixin.py:188} INFO - [2025-08-01T21:25:52.342+0000] {dag.py:3954} INFO - Setting next_dagrun for ml_pipeline_dvc to None, run_after=None
[2025-08-01T21:25:52.364+0000] {processor.py:183} INFO - Processing /opt/airflow/dags/ml_pipeline_dag_2.py took 0.150 seconds
[2025-08-01T21:26:22.440+0000] {processor.py:161} INFO - Started process (PID=513) to work on /opt/airflow/dags/ml_pipeline_dag_2.py
[2025-08-01T21:26:22.445+0000] {processor.py:830} INFO - Processing file /opt/airflow/dags/ml_pipeline_dag_2.py for tasks to queue
[2025-08-01T21:26:22.449+0000] {logging_mixin.py:188} INFO - [2025-08-01T21:26:22.448+0000] {dagbag.py:545} INFO - Filling up the DagBag from /opt/airflow/dags/ml_pipeline_dag_2.py
[2025-08-01T21:26:22.585+0000] {processor.py:840} INFO - DAG(s) 'ml_pipeline_dvc' retrieved from /opt/airflow/dags/ml_pipeline_dag_2.py
[2025-08-01T21:26:22.666+0000] {logging_mixin.py:188} INFO - [2025-08-01T21:26:22.666+0000] {dag.py:3096} INFO - Sync 1 DAGs
[2025-08-01T21:26:22.691+0000] {logging_mixin.py:188} INFO - [2025-08-01T21:26:22.691+0000] {dag.py:3954} INFO - Setting next_dagrun for ml_pipeline_dvc to None, run_after=None
[2025-08-01T21:26:22.737+0000] {processor.py:183} INFO - Processing /opt/airflow/dags/ml_pipeline_dag_2.py took 0.310 seconds
[2025-08-01T21:26:52.862+0000] {processor.py:161} INFO - Started process (PID=520) to work on /opt/airflow/dags/ml_pipeline_dag_2.py
[2025-08-01T21:26:52.864+0000] {processor.py:830} INFO - Processing file /opt/airflow/dags/ml_pipeline_dag_2.py for tasks to queue
[2025-08-01T21:26:52.869+0000] {logging_mixin.py:188} INFO - [2025-08-01T21:26:52.868+0000] {dagbag.py:545} INFO - Filling up the DagBag from /opt/airflow/dags/ml_pipeline_dag_2.py
[2025-08-01T21:26:52.957+0000] {processor.py:840} INFO - DAG(s) 'ml_pipeline_dvc' retrieved from /opt/airflow/dags/ml_pipeline_dag_2.py
[2025-08-01T21:26:53.002+0000] {logging_mixin.py:188} INFO - [2025-08-01T21:26:53.002+0000] {dag.py:3096} INFO - Sync 1 DAGs
[2025-08-01T21:26:53.024+0000] {logging_mixin.py:188} INFO - [2025-08-01T21:26:53.024+0000] {dag.py:3954} INFO - Setting next_dagrun for ml_pipeline_dvc to None, run_after=None
[2025-08-01T21:26:53.051+0000] {processor.py:183} INFO - Processing /opt/airflow/dags/ml_pipeline_dag_2.py took 0.201 seconds
[2025-08-01T21:27:23.268+0000] {processor.py:161} INFO - Started process (PID=536) to work on /opt/airflow/dags/ml_pipeline_dag_2.py
[2025-08-01T21:27:23.270+0000] {processor.py:830} INFO - Processing file /opt/airflow/dags/ml_pipeline_dag_2.py for tasks to queue
[2025-08-01T21:27:23.272+0000] {logging_mixin.py:188} INFO - [2025-08-01T21:27:23.272+0000] {dagbag.py:545} INFO - Filling up the DagBag from /opt/airflow/dags/ml_pipeline_dag_2.py
[2025-08-01T21:27:23.334+0000] {processor.py:840} INFO - DAG(s) 'ml_pipeline_dvc' retrieved from /opt/airflow/dags/ml_pipeline_dag_2.py
[2025-08-01T21:27:23.372+0000] {logging_mixin.py:188} INFO - [2025-08-01T21:27:23.371+0000] {dag.py:3096} INFO - Sync 1 DAGs
[2025-08-01T21:27:23.392+0000] {logging_mixin.py:188} INFO - [2025-08-01T21:27:23.392+0000] {dag.py:3954} INFO - Setting next_dagrun for ml_pipeline_dvc to None, run_after=None
[2025-08-01T21:27:23.414+0000] {processor.py:183} INFO - Processing /opt/airflow/dags/ml_pipeline_dag_2.py took 0.156 seconds
[2025-08-01T21:27:53.653+0000] {processor.py:161} INFO - Started process (PID=552) to work on /opt/airflow/dags/ml_pipeline_dag_2.py
[2025-08-01T21:27:53.655+0000] {processor.py:830} INFO - Processing file /opt/airflow/dags/ml_pipeline_dag_2.py for tasks to queue
[2025-08-01T21:27:53.659+0000] {logging_mixin.py:188} INFO - [2025-08-01T21:27:53.658+0000] {dagbag.py:545} INFO - Filling up the DagBag from /opt/airflow/dags/ml_pipeline_dag_2.py
[2025-08-01T21:27:53.759+0000] {processor.py:840} INFO - DAG(s) 'ml_pipeline_dvc' retrieved from /opt/airflow/dags/ml_pipeline_dag_2.py
[2025-08-01T21:27:53.794+0000] {logging_mixin.py:188} INFO - [2025-08-01T21:27:53.794+0000] {dag.py:3096} INFO - Sync 1 DAGs
[2025-08-01T21:27:53.814+0000] {logging_mixin.py:188} INFO - [2025-08-01T21:27:53.814+0000] {dag.py:3954} INFO - Setting next_dagrun for ml_pipeline_dvc to None, run_after=None
[2025-08-01T21:27:53.847+0000] {processor.py:183} INFO - Processing /opt/airflow/dags/ml_pipeline_dag_2.py took 0.209 seconds
[2025-08-01T22:06:36.942+0000] {processor.py:161} INFO - Started process (PID=61) to work on /opt/airflow/dags/ml_pipeline_dag_2.py
[2025-08-01T22:06:36.945+0000] {processor.py:830} INFO - Processing file /opt/airflow/dags/ml_pipeline_dag_2.py for tasks to queue
[2025-08-01T22:06:36.952+0000] {logging_mixin.py:188} INFO - [2025-08-01T22:06:36.951+0000] {dagbag.py:545} INFO - Filling up the DagBag from /opt/airflow/dags/ml_pipeline_dag_2.py
[2025-08-01T22:06:37.406+0000] {processor.py:840} INFO - DAG(s) 'ml_pipeline_dvc' retrieved from /opt/airflow/dags/ml_pipeline_dag_2.py
[2025-08-01T22:06:38.337+0000] {logging_mixin.py:188} INFO - [2025-08-01T22:06:38.337+0000] {dag.py:3096} INFO - Sync 1 DAGs
[2025-08-01T22:06:38.399+0000] {logging_mixin.py:188} INFO - [2025-08-01T22:06:38.399+0000] {dag.py:3954} INFO - Setting next_dagrun for ml_pipeline_dvc to None, run_after=None
[2025-08-01T22:06:38.477+0000] {processor.py:183} INFO - Processing /opt/airflow/dags/ml_pipeline_dag_2.py took 1.550 seconds
[2025-08-01T22:07:09.276+0000] {processor.py:161} INFO - Started process (PID=83) to work on /opt/airflow/dags/ml_pipeline_dag_2.py
[2025-08-01T22:07:09.278+0000] {processor.py:830} INFO - Processing file /opt/airflow/dags/ml_pipeline_dag_2.py for tasks to queue
[2025-08-01T22:07:09.280+0000] {logging_mixin.py:188} INFO - [2025-08-01T22:07:09.280+0000] {dagbag.py:545} INFO - Filling up the DagBag from /opt/airflow/dags/ml_pipeline_dag_2.py
[2025-08-01T22:07:09.339+0000] {processor.py:840} INFO - DAG(s) 'ml_pipeline_dvc' retrieved from /opt/airflow/dags/ml_pipeline_dag_2.py
[2025-08-01T22:07:09.373+0000] {logging_mixin.py:188} INFO - [2025-08-01T22:07:09.373+0000] {dag.py:3096} INFO - Sync 1 DAGs
[2025-08-01T22:07:09.389+0000] {logging_mixin.py:188} INFO - [2025-08-01T22:07:09.389+0000] {dag.py:3954} INFO - Setting next_dagrun for ml_pipeline_dvc to None, run_after=None
[2025-08-01T22:07:09.415+0000] {processor.py:183} INFO - Processing /opt/airflow/dags/ml_pipeline_dag_2.py took 0.148 seconds
[2025-08-01T22:07:39.681+0000] {processor.py:161} INFO - Started process (PID=99) to work on /opt/airflow/dags/ml_pipeline_dag_2.py
[2025-08-01T22:07:39.683+0000] {processor.py:830} INFO - Processing file /opt/airflow/dags/ml_pipeline_dag_2.py for tasks to queue
[2025-08-01T22:07:39.686+0000] {logging_mixin.py:188} INFO - [2025-08-01T22:07:39.685+0000] {dagbag.py:545} INFO - Filling up the DagBag from /opt/airflow/dags/ml_pipeline_dag_2.py
[2025-08-01T22:07:39.751+0000] {processor.py:840} INFO - DAG(s) 'ml_pipeline_dvc' retrieved from /opt/airflow/dags/ml_pipeline_dag_2.py
[2025-08-01T22:07:39.788+0000] {logging_mixin.py:188} INFO - [2025-08-01T22:07:39.787+0000] {dag.py:3096} INFO - Sync 1 DAGs
[2025-08-01T22:07:39.806+0000] {logging_mixin.py:188} INFO - [2025-08-01T22:07:39.806+0000] {dag.py:3954} INFO - Setting next_dagrun for ml_pipeline_dvc to None, run_after=None
[2025-08-01T22:07:39.830+0000] {processor.py:183} INFO - Processing /opt/airflow/dags/ml_pipeline_dag_2.py took 0.158 seconds
[2025-08-01T22:08:10.082+0000] {processor.py:161} INFO - Started process (PID=115) to work on /opt/airflow/dags/ml_pipeline_dag_2.py
[2025-08-01T22:08:10.084+0000] {processor.py:830} INFO - Processing file /opt/airflow/dags/ml_pipeline_dag_2.py for tasks to queue
[2025-08-01T22:08:10.088+0000] {logging_mixin.py:188} INFO - [2025-08-01T22:08:10.087+0000] {dagbag.py:545} INFO - Filling up the DagBag from /opt/airflow/dags/ml_pipeline_dag_2.py
[2025-08-01T22:08:10.187+0000] {processor.py:840} INFO - DAG(s) 'ml_pipeline_dvc' retrieved from /opt/airflow/dags/ml_pipeline_dag_2.py
[2025-08-01T22:08:10.228+0000] {logging_mixin.py:188} INFO - [2025-08-01T22:08:10.228+0000] {dag.py:3096} INFO - Sync 1 DAGs
[2025-08-01T22:08:10.247+0000] {logging_mixin.py:188} INFO - [2025-08-01T22:08:10.247+0000] {dag.py:3954} INFO - Setting next_dagrun for ml_pipeline_dvc to None, run_after=None
[2025-08-01T22:08:10.272+0000] {processor.py:183} INFO - Processing /opt/airflow/dags/ml_pipeline_dag_2.py took 0.200 seconds
[2025-08-01T22:08:40.506+0000] {processor.py:161} INFO - Started process (PID=131) to work on /opt/airflow/dags/ml_pipeline_dag_2.py
[2025-08-01T22:08:40.508+0000] {processor.py:830} INFO - Processing file /opt/airflow/dags/ml_pipeline_dag_2.py for tasks to queue
[2025-08-01T22:08:40.511+0000] {logging_mixin.py:188} INFO - [2025-08-01T22:08:40.511+0000] {dagbag.py:545} INFO - Filling up the DagBag from /opt/airflow/dags/ml_pipeline_dag_2.py
[2025-08-01T22:08:40.574+0000] {processor.py:840} INFO - DAG(s) 'ml_pipeline_dvc' retrieved from /opt/airflow/dags/ml_pipeline_dag_2.py
[2025-08-01T22:08:40.610+0000] {logging_mixin.py:188} INFO - [2025-08-01T22:08:40.609+0000] {dag.py:3096} INFO - Sync 1 DAGs
[2025-08-01T22:08:40.627+0000] {logging_mixin.py:188} INFO - [2025-08-01T22:08:40.627+0000] {dag.py:3954} INFO - Setting next_dagrun for ml_pipeline_dvc to None, run_after=None
[2025-08-01T22:08:40.729+0000] {processor.py:183} INFO - Processing /opt/airflow/dags/ml_pipeline_dag_2.py took 0.232 seconds
[2025-08-01T22:09:10.960+0000] {processor.py:161} INFO - Started process (PID=156) to work on /opt/airflow/dags/ml_pipeline_dag_2.py
[2025-08-01T22:09:10.962+0000] {processor.py:830} INFO - Processing file /opt/airflow/dags/ml_pipeline_dag_2.py for tasks to queue
[2025-08-01T22:09:10.966+0000] {logging_mixin.py:188} INFO - [2025-08-01T22:09:10.965+0000] {dagbag.py:545} INFO - Filling up the DagBag from /opt/airflow/dags/ml_pipeline_dag_2.py
[2025-08-01T22:09:11.026+0000] {processor.py:840} INFO - DAG(s) 'ml_pipeline_dvc' retrieved from /opt/airflow/dags/ml_pipeline_dag_2.py
[2025-08-01T22:09:11.063+0000] {logging_mixin.py:188} INFO - [2025-08-01T22:09:11.063+0000] {dag.py:3096} INFO - Sync 1 DAGs
[2025-08-01T22:09:11.080+0000] {logging_mixin.py:188} INFO - [2025-08-01T22:09:11.080+0000] {dag.py:3954} INFO - Setting next_dagrun for ml_pipeline_dvc to None, run_after=None
[2025-08-01T22:09:11.109+0000] {processor.py:183} INFO - Processing /opt/airflow/dags/ml_pipeline_dag_2.py took 0.157 seconds
[2025-08-01T22:09:41.294+0000] {processor.py:161} INFO - Started process (PID=173) to work on /opt/airflow/dags/ml_pipeline_dag_2.py
[2025-08-01T22:09:41.296+0000] {processor.py:830} INFO - Processing file /opt/airflow/dags/ml_pipeline_dag_2.py for tasks to queue
[2025-08-01T22:09:41.299+0000] {logging_mixin.py:188} INFO - [2025-08-01T22:09:41.299+0000] {dagbag.py:545} INFO - Filling up the DagBag from /opt/airflow/dags/ml_pipeline_dag_2.py
[2025-08-01T22:09:41.359+0000] {processor.py:840} INFO - DAG(s) 'ml_pipeline_dvc' retrieved from /opt/airflow/dags/ml_pipeline_dag_2.py
[2025-08-01T22:09:41.395+0000] {logging_mixin.py:188} INFO - [2025-08-01T22:09:41.395+0000] {dag.py:3096} INFO - Sync 1 DAGs
[2025-08-01T22:09:41.412+0000] {logging_mixin.py:188} INFO - [2025-08-01T22:09:41.412+0000] {dag.py:3954} INFO - Setting next_dagrun for ml_pipeline_dvc to None, run_after=None
[2025-08-01T22:09:41.440+0000] {processor.py:183} INFO - Processing /opt/airflow/dags/ml_pipeline_dag_2.py took 0.155 seconds
[2025-08-01T22:10:11.628+0000] {processor.py:161} INFO - Started process (PID=189) to work on /opt/airflow/dags/ml_pipeline_dag_2.py
[2025-08-01T22:10:11.630+0000] {processor.py:830} INFO - Processing file /opt/airflow/dags/ml_pipeline_dag_2.py for tasks to queue
[2025-08-01T22:10:11.632+0000] {logging_mixin.py:188} INFO - [2025-08-01T22:10:11.632+0000] {dagbag.py:545} INFO - Filling up the DagBag from /opt/airflow/dags/ml_pipeline_dag_2.py
[2025-08-01T22:10:11.695+0000] {processor.py:840} INFO - DAG(s) 'ml_pipeline_dvc' retrieved from /opt/airflow/dags/ml_pipeline_dag_2.py
[2025-08-01T22:10:11.734+0000] {logging_mixin.py:188} INFO - [2025-08-01T22:10:11.733+0000] {dag.py:3096} INFO - Sync 1 DAGs
[2025-08-01T22:10:11.754+0000] {logging_mixin.py:188} INFO - [2025-08-01T22:10:11.754+0000] {dag.py:3954} INFO - Setting next_dagrun for ml_pipeline_dvc to None, run_after=None
[2025-08-01T22:10:11.784+0000] {processor.py:183} INFO - Processing /opt/airflow/dags/ml_pipeline_dag_2.py took 0.169 seconds
[2025-08-01T22:10:41.966+0000] {processor.py:161} INFO - Started process (PID=207) to work on /opt/airflow/dags/ml_pipeline_dag_2.py
[2025-08-01T22:10:41.967+0000] {processor.py:830} INFO - Processing file /opt/airflow/dags/ml_pipeline_dag_2.py for tasks to queue
[2025-08-01T22:10:41.970+0000] {logging_mixin.py:188} INFO - [2025-08-01T22:10:41.970+0000] {dagbag.py:545} INFO - Filling up the DagBag from /opt/airflow/dags/ml_pipeline_dag_2.py
[2025-08-01T22:10:42.028+0000] {processor.py:840} INFO - DAG(s) 'ml_pipeline_dvc' retrieved from /opt/airflow/dags/ml_pipeline_dag_2.py
[2025-08-01T22:10:42.062+0000] {logging_mixin.py:188} INFO - [2025-08-01T22:10:42.062+0000] {dag.py:3096} INFO - Sync 1 DAGs
[2025-08-01T22:10:42.084+0000] {logging_mixin.py:188} INFO - [2025-08-01T22:10:42.084+0000] {dag.py:3954} INFO - Setting next_dagrun for ml_pipeline_dvc to None, run_after=None
[2025-08-01T22:10:42.118+0000] {processor.py:183} INFO - Processing /opt/airflow/dags/ml_pipeline_dag_2.py took 0.161 seconds
[2025-08-01T22:11:12.302+0000] {processor.py:161} INFO - Started process (PID=223) to work on /opt/airflow/dags/ml_pipeline_dag_2.py
[2025-08-01T22:11:12.304+0000] {processor.py:830} INFO - Processing file /opt/airflow/dags/ml_pipeline_dag_2.py for tasks to queue
[2025-08-01T22:11:12.307+0000] {logging_mixin.py:188} INFO - [2025-08-01T22:11:12.306+0000] {dagbag.py:545} INFO - Filling up the DagBag from /opt/airflow/dags/ml_pipeline_dag_2.py
[2025-08-01T22:11:12.365+0000] {processor.py:840} INFO - DAG(s) 'ml_pipeline_dvc' retrieved from /opt/airflow/dags/ml_pipeline_dag_2.py
[2025-08-01T22:11:12.402+0000] {logging_mixin.py:188} INFO - [2025-08-01T22:11:12.402+0000] {dag.py:3096} INFO - Sync 1 DAGs
[2025-08-01T22:11:12.419+0000] {logging_mixin.py:188} INFO - [2025-08-01T22:11:12.418+0000] {dag.py:3954} INFO - Setting next_dagrun for ml_pipeline_dvc to None, run_after=None
[2025-08-01T22:11:12.441+0000] {processor.py:183} INFO - Processing /opt/airflow/dags/ml_pipeline_dag_2.py took 0.148 seconds
[2025-08-01T22:11:42.694+0000] {processor.py:161} INFO - Started process (PID=239) to work on /opt/airflow/dags/ml_pipeline_dag_2.py
[2025-08-01T22:11:42.697+0000] {processor.py:830} INFO - Processing file /opt/airflow/dags/ml_pipeline_dag_2.py for tasks to queue
[2025-08-01T22:11:42.701+0000] {logging_mixin.py:188} INFO - [2025-08-01T22:11:42.700+0000] {dagbag.py:545} INFO - Filling up the DagBag from /opt/airflow/dags/ml_pipeline_dag_2.py
[2025-08-01T22:11:42.793+0000] {processor.py:840} INFO - DAG(s) 'ml_pipeline_dvc' retrieved from /opt/airflow/dags/ml_pipeline_dag_2.py
[2025-08-01T22:11:42.839+0000] {logging_mixin.py:188} INFO - [2025-08-01T22:11:42.838+0000] {dag.py:3096} INFO - Sync 1 DAGs
[2025-08-01T22:11:42.862+0000] {logging_mixin.py:188} INFO - [2025-08-01T22:11:42.862+0000] {dag.py:3954} INFO - Setting next_dagrun for ml_pipeline_dvc to None, run_after=None
[2025-08-01T22:11:42.898+0000] {processor.py:183} INFO - Processing /opt/airflow/dags/ml_pipeline_dag_2.py took 0.216 seconds
[2025-08-01T22:12:13.107+0000] {processor.py:161} INFO - Started process (PID=255) to work on /opt/airflow/dags/ml_pipeline_dag_2.py
[2025-08-01T22:12:13.109+0000] {processor.py:830} INFO - Processing file /opt/airflow/dags/ml_pipeline_dag_2.py for tasks to queue
[2025-08-01T22:12:13.112+0000] {logging_mixin.py:188} INFO - [2025-08-01T22:12:13.111+0000] {dagbag.py:545} INFO - Filling up the DagBag from /opt/airflow/dags/ml_pipeline_dag_2.py
[2025-08-01T22:12:13.170+0000] {processor.py:840} INFO - DAG(s) 'ml_pipeline_dvc' retrieved from /opt/airflow/dags/ml_pipeline_dag_2.py
[2025-08-01T22:12:13.206+0000] {logging_mixin.py:188} INFO - [2025-08-01T22:12:13.205+0000] {dag.py:3096} INFO - Sync 1 DAGs
[2025-08-01T22:12:13.222+0000] {logging_mixin.py:188} INFO - [2025-08-01T22:12:13.222+0000] {dag.py:3954} INFO - Setting next_dagrun for ml_pipeline_dvc to None, run_after=None
[2025-08-01T22:12:13.244+0000] {processor.py:183} INFO - Processing /opt/airflow/dags/ml_pipeline_dag_2.py took 0.146 seconds
[2025-08-01T22:12:43.421+0000] {processor.py:161} INFO - Started process (PID=271) to work on /opt/airflow/dags/ml_pipeline_dag_2.py
[2025-08-01T22:12:43.423+0000] {processor.py:830} INFO - Processing file /opt/airflow/dags/ml_pipeline_dag_2.py for tasks to queue
[2025-08-01T22:12:43.426+0000] {logging_mixin.py:188} INFO - [2025-08-01T22:12:43.426+0000] {dagbag.py:545} INFO - Filling up the DagBag from /opt/airflow/dags/ml_pipeline_dag_2.py
[2025-08-01T22:12:43.485+0000] {processor.py:840} INFO - DAG(s) 'ml_pipeline_dvc' retrieved from /opt/airflow/dags/ml_pipeline_dag_2.py
[2025-08-01T22:12:43.520+0000] {logging_mixin.py:188} INFO - [2025-08-01T22:12:43.519+0000] {dag.py:3096} INFO - Sync 1 DAGs
[2025-08-01T22:12:43.536+0000] {logging_mixin.py:188} INFO - [2025-08-01T22:12:43.536+0000] {dag.py:3954} INFO - Setting next_dagrun for ml_pipeline_dvc to None, run_after=None
[2025-08-01T22:12:43.559+0000] {processor.py:183} INFO - Processing /opt/airflow/dags/ml_pipeline_dag_2.py took 0.147 seconds
[2025-08-01T22:13:13.811+0000] {processor.py:161} INFO - Started process (PID=287) to work on /opt/airflow/dags/ml_pipeline_dag_2.py
[2025-08-01T22:13:13.834+0000] {processor.py:830} INFO - Processing file /opt/airflow/dags/ml_pipeline_dag_2.py for tasks to queue
[2025-08-01T22:13:13.845+0000] {logging_mixin.py:188} INFO - [2025-08-01T22:13:13.844+0000] {dagbag.py:545} INFO - Filling up the DagBag from /opt/airflow/dags/ml_pipeline_dag_2.py
[2025-08-01T22:13:14.131+0000] {processor.py:840} INFO - DAG(s) 'ml_pipeline_dvc' retrieved from /opt/airflow/dags/ml_pipeline_dag_2.py
[2025-08-01T22:13:14.253+0000] {logging_mixin.py:188} INFO - [2025-08-01T22:13:14.252+0000] {dag.py:3096} INFO - Sync 1 DAGs
[2025-08-01T22:13:14.386+0000] {logging_mixin.py:188} INFO - [2025-08-01T22:13:14.385+0000] {dag.py:3954} INFO - Setting next_dagrun for ml_pipeline_dvc to None, run_after=None
[2025-08-01T22:13:14.550+0000] {processor.py:183} INFO - Processing /opt/airflow/dags/ml_pipeline_dag_2.py took 0.783 seconds
[2025-08-01T22:13:45.060+0000] {processor.py:161} INFO - Started process (PID=294) to work on /opt/airflow/dags/ml_pipeline_dag_2.py
[2025-08-01T22:13:45.062+0000] {processor.py:830} INFO - Processing file /opt/airflow/dags/ml_pipeline_dag_2.py for tasks to queue
[2025-08-01T22:13:45.064+0000] {logging_mixin.py:188} INFO - [2025-08-01T22:13:45.064+0000] {dagbag.py:545} INFO - Filling up the DagBag from /opt/airflow/dags/ml_pipeline_dag_2.py
[2025-08-01T22:13:45.130+0000] {processor.py:840} INFO - DAG(s) 'ml_pipeline_dvc' retrieved from /opt/airflow/dags/ml_pipeline_dag_2.py
[2025-08-01T22:13:45.166+0000] {logging_mixin.py:188} INFO - [2025-08-01T22:13:45.166+0000] {dag.py:3096} INFO - Sync 1 DAGs
[2025-08-01T22:13:45.185+0000] {logging_mixin.py:188} INFO - [2025-08-01T22:13:45.185+0000] {dag.py:3954} INFO - Setting next_dagrun for ml_pipeline_dvc to None, run_after=None
[2025-08-01T22:13:45.221+0000] {processor.py:183} INFO - Processing /opt/airflow/dags/ml_pipeline_dag_2.py took 0.170 seconds
[2025-08-01T22:14:15.412+0000] {processor.py:161} INFO - Started process (PID=310) to work on /opt/airflow/dags/ml_pipeline_dag_2.py
[2025-08-01T22:14:15.414+0000] {processor.py:830} INFO - Processing file /opt/airflow/dags/ml_pipeline_dag_2.py for tasks to queue
[2025-08-01T22:14:15.416+0000] {logging_mixin.py:188} INFO - [2025-08-01T22:14:15.416+0000] {dagbag.py:545} INFO - Filling up the DagBag from /opt/airflow/dags/ml_pipeline_dag_2.py
[2025-08-01T22:14:15.475+0000] {processor.py:840} INFO - DAG(s) 'ml_pipeline_dvc' retrieved from /opt/airflow/dags/ml_pipeline_dag_2.py
[2025-08-01T22:14:15.512+0000] {logging_mixin.py:188} INFO - [2025-08-01T22:14:15.512+0000] {dag.py:3096} INFO - Sync 1 DAGs
[2025-08-01T22:14:15.530+0000] {logging_mixin.py:188} INFO - [2025-08-01T22:14:15.529+0000] {dag.py:3954} INFO - Setting next_dagrun for ml_pipeline_dvc to None, run_after=None
[2025-08-01T22:14:15.559+0000] {processor.py:183} INFO - Processing /opt/airflow/dags/ml_pipeline_dag_2.py took 0.156 seconds
[2025-08-01T22:14:45.743+0000] {processor.py:161} INFO - Started process (PID=326) to work on /opt/airflow/dags/ml_pipeline_dag_2.py
[2025-08-01T22:14:45.744+0000] {processor.py:830} INFO - Processing file /opt/airflow/dags/ml_pipeline_dag_2.py for tasks to queue
[2025-08-01T22:14:45.747+0000] {logging_mixin.py:188} INFO - [2025-08-01T22:14:45.747+0000] {dagbag.py:545} INFO - Filling up the DagBag from /opt/airflow/dags/ml_pipeline_dag_2.py
[2025-08-01T22:14:45.805+0000] {processor.py:840} INFO - DAG(s) 'ml_pipeline_dvc' retrieved from /opt/airflow/dags/ml_pipeline_dag_2.py
[2025-08-01T22:14:45.842+0000] {logging_mixin.py:188} INFO - [2025-08-01T22:14:45.841+0000] {dag.py:3096} INFO - Sync 1 DAGs
[2025-08-01T22:14:45.862+0000] {logging_mixin.py:188} INFO - [2025-08-01T22:14:45.861+0000] {dag.py:3954} INFO - Setting next_dagrun for ml_pipeline_dvc to None, run_after=None
[2025-08-01T22:14:45.891+0000] {processor.py:183} INFO - Processing /opt/airflow/dags/ml_pipeline_dag_2.py took 0.157 seconds
[2025-08-01T22:15:16.245+0000] {processor.py:161} INFO - Started process (PID=342) to work on /opt/airflow/dags/ml_pipeline_dag_2.py
[2025-08-01T22:15:16.247+0000] {processor.py:830} INFO - Processing file /opt/airflow/dags/ml_pipeline_dag_2.py for tasks to queue
[2025-08-01T22:15:16.251+0000] {logging_mixin.py:188} INFO - [2025-08-01T22:15:16.250+0000] {dagbag.py:545} INFO - Filling up the DagBag from /opt/airflow/dags/ml_pipeline_dag_2.py
[2025-08-01T22:15:16.333+0000] {processor.py:840} INFO - DAG(s) 'ml_pipeline_dvc' retrieved from /opt/airflow/dags/ml_pipeline_dag_2.py
[2025-08-01T22:15:16.368+0000] {logging_mixin.py:188} INFO - [2025-08-01T22:15:16.368+0000] {dag.py:3096} INFO - Sync 1 DAGs
[2025-08-01T22:15:16.386+0000] {logging_mixin.py:188} INFO - [2025-08-01T22:15:16.385+0000] {dag.py:3954} INFO - Setting next_dagrun for ml_pipeline_dvc to None, run_after=None
[2025-08-01T22:15:16.412+0000] {processor.py:183} INFO - Processing /opt/airflow/dags/ml_pipeline_dag_2.py took 0.177 seconds
[2025-08-01T22:17:09.921+0000] {processor.py:161} INFO - Started process (PID=65) to work on /opt/airflow/dags/ml_pipeline_dag_2.py
[2025-08-01T22:17:09.924+0000] {processor.py:830} INFO - Processing file /opt/airflow/dags/ml_pipeline_dag_2.py for tasks to queue
[2025-08-01T22:17:09.929+0000] {logging_mixin.py:188} INFO - [2025-08-01T22:17:09.929+0000] {dagbag.py:545} INFO - Filling up the DagBag from /opt/airflow/dags/ml_pipeline_dag_2.py
[2025-08-01T22:17:10.326+0000] {processor.py:840} INFO - DAG(s) 'ml_pipeline_dvc' retrieved from /opt/airflow/dags/ml_pipeline_dag_2.py
[2025-08-01T22:17:10.826+0000] {logging_mixin.py:188} INFO - [2025-08-01T22:17:10.825+0000] {dag.py:3096} INFO - Sync 1 DAGs
[2025-08-01T22:17:10.855+0000] {logging_mixin.py:188} INFO - [2025-08-01T22:17:10.854+0000] {dag.py:3954} INFO - Setting next_dagrun for ml_pipeline_dvc to None, run_after=None
[2025-08-01T22:17:10.897+0000] {processor.py:183} INFO - Processing /opt/airflow/dags/ml_pipeline_dag_2.py took 0.993 seconds
[2025-08-01T22:17:41.394+0000] {processor.py:161} INFO - Started process (PID=81) to work on /opt/airflow/dags/ml_pipeline_dag_2.py
[2025-08-01T22:17:41.396+0000] {processor.py:830} INFO - Processing file /opt/airflow/dags/ml_pipeline_dag_2.py for tasks to queue
[2025-08-01T22:17:41.400+0000] {logging_mixin.py:188} INFO - [2025-08-01T22:17:41.400+0000] {dagbag.py:545} INFO - Filling up the DagBag from /opt/airflow/dags/ml_pipeline_dag_2.py
[2025-08-01T22:17:41.485+0000] {processor.py:840} INFO - DAG(s) 'ml_pipeline_dvc' retrieved from /opt/airflow/dags/ml_pipeline_dag_2.py
[2025-08-01T22:17:41.544+0000] {logging_mixin.py:188} INFO - [2025-08-01T22:17:41.544+0000] {dag.py:3096} INFO - Sync 1 DAGs
[2025-08-01T22:17:41.576+0000] {logging_mixin.py:188} INFO - [2025-08-01T22:17:41.576+0000] {dag.py:3954} INFO - Setting next_dagrun for ml_pipeline_dvc to None, run_after=None
[2025-08-01T22:17:41.618+0000] {processor.py:183} INFO - Processing /opt/airflow/dags/ml_pipeline_dag_2.py took 0.235 seconds
[2025-08-01T22:18:11.866+0000] {processor.py:161} INFO - Started process (PID=104) to work on /opt/airflow/dags/ml_pipeline_dag_2.py
[2025-08-01T22:18:11.868+0000] {processor.py:830} INFO - Processing file /opt/airflow/dags/ml_pipeline_dag_2.py for tasks to queue
[2025-08-01T22:18:11.871+0000] {logging_mixin.py:188} INFO - [2025-08-01T22:18:11.870+0000] {dagbag.py:545} INFO - Filling up the DagBag from /opt/airflow/dags/ml_pipeline_dag_2.py
[2025-08-01T22:18:11.940+0000] {processor.py:840} INFO - DAG(s) 'ml_pipeline_dvc' retrieved from /opt/airflow/dags/ml_pipeline_dag_2.py
[2025-08-01T22:18:11.976+0000] {logging_mixin.py:188} INFO - [2025-08-01T22:18:11.975+0000] {dag.py:3096} INFO - Sync 1 DAGs
[2025-08-01T22:18:11.995+0000] {logging_mixin.py:188} INFO - [2025-08-01T22:18:11.995+0000] {dag.py:3954} INFO - Setting next_dagrun for ml_pipeline_dvc to None, run_after=None
[2025-08-01T22:18:12.020+0000] {processor.py:183} INFO - Processing /opt/airflow/dags/ml_pipeline_dag_2.py took 0.170 seconds
[2025-08-01T22:18:42.203+0000] {processor.py:161} INFO - Started process (PID=121) to work on /opt/airflow/dags/ml_pipeline_dag_2.py
[2025-08-01T22:18:42.204+0000] {processor.py:830} INFO - Processing file /opt/airflow/dags/ml_pipeline_dag_2.py for tasks to queue
[2025-08-01T22:18:42.208+0000] {logging_mixin.py:188} INFO - [2025-08-01T22:18:42.208+0000] {dagbag.py:545} INFO - Filling up the DagBag from /opt/airflow/dags/ml_pipeline_dag_2.py
[2025-08-01T22:18:42.336+0000] {processor.py:840} INFO - DAG(s) 'ml_pipeline_dvc' retrieved from /opt/airflow/dags/ml_pipeline_dag_2.py
[2025-08-01T22:18:42.382+0000] {logging_mixin.py:188} INFO - [2025-08-01T22:18:42.381+0000] {dag.py:3096} INFO - Sync 1 DAGs
[2025-08-01T22:18:42.410+0000] {logging_mixin.py:188} INFO - [2025-08-01T22:18:42.410+0000] {dag.py:3954} INFO - Setting next_dagrun for ml_pipeline_dvc to None, run_after=None
[2025-08-01T22:18:42.444+0000] {processor.py:183} INFO - Processing /opt/airflow/dags/ml_pipeline_dag_2.py took 0.250 seconds
[2025-08-01T22:19:12.902+0000] {processor.py:161} INFO - Started process (PID=137) to work on /opt/airflow/dags/ml_pipeline_dag_2.py
[2025-08-01T22:19:12.903+0000] {processor.py:830} INFO - Processing file /opt/airflow/dags/ml_pipeline_dag_2.py for tasks to queue
[2025-08-01T22:19:12.907+0000] {logging_mixin.py:188} INFO - [2025-08-01T22:19:12.907+0000] {dagbag.py:545} INFO - Filling up the DagBag from /opt/airflow/dags/ml_pipeline_dag_2.py
[2025-08-01T22:19:12.970+0000] {processor.py:840} INFO - DAG(s) 'ml_pipeline_dvc' retrieved from /opt/airflow/dags/ml_pipeline_dag_2.py
[2025-08-01T22:19:13.006+0000] {logging_mixin.py:188} INFO - [2025-08-01T22:19:13.006+0000] {dag.py:3096} INFO - Sync 1 DAGs
[2025-08-01T22:19:13.025+0000] {logging_mixin.py:188} INFO - [2025-08-01T22:19:13.025+0000] {dag.py:3954} INFO - Setting next_dagrun for ml_pipeline_dvc to None, run_after=None
[2025-08-01T22:19:13.048+0000] {processor.py:183} INFO - Processing /opt/airflow/dags/ml_pipeline_dag_2.py took 0.155 seconds
[2025-08-01T22:19:43.197+0000] {processor.py:161} INFO - Started process (PID=153) to work on /opt/airflow/dags/ml_pipeline_dag_2.py
[2025-08-01T22:19:43.199+0000] {processor.py:830} INFO - Processing file /opt/airflow/dags/ml_pipeline_dag_2.py for tasks to queue
[2025-08-01T22:19:43.207+0000] {logging_mixin.py:188} INFO - [2025-08-01T22:19:43.206+0000] {dagbag.py:545} INFO - Filling up the DagBag from /opt/airflow/dags/ml_pipeline_dag_2.py
[2025-08-01T22:19:43.346+0000] {processor.py:840} INFO - DAG(s) 'ml_pipeline_dvc' retrieved from /opt/airflow/dags/ml_pipeline_dag_2.py
[2025-08-01T22:19:43.416+0000] {logging_mixin.py:188} INFO - [2025-08-01T22:19:43.415+0000] {dag.py:3096} INFO - Sync 1 DAGs
[2025-08-01T22:19:43.447+0000] {logging_mixin.py:188} INFO - [2025-08-01T22:19:43.446+0000] {dag.py:3954} INFO - Setting next_dagrun for ml_pipeline_dvc to None, run_after=None
[2025-08-01T22:19:43.496+0000] {processor.py:183} INFO - Processing /opt/airflow/dags/ml_pipeline_dag_2.py took 0.314 seconds
[2025-08-01T22:20:13.716+0000] {processor.py:161} INFO - Started process (PID=169) to work on /opt/airflow/dags/ml_pipeline_dag_2.py
[2025-08-01T22:20:13.717+0000] {processor.py:830} INFO - Processing file /opt/airflow/dags/ml_pipeline_dag_2.py for tasks to queue
[2025-08-01T22:20:13.721+0000] {logging_mixin.py:188} INFO - [2025-08-01T22:20:13.721+0000] {dagbag.py:545} INFO - Filling up the DagBag from /opt/airflow/dags/ml_pipeline_dag_2.py
[2025-08-01T22:20:13.778+0000] {processor.py:840} INFO - DAG(s) 'ml_pipeline_dvc' retrieved from /opt/airflow/dags/ml_pipeline_dag_2.py
[2025-08-01T22:20:13.814+0000] {logging_mixin.py:188} INFO - [2025-08-01T22:20:13.814+0000] {dag.py:3096} INFO - Sync 1 DAGs
[2025-08-01T22:20:13.831+0000] {logging_mixin.py:188} INFO - [2025-08-01T22:20:13.831+0000] {dag.py:3954} INFO - Setting next_dagrun for ml_pipeline_dvc to None, run_after=None
[2025-08-01T22:20:13.860+0000] {processor.py:183} INFO - Processing /opt/airflow/dags/ml_pipeline_dag_2.py took 0.153 seconds
[2025-08-01T22:20:44.041+0000] {processor.py:161} INFO - Started process (PID=185) to work on /opt/airflow/dags/ml_pipeline_dag_2.py
[2025-08-01T22:20:44.042+0000] {processor.py:830} INFO - Processing file /opt/airflow/dags/ml_pipeline_dag_2.py for tasks to queue
[2025-08-01T22:20:44.046+0000] {logging_mixin.py:188} INFO - [2025-08-01T22:20:44.045+0000] {dagbag.py:545} INFO - Filling up the DagBag from /opt/airflow/dags/ml_pipeline_dag_2.py
[2025-08-01T22:20:44.134+0000] {processor.py:840} INFO - DAG(s) 'ml_pipeline_dvc' retrieved from /opt/airflow/dags/ml_pipeline_dag_2.py
[2025-08-01T22:20:44.181+0000] {logging_mixin.py:188} INFO - [2025-08-01T22:20:44.180+0000] {dag.py:3096} INFO - Sync 1 DAGs
[2025-08-01T22:20:44.208+0000] {logging_mixin.py:188} INFO - [2025-08-01T22:20:44.207+0000] {dag.py:3954} INFO - Setting next_dagrun for ml_pipeline_dvc to None, run_after=None
[2025-08-01T22:20:44.252+0000] {processor.py:183} INFO - Processing /opt/airflow/dags/ml_pipeline_dag_2.py took 0.221 seconds
[2025-08-01T22:21:14.450+0000] {processor.py:161} INFO - Started process (PID=201) to work on /opt/airflow/dags/ml_pipeline_dag_2.py
[2025-08-01T22:21:14.451+0000] {processor.py:830} INFO - Processing file /opt/airflow/dags/ml_pipeline_dag_2.py for tasks to queue
[2025-08-01T22:21:14.454+0000] {logging_mixin.py:188} INFO - [2025-08-01T22:21:14.453+0000] {dagbag.py:545} INFO - Filling up the DagBag from /opt/airflow/dags/ml_pipeline_dag_2.py
[2025-08-01T22:21:14.516+0000] {processor.py:840} INFO - DAG(s) 'ml_pipeline_dvc' retrieved from /opt/airflow/dags/ml_pipeline_dag_2.py
[2025-08-01T22:21:14.553+0000] {logging_mixin.py:188} INFO - [2025-08-01T22:21:14.552+0000] {dag.py:3096} INFO - Sync 1 DAGs
[2025-08-01T22:21:14.573+0000] {logging_mixin.py:188} INFO - [2025-08-01T22:21:14.573+0000] {dag.py:3954} INFO - Setting next_dagrun for ml_pipeline_dvc to None, run_after=None
[2025-08-01T22:21:14.597+0000] {processor.py:183} INFO - Processing /opt/airflow/dags/ml_pipeline_dag_2.py took 0.156 seconds
[2025-08-01T22:21:44.851+0000] {processor.py:161} INFO - Started process (PID=217) to work on /opt/airflow/dags/ml_pipeline_dag_2.py
[2025-08-01T22:21:44.853+0000] {processor.py:830} INFO - Processing file /opt/airflow/dags/ml_pipeline_dag_2.py for tasks to queue
[2025-08-01T22:21:44.855+0000] {logging_mixin.py:188} INFO - [2025-08-01T22:21:44.855+0000] {dagbag.py:545} INFO - Filling up the DagBag from /opt/airflow/dags/ml_pipeline_dag_2.py
[2025-08-01T22:21:44.931+0000] {processor.py:840} INFO - DAG(s) 'ml_pipeline_dvc' retrieved from /opt/airflow/dags/ml_pipeline_dag_2.py
[2025-08-01T22:21:44.977+0000] {logging_mixin.py:188} INFO - [2025-08-01T22:21:44.976+0000] {dag.py:3096} INFO - Sync 1 DAGs
[2025-08-01T22:21:44.998+0000] {logging_mixin.py:188} INFO - [2025-08-01T22:21:44.998+0000] {dag.py:3954} INFO - Setting next_dagrun for ml_pipeline_dvc to None, run_after=None
[2025-08-01T22:21:45.029+0000] {processor.py:183} INFO - Processing /opt/airflow/dags/ml_pipeline_dag_2.py took 0.188 seconds
[2025-08-01T22:22:15.220+0000] {processor.py:161} INFO - Started process (PID=233) to work on /opt/airflow/dags/ml_pipeline_dag_2.py
[2025-08-01T22:22:15.221+0000] {processor.py:830} INFO - Processing file /opt/airflow/dags/ml_pipeline_dag_2.py for tasks to queue
[2025-08-01T22:22:15.224+0000] {logging_mixin.py:188} INFO - [2025-08-01T22:22:15.224+0000] {dagbag.py:545} INFO - Filling up the DagBag from /opt/airflow/dags/ml_pipeline_dag_2.py
[2025-08-01T22:22:15.281+0000] {processor.py:840} INFO - DAG(s) 'ml_pipeline_dvc' retrieved from /opt/airflow/dags/ml_pipeline_dag_2.py
[2025-08-01T22:22:15.317+0000] {logging_mixin.py:188} INFO - [2025-08-01T22:22:15.317+0000] {dag.py:3096} INFO - Sync 1 DAGs
[2025-08-01T22:22:15.335+0000] {logging_mixin.py:188} INFO - [2025-08-01T22:22:15.335+0000] {dag.py:3954} INFO - Setting next_dagrun for ml_pipeline_dvc to None, run_after=None
[2025-08-01T22:22:15.363+0000] {processor.py:183} INFO - Processing /opt/airflow/dags/ml_pipeline_dag_2.py took 0.151 seconds
[2025-08-01T22:22:45.539+0000] {processor.py:161} INFO - Started process (PID=249) to work on /opt/airflow/dags/ml_pipeline_dag_2.py
[2025-08-01T22:22:45.541+0000] {processor.py:830} INFO - Processing file /opt/airflow/dags/ml_pipeline_dag_2.py for tasks to queue
[2025-08-01T22:22:45.544+0000] {logging_mixin.py:188} INFO - [2025-08-01T22:22:45.543+0000] {dagbag.py:545} INFO - Filling up the DagBag from /opt/airflow/dags/ml_pipeline_dag_2.py
[2025-08-01T22:22:45.619+0000] {processor.py:840} INFO - DAG(s) 'ml_pipeline_dvc' retrieved from /opt/airflow/dags/ml_pipeline_dag_2.py
[2025-08-01T22:22:45.669+0000] {logging_mixin.py:188} INFO - [2025-08-01T22:22:45.669+0000] {dag.py:3096} INFO - Sync 1 DAGs
[2025-08-01T22:22:45.688+0000] {logging_mixin.py:188} INFO - [2025-08-01T22:22:45.688+0000] {dag.py:3954} INFO - Setting next_dagrun for ml_pipeline_dvc to None, run_after=None
[2025-08-01T22:22:45.720+0000] {processor.py:183} INFO - Processing /opt/airflow/dags/ml_pipeline_dag_2.py took 0.191 seconds
[2025-08-01T22:23:16.023+0000] {processor.py:161} INFO - Started process (PID=265) to work on /opt/airflow/dags/ml_pipeline_dag_2.py
[2025-08-01T22:23:16.025+0000] {processor.py:830} INFO - Processing file /opt/airflow/dags/ml_pipeline_dag_2.py for tasks to queue
[2025-08-01T22:23:16.029+0000] {logging_mixin.py:188} INFO - [2025-08-01T22:23:16.028+0000] {dagbag.py:545} INFO - Filling up the DagBag from /opt/airflow/dags/ml_pipeline_dag_2.py
[2025-08-01T22:23:16.094+0000] {processor.py:840} INFO - DAG(s) 'ml_pipeline_dvc' retrieved from /opt/airflow/dags/ml_pipeline_dag_2.py
[2025-08-01T22:23:16.132+0000] {logging_mixin.py:188} INFO - [2025-08-01T22:23:16.131+0000] {dag.py:3096} INFO - Sync 1 DAGs
[2025-08-01T22:23:16.150+0000] {logging_mixin.py:188} INFO - [2025-08-01T22:23:16.150+0000] {dag.py:3954} INFO - Setting next_dagrun for ml_pipeline_dvc to None, run_after=None
[2025-08-01T22:23:16.175+0000] {processor.py:183} INFO - Processing /opt/airflow/dags/ml_pipeline_dag_2.py took 0.162 seconds
[2025-08-01T22:23:46.361+0000] {processor.py:161} INFO - Started process (PID=281) to work on /opt/airflow/dags/ml_pipeline_dag_2.py
[2025-08-01T22:23:46.363+0000] {processor.py:830} INFO - Processing file /opt/airflow/dags/ml_pipeline_dag_2.py for tasks to queue
[2025-08-01T22:23:46.366+0000] {logging_mixin.py:188} INFO - [2025-08-01T22:23:46.366+0000] {dagbag.py:545} INFO - Filling up the DagBag from /opt/airflow/dags/ml_pipeline_dag_2.py
[2025-08-01T22:23:46.425+0000] {processor.py:840} INFO - DAG(s) 'ml_pipeline_dvc' retrieved from /opt/airflow/dags/ml_pipeline_dag_2.py
[2025-08-01T22:23:46.459+0000] {logging_mixin.py:188} INFO - [2025-08-01T22:23:46.459+0000] {dag.py:3096} INFO - Sync 1 DAGs
[2025-08-01T22:23:46.479+0000] {logging_mixin.py:188} INFO - [2025-08-01T22:23:46.479+0000] {dag.py:3954} INFO - Setting next_dagrun for ml_pipeline_dvc to None, run_after=None
[2025-08-01T22:23:46.500+0000] {processor.py:183} INFO - Processing /opt/airflow/dags/ml_pipeline_dag_2.py took 0.148 seconds
[2025-08-01T22:24:16.675+0000] {processor.py:161} INFO - Started process (PID=297) to work on /opt/airflow/dags/ml_pipeline_dag_2.py
[2025-08-01T22:24:16.677+0000] {processor.py:830} INFO - Processing file /opt/airflow/dags/ml_pipeline_dag_2.py for tasks to queue
[2025-08-01T22:24:16.681+0000] {logging_mixin.py:188} INFO - [2025-08-01T22:24:16.680+0000] {dagbag.py:545} INFO - Filling up the DagBag from /opt/airflow/dags/ml_pipeline_dag_2.py
[2025-08-01T22:24:16.736+0000] {processor.py:840} INFO - DAG(s) 'ml_pipeline_dvc' retrieved from /opt/airflow/dags/ml_pipeline_dag_2.py
[2025-08-01T22:24:16.771+0000] {logging_mixin.py:188} INFO - [2025-08-01T22:24:16.770+0000] {dag.py:3096} INFO - Sync 1 DAGs
[2025-08-01T22:24:16.789+0000] {logging_mixin.py:188} INFO - [2025-08-01T22:24:16.789+0000] {dag.py:3954} INFO - Setting next_dagrun for ml_pipeline_dvc to None, run_after=None
[2025-08-01T22:24:16.811+0000] {processor.py:183} INFO - Processing /opt/airflow/dags/ml_pipeline_dag_2.py took 0.144 seconds
[2025-08-01T22:24:46.981+0000] {processor.py:161} INFO - Started process (PID=313) to work on /opt/airflow/dags/ml_pipeline_dag_2.py
[2025-08-01T22:24:46.982+0000] {processor.py:830} INFO - Processing file /opt/airflow/dags/ml_pipeline_dag_2.py for tasks to queue
[2025-08-01T22:24:46.985+0000] {logging_mixin.py:188} INFO - [2025-08-01T22:24:46.985+0000] {dagbag.py:545} INFO - Filling up the DagBag from /opt/airflow/dags/ml_pipeline_dag_2.py
[2025-08-01T22:24:47.044+0000] {processor.py:840} INFO - DAG(s) 'ml_pipeline_dvc' retrieved from /opt/airflow/dags/ml_pipeline_dag_2.py
[2025-08-01T22:24:47.079+0000] {logging_mixin.py:188} INFO - [2025-08-01T22:24:47.079+0000] {dag.py:3096} INFO - Sync 1 DAGs
[2025-08-01T22:24:47.097+0000] {logging_mixin.py:188} INFO - [2025-08-01T22:24:47.097+0000] {dag.py:3954} INFO - Setting next_dagrun for ml_pipeline_dvc to None, run_after=None
[2025-08-01T22:24:47.123+0000] {processor.py:183} INFO - Processing /opt/airflow/dags/ml_pipeline_dag_2.py took 0.150 seconds
[2025-08-01T22:25:17.170+0000] {processor.py:161} INFO - Started process (PID=320) to work on /opt/airflow/dags/ml_pipeline_dag_2.py
[2025-08-01T22:25:17.171+0000] {processor.py:830} INFO - Processing file /opt/airflow/dags/ml_pipeline_dag_2.py for tasks to queue
[2025-08-01T22:25:17.174+0000] {logging_mixin.py:188} INFO - [2025-08-01T22:25:17.174+0000] {dagbag.py:545} INFO - Filling up the DagBag from /opt/airflow/dags/ml_pipeline_dag_2.py
[2025-08-01T22:25:17.233+0000] {processor.py:840} INFO - DAG(s) 'ml_pipeline_dvc' retrieved from /opt/airflow/dags/ml_pipeline_dag_2.py
[2025-08-01T22:25:17.269+0000] {logging_mixin.py:188} INFO - [2025-08-01T22:25:17.269+0000] {dag.py:3096} INFO - Sync 1 DAGs
[2025-08-01T22:25:17.287+0000] {logging_mixin.py:188} INFO - [2025-08-01T22:25:17.287+0000] {dag.py:3954} INFO - Setting next_dagrun for ml_pipeline_dvc to None, run_after=None
[2025-08-01T22:25:17.310+0000] {processor.py:183} INFO - Processing /opt/airflow/dags/ml_pipeline_dag_2.py took 0.149 seconds
[2025-08-01T22:25:47.502+0000] {processor.py:161} INFO - Started process (PID=336) to work on /opt/airflow/dags/ml_pipeline_dag_2.py
[2025-08-01T22:25:47.504+0000] {processor.py:830} INFO - Processing file /opt/airflow/dags/ml_pipeline_dag_2.py for tasks to queue
[2025-08-01T22:25:47.507+0000] {logging_mixin.py:188} INFO - [2025-08-01T22:25:47.506+0000] {dagbag.py:545} INFO - Filling up the DagBag from /opt/airflow/dags/ml_pipeline_dag_2.py
[2025-08-01T22:25:47.570+0000] {processor.py:840} INFO - DAG(s) 'ml_pipeline_dvc' retrieved from /opt/airflow/dags/ml_pipeline_dag_2.py
[2025-08-01T22:25:47.618+0000] {logging_mixin.py:188} INFO - [2025-08-01T22:25:47.617+0000] {dag.py:3096} INFO - Sync 1 DAGs
[2025-08-01T22:25:47.634+0000] {logging_mixin.py:188} INFO - [2025-08-01T22:25:47.634+0000] {dag.py:3954} INFO - Setting next_dagrun for ml_pipeline_dvc to None, run_after=None
[2025-08-01T22:25:47.655+0000] {processor.py:183} INFO - Processing /opt/airflow/dags/ml_pipeline_dag_2.py took 0.162 seconds
[2025-08-01T22:26:17.852+0000] {processor.py:161} INFO - Started process (PID=352) to work on /opt/airflow/dags/ml_pipeline_dag_2.py
[2025-08-01T22:26:17.853+0000] {processor.py:830} INFO - Processing file /opt/airflow/dags/ml_pipeline_dag_2.py for tasks to queue
[2025-08-01T22:26:17.856+0000] {logging_mixin.py:188} INFO - [2025-08-01T22:26:17.856+0000] {dagbag.py:545} INFO - Filling up the DagBag from /opt/airflow/dags/ml_pipeline_dag_2.py
[2025-08-01T22:26:17.917+0000] {processor.py:840} INFO - DAG(s) 'ml_pipeline_dvc' retrieved from /opt/airflow/dags/ml_pipeline_dag_2.py
[2025-08-01T22:26:17.954+0000] {logging_mixin.py:188} INFO - [2025-08-01T22:26:17.953+0000] {dag.py:3096} INFO - Sync 1 DAGs
[2025-08-01T22:26:17.971+0000] {logging_mixin.py:188} INFO - [2025-08-01T22:26:17.971+0000] {dag.py:3954} INFO - Setting next_dagrun for ml_pipeline_dvc to None, run_after=None
[2025-08-01T22:26:17.996+0000] {processor.py:183} INFO - Processing /opt/airflow/dags/ml_pipeline_dag_2.py took 0.153 seconds
[2025-08-01T22:26:48.203+0000] {processor.py:161} INFO - Started process (PID=368) to work on /opt/airflow/dags/ml_pipeline_dag_2.py
[2025-08-01T22:26:48.205+0000] {processor.py:830} INFO - Processing file /opt/airflow/dags/ml_pipeline_dag_2.py for tasks to queue
[2025-08-01T22:26:48.209+0000] {logging_mixin.py:188} INFO - [2025-08-01T22:26:48.209+0000] {dagbag.py:545} INFO - Filling up the DagBag from /opt/airflow/dags/ml_pipeline_dag_2.py
[2025-08-01T22:26:48.288+0000] {processor.py:840} INFO - DAG(s) 'ml_pipeline_dvc' retrieved from /opt/airflow/dags/ml_pipeline_dag_2.py
[2025-08-01T22:26:48.337+0000] {logging_mixin.py:188} INFO - [2025-08-01T22:26:48.336+0000] {dag.py:3096} INFO - Sync 1 DAGs
[2025-08-01T22:26:48.359+0000] {logging_mixin.py:188} INFO - [2025-08-01T22:26:48.358+0000] {dag.py:3954} INFO - Setting next_dagrun for ml_pipeline_dvc to None, run_after=None
[2025-08-01T22:26:48.386+0000] {processor.py:183} INFO - Processing /opt/airflow/dags/ml_pipeline_dag_2.py took 0.199 seconds
[2025-08-01T22:27:18.580+0000] {processor.py:161} INFO - Started process (PID=384) to work on /opt/airflow/dags/ml_pipeline_dag_2.py
[2025-08-01T22:27:18.582+0000] {processor.py:830} INFO - Processing file /opt/airflow/dags/ml_pipeline_dag_2.py for tasks to queue
[2025-08-01T22:27:18.585+0000] {logging_mixin.py:188} INFO - [2025-08-01T22:27:18.584+0000] {dagbag.py:545} INFO - Filling up the DagBag from /opt/airflow/dags/ml_pipeline_dag_2.py
[2025-08-01T22:27:18.646+0000] {processor.py:840} INFO - DAG(s) 'ml_pipeline_dvc' retrieved from /opt/airflow/dags/ml_pipeline_dag_2.py
[2025-08-01T22:27:18.685+0000] {logging_mixin.py:188} INFO - [2025-08-01T22:27:18.685+0000] {dag.py:3096} INFO - Sync 1 DAGs
[2025-08-01T22:27:18.703+0000] {logging_mixin.py:188} INFO - [2025-08-01T22:27:18.703+0000] {dag.py:3954} INFO - Setting next_dagrun for ml_pipeline_dvc to None, run_after=None
[2025-08-01T22:27:18.727+0000] {processor.py:183} INFO - Processing /opt/airflow/dags/ml_pipeline_dag_2.py took 0.156 seconds
[2025-08-01T22:27:48.925+0000] {processor.py:161} INFO - Started process (PID=400) to work on /opt/airflow/dags/ml_pipeline_dag_2.py
[2025-08-01T22:27:48.926+0000] {processor.py:830} INFO - Processing file /opt/airflow/dags/ml_pipeline_dag_2.py for tasks to queue
[2025-08-01T22:27:48.930+0000] {logging_mixin.py:188} INFO - [2025-08-01T22:27:48.929+0000] {dagbag.py:545} INFO - Filling up the DagBag from /opt/airflow/dags/ml_pipeline_dag_2.py
[2025-08-01T22:27:48.990+0000] {processor.py:840} INFO - DAG(s) 'ml_pipeline_dvc' retrieved from /opt/airflow/dags/ml_pipeline_dag_2.py
[2025-08-01T22:27:49.033+0000] {logging_mixin.py:188} INFO - [2025-08-01T22:27:49.033+0000] {dag.py:3096} INFO - Sync 1 DAGs
[2025-08-01T22:27:49.052+0000] {logging_mixin.py:188} INFO - [2025-08-01T22:27:49.052+0000] {dag.py:3954} INFO - Setting next_dagrun for ml_pipeline_dvc to None, run_after=None
[2025-08-01T22:27:49.079+0000] {processor.py:183} INFO - Processing /opt/airflow/dags/ml_pipeline_dag_2.py took 0.163 seconds
[2025-08-01T22:28:19.283+0000] {processor.py:161} INFO - Started process (PID=416) to work on /opt/airflow/dags/ml_pipeline_dag_2.py
[2025-08-01T22:28:19.284+0000] {processor.py:830} INFO - Processing file /opt/airflow/dags/ml_pipeline_dag_2.py for tasks to queue
[2025-08-01T22:28:19.287+0000] {logging_mixin.py:188} INFO - [2025-08-01T22:28:19.287+0000] {dagbag.py:545} INFO - Filling up the DagBag from /opt/airflow/dags/ml_pipeline_dag_2.py
[2025-08-01T22:28:19.356+0000] {processor.py:840} INFO - DAG(s) 'ml_pipeline_dvc' retrieved from /opt/airflow/dags/ml_pipeline_dag_2.py
[2025-08-01T22:28:19.397+0000] {logging_mixin.py:188} INFO - [2025-08-01T22:28:19.396+0000] {dag.py:3096} INFO - Sync 1 DAGs
[2025-08-01T22:28:19.415+0000] {logging_mixin.py:188} INFO - [2025-08-01T22:28:19.414+0000] {dag.py:3954} INFO - Setting next_dagrun for ml_pipeline_dvc to None, run_after=None
[2025-08-01T22:28:19.438+0000] {processor.py:183} INFO - Processing /opt/airflow/dags/ml_pipeline_dag_2.py took 0.164 seconds
[2025-08-01T22:28:49.786+0000] {processor.py:161} INFO - Started process (PID=432) to work on /opt/airflow/dags/ml_pipeline_dag_2.py
[2025-08-01T22:28:49.790+0000] {processor.py:830} INFO - Processing file /opt/airflow/dags/ml_pipeline_dag_2.py for tasks to queue
[2025-08-01T22:28:49.798+0000] {logging_mixin.py:188} INFO - [2025-08-01T22:28:49.796+0000] {dagbag.py:545} INFO - Filling up the DagBag from /opt/airflow/dags/ml_pipeline_dag_2.py
[2025-08-01T22:28:49.991+0000] {processor.py:840} INFO - DAG(s) 'ml_pipeline_dvc' retrieved from /opt/airflow/dags/ml_pipeline_dag_2.py
[2025-08-01T22:28:50.063+0000] {logging_mixin.py:188} INFO - [2025-08-01T22:28:50.062+0000] {dag.py:3096} INFO - Sync 1 DAGs
[2025-08-01T22:28:50.123+0000] {logging_mixin.py:188} INFO - [2025-08-01T22:28:50.119+0000] {dag.py:3954} INFO - Setting next_dagrun for ml_pipeline_dvc to None, run_after=None
[2025-08-01T22:28:50.272+0000] {processor.py:183} INFO - Processing /opt/airflow/dags/ml_pipeline_dag_2.py took 0.519 seconds
[2025-08-01T22:29:20.575+0000] {processor.py:161} INFO - Started process (PID=447) to work on /opt/airflow/dags/ml_pipeline_dag_2.py
[2025-08-01T22:29:20.577+0000] {processor.py:830} INFO - Processing file /opt/airflow/dags/ml_pipeline_dag_2.py for tasks to queue
[2025-08-01T22:29:20.580+0000] {logging_mixin.py:188} INFO - [2025-08-01T22:29:20.580+0000] {dagbag.py:545} INFO - Filling up the DagBag from /opt/airflow/dags/ml_pipeline_dag_2.py
[2025-08-01T22:29:20.653+0000] {processor.py:840} INFO - DAG(s) 'ml_pipeline_dvc' retrieved from /opt/airflow/dags/ml_pipeline_dag_2.py
[2025-08-01T22:29:20.694+0000] {logging_mixin.py:188} INFO - [2025-08-01T22:29:20.693+0000] {dag.py:3096} INFO - Sync 1 DAGs
[2025-08-01T22:29:20.712+0000] {logging_mixin.py:188} INFO - [2025-08-01T22:29:20.712+0000] {dag.py:3954} INFO - Setting next_dagrun for ml_pipeline_dvc to None, run_after=None
[2025-08-01T22:29:20.738+0000] {processor.py:183} INFO - Processing /opt/airflow/dags/ml_pipeline_dag_2.py took 0.171 seconds
[2025-08-01T22:29:50.779+0000] {processor.py:161} INFO - Started process (PID=463) to work on /opt/airflow/dags/ml_pipeline_dag_2.py
[2025-08-01T22:29:50.780+0000] {processor.py:830} INFO - Processing file /opt/airflow/dags/ml_pipeline_dag_2.py for tasks to queue
[2025-08-01T22:29:50.783+0000] {logging_mixin.py:188} INFO - [2025-08-01T22:29:50.783+0000] {dagbag.py:545} INFO - Filling up the DagBag from /opt/airflow/dags/ml_pipeline_dag_2.py
[2025-08-01T22:29:50.841+0000] {processor.py:840} INFO - DAG(s) 'ml_pipeline_dvc' retrieved from /opt/airflow/dags/ml_pipeline_dag_2.py
[2025-08-01T22:29:50.877+0000] {logging_mixin.py:188} INFO - [2025-08-01T22:29:50.877+0000] {dag.py:3096} INFO - Sync 1 DAGs
[2025-08-01T22:29:50.897+0000] {logging_mixin.py:188} INFO - [2025-08-01T22:29:50.897+0000] {dag.py:3954} INFO - Setting next_dagrun for ml_pipeline_dvc to None, run_after=None
[2025-08-01T22:29:50.923+0000] {processor.py:183} INFO - Processing /opt/airflow/dags/ml_pipeline_dag_2.py took 0.153 seconds
[2025-08-01T22:30:21.117+0000] {processor.py:161} INFO - Started process (PID=478) to work on /opt/airflow/dags/ml_pipeline_dag_2.py
[2025-08-01T22:30:21.119+0000] {processor.py:830} INFO - Processing file /opt/airflow/dags/ml_pipeline_dag_2.py for tasks to queue
[2025-08-01T22:30:21.122+0000] {logging_mixin.py:188} INFO - [2025-08-01T22:30:21.121+0000] {dagbag.py:545} INFO - Filling up the DagBag from /opt/airflow/dags/ml_pipeline_dag_2.py
[2025-08-01T22:30:21.180+0000] {processor.py:840} INFO - DAG(s) 'ml_pipeline_dvc' retrieved from /opt/airflow/dags/ml_pipeline_dag_2.py
[2025-08-01T22:30:21.217+0000] {logging_mixin.py:188} INFO - [2025-08-01T22:30:21.217+0000] {dag.py:3096} INFO - Sync 1 DAGs
[2025-08-01T22:30:21.236+0000] {logging_mixin.py:188} INFO - [2025-08-01T22:30:21.235+0000] {dag.py:3954} INFO - Setting next_dagrun for ml_pipeline_dvc to None, run_after=None
[2025-08-01T22:30:21.257+0000] {processor.py:183} INFO - Processing /opt/airflow/dags/ml_pipeline_dag_2.py took 0.149 seconds
[2025-08-01T22:30:51.443+0000] {processor.py:161} INFO - Started process (PID=494) to work on /opt/airflow/dags/ml_pipeline_dag_2.py
[2025-08-01T22:30:51.445+0000] {processor.py:830} INFO - Processing file /opt/airflow/dags/ml_pipeline_dag_2.py for tasks to queue
[2025-08-01T22:30:51.448+0000] {logging_mixin.py:188} INFO - [2025-08-01T22:30:51.448+0000] {dagbag.py:545} INFO - Filling up the DagBag from /opt/airflow/dags/ml_pipeline_dag_2.py
[2025-08-01T22:30:51.506+0000] {processor.py:840} INFO - DAG(s) 'ml_pipeline_dvc' retrieved from /opt/airflow/dags/ml_pipeline_dag_2.py
[2025-08-01T22:30:51.542+0000] {logging_mixin.py:188} INFO - [2025-08-01T22:30:51.541+0000] {dag.py:3096} INFO - Sync 1 DAGs
[2025-08-01T22:30:51.559+0000] {logging_mixin.py:188} INFO - [2025-08-01T22:30:51.559+0000] {dag.py:3954} INFO - Setting next_dagrun for ml_pipeline_dvc to None, run_after=None
[2025-08-01T22:30:51.580+0000] {processor.py:183} INFO - Processing /opt/airflow/dags/ml_pipeline_dag_2.py took 0.146 seconds
[2025-08-01T22:31:21.752+0000] {processor.py:161} INFO - Started process (PID=510) to work on /opt/airflow/dags/ml_pipeline_dag_2.py
[2025-08-01T22:31:21.754+0000] {processor.py:830} INFO - Processing file /opt/airflow/dags/ml_pipeline_dag_2.py for tasks to queue
[2025-08-01T22:31:21.757+0000] {logging_mixin.py:188} INFO - [2025-08-01T22:31:21.757+0000] {dagbag.py:545} INFO - Filling up the DagBag from /opt/airflow/dags/ml_pipeline_dag_2.py
[2025-08-01T22:31:21.825+0000] {processor.py:840} INFO - DAG(s) 'ml_pipeline_dvc' retrieved from /opt/airflow/dags/ml_pipeline_dag_2.py
[2025-08-01T22:31:21.868+0000] {logging_mixin.py:188} INFO - [2025-08-01T22:31:21.868+0000] {dag.py:3096} INFO - Sync 1 DAGs
[2025-08-01T22:31:21.889+0000] {logging_mixin.py:188} INFO - [2025-08-01T22:31:21.888+0000] {dag.py:3954} INFO - Setting next_dagrun for ml_pipeline_dvc to None, run_after=None
[2025-08-01T22:31:21.917+0000] {processor.py:183} INFO - Processing /opt/airflow/dags/ml_pipeline_dag_2.py took 0.176 seconds
[2025-08-01T22:31:52.000+0000] {processor.py:161} INFO - Started process (PID=526) to work on /opt/airflow/dags/ml_pipeline_dag_2.py
[2025-08-01T22:31:52.002+0000] {processor.py:830} INFO - Processing file /opt/airflow/dags/ml_pipeline_dag_2.py for tasks to queue
[2025-08-01T22:31:52.005+0000] {logging_mixin.py:188} INFO - [2025-08-01T22:31:52.004+0000] {dagbag.py:545} INFO - Filling up the DagBag from /opt/airflow/dags/ml_pipeline_dag_2.py
[2025-08-01T22:31:52.063+0000] {processor.py:840} INFO - DAG(s) 'ml_pipeline_dvc' retrieved from /opt/airflow/dags/ml_pipeline_dag_2.py
[2025-08-01T22:31:52.100+0000] {logging_mixin.py:188} INFO - [2025-08-01T22:31:52.100+0000] {dag.py:3096} INFO - Sync 1 DAGs
[2025-08-01T22:31:52.118+0000] {logging_mixin.py:188} INFO - [2025-08-01T22:31:52.118+0000] {dag.py:3954} INFO - Setting next_dagrun for ml_pipeline_dvc to None, run_after=None
[2025-08-01T22:31:52.139+0000] {processor.py:183} INFO - Processing /opt/airflow/dags/ml_pipeline_dag_2.py took 0.150 seconds
