[2025-07-30T23:11:01.948+0000] {local_task_job_runner.py:120} INFO - ::group::Pre task execution logs
[2025-07-30T23:11:01.978+0000] {taskinstance.py:2076} INFO - Dependencies all met for dep_context=non-requeueable deps ti=<TaskInstance: ml_pipeline_dag.detect_drift_task manual__2025-07-30T23:10:52.404299+00:00 [queued]>
[2025-07-30T23:11:01.988+0000] {taskinstance.py:2076} INFO - Dependencies all met for dep_context=requeueable deps ti=<TaskInstance: ml_pipeline_dag.detect_drift_task manual__2025-07-30T23:10:52.404299+00:00 [queued]>
[2025-07-30T23:11:01.989+0000] {taskinstance.py:2306} INFO - Starting attempt 1 of 1
[2025-07-30T23:11:02.006+0000] {taskinstance.py:2330} INFO - Executing <Task(PythonOperator): detect_drift_task> on 2025-07-30 23:10:52.404299+00:00
[2025-07-30T23:11:02.016+0000] {warnings.py:110} WARNING - /home/***/.local/lib/python3.12/site-packages/***/task/task_runner/standard_task_runner.py:61: DeprecationWarning: This process (pid=688) is multi-threaded, use of fork() may lead to deadlocks in the child.
  pid = os.fork()

[2025-07-30T23:11:02.019+0000] {standard_task_runner.py:63} INFO - Started process 697 to run task
[2025-07-30T23:11:02.019+0000] {standard_task_runner.py:90} INFO - Running: ['***', 'tasks', 'run', 'ml_pipeline_dag', 'detect_drift_task', 'manual__2025-07-30T23:10:52.404299+00:00', '--job-id', '38', '--raw', '--subdir', 'DAGS_FOLDER/ml_pipeline_dag.py', '--cfg-path', '/tmp/tmpzw57s0to']
[2025-07-30T23:11:02.022+0000] {standard_task_runner.py:91} INFO - Job 38: Subtask detect_drift_task
[2025-07-30T23:11:02.080+0000] {task_command.py:426} INFO - Running <TaskInstance: ml_pipeline_dag.detect_drift_task manual__2025-07-30T23:10:52.404299+00:00 [running]> on host edd92f9295b0
[2025-07-30T23:11:02.201+0000] {taskinstance.py:2648} INFO - Exporting env vars: AIRFLOW_CTX_DAG_OWNER='***' AIRFLOW_CTX_DAG_ID='ml_pipeline_dag' AIRFLOW_CTX_TASK_ID='detect_drift_task' AIRFLOW_CTX_EXECUTION_DATE='2025-07-30T23:10:52.404299+00:00' AIRFLOW_CTX_TRY_NUMBER='1' AIRFLOW_CTX_DAG_RUN_ID='manual__2025-07-30T23:10:52.404299+00:00'
[2025-07-30T23:11:02.205+0000] {taskinstance.py:430} INFO - ::endgroup::
[2025-07-30T23:11:02.224+0000] {logging_mixin.py:188} INFO - Batch 1 - Drift score: 0.21
[2025-07-30T23:11:02.225+0000] {logging_mixin.py:188} INFO - Batch 2 - Drift score: 0.13
[2025-07-30T23:11:02.226+0000] {logging_mixin.py:188} INFO - Batch 3 - Drift score: 0.10
[2025-07-30T23:11:02.227+0000] {logging_mixin.py:188} INFO - Batch 4 - Drift score: 0.14
[2025-07-30T23:11:02.228+0000] {logging_mixin.py:188} INFO - Batch 5 - Drift score: 0.04
[2025-07-30T23:11:02.229+0000] {logging_mixin.py:188} INFO - Batch 6 - Drift score: 0.04
[2025-07-30T23:11:02.230+0000] {logging_mixin.py:188} INFO - Batch 7 - Drift score: 1.97
[2025-07-30T23:11:02.231+0000] {logging_mixin.py:188} INFO - Batch 8 - Drift score: 1.98
[2025-07-30T23:11:02.231+0000] {logging_mixin.py:188} INFO - Batch 9 - Drift score: 1.92
[2025-07-30T23:11:02.233+0000] {logging_mixin.py:188} INFO - Batch 10 - Drift score: 2.06
[2025-07-30T23:11:02.233+0000] {logging_mixin.py:188} INFO - ⚠️ Drift detected in batch 10
[2025-07-30T23:11:02.234+0000] {python.py:237} INFO - Done. Returned value was: None
[2025-07-30T23:11:02.235+0000] {taskinstance.py:441} INFO - ::group::Post task execution logs
[2025-07-30T23:11:02.247+0000] {taskinstance.py:1206} INFO - Marking task as SUCCESS. dag_id=ml_pipeline_dag, task_id=detect_drift_task, run_id=manual__2025-07-30T23:10:52.404299+00:00, execution_date=20250730T231052, start_date=20250730T231101, end_date=20250730T231102
[2025-07-30T23:11:02.283+0000] {local_task_job_runner.py:240} INFO - Task exited with return code 0
[2025-07-30T23:11:02.309+0000] {taskinstance.py:3498} INFO - 1 downstream tasks scheduled from follow-on schedule check
[2025-07-30T23:11:02.311+0000] {local_task_job_runner.py:222} INFO - ::endgroup::
