{"timestamp":"2025-08-21T17:08:14.209687","level":"info","event":"DAG bundles loaded: dags-folder","logger":"airflow.dag_processing.bundles.manager.DagBundlesManager"}
{"timestamp":"2025-08-21T17:08:14.220499","level":"info","event":"Filling up the DagBag from /opt/airflow/dags/ml_pipeline_dvc_dag.py","logger":"airflow.models.dagbag.DagBag"}
{"timestamp":"2025-08-21T17:08:14.560902","level":"info","event":"Tmp dir root location: /tmp","logger":"airflow.task.hooks.airflow.providers.standard.hooks.subprocess.SubprocessHook"}
{"timestamp":"2025-08-21T17:08:14.565138","level":"info","event":"Running command: ['/usr/bin/bash', '-c', '\\n            cd /opt/airflow/ml_pipeline\\n            dvc pull --force\\n            dvc repro train_outlier\\n            dvc push\\n        ']","logger":"airflow.task.hooks.airflow.providers.standard.hooks.subprocess.SubprocessHook"}
{"timestamp":"2025-08-21T17:08:14.658208","level":"info","event":"Output:","logger":"airflow.task.hooks.airflow.providers.standard.hooks.subprocess.SubprocessHook"}
{"timestamp":"2025-08-21T17:08:31.031755","level":"info","event":"Everything is up to date.","logger":"airflow.task.hooks.airflow.providers.standard.hooks.subprocess.SubprocessHook"}
{"timestamp":"2025-08-21T17:08:43.257276","level":"info","event":"Stage 'ingest' didn't change, skipping","logger":"airflow.task.hooks.airflow.providers.standard.hooks.subprocess.SubprocessHook"}
{"timestamp":"2025-08-21T17:08:43.399907","level":"info","event":"Stage 'preprocess' didn't change, skipping","logger":"airflow.task.hooks.airflow.providers.standard.hooks.subprocess.SubprocessHook"}
{"timestamp":"2025-08-21T17:08:43.581345","level":"info","event":"Running stage 'train_outlier':","logger":"airflow.task.hooks.airflow.providers.standard.hooks.subprocess.SubprocessHook"}
{"timestamp":"2025-08-21T17:08:43.581609","level":"info","event":"> python models/train_outlier_detector_task.py","logger":"airflow.task.hooks.airflow.providers.standard.hooks.subprocess.SubprocessHook"}
{"timestamp":"2025-08-21T17:08:58.292263","level":"info","event":"{\"asctime\": \"2025-08-21 17:08:58,290\", \"levelname\": \"INFO\", \"name\": \"model_training\", \"trace_id\": null, \"span_id\": null, \"message\": \"Anomaly threshold is set to be -0.4708441157115287 according to the model.\"}","logger":"airflow.task.hooks.airflow.providers.standard.hooks.subprocess.SubprocessHook"}
{"timestamp":"2025-08-21T17:09:04.986589","level":"info","event":"{\"asctime\": \"2025-08-21 17:09:04,982\", \"levelname\": \"INFO\", \"name\": \"model_training\", \"trace_id\": null, \"span_id\": null, \"message\": \"MLflow run id: eb885ea2c9b849f99b605b02af6af102\"}","logger":"airflow.task.hooks.airflow.providers.standard.hooks.subprocess.SubprocessHook"}
{"timestamp":"2025-08-21T17:09:43.807267","level":"info","event":"{\"asctime\": \"2025-08-21 17:09:43,805\", \"levelname\": \"INFO\", \"name\": \"model_training\", \"trace_id\": null, \"span_id\": null, \"message\": \"Outlier Detector logged\"}","logger":"airflow.task.hooks.airflow.providers.standard.hooks.subprocess.SubprocessHook"}
{"timestamp":"2025-08-21T17:09:44.175433","level":"info","event":"🏃 View run train_v20250821_170631 at: http://mlflow:5000/#/experiments/1/runs/eb885ea2c9b849f99b605b02af6af102","logger":"airflow.task.hooks.airflow.providers.standard.hooks.subprocess.SubprocessHook"}
{"timestamp":"2025-08-21T17:09:44.176795","level":"info","event":"🧪 View experiment at: http://mlflow:5000/#/experiments/1","logger":"airflow.task.hooks.airflow.providers.standard.hooks.subprocess.SubprocessHook"}
{"timestamp":"2025-08-21T17:09:44.177276","level":"info","event":"Traceback (most recent call last):","logger":"airflow.task.hooks.airflow.providers.standard.hooks.subprocess.SubprocessHook"}
{"timestamp":"2025-08-21T17:09:44.177572","level":"info","event":"  File \"/opt/airflow/ml_pipeline/models/train_outlier_detector_task.py\", line 144, in <module>","logger":"airflow.task.hooks.airflow.providers.standard.hooks.subprocess.SubprocessHook"}
{"timestamp":"2025-08-21T17:09:44.183729","level":"info","event":"    train_register_outlier_detector()","logger":"airflow.task.hooks.airflow.providers.standard.hooks.subprocess.SubprocessHook"}
{"timestamp":"2025-08-21T17:09:44.184399","level":"info","event":"  File \"/opt/airflow/ml_pipeline/models/train_outlier_detector_task.py\", line 119, in train_register_outlier_detector","logger":"airflow.task.hooks.airflow.providers.standard.hooks.subprocess.SubprocessHook"}
{"timestamp":"2025-08-21T17:09:44.193668","level":"info","event":"    mlflow.log_artifact(\"threshold.pkl\", name=\"outlier\")","logger":"airflow.task.hooks.airflow.providers.standard.hooks.subprocess.SubprocessHook"}
{"timestamp":"2025-08-21T17:09:44.196366","level":"info","event":"TypeError: log_artifact() got an unexpected keyword argument 'name'","logger":"airflow.task.hooks.airflow.providers.standard.hooks.subprocess.SubprocessHook"}
{"timestamp":"2025-08-21T17:09:47.598084","level":"info","event":"ERROR: failed to reproduce 'train_outlier': failed to run: python models/train_outlier_detector_task.py, exited with 1","logger":"airflow.task.hooks.airflow.providers.standard.hooks.subprocess.SubprocessHook"}
{"timestamp":"2025-08-21T17:10:08.547169","level":"info","event":"Everything is up to date.","logger":"airflow.task.hooks.airflow.providers.standard.hooks.subprocess.SubprocessHook"}
{"timestamp":"2025-08-21T17:10:10.709448","level":"info","event":"Command exited with return code 0","logger":"airflow.task.hooks.airflow.providers.standard.hooks.subprocess.SubprocessHook"}
{"timestamp":"2025-08-21T17:10:10.719666","level":"info","event":"Pushing xcom","ti":"RuntimeTaskInstance(id=UUID('0198cd98-0183-7722-8685-85d0cbf9dde2'), task_id='train_outlier_detector_dvc', dag_id='ml_pipeline_dvc', run_id='manual__2025-08-21T17:05:47.735344+00:00', try_number=1, map_index=-1, hostname='c64456fb60b5', context_carrier={}, task=<Task(BashOperator): train_outlier_detector_dvc>, bundle_instance=LocalDagBundle(name=dags-folder), max_tries=0, start_date=datetime.datetime(2025, 8, 21, 17, 8, 13, 870549, tzinfo=datetime.timezone.utc), end_date=None, state=<TaskInstanceState.RUNNING: 'running'>, is_mapped=False, rendered_map_index=None, log_url='http://localhost:8080/dags/ml_pipeline_dvc/runs/manual__2025-08-21T17%3A05%3A47.735344%2B00%3A00/tasks/train_outlier_detector_dvc?try_number=1')","logger":"task"}
