[2025-08-14T23:30:33.423+0000] {processor.py:161} INFO - Started process (PID=86) to work on /opt/airflow/dags/batch_inference_dag.py
[2025-08-14T23:30:33.428+0000] {processor.py:830} INFO - Processing file /opt/airflow/dags/batch_inference_dag.py for tasks to queue
[2025-08-14T23:30:33.486+0000] {logging_mixin.py:188} INFO - [2025-08-14T23:30:33.481+0000] {dagbag.py:545} INFO - Filling up the DagBag from /opt/airflow/dags/batch_inference_dag.py
[2025-08-14T23:30:33.836+0000] {processor.py:840} INFO - DAG(s) 'daily_batch_inference' retrieved from /opt/airflow/dags/batch_inference_dag.py
[2025-08-14T23:30:34.193+0000] {logging_mixin.py:188} INFO - [2025-08-14T23:30:34.192+0000] {dag.py:3096} INFO - Sync 1 DAGs
[2025-08-14T23:30:34.252+0000] {logging_mixin.py:188} INFO - [2025-08-14T23:30:34.251+0000] {dag.py:3954} INFO - Setting next_dagrun for daily_batch_inference to 2025-08-13 00:00:00+00:00, run_after=2025-08-14 00:00:00+00:00
[2025-08-14T23:30:34.338+0000] {processor.py:183} INFO - Processing /opt/airflow/dags/batch_inference_dag.py took 0.958 seconds
[2025-08-14T23:31:08.044+0000] {processor.py:161} INFO - Started process (PID=123) to work on /opt/airflow/dags/batch_inference_dag.py
[2025-08-14T23:31:08.046+0000] {processor.py:830} INFO - Processing file /opt/airflow/dags/batch_inference_dag.py for tasks to queue
[2025-08-14T23:31:08.050+0000] {logging_mixin.py:188} INFO - [2025-08-14T23:31:08.050+0000] {dagbag.py:545} INFO - Filling up the DagBag from /opt/airflow/dags/batch_inference_dag.py
[2025-08-14T23:31:08.073+0000] {processor.py:840} INFO - DAG(s) 'daily_batch_inference' retrieved from /opt/airflow/dags/batch_inference_dag.py
[2025-08-14T23:31:08.113+0000] {logging_mixin.py:188} INFO - [2025-08-14T23:31:08.113+0000] {dag.py:3096} INFO - Sync 1 DAGs
[2025-08-14T23:31:08.149+0000] {logging_mixin.py:188} INFO - [2025-08-14T23:31:08.149+0000] {dag.py:3954} INFO - Setting next_dagrun for daily_batch_inference to 2025-08-13 00:00:00+00:00, run_after=2025-08-14 00:00:00+00:00
[2025-08-14T23:31:08.174+0000] {processor.py:183} INFO - Processing /opt/airflow/dags/batch_inference_dag.py took 0.140 seconds
[2025-08-14T23:31:38.394+0000] {processor.py:161} INFO - Started process (PID=144) to work on /opt/airflow/dags/batch_inference_dag.py
[2025-08-14T23:31:38.396+0000] {processor.py:830} INFO - Processing file /opt/airflow/dags/batch_inference_dag.py for tasks to queue
[2025-08-14T23:31:38.399+0000] {logging_mixin.py:188} INFO - [2025-08-14T23:31:38.398+0000] {dagbag.py:545} INFO - Filling up the DagBag from /opt/airflow/dags/batch_inference_dag.py
[2025-08-14T23:31:38.420+0000] {processor.py:840} INFO - DAG(s) 'daily_batch_inference' retrieved from /opt/airflow/dags/batch_inference_dag.py
[2025-08-14T23:31:38.460+0000] {logging_mixin.py:188} INFO - [2025-08-14T23:31:38.459+0000] {dag.py:3096} INFO - Sync 1 DAGs
[2025-08-14T23:31:38.498+0000] {logging_mixin.py:188} INFO - [2025-08-14T23:31:38.498+0000] {dag.py:3954} INFO - Setting next_dagrun for daily_batch_inference to 2025-08-13 00:00:00+00:00, run_after=2025-08-14 00:00:00+00:00
[2025-08-14T23:31:38.526+0000] {processor.py:183} INFO - Processing /opt/airflow/dags/batch_inference_dag.py took 0.141 seconds
[2025-08-14T23:32:08.933+0000] {processor.py:161} INFO - Started process (PID=178) to work on /opt/airflow/dags/batch_inference_dag.py
[2025-08-14T23:32:08.934+0000] {processor.py:830} INFO - Processing file /opt/airflow/dags/batch_inference_dag.py for tasks to queue
[2025-08-14T23:32:08.938+0000] {logging_mixin.py:188} INFO - [2025-08-14T23:32:08.937+0000] {dagbag.py:545} INFO - Filling up the DagBag from /opt/airflow/dags/batch_inference_dag.py
[2025-08-14T23:32:08.957+0000] {processor.py:840} INFO - DAG(s) 'daily_batch_inference' retrieved from /opt/airflow/dags/batch_inference_dag.py
[2025-08-14T23:32:08.995+0000] {logging_mixin.py:188} INFO - [2025-08-14T23:32:08.995+0000] {dag.py:3096} INFO - Sync 1 DAGs
[2025-08-14T23:32:09.028+0000] {logging_mixin.py:188} INFO - [2025-08-14T23:32:09.028+0000] {dag.py:3954} INFO - Setting next_dagrun for daily_batch_inference to 2025-08-13 00:00:00+00:00, run_after=2025-08-14 00:00:00+00:00
[2025-08-14T23:32:09.051+0000] {processor.py:183} INFO - Processing /opt/airflow/dags/batch_inference_dag.py took 0.127 seconds
[2025-08-14T23:32:39.783+0000] {processor.py:161} INFO - Started process (PID=213) to work on /opt/airflow/dags/batch_inference_dag.py
[2025-08-14T23:32:39.787+0000] {processor.py:830} INFO - Processing file /opt/airflow/dags/batch_inference_dag.py for tasks to queue
[2025-08-14T23:32:39.847+0000] {logging_mixin.py:188} INFO - [2025-08-14T23:32:39.846+0000] {dagbag.py:545} INFO - Filling up the DagBag from /opt/airflow/dags/batch_inference_dag.py
[2025-08-14T23:32:40.402+0000] {processor.py:840} INFO - DAG(s) 'daily_batch_inference' retrieved from /opt/airflow/dags/batch_inference_dag.py
[2025-08-14T23:32:41.325+0000] {logging_mixin.py:188} INFO - [2025-08-14T23:32:41.324+0000] {dag.py:3096} INFO - Sync 1 DAGs
[2025-08-14T23:32:41.962+0000] {logging_mixin.py:188} INFO - [2025-08-14T23:32:41.961+0000] {dag.py:3954} INFO - Setting next_dagrun for daily_batch_inference to 2025-08-13 00:00:00+00:00, run_after=2025-08-14 00:00:00+00:00
[2025-08-14T23:32:42.645+0000] {processor.py:183} INFO - Processing /opt/airflow/dags/batch_inference_dag.py took 3.260 seconds
[2025-08-14T23:33:12.864+0000] {processor.py:161} INFO - Started process (PID=247) to work on /opt/airflow/dags/batch_inference_dag.py
[2025-08-14T23:33:12.866+0000] {processor.py:830} INFO - Processing file /opt/airflow/dags/batch_inference_dag.py for tasks to queue
[2025-08-14T23:33:12.869+0000] {logging_mixin.py:188} INFO - [2025-08-14T23:33:12.869+0000] {dagbag.py:545} INFO - Filling up the DagBag from /opt/airflow/dags/batch_inference_dag.py
[2025-08-14T23:33:12.890+0000] {processor.py:840} INFO - DAG(s) 'daily_batch_inference' retrieved from /opt/airflow/dags/batch_inference_dag.py
[2025-08-14T23:33:12.927+0000] {logging_mixin.py:188} INFO - [2025-08-14T23:33:12.927+0000] {dag.py:3096} INFO - Sync 1 DAGs
[2025-08-14T23:33:12.960+0000] {logging_mixin.py:188} INFO - [2025-08-14T23:33:12.960+0000] {dag.py:3954} INFO - Setting next_dagrun for daily_batch_inference to 2025-08-13 00:00:00+00:00, run_after=2025-08-14 00:00:00+00:00
[2025-08-14T23:33:12.982+0000] {processor.py:183} INFO - Processing /opt/airflow/dags/batch_inference_dag.py took 0.128 seconds
[2025-08-14T23:33:43.757+0000] {processor.py:161} INFO - Started process (PID=282) to work on /opt/airflow/dags/batch_inference_dag.py
[2025-08-14T23:33:43.759+0000] {processor.py:830} INFO - Processing file /opt/airflow/dags/batch_inference_dag.py for tasks to queue
[2025-08-14T23:33:43.762+0000] {logging_mixin.py:188} INFO - [2025-08-14T23:33:43.761+0000] {dagbag.py:545} INFO - Filling up the DagBag from /opt/airflow/dags/batch_inference_dag.py
[2025-08-14T23:33:43.780+0000] {processor.py:840} INFO - DAG(s) 'daily_batch_inference' retrieved from /opt/airflow/dags/batch_inference_dag.py
[2025-08-14T23:33:43.818+0000] {logging_mixin.py:188} INFO - [2025-08-14T23:33:43.818+0000] {dag.py:3096} INFO - Sync 1 DAGs
[2025-08-14T23:33:43.852+0000] {logging_mixin.py:188} INFO - [2025-08-14T23:33:43.852+0000] {dag.py:3954} INFO - Setting next_dagrun for daily_batch_inference to 2025-08-13 00:00:00+00:00, run_after=2025-08-14 00:00:00+00:00
[2025-08-14T23:33:43.874+0000] {processor.py:183} INFO - Processing /opt/airflow/dags/batch_inference_dag.py took 0.126 seconds
[2025-08-14T23:34:14.772+0000] {processor.py:161} INFO - Started process (PID=317) to work on /opt/airflow/dags/batch_inference_dag.py
[2025-08-14T23:34:14.774+0000] {processor.py:830} INFO - Processing file /opt/airflow/dags/batch_inference_dag.py for tasks to queue
[2025-08-14T23:34:14.777+0000] {logging_mixin.py:188} INFO - [2025-08-14T23:34:14.776+0000] {dagbag.py:545} INFO - Filling up the DagBag from /opt/airflow/dags/batch_inference_dag.py
[2025-08-14T23:34:14.799+0000] {processor.py:840} INFO - DAG(s) 'daily_batch_inference' retrieved from /opt/airflow/dags/batch_inference_dag.py
[2025-08-14T23:34:14.835+0000] {logging_mixin.py:188} INFO - [2025-08-14T23:34:14.835+0000] {dag.py:3096} INFO - Sync 1 DAGs
[2025-08-14T23:34:14.868+0000] {logging_mixin.py:188} INFO - [2025-08-14T23:34:14.867+0000] {dag.py:3954} INFO - Setting next_dagrun for daily_batch_inference to 2025-08-13 00:00:00+00:00, run_after=2025-08-14 00:00:00+00:00
[2025-08-14T23:34:14.930+0000] {processor.py:183} INFO - Processing /opt/airflow/dags/batch_inference_dag.py took 0.168 seconds
[2025-08-14T23:34:45.142+0000] {processor.py:161} INFO - Started process (PID=351) to work on /opt/airflow/dags/batch_inference_dag.py
[2025-08-14T23:34:45.144+0000] {processor.py:830} INFO - Processing file /opt/airflow/dags/batch_inference_dag.py for tasks to queue
[2025-08-14T23:34:45.147+0000] {logging_mixin.py:188} INFO - [2025-08-14T23:34:45.146+0000] {dagbag.py:545} INFO - Filling up the DagBag from /opt/airflow/dags/batch_inference_dag.py
[2025-08-14T23:34:45.168+0000] {processor.py:840} INFO - DAG(s) 'daily_batch_inference' retrieved from /opt/airflow/dags/batch_inference_dag.py
[2025-08-14T23:34:45.207+0000] {logging_mixin.py:188} INFO - [2025-08-14T23:34:45.207+0000] {dag.py:3096} INFO - Sync 1 DAGs
[2025-08-14T23:34:45.238+0000] {logging_mixin.py:188} INFO - [2025-08-14T23:34:45.238+0000] {dag.py:3954} INFO - Setting next_dagrun for daily_batch_inference to 2025-08-13 00:00:00+00:00, run_after=2025-08-14 00:00:00+00:00
[2025-08-14T23:34:45.260+0000] {processor.py:183} INFO - Processing /opt/airflow/dags/batch_inference_dag.py took 0.128 seconds
[2025-08-14T23:35:15.544+0000] {processor.py:161} INFO - Started process (PID=386) to work on /opt/airflow/dags/batch_inference_dag.py
[2025-08-14T23:35:15.546+0000] {processor.py:830} INFO - Processing file /opt/airflow/dags/batch_inference_dag.py for tasks to queue
[2025-08-14T23:35:15.549+0000] {logging_mixin.py:188} INFO - [2025-08-14T23:35:15.549+0000] {dagbag.py:545} INFO - Filling up the DagBag from /opt/airflow/dags/batch_inference_dag.py
[2025-08-14T23:35:15.571+0000] {processor.py:840} INFO - DAG(s) 'daily_batch_inference' retrieved from /opt/airflow/dags/batch_inference_dag.py
[2025-08-14T23:35:15.617+0000] {logging_mixin.py:188} INFO - [2025-08-14T23:35:15.616+0000] {dag.py:3096} INFO - Sync 1 DAGs
[2025-08-14T23:35:15.652+0000] {logging_mixin.py:188} INFO - [2025-08-14T23:35:15.652+0000] {dag.py:3954} INFO - Setting next_dagrun for daily_batch_inference to 2025-08-13 00:00:00+00:00, run_after=2025-08-14 00:00:00+00:00
[2025-08-14T23:35:15.686+0000] {processor.py:183} INFO - Processing /opt/airflow/dags/batch_inference_dag.py took 0.152 seconds
[2025-08-14T23:35:45.991+0000] {processor.py:161} INFO - Started process (PID=421) to work on /opt/airflow/dags/batch_inference_dag.py
[2025-08-14T23:35:45.993+0000] {processor.py:830} INFO - Processing file /opt/airflow/dags/batch_inference_dag.py for tasks to queue
[2025-08-14T23:35:45.999+0000] {logging_mixin.py:188} INFO - [2025-08-14T23:35:45.998+0000] {dagbag.py:545} INFO - Filling up the DagBag from /opt/airflow/dags/batch_inference_dag.py
[2025-08-14T23:35:46.023+0000] {processor.py:840} INFO - DAG(s) 'daily_batch_inference' retrieved from /opt/airflow/dags/batch_inference_dag.py
[2025-08-14T23:35:46.065+0000] {logging_mixin.py:188} INFO - [2025-08-14T23:35:46.065+0000] {dag.py:3096} INFO - Sync 1 DAGs
[2025-08-14T23:35:46.099+0000] {logging_mixin.py:188} INFO - [2025-08-14T23:35:46.099+0000] {dag.py:3954} INFO - Setting next_dagrun for daily_batch_inference to 2025-08-13 00:00:00+00:00, run_after=2025-08-14 00:00:00+00:00
[2025-08-14T23:35:46.131+0000] {processor.py:183} INFO - Processing /opt/airflow/dags/batch_inference_dag.py took 0.150 seconds
[2025-08-14T23:36:16.356+0000] {processor.py:161} INFO - Started process (PID=456) to work on /opt/airflow/dags/batch_inference_dag.py
[2025-08-14T23:36:16.358+0000] {processor.py:830} INFO - Processing file /opt/airflow/dags/batch_inference_dag.py for tasks to queue
[2025-08-14T23:36:16.362+0000] {logging_mixin.py:188} INFO - [2025-08-14T23:36:16.361+0000] {dagbag.py:545} INFO - Filling up the DagBag from /opt/airflow/dags/batch_inference_dag.py
[2025-08-14T23:36:16.380+0000] {processor.py:840} INFO - DAG(s) 'daily_batch_inference' retrieved from /opt/airflow/dags/batch_inference_dag.py
[2025-08-14T23:36:16.414+0000] {logging_mixin.py:188} INFO - [2025-08-14T23:36:16.414+0000] {dag.py:3096} INFO - Sync 1 DAGs
[2025-08-14T23:36:16.444+0000] {logging_mixin.py:188} INFO - [2025-08-14T23:36:16.443+0000] {dag.py:3954} INFO - Setting next_dagrun for daily_batch_inference to 2025-08-13 00:00:00+00:00, run_after=2025-08-14 00:00:00+00:00
[2025-08-14T23:36:16.465+0000] {processor.py:183} INFO - Processing /opt/airflow/dags/batch_inference_dag.py took 0.118 seconds
[2025-08-14T23:36:47.011+0000] {processor.py:161} INFO - Started process (PID=491) to work on /opt/airflow/dags/batch_inference_dag.py
[2025-08-14T23:36:47.013+0000] {processor.py:830} INFO - Processing file /opt/airflow/dags/batch_inference_dag.py for tasks to queue
[2025-08-14T23:36:47.017+0000] {logging_mixin.py:188} INFO - [2025-08-14T23:36:47.016+0000] {dagbag.py:545} INFO - Filling up the DagBag from /opt/airflow/dags/batch_inference_dag.py
[2025-08-14T23:36:47.040+0000] {processor.py:840} INFO - DAG(s) 'daily_batch_inference' retrieved from /opt/airflow/dags/batch_inference_dag.py
[2025-08-14T23:36:47.080+0000] {logging_mixin.py:188} INFO - [2025-08-14T23:36:47.080+0000] {dag.py:3096} INFO - Sync 1 DAGs
[2025-08-14T23:36:47.117+0000] {logging_mixin.py:188} INFO - [2025-08-14T23:36:47.117+0000] {dag.py:3954} INFO - Setting next_dagrun for daily_batch_inference to 2025-08-13 00:00:00+00:00, run_after=2025-08-14 00:00:00+00:00
[2025-08-14T23:36:47.146+0000] {processor.py:183} INFO - Processing /opt/airflow/dags/batch_inference_dag.py took 0.146 seconds
[2025-08-14T23:37:17.737+0000] {processor.py:161} INFO - Started process (PID=515) to work on /opt/airflow/dags/batch_inference_dag.py
[2025-08-14T23:37:17.738+0000] {processor.py:830} INFO - Processing file /opt/airflow/dags/batch_inference_dag.py for tasks to queue
[2025-08-14T23:37:17.741+0000] {logging_mixin.py:188} INFO - [2025-08-14T23:37:17.741+0000] {dagbag.py:545} INFO - Filling up the DagBag from /opt/airflow/dags/batch_inference_dag.py
[2025-08-14T23:37:17.760+0000] {processor.py:840} INFO - DAG(s) 'daily_batch_inference' retrieved from /opt/airflow/dags/batch_inference_dag.py
[2025-08-14T23:37:17.797+0000] {logging_mixin.py:188} INFO - [2025-08-14T23:37:17.797+0000] {dag.py:3096} INFO - Sync 1 DAGs
[2025-08-14T23:37:17.831+0000] {logging_mixin.py:188} INFO - [2025-08-14T23:37:17.831+0000] {dag.py:3954} INFO - Setting next_dagrun for daily_batch_inference to 2025-08-13 00:00:00+00:00, run_after=2025-08-14 00:00:00+00:00
[2025-08-14T23:37:17.855+0000] {processor.py:183} INFO - Processing /opt/airflow/dags/batch_inference_dag.py took 0.128 seconds
[2025-08-14T23:37:48.473+0000] {processor.py:161} INFO - Started process (PID=550) to work on /opt/airflow/dags/batch_inference_dag.py
[2025-08-14T23:37:48.476+0000] {processor.py:830} INFO - Processing file /opt/airflow/dags/batch_inference_dag.py for tasks to queue
[2025-08-14T23:37:48.482+0000] {logging_mixin.py:188} INFO - [2025-08-14T23:37:48.482+0000] {dagbag.py:545} INFO - Filling up the DagBag from /opt/airflow/dags/batch_inference_dag.py
[2025-08-14T23:37:48.529+0000] {processor.py:840} INFO - DAG(s) 'daily_batch_inference' retrieved from /opt/airflow/dags/batch_inference_dag.py
[2025-08-14T23:37:48.610+0000] {logging_mixin.py:188} INFO - [2025-08-14T23:37:48.609+0000] {dag.py:3096} INFO - Sync 1 DAGs
[2025-08-14T23:37:48.667+0000] {logging_mixin.py:188} INFO - [2025-08-14T23:37:48.667+0000] {dag.py:3954} INFO - Setting next_dagrun for daily_batch_inference to 2025-08-13 00:00:00+00:00, run_after=2025-08-14 00:00:00+00:00
[2025-08-14T23:37:48.705+0000] {processor.py:183} INFO - Processing /opt/airflow/dags/batch_inference_dag.py took 0.253 seconds
[2025-08-14T23:38:18.810+0000] {processor.py:161} INFO - Started process (PID=584) to work on /opt/airflow/dags/batch_inference_dag.py
[2025-08-14T23:38:18.811+0000] {processor.py:830} INFO - Processing file /opt/airflow/dags/batch_inference_dag.py for tasks to queue
[2025-08-14T23:38:18.814+0000] {logging_mixin.py:188} INFO - [2025-08-14T23:38:18.814+0000] {dagbag.py:545} INFO - Filling up the DagBag from /opt/airflow/dags/batch_inference_dag.py
[2025-08-14T23:38:18.834+0000] {processor.py:840} INFO - DAG(s) 'daily_batch_inference' retrieved from /opt/airflow/dags/batch_inference_dag.py
[2025-08-14T23:38:18.874+0000] {logging_mixin.py:188} INFO - [2025-08-14T23:38:18.874+0000] {dag.py:3096} INFO - Sync 1 DAGs
[2025-08-14T23:38:18.908+0000] {logging_mixin.py:188} INFO - [2025-08-14T23:38:18.907+0000] {dag.py:3954} INFO - Setting next_dagrun for daily_batch_inference to 2025-08-13 00:00:00+00:00, run_after=2025-08-14 00:00:00+00:00
[2025-08-14T23:38:18.934+0000] {processor.py:183} INFO - Processing /opt/airflow/dags/batch_inference_dag.py took 0.134 seconds
[2025-08-14T23:38:49.186+0000] {processor.py:161} INFO - Started process (PID=610) to work on /opt/airflow/dags/batch_inference_dag.py
[2025-08-14T23:38:49.187+0000] {processor.py:830} INFO - Processing file /opt/airflow/dags/batch_inference_dag.py for tasks to queue
[2025-08-14T23:38:49.190+0000] {logging_mixin.py:188} INFO - [2025-08-14T23:38:49.190+0000] {dagbag.py:545} INFO - Filling up the DagBag from /opt/airflow/dags/batch_inference_dag.py
[2025-08-14T23:38:49.212+0000] {processor.py:840} INFO - DAG(s) 'daily_batch_inference' retrieved from /opt/airflow/dags/batch_inference_dag.py
[2025-08-14T23:38:49.262+0000] {logging_mixin.py:188} INFO - [2025-08-14T23:38:49.262+0000] {dag.py:3096} INFO - Sync 1 DAGs
[2025-08-14T23:38:49.301+0000] {logging_mixin.py:188} INFO - [2025-08-14T23:38:49.301+0000] {dag.py:3954} INFO - Setting next_dagrun for daily_batch_inference to 2025-08-13 00:00:00+00:00, run_after=2025-08-14 00:00:00+00:00
[2025-08-14T23:38:49.324+0000] {processor.py:183} INFO - Processing /opt/airflow/dags/batch_inference_dag.py took 0.150 seconds
[2025-08-14T23:39:20.560+0000] {processor.py:161} INFO - Started process (PID=651) to work on /opt/airflow/dags/batch_inference_dag.py
[2025-08-14T23:39:20.563+0000] {processor.py:830} INFO - Processing file /opt/airflow/dags/batch_inference_dag.py for tasks to queue
[2025-08-14T23:39:20.567+0000] {logging_mixin.py:188} INFO - [2025-08-14T23:39:20.566+0000] {dagbag.py:545} INFO - Filling up the DagBag from /opt/airflow/dags/batch_inference_dag.py
[2025-08-14T23:39:20.598+0000] {processor.py:840} INFO - DAG(s) 'daily_batch_inference' retrieved from /opt/airflow/dags/batch_inference_dag.py
[2025-08-14T23:39:20.660+0000] {logging_mixin.py:188} INFO - [2025-08-14T23:39:20.660+0000] {dag.py:3096} INFO - Sync 1 DAGs
[2025-08-14T23:39:20.706+0000] {logging_mixin.py:188} INFO - [2025-08-14T23:39:20.706+0000] {dag.py:3954} INFO - Setting next_dagrun for daily_batch_inference to 2025-08-13 00:00:00+00:00, run_after=2025-08-14 00:00:00+00:00
[2025-08-14T23:39:20.738+0000] {processor.py:183} INFO - Processing /opt/airflow/dags/batch_inference_dag.py took 0.194 seconds
[2025-08-14T23:39:51.753+0000] {processor.py:161} INFO - Started process (PID=683) to work on /opt/airflow/dags/batch_inference_dag.py
[2025-08-14T23:39:51.755+0000] {processor.py:830} INFO - Processing file /opt/airflow/dags/batch_inference_dag.py for tasks to queue
[2025-08-14T23:39:51.758+0000] {logging_mixin.py:188} INFO - [2025-08-14T23:39:51.757+0000] {dagbag.py:545} INFO - Filling up the DagBag from /opt/airflow/dags/batch_inference_dag.py
[2025-08-14T23:39:51.778+0000] {processor.py:840} INFO - DAG(s) 'daily_batch_inference' retrieved from /opt/airflow/dags/batch_inference_dag.py
[2025-08-14T23:39:51.818+0000] {logging_mixin.py:188} INFO - [2025-08-14T23:39:51.817+0000] {dag.py:3096} INFO - Sync 1 DAGs
[2025-08-14T23:39:51.849+0000] {logging_mixin.py:188} INFO - [2025-08-14T23:39:51.849+0000] {dag.py:3954} INFO - Setting next_dagrun for daily_batch_inference to 2025-08-13 00:00:00+00:00, run_after=2025-08-14 00:00:00+00:00
[2025-08-14T23:39:51.873+0000] {processor.py:183} INFO - Processing /opt/airflow/dags/batch_inference_dag.py took 0.131 seconds
[2025-08-14T23:40:22.258+0000] {processor.py:161} INFO - Started process (PID=717) to work on /opt/airflow/dags/batch_inference_dag.py
[2025-08-14T23:40:22.259+0000] {processor.py:830} INFO - Processing file /opt/airflow/dags/batch_inference_dag.py for tasks to queue
[2025-08-14T23:40:22.263+0000] {logging_mixin.py:188} INFO - [2025-08-14T23:40:22.262+0000] {dagbag.py:545} INFO - Filling up the DagBag from /opt/airflow/dags/batch_inference_dag.py
[2025-08-14T23:40:22.282+0000] {processor.py:840} INFO - DAG(s) 'daily_batch_inference' retrieved from /opt/airflow/dags/batch_inference_dag.py
[2025-08-14T23:40:22.321+0000] {logging_mixin.py:188} INFO - [2025-08-14T23:40:22.320+0000] {dag.py:3096} INFO - Sync 1 DAGs
[2025-08-14T23:40:22.355+0000] {logging_mixin.py:188} INFO - [2025-08-14T23:40:22.355+0000] {dag.py:3954} INFO - Setting next_dagrun for daily_batch_inference to 2025-08-13 00:00:00+00:00, run_after=2025-08-14 00:00:00+00:00
[2025-08-14T23:40:22.378+0000] {processor.py:183} INFO - Processing /opt/airflow/dags/batch_inference_dag.py took 0.131 seconds
[2025-08-14T23:40:52.785+0000] {processor.py:161} INFO - Started process (PID=752) to work on /opt/airflow/dags/batch_inference_dag.py
[2025-08-14T23:40:52.787+0000] {processor.py:830} INFO - Processing file /opt/airflow/dags/batch_inference_dag.py for tasks to queue
[2025-08-14T23:40:52.792+0000] {logging_mixin.py:188} INFO - [2025-08-14T23:40:52.791+0000] {dagbag.py:545} INFO - Filling up the DagBag from /opt/airflow/dags/batch_inference_dag.py
[2025-08-14T23:40:52.818+0000] {processor.py:840} INFO - DAG(s) 'daily_batch_inference' retrieved from /opt/airflow/dags/batch_inference_dag.py
[2025-08-14T23:40:52.872+0000] {logging_mixin.py:188} INFO - [2025-08-14T23:40:52.871+0000] {dag.py:3096} INFO - Sync 1 DAGs
[2025-08-14T23:40:52.916+0000] {logging_mixin.py:188} INFO - [2025-08-14T23:40:52.916+0000] {dag.py:3954} INFO - Setting next_dagrun for daily_batch_inference to 2025-08-13 00:00:00+00:00, run_after=2025-08-14 00:00:00+00:00
[2025-08-14T23:40:52.948+0000] {processor.py:183} INFO - Processing /opt/airflow/dags/batch_inference_dag.py took 0.175 seconds
[2025-08-14T23:41:23.420+0000] {processor.py:161} INFO - Started process (PID=787) to work on /opt/airflow/dags/batch_inference_dag.py
[2025-08-14T23:41:23.422+0000] {processor.py:830} INFO - Processing file /opt/airflow/dags/batch_inference_dag.py for tasks to queue
[2025-08-14T23:41:23.425+0000] {logging_mixin.py:188} INFO - [2025-08-14T23:41:23.424+0000] {dagbag.py:545} INFO - Filling up the DagBag from /opt/airflow/dags/batch_inference_dag.py
[2025-08-14T23:41:23.450+0000] {processor.py:840} INFO - DAG(s) 'daily_batch_inference' retrieved from /opt/airflow/dags/batch_inference_dag.py
[2025-08-14T23:41:23.503+0000] {logging_mixin.py:188} INFO - [2025-08-14T23:41:23.503+0000] {dag.py:3096} INFO - Sync 1 DAGs
[2025-08-14T23:41:23.542+0000] {logging_mixin.py:188} INFO - [2025-08-14T23:41:23.542+0000] {dag.py:3954} INFO - Setting next_dagrun for daily_batch_inference to 2025-08-13 00:00:00+00:00, run_after=2025-08-14 00:00:00+00:00
[2025-08-14T23:41:23.579+0000] {processor.py:183} INFO - Processing /opt/airflow/dags/batch_inference_dag.py took 0.171 seconds
[2025-08-14T23:41:53.714+0000] {processor.py:161} INFO - Started process (PID=822) to work on /opt/airflow/dags/batch_inference_dag.py
[2025-08-14T23:41:53.716+0000] {processor.py:830} INFO - Processing file /opt/airflow/dags/batch_inference_dag.py for tasks to queue
[2025-08-14T23:41:53.721+0000] {logging_mixin.py:188} INFO - [2025-08-14T23:41:53.721+0000] {dagbag.py:545} INFO - Filling up the DagBag from /opt/airflow/dags/batch_inference_dag.py
[2025-08-14T23:41:53.744+0000] {processor.py:840} INFO - DAG(s) 'daily_batch_inference' retrieved from /opt/airflow/dags/batch_inference_dag.py
[2025-08-14T23:41:53.787+0000] {logging_mixin.py:188} INFO - [2025-08-14T23:41:53.787+0000] {dag.py:3096} INFO - Sync 1 DAGs
[2025-08-14T23:41:53.826+0000] {logging_mixin.py:188} INFO - [2025-08-14T23:41:53.825+0000] {dag.py:3954} INFO - Setting next_dagrun for daily_batch_inference to 2025-08-13 00:00:00+00:00, run_after=2025-08-14 00:00:00+00:00
[2025-08-14T23:41:53.849+0000] {processor.py:183} INFO - Processing /opt/airflow/dags/batch_inference_dag.py took 0.148 seconds
[2025-08-14T23:42:24.352+0000] {processor.py:161} INFO - Started process (PID=857) to work on /opt/airflow/dags/batch_inference_dag.py
[2025-08-14T23:42:24.357+0000] {processor.py:830} INFO - Processing file /opt/airflow/dags/batch_inference_dag.py for tasks to queue
[2025-08-14T23:42:24.361+0000] {logging_mixin.py:188} INFO - [2025-08-14T23:42:24.360+0000] {dagbag.py:545} INFO - Filling up the DagBag from /opt/airflow/dags/batch_inference_dag.py
[2025-08-14T23:42:24.385+0000] {processor.py:840} INFO - DAG(s) 'daily_batch_inference' retrieved from /opt/airflow/dags/batch_inference_dag.py
[2025-08-14T23:42:24.435+0000] {logging_mixin.py:188} INFO - [2025-08-14T23:42:24.434+0000] {dag.py:3096} INFO - Sync 1 DAGs
[2025-08-14T23:42:24.470+0000] {logging_mixin.py:188} INFO - [2025-08-14T23:42:24.469+0000] {dag.py:3954} INFO - Setting next_dagrun for daily_batch_inference to 2025-08-13 00:00:00+00:00, run_after=2025-08-14 00:00:00+00:00
[2025-08-14T23:42:24.493+0000] {processor.py:183} INFO - Processing /opt/airflow/dags/batch_inference_dag.py took 0.163 seconds
[2025-08-14T23:44:18.559+0000] {processor.py:161} INFO - Started process (PID=83) to work on /opt/airflow/dags/batch_inference_dag.py
[2025-08-14T23:44:18.562+0000] {processor.py:830} INFO - Processing file /opt/airflow/dags/batch_inference_dag.py for tasks to queue
[2025-08-14T23:44:18.565+0000] {logging_mixin.py:188} INFO - [2025-08-14T23:44:18.564+0000] {dagbag.py:545} INFO - Filling up the DagBag from /opt/airflow/dags/batch_inference_dag.py
[2025-08-14T23:44:18.592+0000] {processor.py:840} INFO - DAG(s) 'daily_batch_inference' retrieved from /opt/airflow/dags/batch_inference_dag.py
[2025-08-14T23:44:18.743+0000] {logging_mixin.py:188} INFO - [2025-08-14T23:44:18.743+0000] {dag.py:3096} INFO - Sync 1 DAGs
[2025-08-14T23:44:18.772+0000] {logging_mixin.py:188} INFO - [2025-08-14T23:44:18.771+0000] {dag.py:3954} INFO - Setting next_dagrun for daily_batch_inference to 2025-08-13 00:00:00+00:00, run_after=2025-08-14 00:00:00+00:00
[2025-08-14T23:44:18.796+0000] {processor.py:183} INFO - Processing /opt/airflow/dags/batch_inference_dag.py took 0.245 seconds
[2025-08-14T23:44:49.228+0000] {processor.py:161} INFO - Started process (PID=105) to work on /opt/airflow/dags/batch_inference_dag.py
[2025-08-14T23:44:49.230+0000] {processor.py:830} INFO - Processing file /opt/airflow/dags/batch_inference_dag.py for tasks to queue
[2025-08-14T23:44:49.233+0000] {logging_mixin.py:188} INFO - [2025-08-14T23:44:49.232+0000] {dagbag.py:545} INFO - Filling up the DagBag from /opt/airflow/dags/batch_inference_dag.py
[2025-08-14T23:44:49.251+0000] {processor.py:840} INFO - DAG(s) 'daily_batch_inference' retrieved from /opt/airflow/dags/batch_inference_dag.py
[2025-08-14T23:44:49.290+0000] {logging_mixin.py:188} INFO - [2025-08-14T23:44:49.290+0000] {dag.py:3096} INFO - Sync 1 DAGs
[2025-08-14T23:44:49.321+0000] {logging_mixin.py:188} INFO - [2025-08-14T23:44:49.321+0000] {dag.py:3954} INFO - Setting next_dagrun for daily_batch_inference to 2025-08-13 00:00:00+00:00, run_after=2025-08-14 00:00:00+00:00
[2025-08-14T23:44:49.346+0000] {processor.py:183} INFO - Processing /opt/airflow/dags/batch_inference_dag.py took 0.126 seconds
[2025-08-14T23:45:19.724+0000] {processor.py:161} INFO - Started process (PID=138) to work on /opt/airflow/dags/batch_inference_dag.py
[2025-08-14T23:45:19.726+0000] {processor.py:830} INFO - Processing file /opt/airflow/dags/batch_inference_dag.py for tasks to queue
[2025-08-14T23:45:19.729+0000] {logging_mixin.py:188} INFO - [2025-08-14T23:45:19.729+0000] {dagbag.py:545} INFO - Filling up the DagBag from /opt/airflow/dags/batch_inference_dag.py
[2025-08-14T23:45:19.751+0000] {processor.py:840} INFO - DAG(s) 'daily_batch_inference' retrieved from /opt/airflow/dags/batch_inference_dag.py
[2025-08-14T23:45:19.797+0000] {logging_mixin.py:188} INFO - [2025-08-14T23:45:19.797+0000] {dag.py:3096} INFO - Sync 1 DAGs
[2025-08-14T23:45:19.836+0000] {logging_mixin.py:188} INFO - [2025-08-14T23:45:19.836+0000] {dag.py:3954} INFO - Setting next_dagrun for daily_batch_inference to 2025-08-13 00:00:00+00:00, run_after=2025-08-14 00:00:00+00:00
[2025-08-14T23:45:19.871+0000] {processor.py:183} INFO - Processing /opt/airflow/dags/batch_inference_dag.py took 0.157 seconds
[2025-08-14T23:45:50.288+0000] {processor.py:161} INFO - Started process (PID=173) to work on /opt/airflow/dags/batch_inference_dag.py
[2025-08-14T23:45:50.290+0000] {processor.py:830} INFO - Processing file /opt/airflow/dags/batch_inference_dag.py for tasks to queue
[2025-08-14T23:45:50.295+0000] {logging_mixin.py:188} INFO - [2025-08-14T23:45:50.295+0000] {dagbag.py:545} INFO - Filling up the DagBag from /opt/airflow/dags/batch_inference_dag.py
[2025-08-14T23:45:50.328+0000] {processor.py:840} INFO - DAG(s) 'daily_batch_inference' retrieved from /opt/airflow/dags/batch_inference_dag.py
[2025-08-14T23:45:50.399+0000] {logging_mixin.py:188} INFO - [2025-08-14T23:45:50.398+0000] {dag.py:3096} INFO - Sync 1 DAGs
[2025-08-14T23:45:50.486+0000] {logging_mixin.py:188} INFO - [2025-08-14T23:45:50.485+0000] {dag.py:3954} INFO - Setting next_dagrun for daily_batch_inference to 2025-08-13 00:00:00+00:00, run_after=2025-08-14 00:00:00+00:00
[2025-08-14T23:45:50.539+0000] {processor.py:183} INFO - Processing /opt/airflow/dags/batch_inference_dag.py took 0.269 seconds
[2025-08-14T23:46:20.883+0000] {processor.py:161} INFO - Started process (PID=208) to work on /opt/airflow/dags/batch_inference_dag.py
[2025-08-14T23:46:20.884+0000] {processor.py:830} INFO - Processing file /opt/airflow/dags/batch_inference_dag.py for tasks to queue
[2025-08-14T23:46:20.887+0000] {logging_mixin.py:188} INFO - [2025-08-14T23:46:20.887+0000] {dagbag.py:545} INFO - Filling up the DagBag from /opt/airflow/dags/batch_inference_dag.py
[2025-08-14T23:46:20.917+0000] {processor.py:840} INFO - DAG(s) 'daily_batch_inference' retrieved from /opt/airflow/dags/batch_inference_dag.py
[2025-08-14T23:46:20.955+0000] {logging_mixin.py:188} INFO - [2025-08-14T23:46:20.955+0000] {dag.py:3096} INFO - Sync 1 DAGs
[2025-08-14T23:46:20.989+0000] {logging_mixin.py:188} INFO - [2025-08-14T23:46:20.989+0000] {dag.py:3954} INFO - Setting next_dagrun for daily_batch_inference to 2025-08-13 00:00:00+00:00, run_after=2025-08-14 00:00:00+00:00
[2025-08-14T23:46:21.019+0000] {processor.py:183} INFO - Processing /opt/airflow/dags/batch_inference_dag.py took 0.147 seconds
[2025-08-14T23:46:51.554+0000] {processor.py:161} INFO - Started process (PID=243) to work on /opt/airflow/dags/batch_inference_dag.py
[2025-08-14T23:46:51.556+0000] {processor.py:830} INFO - Processing file /opt/airflow/dags/batch_inference_dag.py for tasks to queue
[2025-08-14T23:46:51.560+0000] {logging_mixin.py:188} INFO - [2025-08-14T23:46:51.559+0000] {dagbag.py:545} INFO - Filling up the DagBag from /opt/airflow/dags/batch_inference_dag.py
[2025-08-14T23:46:51.581+0000] {processor.py:840} INFO - DAG(s) 'daily_batch_inference' retrieved from /opt/airflow/dags/batch_inference_dag.py
[2025-08-14T23:46:51.617+0000] {logging_mixin.py:188} INFO - [2025-08-14T23:46:51.617+0000] {dag.py:3096} INFO - Sync 1 DAGs
[2025-08-14T23:46:51.647+0000] {logging_mixin.py:188} INFO - [2025-08-14T23:46:51.647+0000] {dag.py:3954} INFO - Setting next_dagrun for daily_batch_inference to 2025-08-13 00:00:00+00:00, run_after=2025-08-14 00:00:00+00:00
[2025-08-14T23:46:51.669+0000] {processor.py:183} INFO - Processing /opt/airflow/dags/batch_inference_dag.py took 0.125 seconds
[2025-08-14T23:48:53.101+0000] {processor.py:161} INFO - Started process (PID=84) to work on /opt/airflow/dags/batch_inference_dag.py
[2025-08-14T23:48:53.104+0000] {processor.py:830} INFO - Processing file /opt/airflow/dags/batch_inference_dag.py for tasks to queue
[2025-08-14T23:48:53.111+0000] {logging_mixin.py:188} INFO - [2025-08-14T23:48:53.109+0000] {dagbag.py:545} INFO - Filling up the DagBag from /opt/airflow/dags/batch_inference_dag.py
[2025-08-14T23:48:53.166+0000] {processor.py:840} INFO - DAG(s) 'daily_batch_inference' retrieved from /opt/airflow/dags/batch_inference_dag.py
[2025-08-14T23:48:53.397+0000] {logging_mixin.py:188} INFO - [2025-08-14T23:48:53.396+0000] {dag.py:3096} INFO - Sync 1 DAGs
[2025-08-14T23:48:53.444+0000] {logging_mixin.py:188} INFO - [2025-08-14T23:48:53.444+0000] {dag.py:3954} INFO - Setting next_dagrun for daily_batch_inference to 2025-08-13 00:00:00+00:00, run_after=2025-08-14 00:00:00+00:00
[2025-08-14T23:48:53.485+0000] {processor.py:183} INFO - Processing /opt/airflow/dags/batch_inference_dag.py took 0.401 seconds
[2025-08-14T23:49:26.165+0000] {processor.py:161} INFO - Started process (PID=107) to work on /opt/airflow/dags/batch_inference_dag.py
[2025-08-14T23:49:26.168+0000] {processor.py:830} INFO - Processing file /opt/airflow/dags/batch_inference_dag.py for tasks to queue
[2025-08-14T23:49:26.173+0000] {logging_mixin.py:188} INFO - [2025-08-14T23:49:26.173+0000] {dagbag.py:545} INFO - Filling up the DagBag from /opt/airflow/dags/batch_inference_dag.py
[2025-08-14T23:49:26.199+0000] {processor.py:840} INFO - DAG(s) 'daily_batch_inference' retrieved from /opt/airflow/dags/batch_inference_dag.py
[2025-08-14T23:49:26.261+0000] {logging_mixin.py:188} INFO - [2025-08-14T23:49:26.260+0000] {dag.py:3096} INFO - Sync 1 DAGs
[2025-08-14T23:49:26.314+0000] {logging_mixin.py:188} INFO - [2025-08-14T23:49:26.314+0000] {dag.py:3954} INFO - Setting next_dagrun for daily_batch_inference to 2025-08-13 00:00:00+00:00, run_after=2025-08-14 00:00:00+00:00
[2025-08-14T23:49:26.364+0000] {processor.py:183} INFO - Processing /opt/airflow/dags/batch_inference_dag.py took 0.214 seconds
[2025-08-14T23:49:56.898+0000] {processor.py:161} INFO - Started process (PID=139) to work on /opt/airflow/dags/batch_inference_dag.py
[2025-08-14T23:49:56.901+0000] {processor.py:830} INFO - Processing file /opt/airflow/dags/batch_inference_dag.py for tasks to queue
[2025-08-14T23:49:56.908+0000] {logging_mixin.py:188} INFO - [2025-08-14T23:49:56.907+0000] {dagbag.py:545} INFO - Filling up the DagBag from /opt/airflow/dags/batch_inference_dag.py
[2025-08-14T23:49:56.958+0000] {processor.py:840} INFO - DAG(s) 'daily_batch_inference' retrieved from /opt/airflow/dags/batch_inference_dag.py
[2025-08-14T23:49:57.036+0000] {logging_mixin.py:188} INFO - [2025-08-14T23:49:57.036+0000] {dag.py:3096} INFO - Sync 1 DAGs
[2025-08-14T23:49:57.076+0000] {logging_mixin.py:188} INFO - [2025-08-14T23:49:57.076+0000] {dag.py:3954} INFO - Setting next_dagrun for daily_batch_inference to 2025-08-13 00:00:00+00:00, run_after=2025-08-14 00:00:00+00:00
[2025-08-14T23:49:57.102+0000] {processor.py:183} INFO - Processing /opt/airflow/dags/batch_inference_dag.py took 0.222 seconds
[2025-08-14T23:50:27.554+0000] {processor.py:161} INFO - Started process (PID=173) to work on /opt/airflow/dags/batch_inference_dag.py
[2025-08-14T23:50:27.556+0000] {processor.py:830} INFO - Processing file /opt/airflow/dags/batch_inference_dag.py for tasks to queue
[2025-08-14T23:50:27.559+0000] {logging_mixin.py:188} INFO - [2025-08-14T23:50:27.559+0000] {dagbag.py:545} INFO - Filling up the DagBag from /opt/airflow/dags/batch_inference_dag.py
[2025-08-14T23:50:27.582+0000] {processor.py:840} INFO - DAG(s) 'daily_batch_inference' retrieved from /opt/airflow/dags/batch_inference_dag.py
[2025-08-14T23:50:27.622+0000] {logging_mixin.py:188} INFO - [2025-08-14T23:50:27.622+0000] {dag.py:3096} INFO - Sync 1 DAGs
[2025-08-14T23:50:27.676+0000] {logging_mixin.py:188} INFO - [2025-08-14T23:50:27.676+0000] {dag.py:3954} INFO - Setting next_dagrun for daily_batch_inference to 2025-08-13 00:00:00+00:00, run_after=2025-08-14 00:00:00+00:00
[2025-08-14T23:50:27.712+0000] {processor.py:183} INFO - Processing /opt/airflow/dags/batch_inference_dag.py took 0.169 seconds
[2025-08-14T23:50:57.907+0000] {processor.py:161} INFO - Started process (PID=208) to work on /opt/airflow/dags/batch_inference_dag.py
[2025-08-14T23:50:57.909+0000] {processor.py:830} INFO - Processing file /opt/airflow/dags/batch_inference_dag.py for tasks to queue
[2025-08-14T23:50:57.912+0000] {logging_mixin.py:188} INFO - [2025-08-14T23:50:57.911+0000] {dagbag.py:545} INFO - Filling up the DagBag from /opt/airflow/dags/batch_inference_dag.py
[2025-08-14T23:50:57.931+0000] {processor.py:840} INFO - DAG(s) 'daily_batch_inference' retrieved from /opt/airflow/dags/batch_inference_dag.py
[2025-08-14T23:50:57.969+0000] {logging_mixin.py:188} INFO - [2025-08-14T23:50:57.969+0000] {dag.py:3096} INFO - Sync 1 DAGs
[2025-08-14T23:50:58.003+0000] {logging_mixin.py:188} INFO - [2025-08-14T23:50:58.003+0000] {dag.py:3954} INFO - Setting next_dagrun for daily_batch_inference to 2025-08-13 00:00:00+00:00, run_after=2025-08-14 00:00:00+00:00
[2025-08-14T23:50:58.028+0000] {processor.py:183} INFO - Processing /opt/airflow/dags/batch_inference_dag.py took 0.132 seconds
[2025-08-14T23:51:28.609+0000] {processor.py:161} INFO - Started process (PID=243) to work on /opt/airflow/dags/batch_inference_dag.py
[2025-08-14T23:51:28.611+0000] {processor.py:830} INFO - Processing file /opt/airflow/dags/batch_inference_dag.py for tasks to queue
[2025-08-14T23:51:28.614+0000] {logging_mixin.py:188} INFO - [2025-08-14T23:51:28.614+0000] {dagbag.py:545} INFO - Filling up the DagBag from /opt/airflow/dags/batch_inference_dag.py
[2025-08-14T23:51:28.634+0000] {processor.py:840} INFO - DAG(s) 'daily_batch_inference' retrieved from /opt/airflow/dags/batch_inference_dag.py
[2025-08-14T23:51:28.674+0000] {logging_mixin.py:188} INFO - [2025-08-14T23:51:28.673+0000] {dag.py:3096} INFO - Sync 1 DAGs
[2025-08-14T23:51:28.709+0000] {logging_mixin.py:188} INFO - [2025-08-14T23:51:28.709+0000] {dag.py:3954} INFO - Setting next_dagrun for daily_batch_inference to 2025-08-13 00:00:00+00:00, run_after=2025-08-14 00:00:00+00:00
[2025-08-14T23:51:28.739+0000] {processor.py:183} INFO - Processing /opt/airflow/dags/batch_inference_dag.py took 0.139 seconds
[2025-08-14T23:51:58.981+0000] {processor.py:161} INFO - Started process (PID=278) to work on /opt/airflow/dags/batch_inference_dag.py
[2025-08-14T23:51:58.983+0000] {processor.py:830} INFO - Processing file /opt/airflow/dags/batch_inference_dag.py for tasks to queue
[2025-08-14T23:51:58.986+0000] {logging_mixin.py:188} INFO - [2025-08-14T23:51:58.986+0000] {dagbag.py:545} INFO - Filling up the DagBag from /opt/airflow/dags/batch_inference_dag.py
[2025-08-14T23:51:59.006+0000] {processor.py:840} INFO - DAG(s) 'daily_batch_inference' retrieved from /opt/airflow/dags/batch_inference_dag.py
[2025-08-14T23:51:59.044+0000] {logging_mixin.py:188} INFO - [2025-08-14T23:51:59.044+0000] {dag.py:3096} INFO - Sync 1 DAGs
[2025-08-14T23:51:59.076+0000] {logging_mixin.py:188} INFO - [2025-08-14T23:51:59.076+0000] {dag.py:3954} INFO - Setting next_dagrun for daily_batch_inference to 2025-08-13 00:00:00+00:00, run_after=2025-08-14 00:00:00+00:00
[2025-08-14T23:51:59.098+0000] {processor.py:183} INFO - Processing /opt/airflow/dags/batch_inference_dag.py took 0.126 seconds
[2025-08-14T23:52:29.488+0000] {processor.py:161} INFO - Started process (PID=312) to work on /opt/airflow/dags/batch_inference_dag.py
[2025-08-14T23:52:29.489+0000] {processor.py:830} INFO - Processing file /opt/airflow/dags/batch_inference_dag.py for tasks to queue
[2025-08-14T23:52:29.492+0000] {logging_mixin.py:188} INFO - [2025-08-14T23:52:29.492+0000] {dagbag.py:545} INFO - Filling up the DagBag from /opt/airflow/dags/batch_inference_dag.py
[2025-08-14T23:52:29.512+0000] {processor.py:840} INFO - DAG(s) 'daily_batch_inference' retrieved from /opt/airflow/dags/batch_inference_dag.py
[2025-08-14T23:52:29.551+0000] {logging_mixin.py:188} INFO - [2025-08-14T23:52:29.550+0000] {dag.py:3096} INFO - Sync 1 DAGs
[2025-08-14T23:52:29.583+0000] {logging_mixin.py:188} INFO - [2025-08-14T23:52:29.582+0000] {dag.py:3954} INFO - Setting next_dagrun for daily_batch_inference to 2025-08-13 00:00:00+00:00, run_after=2025-08-14 00:00:00+00:00
[2025-08-14T23:52:29.606+0000] {processor.py:183} INFO - Processing /opt/airflow/dags/batch_inference_dag.py took 0.128 seconds
[2025-08-14T23:53:00.518+0000] {processor.py:161} INFO - Started process (PID=347) to work on /opt/airflow/dags/batch_inference_dag.py
[2025-08-14T23:53:00.520+0000] {processor.py:830} INFO - Processing file /opt/airflow/dags/batch_inference_dag.py for tasks to queue
[2025-08-14T23:53:00.523+0000] {logging_mixin.py:188} INFO - [2025-08-14T23:53:00.522+0000] {dagbag.py:545} INFO - Filling up the DagBag from /opt/airflow/dags/batch_inference_dag.py
[2025-08-14T23:53:00.541+0000] {processor.py:840} INFO - DAG(s) 'daily_batch_inference' retrieved from /opt/airflow/dags/batch_inference_dag.py
[2025-08-14T23:53:00.580+0000] {logging_mixin.py:188} INFO - [2025-08-14T23:53:00.580+0000] {dag.py:3096} INFO - Sync 1 DAGs
[2025-08-14T23:53:00.615+0000] {logging_mixin.py:188} INFO - [2025-08-14T23:53:00.614+0000] {dag.py:3954} INFO - Setting next_dagrun for daily_batch_inference to 2025-08-13 00:00:00+00:00, run_after=2025-08-14 00:00:00+00:00
[2025-08-14T23:53:00.636+0000] {processor.py:183} INFO - Processing /opt/airflow/dags/batch_inference_dag.py took 0.129 seconds
[2025-08-14T23:53:31.422+0000] {processor.py:161} INFO - Started process (PID=382) to work on /opt/airflow/dags/batch_inference_dag.py
[2025-08-14T23:53:31.424+0000] {processor.py:830} INFO - Processing file /opt/airflow/dags/batch_inference_dag.py for tasks to queue
[2025-08-14T23:53:31.427+0000] {logging_mixin.py:188} INFO - [2025-08-14T23:53:31.427+0000] {dagbag.py:545} INFO - Filling up the DagBag from /opt/airflow/dags/batch_inference_dag.py
[2025-08-14T23:53:31.446+0000] {processor.py:840} INFO - DAG(s) 'daily_batch_inference' retrieved from /opt/airflow/dags/batch_inference_dag.py
[2025-08-14T23:53:31.483+0000] {logging_mixin.py:188} INFO - [2025-08-14T23:53:31.483+0000] {dag.py:3096} INFO - Sync 1 DAGs
[2025-08-14T23:53:31.515+0000] {logging_mixin.py:188} INFO - [2025-08-14T23:53:31.515+0000] {dag.py:3954} INFO - Setting next_dagrun for daily_batch_inference to 2025-08-13 00:00:00+00:00, run_after=2025-08-14 00:00:00+00:00
[2025-08-14T23:53:31.548+0000] {processor.py:183} INFO - Processing /opt/airflow/dags/batch_inference_dag.py took 0.137 seconds
[2025-08-14T23:54:02.337+0000] {processor.py:161} INFO - Started process (PID=417) to work on /opt/airflow/dags/batch_inference_dag.py
[2025-08-14T23:54:02.340+0000] {processor.py:830} INFO - Processing file /opt/airflow/dags/batch_inference_dag.py for tasks to queue
[2025-08-14T23:54:02.342+0000] {logging_mixin.py:188} INFO - [2025-08-14T23:54:02.342+0000] {dagbag.py:545} INFO - Filling up the DagBag from /opt/airflow/dags/batch_inference_dag.py
[2025-08-14T23:54:02.362+0000] {processor.py:840} INFO - DAG(s) 'daily_batch_inference' retrieved from /opt/airflow/dags/batch_inference_dag.py
[2025-08-14T23:54:02.399+0000] {logging_mixin.py:188} INFO - [2025-08-14T23:54:02.399+0000] {dag.py:3096} INFO - Sync 1 DAGs
[2025-08-14T23:54:02.431+0000] {logging_mixin.py:188} INFO - [2025-08-14T23:54:02.431+0000] {dag.py:3954} INFO - Setting next_dagrun for daily_batch_inference to 2025-08-13 00:00:00+00:00, run_after=2025-08-14 00:00:00+00:00
[2025-08-14T23:54:02.453+0000] {processor.py:183} INFO - Processing /opt/airflow/dags/batch_inference_dag.py took 0.126 seconds
[2025-08-14T23:54:32.882+0000] {processor.py:161} INFO - Started process (PID=452) to work on /opt/airflow/dags/batch_inference_dag.py
[2025-08-14T23:54:32.884+0000] {processor.py:830} INFO - Processing file /opt/airflow/dags/batch_inference_dag.py for tasks to queue
[2025-08-14T23:54:32.887+0000] {logging_mixin.py:188} INFO - [2025-08-14T23:54:32.886+0000] {dagbag.py:545} INFO - Filling up the DagBag from /opt/airflow/dags/batch_inference_dag.py
[2025-08-14T23:54:32.907+0000] {processor.py:840} INFO - DAG(s) 'daily_batch_inference' retrieved from /opt/airflow/dags/batch_inference_dag.py
[2025-08-14T23:54:32.945+0000] {logging_mixin.py:188} INFO - [2025-08-14T23:54:32.945+0000] {dag.py:3096} INFO - Sync 1 DAGs
[2025-08-14T23:54:32.978+0000] {logging_mixin.py:188} INFO - [2025-08-14T23:54:32.977+0000] {dag.py:3954} INFO - Setting next_dagrun for daily_batch_inference to 2025-08-13 00:00:00+00:00, run_after=2025-08-14 00:00:00+00:00
[2025-08-14T23:54:33.000+0000] {processor.py:183} INFO - Processing /opt/airflow/dags/batch_inference_dag.py took 0.128 seconds
[2025-08-14T23:55:03.810+0000] {processor.py:161} INFO - Started process (PID=487) to work on /opt/airflow/dags/batch_inference_dag.py
[2025-08-14T23:55:03.812+0000] {processor.py:830} INFO - Processing file /opt/airflow/dags/batch_inference_dag.py for tasks to queue
[2025-08-14T23:55:03.816+0000] {logging_mixin.py:188} INFO - [2025-08-14T23:55:03.815+0000] {dagbag.py:545} INFO - Filling up the DagBag from /opt/airflow/dags/batch_inference_dag.py
[2025-08-14T23:55:03.834+0000] {processor.py:840} INFO - DAG(s) 'daily_batch_inference' retrieved from /opt/airflow/dags/batch_inference_dag.py
[2025-08-14T23:55:03.872+0000] {logging_mixin.py:188} INFO - [2025-08-14T23:55:03.872+0000] {dag.py:3096} INFO - Sync 1 DAGs
[2025-08-14T23:55:03.907+0000] {logging_mixin.py:188} INFO - [2025-08-14T23:55:03.907+0000] {dag.py:3954} INFO - Setting next_dagrun for daily_batch_inference to 2025-08-13 00:00:00+00:00, run_after=2025-08-14 00:00:00+00:00
[2025-08-14T23:55:03.929+0000] {processor.py:183} INFO - Processing /opt/airflow/dags/batch_inference_dag.py took 0.130 seconds
[2025-08-14T23:55:34.133+0000] {processor.py:161} INFO - Started process (PID=522) to work on /opt/airflow/dags/batch_inference_dag.py
[2025-08-14T23:55:34.135+0000] {processor.py:830} INFO - Processing file /opt/airflow/dags/batch_inference_dag.py for tasks to queue
[2025-08-14T23:55:34.138+0000] {logging_mixin.py:188} INFO - [2025-08-14T23:55:34.137+0000] {dagbag.py:545} INFO - Filling up the DagBag from /opt/airflow/dags/batch_inference_dag.py
[2025-08-14T23:55:34.157+0000] {processor.py:840} INFO - DAG(s) 'daily_batch_inference' retrieved from /opt/airflow/dags/batch_inference_dag.py
[2025-08-14T23:55:34.195+0000] {logging_mixin.py:188} INFO - [2025-08-14T23:55:34.194+0000] {dag.py:3096} INFO - Sync 1 DAGs
[2025-08-14T23:55:34.231+0000] {logging_mixin.py:188} INFO - [2025-08-14T23:55:34.231+0000] {dag.py:3954} INFO - Setting next_dagrun for daily_batch_inference to 2025-08-13 00:00:00+00:00, run_after=2025-08-14 00:00:00+00:00
[2025-08-14T23:55:34.255+0000] {processor.py:183} INFO - Processing /opt/airflow/dags/batch_inference_dag.py took 0.133 seconds
[2025-08-14T23:56:04.809+0000] {processor.py:161} INFO - Started process (PID=558) to work on /opt/airflow/dags/batch_inference_dag.py
[2025-08-14T23:56:04.811+0000] {processor.py:830} INFO - Processing file /opt/airflow/dags/batch_inference_dag.py for tasks to queue
[2025-08-14T23:56:04.813+0000] {logging_mixin.py:188} INFO - [2025-08-14T23:56:04.813+0000] {dagbag.py:545} INFO - Filling up the DagBag from /opt/airflow/dags/batch_inference_dag.py
[2025-08-14T23:56:04.832+0000] {processor.py:840} INFO - DAG(s) 'daily_batch_inference' retrieved from /opt/airflow/dags/batch_inference_dag.py
[2025-08-14T23:56:04.870+0000] {logging_mixin.py:188} INFO - [2025-08-14T23:56:04.870+0000] {dag.py:3096} INFO - Sync 1 DAGs
[2025-08-14T23:56:04.902+0000] {logging_mixin.py:188} INFO - [2025-08-14T23:56:04.902+0000] {dag.py:3954} INFO - Setting next_dagrun for daily_batch_inference to 2025-08-13 00:00:00+00:00, run_after=2025-08-14 00:00:00+00:00
[2025-08-14T23:56:04.931+0000] {processor.py:183} INFO - Processing /opt/airflow/dags/batch_inference_dag.py took 0.132 seconds
[2025-08-14T23:56:35.397+0000] {processor.py:161} INFO - Started process (PID=584) to work on /opt/airflow/dags/batch_inference_dag.py
[2025-08-14T23:56:35.399+0000] {processor.py:830} INFO - Processing file /opt/airflow/dags/batch_inference_dag.py for tasks to queue
[2025-08-14T23:56:35.402+0000] {logging_mixin.py:188} INFO - [2025-08-14T23:56:35.401+0000] {dagbag.py:545} INFO - Filling up the DagBag from /opt/airflow/dags/batch_inference_dag.py
[2025-08-14T23:56:35.420+0000] {processor.py:840} INFO - DAG(s) 'daily_batch_inference' retrieved from /opt/airflow/dags/batch_inference_dag.py
[2025-08-14T23:56:35.455+0000] {logging_mixin.py:188} INFO - [2025-08-14T23:56:35.455+0000] {dag.py:3096} INFO - Sync 1 DAGs
[2025-08-14T23:56:35.487+0000] {logging_mixin.py:188} INFO - [2025-08-14T23:56:35.487+0000] {dag.py:3954} INFO - Setting next_dagrun for daily_batch_inference to 2025-08-13 00:00:00+00:00, run_after=2025-08-14 00:00:00+00:00
[2025-08-14T23:56:35.510+0000] {processor.py:183} INFO - Processing /opt/airflow/dags/batch_inference_dag.py took 0.122 seconds
[2025-08-14T23:57:06.032+0000] {processor.py:161} INFO - Started process (PID=616) to work on /opt/airflow/dags/batch_inference_dag.py
[2025-08-14T23:57:06.033+0000] {processor.py:830} INFO - Processing file /opt/airflow/dags/batch_inference_dag.py for tasks to queue
[2025-08-14T23:57:06.037+0000] {logging_mixin.py:188} INFO - [2025-08-14T23:57:06.036+0000] {dagbag.py:545} INFO - Filling up the DagBag from /opt/airflow/dags/batch_inference_dag.py
[2025-08-14T23:57:06.060+0000] {processor.py:840} INFO - DAG(s) 'daily_batch_inference' retrieved from /opt/airflow/dags/batch_inference_dag.py
[2025-08-14T23:57:06.110+0000] {logging_mixin.py:188} INFO - [2025-08-14T23:57:06.110+0000] {dag.py:3096} INFO - Sync 1 DAGs
[2025-08-14T23:57:06.153+0000] {logging_mixin.py:188} INFO - [2025-08-14T23:57:06.152+0000] {dag.py:3954} INFO - Setting next_dagrun for daily_batch_inference to 2025-08-13 00:00:00+00:00, run_after=2025-08-14 00:00:00+00:00
[2025-08-14T23:57:06.185+0000] {processor.py:183} INFO - Processing /opt/airflow/dags/batch_inference_dag.py took 0.166 seconds
[2025-08-14T23:57:36.704+0000] {processor.py:161} INFO - Started process (PID=651) to work on /opt/airflow/dags/batch_inference_dag.py
[2025-08-14T23:57:36.706+0000] {processor.py:830} INFO - Processing file /opt/airflow/dags/batch_inference_dag.py for tasks to queue
[2025-08-14T23:57:36.709+0000] {logging_mixin.py:188} INFO - [2025-08-14T23:57:36.708+0000] {dagbag.py:545} INFO - Filling up the DagBag from /opt/airflow/dags/batch_inference_dag.py
[2025-08-14T23:57:36.728+0000] {processor.py:840} INFO - DAG(s) 'daily_batch_inference' retrieved from /opt/airflow/dags/batch_inference_dag.py
[2025-08-14T23:57:36.765+0000] {logging_mixin.py:188} INFO - [2025-08-14T23:57:36.764+0000] {dag.py:3096} INFO - Sync 1 DAGs
[2025-08-14T23:57:36.796+0000] {logging_mixin.py:188} INFO - [2025-08-14T23:57:36.796+0000] {dag.py:3954} INFO - Setting next_dagrun for daily_batch_inference to 2025-08-13 00:00:00+00:00, run_after=2025-08-14 00:00:00+00:00
[2025-08-14T23:57:36.818+0000] {processor.py:183} INFO - Processing /opt/airflow/dags/batch_inference_dag.py took 0.125 seconds
[2025-08-14T23:58:06.947+0000] {processor.py:161} INFO - Started process (PID=686) to work on /opt/airflow/dags/batch_inference_dag.py
[2025-08-14T23:58:06.949+0000] {processor.py:830} INFO - Processing file /opt/airflow/dags/batch_inference_dag.py for tasks to queue
[2025-08-14T23:58:06.952+0000] {logging_mixin.py:188} INFO - [2025-08-14T23:58:06.951+0000] {dagbag.py:545} INFO - Filling up the DagBag from /opt/airflow/dags/batch_inference_dag.py
[2025-08-14T23:58:06.970+0000] {processor.py:840} INFO - DAG(s) 'daily_batch_inference' retrieved from /opt/airflow/dags/batch_inference_dag.py
[2025-08-14T23:58:07.015+0000] {logging_mixin.py:188} INFO - [2025-08-14T23:58:07.014+0000] {dag.py:3096} INFO - Sync 1 DAGs
[2025-08-14T23:58:07.049+0000] {logging_mixin.py:188} INFO - [2025-08-14T23:58:07.049+0000] {dag.py:3954} INFO - Setting next_dagrun for daily_batch_inference to 2025-08-13 00:00:00+00:00, run_after=2025-08-14 00:00:00+00:00
[2025-08-14T23:58:07.072+0000] {processor.py:183} INFO - Processing /opt/airflow/dags/batch_inference_dag.py took 0.137 seconds
[2025-08-14T23:58:37.213+0000] {processor.py:161} INFO - Started process (PID=721) to work on /opt/airflow/dags/batch_inference_dag.py
[2025-08-14T23:58:37.215+0000] {processor.py:830} INFO - Processing file /opt/airflow/dags/batch_inference_dag.py for tasks to queue
[2025-08-14T23:58:37.218+0000] {logging_mixin.py:188} INFO - [2025-08-14T23:58:37.217+0000] {dagbag.py:545} INFO - Filling up the DagBag from /opt/airflow/dags/batch_inference_dag.py
[2025-08-14T23:58:37.237+0000] {processor.py:840} INFO - DAG(s) 'daily_batch_inference' retrieved from /opt/airflow/dags/batch_inference_dag.py
[2025-08-14T23:58:37.275+0000] {logging_mixin.py:188} INFO - [2025-08-14T23:58:37.274+0000] {dag.py:3096} INFO - Sync 1 DAGs
[2025-08-14T23:58:37.308+0000] {logging_mixin.py:188} INFO - [2025-08-14T23:58:37.307+0000] {dag.py:3954} INFO - Setting next_dagrun for daily_batch_inference to 2025-08-13 00:00:00+00:00, run_after=2025-08-14 00:00:00+00:00
[2025-08-14T23:58:37.330+0000] {processor.py:183} INFO - Processing /opt/airflow/dags/batch_inference_dag.py took 0.128 seconds
[2025-08-14T23:59:07.820+0000] {processor.py:161} INFO - Started process (PID=756) to work on /opt/airflow/dags/batch_inference_dag.py
[2025-08-14T23:59:07.822+0000] {processor.py:830} INFO - Processing file /opt/airflow/dags/batch_inference_dag.py for tasks to queue
[2025-08-14T23:59:07.825+0000] {logging_mixin.py:188} INFO - [2025-08-14T23:59:07.825+0000] {dagbag.py:545} INFO - Filling up the DagBag from /opt/airflow/dags/batch_inference_dag.py
[2025-08-14T23:59:07.845+0000] {processor.py:840} INFO - DAG(s) 'daily_batch_inference' retrieved from /opt/airflow/dags/batch_inference_dag.py
[2025-08-14T23:59:07.883+0000] {logging_mixin.py:188} INFO - [2025-08-14T23:59:07.882+0000] {dag.py:3096} INFO - Sync 1 DAGs
[2025-08-14T23:59:07.918+0000] {logging_mixin.py:188} INFO - [2025-08-14T23:59:07.918+0000] {dag.py:3954} INFO - Setting next_dagrun for daily_batch_inference to 2025-08-13 00:00:00+00:00, run_after=2025-08-14 00:00:00+00:00
[2025-08-14T23:59:07.948+0000] {processor.py:183} INFO - Processing /opt/airflow/dags/batch_inference_dag.py took 0.139 seconds
[2025-08-14T23:59:38.440+0000] {processor.py:161} INFO - Started process (PID=790) to work on /opt/airflow/dags/batch_inference_dag.py
[2025-08-14T23:59:38.444+0000] {processor.py:830} INFO - Processing file /opt/airflow/dags/batch_inference_dag.py for tasks to queue
[2025-08-14T23:59:38.448+0000] {logging_mixin.py:188} INFO - [2025-08-14T23:59:38.448+0000] {dagbag.py:545} INFO - Filling up the DagBag from /opt/airflow/dags/batch_inference_dag.py
[2025-08-14T23:59:38.474+0000] {processor.py:840} INFO - DAG(s) 'daily_batch_inference' retrieved from /opt/airflow/dags/batch_inference_dag.py
[2025-08-14T23:59:38.580+0000] {logging_mixin.py:188} INFO - [2025-08-14T23:59:38.580+0000] {dag.py:3096} INFO - Sync 1 DAGs
[2025-08-14T23:59:38.630+0000] {logging_mixin.py:188} INFO - [2025-08-14T23:59:38.630+0000] {dag.py:3954} INFO - Setting next_dagrun for daily_batch_inference to 2025-08-13 00:00:00+00:00, run_after=2025-08-14 00:00:00+00:00
[2025-08-14T23:59:38.656+0000] {processor.py:183} INFO - Processing /opt/airflow/dags/batch_inference_dag.py took 0.246 seconds
