[2025-08-14T23:30:18.156+0000] {processor.py:161} INFO - Started process (PID=69) to work on /opt/airflow/dags/etl_pipeline.py
[2025-08-14T23:30:18.158+0000] {processor.py:830} INFO - Processing file /opt/airflow/dags/etl_pipeline.py for tasks to queue
[2025-08-14T23:30:18.164+0000] {logging_mixin.py:188} INFO - [2025-08-14T23:30:18.163+0000] {dagbag.py:545} INFO - Filling up the DagBag from /opt/airflow/dags/etl_pipeline.py
[2025-08-14T23:30:28.140+0000] {logging_mixin.py:188} INFO - [2025-08-14T23:30:28.138+0000] {configprovider.py:952} INFO - Found endpoint for s3 via: environment_global.
[2025-08-14T23:30:28.226+0000] {processor.py:840} INFO - DAG(s) 'etl' retrieved from /opt/airflow/dags/etl_pipeline.py
[2025-08-14T23:30:28.807+0000] {logging_mixin.py:188} INFO - [2025-08-14T23:30:28.805+0000] {dag.py:3096} INFO - Sync 1 DAGs
[2025-08-14T23:30:28.845+0000] {logging_mixin.py:188} INFO - [2025-08-14T23:30:28.844+0000] {dag.py:3954} INFO - Setting next_dagrun for etl to None, run_after=None
[2025-08-14T23:30:28.928+0000] {processor.py:183} INFO - Processing /opt/airflow/dags/etl_pipeline.py took 10.784 seconds
[2025-08-14T23:30:59.140+0000] {processor.py:161} INFO - Started process (PID=105) to work on /opt/airflow/dags/etl_pipeline.py
[2025-08-14T23:30:59.143+0000] {processor.py:830} INFO - Processing file /opt/airflow/dags/etl_pipeline.py for tasks to queue
[2025-08-14T23:30:59.146+0000] {logging_mixin.py:188} INFO - [2025-08-14T23:30:59.146+0000] {dagbag.py:545} INFO - Filling up the DagBag from /opt/airflow/dags/etl_pipeline.py
[2025-08-14T23:31:01.913+0000] {logging_mixin.py:188} INFO - [2025-08-14T23:31:01.913+0000] {configprovider.py:952} INFO - Found endpoint for s3 via: environment_global.
[2025-08-14T23:31:01.931+0000] {processor.py:840} INFO - DAG(s) 'etl' retrieved from /opt/airflow/dags/etl_pipeline.py
[2025-08-14T23:31:01.976+0000] {logging_mixin.py:188} INFO - [2025-08-14T23:31:01.976+0000] {dag.py:3096} INFO - Sync 1 DAGs
[2025-08-14T23:31:02.034+0000] {logging_mixin.py:188} INFO - [2025-08-14T23:31:02.033+0000] {dag.py:3954} INFO - Setting next_dagrun for etl to None, run_after=None
[2025-08-14T23:31:02.060+0000] {processor.py:183} INFO - Processing /opt/airflow/dags/etl_pipeline.py took 2.930 seconds
[2025-08-14T23:31:32.407+0000] {processor.py:161} INFO - Started process (PID=141) to work on /opt/airflow/dags/etl_pipeline.py
[2025-08-14T23:31:32.409+0000] {processor.py:830} INFO - Processing file /opt/airflow/dags/etl_pipeline.py for tasks to queue
[2025-08-14T23:31:32.412+0000] {logging_mixin.py:188} INFO - [2025-08-14T23:31:32.411+0000] {dagbag.py:545} INFO - Filling up the DagBag from /opt/airflow/dags/etl_pipeline.py
[2025-08-14T23:31:33.217+0000] {logging_mixin.py:188} INFO - [2025-08-14T23:31:33.216+0000] {configprovider.py:952} INFO - Found endpoint for s3 via: environment_global.
[2025-08-14T23:31:33.232+0000] {processor.py:840} INFO - DAG(s) 'etl' retrieved from /opt/airflow/dags/etl_pipeline.py
[2025-08-14T23:31:33.266+0000] {logging_mixin.py:188} INFO - [2025-08-14T23:31:33.265+0000] {dag.py:3096} INFO - Sync 1 DAGs
[2025-08-14T23:31:33.278+0000] {logging_mixin.py:188} INFO - [2025-08-14T23:31:33.278+0000] {dag.py:3954} INFO - Setting next_dagrun for etl to None, run_after=None
[2025-08-14T23:31:33.306+0000] {processor.py:183} INFO - Processing /opt/airflow/dags/etl_pipeline.py took 0.907 seconds
[2025-08-14T23:32:03.898+0000] {processor.py:161} INFO - Started process (PID=176) to work on /opt/airflow/dags/etl_pipeline.py
[2025-08-14T23:32:03.900+0000] {processor.py:830} INFO - Processing file /opt/airflow/dags/etl_pipeline.py for tasks to queue
[2025-08-14T23:32:03.904+0000] {logging_mixin.py:188} INFO - [2025-08-14T23:32:03.903+0000] {dagbag.py:545} INFO - Filling up the DagBag from /opt/airflow/dags/etl_pipeline.py
[2025-08-14T23:32:04.789+0000] {logging_mixin.py:188} INFO - [2025-08-14T23:32:04.788+0000] {configprovider.py:952} INFO - Found endpoint for s3 via: environment_global.
[2025-08-14T23:32:04.815+0000] {processor.py:840} INFO - DAG(s) 'etl' retrieved from /opt/airflow/dags/etl_pipeline.py
[2025-08-14T23:32:04.852+0000] {logging_mixin.py:188} INFO - [2025-08-14T23:32:04.851+0000] {dag.py:3096} INFO - Sync 1 DAGs
[2025-08-14T23:32:04.866+0000] {logging_mixin.py:188} INFO - [2025-08-14T23:32:04.866+0000] {dag.py:3954} INFO - Setting next_dagrun for etl to None, run_after=None
[2025-08-14T23:32:04.890+0000] {processor.py:183} INFO - Processing /opt/airflow/dags/etl_pipeline.py took 1.000 seconds
[2025-08-14T23:32:34.992+0000] {processor.py:161} INFO - Started process (PID=211) to work on /opt/airflow/dags/etl_pipeline.py
[2025-08-14T23:32:34.996+0000] {processor.py:830} INFO - Processing file /opt/airflow/dags/etl_pipeline.py for tasks to queue
[2025-08-14T23:32:35.011+0000] {logging_mixin.py:188} INFO - [2025-08-14T23:32:35.009+0000] {dagbag.py:545} INFO - Filling up the DagBag from /opt/airflow/dags/etl_pipeline.py
[2025-08-14T23:32:46.645+0000] {logging_mixin.py:188} INFO - [2025-08-14T23:32:46.645+0000] {configprovider.py:952} INFO - Found endpoint for s3 via: environment_global.
[2025-08-14T23:32:46.784+0000] {processor.py:840} INFO - DAG(s) 'etl' retrieved from /opt/airflow/dags/etl_pipeline.py
[2025-08-14T23:32:46.903+0000] {logging_mixin.py:188} INFO - [2025-08-14T23:32:46.902+0000] {dag.py:3096} INFO - Sync 1 DAGs
[2025-08-14T23:32:46.946+0000] {logging_mixin.py:188} INFO - [2025-08-14T23:32:46.946+0000] {dag.py:3954} INFO - Setting next_dagrun for etl to None, run_after=None
[2025-08-14T23:32:46.983+0000] {processor.py:183} INFO - Processing /opt/airflow/dags/etl_pipeline.py took 12.022 seconds
[2025-08-14T23:33:17.935+0000] {processor.py:161} INFO - Started process (PID=248) to work on /opt/airflow/dags/etl_pipeline.py
[2025-08-14T23:33:17.940+0000] {processor.py:830} INFO - Processing file /opt/airflow/dags/etl_pipeline.py for tasks to queue
[2025-08-14T23:33:17.946+0000] {logging_mixin.py:188} INFO - [2025-08-14T23:33:17.945+0000] {dagbag.py:545} INFO - Filling up the DagBag from /opt/airflow/dags/etl_pipeline.py
[2025-08-14T23:33:19.240+0000] {logging_mixin.py:188} INFO - [2025-08-14T23:33:19.239+0000] {configprovider.py:952} INFO - Found endpoint for s3 via: environment_global.
[2025-08-14T23:33:19.259+0000] {processor.py:840} INFO - DAG(s) 'etl' retrieved from /opt/airflow/dags/etl_pipeline.py
[2025-08-14T23:33:19.289+0000] {logging_mixin.py:188} INFO - [2025-08-14T23:33:19.289+0000] {dag.py:3096} INFO - Sync 1 DAGs
[2025-08-14T23:33:19.308+0000] {logging_mixin.py:188} INFO - [2025-08-14T23:33:19.307+0000] {dag.py:3954} INFO - Setting next_dagrun for etl to None, run_after=None
[2025-08-14T23:33:19.332+0000] {processor.py:183} INFO - Processing /opt/airflow/dags/etl_pipeline.py took 1.409 seconds
[2025-08-14T23:33:49.899+0000] {processor.py:161} INFO - Started process (PID=289) to work on /opt/airflow/dags/etl_pipeline.py
[2025-08-14T23:33:49.901+0000] {processor.py:830} INFO - Processing file /opt/airflow/dags/etl_pipeline.py for tasks to queue
[2025-08-14T23:33:49.905+0000] {logging_mixin.py:188} INFO - [2025-08-14T23:33:49.904+0000] {dagbag.py:545} INFO - Filling up the DagBag from /opt/airflow/dags/etl_pipeline.py
[2025-08-14T23:33:50.733+0000] {logging_mixin.py:188} INFO - [2025-08-14T23:33:50.733+0000] {configprovider.py:952} INFO - Found endpoint for s3 via: environment_global.
[2025-08-14T23:33:50.746+0000] {processor.py:840} INFO - DAG(s) 'etl' retrieved from /opt/airflow/dags/etl_pipeline.py
[2025-08-14T23:33:50.779+0000] {logging_mixin.py:188} INFO - [2025-08-14T23:33:50.779+0000] {dag.py:3096} INFO - Sync 1 DAGs
[2025-08-14T23:33:50.792+0000] {logging_mixin.py:188} INFO - [2025-08-14T23:33:50.791+0000] {dag.py:3954} INFO - Setting next_dagrun for etl to None, run_after=None
[2025-08-14T23:33:50.821+0000] {processor.py:183} INFO - Processing /opt/airflow/dags/etl_pipeline.py took 0.930 seconds
[2025-08-14T23:34:20.941+0000] {processor.py:161} INFO - Started process (PID=323) to work on /opt/airflow/dags/etl_pipeline.py
[2025-08-14T23:34:20.942+0000] {processor.py:830} INFO - Processing file /opt/airflow/dags/etl_pipeline.py for tasks to queue
[2025-08-14T23:34:20.945+0000] {logging_mixin.py:188} INFO - [2025-08-14T23:34:20.945+0000] {dagbag.py:545} INFO - Filling up the DagBag from /opt/airflow/dags/etl_pipeline.py
[2025-08-14T23:34:22.161+0000] {logging_mixin.py:188} INFO - [2025-08-14T23:34:22.161+0000] {configprovider.py:952} INFO - Found endpoint for s3 via: environment_global.
[2025-08-14T23:34:22.178+0000] {processor.py:840} INFO - DAG(s) 'etl' retrieved from /opt/airflow/dags/etl_pipeline.py
[2025-08-14T23:34:22.216+0000] {logging_mixin.py:188} INFO - [2025-08-14T23:34:22.215+0000] {dag.py:3096} INFO - Sync 1 DAGs
[2025-08-14T23:34:22.231+0000] {logging_mixin.py:188} INFO - [2025-08-14T23:34:22.231+0000] {dag.py:3954} INFO - Setting next_dagrun for etl to None, run_after=None
[2025-08-14T23:34:22.255+0000] {processor.py:183} INFO - Processing /opt/airflow/dags/etl_pipeline.py took 1.325 seconds
[2025-08-14T23:34:52.331+0000] {processor.py:161} INFO - Started process (PID=358) to work on /opt/airflow/dags/etl_pipeline.py
[2025-08-14T23:34:52.333+0000] {processor.py:830} INFO - Processing file /opt/airflow/dags/etl_pipeline.py for tasks to queue
[2025-08-14T23:34:52.336+0000] {logging_mixin.py:188} INFO - [2025-08-14T23:34:52.335+0000] {dagbag.py:545} INFO - Filling up the DagBag from /opt/airflow/dags/etl_pipeline.py
[2025-08-14T23:34:53.190+0000] {logging_mixin.py:188} INFO - [2025-08-14T23:34:53.189+0000] {configprovider.py:952} INFO - Found endpoint for s3 via: environment_global.
[2025-08-14T23:34:53.203+0000] {processor.py:840} INFO - DAG(s) 'etl' retrieved from /opt/airflow/dags/etl_pipeline.py
[2025-08-14T23:34:53.229+0000] {logging_mixin.py:188} INFO - [2025-08-14T23:34:53.228+0000] {dag.py:3096} INFO - Sync 1 DAGs
[2025-08-14T23:34:53.242+0000] {logging_mixin.py:188} INFO - [2025-08-14T23:34:53.241+0000] {dag.py:3954} INFO - Setting next_dagrun for etl to None, run_after=None
[2025-08-14T23:34:53.261+0000] {processor.py:183} INFO - Processing /opt/airflow/dags/etl_pipeline.py took 0.940 seconds
[2025-08-14T23:35:23.644+0000] {processor.py:161} INFO - Started process (PID=393) to work on /opt/airflow/dags/etl_pipeline.py
[2025-08-14T23:35:23.647+0000] {processor.py:830} INFO - Processing file /opt/airflow/dags/etl_pipeline.py for tasks to queue
[2025-08-14T23:35:23.654+0000] {logging_mixin.py:188} INFO - [2025-08-14T23:35:23.653+0000] {dagbag.py:545} INFO - Filling up the DagBag from /opt/airflow/dags/etl_pipeline.py
[2025-08-14T23:35:24.537+0000] {logging_mixin.py:188} INFO - [2025-08-14T23:35:24.537+0000] {configprovider.py:952} INFO - Found endpoint for s3 via: environment_global.
[2025-08-14T23:35:24.550+0000] {processor.py:840} INFO - DAG(s) 'etl' retrieved from /opt/airflow/dags/etl_pipeline.py
[2025-08-14T23:35:24.578+0000] {logging_mixin.py:188} INFO - [2025-08-14T23:35:24.577+0000] {dag.py:3096} INFO - Sync 1 DAGs
[2025-08-14T23:35:24.591+0000] {logging_mixin.py:188} INFO - [2025-08-14T23:35:24.591+0000] {dag.py:3954} INFO - Setting next_dagrun for etl to None, run_after=None
[2025-08-14T23:35:24.618+0000] {processor.py:183} INFO - Processing /opt/airflow/dags/etl_pipeline.py took 0.986 seconds
[2025-08-14T23:35:55.061+0000] {processor.py:161} INFO - Started process (PID=428) to work on /opt/airflow/dags/etl_pipeline.py
[2025-08-14T23:35:55.062+0000] {processor.py:830} INFO - Processing file /opt/airflow/dags/etl_pipeline.py for tasks to queue
[2025-08-14T23:35:55.065+0000] {logging_mixin.py:188} INFO - [2025-08-14T23:35:55.065+0000] {dagbag.py:545} INFO - Filling up the DagBag from /opt/airflow/dags/etl_pipeline.py
[2025-08-14T23:35:55.940+0000] {logging_mixin.py:188} INFO - [2025-08-14T23:35:55.940+0000] {configprovider.py:952} INFO - Found endpoint for s3 via: environment_global.
[2025-08-14T23:35:55.956+0000] {processor.py:840} INFO - DAG(s) 'etl' retrieved from /opt/airflow/dags/etl_pipeline.py
[2025-08-14T23:35:55.983+0000] {logging_mixin.py:188} INFO - [2025-08-14T23:35:55.982+0000] {dag.py:3096} INFO - Sync 1 DAGs
[2025-08-14T23:35:56.000+0000] {logging_mixin.py:188} INFO - [2025-08-14T23:35:56.000+0000] {dag.py:3954} INFO - Setting next_dagrun for etl to None, run_after=None
[2025-08-14T23:35:56.036+0000] {processor.py:183} INFO - Processing /opt/airflow/dags/etl_pipeline.py took 0.984 seconds
[2025-08-14T23:36:26.420+0000] {processor.py:161} INFO - Started process (PID=463) to work on /opt/airflow/dags/etl_pipeline.py
[2025-08-14T23:36:26.422+0000] {processor.py:830} INFO - Processing file /opt/airflow/dags/etl_pipeline.py for tasks to queue
[2025-08-14T23:36:26.424+0000] {logging_mixin.py:188} INFO - [2025-08-14T23:36:26.424+0000] {dagbag.py:545} INFO - Filling up the DagBag from /opt/airflow/dags/etl_pipeline.py
[2025-08-14T23:36:27.262+0000] {logging_mixin.py:188} INFO - [2025-08-14T23:36:27.262+0000] {configprovider.py:952} INFO - Found endpoint for s3 via: environment_global.
[2025-08-14T23:36:27.276+0000] {processor.py:840} INFO - DAG(s) 'etl' retrieved from /opt/airflow/dags/etl_pipeline.py
[2025-08-14T23:36:27.302+0000] {logging_mixin.py:188} INFO - [2025-08-14T23:36:27.301+0000] {dag.py:3096} INFO - Sync 1 DAGs
[2025-08-14T23:36:27.319+0000] {logging_mixin.py:188} INFO - [2025-08-14T23:36:27.319+0000] {dag.py:3954} INFO - Setting next_dagrun for etl to None, run_after=None
[2025-08-14T23:36:27.347+0000] {processor.py:183} INFO - Processing /opt/airflow/dags/etl_pipeline.py took 0.935 seconds
[2025-08-14T23:36:58.242+0000] {processor.py:161} INFO - Started process (PID=498) to work on /opt/airflow/dags/etl_pipeline.py
[2025-08-14T23:36:58.244+0000] {processor.py:830} INFO - Processing file /opt/airflow/dags/etl_pipeline.py for tasks to queue
[2025-08-14T23:36:58.247+0000] {logging_mixin.py:188} INFO - [2025-08-14T23:36:58.246+0000] {dagbag.py:545} INFO - Filling up the DagBag from /opt/airflow/dags/etl_pipeline.py
[2025-08-14T23:36:59.204+0000] {logging_mixin.py:188} INFO - [2025-08-14T23:36:59.203+0000] {configprovider.py:952} INFO - Found endpoint for s3 via: environment_global.
[2025-08-14T23:36:59.218+0000] {processor.py:840} INFO - DAG(s) 'etl' retrieved from /opt/airflow/dags/etl_pipeline.py
[2025-08-14T23:36:59.254+0000] {logging_mixin.py:188} INFO - [2025-08-14T23:36:59.254+0000] {dag.py:3096} INFO - Sync 1 DAGs
[2025-08-14T23:36:59.269+0000] {logging_mixin.py:188} INFO - [2025-08-14T23:36:59.269+0000] {dag.py:3954} INFO - Setting next_dagrun for etl to None, run_after=None
[2025-08-14T23:36:59.292+0000] {processor.py:183} INFO - Processing /opt/airflow/dags/etl_pipeline.py took 1.061 seconds
[2025-08-14T23:37:29.992+0000] {processor.py:161} INFO - Started process (PID=534) to work on /opt/airflow/dags/etl_pipeline.py
[2025-08-14T23:37:29.996+0000] {processor.py:830} INFO - Processing file /opt/airflow/dags/etl_pipeline.py for tasks to queue
[2025-08-14T23:37:30.002+0000] {logging_mixin.py:188} INFO - [2025-08-14T23:37:30.001+0000] {dagbag.py:545} INFO - Filling up the DagBag from /opt/airflow/dags/etl_pipeline.py
[2025-08-14T23:37:32.630+0000] {logging_mixin.py:188} INFO - [2025-08-14T23:37:32.630+0000] {configprovider.py:952} INFO - Found endpoint for s3 via: environment_global.
[2025-08-14T23:37:32.679+0000] {processor.py:840} INFO - DAG(s) 'etl' retrieved from /opt/airflow/dags/etl_pipeline.py
[2025-08-14T23:37:32.740+0000] {logging_mixin.py:188} INFO - [2025-08-14T23:37:32.740+0000] {dag.py:3096} INFO - Sync 1 DAGs
[2025-08-14T23:37:32.768+0000] {logging_mixin.py:188} INFO - [2025-08-14T23:37:32.767+0000] {dag.py:3954} INFO - Setting next_dagrun for etl to None, run_after=None
[2025-08-14T23:37:32.806+0000] {processor.py:183} INFO - Processing /opt/airflow/dags/etl_pipeline.py took 2.834 seconds
[2025-08-14T23:38:03.683+0000] {processor.py:161} INFO - Started process (PID=568) to work on /opt/airflow/dags/etl_pipeline.py
[2025-08-14T23:38:03.687+0000] {processor.py:830} INFO - Processing file /opt/airflow/dags/etl_pipeline.py for tasks to queue
[2025-08-14T23:38:03.703+0000] {logging_mixin.py:188} INFO - [2025-08-14T23:38:03.698+0000] {dagbag.py:545} INFO - Filling up the DagBag from /opt/airflow/dags/etl_pipeline.py
[2025-08-14T23:38:04.978+0000] {logging_mixin.py:188} INFO - [2025-08-14T23:38:04.977+0000] {configprovider.py:952} INFO - Found endpoint for s3 via: environment_global.
[2025-08-14T23:38:05.000+0000] {processor.py:840} INFO - DAG(s) 'etl' retrieved from /opt/airflow/dags/etl_pipeline.py
[2025-08-14T23:38:05.041+0000] {logging_mixin.py:188} INFO - [2025-08-14T23:38:05.041+0000] {dag.py:3096} INFO - Sync 1 DAGs
[2025-08-14T23:38:05.059+0000] {logging_mixin.py:188} INFO - [2025-08-14T23:38:05.058+0000] {dag.py:3954} INFO - Setting next_dagrun for etl to None, run_after=None
[2025-08-14T23:38:05.093+0000] {processor.py:183} INFO - Processing /opt/airflow/dags/etl_pipeline.py took 1.436 seconds
[2025-08-14T23:38:35.840+0000] {processor.py:161} INFO - Started process (PID=603) to work on /opt/airflow/dags/etl_pipeline.py
[2025-08-14T23:38:35.842+0000] {processor.py:830} INFO - Processing file /opt/airflow/dags/etl_pipeline.py for tasks to queue
[2025-08-14T23:38:35.846+0000] {logging_mixin.py:188} INFO - [2025-08-14T23:38:35.846+0000] {dagbag.py:545} INFO - Filling up the DagBag from /opt/airflow/dags/etl_pipeline.py
[2025-08-14T23:38:36.739+0000] {logging_mixin.py:188} INFO - [2025-08-14T23:38:36.738+0000] {configprovider.py:952} INFO - Found endpoint for s3 via: environment_global.
[2025-08-14T23:38:36.752+0000] {processor.py:840} INFO - DAG(s) 'etl' retrieved from /opt/airflow/dags/etl_pipeline.py
[2025-08-14T23:38:36.777+0000] {logging_mixin.py:188} INFO - [2025-08-14T23:38:36.777+0000] {dag.py:3096} INFO - Sync 1 DAGs
[2025-08-14T23:38:36.792+0000] {logging_mixin.py:188} INFO - [2025-08-14T23:38:36.792+0000] {dag.py:3954} INFO - Setting next_dagrun for etl to None, run_after=None
[2025-08-14T23:38:36.811+0000] {processor.py:183} INFO - Processing /opt/airflow/dags/etl_pipeline.py took 0.983 seconds
[2025-08-14T23:39:07.121+0000] {processor.py:161} INFO - Started process (PID=638) to work on /opt/airflow/dags/etl_pipeline.py
[2025-08-14T23:39:07.122+0000] {processor.py:830} INFO - Processing file /opt/airflow/dags/etl_pipeline.py for tasks to queue
[2025-08-14T23:39:07.126+0000] {logging_mixin.py:188} INFO - [2025-08-14T23:39:07.126+0000] {dagbag.py:545} INFO - Filling up the DagBag from /opt/airflow/dags/etl_pipeline.py
[2025-08-14T23:39:07.969+0000] {logging_mixin.py:188} INFO - [2025-08-14T23:39:07.969+0000] {configprovider.py:952} INFO - Found endpoint for s3 via: environment_global.
[2025-08-14T23:39:07.983+0000] {processor.py:840} INFO - DAG(s) 'etl' retrieved from /opt/airflow/dags/etl_pipeline.py
[2025-08-14T23:39:08.028+0000] {logging_mixin.py:188} INFO - [2025-08-14T23:39:08.027+0000] {dag.py:3096} INFO - Sync 1 DAGs
[2025-08-14T23:39:08.043+0000] {logging_mixin.py:188} INFO - [2025-08-14T23:39:08.042+0000] {dag.py:3954} INFO - Setting next_dagrun for etl to None, run_after=None
[2025-08-14T23:39:08.065+0000] {processor.py:183} INFO - Processing /opt/airflow/dags/etl_pipeline.py took 0.955 seconds
[2025-08-14T23:39:38.344+0000] {processor.py:161} INFO - Started process (PID=673) to work on /opt/airflow/dags/etl_pipeline.py
[2025-08-14T23:39:38.346+0000] {processor.py:830} INFO - Processing file /opt/airflow/dags/etl_pipeline.py for tasks to queue
[2025-08-14T23:39:38.349+0000] {logging_mixin.py:188} INFO - [2025-08-14T23:39:38.348+0000] {dagbag.py:545} INFO - Filling up the DagBag from /opt/airflow/dags/etl_pipeline.py
[2025-08-14T23:39:39.312+0000] {logging_mixin.py:188} INFO - [2025-08-14T23:39:39.311+0000] {configprovider.py:952} INFO - Found endpoint for s3 via: environment_global.
[2025-08-14T23:39:39.341+0000] {processor.py:840} INFO - DAG(s) 'etl' retrieved from /opt/airflow/dags/etl_pipeline.py
[2025-08-14T23:39:39.371+0000] {logging_mixin.py:188} INFO - [2025-08-14T23:39:39.371+0000] {dag.py:3096} INFO - Sync 1 DAGs
[2025-08-14T23:39:39.387+0000] {logging_mixin.py:188} INFO - [2025-08-14T23:39:39.386+0000] {dag.py:3954} INFO - Setting next_dagrun for etl to None, run_after=None
[2025-08-14T23:39:39.415+0000] {processor.py:183} INFO - Processing /opt/airflow/dags/etl_pipeline.py took 1.081 seconds
[2025-08-14T23:40:10.126+0000] {processor.py:161} INFO - Started process (PID=708) to work on /opt/airflow/dags/etl_pipeline.py
[2025-08-14T23:40:10.128+0000] {processor.py:830} INFO - Processing file /opt/airflow/dags/etl_pipeline.py for tasks to queue
[2025-08-14T23:40:10.131+0000] {logging_mixin.py:188} INFO - [2025-08-14T23:40:10.131+0000] {dagbag.py:545} INFO - Filling up the DagBag from /opt/airflow/dags/etl_pipeline.py
[2025-08-14T23:40:11.011+0000] {logging_mixin.py:188} INFO - [2025-08-14T23:40:11.011+0000] {configprovider.py:952} INFO - Found endpoint for s3 via: environment_global.
[2025-08-14T23:40:11.026+0000] {processor.py:840} INFO - DAG(s) 'etl' retrieved from /opt/airflow/dags/etl_pipeline.py
[2025-08-14T23:40:11.055+0000] {logging_mixin.py:188} INFO - [2025-08-14T23:40:11.054+0000] {dag.py:3096} INFO - Sync 1 DAGs
[2025-08-14T23:40:11.070+0000] {logging_mixin.py:188} INFO - [2025-08-14T23:40:11.070+0000] {dag.py:3954} INFO - Setting next_dagrun for etl to None, run_after=None
[2025-08-14T23:40:11.092+0000] {processor.py:183} INFO - Processing /opt/airflow/dags/etl_pipeline.py took 0.976 seconds
[2025-08-14T23:40:41.357+0000] {processor.py:161} INFO - Started process (PID=743) to work on /opt/airflow/dags/etl_pipeline.py
[2025-08-14T23:40:41.359+0000] {processor.py:830} INFO - Processing file /opt/airflow/dags/etl_pipeline.py for tasks to queue
[2025-08-14T23:40:41.362+0000] {logging_mixin.py:188} INFO - [2025-08-14T23:40:41.361+0000] {dagbag.py:545} INFO - Filling up the DagBag from /opt/airflow/dags/etl_pipeline.py
[2025-08-14T23:40:42.225+0000] {logging_mixin.py:188} INFO - [2025-08-14T23:40:42.224+0000] {configprovider.py:952} INFO - Found endpoint for s3 via: environment_global.
[2025-08-14T23:40:42.238+0000] {processor.py:840} INFO - DAG(s) 'etl' retrieved from /opt/airflow/dags/etl_pipeline.py
[2025-08-14T23:40:42.265+0000] {logging_mixin.py:188} INFO - [2025-08-14T23:40:42.265+0000] {dag.py:3096} INFO - Sync 1 DAGs
[2025-08-14T23:40:42.281+0000] {logging_mixin.py:188} INFO - [2025-08-14T23:40:42.280+0000] {dag.py:3954} INFO - Setting next_dagrun for etl to None, run_after=None
[2025-08-14T23:40:42.300+0000] {processor.py:183} INFO - Processing /opt/airflow/dags/etl_pipeline.py took 0.954 seconds
[2025-08-14T23:41:12.542+0000] {processor.py:161} INFO - Started process (PID=778) to work on /opt/airflow/dags/etl_pipeline.py
[2025-08-14T23:41:12.543+0000] {processor.py:830} INFO - Processing file /opt/airflow/dags/etl_pipeline.py for tasks to queue
[2025-08-14T23:41:12.546+0000] {logging_mixin.py:188} INFO - [2025-08-14T23:41:12.546+0000] {dagbag.py:545} INFO - Filling up the DagBag from /opt/airflow/dags/etl_pipeline.py
[2025-08-14T23:41:13.374+0000] {logging_mixin.py:188} INFO - [2025-08-14T23:41:13.374+0000] {configprovider.py:952} INFO - Found endpoint for s3 via: environment_global.
[2025-08-14T23:41:13.388+0000] {processor.py:840} INFO - DAG(s) 'etl' retrieved from /opt/airflow/dags/etl_pipeline.py
[2025-08-14T23:41:13.422+0000] {logging_mixin.py:188} INFO - [2025-08-14T23:41:13.421+0000] {dag.py:3096} INFO - Sync 1 DAGs
[2025-08-14T23:41:13.435+0000] {logging_mixin.py:188} INFO - [2025-08-14T23:41:13.435+0000] {dag.py:3954} INFO - Setting next_dagrun for etl to None, run_after=None
[2025-08-14T23:41:13.455+0000] {processor.py:183} INFO - Processing /opt/airflow/dags/etl_pipeline.py took 0.924 seconds
[2025-08-14T23:41:43.701+0000] {processor.py:161} INFO - Started process (PID=804) to work on /opt/airflow/dags/etl_pipeline.py
[2025-08-14T23:41:43.703+0000] {processor.py:830} INFO - Processing file /opt/airflow/dags/etl_pipeline.py for tasks to queue
[2025-08-14T23:41:43.707+0000] {logging_mixin.py:188} INFO - [2025-08-14T23:41:43.707+0000] {dagbag.py:545} INFO - Filling up the DagBag from /opt/airflow/dags/etl_pipeline.py
[2025-08-14T23:41:44.914+0000] {logging_mixin.py:188} INFO - [2025-08-14T23:41:44.913+0000] {configprovider.py:952} INFO - Found endpoint for s3 via: environment_global.
[2025-08-14T23:41:44.941+0000] {processor.py:840} INFO - DAG(s) 'etl' retrieved from /opt/airflow/dags/etl_pipeline.py
[2025-08-14T23:41:45.013+0000] {logging_mixin.py:188} INFO - [2025-08-14T23:41:45.012+0000] {dag.py:3096} INFO - Sync 1 DAGs
[2025-08-14T23:41:45.045+0000] {logging_mixin.py:188} INFO - [2025-08-14T23:41:45.044+0000] {dag.py:3954} INFO - Setting next_dagrun for etl to None, run_after=None
[2025-08-14T23:41:45.085+0000] {processor.py:183} INFO - Processing /opt/airflow/dags/etl_pipeline.py took 1.400 seconds
[2025-08-14T23:42:15.160+0000] {processor.py:161} INFO - Started process (PID=836) to work on /opt/airflow/dags/etl_pipeline.py
[2025-08-14T23:42:15.162+0000] {processor.py:830} INFO - Processing file /opt/airflow/dags/etl_pipeline.py for tasks to queue
[2025-08-14T23:42:15.165+0000] {logging_mixin.py:188} INFO - [2025-08-14T23:42:15.164+0000] {dagbag.py:545} INFO - Filling up the DagBag from /opt/airflow/dags/etl_pipeline.py
[2025-08-14T23:42:16.106+0000] {logging_mixin.py:188} INFO - [2025-08-14T23:42:16.106+0000] {configprovider.py:952} INFO - Found endpoint for s3 via: environment_global.
[2025-08-14T23:42:16.121+0000] {processor.py:840} INFO - DAG(s) 'etl' retrieved from /opt/airflow/dags/etl_pipeline.py
[2025-08-14T23:42:16.148+0000] {logging_mixin.py:188} INFO - [2025-08-14T23:42:16.148+0000] {dag.py:3096} INFO - Sync 1 DAGs
[2025-08-14T23:42:16.162+0000] {logging_mixin.py:188} INFO - [2025-08-14T23:42:16.162+0000] {dag.py:3954} INFO - Setting next_dagrun for etl to None, run_after=None
[2025-08-14T23:42:16.183+0000] {processor.py:183} INFO - Processing /opt/airflow/dags/etl_pipeline.py took 1.033 seconds
[2025-08-14T23:44:14.228+0000] {processor.py:161} INFO - Started process (PID=66) to work on /opt/airflow/dags/etl_pipeline.py
[2025-08-14T23:44:14.231+0000] {processor.py:830} INFO - Processing file /opt/airflow/dags/etl_pipeline.py for tasks to queue
[2025-08-14T23:44:14.237+0000] {logging_mixin.py:188} INFO - [2025-08-14T23:44:14.236+0000] {dagbag.py:545} INFO - Filling up the DagBag from /opt/airflow/dags/etl_pipeline.py
[2025-08-14T23:44:17.328+0000] {logging_mixin.py:188} INFO - [2025-08-14T23:44:17.327+0000] {configprovider.py:952} INFO - Found endpoint for s3 via: environment_global.
[2025-08-14T23:44:17.350+0000] {processor.py:840} INFO - DAG(s) 'etl' retrieved from /opt/airflow/dags/etl_pipeline.py
[2025-08-14T23:44:17.555+0000] {logging_mixin.py:188} INFO - [2025-08-14T23:44:17.554+0000] {dag.py:3096} INFO - Sync 1 DAGs
[2025-08-14T23:44:17.578+0000] {logging_mixin.py:188} INFO - [2025-08-14T23:44:17.578+0000] {dag.py:3954} INFO - Setting next_dagrun for etl to None, run_after=None
[2025-08-14T23:44:17.670+0000] {processor.py:183} INFO - Processing /opt/airflow/dags/etl_pipeline.py took 3.463 seconds
[2025-08-14T23:44:48.256+0000] {processor.py:161} INFO - Started process (PID=102) to work on /opt/airflow/dags/etl_pipeline.py
[2025-08-14T23:44:48.258+0000] {processor.py:830} INFO - Processing file /opt/airflow/dags/etl_pipeline.py for tasks to queue
[2025-08-14T23:44:48.261+0000] {logging_mixin.py:188} INFO - [2025-08-14T23:44:48.260+0000] {dagbag.py:545} INFO - Filling up the DagBag from /opt/airflow/dags/etl_pipeline.py
[2025-08-14T23:44:49.093+0000] {logging_mixin.py:188} INFO - [2025-08-14T23:44:49.093+0000] {configprovider.py:952} INFO - Found endpoint for s3 via: environment_global.
[2025-08-14T23:44:49.107+0000] {processor.py:840} INFO - DAG(s) 'etl' retrieved from /opt/airflow/dags/etl_pipeline.py
[2025-08-14T23:44:49.134+0000] {logging_mixin.py:188} INFO - [2025-08-14T23:44:49.133+0000] {dag.py:3096} INFO - Sync 1 DAGs
[2025-08-14T23:44:49.152+0000] {logging_mixin.py:188} INFO - [2025-08-14T23:44:49.152+0000] {dag.py:3954} INFO - Setting next_dagrun for etl to None, run_after=None
[2025-08-14T23:44:49.171+0000] {processor.py:183} INFO - Processing /opt/airflow/dags/etl_pipeline.py took 0.924 seconds
[2025-08-14T23:45:19.715+0000] {processor.py:161} INFO - Started process (PID=137) to work on /opt/airflow/dags/etl_pipeline.py
[2025-08-14T23:45:19.717+0000] {processor.py:830} INFO - Processing file /opt/airflow/dags/etl_pipeline.py for tasks to queue
[2025-08-14T23:45:19.721+0000] {logging_mixin.py:188} INFO - [2025-08-14T23:45:19.720+0000] {dagbag.py:545} INFO - Filling up the DagBag from /opt/airflow/dags/etl_pipeline.py
[2025-08-14T23:45:22.000+0000] {logging_mixin.py:188} INFO - [2025-08-14T23:45:21.999+0000] {configprovider.py:952} INFO - Found endpoint for s3 via: environment_global.
[2025-08-14T23:45:22.052+0000] {processor.py:840} INFO - DAG(s) 'etl' retrieved from /opt/airflow/dags/etl_pipeline.py
[2025-08-14T23:45:22.142+0000] {logging_mixin.py:188} INFO - [2025-08-14T23:45:22.141+0000] {dag.py:3096} INFO - Sync 1 DAGs
[2025-08-14T23:45:22.212+0000] {logging_mixin.py:188} INFO - [2025-08-14T23:45:22.212+0000] {dag.py:3954} INFO - Setting next_dagrun for etl to None, run_after=None
[2025-08-14T23:45:22.319+0000] {processor.py:183} INFO - Processing /opt/airflow/dags/etl_pipeline.py took 2.613 seconds
[2025-08-14T23:45:52.611+0000] {processor.py:161} INFO - Started process (PID=174) to work on /opt/airflow/dags/etl_pipeline.py
[2025-08-14T23:45:52.617+0000] {processor.py:830} INFO - Processing file /opt/airflow/dags/etl_pipeline.py for tasks to queue
[2025-08-14T23:45:52.626+0000] {logging_mixin.py:188} INFO - [2025-08-14T23:45:52.625+0000] {dagbag.py:545} INFO - Filling up the DagBag from /opt/airflow/dags/etl_pipeline.py
[2025-08-14T23:45:54.394+0000] {logging_mixin.py:188} INFO - [2025-08-14T23:45:54.394+0000] {configprovider.py:952} INFO - Found endpoint for s3 via: environment_global.
[2025-08-14T23:45:54.434+0000] {processor.py:840} INFO - DAG(s) 'etl' retrieved from /opt/airflow/dags/etl_pipeline.py
[2025-08-14T23:45:54.476+0000] {logging_mixin.py:188} INFO - [2025-08-14T23:45:54.476+0000] {dag.py:3096} INFO - Sync 1 DAGs
[2025-08-14T23:45:54.494+0000] {logging_mixin.py:188} INFO - [2025-08-14T23:45:54.493+0000] {dag.py:3954} INFO - Setting next_dagrun for etl to None, run_after=None
[2025-08-14T23:45:54.525+0000] {processor.py:183} INFO - Processing /opt/airflow/dags/etl_pipeline.py took 1.931 seconds
[2025-08-14T23:46:24.910+0000] {processor.py:161} INFO - Started process (PID=209) to work on /opt/airflow/dags/etl_pipeline.py
[2025-08-14T23:46:24.912+0000] {processor.py:830} INFO - Processing file /opt/airflow/dags/etl_pipeline.py for tasks to queue
[2025-08-14T23:46:24.915+0000] {logging_mixin.py:188} INFO - [2025-08-14T23:46:24.915+0000] {dagbag.py:545} INFO - Filling up the DagBag from /opt/airflow/dags/etl_pipeline.py
[2025-08-14T23:46:26.167+0000] {logging_mixin.py:188} INFO - [2025-08-14T23:46:26.167+0000] {configprovider.py:952} INFO - Found endpoint for s3 via: environment_global.
[2025-08-14T23:46:26.181+0000] {processor.py:840} INFO - DAG(s) 'etl' retrieved from /opt/airflow/dags/etl_pipeline.py
[2025-08-14T23:46:26.209+0000] {logging_mixin.py:188} INFO - [2025-08-14T23:46:26.208+0000] {dag.py:3096} INFO - Sync 1 DAGs
[2025-08-14T23:46:26.222+0000] {logging_mixin.py:188} INFO - [2025-08-14T23:46:26.222+0000] {dag.py:3954} INFO - Setting next_dagrun for etl to None, run_after=None
[2025-08-14T23:46:26.244+0000] {processor.py:183} INFO - Processing /opt/airflow/dags/etl_pipeline.py took 1.342 seconds
[2025-08-14T23:46:56.721+0000] {processor.py:161} INFO - Started process (PID=244) to work on /opt/airflow/dags/etl_pipeline.py
[2025-08-14T23:46:56.725+0000] {processor.py:830} INFO - Processing file /opt/airflow/dags/etl_pipeline.py for tasks to queue
[2025-08-14T23:46:56.729+0000] {logging_mixin.py:188} INFO - [2025-08-14T23:46:56.728+0000] {dagbag.py:545} INFO - Filling up the DagBag from /opt/airflow/dags/etl_pipeline.py
[2025-08-14T23:46:59.544+0000] {logging_mixin.py:188} WARNING - Exception ignored in: <function WeakKeyDictionary.__init__.<locals>.remove at 0x7f486172e520>
[2025-08-14T23:46:59.545+0000] {logging_mixin.py:188} WARNING - Traceback (most recent call last):
[2025-08-14T23:46:59.545+0000] {logging_mixin.py:188} WARNING -   File "/usr/local/lib/python3.12/weakref.py", line 369, in remove
[2025-08-14T23:46:59.546+0000] {logging_mixin.py:188} WARNING -     def remove(k, selfref=ref(self)):
[2025-08-14T23:46:59.547+0000] {logging_mixin.py:188} WARNING -   File "/home/airflow/.local/lib/python3.12/site-packages/airflow/dag_processing/manager.py", line 453, in _exit_gracefully
[2025-08-14T23:46:59.548+0000] {logging_mixin.py:188} WARNING -     self.log.debug("Current Stacktrace is: %s", "\n".join(map(str, inspect.stack())))
[2025-08-14T23:46:59.549+0000] {logging_mixin.py:188} WARNING -                                                                    ^^^^^^^^^^^^^^^
[2025-08-14T23:46:59.550+0000] {logging_mixin.py:188} WARNING -   File "/usr/local/lib/python3.12/inspect.py", line 1770, in stack
[2025-08-14T23:46:59.552+0000] {logging_mixin.py:188} WARNING -     return getouterframes(sys._getframe(1), context)
[2025-08-14T23:46:59.553+0000] {logging_mixin.py:188} WARNING -            ^^^^^^^^^^^^^^^^^^^^^^^^^^^^^^^^^^^^^^^^^
[2025-08-14T23:46:59.553+0000] {logging_mixin.py:188} WARNING -   File "/usr/local/lib/python3.12/inspect.py", line 1745, in getouterframes
[2025-08-14T23:46:59.555+0000] {logging_mixin.py:188} WARNING -     traceback_info = getframeinfo(frame, context)
[2025-08-14T23:46:59.555+0000] {logging_mixin.py:188} WARNING -                      ^^^^^^^^^^^^^^^^^^^^^^^^^^^^
[2025-08-14T23:46:59.556+0000] {logging_mixin.py:188} WARNING -   File "/usr/local/lib/python3.12/inspect.py", line 1707, in getframeinfo
[2025-08-14T23:46:59.557+0000] {logging_mixin.py:188} WARNING -     lines, lnum = findsource(frame)
[2025-08-14T23:46:59.558+0000] {logging_mixin.py:188} WARNING -                   ^^^^^^^^^^^^^^^^^
[2025-08-14T23:46:59.559+0000] {logging_mixin.py:188} WARNING -   File "/usr/local/lib/python3.12/inspect.py", line 1083, in findsource
[2025-08-14T23:46:59.560+0000] {logging_mixin.py:188} WARNING -     module = getmodule(object, file)
[2025-08-14T23:46:59.561+0000] {logging_mixin.py:188} WARNING -              ^^^^^^^^^^^^^^^^^^^^^^^
[2025-08-14T23:46:59.562+0000] {logging_mixin.py:188} WARNING -   File "/usr/local/lib/python3.12/inspect.py", line 1009, in getmodule
[2025-08-14T23:46:59.563+0000] {logging_mixin.py:188} WARNING -     os.path.realpath(f)] = module.__name__
[2025-08-14T23:46:59.564+0000] {logging_mixin.py:188} WARNING -     ^^^^^^^^^^^^^^^^^^^
[2025-08-14T23:46:59.564+0000] {logging_mixin.py:188} WARNING -   File "<frozen posixpath>", line 435, in realpath
[2025-08-14T23:46:59.565+0000] {logging_mixin.py:188} WARNING -   File "<frozen posixpath>", line 470, in _joinrealpath
[2025-08-14T23:46:59.566+0000] {logging_mixin.py:188} WARNING -   File "/home/airflow/.local/lib/python3.12/site-packages/airflow/dag_processing/manager.py", line 457, in _exit_gracefully
[2025-08-14T23:46:59.567+0000] {logging_mixin.py:188} WARNING -     sys.exit(os.EX_OK)
[2025-08-14T23:46:59.568+0000] {logging_mixin.py:188} WARNING - SystemExit: 0
[2025-08-14T23:47:00.317+0000] {logging_mixin.py:188} INFO - [2025-08-14T23:47:00.316+0000] {configprovider.py:952} INFO - Found endpoint for s3 via: environment_global.
[2025-08-14T23:47:00.346+0000] {processor.py:840} INFO - DAG(s) 'etl' retrieved from /opt/airflow/dags/etl_pipeline.py
[2025-08-14T23:47:00.403+0000] {logging_mixin.py:188} INFO - [2025-08-14T23:47:00.401+0000] {dag.py:3096} INFO - Sync 1 DAGs
[2025-08-14T23:47:00.440+0000] {logging_mixin.py:188} INFO - [2025-08-14T23:47:00.439+0000] {dag.py:3954} INFO - Setting next_dagrun for etl to None, run_after=None
[2025-08-14T23:47:00.486+0000] {processor.py:183} INFO - Processing /opt/airflow/dags/etl_pipeline.py took 3.774 seconds
[2025-08-14T23:48:46.193+0000] {processor.py:161} INFO - Started process (PID=67) to work on /opt/airflow/dags/etl_pipeline.py
[2025-08-14T23:48:46.203+0000] {processor.py:830} INFO - Processing file /opt/airflow/dags/etl_pipeline.py for tasks to queue
[2025-08-14T23:48:46.216+0000] {logging_mixin.py:188} INFO - [2025-08-14T23:48:46.213+0000] {dagbag.py:545} INFO - Filling up the DagBag from /opt/airflow/dags/etl_pipeline.py
[2025-08-14T23:48:51.190+0000] {logging_mixin.py:188} INFO - [2025-08-14T23:48:51.189+0000] {configprovider.py:952} INFO - Found endpoint for s3 via: environment_global.
[2025-08-14T23:48:51.217+0000] {processor.py:840} INFO - DAG(s) 'etl' retrieved from /opt/airflow/dags/etl_pipeline.py
[2025-08-14T23:48:51.610+0000] {logging_mixin.py:188} INFO - [2025-08-14T23:48:51.609+0000] {dag.py:3096} INFO - Sync 1 DAGs
[2025-08-14T23:48:51.630+0000] {logging_mixin.py:188} INFO - [2025-08-14T23:48:51.630+0000] {dag.py:3954} INFO - Setting next_dagrun for etl to None, run_after=None
[2025-08-14T23:48:51.664+0000] {processor.py:183} INFO - Processing /opt/airflow/dags/etl_pipeline.py took 5.500 seconds
[2025-08-14T23:49:22.382+0000] {processor.py:161} INFO - Started process (PID=102) to work on /opt/airflow/dags/etl_pipeline.py
[2025-08-14T23:49:22.387+0000] {processor.py:830} INFO - Processing file /opt/airflow/dags/etl_pipeline.py for tasks to queue
[2025-08-14T23:49:22.398+0000] {logging_mixin.py:188} INFO - [2025-08-14T23:49:22.396+0000] {dagbag.py:545} INFO - Filling up the DagBag from /opt/airflow/dags/etl_pipeline.py
[2025-08-14T23:49:25.719+0000] {logging_mixin.py:188} INFO - [2025-08-14T23:49:25.718+0000] {configprovider.py:952} INFO - Found endpoint for s3 via: environment_global.
[2025-08-14T23:49:25.789+0000] {processor.py:840} INFO - DAG(s) 'etl' retrieved from /opt/airflow/dags/etl_pipeline.py
[2025-08-14T23:49:25.969+0000] {logging_mixin.py:188} INFO - [2025-08-14T23:49:25.968+0000] {dag.py:3096} INFO - Sync 1 DAGs
[2025-08-14T23:49:26.015+0000] {logging_mixin.py:188} INFO - [2025-08-14T23:49:26.013+0000] {dag.py:3954} INFO - Setting next_dagrun for etl to None, run_after=None
[2025-08-14T23:49:26.078+0000] {processor.py:183} INFO - Processing /opt/airflow/dags/etl_pipeline.py took 3.715 seconds
[2025-08-14T23:49:56.886+0000] {processor.py:161} INFO - Started process (PID=138) to work on /opt/airflow/dags/etl_pipeline.py
[2025-08-14T23:49:56.888+0000] {processor.py:830} INFO - Processing file /opt/airflow/dags/etl_pipeline.py for tasks to queue
[2025-08-14T23:49:56.893+0000] {logging_mixin.py:188} INFO - [2025-08-14T23:49:56.893+0000] {dagbag.py:545} INFO - Filling up the DagBag from /opt/airflow/dags/etl_pipeline.py
[2025-08-14T23:49:57.999+0000] {logging_mixin.py:188} INFO - [2025-08-14T23:49:57.999+0000] {configprovider.py:952} INFO - Found endpoint for s3 via: environment_global.
[2025-08-14T23:49:58.017+0000] {processor.py:840} INFO - DAG(s) 'etl' retrieved from /opt/airflow/dags/etl_pipeline.py
[2025-08-14T23:49:58.062+0000] {logging_mixin.py:188} INFO - [2025-08-14T23:49:58.061+0000] {dag.py:3096} INFO - Sync 1 DAGs
[2025-08-14T23:49:58.084+0000] {logging_mixin.py:188} INFO - [2025-08-14T23:49:58.084+0000] {dag.py:3954} INFO - Setting next_dagrun for etl to None, run_after=None
[2025-08-14T23:49:58.183+0000] {processor.py:183} INFO - Processing /opt/airflow/dags/etl_pipeline.py took 1.313 seconds
[2025-08-14T23:50:28.564+0000] {processor.py:161} INFO - Started process (PID=174) to work on /opt/airflow/dags/etl_pipeline.py
[2025-08-14T23:50:28.566+0000] {processor.py:830} INFO - Processing file /opt/airflow/dags/etl_pipeline.py for tasks to queue
[2025-08-14T23:50:28.569+0000] {logging_mixin.py:188} INFO - [2025-08-14T23:50:28.569+0000] {dagbag.py:545} INFO - Filling up the DagBag from /opt/airflow/dags/etl_pipeline.py
[2025-08-14T23:50:29.989+0000] {logging_mixin.py:188} INFO - [2025-08-14T23:50:29.989+0000] {configprovider.py:952} INFO - Found endpoint for s3 via: environment_global.
[2025-08-14T23:50:30.004+0000] {processor.py:840} INFO - DAG(s) 'etl' retrieved from /opt/airflow/dags/etl_pipeline.py
[2025-08-14T23:50:30.031+0000] {logging_mixin.py:188} INFO - [2025-08-14T23:50:30.030+0000] {dag.py:3096} INFO - Sync 1 DAGs
[2025-08-14T23:50:30.044+0000] {logging_mixin.py:188} INFO - [2025-08-14T23:50:30.044+0000] {dag.py:3954} INFO - Setting next_dagrun for etl to None, run_after=None
[2025-08-14T23:50:30.066+0000] {processor.py:183} INFO - Processing /opt/airflow/dags/etl_pipeline.py took 1.513 seconds
[2025-08-14T23:51:00.934+0000] {processor.py:161} INFO - Started process (PID=209) to work on /opt/airflow/dags/etl_pipeline.py
[2025-08-14T23:51:00.936+0000] {processor.py:830} INFO - Processing file /opt/airflow/dags/etl_pipeline.py for tasks to queue
[2025-08-14T23:51:00.939+0000] {logging_mixin.py:188} INFO - [2025-08-14T23:51:00.939+0000] {dagbag.py:545} INFO - Filling up the DagBag from /opt/airflow/dags/etl_pipeline.py
[2025-08-14T23:51:01.948+0000] {logging_mixin.py:188} INFO - [2025-08-14T23:51:01.947+0000] {configprovider.py:952} INFO - Found endpoint for s3 via: environment_global.
[2025-08-14T23:51:01.961+0000] {processor.py:840} INFO - DAG(s) 'etl' retrieved from /opt/airflow/dags/etl_pipeline.py
[2025-08-14T23:51:01.988+0000] {logging_mixin.py:188} INFO - [2025-08-14T23:51:01.987+0000] {dag.py:3096} INFO - Sync 1 DAGs
[2025-08-14T23:51:02.002+0000] {logging_mixin.py:188} INFO - [2025-08-14T23:51:02.002+0000] {dag.py:3954} INFO - Setting next_dagrun for etl to None, run_after=None
[2025-08-14T23:51:02.031+0000] {processor.py:183} INFO - Processing /opt/airflow/dags/etl_pipeline.py took 1.107 seconds
[2025-08-14T23:51:32.777+0000] {processor.py:161} INFO - Started process (PID=244) to work on /opt/airflow/dags/etl_pipeline.py
[2025-08-14T23:51:32.779+0000] {processor.py:830} INFO - Processing file /opt/airflow/dags/etl_pipeline.py for tasks to queue
[2025-08-14T23:51:32.783+0000] {logging_mixin.py:188} INFO - [2025-08-14T23:51:32.782+0000] {dagbag.py:545} INFO - Filling up the DagBag from /opt/airflow/dags/etl_pipeline.py
[2025-08-14T23:51:33.627+0000] {logging_mixin.py:188} INFO - [2025-08-14T23:51:33.627+0000] {configprovider.py:952} INFO - Found endpoint for s3 via: environment_global.
[2025-08-14T23:51:33.641+0000] {processor.py:840} INFO - DAG(s) 'etl' retrieved from /opt/airflow/dags/etl_pipeline.py
[2025-08-14T23:51:33.668+0000] {logging_mixin.py:188} INFO - [2025-08-14T23:51:33.668+0000] {dag.py:3096} INFO - Sync 1 DAGs
[2025-08-14T23:51:33.683+0000] {logging_mixin.py:188} INFO - [2025-08-14T23:51:33.683+0000] {dag.py:3954} INFO - Setting next_dagrun for etl to None, run_after=None
[2025-08-14T23:51:33.716+0000] {processor.py:183} INFO - Processing /opt/airflow/dags/etl_pipeline.py took 0.948 seconds
[2025-08-14T23:52:04.127+0000] {processor.py:161} INFO - Started process (PID=279) to work on /opt/airflow/dags/etl_pipeline.py
[2025-08-14T23:52:04.128+0000] {processor.py:830} INFO - Processing file /opt/airflow/dags/etl_pipeline.py for tasks to queue
[2025-08-14T23:52:04.131+0000] {logging_mixin.py:188} INFO - [2025-08-14T23:52:04.131+0000] {dagbag.py:545} INFO - Filling up the DagBag from /opt/airflow/dags/etl_pipeline.py
[2025-08-14T23:52:05.008+0000] {logging_mixin.py:188} INFO - [2025-08-14T23:52:05.008+0000] {configprovider.py:952} INFO - Found endpoint for s3 via: environment_global.
[2025-08-14T23:52:05.022+0000] {processor.py:840} INFO - DAG(s) 'etl' retrieved from /opt/airflow/dags/etl_pipeline.py
[2025-08-14T23:52:05.050+0000] {logging_mixin.py:188} INFO - [2025-08-14T23:52:05.049+0000] {dag.py:3096} INFO - Sync 1 DAGs
[2025-08-14T23:52:05.066+0000] {logging_mixin.py:188} INFO - [2025-08-14T23:52:05.066+0000] {dag.py:3954} INFO - Setting next_dagrun for etl to None, run_after=None
[2025-08-14T23:52:05.086+0000] {processor.py:183} INFO - Processing /opt/airflow/dags/etl_pipeline.py took 0.971 seconds
[2025-08-14T23:52:35.594+0000] {processor.py:161} INFO - Started process (PID=313) to work on /opt/airflow/dags/etl_pipeline.py
[2025-08-14T23:52:35.596+0000] {processor.py:830} INFO - Processing file /opt/airflow/dags/etl_pipeline.py for tasks to queue
[2025-08-14T23:52:35.599+0000] {logging_mixin.py:188} INFO - [2025-08-14T23:52:35.598+0000] {dagbag.py:545} INFO - Filling up the DagBag from /opt/airflow/dags/etl_pipeline.py
[2025-08-14T23:52:36.420+0000] {logging_mixin.py:188} INFO - [2025-08-14T23:52:36.420+0000] {configprovider.py:952} INFO - Found endpoint for s3 via: environment_global.
[2025-08-14T23:52:36.433+0000] {processor.py:840} INFO - DAG(s) 'etl' retrieved from /opt/airflow/dags/etl_pipeline.py
[2025-08-14T23:52:36.467+0000] {logging_mixin.py:188} INFO - [2025-08-14T23:52:36.466+0000] {dag.py:3096} INFO - Sync 1 DAGs
[2025-08-14T23:52:36.480+0000] {logging_mixin.py:188} INFO - [2025-08-14T23:52:36.480+0000] {dag.py:3954} INFO - Setting next_dagrun for etl to None, run_after=None
[2025-08-14T23:52:36.509+0000] {processor.py:183} INFO - Processing /opt/airflow/dags/etl_pipeline.py took 0.925 seconds
[2025-08-14T23:53:06.648+0000] {processor.py:161} INFO - Started process (PID=348) to work on /opt/airflow/dags/etl_pipeline.py
[2025-08-14T23:53:06.650+0000] {processor.py:830} INFO - Processing file /opt/airflow/dags/etl_pipeline.py for tasks to queue
[2025-08-14T23:53:06.653+0000] {logging_mixin.py:188} INFO - [2025-08-14T23:53:06.652+0000] {dagbag.py:545} INFO - Filling up the DagBag from /opt/airflow/dags/etl_pipeline.py
[2025-08-14T23:53:07.504+0000] {logging_mixin.py:188} INFO - [2025-08-14T23:53:07.504+0000] {configprovider.py:952} INFO - Found endpoint for s3 via: environment_global.
[2025-08-14T23:53:07.526+0000] {processor.py:840} INFO - DAG(s) 'etl' retrieved from /opt/airflow/dags/etl_pipeline.py
[2025-08-14T23:53:07.552+0000] {logging_mixin.py:188} INFO - [2025-08-14T23:53:07.551+0000] {dag.py:3096} INFO - Sync 1 DAGs
[2025-08-14T23:53:07.565+0000] {logging_mixin.py:188} INFO - [2025-08-14T23:53:07.565+0000] {dag.py:3954} INFO - Setting next_dagrun for etl to None, run_after=None
[2025-08-14T23:53:07.585+0000] {processor.py:183} INFO - Processing /opt/airflow/dags/etl_pipeline.py took 0.948 seconds
[2025-08-14T23:53:38.521+0000] {processor.py:161} INFO - Started process (PID=389) to work on /opt/airflow/dags/etl_pipeline.py
[2025-08-14T23:53:38.524+0000] {processor.py:830} INFO - Processing file /opt/airflow/dags/etl_pipeline.py for tasks to queue
[2025-08-14T23:53:38.528+0000] {logging_mixin.py:188} INFO - [2025-08-14T23:53:38.527+0000] {dagbag.py:545} INFO - Filling up the DagBag from /opt/airflow/dags/etl_pipeline.py
[2025-08-14T23:53:39.396+0000] {logging_mixin.py:188} INFO - [2025-08-14T23:53:39.395+0000] {configprovider.py:952} INFO - Found endpoint for s3 via: environment_global.
[2025-08-14T23:53:39.409+0000] {processor.py:840} INFO - DAG(s) 'etl' retrieved from /opt/airflow/dags/etl_pipeline.py
[2025-08-14T23:53:39.435+0000] {logging_mixin.py:188} INFO - [2025-08-14T23:53:39.435+0000] {dag.py:3096} INFO - Sync 1 DAGs
[2025-08-14T23:53:39.449+0000] {logging_mixin.py:188} INFO - [2025-08-14T23:53:39.449+0000] {dag.py:3954} INFO - Setting next_dagrun for etl to None, run_after=None
[2025-08-14T23:53:39.477+0000] {processor.py:183} INFO - Processing /opt/airflow/dags/etl_pipeline.py took 0.972 seconds
[2025-08-14T23:54:09.520+0000] {processor.py:161} INFO - Started process (PID=424) to work on /opt/airflow/dags/etl_pipeline.py
[2025-08-14T23:54:09.522+0000] {processor.py:830} INFO - Processing file /opt/airflow/dags/etl_pipeline.py for tasks to queue
[2025-08-14T23:54:09.524+0000] {logging_mixin.py:188} INFO - [2025-08-14T23:54:09.524+0000] {dagbag.py:545} INFO - Filling up the DagBag from /opt/airflow/dags/etl_pipeline.py
[2025-08-14T23:54:10.332+0000] {logging_mixin.py:188} INFO - [2025-08-14T23:54:10.332+0000] {configprovider.py:952} INFO - Found endpoint for s3 via: environment_global.
[2025-08-14T23:54:10.346+0000] {processor.py:840} INFO - DAG(s) 'etl' retrieved from /opt/airflow/dags/etl_pipeline.py
[2025-08-14T23:54:10.374+0000] {logging_mixin.py:188} INFO - [2025-08-14T23:54:10.374+0000] {dag.py:3096} INFO - Sync 1 DAGs
[2025-08-14T23:54:10.387+0000] {logging_mixin.py:188} INFO - [2025-08-14T23:54:10.387+0000] {dag.py:3954} INFO - Setting next_dagrun for etl to None, run_after=None
[2025-08-14T23:54:10.411+0000] {processor.py:183} INFO - Processing /opt/airflow/dags/etl_pipeline.py took 0.901 seconds
[2025-08-14T23:54:40.935+0000] {processor.py:161} INFO - Started process (PID=459) to work on /opt/airflow/dags/etl_pipeline.py
[2025-08-14T23:54:40.937+0000] {processor.py:830} INFO - Processing file /opt/airflow/dags/etl_pipeline.py for tasks to queue
[2025-08-14T23:54:40.940+0000] {logging_mixin.py:188} INFO - [2025-08-14T23:54:40.939+0000] {dagbag.py:545} INFO - Filling up the DagBag from /opt/airflow/dags/etl_pipeline.py
[2025-08-14T23:54:41.743+0000] {logging_mixin.py:188} INFO - [2025-08-14T23:54:41.743+0000] {configprovider.py:952} INFO - Found endpoint for s3 via: environment_global.
[2025-08-14T23:54:41.756+0000] {processor.py:840} INFO - DAG(s) 'etl' retrieved from /opt/airflow/dags/etl_pipeline.py
[2025-08-14T23:54:41.789+0000] {logging_mixin.py:188} INFO - [2025-08-14T23:54:41.789+0000] {dag.py:3096} INFO - Sync 1 DAGs
[2025-08-14T23:54:41.802+0000] {logging_mixin.py:188} INFO - [2025-08-14T23:54:41.802+0000] {dag.py:3954} INFO - Setting next_dagrun for etl to None, run_after=None
[2025-08-14T23:54:41.830+0000] {processor.py:183} INFO - Processing /opt/airflow/dags/etl_pipeline.py took 0.905 seconds
[2025-08-14T23:55:11.998+0000] {processor.py:161} INFO - Started process (PID=494) to work on /opt/airflow/dags/etl_pipeline.py
[2025-08-14T23:55:12.000+0000] {processor.py:830} INFO - Processing file /opt/airflow/dags/etl_pipeline.py for tasks to queue
[2025-08-14T23:55:12.003+0000] {logging_mixin.py:188} INFO - [2025-08-14T23:55:12.003+0000] {dagbag.py:545} INFO - Filling up the DagBag from /opt/airflow/dags/etl_pipeline.py
[2025-08-14T23:55:12.895+0000] {logging_mixin.py:188} INFO - [2025-08-14T23:55:12.895+0000] {configprovider.py:952} INFO - Found endpoint for s3 via: environment_global.
[2025-08-14T23:55:12.910+0000] {processor.py:840} INFO - DAG(s) 'etl' retrieved from /opt/airflow/dags/etl_pipeline.py
[2025-08-14T23:55:13.000+0000] {logging_mixin.py:188} INFO - [2025-08-14T23:55:12.998+0000] {dag.py:3096} INFO - Sync 1 DAGs
[2025-08-14T23:55:13.031+0000] {logging_mixin.py:188} INFO - [2025-08-14T23:55:13.031+0000] {dag.py:3954} INFO - Setting next_dagrun for etl to None, run_after=None
[2025-08-14T23:55:13.057+0000] {processor.py:183} INFO - Processing /opt/airflow/dags/etl_pipeline.py took 1.068 seconds
[2025-08-14T23:55:43.197+0000] {processor.py:161} INFO - Started process (PID=530) to work on /opt/airflow/dags/etl_pipeline.py
[2025-08-14T23:55:43.198+0000] {processor.py:830} INFO - Processing file /opt/airflow/dags/etl_pipeline.py for tasks to queue
[2025-08-14T23:55:43.201+0000] {logging_mixin.py:188} INFO - [2025-08-14T23:55:43.201+0000] {dagbag.py:545} INFO - Filling up the DagBag from /opt/airflow/dags/etl_pipeline.py
[2025-08-14T23:55:43.991+0000] {logging_mixin.py:188} INFO - [2025-08-14T23:55:43.991+0000] {configprovider.py:952} INFO - Found endpoint for s3 via: environment_global.
[2025-08-14T23:55:44.011+0000] {processor.py:840} INFO - DAG(s) 'etl' retrieved from /opt/airflow/dags/etl_pipeline.py
[2025-08-14T23:55:44.038+0000] {logging_mixin.py:188} INFO - [2025-08-14T23:55:44.038+0000] {dag.py:3096} INFO - Sync 1 DAGs
[2025-08-14T23:55:44.052+0000] {logging_mixin.py:188} INFO - [2025-08-14T23:55:44.052+0000] {dag.py:3954} INFO - Setting next_dagrun for etl to None, run_after=None
[2025-08-14T23:55:44.080+0000] {processor.py:183} INFO - Processing /opt/airflow/dags/etl_pipeline.py took 0.894 seconds
[2025-08-14T23:56:14.876+0000] {processor.py:161} INFO - Started process (PID=565) to work on /opt/airflow/dags/etl_pipeline.py
[2025-08-14T23:56:14.878+0000] {processor.py:830} INFO - Processing file /opt/airflow/dags/etl_pipeline.py for tasks to queue
[2025-08-14T23:56:14.881+0000] {logging_mixin.py:188} INFO - [2025-08-14T23:56:14.880+0000] {dagbag.py:545} INFO - Filling up the DagBag from /opt/airflow/dags/etl_pipeline.py
[2025-08-14T23:56:15.860+0000] {logging_mixin.py:188} INFO - [2025-08-14T23:56:15.860+0000] {configprovider.py:952} INFO - Found endpoint for s3 via: environment_global.
[2025-08-14T23:56:15.874+0000] {processor.py:840} INFO - DAG(s) 'etl' retrieved from /opt/airflow/dags/etl_pipeline.py
[2025-08-14T23:56:15.900+0000] {logging_mixin.py:188} INFO - [2025-08-14T23:56:15.900+0000] {dag.py:3096} INFO - Sync 1 DAGs
[2025-08-14T23:56:15.914+0000] {logging_mixin.py:188} INFO - [2025-08-14T23:56:15.913+0000] {dag.py:3954} INFO - Setting next_dagrun for etl to None, run_after=None
[2025-08-14T23:56:15.941+0000] {processor.py:183} INFO - Processing /opt/airflow/dags/etl_pipeline.py took 1.075 seconds
[2025-08-14T23:56:46.612+0000] {processor.py:161} INFO - Started process (PID=600) to work on /opt/airflow/dags/etl_pipeline.py
[2025-08-14T23:56:46.613+0000] {processor.py:830} INFO - Processing file /opt/airflow/dags/etl_pipeline.py for tasks to queue
[2025-08-14T23:56:46.617+0000] {logging_mixin.py:188} INFO - [2025-08-14T23:56:46.617+0000] {dagbag.py:545} INFO - Filling up the DagBag from /opt/airflow/dags/etl_pipeline.py
[2025-08-14T23:56:47.425+0000] {logging_mixin.py:188} INFO - [2025-08-14T23:56:47.425+0000] {configprovider.py:952} INFO - Found endpoint for s3 via: environment_global.
[2025-08-14T23:56:47.439+0000] {processor.py:840} INFO - DAG(s) 'etl' retrieved from /opt/airflow/dags/etl_pipeline.py
[2025-08-14T23:56:47.465+0000] {logging_mixin.py:188} INFO - [2025-08-14T23:56:47.464+0000] {dag.py:3096} INFO - Sync 1 DAGs
[2025-08-14T23:56:47.480+0000] {logging_mixin.py:188} INFO - [2025-08-14T23:56:47.480+0000] {dag.py:3954} INFO - Setting next_dagrun for etl to None, run_after=None
[2025-08-14T23:56:47.499+0000] {processor.py:183} INFO - Processing /opt/airflow/dags/etl_pipeline.py took 0.899 seconds
[2025-08-14T23:57:18.337+0000] {processor.py:161} INFO - Started process (PID=635) to work on /opt/airflow/dags/etl_pipeline.py
[2025-08-14T23:57:18.339+0000] {processor.py:830} INFO - Processing file /opt/airflow/dags/etl_pipeline.py for tasks to queue
[2025-08-14T23:57:18.345+0000] {logging_mixin.py:188} INFO - [2025-08-14T23:57:18.344+0000] {dagbag.py:545} INFO - Filling up the DagBag from /opt/airflow/dags/etl_pipeline.py
[2025-08-14T23:57:19.214+0000] {logging_mixin.py:188} INFO - [2025-08-14T23:57:19.214+0000] {configprovider.py:952} INFO - Found endpoint for s3 via: environment_global.
[2025-08-14T23:57:19.228+0000] {processor.py:840} INFO - DAG(s) 'etl' retrieved from /opt/airflow/dags/etl_pipeline.py
[2025-08-14T23:57:19.262+0000] {logging_mixin.py:188} INFO - [2025-08-14T23:57:19.261+0000] {dag.py:3096} INFO - Sync 1 DAGs
[2025-08-14T23:57:19.275+0000] {logging_mixin.py:188} INFO - [2025-08-14T23:57:19.275+0000] {dag.py:3954} INFO - Setting next_dagrun for etl to None, run_after=None
[2025-08-14T23:57:19.303+0000] {processor.py:183} INFO - Processing /opt/airflow/dags/etl_pipeline.py took 0.988 seconds
[2025-08-14T23:57:49.922+0000] {processor.py:161} INFO - Started process (PID=670) to work on /opt/airflow/dags/etl_pipeline.py
[2025-08-14T23:57:49.923+0000] {processor.py:830} INFO - Processing file /opt/airflow/dags/etl_pipeline.py for tasks to queue
[2025-08-14T23:57:49.927+0000] {logging_mixin.py:188} INFO - [2025-08-14T23:57:49.927+0000] {dagbag.py:545} INFO - Filling up the DagBag from /opt/airflow/dags/etl_pipeline.py
[2025-08-14T23:57:50.721+0000] {logging_mixin.py:188} INFO - [2025-08-14T23:57:50.721+0000] {configprovider.py:952} INFO - Found endpoint for s3 via: environment_global.
[2025-08-14T23:57:50.735+0000] {processor.py:840} INFO - DAG(s) 'etl' retrieved from /opt/airflow/dags/etl_pipeline.py
[2025-08-14T23:57:50.761+0000] {logging_mixin.py:188} INFO - [2025-08-14T23:57:50.760+0000] {dag.py:3096} INFO - Sync 1 DAGs
[2025-08-14T23:57:50.774+0000] {logging_mixin.py:188} INFO - [2025-08-14T23:57:50.774+0000] {dag.py:3954} INFO - Setting next_dagrun for etl to None, run_after=None
[2025-08-14T23:57:50.793+0000] {processor.py:183} INFO - Processing /opt/airflow/dags/etl_pipeline.py took 0.882 seconds
[2025-08-14T23:58:21.195+0000] {processor.py:161} INFO - Started process (PID=705) to work on /opt/airflow/dags/etl_pipeline.py
[2025-08-14T23:58:21.199+0000] {processor.py:830} INFO - Processing file /opt/airflow/dags/etl_pipeline.py for tasks to queue
[2025-08-14T23:58:21.202+0000] {logging_mixin.py:188} INFO - [2025-08-14T23:58:21.201+0000] {dagbag.py:545} INFO - Filling up the DagBag from /opt/airflow/dags/etl_pipeline.py
[2025-08-14T23:58:22.614+0000] {logging_mixin.py:188} INFO - [2025-08-14T23:58:22.614+0000] {configprovider.py:952} INFO - Found endpoint for s3 via: environment_global.
[2025-08-14T23:58:22.632+0000] {processor.py:840} INFO - DAG(s) 'etl' retrieved from /opt/airflow/dags/etl_pipeline.py
[2025-08-14T23:58:22.662+0000] {logging_mixin.py:188} INFO - [2025-08-14T23:58:22.662+0000] {dag.py:3096} INFO - Sync 1 DAGs
[2025-08-14T23:58:22.678+0000] {logging_mixin.py:188} INFO - [2025-08-14T23:58:22.678+0000] {dag.py:3954} INFO - Setting next_dagrun for etl to None, run_after=None
[2025-08-14T23:58:22.703+0000] {processor.py:183} INFO - Processing /opt/airflow/dags/etl_pipeline.py took 1.522 seconds
[2025-08-14T23:58:53.442+0000] {processor.py:161} INFO - Started process (PID=740) to work on /opt/airflow/dags/etl_pipeline.py
[2025-08-14T23:58:53.444+0000] {processor.py:830} INFO - Processing file /opt/airflow/dags/etl_pipeline.py for tasks to queue
[2025-08-14T23:58:53.447+0000] {logging_mixin.py:188} INFO - [2025-08-14T23:58:53.446+0000] {dagbag.py:545} INFO - Filling up the DagBag from /opt/airflow/dags/etl_pipeline.py
[2025-08-14T23:58:54.265+0000] {logging_mixin.py:188} INFO - [2025-08-14T23:58:54.265+0000] {configprovider.py:952} INFO - Found endpoint for s3 via: environment_global.
[2025-08-14T23:58:54.279+0000] {processor.py:840} INFO - DAG(s) 'etl' retrieved from /opt/airflow/dags/etl_pipeline.py
[2025-08-14T23:58:54.306+0000] {logging_mixin.py:188} INFO - [2025-08-14T23:58:54.305+0000] {dag.py:3096} INFO - Sync 1 DAGs
[2025-08-14T23:58:54.319+0000] {logging_mixin.py:188} INFO - [2025-08-14T23:58:54.319+0000] {dag.py:3954} INFO - Setting next_dagrun for etl to None, run_after=None
[2025-08-14T23:58:54.349+0000] {processor.py:183} INFO - Processing /opt/airflow/dags/etl_pipeline.py took 0.917 seconds
[2025-08-14T23:59:24.428+0000] {processor.py:161} INFO - Started process (PID=775) to work on /opt/airflow/dags/etl_pipeline.py
[2025-08-14T23:59:24.429+0000] {processor.py:830} INFO - Processing file /opt/airflow/dags/etl_pipeline.py for tasks to queue
[2025-08-14T23:59:24.433+0000] {logging_mixin.py:188} INFO - [2025-08-14T23:59:24.431+0000] {dagbag.py:545} INFO - Filling up the DagBag from /opt/airflow/dags/etl_pipeline.py
[2025-08-14T23:59:25.279+0000] {logging_mixin.py:188} INFO - [2025-08-14T23:59:25.279+0000] {configprovider.py:952} INFO - Found endpoint for s3 via: environment_global.
[2025-08-14T23:59:25.293+0000] {processor.py:840} INFO - DAG(s) 'etl' retrieved from /opt/airflow/dags/etl_pipeline.py
[2025-08-14T23:59:25.318+0000] {logging_mixin.py:188} INFO - [2025-08-14T23:59:25.318+0000] {dag.py:3096} INFO - Sync 1 DAGs
[2025-08-14T23:59:25.334+0000] {logging_mixin.py:188} INFO - [2025-08-14T23:59:25.334+0000] {dag.py:3954} INFO - Setting next_dagrun for etl to None, run_after=None
[2025-08-14T23:59:25.353+0000] {processor.py:183} INFO - Processing /opt/airflow/dags/etl_pipeline.py took 0.936 seconds
[2025-08-14T23:59:55.797+0000] {processor.py:161} INFO - Started process (PID=810) to work on /opt/airflow/dags/etl_pipeline.py
[2025-08-14T23:59:55.798+0000] {processor.py:830} INFO - Processing file /opt/airflow/dags/etl_pipeline.py for tasks to queue
[2025-08-14T23:59:55.802+0000] {logging_mixin.py:188} INFO - [2025-08-14T23:59:55.802+0000] {dagbag.py:545} INFO - Filling up the DagBag from /opt/airflow/dags/etl_pipeline.py
[2025-08-14T23:59:56.824+0000] {logging_mixin.py:188} INFO - [2025-08-14T23:59:56.823+0000] {configprovider.py:952} INFO - Found endpoint for s3 via: environment_global.
[2025-08-14T23:59:56.839+0000] {processor.py:840} INFO - DAG(s) 'etl' retrieved from /opt/airflow/dags/etl_pipeline.py
[2025-08-14T23:59:56.873+0000] {logging_mixin.py:188} INFO - [2025-08-14T23:59:56.872+0000] {dag.py:3096} INFO - Sync 1 DAGs
[2025-08-14T23:59:56.886+0000] {logging_mixin.py:188} INFO - [2025-08-14T23:59:56.886+0000] {dag.py:3954} INFO - Setting next_dagrun for etl to None, run_after=None
[2025-08-14T23:59:57.017+0000] {processor.py:183} INFO - Processing /opt/airflow/dags/etl_pipeline.py took 1.235 seconds
