[2025-08-14T23:30:29.018+0000] {processor.py:161} INFO - Started process (PID=83) to work on /opt/airflow/dags/model_rollback_dag.py
[2025-08-14T23:30:29.021+0000] {processor.py:830} INFO - Processing file /opt/airflow/dags/model_rollback_dag.py for tasks to queue
[2025-08-14T23:30:29.027+0000] {logging_mixin.py:188} INFO - [2025-08-14T23:30:29.027+0000] {dagbag.py:545} INFO - Filling up the DagBag from /opt/airflow/dags/model_rollback_dag.py
[2025-08-14T23:30:34.066+0000] {processor.py:840} INFO - DAG(s) 'model_rollback' retrieved from /opt/airflow/dags/model_rollback_dag.py
[2025-08-14T23:30:34.431+0000] {logging_mixin.py:188} INFO - [2025-08-14T23:30:34.430+0000] {dag.py:3096} INFO - Sync 1 DAGs
[2025-08-14T23:30:34.474+0000] {logging_mixin.py:188} INFO - [2025-08-14T23:30:34.474+0000] {dag.py:3954} INFO - Setting next_dagrun for model_rollback to None, run_after=None
[2025-08-14T23:30:34.570+0000] {processor.py:183} INFO - Processing /opt/airflow/dags/model_rollback_dag.py took 5.570 seconds
[2025-08-14T23:31:05.417+0000] {processor.py:161} INFO - Started process (PID=108) to work on /opt/airflow/dags/model_rollback_dag.py
[2025-08-14T23:31:05.421+0000] {processor.py:830} INFO - Processing file /opt/airflow/dags/model_rollback_dag.py for tasks to queue
[2025-08-14T23:31:05.429+0000] {logging_mixin.py:188} INFO - [2025-08-14T23:31:05.427+0000] {dagbag.py:545} INFO - Filling up the DagBag from /opt/airflow/dags/model_rollback_dag.py
[2025-08-14T23:31:07.792+0000] {processor.py:840} INFO - DAG(s) 'model_rollback' retrieved from /opt/airflow/dags/model_rollback_dag.py
[2025-08-14T23:31:07.848+0000] {logging_mixin.py:188} INFO - [2025-08-14T23:31:07.847+0000] {dag.py:3096} INFO - Sync 1 DAGs
[2025-08-14T23:31:07.882+0000] {logging_mixin.py:188} INFO - [2025-08-14T23:31:07.882+0000] {dag.py:3954} INFO - Setting next_dagrun for model_rollback to None, run_after=None
[2025-08-14T23:31:07.980+0000] {processor.py:183} INFO - Processing /opt/airflow/dags/model_rollback_dag.py took 2.808 seconds
[2025-08-14T23:31:38.386+0000] {processor.py:161} INFO - Started process (PID=143) to work on /opt/airflow/dags/model_rollback_dag.py
[2025-08-14T23:31:38.388+0000] {processor.py:830} INFO - Processing file /opt/airflow/dags/model_rollback_dag.py for tasks to queue
[2025-08-14T23:31:38.391+0000] {logging_mixin.py:188} INFO - [2025-08-14T23:31:38.390+0000] {dagbag.py:545} INFO - Filling up the DagBag from /opt/airflow/dags/model_rollback_dag.py
[2025-08-14T23:31:39.975+0000] {processor.py:840} INFO - DAG(s) 'model_rollback' retrieved from /opt/airflow/dags/model_rollback_dag.py
[2025-08-14T23:31:40.007+0000] {logging_mixin.py:188} INFO - [2025-08-14T23:31:40.006+0000] {dag.py:3096} INFO - Sync 1 DAGs
[2025-08-14T23:31:40.026+0000] {logging_mixin.py:188} INFO - [2025-08-14T23:31:40.026+0000] {dag.py:3954} INFO - Setting next_dagrun for model_rollback to None, run_after=None
[2025-08-14T23:31:40.053+0000] {processor.py:183} INFO - Processing /opt/airflow/dags/model_rollback_dag.py took 1.676 seconds
[2025-08-14T23:32:10.970+0000] {processor.py:161} INFO - Started process (PID=179) to work on /opt/airflow/dags/model_rollback_dag.py
[2025-08-14T23:32:10.972+0000] {processor.py:830} INFO - Processing file /opt/airflow/dags/model_rollback_dag.py for tasks to queue
[2025-08-14T23:32:10.976+0000] {logging_mixin.py:188} INFO - [2025-08-14T23:32:10.975+0000] {dagbag.py:545} INFO - Filling up the DagBag from /opt/airflow/dags/model_rollback_dag.py
[2025-08-14T23:32:13.036+0000] {processor.py:840} INFO - DAG(s) 'model_rollback' retrieved from /opt/airflow/dags/model_rollback_dag.py
[2025-08-14T23:32:13.082+0000] {logging_mixin.py:188} INFO - [2025-08-14T23:32:13.081+0000] {dag.py:3096} INFO - Sync 1 DAGs
[2025-08-14T23:32:13.135+0000] {logging_mixin.py:188} INFO - [2025-08-14T23:32:13.134+0000] {dag.py:3954} INFO - Setting next_dagrun for model_rollback to None, run_after=None
[2025-08-14T23:32:13.166+0000] {processor.py:183} INFO - Processing /opt/airflow/dags/model_rollback_dag.py took 2.206 seconds
[2025-08-14T23:32:43.984+0000] {processor.py:161} INFO - Started process (PID=214) to work on /opt/airflow/dags/model_rollback_dag.py
[2025-08-14T23:32:43.998+0000] {processor.py:830} INFO - Processing file /opt/airflow/dags/model_rollback_dag.py for tasks to queue
[2025-08-14T23:32:44.037+0000] {logging_mixin.py:188} INFO - [2025-08-14T23:32:44.036+0000] {dagbag.py:545} INFO - Filling up the DagBag from /opt/airflow/dags/model_rollback_dag.py
[2025-08-14T23:32:49.317+0000] {processor.py:840} INFO - DAG(s) 'model_rollback' retrieved from /opt/airflow/dags/model_rollback_dag.py
[2025-08-14T23:32:49.379+0000] {logging_mixin.py:188} INFO - [2025-08-14T23:32:49.377+0000] {dag.py:3096} INFO - Sync 1 DAGs
[2025-08-14T23:32:49.427+0000] {logging_mixin.py:188} INFO - [2025-08-14T23:32:49.426+0000] {dag.py:3954} INFO - Setting next_dagrun for model_rollback to None, run_after=None
[2025-08-14T23:32:49.474+0000] {processor.py:183} INFO - Processing /opt/airflow/dags/model_rollback_dag.py took 5.595 seconds
[2025-08-14T23:33:20.162+0000] {processor.py:161} INFO - Started process (PID=256) to work on /opt/airflow/dags/model_rollback_dag.py
[2025-08-14T23:33:20.167+0000] {processor.py:830} INFO - Processing file /opt/airflow/dags/model_rollback_dag.py for tasks to queue
[2025-08-14T23:33:20.179+0000] {logging_mixin.py:188} INFO - [2025-08-14T23:33:20.178+0000] {dagbag.py:545} INFO - Filling up the DagBag from /opt/airflow/dags/model_rollback_dag.py
[2025-08-14T23:33:24.010+0000] {processor.py:840} INFO - DAG(s) 'model_rollback' retrieved from /opt/airflow/dags/model_rollback_dag.py
[2025-08-14T23:33:24.067+0000] {logging_mixin.py:188} INFO - [2025-08-14T23:33:24.065+0000] {dag.py:3096} INFO - Sync 1 DAGs
[2025-08-14T23:33:24.099+0000] {logging_mixin.py:188} INFO - [2025-08-14T23:33:24.099+0000] {dag.py:3954} INFO - Setting next_dagrun for model_rollback to None, run_after=None
[2025-08-14T23:33:24.141+0000] {processor.py:183} INFO - Processing /opt/airflow/dags/model_rollback_dag.py took 4.056 seconds
[2025-08-14T23:33:54.963+0000] {processor.py:161} INFO - Started process (PID=291) to work on /opt/airflow/dags/model_rollback_dag.py
[2025-08-14T23:33:54.967+0000] {processor.py:830} INFO - Processing file /opt/airflow/dags/model_rollback_dag.py for tasks to queue
[2025-08-14T23:33:54.974+0000] {logging_mixin.py:188} INFO - [2025-08-14T23:33:54.973+0000] {dagbag.py:545} INFO - Filling up the DagBag from /opt/airflow/dags/model_rollback_dag.py
[2025-08-14T23:33:58.237+0000] {processor.py:840} INFO - DAG(s) 'model_rollback' retrieved from /opt/airflow/dags/model_rollback_dag.py
[2025-08-14T23:33:58.317+0000] {logging_mixin.py:188} INFO - [2025-08-14T23:33:58.316+0000] {dag.py:3096} INFO - Sync 1 DAGs
[2025-08-14T23:33:58.358+0000] {logging_mixin.py:188} INFO - [2025-08-14T23:33:58.357+0000] {dag.py:3954} INFO - Setting next_dagrun for model_rollback to None, run_after=None
[2025-08-14T23:33:58.465+0000] {processor.py:183} INFO - Processing /opt/airflow/dags/model_rollback_dag.py took 3.562 seconds
[2025-08-14T23:34:29.045+0000] {processor.py:161} INFO - Started process (PID=325) to work on /opt/airflow/dags/model_rollback_dag.py
[2025-08-14T23:34:29.047+0000] {processor.py:830} INFO - Processing file /opt/airflow/dags/model_rollback_dag.py for tasks to queue
[2025-08-14T23:34:29.050+0000] {logging_mixin.py:188} INFO - [2025-08-14T23:34:29.049+0000] {dagbag.py:545} INFO - Filling up the DagBag from /opt/airflow/dags/model_rollback_dag.py
[2025-08-14T23:34:30.613+0000] {processor.py:840} INFO - DAG(s) 'model_rollback' retrieved from /opt/airflow/dags/model_rollback_dag.py
[2025-08-14T23:34:30.645+0000] {logging_mixin.py:188} INFO - [2025-08-14T23:34:30.644+0000] {dag.py:3096} INFO - Sync 1 DAGs
[2025-08-14T23:34:30.665+0000] {logging_mixin.py:188} INFO - [2025-08-14T23:34:30.665+0000] {dag.py:3954} INFO - Setting next_dagrun for model_rollback to None, run_after=None
[2025-08-14T23:34:30.690+0000] {processor.py:183} INFO - Processing /opt/airflow/dags/model_rollback_dag.py took 1.654 seconds
[2025-08-14T23:35:01.262+0000] {processor.py:161} INFO - Started process (PID=360) to work on /opt/airflow/dags/model_rollback_dag.py
[2025-08-14T23:35:01.263+0000] {processor.py:830} INFO - Processing file /opt/airflow/dags/model_rollback_dag.py for tasks to queue
[2025-08-14T23:35:01.266+0000] {logging_mixin.py:188} INFO - [2025-08-14T23:35:01.266+0000] {dagbag.py:545} INFO - Filling up the DagBag from /opt/airflow/dags/model_rollback_dag.py
[2025-08-14T23:35:02.531+0000] {processor.py:840} INFO - DAG(s) 'model_rollback' retrieved from /opt/airflow/dags/model_rollback_dag.py
[2025-08-14T23:35:02.562+0000] {logging_mixin.py:188} INFO - [2025-08-14T23:35:02.559+0000] {dag.py:3096} INFO - Sync 1 DAGs
[2025-08-14T23:35:02.579+0000] {logging_mixin.py:188} INFO - [2025-08-14T23:35:02.579+0000] {dag.py:3954} INFO - Setting next_dagrun for model_rollback to None, run_after=None
[2025-08-14T23:35:02.602+0000] {processor.py:183} INFO - Processing /opt/airflow/dags/model_rollback_dag.py took 1.349 seconds
[2025-08-14T23:35:32.729+0000] {processor.py:161} INFO - Started process (PID=395) to work on /opt/airflow/dags/model_rollback_dag.py
[2025-08-14T23:35:32.730+0000] {processor.py:830} INFO - Processing file /opt/airflow/dags/model_rollback_dag.py for tasks to queue
[2025-08-14T23:35:32.733+0000] {logging_mixin.py:188} INFO - [2025-08-14T23:35:32.732+0000] {dagbag.py:545} INFO - Filling up the DagBag from /opt/airflow/dags/model_rollback_dag.py
[2025-08-14T23:35:34.074+0000] {processor.py:840} INFO - DAG(s) 'model_rollback' retrieved from /opt/airflow/dags/model_rollback_dag.py
[2025-08-14T23:35:34.117+0000] {logging_mixin.py:188} INFO - [2025-08-14T23:35:34.116+0000] {dag.py:3096} INFO - Sync 1 DAGs
[2025-08-14T23:35:34.143+0000] {logging_mixin.py:188} INFO - [2025-08-14T23:35:34.142+0000] {dag.py:3954} INFO - Setting next_dagrun for model_rollback to None, run_after=None
[2025-08-14T23:35:34.173+0000] {processor.py:183} INFO - Processing /opt/airflow/dags/model_rollback_dag.py took 1.452 seconds
[2025-08-14T23:36:04.253+0000] {processor.py:161} INFO - Started process (PID=430) to work on /opt/airflow/dags/model_rollback_dag.py
[2025-08-14T23:36:04.255+0000] {processor.py:830} INFO - Processing file /opt/airflow/dags/model_rollback_dag.py for tasks to queue
[2025-08-14T23:36:04.258+0000] {logging_mixin.py:188} INFO - [2025-08-14T23:36:04.257+0000] {dagbag.py:545} INFO - Filling up the DagBag from /opt/airflow/dags/model_rollback_dag.py
[2025-08-14T23:36:05.530+0000] {processor.py:840} INFO - DAG(s) 'model_rollback' retrieved from /opt/airflow/dags/model_rollback_dag.py
[2025-08-14T23:36:05.567+0000] {logging_mixin.py:188} INFO - [2025-08-14T23:36:05.567+0000] {dag.py:3096} INFO - Sync 1 DAGs
[2025-08-14T23:36:05.588+0000] {logging_mixin.py:188} INFO - [2025-08-14T23:36:05.587+0000] {dag.py:3954} INFO - Setting next_dagrun for model_rollback to None, run_after=None
[2025-08-14T23:36:05.620+0000] {processor.py:183} INFO - Processing /opt/airflow/dags/model_rollback_dag.py took 1.377 seconds
[2025-08-14T23:36:36.462+0000] {processor.py:161} INFO - Started process (PID=465) to work on /opt/airflow/dags/model_rollback_dag.py
[2025-08-14T23:36:36.464+0000] {processor.py:830} INFO - Processing file /opt/airflow/dags/model_rollback_dag.py for tasks to queue
[2025-08-14T23:36:36.467+0000] {logging_mixin.py:188} INFO - [2025-08-14T23:36:36.467+0000] {dagbag.py:545} INFO - Filling up the DagBag from /opt/airflow/dags/model_rollback_dag.py
[2025-08-14T23:36:37.980+0000] {processor.py:840} INFO - DAG(s) 'model_rollback' retrieved from /opt/airflow/dags/model_rollback_dag.py
[2025-08-14T23:36:38.026+0000] {logging_mixin.py:188} INFO - [2025-08-14T23:36:38.025+0000] {dag.py:3096} INFO - Sync 1 DAGs
[2025-08-14T23:36:38.041+0000] {logging_mixin.py:188} INFO - [2025-08-14T23:36:38.040+0000] {dag.py:3954} INFO - Setting next_dagrun for model_rollback to None, run_after=None
[2025-08-14T23:36:38.070+0000] {processor.py:183} INFO - Processing /opt/airflow/dags/model_rollback_dag.py took 1.617 seconds
[2025-08-14T23:37:08.409+0000] {processor.py:161} INFO - Started process (PID=500) to work on /opt/airflow/dags/model_rollback_dag.py
[2025-08-14T23:37:08.412+0000] {processor.py:830} INFO - Processing file /opt/airflow/dags/model_rollback_dag.py for tasks to queue
[2025-08-14T23:37:08.419+0000] {logging_mixin.py:188} INFO - [2025-08-14T23:37:08.418+0000] {dagbag.py:545} INFO - Filling up the DagBag from /opt/airflow/dags/model_rollback_dag.py
[2025-08-14T23:37:11.747+0000] {processor.py:840} INFO - DAG(s) 'model_rollback' retrieved from /opt/airflow/dags/model_rollback_dag.py
[2025-08-14T23:37:11.781+0000] {logging_mixin.py:188} INFO - [2025-08-14T23:37:11.780+0000] {dag.py:3096} INFO - Sync 1 DAGs
[2025-08-14T23:37:11.801+0000] {logging_mixin.py:188} INFO - [2025-08-14T23:37:11.800+0000] {dag.py:3954} INFO - Setting next_dagrun for model_rollback to None, run_after=None
[2025-08-14T23:37:11.832+0000] {processor.py:183} INFO - Processing /opt/airflow/dags/model_rollback_dag.py took 3.451 seconds
[2025-08-14T23:37:41.920+0000] {processor.py:161} INFO - Started process (PID=536) to work on /opt/airflow/dags/model_rollback_dag.py
[2025-08-14T23:37:41.922+0000] {processor.py:830} INFO - Processing file /opt/airflow/dags/model_rollback_dag.py for tasks to queue
[2025-08-14T23:37:41.925+0000] {logging_mixin.py:188} INFO - [2025-08-14T23:37:41.925+0000] {dagbag.py:545} INFO - Filling up the DagBag from /opt/airflow/dags/model_rollback_dag.py
[2025-08-14T23:37:43.720+0000] {processor.py:840} INFO - DAG(s) 'model_rollback' retrieved from /opt/airflow/dags/model_rollback_dag.py
[2025-08-14T23:37:43.750+0000] {logging_mixin.py:188} INFO - [2025-08-14T23:37:43.749+0000] {dag.py:3096} INFO - Sync 1 DAGs
[2025-08-14T23:37:43.763+0000] {logging_mixin.py:188} INFO - [2025-08-14T23:37:43.763+0000] {dag.py:3954} INFO - Setting next_dagrun for model_rollback to None, run_after=None
[2025-08-14T23:37:43.783+0000] {processor.py:183} INFO - Processing /opt/airflow/dags/model_rollback_dag.py took 1.872 seconds
[2025-08-14T23:38:13.922+0000] {processor.py:161} INFO - Started process (PID=570) to work on /opt/airflow/dags/model_rollback_dag.py
[2025-08-14T23:38:13.924+0000] {processor.py:830} INFO - Processing file /opt/airflow/dags/model_rollback_dag.py for tasks to queue
[2025-08-14T23:38:13.927+0000] {logging_mixin.py:188} INFO - [2025-08-14T23:38:13.926+0000] {dagbag.py:545} INFO - Filling up the DagBag from /opt/airflow/dags/model_rollback_dag.py
[2025-08-14T23:38:15.738+0000] {processor.py:840} INFO - DAG(s) 'model_rollback' retrieved from /opt/airflow/dags/model_rollback_dag.py
[2025-08-14T23:38:15.783+0000] {logging_mixin.py:188} INFO - [2025-08-14T23:38:15.781+0000] {dag.py:3096} INFO - Sync 1 DAGs
[2025-08-14T23:38:15.809+0000] {logging_mixin.py:188} INFO - [2025-08-14T23:38:15.809+0000] {dag.py:3954} INFO - Setting next_dagrun for model_rollback to None, run_after=None
[2025-08-14T23:38:15.845+0000] {processor.py:183} INFO - Processing /opt/airflow/dags/model_rollback_dag.py took 1.933 seconds
[2025-08-14T23:38:45.900+0000] {processor.py:161} INFO - Started process (PID=605) to work on /opt/airflow/dags/model_rollback_dag.py
[2025-08-14T23:38:45.902+0000] {processor.py:830} INFO - Processing file /opt/airflow/dags/model_rollback_dag.py for tasks to queue
[2025-08-14T23:38:45.905+0000] {logging_mixin.py:188} INFO - [2025-08-14T23:38:45.905+0000] {dagbag.py:545} INFO - Filling up the DagBag from /opt/airflow/dags/model_rollback_dag.py
[2025-08-14T23:38:47.317+0000] {processor.py:840} INFO - DAG(s) 'model_rollback' retrieved from /opt/airflow/dags/model_rollback_dag.py
[2025-08-14T23:38:47.349+0000] {logging_mixin.py:188} INFO - [2025-08-14T23:38:47.348+0000] {dag.py:3096} INFO - Sync 1 DAGs
[2025-08-14T23:38:47.373+0000] {logging_mixin.py:188} INFO - [2025-08-14T23:38:47.373+0000] {dag.py:3954} INFO - Setting next_dagrun for model_rollback to None, run_after=None
[2025-08-14T23:38:47.405+0000] {processor.py:183} INFO - Processing /opt/airflow/dags/model_rollback_dag.py took 1.517 seconds
[2025-08-14T23:39:17.704+0000] {processor.py:161} INFO - Started process (PID=640) to work on /opt/airflow/dags/model_rollback_dag.py
[2025-08-14T23:39:17.706+0000] {processor.py:830} INFO - Processing file /opt/airflow/dags/model_rollback_dag.py for tasks to queue
[2025-08-14T23:39:17.712+0000] {logging_mixin.py:188} INFO - [2025-08-14T23:39:17.711+0000] {dagbag.py:545} INFO - Filling up the DagBag from /opt/airflow/dags/model_rollback_dag.py
[2025-08-14T23:39:20.543+0000] {processor.py:840} INFO - DAG(s) 'model_rollback' retrieved from /opt/airflow/dags/model_rollback_dag.py
[2025-08-14T23:39:20.589+0000] {logging_mixin.py:188} INFO - [2025-08-14T23:39:20.587+0000] {dag.py:3096} INFO - Sync 1 DAGs
[2025-08-14T23:39:20.614+0000] {logging_mixin.py:188} INFO - [2025-08-14T23:39:20.613+0000] {dag.py:3954} INFO - Setting next_dagrun for model_rollback to None, run_after=None
[2025-08-14T23:39:20.657+0000] {processor.py:183} INFO - Processing /opt/airflow/dags/model_rollback_dag.py took 2.967 seconds
[2025-08-14T23:39:51.511+0000] {processor.py:161} INFO - Started process (PID=682) to work on /opt/airflow/dags/model_rollback_dag.py
[2025-08-14T23:39:51.513+0000] {processor.py:830} INFO - Processing file /opt/airflow/dags/model_rollback_dag.py for tasks to queue
[2025-08-14T23:39:51.516+0000] {logging_mixin.py:188} INFO - [2025-08-14T23:39:51.515+0000] {dagbag.py:545} INFO - Filling up the DagBag from /opt/airflow/dags/model_rollback_dag.py
[2025-08-14T23:39:52.896+0000] {processor.py:840} INFO - DAG(s) 'model_rollback' retrieved from /opt/airflow/dags/model_rollback_dag.py
[2025-08-14T23:39:52.932+0000] {logging_mixin.py:188} INFO - [2025-08-14T23:39:52.929+0000] {dag.py:3096} INFO - Sync 1 DAGs
[2025-08-14T23:39:52.954+0000] {logging_mixin.py:188} INFO - [2025-08-14T23:39:52.954+0000] {dag.py:3954} INFO - Setting next_dagrun for model_rollback to None, run_after=None
[2025-08-14T23:39:52.985+0000] {processor.py:183} INFO - Processing /opt/airflow/dags/model_rollback_dag.py took 1.485 seconds
[2025-08-14T23:40:23.419+0000] {processor.py:161} INFO - Started process (PID=718) to work on /opt/airflow/dags/model_rollback_dag.py
[2025-08-14T23:40:23.420+0000] {processor.py:830} INFO - Processing file /opt/airflow/dags/model_rollback_dag.py for tasks to queue
[2025-08-14T23:40:23.423+0000] {logging_mixin.py:188} INFO - [2025-08-14T23:40:23.422+0000] {dagbag.py:545} INFO - Filling up the DagBag from /opt/airflow/dags/model_rollback_dag.py
[2025-08-14T23:40:24.858+0000] {processor.py:840} INFO - DAG(s) 'model_rollback' retrieved from /opt/airflow/dags/model_rollback_dag.py
[2025-08-14T23:40:24.901+0000] {logging_mixin.py:188} INFO - [2025-08-14T23:40:24.900+0000] {dag.py:3096} INFO - Sync 1 DAGs
[2025-08-14T23:40:24.925+0000] {logging_mixin.py:188} INFO - [2025-08-14T23:40:24.924+0000] {dag.py:3954} INFO - Setting next_dagrun for model_rollback to None, run_after=None
[2025-08-14T23:40:24.966+0000] {processor.py:183} INFO - Processing /opt/airflow/dags/model_rollback_dag.py took 1.558 seconds
[2025-08-14T23:40:55.112+0000] {processor.py:161} INFO - Started process (PID=753) to work on /opt/airflow/dags/model_rollback_dag.py
[2025-08-14T23:40:55.113+0000] {processor.py:830} INFO - Processing file /opt/airflow/dags/model_rollback_dag.py for tasks to queue
[2025-08-14T23:40:55.116+0000] {logging_mixin.py:188} INFO - [2025-08-14T23:40:55.116+0000] {dagbag.py:545} INFO - Filling up the DagBag from /opt/airflow/dags/model_rollback_dag.py
[2025-08-14T23:40:56.372+0000] {processor.py:840} INFO - DAG(s) 'model_rollback' retrieved from /opt/airflow/dags/model_rollback_dag.py
[2025-08-14T23:40:56.401+0000] {logging_mixin.py:188} INFO - [2025-08-14T23:40:56.400+0000] {dag.py:3096} INFO - Sync 1 DAGs
[2025-08-14T23:40:56.417+0000] {logging_mixin.py:188} INFO - [2025-08-14T23:40:56.416+0000] {dag.py:3954} INFO - Setting next_dagrun for model_rollback to None, run_after=None
[2025-08-14T23:40:56.441+0000] {processor.py:183} INFO - Processing /opt/airflow/dags/model_rollback_dag.py took 1.339 seconds
[2025-08-14T23:41:26.632+0000] {processor.py:161} INFO - Started process (PID=788) to work on /opt/airflow/dags/model_rollback_dag.py
[2025-08-14T23:41:26.633+0000] {processor.py:830} INFO - Processing file /opt/airflow/dags/model_rollback_dag.py for tasks to queue
[2025-08-14T23:41:26.636+0000] {logging_mixin.py:188} INFO - [2025-08-14T23:41:26.635+0000] {dagbag.py:545} INFO - Filling up the DagBag from /opt/airflow/dags/model_rollback_dag.py
[2025-08-14T23:41:27.907+0000] {processor.py:840} INFO - DAG(s) 'model_rollback' retrieved from /opt/airflow/dags/model_rollback_dag.py
[2025-08-14T23:41:27.939+0000] {logging_mixin.py:188} INFO - [2025-08-14T23:41:27.938+0000] {dag.py:3096} INFO - Sync 1 DAGs
[2025-08-14T23:41:27.969+0000] {logging_mixin.py:188} INFO - [2025-08-14T23:41:27.968+0000] {dag.py:3954} INFO - Setting next_dagrun for model_rollback to None, run_after=None
[2025-08-14T23:41:28.007+0000] {processor.py:183} INFO - Processing /opt/airflow/dags/model_rollback_dag.py took 1.385 seconds
[2025-08-14T23:41:58.924+0000] {processor.py:161} INFO - Started process (PID=823) to work on /opt/airflow/dags/model_rollback_dag.py
[2025-08-14T23:41:58.925+0000] {processor.py:830} INFO - Processing file /opt/airflow/dags/model_rollback_dag.py for tasks to queue
[2025-08-14T23:41:58.928+0000] {logging_mixin.py:188} INFO - [2025-08-14T23:41:58.928+0000] {dagbag.py:545} INFO - Filling up the DagBag from /opt/airflow/dags/model_rollback_dag.py
[2025-08-14T23:42:00.813+0000] {processor.py:840} INFO - DAG(s) 'model_rollback' retrieved from /opt/airflow/dags/model_rollback_dag.py
[2025-08-14T23:42:00.843+0000] {logging_mixin.py:188} INFO - [2025-08-14T23:42:00.843+0000] {dag.py:3096} INFO - Sync 1 DAGs
[2025-08-14T23:42:00.859+0000] {logging_mixin.py:188} INFO - [2025-08-14T23:42:00.859+0000] {dag.py:3954} INFO - Setting next_dagrun for model_rollback to None, run_after=None
[2025-08-14T23:42:00.893+0000] {processor.py:183} INFO - Processing /opt/airflow/dags/model_rollback_dag.py took 1.978 seconds
[2025-08-14T23:42:31.580+0000] {processor.py:161} INFO - Started process (PID=858) to work on /opt/airflow/dags/model_rollback_dag.py
[2025-08-14T23:42:31.581+0000] {processor.py:830} INFO - Processing file /opt/airflow/dags/model_rollback_dag.py for tasks to queue
[2025-08-14T23:42:31.585+0000] {logging_mixin.py:188} INFO - [2025-08-14T23:42:31.584+0000] {dagbag.py:545} INFO - Filling up the DagBag from /opt/airflow/dags/model_rollback_dag.py
[2025-08-14T23:42:34.843+0000] {logging_mixin.py:188} WARNING - Exception ignored in: <function WeakKeyDictionary.__init__.<locals>.remove at 0x7fc5dec5e520>
[2025-08-14T23:42:34.844+0000] {logging_mixin.py:188} WARNING - Traceback (most recent call last):
[2025-08-14T23:42:34.845+0000] {logging_mixin.py:188} WARNING -   File "/usr/local/lib/python3.12/weakref.py", line 369, in remove
[2025-08-14T23:42:34.847+0000] {logging_mixin.py:188} WARNING -     def remove(k, selfref=ref(self)):
[2025-08-14T23:42:34.848+0000] {logging_mixin.py:188} WARNING -   File "/home/airflow/.local/lib/python3.12/site-packages/airflow/dag_processing/manager.py", line 453, in _exit_gracefully
[2025-08-14T23:42:34.849+0000] {logging_mixin.py:188} WARNING -     self.log.debug("Current Stacktrace is: %s", "\n".join(map(str, inspect.stack())))
[2025-08-14T23:42:34.852+0000] {logging_mixin.py:188} WARNING -                                                                    ^^^^^^^^^^^^^^^
[2025-08-14T23:42:34.853+0000] {logging_mixin.py:188} WARNING -   File "/usr/local/lib/python3.12/inspect.py", line 1770, in stack
[2025-08-14T23:42:34.856+0000] {logging_mixin.py:188} WARNING -     return getouterframes(sys._getframe(1), context)
[2025-08-14T23:42:34.858+0000] {logging_mixin.py:188} WARNING -            ^^^^^^^^^^^^^^^^^^^^^^^^^^^^^^^^^^^^^^^^^
[2025-08-14T23:42:34.859+0000] {logging_mixin.py:188} WARNING -   File "/usr/local/lib/python3.12/inspect.py", line 1745, in getouterframes
[2025-08-14T23:42:34.861+0000] {logging_mixin.py:188} WARNING -     traceback_info = getframeinfo(frame, context)
[2025-08-14T23:42:34.864+0000] {logging_mixin.py:188} WARNING -                      ^^^^^^^^^^^^^^^^^^^^^^^^^^^^
[2025-08-14T23:42:34.864+0000] {logging_mixin.py:188} WARNING -   File "/usr/local/lib/python3.12/inspect.py", line 1707, in getframeinfo
[2025-08-14T23:42:34.867+0000] {logging_mixin.py:188} WARNING -     lines, lnum = findsource(frame)
[2025-08-14T23:42:34.869+0000] {logging_mixin.py:188} WARNING -                   ^^^^^^^^^^^^^^^^^
[2025-08-14T23:42:34.870+0000] {logging_mixin.py:188} WARNING -   File "/usr/local/lib/python3.12/inspect.py", line 1083, in findsource
[2025-08-14T23:42:34.872+0000] {logging_mixin.py:188} WARNING -     module = getmodule(object, file)
[2025-08-14T23:42:34.876+0000] {logging_mixin.py:188} WARNING -              ^^^^^^^^^^^^^^^^^^^^^^^
[2025-08-14T23:42:34.877+0000] {logging_mixin.py:188} WARNING -   File "/usr/local/lib/python3.12/inspect.py", line 1009, in getmodule
[2025-08-14T23:42:34.879+0000] {logging_mixin.py:188} WARNING -     os.path.realpath(f)] = module.__name__
[2025-08-14T23:42:34.881+0000] {logging_mixin.py:188} WARNING -     ^^^^^^^^^^^^^^^^^^^
[2025-08-14T23:42:34.882+0000] {logging_mixin.py:188} WARNING -   File "<frozen posixpath>", line 435, in realpath
[2025-08-14T23:42:34.883+0000] {logging_mixin.py:188} WARNING -   File "<frozen posixpath>", line 470, in _joinrealpath
[2025-08-14T23:42:34.884+0000] {logging_mixin.py:188} WARNING -   File "/home/airflow/.local/lib/python3.12/site-packages/airflow/dag_processing/manager.py", line 457, in _exit_gracefully
[2025-08-14T23:42:34.885+0000] {logging_mixin.py:188} WARNING -     sys.exit(os.EX_OK)
[2025-08-14T23:42:34.886+0000] {logging_mixin.py:188} WARNING - SystemExit: 0
[2025-08-14T23:42:36.412+0000] {processor.py:840} INFO - DAG(s) 'model_rollback' retrieved from /opt/airflow/dags/model_rollback_dag.py
[2025-08-14T23:42:36.521+0000] {logging_mixin.py:188} INFO - [2025-08-14T23:42:36.519+0000] {dag.py:3096} INFO - Sync 1 DAGs
[2025-08-14T23:42:36.691+0000] {logging_mixin.py:188} INFO - [2025-08-14T23:42:36.690+0000] {dag.py:3954} INFO - Setting next_dagrun for model_rollback to None, run_after=None
[2025-08-14T23:42:36.767+0000] {processor.py:183} INFO - Processing /opt/airflow/dags/model_rollback_dag.py took 5.199 seconds
[2025-08-14T23:44:17.732+0000] {processor.py:161} INFO - Started process (PID=80) to work on /opt/airflow/dags/model_rollback_dag.py
[2025-08-14T23:44:17.734+0000] {processor.py:830} INFO - Processing file /opt/airflow/dags/model_rollback_dag.py for tasks to queue
[2025-08-14T23:44:17.738+0000] {logging_mixin.py:188} INFO - [2025-08-14T23:44:17.737+0000] {dagbag.py:545} INFO - Filling up the DagBag from /opt/airflow/dags/model_rollback_dag.py
[2025-08-14T23:44:19.338+0000] {processor.py:840} INFO - DAG(s) 'model_rollback' retrieved from /opt/airflow/dags/model_rollback_dag.py
[2025-08-14T23:44:19.545+0000] {logging_mixin.py:188} INFO - [2025-08-14T23:44:19.544+0000] {dag.py:3096} INFO - Sync 1 DAGs
[2025-08-14T23:44:19.560+0000] {logging_mixin.py:188} INFO - [2025-08-14T23:44:19.560+0000] {dag.py:3954} INFO - Setting next_dagrun for model_rollback to None, run_after=None
[2025-08-14T23:44:19.603+0000] {processor.py:183} INFO - Processing /opt/airflow/dags/model_rollback_dag.py took 1.882 seconds
[2025-08-14T23:44:50.238+0000] {processor.py:161} INFO - Started process (PID=108) to work on /opt/airflow/dags/model_rollback_dag.py
[2025-08-14T23:44:50.239+0000] {processor.py:830} INFO - Processing file /opt/airflow/dags/model_rollback_dag.py for tasks to queue
[2025-08-14T23:44:50.242+0000] {logging_mixin.py:188} INFO - [2025-08-14T23:44:50.242+0000] {dagbag.py:545} INFO - Filling up the DagBag from /opt/airflow/dags/model_rollback_dag.py
[2025-08-14T23:44:51.722+0000] {processor.py:840} INFO - DAG(s) 'model_rollback' retrieved from /opt/airflow/dags/model_rollback_dag.py
[2025-08-14T23:44:51.757+0000] {logging_mixin.py:188} INFO - [2025-08-14T23:44:51.756+0000] {dag.py:3096} INFO - Sync 1 DAGs
[2025-08-14T23:44:51.775+0000] {logging_mixin.py:188} INFO - [2025-08-14T23:44:51.775+0000] {dag.py:3954} INFO - Setting next_dagrun for model_rollback to None, run_after=None
[2025-08-14T23:44:51.799+0000] {processor.py:183} INFO - Processing /opt/airflow/dags/model_rollback_dag.py took 1.570 seconds
[2025-08-14T23:45:22.522+0000] {processor.py:161} INFO - Started process (PID=141) to work on /opt/airflow/dags/model_rollback_dag.py
[2025-08-14T23:45:22.541+0000] {processor.py:830} INFO - Processing file /opt/airflow/dags/model_rollback_dag.py for tasks to queue
[2025-08-14T23:45:22.566+0000] {logging_mixin.py:188} INFO - [2025-08-14T23:45:22.565+0000] {dagbag.py:545} INFO - Filling up the DagBag from /opt/airflow/dags/model_rollback_dag.py
[2025-08-14T23:45:27.919+0000] {processor.py:840} INFO - DAG(s) 'model_rollback' retrieved from /opt/airflow/dags/model_rollback_dag.py
[2025-08-14T23:45:28.101+0000] {logging_mixin.py:188} INFO - [2025-08-14T23:45:28.100+0000] {dag.py:3096} INFO - Sync 1 DAGs
[2025-08-14T23:45:28.136+0000] {logging_mixin.py:188} INFO - [2025-08-14T23:45:28.135+0000] {dag.py:3954} INFO - Setting next_dagrun for model_rollback to None, run_after=None
[2025-08-14T23:45:28.197+0000] {processor.py:183} INFO - Processing /opt/airflow/dags/model_rollback_dag.py took 5.724 seconds
[2025-08-14T23:45:58.333+0000] {processor.py:161} INFO - Started process (PID=176) to work on /opt/airflow/dags/model_rollback_dag.py
[2025-08-14T23:45:58.335+0000] {processor.py:830} INFO - Processing file /opt/airflow/dags/model_rollback_dag.py for tasks to queue
[2025-08-14T23:45:58.338+0000] {logging_mixin.py:188} INFO - [2025-08-14T23:45:58.337+0000] {dagbag.py:545} INFO - Filling up the DagBag from /opt/airflow/dags/model_rollback_dag.py
[2025-08-14T23:45:59.978+0000] {processor.py:840} INFO - DAG(s) 'model_rollback' retrieved from /opt/airflow/dags/model_rollback_dag.py
[2025-08-14T23:46:00.009+0000] {logging_mixin.py:188} INFO - [2025-08-14T23:46:00.006+0000] {dag.py:3096} INFO - Sync 1 DAGs
[2025-08-14T23:46:00.026+0000] {logging_mixin.py:188} INFO - [2025-08-14T23:46:00.026+0000] {dag.py:3954} INFO - Setting next_dagrun for model_rollback to None, run_after=None
[2025-08-14T23:46:00.050+0000] {processor.py:183} INFO - Processing /opt/airflow/dags/model_rollback_dag.py took 1.725 seconds
[2025-08-14T23:46:30.102+0000] {processor.py:161} INFO - Started process (PID=211) to work on /opt/airflow/dags/model_rollback_dag.py
[2025-08-14T23:46:30.104+0000] {processor.py:830} INFO - Processing file /opt/airflow/dags/model_rollback_dag.py for tasks to queue
[2025-08-14T23:46:30.107+0000] {logging_mixin.py:188} INFO - [2025-08-14T23:46:30.106+0000] {dagbag.py:545} INFO - Filling up the DagBag from /opt/airflow/dags/model_rollback_dag.py
[2025-08-14T23:46:31.698+0000] {processor.py:840} INFO - DAG(s) 'model_rollback' retrieved from /opt/airflow/dags/model_rollback_dag.py
[2025-08-14T23:46:31.754+0000] {logging_mixin.py:188} INFO - [2025-08-14T23:46:31.753+0000] {dag.py:3096} INFO - Sync 1 DAGs
[2025-08-14T23:46:31.774+0000] {logging_mixin.py:188} INFO - [2025-08-14T23:46:31.774+0000] {dag.py:3954} INFO - Setting next_dagrun for model_rollback to None, run_after=None
[2025-08-14T23:46:31.800+0000] {processor.py:183} INFO - Processing /opt/airflow/dags/model_rollback_dag.py took 1.706 seconds
[2025-08-14T23:48:51.727+0000] {processor.py:161} INFO - Started process (PID=81) to work on /opt/airflow/dags/model_rollback_dag.py
[2025-08-14T23:48:51.729+0000] {processor.py:830} INFO - Processing file /opt/airflow/dags/model_rollback_dag.py for tasks to queue
[2025-08-14T23:48:51.733+0000] {logging_mixin.py:188} INFO - [2025-08-14T23:48:51.733+0000] {dagbag.py:545} INFO - Filling up the DagBag from /opt/airflow/dags/model_rollback_dag.py
[2025-08-14T23:48:54.315+0000] {processor.py:840} INFO - DAG(s) 'model_rollback' retrieved from /opt/airflow/dags/model_rollback_dag.py
[2025-08-14T23:48:54.611+0000] {logging_mixin.py:188} INFO - [2025-08-14T23:48:54.611+0000] {dag.py:3096} INFO - Sync 1 DAGs
[2025-08-14T23:48:54.634+0000] {logging_mixin.py:188} INFO - [2025-08-14T23:48:54.633+0000] {dag.py:3954} INFO - Setting next_dagrun for model_rollback to None, run_after=None
[2025-08-14T23:48:54.664+0000] {processor.py:183} INFO - Processing /opt/airflow/dags/model_rollback_dag.py took 2.949 seconds
[2025-08-14T23:49:26.444+0000] {processor.py:161} INFO - Started process (PID=108) to work on /opt/airflow/dags/model_rollback_dag.py
[2025-08-14T23:49:26.450+0000] {processor.py:830} INFO - Processing file /opt/airflow/dags/model_rollback_dag.py for tasks to queue
[2025-08-14T23:49:26.456+0000] {logging_mixin.py:188} INFO - [2025-08-14T23:49:26.455+0000] {dagbag.py:545} INFO - Filling up the DagBag from /opt/airflow/dags/model_rollback_dag.py
[2025-08-14T23:49:28.322+0000] {processor.py:840} INFO - DAG(s) 'model_rollback' retrieved from /opt/airflow/dags/model_rollback_dag.py
[2025-08-14T23:49:28.390+0000] {logging_mixin.py:188} INFO - [2025-08-14T23:49:28.388+0000] {dag.py:3096} INFO - Sync 1 DAGs
[2025-08-14T23:49:28.413+0000] {logging_mixin.py:188} INFO - [2025-08-14T23:49:28.413+0000] {dag.py:3954} INFO - Setting next_dagrun for model_rollback to None, run_after=None
[2025-08-14T23:49:28.444+0000] {processor.py:183} INFO - Processing /opt/airflow/dags/model_rollback_dag.py took 2.024 seconds
[2025-08-14T23:49:59.188+0000] {processor.py:161} INFO - Started process (PID=141) to work on /opt/airflow/dags/model_rollback_dag.py
[2025-08-14T23:49:59.189+0000] {processor.py:830} INFO - Processing file /opt/airflow/dags/model_rollback_dag.py for tasks to queue
[2025-08-14T23:49:59.192+0000] {logging_mixin.py:188} INFO - [2025-08-14T23:49:59.192+0000] {dagbag.py:545} INFO - Filling up the DagBag from /opt/airflow/dags/model_rollback_dag.py
[2025-08-14T23:50:00.922+0000] {processor.py:840} INFO - DAG(s) 'model_rollback' retrieved from /opt/airflow/dags/model_rollback_dag.py
[2025-08-14T23:50:00.974+0000] {logging_mixin.py:188} INFO - [2025-08-14T23:50:00.973+0000] {dag.py:3096} INFO - Sync 1 DAGs
[2025-08-14T23:50:00.999+0000] {logging_mixin.py:188} INFO - [2025-08-14T23:50:00.998+0000] {dag.py:3954} INFO - Setting next_dagrun for model_rollback to None, run_after=None
[2025-08-14T23:50:01.028+0000] {processor.py:183} INFO - Processing /opt/airflow/dags/model_rollback_dag.py took 1.851 seconds
[2025-08-14T23:50:31.121+0000] {processor.py:161} INFO - Started process (PID=176) to work on /opt/airflow/dags/model_rollback_dag.py
[2025-08-14T23:50:31.123+0000] {processor.py:830} INFO - Processing file /opt/airflow/dags/model_rollback_dag.py for tasks to queue
[2025-08-14T23:50:31.126+0000] {logging_mixin.py:188} INFO - [2025-08-14T23:50:31.125+0000] {dagbag.py:545} INFO - Filling up the DagBag from /opt/airflow/dags/model_rollback_dag.py
[2025-08-14T23:50:32.646+0000] {processor.py:840} INFO - DAG(s) 'model_rollback' retrieved from /opt/airflow/dags/model_rollback_dag.py
[2025-08-14T23:50:32.672+0000] {logging_mixin.py:188} INFO - [2025-08-14T23:50:32.672+0000] {dag.py:3096} INFO - Sync 1 DAGs
[2025-08-14T23:50:32.688+0000] {logging_mixin.py:188} INFO - [2025-08-14T23:50:32.688+0000] {dag.py:3954} INFO - Setting next_dagrun for model_rollback to None, run_after=None
[2025-08-14T23:50:32.710+0000] {processor.py:183} INFO - Processing /opt/airflow/dags/model_rollback_dag.py took 1.602 seconds
[2025-08-14T23:51:02.952+0000] {processor.py:161} INFO - Started process (PID=211) to work on /opt/airflow/dags/model_rollback_dag.py
[2025-08-14T23:51:02.954+0000] {processor.py:830} INFO - Processing file /opt/airflow/dags/model_rollback_dag.py for tasks to queue
[2025-08-14T23:51:02.956+0000] {logging_mixin.py:188} INFO - [2025-08-14T23:51:02.956+0000] {dagbag.py:545} INFO - Filling up the DagBag from /opt/airflow/dags/model_rollback_dag.py
[2025-08-14T23:51:04.248+0000] {processor.py:840} INFO - DAG(s) 'model_rollback' retrieved from /opt/airflow/dags/model_rollback_dag.py
[2025-08-14T23:51:04.284+0000] {logging_mixin.py:188} INFO - [2025-08-14T23:51:04.283+0000] {dag.py:3096} INFO - Sync 1 DAGs
[2025-08-14T23:51:04.304+0000] {logging_mixin.py:188} INFO - [2025-08-14T23:51:04.303+0000] {dag.py:3954} INFO - Setting next_dagrun for model_rollback to None, run_after=None
[2025-08-14T23:51:04.327+0000] {processor.py:183} INFO - Processing /opt/airflow/dags/model_rollback_dag.py took 1.386 seconds
[2025-08-14T23:51:34.765+0000] {processor.py:161} INFO - Started process (PID=246) to work on /opt/airflow/dags/model_rollback_dag.py
[2025-08-14T23:51:34.767+0000] {processor.py:830} INFO - Processing file /opt/airflow/dags/model_rollback_dag.py for tasks to queue
[2025-08-14T23:51:34.770+0000] {logging_mixin.py:188} INFO - [2025-08-14T23:51:34.770+0000] {dagbag.py:545} INFO - Filling up the DagBag from /opt/airflow/dags/model_rollback_dag.py
[2025-08-14T23:51:36.008+0000] {processor.py:840} INFO - DAG(s) 'model_rollback' retrieved from /opt/airflow/dags/model_rollback_dag.py
[2025-08-14T23:51:36.049+0000] {logging_mixin.py:188} INFO - [2025-08-14T23:51:36.048+0000] {dag.py:3096} INFO - Sync 1 DAGs
[2025-08-14T23:51:36.069+0000] {logging_mixin.py:188} INFO - [2025-08-14T23:51:36.069+0000] {dag.py:3954} INFO - Setting next_dagrun for model_rollback to None, run_after=None
[2025-08-14T23:51:36.096+0000] {processor.py:183} INFO - Processing /opt/airflow/dags/model_rollback_dag.py took 1.345 seconds
[2025-08-14T23:52:06.165+0000] {processor.py:161} INFO - Started process (PID=281) to work on /opt/airflow/dags/model_rollback_dag.py
[2025-08-14T23:52:06.167+0000] {processor.py:830} INFO - Processing file /opt/airflow/dags/model_rollback_dag.py for tasks to queue
[2025-08-14T23:52:06.170+0000] {logging_mixin.py:188} INFO - [2025-08-14T23:52:06.169+0000] {dagbag.py:545} INFO - Filling up the DagBag from /opt/airflow/dags/model_rollback_dag.py
[2025-08-14T23:52:07.624+0000] {processor.py:840} INFO - DAG(s) 'model_rollback' retrieved from /opt/airflow/dags/model_rollback_dag.py
[2025-08-14T23:52:07.654+0000] {logging_mixin.py:188} INFO - [2025-08-14T23:52:07.653+0000] {dag.py:3096} INFO - Sync 1 DAGs
[2025-08-14T23:52:07.669+0000] {logging_mixin.py:188} INFO - [2025-08-14T23:52:07.669+0000] {dag.py:3954} INFO - Setting next_dagrun for model_rollback to None, run_after=None
[2025-08-14T23:52:07.694+0000] {processor.py:183} INFO - Processing /opt/airflow/dags/model_rollback_dag.py took 1.540 seconds
[2025-08-14T23:52:38.564+0000] {processor.py:161} INFO - Started process (PID=321) to work on /opt/airflow/dags/model_rollback_dag.py
[2025-08-14T23:52:38.566+0000] {processor.py:830} INFO - Processing file /opt/airflow/dags/model_rollback_dag.py for tasks to queue
[2025-08-14T23:52:38.568+0000] {logging_mixin.py:188} INFO - [2025-08-14T23:52:38.568+0000] {dagbag.py:545} INFO - Filling up the DagBag from /opt/airflow/dags/model_rollback_dag.py
[2025-08-14T23:52:39.839+0000] {processor.py:840} INFO - DAG(s) 'model_rollback' retrieved from /opt/airflow/dags/model_rollback_dag.py
[2025-08-14T23:52:39.891+0000] {logging_mixin.py:188} INFO - [2025-08-14T23:52:39.890+0000] {dag.py:3096} INFO - Sync 1 DAGs
[2025-08-14T23:52:39.914+0000] {logging_mixin.py:188} INFO - [2025-08-14T23:52:39.914+0000] {dag.py:3954} INFO - Setting next_dagrun for model_rollback to None, run_after=None
[2025-08-14T23:52:39.942+0000] {processor.py:183} INFO - Processing /opt/airflow/dags/model_rollback_dag.py took 1.389 seconds
[2025-08-14T23:53:10.641+0000] {processor.py:161} INFO - Started process (PID=356) to work on /opt/airflow/dags/model_rollback_dag.py
[2025-08-14T23:53:10.642+0000] {processor.py:830} INFO - Processing file /opt/airflow/dags/model_rollback_dag.py for tasks to queue
[2025-08-14T23:53:10.645+0000] {logging_mixin.py:188} INFO - [2025-08-14T23:53:10.645+0000] {dagbag.py:545} INFO - Filling up the DagBag from /opt/airflow/dags/model_rollback_dag.py
[2025-08-14T23:53:11.922+0000] {processor.py:840} INFO - DAG(s) 'model_rollback' retrieved from /opt/airflow/dags/model_rollback_dag.py
[2025-08-14T23:53:11.971+0000] {logging_mixin.py:188} INFO - [2025-08-14T23:53:11.970+0000] {dag.py:3096} INFO - Sync 1 DAGs
[2025-08-14T23:53:12.009+0000] {logging_mixin.py:188} INFO - [2025-08-14T23:53:12.008+0000] {dag.py:3954} INFO - Setting next_dagrun for model_rollback to None, run_after=None
[2025-08-14T23:53:12.039+0000] {processor.py:183} INFO - Processing /opt/airflow/dags/model_rollback_dag.py took 1.408 seconds
[2025-08-14T23:53:42.540+0000] {processor.py:161} INFO - Started process (PID=391) to work on /opt/airflow/dags/model_rollback_dag.py
[2025-08-14T23:53:42.542+0000] {processor.py:830} INFO - Processing file /opt/airflow/dags/model_rollback_dag.py for tasks to queue
[2025-08-14T23:53:42.545+0000] {logging_mixin.py:188} INFO - [2025-08-14T23:53:42.545+0000] {dagbag.py:545} INFO - Filling up the DagBag from /opt/airflow/dags/model_rollback_dag.py
[2025-08-14T23:53:43.872+0000] {processor.py:840} INFO - DAG(s) 'model_rollback' retrieved from /opt/airflow/dags/model_rollback_dag.py
[2025-08-14T23:53:43.903+0000] {logging_mixin.py:188} INFO - [2025-08-14T23:53:43.902+0000] {dag.py:3096} INFO - Sync 1 DAGs
[2025-08-14T23:53:43.920+0000] {logging_mixin.py:188} INFO - [2025-08-14T23:53:43.920+0000] {dag.py:3954} INFO - Setting next_dagrun for model_rollback to None, run_after=None
[2025-08-14T23:53:43.946+0000] {processor.py:183} INFO - Processing /opt/airflow/dags/model_rollback_dag.py took 1.416 seconds
[2025-08-14T23:54:14.419+0000] {processor.py:161} INFO - Started process (PID=426) to work on /opt/airflow/dags/model_rollback_dag.py
[2025-08-14T23:54:14.421+0000] {processor.py:830} INFO - Processing file /opt/airflow/dags/model_rollback_dag.py for tasks to queue
[2025-08-14T23:54:14.424+0000] {logging_mixin.py:188} INFO - [2025-08-14T23:54:14.424+0000] {dagbag.py:545} INFO - Filling up the DagBag from /opt/airflow/dags/model_rollback_dag.py
[2025-08-14T23:54:15.635+0000] {processor.py:840} INFO - DAG(s) 'model_rollback' retrieved from /opt/airflow/dags/model_rollback_dag.py
[2025-08-14T23:54:15.668+0000] {logging_mixin.py:188} INFO - [2025-08-14T23:54:15.668+0000] {dag.py:3096} INFO - Sync 1 DAGs
[2025-08-14T23:54:15.690+0000] {logging_mixin.py:188} INFO - [2025-08-14T23:54:15.690+0000] {dag.py:3954} INFO - Setting next_dagrun for model_rollback to None, run_after=None
[2025-08-14T23:54:15.714+0000] {processor.py:183} INFO - Processing /opt/airflow/dags/model_rollback_dag.py took 1.305 seconds
[2025-08-14T23:54:45.889+0000] {processor.py:161} INFO - Started process (PID=461) to work on /opt/airflow/dags/model_rollback_dag.py
[2025-08-14T23:54:45.891+0000] {processor.py:830} INFO - Processing file /opt/airflow/dags/model_rollback_dag.py for tasks to queue
[2025-08-14T23:54:45.893+0000] {logging_mixin.py:188} INFO - [2025-08-14T23:54:45.893+0000] {dagbag.py:545} INFO - Filling up the DagBag from /opt/airflow/dags/model_rollback_dag.py
[2025-08-14T23:54:47.103+0000] {processor.py:840} INFO - DAG(s) 'model_rollback' retrieved from /opt/airflow/dags/model_rollback_dag.py
[2025-08-14T23:54:47.130+0000] {logging_mixin.py:188} INFO - [2025-08-14T23:54:47.129+0000] {dag.py:3096} INFO - Sync 1 DAGs
[2025-08-14T23:54:47.150+0000] {logging_mixin.py:188} INFO - [2025-08-14T23:54:47.149+0000] {dag.py:3954} INFO - Setting next_dagrun for model_rollback to None, run_after=None
[2025-08-14T23:54:47.176+0000] {processor.py:183} INFO - Processing /opt/airflow/dags/model_rollback_dag.py took 1.297 seconds
[2025-08-14T23:55:18.047+0000] {processor.py:161} INFO - Started process (PID=496) to work on /opt/airflow/dags/model_rollback_dag.py
[2025-08-14T23:55:18.049+0000] {processor.py:830} INFO - Processing file /opt/airflow/dags/model_rollback_dag.py for tasks to queue
[2025-08-14T23:55:18.052+0000] {logging_mixin.py:188} INFO - [2025-08-14T23:55:18.052+0000] {dagbag.py:545} INFO - Filling up the DagBag from /opt/airflow/dags/model_rollback_dag.py
[2025-08-14T23:55:19.418+0000] {processor.py:840} INFO - DAG(s) 'model_rollback' retrieved from /opt/airflow/dags/model_rollback_dag.py
[2025-08-14T23:55:19.453+0000] {logging_mixin.py:188} INFO - [2025-08-14T23:55:19.452+0000] {dag.py:3096} INFO - Sync 1 DAGs
[2025-08-14T23:55:19.478+0000] {logging_mixin.py:188} INFO - [2025-08-14T23:55:19.478+0000] {dag.py:3954} INFO - Setting next_dagrun for model_rollback to None, run_after=None
[2025-08-14T23:55:19.509+0000] {processor.py:183} INFO - Processing /opt/airflow/dags/model_rollback_dag.py took 1.473 seconds
[2025-08-14T23:55:50.165+0000] {processor.py:161} INFO - Started process (PID=532) to work on /opt/airflow/dags/model_rollback_dag.py
[2025-08-14T23:55:50.166+0000] {processor.py:830} INFO - Processing file /opt/airflow/dags/model_rollback_dag.py for tasks to queue
[2025-08-14T23:55:50.170+0000] {logging_mixin.py:188} INFO - [2025-08-14T23:55:50.170+0000] {dagbag.py:545} INFO - Filling up the DagBag from /opt/airflow/dags/model_rollback_dag.py
[2025-08-14T23:55:51.367+0000] {processor.py:840} INFO - DAG(s) 'model_rollback' retrieved from /opt/airflow/dags/model_rollback_dag.py
[2025-08-14T23:55:51.395+0000] {logging_mixin.py:188} INFO - [2025-08-14T23:55:51.394+0000] {dag.py:3096} INFO - Sync 1 DAGs
[2025-08-14T23:55:51.409+0000] {logging_mixin.py:188} INFO - [2025-08-14T23:55:51.409+0000] {dag.py:3954} INFO - Setting next_dagrun for model_rollback to None, run_after=None
[2025-08-14T23:55:51.432+0000] {processor.py:183} INFO - Processing /opt/airflow/dags/model_rollback_dag.py took 1.278 seconds
[2025-08-14T23:56:21.922+0000] {processor.py:161} INFO - Started process (PID=567) to work on /opt/airflow/dags/model_rollback_dag.py
[2025-08-14T23:56:21.924+0000] {processor.py:830} INFO - Processing file /opt/airflow/dags/model_rollback_dag.py for tasks to queue
[2025-08-14T23:56:21.926+0000] {logging_mixin.py:188} INFO - [2025-08-14T23:56:21.926+0000] {dagbag.py:545} INFO - Filling up the DagBag from /opt/airflow/dags/model_rollback_dag.py
[2025-08-14T23:56:23.119+0000] {processor.py:840} INFO - DAG(s) 'model_rollback' retrieved from /opt/airflow/dags/model_rollback_dag.py
[2025-08-14T23:56:23.148+0000] {logging_mixin.py:188} INFO - [2025-08-14T23:56:23.147+0000] {dag.py:3096} INFO - Sync 1 DAGs
[2025-08-14T23:56:23.162+0000] {logging_mixin.py:188} INFO - [2025-08-14T23:56:23.162+0000] {dag.py:3954} INFO - Setting next_dagrun for model_rollback to None, run_after=None
[2025-08-14T23:56:23.187+0000] {processor.py:183} INFO - Processing /opt/airflow/dags/model_rollback_dag.py took 1.276 seconds
[2025-08-14T23:56:53.579+0000] {processor.py:161} INFO - Started process (PID=602) to work on /opt/airflow/dags/model_rollback_dag.py
[2025-08-14T23:56:53.581+0000] {processor.py:830} INFO - Processing file /opt/airflow/dags/model_rollback_dag.py for tasks to queue
[2025-08-14T23:56:53.583+0000] {logging_mixin.py:188} INFO - [2025-08-14T23:56:53.583+0000] {dagbag.py:545} INFO - Filling up the DagBag from /opt/airflow/dags/model_rollback_dag.py
[2025-08-14T23:56:54.803+0000] {processor.py:840} INFO - DAG(s) 'model_rollback' retrieved from /opt/airflow/dags/model_rollback_dag.py
[2025-08-14T23:56:54.833+0000] {logging_mixin.py:188} INFO - [2025-08-14T23:56:54.831+0000] {dag.py:3096} INFO - Sync 1 DAGs
[2025-08-14T23:56:54.852+0000] {logging_mixin.py:188} INFO - [2025-08-14T23:56:54.851+0000] {dag.py:3954} INFO - Setting next_dagrun for model_rollback to None, run_after=None
[2025-08-14T23:56:54.881+0000] {processor.py:183} INFO - Processing /opt/airflow/dags/model_rollback_dag.py took 1.311 seconds
[2025-08-14T23:57:25.362+0000] {processor.py:161} INFO - Started process (PID=637) to work on /opt/airflow/dags/model_rollback_dag.py
[2025-08-14T23:57:25.363+0000] {processor.py:830} INFO - Processing file /opt/airflow/dags/model_rollback_dag.py for tasks to queue
[2025-08-14T23:57:25.366+0000] {logging_mixin.py:188} INFO - [2025-08-14T23:57:25.366+0000] {dagbag.py:545} INFO - Filling up the DagBag from /opt/airflow/dags/model_rollback_dag.py
[2025-08-14T23:57:26.593+0000] {processor.py:840} INFO - DAG(s) 'model_rollback' retrieved from /opt/airflow/dags/model_rollback_dag.py
[2025-08-14T23:57:26.625+0000] {logging_mixin.py:188} INFO - [2025-08-14T23:57:26.625+0000] {dag.py:3096} INFO - Sync 1 DAGs
[2025-08-14T23:57:26.647+0000] {logging_mixin.py:188} INFO - [2025-08-14T23:57:26.646+0000] {dag.py:3954} INFO - Setting next_dagrun for model_rollback to None, run_after=None
[2025-08-14T23:57:26.671+0000] {processor.py:183} INFO - Processing /opt/airflow/dags/model_rollback_dag.py took 1.319 seconds
[2025-08-14T23:57:56.922+0000] {processor.py:161} INFO - Started process (PID=672) to work on /opt/airflow/dags/model_rollback_dag.py
[2025-08-14T23:57:56.924+0000] {processor.py:830} INFO - Processing file /opt/airflow/dags/model_rollback_dag.py for tasks to queue
[2025-08-14T23:57:56.927+0000] {logging_mixin.py:188} INFO - [2025-08-14T23:57:56.926+0000] {dagbag.py:545} INFO - Filling up the DagBag from /opt/airflow/dags/model_rollback_dag.py
[2025-08-14T23:57:58.346+0000] {processor.py:840} INFO - DAG(s) 'model_rollback' retrieved from /opt/airflow/dags/model_rollback_dag.py
[2025-08-14T23:57:58.408+0000] {logging_mixin.py:188} INFO - [2025-08-14T23:57:58.407+0000] {dag.py:3096} INFO - Sync 1 DAGs
[2025-08-14T23:57:58.457+0000] {logging_mixin.py:188} INFO - [2025-08-14T23:57:58.456+0000] {dag.py:3954} INFO - Setting next_dagrun for model_rollback to None, run_after=None
[2025-08-14T23:57:58.514+0000] {processor.py:183} INFO - Processing /opt/airflow/dags/model_rollback_dag.py took 1.603 seconds
[2025-08-14T23:58:28.600+0000] {processor.py:161} INFO - Started process (PID=707) to work on /opt/airflow/dags/model_rollback_dag.py
[2025-08-14T23:58:28.602+0000] {processor.py:830} INFO - Processing file /opt/airflow/dags/model_rollback_dag.py for tasks to queue
[2025-08-14T23:58:28.604+0000] {logging_mixin.py:188} INFO - [2025-08-14T23:58:28.604+0000] {dagbag.py:545} INFO - Filling up the DagBag from /opt/airflow/dags/model_rollback_dag.py
[2025-08-14T23:58:29.815+0000] {processor.py:840} INFO - DAG(s) 'model_rollback' retrieved from /opt/airflow/dags/model_rollback_dag.py
[2025-08-14T23:58:29.848+0000] {logging_mixin.py:188} INFO - [2025-08-14T23:58:29.847+0000] {dag.py:3096} INFO - Sync 1 DAGs
[2025-08-14T23:58:29.866+0000] {logging_mixin.py:188} INFO - [2025-08-14T23:58:29.866+0000] {dag.py:3954} INFO - Setting next_dagrun for model_rollback to None, run_after=None
[2025-08-14T23:58:29.890+0000] {processor.py:183} INFO - Processing /opt/airflow/dags/model_rollback_dag.py took 1.300 seconds
[2025-08-14T23:59:00.436+0000] {processor.py:161} INFO - Started process (PID=743) to work on /opt/airflow/dags/model_rollback_dag.py
[2025-08-14T23:59:00.438+0000] {processor.py:830} INFO - Processing file /opt/airflow/dags/model_rollback_dag.py for tasks to queue
[2025-08-14T23:59:00.441+0000] {logging_mixin.py:188} INFO - [2025-08-14T23:59:00.440+0000] {dagbag.py:545} INFO - Filling up the DagBag from /opt/airflow/dags/model_rollback_dag.py
[2025-08-14T23:59:01.681+0000] {processor.py:840} INFO - DAG(s) 'model_rollback' retrieved from /opt/airflow/dags/model_rollback_dag.py
[2025-08-14T23:59:01.709+0000] {logging_mixin.py:188} INFO - [2025-08-14T23:59:01.708+0000] {dag.py:3096} INFO - Sync 1 DAGs
[2025-08-14T23:59:01.724+0000] {logging_mixin.py:188} INFO - [2025-08-14T23:59:01.724+0000] {dag.py:3954} INFO - Setting next_dagrun for model_rollback to None, run_after=None
[2025-08-14T23:59:01.745+0000] {processor.py:183} INFO - Processing /opt/airflow/dags/model_rollback_dag.py took 1.318 seconds
[2025-08-14T23:59:32.122+0000] {processor.py:161} INFO - Started process (PID=778) to work on /opt/airflow/dags/model_rollback_dag.py
[2025-08-14T23:59:32.124+0000] {processor.py:830} INFO - Processing file /opt/airflow/dags/model_rollback_dag.py for tasks to queue
[2025-08-14T23:59:32.127+0000] {logging_mixin.py:188} INFO - [2025-08-14T23:59:32.126+0000] {dagbag.py:545} INFO - Filling up the DagBag from /opt/airflow/dags/model_rollback_dag.py
[2025-08-14T23:59:33.528+0000] {processor.py:840} INFO - DAG(s) 'model_rollback' retrieved from /opt/airflow/dags/model_rollback_dag.py
[2025-08-14T23:59:33.561+0000] {logging_mixin.py:188} INFO - [2025-08-14T23:59:33.561+0000] {dag.py:3096} INFO - Sync 1 DAGs
[2025-08-14T23:59:33.579+0000] {logging_mixin.py:188} INFO - [2025-08-14T23:59:33.579+0000] {dag.py:3954} INFO - Setting next_dagrun for model_rollback to None, run_after=None
[2025-08-14T23:59:33.602+0000] {processor.py:183} INFO - Processing /opt/airflow/dags/model_rollback_dag.py took 1.491 seconds
