[2025-08-14T23:30:18.119+0000] {processor.py:161} INFO - Started process (PID=68) to work on /opt/airflow/dags/train_pipeline_dag.py
[2025-08-14T23:30:18.121+0000] {processor.py:830} INFO - Processing file /opt/airflow/dags/train_pipeline_dag.py for tasks to queue
[2025-08-14T23:30:18.125+0000] {logging_mixin.py:188} INFO - [2025-08-14T23:30:18.124+0000] {dagbag.py:545} INFO - Filling up the DagBag from /opt/airflow/dags/train_pipeline_dag.py
[2025-08-14T23:30:18.166+0000] {processor.py:840} INFO - DAG(s) 'ml_pipeline_dvc' retrieved from /opt/airflow/dags/train_pipeline_dag.py
[2025-08-14T23:30:19.535+0000] {logging_mixin.py:188} INFO - [2025-08-14T23:30:19.534+0000] {dag.py:3096} INFO - Sync 1 DAGs
[2025-08-14T23:30:19.574+0000] {logging_mixin.py:188} INFO - [2025-08-14T23:30:19.574+0000] {dag.py:3954} INFO - Setting next_dagrun for ml_pipeline_dvc to None, run_after=None
[2025-08-14T23:30:19.687+0000] {processor.py:183} INFO - Processing /opt/airflow/dags/train_pipeline_dag.py took 1.579 seconds
[2025-08-14T23:30:49.764+0000] {processor.py:161} INFO - Started process (PID=104) to work on /opt/airflow/dags/train_pipeline_dag.py
[2025-08-14T23:30:49.766+0000] {processor.py:830} INFO - Processing file /opt/airflow/dags/train_pipeline_dag.py for tasks to queue
[2025-08-14T23:30:49.770+0000] {logging_mixin.py:188} INFO - [2025-08-14T23:30:49.769+0000] {dagbag.py:545} INFO - Filling up the DagBag from /opt/airflow/dags/train_pipeline_dag.py
[2025-08-14T23:30:49.788+0000] {processor.py:840} INFO - DAG(s) 'ml_pipeline_dvc' retrieved from /opt/airflow/dags/train_pipeline_dag.py
[2025-08-14T23:30:49.960+0000] {logging_mixin.py:188} INFO - [2025-08-14T23:30:49.960+0000] {dag.py:3096} INFO - Sync 1 DAGs
[2025-08-14T23:30:49.975+0000] {logging_mixin.py:188} INFO - [2025-08-14T23:30:49.975+0000] {dag.py:3954} INFO - Setting next_dagrun for ml_pipeline_dvc to None, run_after=None
[2025-08-14T23:30:50.002+0000] {processor.py:183} INFO - Processing /opt/airflow/dags/train_pipeline_dag.py took 0.253 seconds
[2025-08-14T23:31:20.270+0000] {processor.py:161} INFO - Started process (PID=140) to work on /opt/airflow/dags/train_pipeline_dag.py
[2025-08-14T23:31:20.272+0000] {processor.py:830} INFO - Processing file /opt/airflow/dags/train_pipeline_dag.py for tasks to queue
[2025-08-14T23:31:20.275+0000] {logging_mixin.py:188} INFO - [2025-08-14T23:31:20.274+0000] {dagbag.py:545} INFO - Filling up the DagBag from /opt/airflow/dags/train_pipeline_dag.py
[2025-08-14T23:31:20.291+0000] {processor.py:840} INFO - DAG(s) 'ml_pipeline_dvc' retrieved from /opt/airflow/dags/train_pipeline_dag.py
[2025-08-14T23:31:20.471+0000] {logging_mixin.py:188} INFO - [2025-08-14T23:31:20.470+0000] {dag.py:3096} INFO - Sync 1 DAGs
[2025-08-14T23:31:20.484+0000] {logging_mixin.py:188} INFO - [2025-08-14T23:31:20.484+0000] {dag.py:3954} INFO - Setting next_dagrun for ml_pipeline_dvc to None, run_after=None
[2025-08-14T23:31:20.507+0000] {processor.py:183} INFO - Processing /opt/airflow/dags/train_pipeline_dag.py took 0.245 seconds
[2025-08-14T23:31:50.796+0000] {processor.py:161} INFO - Started process (PID=175) to work on /opt/airflow/dags/train_pipeline_dag.py
[2025-08-14T23:31:50.798+0000] {processor.py:830} INFO - Processing file /opt/airflow/dags/train_pipeline_dag.py for tasks to queue
[2025-08-14T23:31:50.801+0000] {logging_mixin.py:188} INFO - [2025-08-14T23:31:50.800+0000] {dagbag.py:545} INFO - Filling up the DagBag from /opt/airflow/dags/train_pipeline_dag.py
[2025-08-14T23:31:50.820+0000] {processor.py:840} INFO - DAG(s) 'ml_pipeline_dvc' retrieved from /opt/airflow/dags/train_pipeline_dag.py
[2025-08-14T23:31:50.963+0000] {logging_mixin.py:188} INFO - [2025-08-14T23:31:50.963+0000] {dag.py:3096} INFO - Sync 1 DAGs
[2025-08-14T23:31:50.979+0000] {logging_mixin.py:188} INFO - [2025-08-14T23:31:50.978+0000] {dag.py:3954} INFO - Setting next_dagrun for ml_pipeline_dvc to None, run_after=None
[2025-08-14T23:31:51.001+0000] {processor.py:183} INFO - Processing /opt/airflow/dags/train_pipeline_dag.py took 0.217 seconds
[2025-08-14T23:32:21.322+0000] {processor.py:161} INFO - Started process (PID=210) to work on /opt/airflow/dags/train_pipeline_dag.py
[2025-08-14T23:32:21.324+0000] {processor.py:830} INFO - Processing file /opt/airflow/dags/train_pipeline_dag.py for tasks to queue
[2025-08-14T23:32:21.327+0000] {logging_mixin.py:188} INFO - [2025-08-14T23:32:21.327+0000] {dagbag.py:545} INFO - Filling up the DagBag from /opt/airflow/dags/train_pipeline_dag.py
[2025-08-14T23:32:21.344+0000] {processor.py:840} INFO - DAG(s) 'ml_pipeline_dvc' retrieved from /opt/airflow/dags/train_pipeline_dag.py
[2025-08-14T23:32:21.753+0000] {logging_mixin.py:188} INFO - [2025-08-14T23:32:21.752+0000] {dag.py:3096} INFO - Sync 1 DAGs
[2025-08-14T23:32:21.787+0000] {logging_mixin.py:188} INFO - [2025-08-14T23:32:21.786+0000] {dag.py:3954} INFO - Setting next_dagrun for ml_pipeline_dvc to None, run_after=None
[2025-08-14T23:32:21.838+0000] {processor.py:183} INFO - Processing /opt/airflow/dags/train_pipeline_dag.py took 0.525 seconds
[2025-08-14T23:32:51.937+0000] {processor.py:161} INFO - Started process (PID=245) to work on /opt/airflow/dags/train_pipeline_dag.py
[2025-08-14T23:32:51.939+0000] {processor.py:830} INFO - Processing file /opt/airflow/dags/train_pipeline_dag.py for tasks to queue
[2025-08-14T23:32:51.944+0000] {logging_mixin.py:188} INFO - [2025-08-14T23:32:51.943+0000] {dagbag.py:545} INFO - Filling up the DagBag from /opt/airflow/dags/train_pipeline_dag.py
[2025-08-14T23:32:51.968+0000] {processor.py:840} INFO - DAG(s) 'ml_pipeline_dvc' retrieved from /opt/airflow/dags/train_pipeline_dag.py
[2025-08-14T23:32:52.337+0000] {logging_mixin.py:188} INFO - [2025-08-14T23:32:52.336+0000] {dag.py:3096} INFO - Sync 1 DAGs
[2025-08-14T23:32:52.376+0000] {logging_mixin.py:188} INFO - [2025-08-14T23:32:52.375+0000] {dag.py:3954} INFO - Setting next_dagrun for ml_pipeline_dvc to None, run_after=None
[2025-08-14T23:32:52.436+0000] {processor.py:183} INFO - Processing /opt/airflow/dags/train_pipeline_dag.py took 0.512 seconds
[2025-08-14T23:33:11.683+0000] {processor.py:161} INFO - Started process (PID=246) to work on /opt/airflow/dags/train_pipeline_dag.py
[2025-08-14T23:33:11.688+0000] {processor.py:830} INFO - Processing file /opt/airflow/dags/train_pipeline_dag.py for tasks to queue
[2025-08-14T23:33:11.692+0000] {logging_mixin.py:188} INFO - [2025-08-14T23:33:11.691+0000] {dagbag.py:545} INFO - Filling up the DagBag from /opt/airflow/dags/train_pipeline_dag.py
[2025-08-14T23:33:11.723+0000] {processor.py:840} INFO - DAG(s) 'ml_pipeline_dvc' retrieved from /opt/airflow/dags/train_pipeline_dag.py
[2025-08-14T23:33:11.756+0000] {logging_mixin.py:188} INFO - [2025-08-14T23:33:11.756+0000] {dag.py:3096} INFO - Sync 1 DAGs
[2025-08-14T23:33:11.783+0000] {logging_mixin.py:188} INFO - [2025-08-14T23:33:11.783+0000] {dag.py:3954} INFO - Setting next_dagrun for ml_pipeline_dvc to None, run_after=None
[2025-08-14T23:33:11.830+0000] {processor.py:183} INFO - Processing /opt/airflow/dags/train_pipeline_dag.py took 0.171 seconds
[2025-08-14T23:33:42.587+0000] {processor.py:161} INFO - Started process (PID=281) to work on /opt/airflow/dags/train_pipeline_dag.py
[2025-08-14T23:33:42.588+0000] {processor.py:830} INFO - Processing file /opt/airflow/dags/train_pipeline_dag.py for tasks to queue
[2025-08-14T23:33:42.592+0000] {logging_mixin.py:188} INFO - [2025-08-14T23:33:42.591+0000] {dagbag.py:545} INFO - Filling up the DagBag from /opt/airflow/dags/train_pipeline_dag.py
[2025-08-14T23:33:42.609+0000] {processor.py:840} INFO - DAG(s) 'ml_pipeline_dvc' retrieved from /opt/airflow/dags/train_pipeline_dag.py
[2025-08-14T23:33:42.761+0000] {logging_mixin.py:188} INFO - [2025-08-14T23:33:42.760+0000] {dag.py:3096} INFO - Sync 1 DAGs
[2025-08-14T23:33:42.774+0000] {logging_mixin.py:188} INFO - [2025-08-14T23:33:42.774+0000] {dag.py:3954} INFO - Setting next_dagrun for ml_pipeline_dvc to None, run_after=None
[2025-08-14T23:33:42.801+0000] {processor.py:183} INFO - Processing /opt/airflow/dags/train_pipeline_dag.py took 0.224 seconds
[2025-08-14T23:34:13.500+0000] {processor.py:161} INFO - Started process (PID=316) to work on /opt/airflow/dags/train_pipeline_dag.py
[2025-08-14T23:34:13.502+0000] {processor.py:830} INFO - Processing file /opt/airflow/dags/train_pipeline_dag.py for tasks to queue
[2025-08-14T23:34:13.505+0000] {logging_mixin.py:188} INFO - [2025-08-14T23:34:13.504+0000] {dagbag.py:545} INFO - Filling up the DagBag from /opt/airflow/dags/train_pipeline_dag.py
[2025-08-14T23:34:13.526+0000] {processor.py:840} INFO - DAG(s) 'ml_pipeline_dvc' retrieved from /opt/airflow/dags/train_pipeline_dag.py
[2025-08-14T23:34:13.818+0000] {logging_mixin.py:188} INFO - [2025-08-14T23:34:13.817+0000] {dag.py:3096} INFO - Sync 1 DAGs
[2025-08-14T23:34:13.839+0000] {logging_mixin.py:188} INFO - [2025-08-14T23:34:13.839+0000] {dag.py:3954} INFO - Setting next_dagrun for ml_pipeline_dvc to None, run_after=None
[2025-08-14T23:34:13.864+0000] {processor.py:183} INFO - Processing /opt/airflow/dags/train_pipeline_dag.py took 0.373 seconds
[2025-08-14T23:34:44.861+0000] {processor.py:161} INFO - Started process (PID=350) to work on /opt/airflow/dags/train_pipeline_dag.py
[2025-08-14T23:34:44.864+0000] {processor.py:830} INFO - Processing file /opt/airflow/dags/train_pipeline_dag.py for tasks to queue
[2025-08-14T23:34:44.867+0000] {logging_mixin.py:188} INFO - [2025-08-14T23:34:44.867+0000] {dagbag.py:545} INFO - Filling up the DagBag from /opt/airflow/dags/train_pipeline_dag.py
[2025-08-14T23:34:44.887+0000] {processor.py:840} INFO - DAG(s) 'ml_pipeline_dvc' retrieved from /opt/airflow/dags/train_pipeline_dag.py
[2025-08-14T23:34:45.063+0000] {logging_mixin.py:188} INFO - [2025-08-14T23:34:45.063+0000] {dag.py:3096} INFO - Sync 1 DAGs
[2025-08-14T23:34:45.082+0000] {logging_mixin.py:188} INFO - [2025-08-14T23:34:45.082+0000] {dag.py:3954} INFO - Setting next_dagrun for ml_pipeline_dvc to None, run_after=None
[2025-08-14T23:34:45.105+0000] {processor.py:183} INFO - Processing /opt/airflow/dags/train_pipeline_dag.py took 0.256 seconds
[2025-08-14T23:35:15.164+0000] {processor.py:161} INFO - Started process (PID=385) to work on /opt/airflow/dags/train_pipeline_dag.py
[2025-08-14T23:35:15.166+0000] {processor.py:830} INFO - Processing file /opt/airflow/dags/train_pipeline_dag.py for tasks to queue
[2025-08-14T23:35:15.170+0000] {logging_mixin.py:188} INFO - [2025-08-14T23:35:15.169+0000] {dagbag.py:545} INFO - Filling up the DagBag from /opt/airflow/dags/train_pipeline_dag.py
[2025-08-14T23:35:15.190+0000] {processor.py:840} INFO - DAG(s) 'ml_pipeline_dvc' retrieved from /opt/airflow/dags/train_pipeline_dag.py
[2025-08-14T23:35:15.440+0000] {logging_mixin.py:188} INFO - [2025-08-14T23:35:15.439+0000] {dag.py:3096} INFO - Sync 1 DAGs
[2025-08-14T23:35:15.463+0000] {logging_mixin.py:188} INFO - [2025-08-14T23:35:15.461+0000] {dag.py:3954} INFO - Setting next_dagrun for ml_pipeline_dvc to None, run_after=None
[2025-08-14T23:35:15.496+0000] {processor.py:183} INFO - Processing /opt/airflow/dags/train_pipeline_dag.py took 0.347 seconds
[2025-08-14T23:35:45.700+0000] {processor.py:161} INFO - Started process (PID=420) to work on /opt/airflow/dags/train_pipeline_dag.py
[2025-08-14T23:35:45.702+0000] {processor.py:830} INFO - Processing file /opt/airflow/dags/train_pipeline_dag.py for tasks to queue
[2025-08-14T23:35:45.705+0000] {logging_mixin.py:188} INFO - [2025-08-14T23:35:45.705+0000] {dagbag.py:545} INFO - Filling up the DagBag from /opt/airflow/dags/train_pipeline_dag.py
[2025-08-14T23:35:45.723+0000] {processor.py:840} INFO - DAG(s) 'ml_pipeline_dvc' retrieved from /opt/airflow/dags/train_pipeline_dag.py
[2025-08-14T23:35:45.904+0000] {logging_mixin.py:188} INFO - [2025-08-14T23:35:45.904+0000] {dag.py:3096} INFO - Sync 1 DAGs
[2025-08-14T23:35:45.923+0000] {logging_mixin.py:188} INFO - [2025-08-14T23:35:45.922+0000] {dag.py:3954} INFO - Setting next_dagrun for ml_pipeline_dvc to None, run_after=None
[2025-08-14T23:35:45.952+0000] {processor.py:183} INFO - Processing /opt/airflow/dags/train_pipeline_dag.py took 0.261 seconds
[2025-08-14T23:36:16.121+0000] {processor.py:161} INFO - Started process (PID=455) to work on /opt/airflow/dags/train_pipeline_dag.py
[2025-08-14T23:36:16.123+0000] {processor.py:830} INFO - Processing file /opt/airflow/dags/train_pipeline_dag.py for tasks to queue
[2025-08-14T23:36:16.126+0000] {logging_mixin.py:188} INFO - [2025-08-14T23:36:16.126+0000] {dagbag.py:545} INFO - Filling up the DagBag from /opt/airflow/dags/train_pipeline_dag.py
[2025-08-14T23:36:16.141+0000] {processor.py:840} INFO - DAG(s) 'ml_pipeline_dvc' retrieved from /opt/airflow/dags/train_pipeline_dag.py
[2025-08-14T23:36:16.283+0000] {logging_mixin.py:188} INFO - [2025-08-14T23:36:16.283+0000] {dag.py:3096} INFO - Sync 1 DAGs
[2025-08-14T23:36:16.298+0000] {logging_mixin.py:188} INFO - [2025-08-14T23:36:16.297+0000] {dag.py:3954} INFO - Setting next_dagrun for ml_pipeline_dvc to None, run_after=None
[2025-08-14T23:36:16.323+0000] {processor.py:183} INFO - Processing /opt/airflow/dags/train_pipeline_dag.py took 0.211 seconds
[2025-08-14T23:36:46.678+0000] {processor.py:161} INFO - Started process (PID=490) to work on /opt/airflow/dags/train_pipeline_dag.py
[2025-08-14T23:36:46.680+0000] {processor.py:830} INFO - Processing file /opt/airflow/dags/train_pipeline_dag.py for tasks to queue
[2025-08-14T23:36:46.684+0000] {logging_mixin.py:188} INFO - [2025-08-14T23:36:46.684+0000] {dagbag.py:545} INFO - Filling up the DagBag from /opt/airflow/dags/train_pipeline_dag.py
[2025-08-14T23:36:46.703+0000] {processor.py:840} INFO - DAG(s) 'ml_pipeline_dvc' retrieved from /opt/airflow/dags/train_pipeline_dag.py
[2025-08-14T23:36:46.903+0000] {logging_mixin.py:188} INFO - [2025-08-14T23:36:46.902+0000] {dag.py:3096} INFO - Sync 1 DAGs
[2025-08-14T23:36:46.923+0000] {logging_mixin.py:188} INFO - [2025-08-14T23:36:46.923+0000] {dag.py:3954} INFO - Setting next_dagrun for ml_pipeline_dvc to None, run_after=None
[2025-08-14T23:36:46.965+0000] {processor.py:183} INFO - Processing /opt/airflow/dags/train_pipeline_dag.py took 0.296 seconds
[2025-08-14T23:37:17.478+0000] {processor.py:161} INFO - Started process (PID=513) to work on /opt/airflow/dags/train_pipeline_dag.py
[2025-08-14T23:37:17.480+0000] {processor.py:830} INFO - Processing file /opt/airflow/dags/train_pipeline_dag.py for tasks to queue
[2025-08-14T23:37:17.484+0000] {logging_mixin.py:188} INFO - [2025-08-14T23:37:17.483+0000] {dagbag.py:545} INFO - Filling up the DagBag from /opt/airflow/dags/train_pipeline_dag.py
[2025-08-14T23:37:17.501+0000] {processor.py:840} INFO - DAG(s) 'ml_pipeline_dvc' retrieved from /opt/airflow/dags/train_pipeline_dag.py
[2025-08-14T23:37:17.663+0000] {logging_mixin.py:188} INFO - [2025-08-14T23:37:17.663+0000] {dag.py:3096} INFO - Sync 1 DAGs
[2025-08-14T23:37:17.679+0000] {logging_mixin.py:188} INFO - [2025-08-14T23:37:17.679+0000] {dag.py:3954} INFO - Setting next_dagrun for ml_pipeline_dvc to None, run_after=None
[2025-08-14T23:37:17.704+0000] {processor.py:183} INFO - Processing /opt/airflow/dags/train_pipeline_dag.py took 0.239 seconds
[2025-08-14T23:37:47.889+0000] {processor.py:161} INFO - Started process (PID=549) to work on /opt/airflow/dags/train_pipeline_dag.py
[2025-08-14T23:37:47.892+0000] {processor.py:830} INFO - Processing file /opt/airflow/dags/train_pipeline_dag.py for tasks to queue
[2025-08-14T23:37:47.899+0000] {logging_mixin.py:188} INFO - [2025-08-14T23:37:47.898+0000] {dagbag.py:545} INFO - Filling up the DagBag from /opt/airflow/dags/train_pipeline_dag.py
[2025-08-14T23:37:47.929+0000] {processor.py:840} INFO - DAG(s) 'ml_pipeline_dvc' retrieved from /opt/airflow/dags/train_pipeline_dag.py
[2025-08-14T23:37:48.405+0000] {logging_mixin.py:188} INFO - [2025-08-14T23:37:48.404+0000] {dag.py:3096} INFO - Sync 1 DAGs
[2025-08-14T23:37:48.434+0000] {logging_mixin.py:188} INFO - [2025-08-14T23:37:48.433+0000] {dag.py:3954} INFO - Setting next_dagrun for ml_pipeline_dvc to None, run_after=None
[2025-08-14T23:37:48.483+0000] {processor.py:183} INFO - Processing /opt/airflow/dags/train_pipeline_dag.py took 0.613 seconds
[2025-08-14T23:38:18.566+0000] {processor.py:161} INFO - Started process (PID=583) to work on /opt/airflow/dags/train_pipeline_dag.py
[2025-08-14T23:38:18.568+0000] {processor.py:830} INFO - Processing file /opt/airflow/dags/train_pipeline_dag.py for tasks to queue
[2025-08-14T23:38:18.571+0000] {logging_mixin.py:188} INFO - [2025-08-14T23:38:18.571+0000] {dagbag.py:545} INFO - Filling up the DagBag from /opt/airflow/dags/train_pipeline_dag.py
[2025-08-14T23:38:18.586+0000] {processor.py:840} INFO - DAG(s) 'ml_pipeline_dvc' retrieved from /opt/airflow/dags/train_pipeline_dag.py
[2025-08-14T23:38:18.738+0000] {logging_mixin.py:188} INFO - [2025-08-14T23:38:18.737+0000] {dag.py:3096} INFO - Sync 1 DAGs
[2025-08-14T23:38:18.752+0000] {logging_mixin.py:188} INFO - [2025-08-14T23:38:18.752+0000] {dag.py:3954} INFO - Setting next_dagrun for ml_pipeline_dvc to None, run_after=None
[2025-08-14T23:38:18.775+0000] {processor.py:183} INFO - Processing /opt/airflow/dags/train_pipeline_dag.py took 0.219 seconds
[2025-08-14T23:38:49.176+0000] {processor.py:161} INFO - Started process (PID=609) to work on /opt/airflow/dags/train_pipeline_dag.py
[2025-08-14T23:38:49.178+0000] {processor.py:830} INFO - Processing file /opt/airflow/dags/train_pipeline_dag.py for tasks to queue
[2025-08-14T23:38:49.181+0000] {logging_mixin.py:188} INFO - [2025-08-14T23:38:49.181+0000] {dagbag.py:545} INFO - Filling up the DagBag from /opt/airflow/dags/train_pipeline_dag.py
[2025-08-14T23:38:49.199+0000] {processor.py:840} INFO - DAG(s) 'ml_pipeline_dvc' retrieved from /opt/airflow/dags/train_pipeline_dag.py
[2025-08-14T23:38:49.374+0000] {logging_mixin.py:188} INFO - [2025-08-14T23:38:49.374+0000] {dag.py:3096} INFO - Sync 1 DAGs
[2025-08-14T23:38:49.388+0000] {logging_mixin.py:188} INFO - [2025-08-14T23:38:49.387+0000] {dag.py:3954} INFO - Setting next_dagrun for ml_pipeline_dvc to None, run_after=None
[2025-08-14T23:38:49.411+0000] {processor.py:183} INFO - Processing /opt/airflow/dags/train_pipeline_dag.py took 0.246 seconds
[2025-08-14T23:39:19.815+0000] {processor.py:161} INFO - Started process (PID=643) to work on /opt/airflow/dags/train_pipeline_dag.py
[2025-08-14T23:39:19.819+0000] {processor.py:830} INFO - Processing file /opt/airflow/dags/train_pipeline_dag.py for tasks to queue
[2025-08-14T23:39:19.826+0000] {logging_mixin.py:188} INFO - [2025-08-14T23:39:19.825+0000] {dagbag.py:545} INFO - Filling up the DagBag from /opt/airflow/dags/train_pipeline_dag.py
[2025-08-14T23:39:19.921+0000] {processor.py:840} INFO - DAG(s) 'ml_pipeline_dvc' retrieved from /opt/airflow/dags/train_pipeline_dag.py
[2025-08-14T23:39:20.394+0000] {logging_mixin.py:188} INFO - [2025-08-14T23:39:20.394+0000] {dag.py:3096} INFO - Sync 1 DAGs
[2025-08-14T23:39:20.431+0000] {logging_mixin.py:188} INFO - [2025-08-14T23:39:20.430+0000] {dag.py:3954} INFO - Setting next_dagrun for ml_pipeline_dvc to None, run_after=None
[2025-08-14T23:39:20.502+0000] {processor.py:183} INFO - Processing /opt/airflow/dags/train_pipeline_dag.py took 0.718 seconds
[2025-08-14T23:39:51.501+0000] {processor.py:161} INFO - Started process (PID=681) to work on /opt/airflow/dags/train_pipeline_dag.py
[2025-08-14T23:39:51.503+0000] {processor.py:830} INFO - Processing file /opt/airflow/dags/train_pipeline_dag.py for tasks to queue
[2025-08-14T23:39:51.506+0000] {logging_mixin.py:188} INFO - [2025-08-14T23:39:51.506+0000] {dagbag.py:545} INFO - Filling up the DagBag from /opt/airflow/dags/train_pipeline_dag.py
[2025-08-14T23:39:51.523+0000] {processor.py:840} INFO - DAG(s) 'ml_pipeline_dvc' retrieved from /opt/airflow/dags/train_pipeline_dag.py
[2025-08-14T23:39:51.677+0000] {logging_mixin.py:188} INFO - [2025-08-14T23:39:51.676+0000] {dag.py:3096} INFO - Sync 1 DAGs
[2025-08-14T23:39:51.693+0000] {logging_mixin.py:188} INFO - [2025-08-14T23:39:51.692+0000] {dag.py:3954} INFO - Setting next_dagrun for ml_pipeline_dvc to None, run_after=None
[2025-08-14T23:39:51.717+0000] {processor.py:183} INFO - Processing /opt/airflow/dags/train_pipeline_dag.py took 0.227 seconds
[2025-08-14T23:40:22.250+0000] {processor.py:161} INFO - Started process (PID=716) to work on /opt/airflow/dags/train_pipeline_dag.py
[2025-08-14T23:40:22.252+0000] {processor.py:830} INFO - Processing file /opt/airflow/dags/train_pipeline_dag.py for tasks to queue
[2025-08-14T23:40:22.255+0000] {logging_mixin.py:188} INFO - [2025-08-14T23:40:22.255+0000] {dagbag.py:545} INFO - Filling up the DagBag from /opt/airflow/dags/train_pipeline_dag.py
[2025-08-14T23:40:22.271+0000] {processor.py:840} INFO - DAG(s) 'ml_pipeline_dvc' retrieved from /opt/airflow/dags/train_pipeline_dag.py
[2025-08-14T23:40:22.423+0000] {logging_mixin.py:188} INFO - [2025-08-14T23:40:22.422+0000] {dag.py:3096} INFO - Sync 1 DAGs
[2025-08-14T23:40:22.436+0000] {logging_mixin.py:188} INFO - [2025-08-14T23:40:22.436+0000] {dag.py:3954} INFO - Setting next_dagrun for ml_pipeline_dvc to None, run_after=None
[2025-08-14T23:40:22.459+0000] {processor.py:183} INFO - Processing /opt/airflow/dags/train_pipeline_dag.py took 0.219 seconds
[2025-08-14T23:40:52.776+0000] {processor.py:161} INFO - Started process (PID=751) to work on /opt/airflow/dags/train_pipeline_dag.py
[2025-08-14T23:40:52.777+0000] {processor.py:830} INFO - Processing file /opt/airflow/dags/train_pipeline_dag.py for tasks to queue
[2025-08-14T23:40:52.781+0000] {logging_mixin.py:188} INFO - [2025-08-14T23:40:52.781+0000] {dagbag.py:545} INFO - Filling up the DagBag from /opt/airflow/dags/train_pipeline_dag.py
[2025-08-14T23:40:52.802+0000] {processor.py:840} INFO - DAG(s) 'ml_pipeline_dvc' retrieved from /opt/airflow/dags/train_pipeline_dag.py
[2025-08-14T23:40:53.019+0000] {logging_mixin.py:188} INFO - [2025-08-14T23:40:53.019+0000] {dag.py:3096} INFO - Sync 1 DAGs
[2025-08-14T23:40:53.036+0000] {logging_mixin.py:188} INFO - [2025-08-14T23:40:53.036+0000] {dag.py:3954} INFO - Setting next_dagrun for ml_pipeline_dvc to None, run_after=None
[2025-08-14T23:40:53.065+0000] {processor.py:183} INFO - Processing /opt/airflow/dags/train_pipeline_dag.py took 0.303 seconds
[2025-08-14T23:41:23.410+0000] {processor.py:161} INFO - Started process (PID=786) to work on /opt/airflow/dags/train_pipeline_dag.py
[2025-08-14T23:41:23.412+0000] {processor.py:830} INFO - Processing file /opt/airflow/dags/train_pipeline_dag.py for tasks to queue
[2025-08-14T23:41:23.416+0000] {logging_mixin.py:188} INFO - [2025-08-14T23:41:23.415+0000] {dagbag.py:545} INFO - Filling up the DagBag from /opt/airflow/dags/train_pipeline_dag.py
[2025-08-14T23:41:23.434+0000] {processor.py:840} INFO - DAG(s) 'ml_pipeline_dvc' retrieved from /opt/airflow/dags/train_pipeline_dag.py
[2025-08-14T23:41:23.609+0000] {logging_mixin.py:188} INFO - [2025-08-14T23:41:23.608+0000] {dag.py:3096} INFO - Sync 1 DAGs
[2025-08-14T23:41:23.623+0000] {logging_mixin.py:188} INFO - [2025-08-14T23:41:23.622+0000] {dag.py:3954} INFO - Setting next_dagrun for ml_pipeline_dvc to None, run_after=None
[2025-08-14T23:41:23.644+0000] {processor.py:183} INFO - Processing /opt/airflow/dags/train_pipeline_dag.py took 0.245 seconds
[2025-08-14T23:41:53.714+0000] {processor.py:161} INFO - Started process (PID=821) to work on /opt/airflow/dags/train_pipeline_dag.py
[2025-08-14T23:41:53.716+0000] {processor.py:830} INFO - Processing file /opt/airflow/dags/train_pipeline_dag.py for tasks to queue
[2025-08-14T23:41:53.722+0000] {logging_mixin.py:188} INFO - [2025-08-14T23:41:53.721+0000] {dagbag.py:545} INFO - Filling up the DagBag from /opt/airflow/dags/train_pipeline_dag.py
[2025-08-14T23:41:53.744+0000] {processor.py:840} INFO - DAG(s) 'ml_pipeline_dvc' retrieved from /opt/airflow/dags/train_pipeline_dag.py
[2025-08-14T23:41:53.939+0000] {logging_mixin.py:188} INFO - [2025-08-14T23:41:53.939+0000] {dag.py:3096} INFO - Sync 1 DAGs
[2025-08-14T23:41:53.957+0000] {logging_mixin.py:188} INFO - [2025-08-14T23:41:53.957+0000] {dag.py:3954} INFO - Setting next_dagrun for ml_pipeline_dvc to None, run_after=None
[2025-08-14T23:41:53.990+0000] {processor.py:183} INFO - Processing /opt/airflow/dags/train_pipeline_dag.py took 0.290 seconds
[2025-08-14T23:42:24.328+0000] {processor.py:161} INFO - Started process (PID=856) to work on /opt/airflow/dags/train_pipeline_dag.py
[2025-08-14T23:42:24.331+0000] {processor.py:830} INFO - Processing file /opt/airflow/dags/train_pipeline_dag.py for tasks to queue
[2025-08-14T23:42:24.334+0000] {logging_mixin.py:188} INFO - [2025-08-14T23:42:24.334+0000] {dagbag.py:545} INFO - Filling up the DagBag from /opt/airflow/dags/train_pipeline_dag.py
[2025-08-14T23:42:24.352+0000] {processor.py:840} INFO - DAG(s) 'ml_pipeline_dvc' retrieved from /opt/airflow/dags/train_pipeline_dag.py
[2025-08-14T23:42:24.520+0000] {logging_mixin.py:188} INFO - [2025-08-14T23:42:24.520+0000] {dag.py:3096} INFO - Sync 1 DAGs
[2025-08-14T23:42:24.534+0000] {logging_mixin.py:188} INFO - [2025-08-14T23:42:24.534+0000] {dag.py:3954} INFO - Setting next_dagrun for ml_pipeline_dvc to None, run_after=None
[2025-08-14T23:42:24.556+0000] {processor.py:183} INFO - Processing /opt/airflow/dags/train_pipeline_dag.py took 0.242 seconds
[2025-08-14T23:44:14.158+0000] {processor.py:161} INFO - Started process (PID=65) to work on /opt/airflow/dags/train_pipeline_dag.py
[2025-08-14T23:44:14.166+0000] {processor.py:830} INFO - Processing file /opt/airflow/dags/train_pipeline_dag.py for tasks to queue
[2025-08-14T23:44:14.176+0000] {logging_mixin.py:188} INFO - [2025-08-14T23:44:14.174+0000] {dagbag.py:545} INFO - Filling up the DagBag from /opt/airflow/dags/train_pipeline_dag.py
[2025-08-14T23:44:14.230+0000] {processor.py:840} INFO - DAG(s) 'ml_pipeline_dvc' retrieved from /opt/airflow/dags/train_pipeline_dag.py
[2025-08-14T23:44:14.744+0000] {logging_mixin.py:188} INFO - [2025-08-14T23:44:14.743+0000] {dag.py:3096} INFO - Sync 1 DAGs
[2025-08-14T23:44:14.768+0000] {logging_mixin.py:188} INFO - [2025-08-14T23:44:14.768+0000] {dag.py:3954} INFO - Setting next_dagrun for ml_pipeline_dvc to None, run_after=None
[2025-08-14T23:44:14.808+0000] {processor.py:183} INFO - Processing /opt/airflow/dags/train_pipeline_dag.py took 0.670 seconds
[2025-08-14T23:44:45.232+0000] {processor.py:161} INFO - Started process (PID=101) to work on /opt/airflow/dags/train_pipeline_dag.py
[2025-08-14T23:44:45.234+0000] {processor.py:830} INFO - Processing file /opt/airflow/dags/train_pipeline_dag.py for tasks to queue
[2025-08-14T23:44:45.237+0000] {logging_mixin.py:188} INFO - [2025-08-14T23:44:45.236+0000] {dagbag.py:545} INFO - Filling up the DagBag from /opt/airflow/dags/train_pipeline_dag.py
[2025-08-14T23:44:45.253+0000] {processor.py:840} INFO - DAG(s) 'ml_pipeline_dvc' retrieved from /opt/airflow/dags/train_pipeline_dag.py
[2025-08-14T23:44:45.401+0000] {logging_mixin.py:188} INFO - [2025-08-14T23:44:45.400+0000] {dag.py:3096} INFO - Sync 1 DAGs
[2025-08-14T23:44:45.414+0000] {logging_mixin.py:188} INFO - [2025-08-14T23:44:45.414+0000] {dag.py:3954} INFO - Setting next_dagrun for ml_pipeline_dvc to None, run_after=None
[2025-08-14T23:44:45.436+0000] {processor.py:183} INFO - Processing /opt/airflow/dags/train_pipeline_dag.py took 0.212 seconds
[2025-08-14T23:45:15.687+0000] {processor.py:161} INFO - Started process (PID=136) to work on /opt/airflow/dags/train_pipeline_dag.py
[2025-08-14T23:45:15.690+0000] {processor.py:830} INFO - Processing file /opt/airflow/dags/train_pipeline_dag.py for tasks to queue
[2025-08-14T23:45:15.695+0000] {logging_mixin.py:188} INFO - [2025-08-14T23:45:15.695+0000] {dagbag.py:545} INFO - Filling up the DagBag from /opt/airflow/dags/train_pipeline_dag.py
[2025-08-14T23:45:15.710+0000] {processor.py:840} INFO - DAG(s) 'ml_pipeline_dvc' retrieved from /opt/airflow/dags/train_pipeline_dag.py
[2025-08-14T23:45:15.877+0000] {logging_mixin.py:188} INFO - [2025-08-14T23:45:15.877+0000] {dag.py:3096} INFO - Sync 1 DAGs
[2025-08-14T23:45:15.892+0000] {logging_mixin.py:188} INFO - [2025-08-14T23:45:15.892+0000] {dag.py:3954} INFO - Setting next_dagrun for ml_pipeline_dvc to None, run_after=None
[2025-08-14T23:45:15.918+0000] {processor.py:183} INFO - Processing /opt/airflow/dags/train_pipeline_dag.py took 0.241 seconds
[2025-08-14T23:45:46.216+0000] {processor.py:161} INFO - Started process (PID=172) to work on /opt/airflow/dags/train_pipeline_dag.py
[2025-08-14T23:45:46.218+0000] {processor.py:830} INFO - Processing file /opt/airflow/dags/train_pipeline_dag.py for tasks to queue
[2025-08-14T23:45:46.221+0000] {logging_mixin.py:188} INFO - [2025-08-14T23:45:46.221+0000] {dagbag.py:545} INFO - Filling up the DagBag from /opt/airflow/dags/train_pipeline_dag.py
[2025-08-14T23:45:46.239+0000] {processor.py:840} INFO - DAG(s) 'ml_pipeline_dvc' retrieved from /opt/airflow/dags/train_pipeline_dag.py
[2025-08-14T23:45:46.462+0000] {logging_mixin.py:188} INFO - [2025-08-14T23:45:46.462+0000] {dag.py:3096} INFO - Sync 1 DAGs
[2025-08-14T23:45:46.479+0000] {logging_mixin.py:188} INFO - [2025-08-14T23:45:46.478+0000] {dag.py:3954} INFO - Setting next_dagrun for ml_pipeline_dvc to None, run_after=None
[2025-08-14T23:45:46.506+0000] {processor.py:183} INFO - Processing /opt/airflow/dags/train_pipeline_dag.py took 0.299 seconds
[2025-08-14T23:46:16.830+0000] {processor.py:161} INFO - Started process (PID=207) to work on /opt/airflow/dags/train_pipeline_dag.py
[2025-08-14T23:46:16.832+0000] {processor.py:830} INFO - Processing file /opt/airflow/dags/train_pipeline_dag.py for tasks to queue
[2025-08-14T23:46:16.836+0000] {logging_mixin.py:188} INFO - [2025-08-14T23:46:16.836+0000] {dagbag.py:545} INFO - Filling up the DagBag from /opt/airflow/dags/train_pipeline_dag.py
[2025-08-14T23:46:16.857+0000] {processor.py:840} INFO - DAG(s) 'ml_pipeline_dvc' retrieved from /opt/airflow/dags/train_pipeline_dag.py
[2025-08-14T23:46:17.077+0000] {logging_mixin.py:188} INFO - [2025-08-14T23:46:17.076+0000] {dag.py:3096} INFO - Sync 1 DAGs
[2025-08-14T23:46:17.091+0000] {logging_mixin.py:188} INFO - [2025-08-14T23:46:17.091+0000] {dag.py:3954} INFO - Setting next_dagrun for ml_pipeline_dvc to None, run_after=None
[2025-08-14T23:46:17.116+0000] {processor.py:183} INFO - Processing /opt/airflow/dags/train_pipeline_dag.py took 0.297 seconds
[2025-08-14T23:46:47.426+0000] {processor.py:161} INFO - Started process (PID=242) to work on /opt/airflow/dags/train_pipeline_dag.py
[2025-08-14T23:46:47.428+0000] {processor.py:830} INFO - Processing file /opt/airflow/dags/train_pipeline_dag.py for tasks to queue
[2025-08-14T23:46:47.432+0000] {logging_mixin.py:188} INFO - [2025-08-14T23:46:47.431+0000] {dagbag.py:545} INFO - Filling up the DagBag from /opt/airflow/dags/train_pipeline_dag.py
[2025-08-14T23:46:47.448+0000] {processor.py:840} INFO - DAG(s) 'ml_pipeline_dvc' retrieved from /opt/airflow/dags/train_pipeline_dag.py
[2025-08-14T23:46:47.600+0000] {logging_mixin.py:188} INFO - [2025-08-14T23:46:47.600+0000] {dag.py:3096} INFO - Sync 1 DAGs
[2025-08-14T23:46:47.614+0000] {logging_mixin.py:188} INFO - [2025-08-14T23:46:47.614+0000] {dag.py:3954} INFO - Setting next_dagrun for ml_pipeline_dvc to None, run_after=None
[2025-08-14T23:46:47.637+0000] {processor.py:183} INFO - Processing /opt/airflow/dags/train_pipeline_dag.py took 0.221 seconds
[2025-08-14T23:48:46.095+0000] {processor.py:161} INFO - Started process (PID=66) to work on /opt/airflow/dags/train_pipeline_dag.py
[2025-08-14T23:48:46.100+0000] {processor.py:830} INFO - Processing file /opt/airflow/dags/train_pipeline_dag.py for tasks to queue
[2025-08-14T23:48:46.111+0000] {logging_mixin.py:188} INFO - [2025-08-14T23:48:46.109+0000] {dagbag.py:545} INFO - Filling up the DagBag from /opt/airflow/dags/train_pipeline_dag.py
[2025-08-14T23:48:46.207+0000] {processor.py:840} INFO - DAG(s) 'ml_pipeline_dvc' retrieved from /opt/airflow/dags/train_pipeline_dag.py
[2025-08-14T23:48:47.130+0000] {logging_mixin.py:188} INFO - [2025-08-14T23:48:47.130+0000] {dag.py:3096} INFO - Sync 1 DAGs
[2025-08-14T23:48:47.157+0000] {logging_mixin.py:188} INFO - [2025-08-14T23:48:47.156+0000] {dag.py:3954} INFO - Setting next_dagrun for ml_pipeline_dvc to None, run_after=None
[2025-08-14T23:48:47.211+0000] {processor.py:183} INFO - Processing /opt/airflow/dags/train_pipeline_dag.py took 1.151 seconds
[2025-08-14T23:49:17.314+0000] {processor.py:161} INFO - Started process (PID=101) to work on /opt/airflow/dags/train_pipeline_dag.py
[2025-08-14T23:49:17.316+0000] {processor.py:830} INFO - Processing file /opt/airflow/dags/train_pipeline_dag.py for tasks to queue
[2025-08-14T23:49:17.320+0000] {logging_mixin.py:188} INFO - [2025-08-14T23:49:17.320+0000] {dagbag.py:545} INFO - Filling up the DagBag from /opt/airflow/dags/train_pipeline_dag.py
[2025-08-14T23:49:17.336+0000] {processor.py:840} INFO - DAG(s) 'ml_pipeline_dvc' retrieved from /opt/airflow/dags/train_pipeline_dag.py
[2025-08-14T23:49:17.473+0000] {logging_mixin.py:188} INFO - [2025-08-14T23:49:17.473+0000] {dag.py:3096} INFO - Sync 1 DAGs
[2025-08-14T23:49:17.487+0000] {logging_mixin.py:188} INFO - [2025-08-14T23:49:17.487+0000] {dag.py:3954} INFO - Setting next_dagrun for ml_pipeline_dvc to None, run_after=None
[2025-08-14T23:49:17.509+0000] {processor.py:183} INFO - Processing /opt/airflow/dags/train_pipeline_dag.py took 0.203 seconds
[2025-08-14T23:49:47.805+0000] {processor.py:161} INFO - Started process (PID=137) to work on /opt/airflow/dags/train_pipeline_dag.py
[2025-08-14T23:49:47.808+0000] {processor.py:830} INFO - Processing file /opt/airflow/dags/train_pipeline_dag.py for tasks to queue
[2025-08-14T23:49:47.814+0000] {logging_mixin.py:188} INFO - [2025-08-14T23:49:47.813+0000] {dagbag.py:545} INFO - Filling up the DagBag from /opt/airflow/dags/train_pipeline_dag.py
[2025-08-14T23:49:47.862+0000] {processor.py:840} INFO - DAG(s) 'ml_pipeline_dvc' retrieved from /opt/airflow/dags/train_pipeline_dag.py
[2025-08-14T23:49:48.813+0000] {logging_mixin.py:188} INFO - [2025-08-14T23:49:48.812+0000] {dag.py:3096} INFO - Sync 1 DAGs
[2025-08-14T23:49:48.847+0000] {logging_mixin.py:188} INFO - [2025-08-14T23:49:48.846+0000] {dag.py:3954} INFO - Setting next_dagrun for ml_pipeline_dvc to None, run_after=None
[2025-08-14T23:49:48.913+0000] {processor.py:183} INFO - Processing /opt/airflow/dags/train_pipeline_dag.py took 1.125 seconds
[2025-08-14T23:50:19.069+0000] {processor.py:161} INFO - Started process (PID=172) to work on /opt/airflow/dags/train_pipeline_dag.py
[2025-08-14T23:50:19.071+0000] {processor.py:830} INFO - Processing file /opt/airflow/dags/train_pipeline_dag.py for tasks to queue
[2025-08-14T23:50:19.075+0000] {logging_mixin.py:188} INFO - [2025-08-14T23:50:19.075+0000] {dagbag.py:545} INFO - Filling up the DagBag from /opt/airflow/dags/train_pipeline_dag.py
[2025-08-14T23:50:19.105+0000] {processor.py:840} INFO - DAG(s) 'ml_pipeline_dvc' retrieved from /opt/airflow/dags/train_pipeline_dag.py
[2025-08-14T23:50:19.426+0000] {logging_mixin.py:188} INFO - [2025-08-14T23:50:19.425+0000] {dag.py:3096} INFO - Sync 1 DAGs
[2025-08-14T23:50:19.445+0000] {logging_mixin.py:188} INFO - [2025-08-14T23:50:19.445+0000] {dag.py:3954} INFO - Setting next_dagrun for ml_pipeline_dvc to None, run_after=None
[2025-08-14T23:50:19.475+0000] {processor.py:183} INFO - Processing /opt/airflow/dags/train_pipeline_dag.py took 0.423 seconds
[2025-08-14T23:50:49.607+0000] {processor.py:161} INFO - Started process (PID=207) to work on /opt/airflow/dags/train_pipeline_dag.py
[2025-08-14T23:50:49.608+0000] {processor.py:830} INFO - Processing file /opt/airflow/dags/train_pipeline_dag.py for tasks to queue
[2025-08-14T23:50:49.611+0000] {logging_mixin.py:188} INFO - [2025-08-14T23:50:49.611+0000] {dagbag.py:545} INFO - Filling up the DagBag from /opt/airflow/dags/train_pipeline_dag.py
[2025-08-14T23:50:49.628+0000] {processor.py:840} INFO - DAG(s) 'ml_pipeline_dvc' retrieved from /opt/airflow/dags/train_pipeline_dag.py
[2025-08-14T23:50:49.794+0000] {logging_mixin.py:188} INFO - [2025-08-14T23:50:49.793+0000] {dag.py:3096} INFO - Sync 1 DAGs
[2025-08-14T23:50:49.809+0000] {logging_mixin.py:188} INFO - [2025-08-14T23:50:49.809+0000] {dag.py:3954} INFO - Setting next_dagrun for ml_pipeline_dvc to None, run_after=None
[2025-08-14T23:50:49.834+0000] {processor.py:183} INFO - Processing /opt/airflow/dags/train_pipeline_dag.py took 0.239 seconds
[2025-08-14T23:51:20.476+0000] {processor.py:161} INFO - Started process (PID=242) to work on /opt/airflow/dags/train_pipeline_dag.py
[2025-08-14T23:51:20.478+0000] {processor.py:830} INFO - Processing file /opt/airflow/dags/train_pipeline_dag.py for tasks to queue
[2025-08-14T23:51:20.481+0000] {logging_mixin.py:188} INFO - [2025-08-14T23:51:20.480+0000] {dagbag.py:545} INFO - Filling up the DagBag from /opt/airflow/dags/train_pipeline_dag.py
[2025-08-14T23:51:20.495+0000] {processor.py:840} INFO - DAG(s) 'ml_pipeline_dvc' retrieved from /opt/airflow/dags/train_pipeline_dag.py
[2025-08-14T23:51:20.639+0000] {logging_mixin.py:188} INFO - [2025-08-14T23:51:20.638+0000] {dag.py:3096} INFO - Sync 1 DAGs
[2025-08-14T23:51:20.652+0000] {logging_mixin.py:188} INFO - [2025-08-14T23:51:20.652+0000] {dag.py:3954} INFO - Setting next_dagrun for ml_pipeline_dvc to None, run_after=None
[2025-08-14T23:51:20.675+0000] {processor.py:183} INFO - Processing /opt/airflow/dags/train_pipeline_dag.py took 0.209 seconds
[2025-08-14T23:51:50.814+0000] {processor.py:161} INFO - Started process (PID=277) to work on /opt/airflow/dags/train_pipeline_dag.py
[2025-08-14T23:51:50.815+0000] {processor.py:830} INFO - Processing file /opt/airflow/dags/train_pipeline_dag.py for tasks to queue
[2025-08-14T23:51:50.819+0000] {logging_mixin.py:188} INFO - [2025-08-14T23:51:50.818+0000] {dagbag.py:545} INFO - Filling up the DagBag from /opt/airflow/dags/train_pipeline_dag.py
[2025-08-14T23:51:50.834+0000] {processor.py:840} INFO - DAG(s) 'ml_pipeline_dvc' retrieved from /opt/airflow/dags/train_pipeline_dag.py
[2025-08-14T23:51:50.976+0000] {logging_mixin.py:188} INFO - [2025-08-14T23:51:50.976+0000] {dag.py:3096} INFO - Sync 1 DAGs
[2025-08-14T23:51:50.991+0000] {logging_mixin.py:188} INFO - [2025-08-14T23:51:50.991+0000] {dag.py:3954} INFO - Setting next_dagrun for ml_pipeline_dvc to None, run_after=None
[2025-08-14T23:51:51.023+0000] {processor.py:183} INFO - Processing /opt/airflow/dags/train_pipeline_dag.py took 0.219 seconds
[2025-08-14T23:52:21.283+0000] {processor.py:161} INFO - Started process (PID=311) to work on /opt/airflow/dags/train_pipeline_dag.py
[2025-08-14T23:52:21.285+0000] {processor.py:830} INFO - Processing file /opt/airflow/dags/train_pipeline_dag.py for tasks to queue
[2025-08-14T23:52:21.288+0000] {logging_mixin.py:188} INFO - [2025-08-14T23:52:21.287+0000] {dagbag.py:545} INFO - Filling up the DagBag from /opt/airflow/dags/train_pipeline_dag.py
[2025-08-14T23:52:21.303+0000] {processor.py:840} INFO - DAG(s) 'ml_pipeline_dvc' retrieved from /opt/airflow/dags/train_pipeline_dag.py
[2025-08-14T23:52:21.445+0000] {logging_mixin.py:188} INFO - [2025-08-14T23:52:21.445+0000] {dag.py:3096} INFO - Sync 1 DAGs
[2025-08-14T23:52:21.459+0000] {logging_mixin.py:188} INFO - [2025-08-14T23:52:21.459+0000] {dag.py:3954} INFO - Setting next_dagrun for ml_pipeline_dvc to None, run_after=None
[2025-08-14T23:52:21.489+0000] {processor.py:183} INFO - Processing /opt/airflow/dags/train_pipeline_dag.py took 0.216 seconds
[2025-08-14T23:52:52.338+0000] {processor.py:161} INFO - Started process (PID=346) to work on /opt/airflow/dags/train_pipeline_dag.py
[2025-08-14T23:52:52.339+0000] {processor.py:830} INFO - Processing file /opt/airflow/dags/train_pipeline_dag.py for tasks to queue
[2025-08-14T23:52:52.342+0000] {logging_mixin.py:188} INFO - [2025-08-14T23:52:52.342+0000] {dagbag.py:545} INFO - Filling up the DagBag from /opt/airflow/dags/train_pipeline_dag.py
[2025-08-14T23:52:52.357+0000] {processor.py:840} INFO - DAG(s) 'ml_pipeline_dvc' retrieved from /opt/airflow/dags/train_pipeline_dag.py
[2025-08-14T23:52:52.500+0000] {logging_mixin.py:188} INFO - [2025-08-14T23:52:52.499+0000] {dag.py:3096} INFO - Sync 1 DAGs
[2025-08-14T23:52:52.515+0000] {logging_mixin.py:188} INFO - [2025-08-14T23:52:52.515+0000] {dag.py:3954} INFO - Setting next_dagrun for ml_pipeline_dvc to None, run_after=None
[2025-08-14T23:52:52.537+0000] {processor.py:183} INFO - Processing /opt/airflow/dags/train_pipeline_dag.py took 0.213 seconds
[2025-08-14T23:53:23.170+0000] {processor.py:161} INFO - Started process (PID=381) to work on /opt/airflow/dags/train_pipeline_dag.py
[2025-08-14T23:53:23.172+0000] {processor.py:830} INFO - Processing file /opt/airflow/dags/train_pipeline_dag.py for tasks to queue
[2025-08-14T23:53:23.175+0000] {logging_mixin.py:188} INFO - [2025-08-14T23:53:23.174+0000] {dagbag.py:545} INFO - Filling up the DagBag from /opt/airflow/dags/train_pipeline_dag.py
[2025-08-14T23:53:23.190+0000] {processor.py:840} INFO - DAG(s) 'ml_pipeline_dvc' retrieved from /opt/airflow/dags/train_pipeline_dag.py
[2025-08-14T23:53:23.336+0000] {logging_mixin.py:188} INFO - [2025-08-14T23:53:23.336+0000] {dag.py:3096} INFO - Sync 1 DAGs
[2025-08-14T23:53:23.350+0000] {logging_mixin.py:188} INFO - [2025-08-14T23:53:23.350+0000] {dag.py:3954} INFO - Setting next_dagrun for ml_pipeline_dvc to None, run_after=None
[2025-08-14T23:53:23.374+0000] {processor.py:183} INFO - Processing /opt/airflow/dags/train_pipeline_dag.py took 0.213 seconds
[2025-08-14T23:53:54.235+0000] {processor.py:161} INFO - Started process (PID=416) to work on /opt/airflow/dags/train_pipeline_dag.py
[2025-08-14T23:53:54.236+0000] {processor.py:830} INFO - Processing file /opt/airflow/dags/train_pipeline_dag.py for tasks to queue
[2025-08-14T23:53:54.239+0000] {logging_mixin.py:188} INFO - [2025-08-14T23:53:54.239+0000] {dagbag.py:545} INFO - Filling up the DagBag from /opt/airflow/dags/train_pipeline_dag.py
[2025-08-14T23:53:54.255+0000] {processor.py:840} INFO - DAG(s) 'ml_pipeline_dvc' retrieved from /opt/airflow/dags/train_pipeline_dag.py
[2025-08-14T23:53:54.409+0000] {logging_mixin.py:188} INFO - [2025-08-14T23:53:54.409+0000] {dag.py:3096} INFO - Sync 1 DAGs
[2025-08-14T23:53:54.424+0000] {logging_mixin.py:188} INFO - [2025-08-14T23:53:54.423+0000] {dag.py:3954} INFO - Setting next_dagrun for ml_pipeline_dvc to None, run_after=None
[2025-08-14T23:53:54.445+0000] {processor.py:183} INFO - Processing /opt/airflow/dags/train_pipeline_dag.py took 0.220 seconds
[2025-08-14T23:54:24.823+0000] {processor.py:161} INFO - Started process (PID=443) to work on /opt/airflow/dags/train_pipeline_dag.py
[2025-08-14T23:54:24.825+0000] {processor.py:830} INFO - Processing file /opt/airflow/dags/train_pipeline_dag.py for tasks to queue
[2025-08-14T23:54:24.829+0000] {logging_mixin.py:188} INFO - [2025-08-14T23:54:24.828+0000] {dagbag.py:545} INFO - Filling up the DagBag from /opt/airflow/dags/train_pipeline_dag.py
[2025-08-14T23:54:24.848+0000] {processor.py:840} INFO - DAG(s) 'ml_pipeline_dvc' retrieved from /opt/airflow/dags/train_pipeline_dag.py
[2025-08-14T23:54:25.110+0000] {logging_mixin.py:188} INFO - [2025-08-14T23:54:25.109+0000] {dag.py:3096} INFO - Sync 1 DAGs
[2025-08-14T23:54:25.132+0000] {logging_mixin.py:188} INFO - [2025-08-14T23:54:25.132+0000] {dag.py:3954} INFO - Setting next_dagrun for ml_pipeline_dvc to None, run_after=None
[2025-08-14T23:54:25.166+0000] {processor.py:183} INFO - Processing /opt/airflow/dags/train_pipeline_dag.py took 0.353 seconds
[2025-08-14T23:54:55.270+0000] {processor.py:161} INFO - Started process (PID=474) to work on /opt/airflow/dags/train_pipeline_dag.py
[2025-08-14T23:54:55.272+0000] {processor.py:830} INFO - Processing file /opt/airflow/dags/train_pipeline_dag.py for tasks to queue
[2025-08-14T23:54:55.275+0000] {logging_mixin.py:188} INFO - [2025-08-14T23:54:55.275+0000] {dagbag.py:545} INFO - Filling up the DagBag from /opt/airflow/dags/train_pipeline_dag.py
[2025-08-14T23:54:55.293+0000] {processor.py:840} INFO - DAG(s) 'ml_pipeline_dvc' retrieved from /opt/airflow/dags/train_pipeline_dag.py
[2025-08-14T23:54:55.662+0000] {logging_mixin.py:188} INFO - [2025-08-14T23:54:55.661+0000] {dag.py:3096} INFO - Sync 1 DAGs
[2025-08-14T23:54:55.682+0000] {logging_mixin.py:188} INFO - [2025-08-14T23:54:55.682+0000] {dag.py:3954} INFO - Setting next_dagrun for ml_pipeline_dvc to None, run_after=None
[2025-08-14T23:54:55.719+0000] {processor.py:183} INFO - Processing /opt/airflow/dags/train_pipeline_dag.py took 0.462 seconds
[2025-08-14T23:55:25.811+0000] {processor.py:161} INFO - Started process (PID=509) to work on /opt/airflow/dags/train_pipeline_dag.py
[2025-08-14T23:55:25.813+0000] {processor.py:830} INFO - Processing file /opt/airflow/dags/train_pipeline_dag.py for tasks to queue
[2025-08-14T23:55:25.816+0000] {logging_mixin.py:188} INFO - [2025-08-14T23:55:25.815+0000] {dagbag.py:545} INFO - Filling up the DagBag from /opt/airflow/dags/train_pipeline_dag.py
[2025-08-14T23:55:25.839+0000] {processor.py:840} INFO - DAG(s) 'ml_pipeline_dvc' retrieved from /opt/airflow/dags/train_pipeline_dag.py
[2025-08-14T23:55:26.004+0000] {logging_mixin.py:188} INFO - [2025-08-14T23:55:26.004+0000] {dag.py:3096} INFO - Sync 1 DAGs
[2025-08-14T23:55:26.023+0000] {logging_mixin.py:188} INFO - [2025-08-14T23:55:26.023+0000] {dag.py:3954} INFO - Setting next_dagrun for ml_pipeline_dvc to None, run_after=None
[2025-08-14T23:55:26.049+0000] {processor.py:183} INFO - Processing /opt/airflow/dags/train_pipeline_dag.py took 0.249 seconds
[2025-08-14T23:55:56.504+0000] {processor.py:161} INFO - Started process (PID=545) to work on /opt/airflow/dags/train_pipeline_dag.py
[2025-08-14T23:55:56.505+0000] {processor.py:830} INFO - Processing file /opt/airflow/dags/train_pipeline_dag.py for tasks to queue
[2025-08-14T23:55:56.508+0000] {logging_mixin.py:188} INFO - [2025-08-14T23:55:56.507+0000] {dagbag.py:545} INFO - Filling up the DagBag from /opt/airflow/dags/train_pipeline_dag.py
[2025-08-14T23:55:56.523+0000] {processor.py:840} INFO - DAG(s) 'ml_pipeline_dvc' retrieved from /opt/airflow/dags/train_pipeline_dag.py
[2025-08-14T23:55:56.660+0000] {logging_mixin.py:188} INFO - [2025-08-14T23:55:56.659+0000] {dag.py:3096} INFO - Sync 1 DAGs
[2025-08-14T23:55:56.673+0000] {logging_mixin.py:188} INFO - [2025-08-14T23:55:56.673+0000] {dag.py:3954} INFO - Setting next_dagrun for ml_pipeline_dvc to None, run_after=None
[2025-08-14T23:55:56.696+0000] {processor.py:183} INFO - Processing /opt/airflow/dags/train_pipeline_dag.py took 0.203 seconds
[2025-08-14T23:56:27.101+0000] {processor.py:161} INFO - Started process (PID=579) to work on /opt/airflow/dags/train_pipeline_dag.py
[2025-08-14T23:56:27.103+0000] {processor.py:830} INFO - Processing file /opt/airflow/dags/train_pipeline_dag.py for tasks to queue
[2025-08-14T23:56:27.107+0000] {logging_mixin.py:188} INFO - [2025-08-14T23:56:27.107+0000] {dagbag.py:545} INFO - Filling up the DagBag from /opt/airflow/dags/train_pipeline_dag.py
[2025-08-14T23:56:27.123+0000] {processor.py:840} INFO - DAG(s) 'ml_pipeline_dvc' retrieved from /opt/airflow/dags/train_pipeline_dag.py
[2025-08-14T23:56:27.277+0000] {logging_mixin.py:188} INFO - [2025-08-14T23:56:27.276+0000] {dag.py:3096} INFO - Sync 1 DAGs
[2025-08-14T23:56:27.291+0000] {logging_mixin.py:188} INFO - [2025-08-14T23:56:27.291+0000] {dag.py:3954} INFO - Setting next_dagrun for ml_pipeline_dvc to None, run_after=None
[2025-08-14T23:56:27.315+0000] {processor.py:183} INFO - Processing /opt/airflow/dags/train_pipeline_dag.py took 0.228 seconds
[2025-08-14T23:56:57.754+0000] {processor.py:161} INFO - Started process (PID=606) to work on /opt/airflow/dags/train_pipeline_dag.py
[2025-08-14T23:56:57.756+0000] {processor.py:830} INFO - Processing file /opt/airflow/dags/train_pipeline_dag.py for tasks to queue
[2025-08-14T23:56:57.759+0000] {logging_mixin.py:188} INFO - [2025-08-14T23:56:57.758+0000] {dagbag.py:545} INFO - Filling up the DagBag from /opt/airflow/dags/train_pipeline_dag.py
[2025-08-14T23:56:57.775+0000] {processor.py:840} INFO - DAG(s) 'ml_pipeline_dvc' retrieved from /opt/airflow/dags/train_pipeline_dag.py
[2025-08-14T23:56:57.917+0000] {logging_mixin.py:188} INFO - [2025-08-14T23:56:57.916+0000] {dag.py:3096} INFO - Sync 1 DAGs
[2025-08-14T23:56:57.931+0000] {logging_mixin.py:188} INFO - [2025-08-14T23:56:57.930+0000] {dag.py:3954} INFO - Setting next_dagrun for ml_pipeline_dvc to None, run_after=None
[2025-08-14T23:56:57.955+0000] {processor.py:183} INFO - Processing /opt/airflow/dags/train_pipeline_dag.py took 0.210 seconds
[2025-08-14T23:57:28.395+0000] {processor.py:161} INFO - Started process (PID=641) to work on /opt/airflow/dags/train_pipeline_dag.py
[2025-08-14T23:57:28.396+0000] {processor.py:830} INFO - Processing file /opt/airflow/dags/train_pipeline_dag.py for tasks to queue
[2025-08-14T23:57:28.399+0000] {logging_mixin.py:188} INFO - [2025-08-14T23:57:28.399+0000] {dagbag.py:545} INFO - Filling up the DagBag from /opt/airflow/dags/train_pipeline_dag.py
[2025-08-14T23:57:28.414+0000] {processor.py:840} INFO - DAG(s) 'ml_pipeline_dvc' retrieved from /opt/airflow/dags/train_pipeline_dag.py
[2025-08-14T23:57:28.568+0000] {logging_mixin.py:188} INFO - [2025-08-14T23:57:28.567+0000] {dag.py:3096} INFO - Sync 1 DAGs
[2025-08-14T23:57:28.581+0000] {logging_mixin.py:188} INFO - [2025-08-14T23:57:28.581+0000] {dag.py:3954} INFO - Setting next_dagrun for ml_pipeline_dvc to None, run_after=None
[2025-08-14T23:57:28.606+0000] {processor.py:183} INFO - Processing /opt/airflow/dags/train_pipeline_dag.py took 0.221 seconds
[2025-08-14T23:57:59.484+0000] {processor.py:161} INFO - Started process (PID=676) to work on /opt/airflow/dags/train_pipeline_dag.py
[2025-08-14T23:57:59.486+0000] {processor.py:830} INFO - Processing file /opt/airflow/dags/train_pipeline_dag.py for tasks to queue
[2025-08-14T23:57:59.490+0000] {logging_mixin.py:188} INFO - [2025-08-14T23:57:59.490+0000] {dagbag.py:545} INFO - Filling up the DagBag from /opt/airflow/dags/train_pipeline_dag.py
[2025-08-14T23:57:59.521+0000] {processor.py:840} INFO - DAG(s) 'ml_pipeline_dvc' retrieved from /opt/airflow/dags/train_pipeline_dag.py
[2025-08-14T23:57:59.828+0000] {logging_mixin.py:188} INFO - [2025-08-14T23:57:59.828+0000] {dag.py:3096} INFO - Sync 1 DAGs
[2025-08-14T23:57:59.844+0000] {logging_mixin.py:188} INFO - [2025-08-14T23:57:59.844+0000] {dag.py:3954} INFO - Setting next_dagrun for ml_pipeline_dvc to None, run_after=None
[2025-08-14T23:57:59.870+0000] {processor.py:183} INFO - Processing /opt/airflow/dags/train_pipeline_dag.py took 0.397 seconds
[2025-08-14T23:58:29.932+0000] {processor.py:161} INFO - Started process (PID=711) to work on /opt/airflow/dags/train_pipeline_dag.py
[2025-08-14T23:58:29.934+0000] {processor.py:830} INFO - Processing file /opt/airflow/dags/train_pipeline_dag.py for tasks to queue
[2025-08-14T23:58:29.936+0000] {logging_mixin.py:188} INFO - [2025-08-14T23:58:29.936+0000] {dagbag.py:545} INFO - Filling up the DagBag from /opt/airflow/dags/train_pipeline_dag.py
[2025-08-14T23:58:29.951+0000] {processor.py:840} INFO - DAG(s) 'ml_pipeline_dvc' retrieved from /opt/airflow/dags/train_pipeline_dag.py
[2025-08-14T23:58:30.098+0000] {logging_mixin.py:188} INFO - [2025-08-14T23:58:30.097+0000] {dag.py:3096} INFO - Sync 1 DAGs
[2025-08-14T23:58:30.111+0000] {logging_mixin.py:188} INFO - [2025-08-14T23:58:30.111+0000] {dag.py:3954} INFO - Setting next_dagrun for ml_pipeline_dvc to None, run_after=None
[2025-08-14T23:58:30.134+0000] {processor.py:183} INFO - Processing /opt/airflow/dags/train_pipeline_dag.py took 0.212 seconds
[2025-08-14T23:59:00.429+0000] {processor.py:161} INFO - Started process (PID=742) to work on /opt/airflow/dags/train_pipeline_dag.py
[2025-08-14T23:59:00.431+0000] {processor.py:830} INFO - Processing file /opt/airflow/dags/train_pipeline_dag.py for tasks to queue
[2025-08-14T23:59:00.434+0000] {logging_mixin.py:188} INFO - [2025-08-14T23:59:00.433+0000] {dagbag.py:545} INFO - Filling up the DagBag from /opt/airflow/dags/train_pipeline_dag.py
[2025-08-14T23:59:00.448+0000] {processor.py:840} INFO - DAG(s) 'ml_pipeline_dvc' retrieved from /opt/airflow/dags/train_pipeline_dag.py
[2025-08-14T23:59:00.591+0000] {logging_mixin.py:188} INFO - [2025-08-14T23:59:00.591+0000] {dag.py:3096} INFO - Sync 1 DAGs
[2025-08-14T23:59:00.605+0000] {logging_mixin.py:188} INFO - [2025-08-14T23:59:00.605+0000] {dag.py:3954} INFO - Setting next_dagrun for ml_pipeline_dvc to None, run_after=None
[2025-08-14T23:59:00.635+0000] {processor.py:183} INFO - Processing /opt/airflow/dags/train_pipeline_dag.py took 0.216 seconds
[2025-08-14T23:59:31.110+0000] {processor.py:161} INFO - Started process (PID=777) to work on /opt/airflow/dags/train_pipeline_dag.py
[2025-08-14T23:59:31.112+0000] {processor.py:830} INFO - Processing file /opt/airflow/dags/train_pipeline_dag.py for tasks to queue
[2025-08-14T23:59:31.114+0000] {logging_mixin.py:188} INFO - [2025-08-14T23:59:31.114+0000] {dagbag.py:545} INFO - Filling up the DagBag from /opt/airflow/dags/train_pipeline_dag.py
[2025-08-14T23:59:31.130+0000] {processor.py:840} INFO - DAG(s) 'ml_pipeline_dvc' retrieved from /opt/airflow/dags/train_pipeline_dag.py
[2025-08-14T23:59:31.275+0000] {logging_mixin.py:188} INFO - [2025-08-14T23:59:31.275+0000] {dag.py:3096} INFO - Sync 1 DAGs
[2025-08-14T23:59:31.289+0000] {logging_mixin.py:188} INFO - [2025-08-14T23:59:31.289+0000] {dag.py:3954} INFO - Setting next_dagrun for ml_pipeline_dvc to None, run_after=None
[2025-08-14T23:59:31.312+0000] {processor.py:183} INFO - Processing /opt/airflow/dags/train_pipeline_dag.py took 0.213 seconds
