[2025-08-17T19:52:05.939+0000] {local_task_job_runner.py:120} INFO - ::group::Pre task execution logs
[2025-08-17T19:52:05.976+0000] {taskinstance.py:2076} INFO - Dependencies all met for dep_context=non-requeueable deps ti=<TaskInstance: ml_pipeline_dvc.preprocess_dvc manual__2025-08-17T19:51:47.647350+00:00 [queued]>
[2025-08-17T19:52:05.988+0000] {taskinstance.py:2076} INFO - Dependencies all met for dep_context=requeueable deps ti=<TaskInstance: ml_pipeline_dvc.preprocess_dvc manual__2025-08-17T19:51:47.647350+00:00 [queued]>
[2025-08-17T19:52:05.989+0000] {taskinstance.py:2306} INFO - Starting attempt 1 of 1
[2025-08-17T19:52:06.011+0000] {taskinstance.py:2330} INFO - Executing <Task(BashOperator): preprocess_dvc> on 2025-08-17 19:51:47.647350+00:00
[2025-08-17T19:52:06.021+0000] {warnings.py:110} WARNING - /home/***/.local/lib/python3.12/site-packages/***/task/task_runner/standard_task_runner.py:61: DeprecationWarning: This process (pid=5818) is multi-threaded, use of fork() may lead to deadlocks in the child.
  pid = os.fork()

[2025-08-17T19:52:06.024+0000] {standard_task_runner.py:90} INFO - Running: ['***', 'tasks', 'run', 'ml_pipeline_dvc', 'preprocess_dvc', 'manual__2025-08-17T19:51:47.647350+00:00', '--job-id', '345', '--raw', '--subdir', 'DAGS_FOLDER/train_pipeline_dag.py', '--cfg-path', '/tmp/tmppvdg94is']
[2025-08-17T19:52:06.026+0000] {standard_task_runner.py:63} INFO - Started process 5819 to run task
[2025-08-17T19:52:06.026+0000] {standard_task_runner.py:91} INFO - Job 345: Subtask preprocess_dvc
[2025-08-17T19:52:06.095+0000] {task_command.py:426} INFO - Running <TaskInstance: ml_pipeline_dvc.preprocess_dvc manual__2025-08-17T19:51:47.647350+00:00 [running]> on host bea494a05fb4
[2025-08-17T19:52:06.241+0000] {taskinstance.py:2648} INFO - Exporting env vars: AIRFLOW_CTX_DAG_OWNER='yas' AIRFLOW_CTX_DAG_ID='ml_pipeline_dvc' AIRFLOW_CTX_TASK_ID='preprocess_dvc' AIRFLOW_CTX_EXECUTION_DATE='2025-08-17T19:51:47.647350+00:00' AIRFLOW_CTX_TRY_NUMBER='1' AIRFLOW_CTX_DAG_RUN_ID='manual__2025-08-17T19:51:47.647350+00:00'
[2025-08-17T19:52:06.243+0000] {taskinstance.py:430} INFO - ::endgroup::
[2025-08-17T19:52:06.266+0000] {subprocess.py:63} INFO - Tmp dir root location: /tmp
[2025-08-17T19:52:06.267+0000] {subprocess.py:75} INFO - Running command: ['/usr/bin/bash', '-c', '\n            cd /opt/***/ml_pipeline\n            dvc pull --force\n            dvc repro preprocess\n            dvc push\n        ']
[2025-08-17T19:52:06.281+0000] {subprocess.py:86} INFO - Output:
[2025-08-17T19:52:09.732+0000] {subprocess.py:93} INFO - A       artifacts/models/fraud/
[2025-08-17T19:52:09.735+0000] {subprocess.py:93} INFO - 1 file added
[2025-08-17T19:52:13.979+0000] {subprocess.py:93} INFO - Stage 'ingest' didn't change, skipping
[2025-08-17T19:52:14.022+0000] {subprocess.py:93} INFO - Stage 'preprocess' didn't change, skipping
[2025-08-17T19:52:14.029+0000] {subprocess.py:93} INFO - Data and pipelines are up to date.
[2025-08-17T19:52:17.771+0000] {subprocess.py:93} INFO - Everything is up to date.
[2025-08-17T19:52:18.183+0000] {subprocess.py:97} INFO - Command exited with return code 0
[2025-08-17T19:52:18.186+0000] {taskinstance.py:441} INFO - ::group::Post task execution logs
[2025-08-17T19:52:18.233+0000] {taskinstance.py:1206} INFO - Marking task as SUCCESS. dag_id=ml_pipeline_dvc, task_id=preprocess_dvc, run_id=manual__2025-08-17T19:51:47.647350+00:00, execution_date=20250817T195147, start_date=20250817T195205, end_date=20250817T195218
[2025-08-17T19:52:18.293+0000] {local_task_job_runner.py:240} INFO - Task exited with return code 0
[2025-08-17T19:52:18.349+0000] {taskinstance.py:3498} INFO - 1 downstream tasks scheduled from follow-on schedule check
[2025-08-17T19:52:18.351+0000] {local_task_job_runner.py:222} INFO - ::endgroup::
