[2025-08-12T21:18:54.821+0000] {local_task_job_runner.py:120} INFO - ::group::Pre task execution logs
[2025-08-12T21:18:54.858+0000] {taskinstance.py:2076} INFO - Dependencies all met for dep_context=non-requeueable deps ti=<TaskInstance: ml_pipeline_dvc.preprocess_dvc manual__2025-08-12T21:13:33.464685+00:00 [queued]>
[2025-08-12T21:18:54.872+0000] {taskinstance.py:2076} INFO - Dependencies all met for dep_context=requeueable deps ti=<TaskInstance: ml_pipeline_dvc.preprocess_dvc manual__2025-08-12T21:13:33.464685+00:00 [queued]>
[2025-08-12T21:18:54.873+0000] {taskinstance.py:2306} INFO - Starting attempt 2 of 2
[2025-08-12T21:18:54.893+0000] {taskinstance.py:2330} INFO - Executing <Task(BashOperator): preprocess_dvc> on 2025-08-12 21:13:33.464685+00:00
[2025-08-12T21:18:54.903+0000] {warnings.py:110} WARNING - /home/***/.local/lib/python3.12/site-packages/***/task/task_runner/standard_task_runner.py:61: DeprecationWarning: This process (pid=224) is multi-threaded, use of fork() may lead to deadlocks in the child.
  pid = os.fork()

[2025-08-12T21:18:54.906+0000] {standard_task_runner.py:90} INFO - Running: ['***', 'tasks', 'run', 'ml_pipeline_dvc', 'preprocess_dvc', 'manual__2025-08-12T21:13:33.464685+00:00', '--job-id', '177', '--raw', '--subdir', 'DAGS_FOLDER/train_pipeline_dag.py', '--cfg-path', '/tmp/tmpbzu7gati']
[2025-08-12T21:18:54.908+0000] {standard_task_runner.py:63} INFO - Started process 225 to run task
[2025-08-12T21:18:54.908+0000] {standard_task_runner.py:91} INFO - Job 177: Subtask preprocess_dvc
[2025-08-12T21:18:54.977+0000] {task_command.py:426} INFO - Running <TaskInstance: ml_pipeline_dvc.preprocess_dvc manual__2025-08-12T21:13:33.464685+00:00 [running]> on host ae67cab33f2f
[2025-08-12T21:18:55.125+0000] {taskinstance.py:2648} INFO - Exporting env vars: AIRFLOW_CTX_DAG_OWNER='yas' AIRFLOW_CTX_DAG_ID='ml_pipeline_dvc' AIRFLOW_CTX_TASK_ID='preprocess_dvc' AIRFLOW_CTX_EXECUTION_DATE='2025-08-12T21:13:33.464685+00:00' AIRFLOW_CTX_TRY_NUMBER='2' AIRFLOW_CTX_DAG_RUN_ID='manual__2025-08-12T21:13:33.464685+00:00'
[2025-08-12T21:18:55.126+0000] {taskinstance.py:430} INFO - ::endgroup::
[2025-08-12T21:18:55.145+0000] {subprocess.py:63} INFO - Tmp dir root location: /tmp
[2025-08-12T21:18:55.146+0000] {subprocess.py:75} INFO - Running command: ['/usr/bin/bash', '-c', '\n        cd /opt/***/ml_pipeline && dvc repro preprocess\n        ']
[2025-08-12T21:18:55.158+0000] {subprocess.py:86} INFO - Output:
[2025-08-12T21:18:59.733+0000] {subprocess.py:93} INFO - ERROR: failed to reproduce 'preprocess': Forbidden: An error occurred (403) when calling the HeadObject operation: Forbidden
[2025-08-12T21:19:00.255+0000] {subprocess.py:97} INFO - Command exited with return code 255
[2025-08-12T21:19:00.257+0000] {taskinstance.py:441} INFO - ::group::Post task execution logs
[2025-08-12T21:19:00.272+0000] {taskinstance.py:2905} ERROR - Task failed with exception
Traceback (most recent call last):
  File "/home/airflow/.local/lib/python3.12/site-packages/airflow/models/taskinstance.py", line 465, in _execute_task
    result = _execute_callable(context=context, **execute_callable_kwargs)
             ^^^^^^^^^^^^^^^^^^^^^^^^^^^^^^^^^^^^^^^^^^^^^^^^^^^^^^^^^^^^^
  File "/home/airflow/.local/lib/python3.12/site-packages/airflow/models/taskinstance.py", line 432, in _execute_callable
    return execute_callable(context=context, **execute_callable_kwargs)
           ^^^^^^^^^^^^^^^^^^^^^^^^^^^^^^^^^^^^^^^^^^^^^^^^^^^^^^^^^^^^
  File "/home/airflow/.local/lib/python3.12/site-packages/airflow/models/baseoperator.py", line 400, in wrapper
    return func(self, *args, **kwargs)
           ^^^^^^^^^^^^^^^^^^^^^^^^^^^
  File "/home/airflow/.local/lib/python3.12/site-packages/airflow/operators/bash.py", line 243, in execute
    raise AirflowException(
airflow.exceptions.AirflowException: Bash command failed. The command returned a non-zero exit code 255.
[2025-08-12T21:19:00.280+0000] {taskinstance.py:1206} INFO - Marking task as FAILED. dag_id=ml_pipeline_dvc, task_id=preprocess_dvc, run_id=manual__2025-08-12T21:13:33.464685+00:00, execution_date=20250812T211333, start_date=20250812T211854, end_date=20250812T211900
[2025-08-12T21:19:00.303+0000] {standard_task_runner.py:110} ERROR - Failed to execute job 177 for task preprocess_dvc (Bash command failed. The command returned a non-zero exit code 255.; 225)
[2025-08-12T21:19:00.333+0000] {local_task_job_runner.py:240} INFO - Task exited with return code 1
[2025-08-12T21:19:00.364+0000] {taskinstance.py:3498} INFO - 0 downstream tasks scheduled from follow-on schedule check
[2025-08-12T21:19:00.373+0000] {local_task_job_runner.py:222} INFO - ::endgroup::
