[2025-08-12T21:13:37.859+0000] {local_task_job_runner.py:120} INFO - ::group::Pre task execution logs
[2025-08-12T21:13:37.914+0000] {taskinstance.py:2076} INFO - Dependencies all met for dep_context=non-requeueable deps ti=<TaskInstance: ml_pipeline_dvc.preprocess_dvc manual__2025-08-12T21:13:33.464685+00:00 [queued]>
[2025-08-12T21:13:37.938+0000] {taskinstance.py:2076} INFO - Dependencies all met for dep_context=requeueable deps ti=<TaskInstance: ml_pipeline_dvc.preprocess_dvc manual__2025-08-12T21:13:33.464685+00:00 [queued]>
[2025-08-12T21:13:37.940+0000] {taskinstance.py:2306} INFO - Starting attempt 1 of 2
[2025-08-12T21:13:37.968+0000] {taskinstance.py:2330} INFO - Executing <Task(BashOperator): preprocess_dvc> on 2025-08-12 21:13:33.464685+00:00
[2025-08-12T21:13:37.984+0000] {warnings.py:110} WARNING - /home/***/.local/lib/python3.12/site-packages/***/task/task_runner/standard_task_runner.py:61: DeprecationWarning: This process (pid=85) is multi-threaded, use of fork() may lead to deadlocks in the child.
  pid = os.fork()

[2025-08-12T21:13:37.989+0000] {standard_task_runner.py:90} INFO - Running: ['***', 'tasks', 'run', 'ml_pipeline_dvc', 'preprocess_dvc', 'manual__2025-08-12T21:13:33.464685+00:00', '--job-id', '176', '--raw', '--subdir', 'DAGS_FOLDER/train_pipeline_dag.py', '--cfg-path', '/tmp/tmpuaqqkidq']
[2025-08-12T21:13:37.991+0000] {standard_task_runner.py:63} INFO - Started process 86 to run task
[2025-08-12T21:13:37.993+0000] {standard_task_runner.py:91} INFO - Job 176: Subtask preprocess_dvc
[2025-08-12T21:13:38.194+0000] {task_command.py:426} INFO - Running <TaskInstance: ml_pipeline_dvc.preprocess_dvc manual__2025-08-12T21:13:33.464685+00:00 [running]> on host ae67cab33f2f
[2025-08-12T21:13:38.680+0000] {taskinstance.py:2648} INFO - Exporting env vars: AIRFLOW_CTX_DAG_OWNER='yas' AIRFLOW_CTX_DAG_ID='ml_pipeline_dvc' AIRFLOW_CTX_TASK_ID='preprocess_dvc' AIRFLOW_CTX_EXECUTION_DATE='2025-08-12T21:13:33.464685+00:00' AIRFLOW_CTX_TRY_NUMBER='1' AIRFLOW_CTX_DAG_RUN_ID='manual__2025-08-12T21:13:33.464685+00:00'
[2025-08-12T21:13:38.682+0000] {taskinstance.py:430} INFO - ::endgroup::
[2025-08-12T21:13:38.744+0000] {subprocess.py:63} INFO - Tmp dir root location: /tmp
[2025-08-12T21:13:38.746+0000] {subprocess.py:75} INFO - Running command: ['/usr/bin/bash', '-c', '\n        export AWS_ACCESS_KEY_ID=minioadmin\n        export AWS_SECRET_ACCESS_KEY=minioadmin\n        export AWS_ENDPOINT_URL=http://minio:9000\n        dvc push --verbose\n        cd /opt/***/ml_pipeline && dvc repro preprocess\n        ']
[2025-08-12T21:13:38.772+0000] {subprocess.py:86} INFO - Output:
[2025-08-12T21:13:40.372+0000] {subprocess.py:93} INFO - 2025-08-12 21:13:40,367 DEBUG: v3.61.0 (pip), CPython 3.12.3 on Linux-6.6.31-linuxkit-x86_64-with-glibc2.36
[2025-08-12T21:13:40.376+0000] {subprocess.py:93} INFO - 2025-08-12 21:13:40,368 DEBUG: command: /home/***/.local/bin/dvc push --verbose
[2025-08-12T21:13:41.530+0000] {subprocess.py:93} INFO - 2025-08-12 21:13:41,527 ERROR: you are not inside of a DVC repository (checked up to mount point '/')
[2025-08-12T21:13:41.531+0000] {subprocess.py:93} INFO - Traceback (most recent call last):
[2025-08-12T21:13:41.532+0000] {subprocess.py:93} INFO -   File "/home/***/.local/lib/python3.12/site-packages/dvc/cli/__init__.py", line 210, in main
[2025-08-12T21:13:41.533+0000] {subprocess.py:93} INFO -     cmd = args.func(args)
[2025-08-12T21:13:41.533+0000] {subprocess.py:93} INFO -           ^^^^^^^^^^^^^^^
[2025-08-12T21:13:41.534+0000] {subprocess.py:93} INFO -   File "/home/***/.local/lib/python3.12/site-packages/dvc/cli/command.py", line 21, in __init__
[2025-08-12T21:13:41.535+0000] {subprocess.py:93} INFO -     self.repo: Repo = Repo(
[2025-08-12T21:13:41.536+0000] {subprocess.py:93} INFO -                       ^^^^^
[2025-08-12T21:13:41.537+0000] {subprocess.py:93} INFO -   File "/home/***/.local/lib/python3.12/site-packages/dvc/repo/__init__.py", line 180, in __init__
[2025-08-12T21:13:41.538+0000] {subprocess.py:93} INFO -     (self.root_dir, self.dvc_dir) = self._get_repo_dirs(
[2025-08-12T21:13:41.539+0000] {subprocess.py:93} INFO -                                     ^^^^^^^^^^^^^^^^^^^^
[2025-08-12T21:13:41.540+0000] {subprocess.py:93} INFO -   File "/home/***/.local/lib/python3.12/site-packages/dvc/repo/__init__.py", line 113, in _get_repo_dirs
[2025-08-12T21:13:41.540+0000] {subprocess.py:93} INFO -     root_dir = self.find_root(root_dir, fs)
[2025-08-12T21:13:41.541+0000] {subprocess.py:93} INFO -                ^^^^^^^^^^^^^^^^^^^^^^^^^^^^
[2025-08-12T21:13:41.542+0000] {subprocess.py:93} INFO -   File "/home/***/.local/lib/python3.12/site-packages/dvc/repo/__init__.py", line 434, in find_root
[2025-08-12T21:13:41.543+0000] {subprocess.py:93} INFO -     raise NotDvcRepoError(msg)
[2025-08-12T21:13:41.544+0000] {subprocess.py:93} INFO - dvc.exceptions.NotDvcRepoError: you are not inside of a DVC repository (checked up to mount point '/')
[2025-08-12T21:13:41.545+0000] {subprocess.py:93} INFO - 
[2025-08-12T21:13:41.558+0000] {subprocess.py:93} INFO - 2025-08-12 21:13:41,557 DEBUG: Analytics is enabled.
[2025-08-12T21:13:41.646+0000] {subprocess.py:93} INFO - 2025-08-12 21:13:41,646 DEBUG: Trying to spawn ['daemon', 'analytics', '/tmp/tmpr1c69e39', '-v']
[2025-08-12T21:13:41.660+0000] {subprocess.py:93} INFO - 2025-08-12 21:13:41,659 DEBUG: Spawned ['daemon', 'analytics', '/tmp/tmpr1c69e39', '-v'] with pid 92
[2025-08-12T21:13:48.329+0000] {subprocess.py:93} INFO - Running stage 'preprocess':
[2025-08-12T21:13:48.330+0000] {subprocess.py:93} INFO - > python preprocessing/preprocess_task.py
[2025-08-12T21:13:52.443+0000] {subprocess.py:93} INFO - {"asctime": "2025-08-12 21:13:52,386", "levelname": "INFO", "name": "preprocessing_pipeline", "trace_id": null, "span_id": null, "message": "version_meta.json loaded!"}
[2025-08-12T21:13:52.467+0000] {subprocess.py:93} INFO - {"asctime": "2025-08-12 21:13:52,467", "levelname": "INFO", "name": "preprocessing_pipeline", "trace_id": null, "span_id": null, "message": "preprocessor trained!"}
[2025-08-12T21:13:52.482+0000] {subprocess.py:93} INFO - {"asctime": "2025-08-12 21:13:52,482", "levelname": "INFO", "name": "preprocessing_pipeline", "trace_id": null, "span_id": null, "message": "preprocessor saved to s3://mlflow-artifacts/preprocess/v20250812_203000/pipeline.pkl!"}
[2025-08-12T21:13:52.510+0000] {subprocess.py:93} INFO - {"asctime": "2025-08-12 21:13:52,510", "levelname": "INFO", "name": "preprocessing_pipeline", "trace_id": null, "span_id": null, "message": "\u2705 Saved pipeline at: s3://mlflow-artifacts/s3://mlflow-artifacts/preprocess/v20250812_203000/pipeline.pkl"}
[2025-08-12T21:13:52.511+0000] {subprocess.py:93} INFO - {"asctime": "2025-08-12 21:13:52,510", "levelname": "INFO", "name": "preprocessing_pipeline", "trace_id": null, "span_id": null, "message": "\ud83d\udcc4 Saved metadata: s3://mlflow-artifacts/s3://mlflow-artifacts/preprocess/v20250812_203000/preprocess_metadata.json"}
[2025-08-12T21:13:52.511+0000] {subprocess.py:93} INFO - {"asctime": "2025-08-12 21:13:52,510", "levelname": "INFO", "name": "preprocessing_pipeline", "trace_id": null, "span_id": null, "message": "\ud83d\udce6 Updated version_meta.json"}
[2025-08-12T21:13:52.906+0000] {subprocess.py:93} INFO - ERROR: failed to reproduce 'preprocess': Saving cached external output s3://mlflow-artifacts/preprocess/v20250812_203000/pipeline.pkl is not supported since DVC 3.0. See <https://dvc.org/doc/user-guide/upgrade> for more info.
[2025-08-12T21:13:53.452+0000] {subprocess.py:97} INFO - Command exited with return code 255
[2025-08-12T21:13:53.453+0000] {taskinstance.py:441} INFO - ::group::Post task execution logs
[2025-08-12T21:13:53.467+0000] {taskinstance.py:2905} ERROR - Task failed with exception
Traceback (most recent call last):
  File "/home/airflow/.local/lib/python3.12/site-packages/airflow/models/taskinstance.py", line 465, in _execute_task
    result = _execute_callable(context=context, **execute_callable_kwargs)
             ^^^^^^^^^^^^^^^^^^^^^^^^^^^^^^^^^^^^^^^^^^^^^^^^^^^^^^^^^^^^^
  File "/home/airflow/.local/lib/python3.12/site-packages/airflow/models/taskinstance.py", line 432, in _execute_callable
    return execute_callable(context=context, **execute_callable_kwargs)
           ^^^^^^^^^^^^^^^^^^^^^^^^^^^^^^^^^^^^^^^^^^^^^^^^^^^^^^^^^^^^
  File "/home/airflow/.local/lib/python3.12/site-packages/airflow/models/baseoperator.py", line 400, in wrapper
    return func(self, *args, **kwargs)
           ^^^^^^^^^^^^^^^^^^^^^^^^^^^
  File "/home/airflow/.local/lib/python3.12/site-packages/airflow/operators/bash.py", line 243, in execute
    raise AirflowException(
airflow.exceptions.AirflowException: Bash command failed. The command returned a non-zero exit code 255.
[2025-08-12T21:13:53.475+0000] {taskinstance.py:1206} INFO - Marking task as UP_FOR_RETRY. dag_id=ml_pipeline_dvc, task_id=preprocess_dvc, run_id=manual__2025-08-12T21:13:33.464685+00:00, execution_date=20250812T211333, start_date=20250812T211337, end_date=20250812T211353
[2025-08-12T21:13:53.497+0000] {standard_task_runner.py:110} ERROR - Failed to execute job 176 for task preprocess_dvc (Bash command failed. The command returned a non-zero exit code 255.; 86)
[2025-08-12T21:13:53.527+0000] {local_task_job_runner.py:240} INFO - Task exited with return code 1
[2025-08-12T21:13:53.557+0000] {taskinstance.py:3498} INFO - 0 downstream tasks scheduled from follow-on schedule check
[2025-08-12T21:13:53.560+0000] {local_task_job_runner.py:222} INFO - ::endgroup::
