[2025-08-05T19:32:57.115+0000] {local_task_job_runner.py:120} INFO - ::group::Pre task execution logs
[2025-08-05T19:32:57.181+0000] {taskinstance.py:2076} INFO - Dependencies all met for dep_context=non-requeueable deps ti=<TaskInstance: ml_pipeline_dvc.preprocess_dvc manual__2025-08-05T19:32:51.876609+00:00 [queued]>
[2025-08-05T19:32:57.221+0000] {taskinstance.py:2076} INFO - Dependencies all met for dep_context=requeueable deps ti=<TaskInstance: ml_pipeline_dvc.preprocess_dvc manual__2025-08-05T19:32:51.876609+00:00 [queued]>
[2025-08-05T19:32:57.223+0000] {taskinstance.py:2306} INFO - Starting attempt 1 of 2
[2025-08-05T19:32:57.278+0000] {taskinstance.py:2330} INFO - Executing <Task(BashOperator): preprocess_dvc> on 2025-08-05 19:32:51.876609+00:00
[2025-08-05T19:32:57.295+0000] {warnings.py:110} WARNING - /home/***/.local/lib/python3.12/site-packages/***/task/task_runner/standard_task_runner.py:61: DeprecationWarning: This process (pid=1177) is multi-threaded, use of fork() may lead to deadlocks in the child.
  pid = os.fork()

[2025-08-05T19:32:57.301+0000] {standard_task_runner.py:63} INFO - Started process 1194 to run task
[2025-08-05T19:32:57.299+0000] {standard_task_runner.py:90} INFO - Running: ['***', 'tasks', 'run', 'ml_pipeline_dvc', 'preprocess_dvc', 'manual__2025-08-05T19:32:51.876609+00:00', '--job-id', '18', '--raw', '--subdir', 'DAGS_FOLDER/ml_pipeline_dag_2.py', '--cfg-path', '/tmp/tmplwih4yr1']
[2025-08-05T19:32:57.303+0000] {standard_task_runner.py:91} INFO - Job 18: Subtask preprocess_dvc
[2025-08-05T19:32:57.472+0000] {task_command.py:426} INFO - Running <TaskInstance: ml_pipeline_dvc.preprocess_dvc manual__2025-08-05T19:32:51.876609+00:00 [running]> on host cb274dbeb17b
[2025-08-05T19:32:57.805+0000] {taskinstance.py:2648} INFO - Exporting env vars: AIRFLOW_CTX_DAG_OWNER='yas' AIRFLOW_CTX_DAG_ID='ml_pipeline_dvc' AIRFLOW_CTX_TASK_ID='preprocess_dvc' AIRFLOW_CTX_EXECUTION_DATE='2025-08-05T19:32:51.876609+00:00' AIRFLOW_CTX_TRY_NUMBER='1' AIRFLOW_CTX_DAG_RUN_ID='manual__2025-08-05T19:32:51.876609+00:00'
[2025-08-05T19:32:57.810+0000] {taskinstance.py:430} INFO - ::endgroup::
[2025-08-05T19:32:57.871+0000] {subprocess.py:63} INFO - Tmp dir root location: /tmp
[2025-08-05T19:32:57.877+0000] {subprocess.py:75} INFO - Running command: ['/usr/bin/bash', '-c', 'cd /opt/***/ml_pipeline && dvc repro preprocess']
[2025-08-05T19:32:57.909+0000] {subprocess.py:86} INFO - Output:
[2025-08-05T19:33:01.610+0000] {subprocess.py:93} INFO - ERROR: failed to reproduce 'preprocess': '/opt/***/ml_pipeline/artifacts/preprocess' is busy, it is being blocked by:
[2025-08-05T19:33:01.613+0000] {subprocess.py:93} INFO -   (PID 1176): /home/***/.local/bin/dvc repro train
[2025-08-05T19:33:01.615+0000] {subprocess.py:93} INFO - 
[2025-08-05T19:33:01.617+0000] {subprocess.py:93} INFO - If there are no processes with such PIDs, you can manually remove '/opt/***/ml_pipeline/.dvc/tmp/rwlock' and try again.
[2025-08-05T19:33:02.060+0000] {subprocess.py:97} INFO - Command exited with return code 255
[2025-08-05T19:33:02.063+0000] {taskinstance.py:441} INFO - ::group::Post task execution logs
[2025-08-05T19:33:02.091+0000] {taskinstance.py:2905} ERROR - Task failed with exception
Traceback (most recent call last):
  File "/home/airflow/.local/lib/python3.12/site-packages/airflow/models/taskinstance.py", line 465, in _execute_task
    result = _execute_callable(context=context, **execute_callable_kwargs)
             ^^^^^^^^^^^^^^^^^^^^^^^^^^^^^^^^^^^^^^^^^^^^^^^^^^^^^^^^^^^^^
  File "/home/airflow/.local/lib/python3.12/site-packages/airflow/models/taskinstance.py", line 432, in _execute_callable
    return execute_callable(context=context, **execute_callable_kwargs)
           ^^^^^^^^^^^^^^^^^^^^^^^^^^^^^^^^^^^^^^^^^^^^^^^^^^^^^^^^^^^^
  File "/home/airflow/.local/lib/python3.12/site-packages/airflow/models/baseoperator.py", line 400, in wrapper
    return func(self, *args, **kwargs)
           ^^^^^^^^^^^^^^^^^^^^^^^^^^^
  File "/home/airflow/.local/lib/python3.12/site-packages/airflow/operators/bash.py", line 243, in execute
    raise AirflowException(
airflow.exceptions.AirflowException: Bash command failed. The command returned a non-zero exit code 255.
[2025-08-05T19:33:02.108+0000] {taskinstance.py:1206} INFO - Marking task as UP_FOR_RETRY. dag_id=ml_pipeline_dvc, task_id=preprocess_dvc, run_id=manual__2025-08-05T19:32:51.876609+00:00, execution_date=20250805T193251, start_date=20250805T193257, end_date=20250805T193302
[2025-08-05T19:33:02.149+0000] {standard_task_runner.py:110} ERROR - Failed to execute job 18 for task preprocess_dvc (Bash command failed. The command returned a non-zero exit code 255.; 1194)
[2025-08-05T19:33:02.180+0000] {local_task_job_runner.py:240} INFO - Task exited with return code 1
[2025-08-05T19:33:02.261+0000] {taskinstance.py:3498} INFO - 0 downstream tasks scheduled from follow-on schedule check
[2025-08-05T19:33:02.270+0000] {local_task_job_runner.py:222} INFO - ::endgroup::
