[2025-08-05T20:37:36.990+0000] {local_task_job_runner.py:120} INFO - ::group::Pre task execution logs
[2025-08-05T20:37:37.506+0000] {taskinstance.py:2076} INFO - Dependencies all met for dep_context=non-requeueable deps ti=<TaskInstance: ml_pipeline_dvc.preprocess_dvc manual__2025-08-05T20:37:28.487618+00:00 [queued]>
[2025-08-05T20:37:37.796+0000] {taskinstance.py:2076} INFO - Dependencies all met for dep_context=requeueable deps ti=<TaskInstance: ml_pipeline_dvc.preprocess_dvc manual__2025-08-05T20:37:28.487618+00:00 [queued]>
[2025-08-05T20:37:37.807+0000] {taskinstance.py:2306} INFO - Starting attempt 1 of 2
[2025-08-05T20:37:38.236+0000] {taskinstance.py:2330} INFO - Executing <Task(BashOperator): preprocess_dvc> on 2025-08-05 20:37:28.487618+00:00
[2025-08-05T20:37:38.443+0000] {warnings.py:110} WARNING - /home/***/.local/lib/python3.12/site-packages/***/task/task_runner/standard_task_runner.py:61: DeprecationWarning: This process (pid=3017) is multi-threaded, use of fork() may lead to deadlocks in the child.
  pid = os.fork()

[2025-08-05T20:37:38.515+0000] {standard_task_runner.py:63} INFO - Started process 3024 to run task
[2025-08-05T20:37:38.481+0000] {standard_task_runner.py:90} INFO - Running: ['***', 'tasks', 'run', 'ml_pipeline_dvc', 'preprocess_dvc', 'manual__2025-08-05T20:37:28.487618+00:00', '--job-id', '43', '--raw', '--subdir', 'DAGS_FOLDER/ml_pipeline_dag_2.py', '--cfg-path', '/tmp/tmp036d9rgu']
[2025-08-05T20:37:38.533+0000] {standard_task_runner.py:91} INFO - Job 43: Subtask preprocess_dvc
[2025-08-05T20:37:39.625+0000] {task_command.py:426} INFO - Running <TaskInstance: ml_pipeline_dvc.preprocess_dvc manual__2025-08-05T20:37:28.487618+00:00 [running]> on host cb274dbeb17b
[2025-08-05T20:37:41.198+0000] {taskinstance.py:2648} INFO - Exporting env vars: AIRFLOW_CTX_DAG_OWNER='yas' AIRFLOW_CTX_DAG_ID='ml_pipeline_dvc' AIRFLOW_CTX_TASK_ID='preprocess_dvc' AIRFLOW_CTX_EXECUTION_DATE='2025-08-05T20:37:28.487618+00:00' AIRFLOW_CTX_TRY_NUMBER='1' AIRFLOW_CTX_DAG_RUN_ID='manual__2025-08-05T20:37:28.487618+00:00'
[2025-08-05T20:37:41.210+0000] {taskinstance.py:430} INFO - ::endgroup::
[2025-08-05T20:37:41.381+0000] {subprocess.py:63} INFO - Tmp dir root location: /tmp
[2025-08-05T20:37:41.390+0000] {subprocess.py:75} INFO - Running command: ['/usr/bin/bash', '-c', 'cd /opt/***/ml_pipeline && dvc repro preprocess']
[2025-08-05T20:37:41.490+0000] {subprocess.py:86} INFO - Output:
[2025-08-05T20:37:56.846+0000] {subprocess.py:93} INFO - Stage 'preprocess' didn't change, skipping
[2025-08-05T20:37:56.881+0000] {subprocess.py:93} INFO - Data and pipelines are up to date.
[2025-08-05T20:37:58.169+0000] {subprocess.py:97} INFO - Command exited with return code 0
[2025-08-05T20:37:58.177+0000] {taskinstance.py:441} INFO - ::group::Post task execution logs
[2025-08-05T20:37:58.318+0000] {taskinstance.py:1206} INFO - Marking task as SUCCESS. dag_id=ml_pipeline_dvc, task_id=preprocess_dvc, run_id=manual__2025-08-05T20:37:28.487618+00:00, execution_date=20250805T203728, start_date=20250805T203737, end_date=20250805T203758
[2025-08-05T20:37:58.428+0000] {local_task_job_runner.py:240} INFO - Task exited with return code 0
[2025-08-05T20:37:58.570+0000] {taskinstance.py:3498} INFO - 1 downstream tasks scheduled from follow-on schedule check
[2025-08-05T20:37:58.580+0000] {local_task_job_runner.py:222} INFO - ::endgroup::
