[2025-08-05T20:38:01.041+0000] {local_task_job_runner.py:120} INFO - ::group::Pre task execution logs
[2025-08-05T20:38:01.163+0000] {taskinstance.py:2076} INFO - Dependencies all met for dep_context=non-requeueable deps ti=<TaskInstance: ml_pipeline_dvc.train_dvc manual__2025-08-05T20:37:28.487618+00:00 [queued]>
[2025-08-05T20:38:01.217+0000] {taskinstance.py:2076} INFO - Dependencies all met for dep_context=requeueable deps ti=<TaskInstance: ml_pipeline_dvc.train_dvc manual__2025-08-05T20:37:28.487618+00:00 [queued]>
[2025-08-05T20:38:01.219+0000] {taskinstance.py:2306} INFO - Starting attempt 1 of 2
[2025-08-05T20:38:01.298+0000] {taskinstance.py:2330} INFO - Executing <Task(BashOperator): train_dvc> on 2025-08-05 20:37:28.487618+00:00
[2025-08-05T20:38:01.337+0000] {warnings.py:110} WARNING - /home/***/.local/lib/python3.12/site-packages/***/task/task_runner/standard_task_runner.py:61: DeprecationWarning: This process (pid=3030) is multi-threaded, use of fork() may lead to deadlocks in the child.
  pid = os.fork()

[2025-08-05T20:38:01.350+0000] {standard_task_runner.py:63} INFO - Started process 3031 to run task
[2025-08-05T20:38:01.349+0000] {standard_task_runner.py:90} INFO - Running: ['***', 'tasks', 'run', 'ml_pipeline_dvc', 'train_dvc', 'manual__2025-08-05T20:37:28.487618+00:00', '--job-id', '44', '--raw', '--subdir', 'DAGS_FOLDER/ml_pipeline_dag_2.py', '--cfg-path', '/tmp/tmpkuaj1b_3']
[2025-08-05T20:38:01.357+0000] {standard_task_runner.py:91} INFO - Job 44: Subtask train_dvc
[2025-08-05T20:38:01.689+0000] {task_command.py:426} INFO - Running <TaskInstance: ml_pipeline_dvc.train_dvc manual__2025-08-05T20:37:28.487618+00:00 [running]> on host cb274dbeb17b
[2025-08-05T20:38:02.309+0000] {taskinstance.py:2648} INFO - Exporting env vars: AIRFLOW_CTX_DAG_OWNER='yas' AIRFLOW_CTX_DAG_ID='ml_pipeline_dvc' AIRFLOW_CTX_TASK_ID='train_dvc' AIRFLOW_CTX_EXECUTION_DATE='2025-08-05T20:37:28.487618+00:00' AIRFLOW_CTX_TRY_NUMBER='1' AIRFLOW_CTX_DAG_RUN_ID='manual__2025-08-05T20:37:28.487618+00:00'
[2025-08-05T20:38:02.318+0000] {taskinstance.py:430} INFO - ::endgroup::
[2025-08-05T20:38:02.406+0000] {subprocess.py:63} INFO - Tmp dir root location: /tmp
[2025-08-05T20:38:02.410+0000] {subprocess.py:75} INFO - Running command: ['/usr/bin/bash', '-c', 'cd /opt/***/ml_pipeline && dvc repro train']
[2025-08-05T20:38:02.448+0000] {subprocess.py:86} INFO - Output:
[2025-08-05T20:38:10.019+0000] {subprocess.py:93} INFO - Stage 'preprocess' didn't change, skipping
[2025-08-05T20:38:10.381+0000] {subprocess.py:93} INFO - Running stage 'train':
[2025-08-05T20:38:10.384+0000] {subprocess.py:93} INFO - > python train/train_task.py
[2025-08-05T20:38:26.155+0000] {subprocess.py:93} INFO - INFO:__main__:Outlier detector saved to artifacts/models/outlier_detector_v20250801_144307.pkl
[2025-08-05T20:38:26.373+0000] {subprocess.py:93} INFO - /home/***/.local/lib/python3.12/site-packages/sklearn/metrics/_ranking.py:1201: UndefinedMetricWarning: No positive samples in y_true, true positive value should be meaningless
[2025-08-05T20:38:26.378+0000] {subprocess.py:93} INFO -   warnings.warn(
[2025-08-05T20:38:26.476+0000] {subprocess.py:93} INFO - INFO:__main__:📄 Training metadata saved to artifacts/train/train_metadata_v20250801_144307.json
[2025-08-05T20:38:26.484+0000] {subprocess.py:93} INFO - INFO:__main__:📦 Updated version_meta.json
[2025-08-05T20:38:27.601+0000] {subprocess.py:93} INFO - INFO:__main__:📄 Registering the model FraudDetectionModel
[2025-08-05T20:38:28.044+0000] {subprocess.py:93} INFO - 2025/08/05 20:38:28 WARNING mlflow.utils.git_utils: Failed to import Git (the Git executable is probably not on your PATH), so Git SHA is not available. Error: Failed to initialize: Bad git executable.
[2025-08-05T20:38:28.048+0000] {subprocess.py:93} INFO - The git executable must be specified in one of the following ways:
[2025-08-05T20:38:28.055+0000] {subprocess.py:93} INFO -     - be included in your $PATH
[2025-08-05T20:38:28.061+0000] {subprocess.py:93} INFO -     - be set via $GIT_PYTHON_GIT_EXECUTABLE
[2025-08-05T20:38:28.068+0000] {subprocess.py:93} INFO -     - explicitly set via git.refresh(<full-path-to-git-executable>)
[2025-08-05T20:38:28.074+0000] {subprocess.py:93} INFO - 
[2025-08-05T20:38:28.077+0000] {subprocess.py:93} INFO - All git commands will error until this is rectified.
[2025-08-05T20:38:28.083+0000] {subprocess.py:93} INFO - 
[2025-08-05T20:38:28.094+0000] {subprocess.py:93} INFO - This initial message can be silenced or aggravated in the future by setting the
[2025-08-05T20:38:28.098+0000] {subprocess.py:93} INFO - $GIT_PYTHON_REFRESH environment variable. Use one of the following values:
[2025-08-05T20:38:28.101+0000] {subprocess.py:93} INFO -     - quiet|q|silence|s|silent|none|n|0: for no message or exception
[2025-08-05T20:38:28.105+0000] {subprocess.py:93} INFO -     - warn|w|warning|log|l|1: for a warning message (logging level CRITICAL, displayed by default)
[2025-08-05T20:38:28.108+0000] {subprocess.py:93} INFO -     - error|e|exception|raise|r|2: for a raised exception
[2025-08-05T20:38:28.111+0000] {subprocess.py:93} INFO - 
[2025-08-05T20:38:28.114+0000] {subprocess.py:93} INFO - Example:
[2025-08-05T20:38:28.117+0000] {subprocess.py:93} INFO -     export GIT_PYTHON_REFRESH=quiet
[2025-08-05T20:38:28.122+0000] {subprocess.py:93} INFO - 
[2025-08-05T20:38:28.149+0000] {subprocess.py:93} INFO - INFO:__main__:📄 run_id is 37569711a0e54101b4d152e5f4ac8a24
[2025-08-05T20:38:28.178+0000] {subprocess.py:93} INFO - 2025/08/05 20:38:28 WARNING mlflow.models.model: `artifact_path` is deprecated. Please use `name` instead.
[2025-08-05T20:38:28.495+0000] {subprocess.py:93} INFO - 🏃 View run carefree-gnat-875 at: http://mlflow:5000/#/experiments/1/runs/37569711a0e54101b4d152e5f4ac8a24
[2025-08-05T20:38:28.498+0000] {subprocess.py:93} INFO - 🧪 View experiment at: http://mlflow:5000/#/experiments/1
[2025-08-05T20:38:28.502+0000] {subprocess.py:93} INFO - Traceback (most recent call last):
[2025-08-05T20:38:28.505+0000] {subprocess.py:93} INFO -   File "/opt/***/ml_pipeline/train/train_task.py", line 195, in <module>
[2025-08-05T20:38:28.509+0000] {subprocess.py:93} INFO -     main()
[2025-08-05T20:38:28.512+0000] {subprocess.py:93} INFO -   File "/opt/***/ml_pipeline/train/train_task.py", line 189, in main
[2025-08-05T20:38:28.517+0000] {subprocess.py:93} INFO -     register_model_with_mlflow(model, metrics)
[2025-08-05T20:38:28.521+0000] {subprocess.py:93} INFO -   File "/opt/***/ml_pipeline/train/train_task.py", line 131, in register_model_with_mlflow
[2025-08-05T20:38:28.524+0000] {subprocess.py:93} INFO -     mlflow.sklearn.log_model(model, artifact_path="model")
[2025-08-05T20:38:28.527+0000] {subprocess.py:93} INFO -   File "/home/***/.local/lib/python3.12/site-packages/mlflow/sklearn/__init__.py", line 426, in log_model
[2025-08-05T20:38:28.531+0000] {subprocess.py:93} INFO -     return Model.log(
[2025-08-05T20:38:28.534+0000] {subprocess.py:93} INFO -            ^^^^^^^^^^
[2025-08-05T20:38:28.537+0000] {subprocess.py:93} INFO -   File "/home/***/.local/lib/python3.12/site-packages/mlflow/models/model.py", line 1166, in log
[2025-08-05T20:38:28.539+0000] {subprocess.py:93} INFO -     model = _create_logged_model(
[2025-08-05T20:38:28.542+0000] {subprocess.py:93} INFO -             ^^^^^^^^^^^^^^^^^^^^^
[2025-08-05T20:38:28.545+0000] {subprocess.py:93} INFO -   File "/home/***/.local/lib/python3.12/site-packages/mlflow/tracking/fluent.py", line 2282, in _create_logged_model
[2025-08-05T20:38:28.548+0000] {subprocess.py:93} INFO -     return MlflowClient()._create_logged_model(
[2025-08-05T20:38:28.551+0000] {subprocess.py:93} INFO -            ^^^^^^^^^^^^^^^^^^^^^^^^^^^^^^^^^^^^
[2025-08-05T20:38:28.554+0000] {subprocess.py:93} INFO -   File "/home/***/.local/lib/python3.12/site-packages/mlflow/tracking/client.py", line 5379, in _create_logged_model
[2025-08-05T20:38:28.557+0000] {subprocess.py:93} INFO -     return self._tracking_client.create_logged_model(
[2025-08-05T20:38:28.560+0000] {subprocess.py:93} INFO -            ^^^^^^^^^^^^^^^^^^^^^^^^^^^^^^^^^^^^^^^^^^
[2025-08-05T20:38:28.563+0000] {subprocess.py:93} INFO -   File "/home/***/.local/lib/python3.12/site-packages/mlflow/telemetry/track.py", line 22, in wrapper
[2025-08-05T20:38:28.567+0000] {subprocess.py:93} INFO -     return func(*args, **kwargs)
[2025-08-05T20:38:28.572+0000] {subprocess.py:93} INFO -            ^^^^^^^^^^^^^^^^^^^^^
[2025-08-05T20:38:28.576+0000] {subprocess.py:93} INFO -   File "/home/***/.local/lib/python3.12/site-packages/mlflow/tracking/_tracking_service/client.py", line 841, in create_logged_model
[2025-08-05T20:38:28.582+0000] {subprocess.py:93} INFO -     return self.store.create_logged_model(
[2025-08-05T20:38:28.587+0000] {subprocess.py:93} INFO -            ^^^^^^^^^^^^^^^^^^^^^^^^^^^^^^^
[2025-08-05T20:38:28.590+0000] {subprocess.py:93} INFO -   File "/home/***/.local/lib/python3.12/site-packages/mlflow/store/tracking/rest_store.py", line 823, in create_logged_model
[2025-08-05T20:38:28.593+0000] {subprocess.py:93} INFO -     response_proto = self._call_endpoint(CreateLoggedModel, req_body)
[2025-08-05T20:38:28.597+0000] {subprocess.py:93} INFO -                      ^^^^^^^^^^^^^^^^^^^^^^^^^^^^^^^^^^^^^^^^^^^^^^^^
[2025-08-05T20:38:28.599+0000] {subprocess.py:93} INFO -   File "/home/***/.local/lib/python3.12/site-packages/mlflow/store/tracking/rest_store.py", line 133, in _call_endpoint
[2025-08-05T20:38:28.602+0000] {subprocess.py:93} INFO -     return call_endpoint(
[2025-08-05T20:38:28.605+0000] {subprocess.py:93} INFO -            ^^^^^^^^^^^^^^
[2025-08-05T20:38:28.608+0000] {subprocess.py:93} INFO -   File "/home/***/.local/lib/python3.12/site-packages/mlflow/utils/rest_utils.py", line 553, in call_endpoint
[2025-08-05T20:38:28.611+0000] {subprocess.py:93} INFO -     response = verify_rest_response(response, endpoint)
[2025-08-05T20:38:28.613+0000] {subprocess.py:93} INFO -                ^^^^^^^^^^^^^^^^^^^^^^^^^^^^^^^^^^^^^^^^
[2025-08-05T20:38:28.616+0000] {subprocess.py:93} INFO -   File "/home/***/.local/lib/python3.12/site-packages/mlflow/utils/rest_utils.py", line 314, in verify_rest_response
[2025-08-05T20:38:28.619+0000] {subprocess.py:93} INFO -     raise MlflowException(
[2025-08-05T20:38:28.624+0000] {subprocess.py:93} INFO - mlflow.exceptions.MlflowException: API request to endpoint /api/2.0/mlflow/logged-models failed with error code 404 != 200. Response body: '<!doctype html>
[2025-08-05T20:38:28.627+0000] {subprocess.py:93} INFO - <html lang=en>
[2025-08-05T20:38:28.630+0000] {subprocess.py:93} INFO - <title>404 Not Found</title>
[2025-08-05T20:38:28.632+0000] {subprocess.py:93} INFO - <h1>Not Found</h1>
[2025-08-05T20:38:28.635+0000] {subprocess.py:93} INFO - <p>The requested URL was not found on the server. If you entered the URL manually please check your spelling and try again.</p>
[2025-08-05T20:38:28.638+0000] {subprocess.py:93} INFO - '
[2025-08-05T20:38:30.052+0000] {subprocess.py:93} INFO - ERROR: failed to reproduce 'train': failed to run: python train/train_task.py, exited with 1
[2025-08-05T20:38:31.218+0000] {subprocess.py:97} INFO - Command exited with return code 255
[2025-08-05T20:38:31.225+0000] {taskinstance.py:441} INFO - ::group::Post task execution logs
[2025-08-05T20:38:31.290+0000] {taskinstance.py:2905} ERROR - Task failed with exception
Traceback (most recent call last):
  File "/home/airflow/.local/lib/python3.12/site-packages/airflow/models/taskinstance.py", line 465, in _execute_task
    result = _execute_callable(context=context, **execute_callable_kwargs)
             ^^^^^^^^^^^^^^^^^^^^^^^^^^^^^^^^^^^^^^^^^^^^^^^^^^^^^^^^^^^^^
  File "/home/airflow/.local/lib/python3.12/site-packages/airflow/models/taskinstance.py", line 432, in _execute_callable
    return execute_callable(context=context, **execute_callable_kwargs)
           ^^^^^^^^^^^^^^^^^^^^^^^^^^^^^^^^^^^^^^^^^^^^^^^^^^^^^^^^^^^^
  File "/home/airflow/.local/lib/python3.12/site-packages/airflow/models/baseoperator.py", line 400, in wrapper
    return func(self, *args, **kwargs)
           ^^^^^^^^^^^^^^^^^^^^^^^^^^^
  File "/home/airflow/.local/lib/python3.12/site-packages/airflow/operators/bash.py", line 243, in execute
    raise AirflowException(
airflow.exceptions.AirflowException: Bash command failed. The command returned a non-zero exit code 255.
[2025-08-05T20:38:31.328+0000] {taskinstance.py:1206} INFO - Marking task as UP_FOR_RETRY. dag_id=ml_pipeline_dvc, task_id=train_dvc, run_id=manual__2025-08-05T20:37:28.487618+00:00, execution_date=20250805T203728, start_date=20250805T203801, end_date=20250805T203831
[2025-08-05T20:38:31.397+0000] {standard_task_runner.py:110} ERROR - Failed to execute job 44 for task train_dvc (Bash command failed. The command returned a non-zero exit code 255.; 3031)
[2025-08-05T20:38:31.447+0000] {local_task_job_runner.py:240} INFO - Task exited with return code 1
[2025-08-05T20:38:31.543+0000] {taskinstance.py:3498} INFO - 0 downstream tasks scheduled from follow-on schedule check
[2025-08-05T20:38:31.549+0000] {local_task_job_runner.py:222} INFO - ::endgroup::
