[2025-08-03T05:04:36.558+0000] {local_task_job_runner.py:120} INFO - ::group::Pre task execution logs
[2025-08-03T05:04:36.622+0000] {taskinstance.py:2076} INFO - Dependencies all met for dep_context=non-requeueable deps ti=<TaskInstance: daily_batch_inference.generate_batch_input manual__2025-08-03T05:04:35.088692+00:00 [queued]>
[2025-08-03T05:04:36.644+0000] {taskinstance.py:2076} INFO - Dependencies all met for dep_context=requeueable deps ti=<TaskInstance: daily_batch_inference.generate_batch_input manual__2025-08-03T05:04:35.088692+00:00 [queued]>
[2025-08-03T05:04:36.646+0000] {taskinstance.py:2306} INFO - Starting attempt 1 of 2
[2025-08-03T05:04:36.688+0000] {taskinstance.py:2330} INFO - Executing <Task(BashOperator): generate_batch_input> on 2025-08-03 05:04:35.088692+00:00
[2025-08-03T05:04:36.706+0000] {warnings.py:110} WARNING - /home/***/.local/lib/python3.12/site-packages/***/task/task_runner/standard_task_runner.py:61: DeprecationWarning: This process (pid=248) is multi-threaded, use of fork() may lead to deadlocks in the child.
  pid = os.fork()

[2025-08-03T05:04:36.709+0000] {standard_task_runner.py:90} INFO - Running: ['***', 'tasks', 'run', 'daily_batch_inference', 'generate_batch_input', 'manual__2025-08-03T05:04:35.088692+00:00', '--job-id', '102', '--raw', '--subdir', 'DAGS_FOLDER/batch_inference_dag.py', '--cfg-path', '/tmp/tmp0u13340k']
[2025-08-03T05:04:36.711+0000] {standard_task_runner.py:63} INFO - Started process 249 to run task
[2025-08-03T05:04:36.714+0000] {standard_task_runner.py:91} INFO - Job 102: Subtask generate_batch_input
[2025-08-03T05:04:36.902+0000] {task_command.py:426} INFO - Running <TaskInstance: daily_batch_inference.generate_batch_input manual__2025-08-03T05:04:35.088692+00:00 [running]> on host 0869a4a1051d
[2025-08-03T05:04:37.309+0000] {taskinstance.py:2648} INFO - Exporting env vars: AIRFLOW_CTX_DAG_OWNER='***' AIRFLOW_CTX_DAG_ID='daily_batch_inference' AIRFLOW_CTX_TASK_ID='generate_batch_input' AIRFLOW_CTX_EXECUTION_DATE='2025-08-03T05:04:35.088692+00:00' AIRFLOW_CTX_TRY_NUMBER='1' AIRFLOW_CTX_DAG_RUN_ID='manual__2025-08-03T05:04:35.088692+00:00'
[2025-08-03T05:04:37.313+0000] {taskinstance.py:430} INFO - ::endgroup::
[2025-08-03T05:04:37.432+0000] {subprocess.py:63} INFO - Tmp dir root location: /tmp
[2025-08-03T05:04:37.434+0000] {subprocess.py:75} INFO - Running command: ['/usr/bin/bash', '-c', 'cd /opt/***/ml_pipeline && python batch/generate_batch_input.py']
[2025-08-03T05:04:37.465+0000] {subprocess.py:86} INFO - Output:
[2025-08-03T05:04:40.739+0000] {subprocess.py:93} INFO - ✅ Batch input generated: data/batch/input_batch_v20250801_144307.csv
[2025-08-03T05:04:40.943+0000] {subprocess.py:97} INFO - Command exited with return code 0
[2025-08-03T05:04:40.945+0000] {taskinstance.py:441} INFO - ::group::Post task execution logs
[2025-08-03T05:04:40.990+0000] {taskinstance.py:1206} INFO - Marking task as SUCCESS. dag_id=daily_batch_inference, task_id=generate_batch_input, run_id=manual__2025-08-03T05:04:35.088692+00:00, execution_date=20250803T050435, start_date=20250803T050436, end_date=20250803T050440
[2025-08-03T05:04:41.077+0000] {local_task_job_runner.py:240} INFO - Task exited with return code 0
[2025-08-03T05:04:41.118+0000] {taskinstance.py:3498} INFO - 1 downstream tasks scheduled from follow-on schedule check
[2025-08-03T05:04:41.127+0000] {local_task_job_runner.py:222} INFO - ::endgroup::
