[2025-07-30T19:53:56.943+0000] {local_task_job_runner.py:120} INFO - ::group::Pre task execution logs
[2025-07-30T19:53:56.978+0000] {taskinstance.py:2076} INFO - Dependencies all met for dep_context=non-requeueable deps ti=<TaskInstance: ml_pipeline_dag.train_classification_model_task manual__2025-07-30T19:53:43.644517+00:00 [queued]>
[2025-07-30T19:53:56.991+0000] {taskinstance.py:2076} INFO - Dependencies all met for dep_context=requeueable deps ti=<TaskInstance: ml_pipeline_dag.train_classification_model_task manual__2025-07-30T19:53:43.644517+00:00 [queued]>
[2025-07-30T19:53:56.991+0000] {taskinstance.py:2306} INFO - Starting attempt 1 of 1
[2025-07-30T19:53:57.008+0000] {taskinstance.py:2330} INFO - Executing <Task(PythonOperator): train_classification_model_task> on 2025-07-30 19:53:43.644517+00:00
[2025-07-30T19:53:57.019+0000] {warnings.py:110} WARNING - /home/***/.local/lib/python3.12/site-packages/***/task/task_runner/standard_task_runner.py:61: DeprecationWarning: This process (pid=118) is multi-threaded, use of fork() may lead to deadlocks in the child.
  pid = os.fork()

[2025-07-30T19:53:57.022+0000] {standard_task_runner.py:63} INFO - Started process 127 to run task
[2025-07-30T19:53:57.023+0000] {standard_task_runner.py:90} INFO - Running: ['***', 'tasks', 'run', 'ml_pipeline_dag', 'train_classification_model_task', 'manual__2025-07-30T19:53:43.644517+00:00', '--job-id', '21', '--raw', '--subdir', 'DAGS_FOLDER/ml_pipeline_dag.py', '--cfg-path', '/tmp/tmpbjvljfyy']
[2025-07-30T19:53:57.026+0000] {standard_task_runner.py:91} INFO - Job 21: Subtask train_classification_model_task
[2025-07-30T19:53:57.082+0000] {task_command.py:426} INFO - Running <TaskInstance: ml_pipeline_dag.train_classification_model_task manual__2025-07-30T19:53:43.644517+00:00 [running]> on host dfb9ee73ce7d
[2025-07-30T19:53:57.197+0000] {taskinstance.py:2648} INFO - Exporting env vars: AIRFLOW_CTX_DAG_OWNER='***' AIRFLOW_CTX_DAG_ID='ml_pipeline_dag' AIRFLOW_CTX_TASK_ID='train_classification_model_task' AIRFLOW_CTX_EXECUTION_DATE='2025-07-30T19:53:43.644517+00:00' AIRFLOW_CTX_TRY_NUMBER='1' AIRFLOW_CTX_DAG_RUN_ID='manual__2025-07-30T19:53:43.644517+00:00'
[2025-07-30T19:53:57.199+0000] {taskinstance.py:430} INFO - ::endgroup::
[2025-07-30T19:53:57.458+0000] {logging_mixin.py:188} INFO - Model accuracy: 0.83
[2025-07-30T19:53:57.464+0000] {logging_mixin.py:188} INFO - Training time: 0.24 seconds
[2025-07-30T19:53:57.537+0000] {logging_mixin.py:188} INFO - Metrics written to Redis key: metrics:model_v1
[2025-07-30T19:53:57.538+0000] {python.py:237} INFO - Done. Returned value was: None
[2025-07-30T19:53:57.539+0000] {taskinstance.py:441} INFO - ::group::Post task execution logs
[2025-07-30T19:53:57.553+0000] {taskinstance.py:1206} INFO - Marking task as SUCCESS. dag_id=ml_pipeline_dag, task_id=train_classification_model_task, run_id=manual__2025-07-30T19:53:43.644517+00:00, execution_date=20250730T195343, start_date=20250730T195356, end_date=20250730T195357
[2025-07-30T19:53:57.616+0000] {local_task_job_runner.py:240} INFO - Task exited with return code 0
[2025-07-30T19:53:57.638+0000] {taskinstance.py:3498} INFO - 0 downstream tasks scheduled from follow-on schedule check
[2025-07-30T19:53:57.641+0000] {local_task_job_runner.py:222} INFO - ::endgroup::
