[2025-08-06T17:00:30.497+0000] {local_task_job_runner.py:120} INFO - ::group::Pre task execution logs
[2025-08-06T17:00:30.537+0000] {taskinstance.py:2076} INFO - Dependencies all met for dep_context=non-requeueable deps ti=<TaskInstance: register_high_latency_model.rollback_model manual__2025-08-06T17:00:15.506887+00:00 [queued]>
[2025-08-06T17:00:30.547+0000] {taskinstance.py:2076} INFO - Dependencies all met for dep_context=requeueable deps ti=<TaskInstance: register_high_latency_model.rollback_model manual__2025-08-06T17:00:15.506887+00:00 [queued]>
[2025-08-06T17:00:30.548+0000] {taskinstance.py:2306} INFO - Starting attempt 1 of 2
[2025-08-06T17:00:30.568+0000] {taskinstance.py:2330} INFO - Executing <Task(PythonOperator): rollback_model> on 2025-08-06 17:00:15.506887+00:00
[2025-08-06T17:00:30.582+0000] {warnings.py:110} WARNING - /home/***/.local/lib/python3.12/site-packages/***/task/task_runner/standard_task_runner.py:61: DeprecationWarning: This process (pid=598) is multi-threaded, use of fork() may lead to deadlocks in the child.
  pid = os.fork()

[2025-08-06T17:00:30.586+0000] {standard_task_runner.py:63} INFO - Started process 608 to run task
[2025-08-06T17:00:30.588+0000] {standard_task_runner.py:90} INFO - Running: ['***', 'tasks', 'run', 'register_high_latency_model', 'rollback_model', 'manual__2025-08-06T17:00:15.506887+00:00', '--job-id', '3', '--raw', '--subdir', 'DAGS_FOLDER/test_model_rollback.py', '--cfg-path', '/tmp/tmp2ak24_y8']
[2025-08-06T17:00:30.593+0000] {standard_task_runner.py:91} INFO - Job 3: Subtask rollback_model
[2025-08-06T17:00:30.981+0000] {task_command.py:426} INFO - Running <TaskInstance: register_high_latency_model.rollback_model manual__2025-08-06T17:00:15.506887+00:00 [running]> on host 36543e3c12b4
[2025-08-06T17:00:31.160+0000] {taskinstance.py:2648} INFO - Exporting env vars: AIRFLOW_CTX_DAG_OWNER='***' AIRFLOW_CTX_DAG_ID='register_high_latency_model' AIRFLOW_CTX_TASK_ID='rollback_model' AIRFLOW_CTX_EXECUTION_DATE='2025-08-06T17:00:15.506887+00:00' AIRFLOW_CTX_TRY_NUMBER='1' AIRFLOW_CTX_DAG_RUN_ID='manual__2025-08-06T17:00:15.506887+00:00'
[2025-08-06T17:00:31.164+0000] {taskinstance.py:430} INFO - ::endgroup::
[2025-08-06T17:00:31.853+0000] {taskinstance.py:441} INFO - ::group::Post task execution logs
[2025-08-06T17:00:31.862+0000] {taskinstance.py:2905} ERROR - Task failed with exception
Traceback (most recent call last):
  File "/home/airflow/.local/lib/python3.12/site-packages/airflow/models/taskinstance.py", line 465, in _execute_task
    result = _execute_callable(context=context, **execute_callable_kwargs)
             ^^^^^^^^^^^^^^^^^^^^^^^^^^^^^^^^^^^^^^^^^^^^^^^^^^^^^^^^^^^^^
  File "/home/airflow/.local/lib/python3.12/site-packages/airflow/models/taskinstance.py", line 432, in _execute_callable
    return execute_callable(context=context, **execute_callable_kwargs)
           ^^^^^^^^^^^^^^^^^^^^^^^^^^^^^^^^^^^^^^^^^^^^^^^^^^^^^^^^^^^^
  File "/home/airflow/.local/lib/python3.12/site-packages/airflow/models/baseoperator.py", line 400, in wrapper
    return func(self, *args, **kwargs)
           ^^^^^^^^^^^^^^^^^^^^^^^^^^^
  File "/home/airflow/.local/lib/python3.12/site-packages/airflow/operators/python.py", line 235, in execute
    return_value = self.execute_callable()
                   ^^^^^^^^^^^^^^^^^^^^^^^
  File "/home/airflow/.local/lib/python3.12/site-packages/airflow/operators/python.py", line 252, in execute_callable
    return self.python_callable(*self.op_args, **self.op_kwargs)
           ^^^^^^^^^^^^^^^^^^^^^^^^^^^^^^^^^^^^^^^^^^^^^^^^^^^^^
  File "/opt/airflow/dags/test_model_rollback.py", line 26, in register_high_latency_model
    mlflow.set_experiment("FraudDetection")
  File "/home/airflow/.local/lib/python3.12/site-packages/mlflow/tracking/fluent.py", line 209, in set_experiment
    raise MlflowException(
mlflow.exceptions.MlflowException: Cannot set a deleted experiment 'FraudDetection' as the active experiment. You can restore the experiment, or permanently delete the experiment to create a new one.
[2025-08-06T17:00:32.027+0000] {taskinstance.py:1206} INFO - Marking task as UP_FOR_RETRY. dag_id=register_high_latency_model, task_id=rollback_model, run_id=manual__2025-08-06T17:00:15.506887+00:00, execution_date=20250806T170015, start_date=20250806T170030, end_date=20250806T170032
[2025-08-06T17:00:32.361+0000] {standard_task_runner.py:110} ERROR - Failed to execute job 3 for task rollback_model (Cannot set a deleted experiment 'FraudDetection' as the active experiment. You can restore the experiment, or permanently delete the experiment to create a new one.; 608)
[2025-08-06T17:00:32.463+0000] {local_task_job_runner.py:240} INFO - Task exited with return code 1
[2025-08-06T17:00:32.840+0000] {taskinstance.py:3498} INFO - 0 downstream tasks scheduled from follow-on schedule check
[2025-08-06T17:00:32.843+0000] {local_task_job_runner.py:222} INFO - ::endgroup::
