[2025-08-20T18:00:53.938+0000] {local_task_job_runner.py:120} INFO - ::group::Pre task execution logs
[2025-08-20T18:00:53.973+0000] {taskinstance.py:2076} INFO - Dependencies all met for dep_context=non-requeueable deps ti=<TaskInstance: ml_pipeline_dvc.preprocess_dvc manual__2025-08-20T18:00:27.903374+00:00 [queued]>
[2025-08-20T18:00:53.984+0000] {taskinstance.py:2076} INFO - Dependencies all met for dep_context=requeueable deps ti=<TaskInstance: ml_pipeline_dvc.preprocess_dvc manual__2025-08-20T18:00:27.903374+00:00 [queued]>
[2025-08-20T18:00:53.985+0000] {taskinstance.py:2306} INFO - Starting attempt 1 of 1
[2025-08-20T18:00:54.007+0000] {taskinstance.py:2330} INFO - Executing <Task(BashOperator): preprocess_dvc> on 2025-08-20 18:00:27.903374+00:00
[2025-08-20T18:00:54.015+0000] {warnings.py:110} WARNING - /home/***/.local/lib/python3.12/site-packages/***/task/task_runner/standard_task_runner.py:61: DeprecationWarning: This process (pid=1931) is multi-threaded, use of fork() may lead to deadlocks in the child.
  pid = os.fork()

[2025-08-20T18:00:54.017+0000] {standard_task_runner.py:63} INFO - Started process 1948 to run task
[2025-08-20T18:00:54.017+0000] {standard_task_runner.py:90} INFO - Running: ['***', 'tasks', 'run', 'ml_pipeline_dvc', 'preprocess_dvc', 'manual__2025-08-20T18:00:27.903374+00:00', '--job-id', '14', '--raw', '--subdir', 'DAGS_FOLDER/ml_pipeline_dvc_dag.py', '--cfg-path', '/tmp/tmpthoh0w3e']
[2025-08-20T18:00:54.020+0000] {standard_task_runner.py:91} INFO - Job 14: Subtask preprocess_dvc
[2025-08-20T18:00:54.084+0000] {task_command.py:426} INFO - Running <TaskInstance: ml_pipeline_dvc.preprocess_dvc manual__2025-08-20T18:00:27.903374+00:00 [running]> on host d741d36e6db0
[2025-08-20T18:00:54.216+0000] {taskinstance.py:2648} INFO - Exporting env vars: AIRFLOW_CTX_DAG_OWNER='yas' AIRFLOW_CTX_DAG_ID='ml_pipeline_dvc' AIRFLOW_CTX_TASK_ID='preprocess_dvc' AIRFLOW_CTX_EXECUTION_DATE='2025-08-20T18:00:27.903374+00:00' AIRFLOW_CTX_TRY_NUMBER='1' AIRFLOW_CTX_DAG_RUN_ID='manual__2025-08-20T18:00:27.903374+00:00'
[2025-08-20T18:00:54.218+0000] {taskinstance.py:430} INFO - ::endgroup::
[2025-08-20T18:00:54.242+0000] {subprocess.py:63} INFO - Tmp dir root location: /tmp
[2025-08-20T18:00:54.243+0000] {subprocess.py:75} INFO - Running command: ['/usr/bin/bash', '-c', '\n            cd /opt/***/ml_pipeline\n            dvc pull --force\n            dvc repro preprocess\n            dvc push\n        ']
[2025-08-20T18:00:54.256+0000] {subprocess.py:86} INFO - Output:
[2025-08-20T18:00:57.501+0000] {subprocess.py:93} INFO - Everything is up to date.
[2025-08-20T18:01:01.226+0000] {subprocess.py:93} INFO - Stage 'ingest' didn't change, skipping
[2025-08-20T18:01:01.324+0000] {subprocess.py:93} INFO - Running stage 'preprocess':
[2025-08-20T18:01:01.325+0000] {subprocess.py:93} INFO - > python data/preprocessing/preprocess_task.py
[2025-08-20T18:01:04.105+0000] {subprocess.py:93} INFO - {"asctime": "2025-08-20 18:01:03,931", "levelname": "INFO", "name": "preprocessing_pipeline", "trace_id": null, "span_id": null, "message": "version_meta.json loaded from local path!"}
[2025-08-20T18:01:04.135+0000] {subprocess.py:93} INFO - {"asctime": "2025-08-20 18:01:04,134", "levelname": "INFO", "name": "preprocessing_pipeline", "trace_id": null, "span_id": null, "message": "preprocessor trained!"}
[2025-08-20T18:01:04.139+0000] {subprocess.py:93} INFO - {"asctime": "2025-08-20 18:01:04,139", "levelname": "INFO", "name": "preprocessing_pipeline", "trace_id": null, "span_id": null, "message": "preprocessor saved to local path artifacts/preprocess/fraud_pipeline_v20250820_180044.pkl!"}
[2025-08-20T18:01:04.141+0000] {subprocess.py:93} INFO - {"asctime": "2025-08-20 18:01:04,141", "levelname": "INFO", "name": "preprocessing_pipeline", "trace_id": null, "span_id": null, "message": "\u2705 Saved pipeline at: artifacts/preprocess/fraud_pipeline_v20250820_180044.pkl"}
[2025-08-20T18:01:04.142+0000] {subprocess.py:93} INFO - {"asctime": "2025-08-20 18:01:04,141", "levelname": "INFO", "name": "preprocessing_pipeline", "trace_id": null, "span_id": null, "message": "\ud83d\udcc4 Saved metadata: artifacts/preprocess/preprocess_metadata_v20250820_180044.json"}
[2025-08-20T18:01:04.143+0000] {subprocess.py:93} INFO - {"asctime": "2025-08-20 18:01:04,141", "levelname": "INFO", "name": "preprocessing_pipeline", "trace_id": null, "span_id": null, "message": "\ud83d\udce6 Updated version_meta.json"}
[2025-08-20T18:01:04.597+0000] {subprocess.py:93} INFO - Updating lock file 'dvc.lock'
[2025-08-20T18:01:04.608+0000] {subprocess.py:93} INFO - 
[2025-08-20T18:01:04.609+0000] {subprocess.py:93} INFO - To track the changes with git, run:
[2025-08-20T18:01:04.610+0000] {subprocess.py:93} INFO - 
[2025-08-20T18:01:04.611+0000] {subprocess.py:93} INFO - 	git add dvc.lock
[2025-08-20T18:01:04.612+0000] {subprocess.py:93} INFO - 
[2025-08-20T18:01:04.612+0000] {subprocess.py:93} INFO - To enable auto staging, run:
[2025-08-20T18:01:04.613+0000] {subprocess.py:93} INFO - 
[2025-08-20T18:01:04.614+0000] {subprocess.py:93} INFO - 	dvc config core.autostage true
[2025-08-20T18:01:04.614+0000] {subprocess.py:93} INFO - Use `dvc push` to send your updates to remote storage.
[2025-08-20T18:01:08.911+0000] {subprocess.py:93} INFO - 2 files pushed
[2025-08-20T18:01:09.359+0000] {subprocess.py:97} INFO - Command exited with return code 0
[2025-08-20T18:01:09.360+0000] {taskinstance.py:441} INFO - ::group::Post task execution logs
[2025-08-20T18:01:09.395+0000] {taskinstance.py:1206} INFO - Marking task as SUCCESS. dag_id=ml_pipeline_dvc, task_id=preprocess_dvc, run_id=manual__2025-08-20T18:00:27.903374+00:00, execution_date=20250820T180027, start_date=20250820T180053, end_date=20250820T180109
[2025-08-20T18:01:09.458+0000] {local_task_job_runner.py:240} INFO - Task exited with return code 0
[2025-08-20T18:01:09.493+0000] {taskinstance.py:3498} INFO - 1 downstream tasks scheduled from follow-on schedule check
[2025-08-20T18:01:09.495+0000] {local_task_job_runner.py:222} INFO - ::endgroup::
