[2025-07-31T01:34:31.873+0000] {local_task_job_runner.py:120} INFO - ::group::Pre task execution logs
[2025-07-31T01:34:31.906+0000] {taskinstance.py:2076} INFO - Dependencies all met for dep_context=non-requeueable deps ti=<TaskInstance: ml_pipeline_dag.stream_data_task manual__2025-07-31T01:34:26.629633+00:00 [queued]>
[2025-07-31T01:34:31.921+0000] {taskinstance.py:2076} INFO - Dependencies all met for dep_context=requeueable deps ti=<TaskInstance: ml_pipeline_dag.stream_data_task manual__2025-07-31T01:34:26.629633+00:00 [queued]>
[2025-07-31T01:34:31.922+0000] {taskinstance.py:2306} INFO - Starting attempt 1 of 1
[2025-07-31T01:34:31.944+0000] {taskinstance.py:2330} INFO - Executing <Task(PythonOperator): stream_data_task> on 2025-07-31 01:34:26.629633+00:00
[2025-07-31T01:34:31.968+0000] {warnings.py:110} WARNING - /home/***/.local/lib/python3.12/site-packages/***/task/task_runner/standard_task_runner.py:61: DeprecationWarning: This process (pid=2629) is multi-threaded, use of fork() may lead to deadlocks in the child.
  pid = os.fork()

[2025-07-31T01:34:31.973+0000] {standard_task_runner.py:63} INFO - Started process 2638 to run task
[2025-07-31T01:34:31.974+0000] {standard_task_runner.py:90} INFO - Running: ['***', 'tasks', 'run', 'ml_pipeline_dag', 'stream_data_task', 'manual__2025-07-31T01:34:26.629633+00:00', '--job-id', '49', '--raw', '--subdir', 'DAGS_FOLDER/ml_pipeline_dag.py', '--cfg-path', '/tmp/tmpjgdx5zwb']
[2025-07-31T01:34:31.980+0000] {standard_task_runner.py:91} INFO - Job 49: Subtask stream_data_task
[2025-07-31T01:34:32.081+0000] {task_command.py:426} INFO - Running <TaskInstance: ml_pipeline_dag.stream_data_task manual__2025-07-31T01:34:26.629633+00:00 [running]> on host edd92f9295b0
[2025-07-31T01:34:32.247+0000] {taskinstance.py:2648} INFO - Exporting env vars: AIRFLOW_CTX_DAG_OWNER='***' AIRFLOW_CTX_DAG_ID='ml_pipeline_dag' AIRFLOW_CTX_TASK_ID='stream_data_task' AIRFLOW_CTX_EXECUTION_DATE='2025-07-31T01:34:26.629633+00:00' AIRFLOW_CTX_TRY_NUMBER='1' AIRFLOW_CTX_DAG_RUN_ID='manual__2025-07-31T01:34:26.629633+00:00'
[2025-07-31T01:34:32.251+0000] {taskinstance.py:430} INFO - ::endgroup::
[2025-07-31T01:34:32.271+0000] {logging_mixin.py:188} INFO - Pushed batch 0 to queue
[2025-07-31T01:34:32.272+0000] {logging_mixin.py:188} INFO - Pushed batch 1 to queue
[2025-07-31T01:34:32.273+0000] {logging_mixin.py:188} INFO - Pushed batch 2 to queue
[2025-07-31T01:34:32.274+0000] {logging_mixin.py:188} INFO - Pushed batch 3 to queue
[2025-07-31T01:34:32.275+0000] {logging_mixin.py:188} INFO - Pushed batch 4 to queue
[2025-07-31T01:34:32.276+0000] {logging_mixin.py:188} INFO - Pushed batch 5 to queue
[2025-07-31T01:34:32.277+0000] {logging_mixin.py:188} INFO - Pushed batch 6 to queue
[2025-07-31T01:34:32.278+0000] {logging_mixin.py:188} INFO - Pushed batch 7 to queue
[2025-07-31T01:34:32.279+0000] {logging_mixin.py:188} INFO - Pushed batch 8 to queue
[2025-07-31T01:34:32.280+0000] {logging_mixin.py:188} INFO - Pushed batch 9 to queue
[2025-07-31T01:34:32.281+0000] {python.py:237} INFO - Done. Returned value was: None
[2025-07-31T01:34:32.282+0000] {taskinstance.py:441} INFO - ::group::Post task execution logs
[2025-07-31T01:34:32.295+0000] {taskinstance.py:1206} INFO - Marking task as SUCCESS. dag_id=ml_pipeline_dag, task_id=stream_data_task, run_id=manual__2025-07-31T01:34:26.629633+00:00, execution_date=20250731T013426, start_date=20250731T013431, end_date=20250731T013432
[2025-07-31T01:34:32.322+0000] {local_task_job_runner.py:240} INFO - Task exited with return code 0
[2025-07-31T01:34:32.356+0000] {taskinstance.py:3498} INFO - 1 downstream tasks scheduled from follow-on schedule check
[2025-07-31T01:34:32.358+0000] {local_task_job_runner.py:222} INFO - ::endgroup::
