[2025-08-05T19:30:30.038+0000] {local_task_job_runner.py:120} INFO - ::group::Pre task execution logs
[2025-08-05T19:30:30.090+0000] {taskinstance.py:2076} INFO - Dependencies all met for dep_context=non-requeueable deps ti=<TaskInstance: ml_pipeline_dvc.train_dvc manual__2025-08-05T19:24:02.875530+00:00 [queued]>
[2025-08-05T19:30:30.106+0000] {taskinstance.py:2076} INFO - Dependencies all met for dep_context=requeueable deps ti=<TaskInstance: ml_pipeline_dvc.train_dvc manual__2025-08-05T19:24:02.875530+00:00 [queued]>
[2025-08-05T19:30:30.107+0000] {taskinstance.py:2306} INFO - Starting attempt 2 of 2
[2025-08-05T19:30:30.133+0000] {taskinstance.py:2330} INFO - Executing <Task(BashOperator): train_dvc> on 2025-08-05 19:24:02.875530+00:00
[2025-08-05T19:30:30.144+0000] {warnings.py:110} WARNING - /home/***/.local/lib/python3.12/site-packages/***/task/task_runner/standard_task_runner.py:61: DeprecationWarning: This process (pid=1098) is multi-threaded, use of fork() may lead to deadlocks in the child.
  pid = os.fork()

[2025-08-05T19:30:30.148+0000] {standard_task_runner.py:63} INFO - Started process 1099 to run task
[2025-08-05T19:30:30.147+0000] {standard_task_runner.py:90} INFO - Running: ['***', 'tasks', 'run', 'ml_pipeline_dvc', 'train_dvc', 'manual__2025-08-05T19:24:02.875530+00:00', '--job-id', '15', '--raw', '--subdir', 'DAGS_FOLDER/ml_pipeline_dag_2.py', '--cfg-path', '/tmp/tmpxiwzc68m']
[2025-08-05T19:30:30.149+0000] {standard_task_runner.py:91} INFO - Job 15: Subtask train_dvc
[2025-08-05T19:30:30.239+0000] {task_command.py:426} INFO - Running <TaskInstance: ml_pipeline_dvc.train_dvc manual__2025-08-05T19:24:02.875530+00:00 [running]> on host cb274dbeb17b
[2025-08-05T19:30:30.394+0000] {taskinstance.py:2648} INFO - Exporting env vars: AIRFLOW_CTX_DAG_OWNER='yas' AIRFLOW_CTX_DAG_ID='ml_pipeline_dvc' AIRFLOW_CTX_TASK_ID='train_dvc' AIRFLOW_CTX_EXECUTION_DATE='2025-08-05T19:24:02.875530+00:00' AIRFLOW_CTX_TRY_NUMBER='2' AIRFLOW_CTX_DAG_RUN_ID='manual__2025-08-05T19:24:02.875530+00:00'
[2025-08-05T19:30:30.395+0000] {taskinstance.py:430} INFO - ::endgroup::
[2025-08-05T19:30:30.423+0000] {subprocess.py:63} INFO - Tmp dir root location: /tmp
[2025-08-05T19:30:30.425+0000] {subprocess.py:75} INFO - Running command: ['/usr/bin/bash', '-c', 'cd /opt/***/ml_pipeline && dvc repro train']
[2025-08-05T19:30:30.443+0000] {subprocess.py:86} INFO - Output:
[2025-08-05T19:30:35.560+0000] {subprocess.py:93} INFO - Stage 'preprocess' didn't change, skipping
[2025-08-05T19:30:35.928+0000] {subprocess.py:93} INFO - Running stage 'train':
[2025-08-05T19:30:35.929+0000] {subprocess.py:93} INFO - > python train/train_task.py
[2025-08-05T19:30:44.665+0000] {subprocess.py:93} INFO - Traceback (most recent call last):
[2025-08-05T19:30:44.666+0000] {subprocess.py:93} INFO -   File "/opt/***/ml_pipeline/train/train_task.py", line 15, in <module>
[2025-08-05T19:30:44.668+0000] {subprocess.py:93} INFO -     from train.outlier import outlier_detector
[2025-08-05T19:30:44.670+0000] {subprocess.py:93} INFO -     ^^^^^^^^^^^^^^^^^^^^^^^^^^^^^^^^^^^^^^^^^^
[2025-08-05T19:30:44.671+0000] {subprocess.py:93} INFO - ModuleNotFoundError: No module named 'train'
[2025-08-05T19:30:45.100+0000] {subprocess.py:93} INFO - ERROR: failed to reproduce 'train': failed to run: python train/train_task.py, exited with 1
[2025-08-05T19:30:45.491+0000] {subprocess.py:97} INFO - Command exited with return code 255
[2025-08-05T19:30:45.493+0000] {taskinstance.py:441} INFO - ::group::Post task execution logs
[2025-08-05T19:30:45.514+0000] {taskinstance.py:2905} ERROR - Task failed with exception
Traceback (most recent call last):
  File "/home/airflow/.local/lib/python3.12/site-packages/airflow/models/taskinstance.py", line 465, in _execute_task
    result = _execute_callable(context=context, **execute_callable_kwargs)
             ^^^^^^^^^^^^^^^^^^^^^^^^^^^^^^^^^^^^^^^^^^^^^^^^^^^^^^^^^^^^^
  File "/home/airflow/.local/lib/python3.12/site-packages/airflow/models/taskinstance.py", line 432, in _execute_callable
    return execute_callable(context=context, **execute_callable_kwargs)
           ^^^^^^^^^^^^^^^^^^^^^^^^^^^^^^^^^^^^^^^^^^^^^^^^^^^^^^^^^^^^
  File "/home/airflow/.local/lib/python3.12/site-packages/airflow/models/baseoperator.py", line 400, in wrapper
    return func(self, *args, **kwargs)
           ^^^^^^^^^^^^^^^^^^^^^^^^^^^
  File "/home/airflow/.local/lib/python3.12/site-packages/airflow/operators/bash.py", line 243, in execute
    raise AirflowException(
airflow.exceptions.AirflowException: Bash command failed. The command returned a non-zero exit code 255.
[2025-08-05T19:30:45.523+0000] {taskinstance.py:1206} INFO - Marking task as FAILED. dag_id=ml_pipeline_dvc, task_id=train_dvc, run_id=manual__2025-08-05T19:24:02.875530+00:00, execution_date=20250805T192402, start_date=20250805T193030, end_date=20250805T193045
[2025-08-05T19:30:45.554+0000] {standard_task_runner.py:110} ERROR - Failed to execute job 15 for task train_dvc (Bash command failed. The command returned a non-zero exit code 255.; 1099)
[2025-08-05T19:30:45.605+0000] {local_task_job_runner.py:240} INFO - Task exited with return code 1
[2025-08-05T19:30:45.631+0000] {taskinstance.py:3498} INFO - 0 downstream tasks scheduled from follow-on schedule check
[2025-08-05T19:30:45.633+0000] {local_task_job_runner.py:222} INFO - ::endgroup::
