[2025-08-05T19:24:52.303+0000] {local_task_job_runner.py:120} INFO - ::group::Pre task execution logs
[2025-08-05T19:24:52.470+0000] {taskinstance.py:2076} INFO - Dependencies all met for dep_context=non-requeueable deps ti=<TaskInstance: ml_pipeline_dvc.train_dvc manual__2025-08-05T19:24:02.875530+00:00 [queued]>
[2025-08-05T19:24:52.526+0000] {taskinstance.py:2076} INFO - Dependencies all met for dep_context=requeueable deps ti=<TaskInstance: ml_pipeline_dvc.train_dvc manual__2025-08-05T19:24:02.875530+00:00 [queued]>
[2025-08-05T19:24:52.530+0000] {taskinstance.py:2306} INFO - Starting attempt 1 of 2
[2025-08-05T19:24:52.636+0000] {taskinstance.py:2330} INFO - Executing <Task(BashOperator): train_dvc> on 2025-08-05 19:24:02.875530+00:00
[2025-08-05T19:24:52.675+0000] {warnings.py:110} WARNING - /home/***/.local/lib/python3.12/site-packages/***/task/task_runner/standard_task_runner.py:61: DeprecationWarning: This process (pid=912) is multi-threaded, use of fork() may lead to deadlocks in the child.
  pid = os.fork()

[2025-08-05T19:24:52.689+0000] {standard_task_runner.py:63} INFO - Started process 913 to run task
[2025-08-05T19:24:52.688+0000] {standard_task_runner.py:90} INFO - Running: ['***', 'tasks', 'run', 'ml_pipeline_dvc', 'train_dvc', 'manual__2025-08-05T19:24:02.875530+00:00', '--job-id', '12', '--raw', '--subdir', 'DAGS_FOLDER/ml_pipeline_dag_2.py', '--cfg-path', '/tmp/tmpqr3frb_7']
[2025-08-05T19:24:52.698+0000] {standard_task_runner.py:91} INFO - Job 12: Subtask train_dvc
[2025-08-05T19:24:53.068+0000] {task_command.py:426} INFO - Running <TaskInstance: ml_pipeline_dvc.train_dvc manual__2025-08-05T19:24:02.875530+00:00 [running]> on host cb274dbeb17b
[2025-08-05T19:24:53.865+0000] {taskinstance.py:2648} INFO - Exporting env vars: AIRFLOW_CTX_DAG_OWNER='yas' AIRFLOW_CTX_DAG_ID='ml_pipeline_dvc' AIRFLOW_CTX_TASK_ID='train_dvc' AIRFLOW_CTX_EXECUTION_DATE='2025-08-05T19:24:02.875530+00:00' AIRFLOW_CTX_TRY_NUMBER='1' AIRFLOW_CTX_DAG_RUN_ID='manual__2025-08-05T19:24:02.875530+00:00'
[2025-08-05T19:24:53.875+0000] {taskinstance.py:430} INFO - ::endgroup::
[2025-08-05T19:24:54.002+0000] {subprocess.py:63} INFO - Tmp dir root location: /tmp
[2025-08-05T19:24:54.008+0000] {subprocess.py:75} INFO - Running command: ['/usr/bin/bash', '-c', 'cd /opt/***/ml_pipeline && dvc repro train']
[2025-08-05T19:24:54.083+0000] {subprocess.py:86} INFO - Output:
[2025-08-05T19:25:08.976+0000] {subprocess.py:93} INFO - Stage 'preprocess' didn't change, skipping
[2025-08-05T19:25:09.554+0000] {subprocess.py:93} INFO - Running stage 'train':
[2025-08-05T19:25:09.559+0000] {subprocess.py:93} INFO - > python train/train_task.py
[2025-08-05T19:25:27.740+0000] {subprocess.py:93} INFO - Traceback (most recent call last):
[2025-08-05T19:25:27.741+0000] {subprocess.py:93} INFO -   File "/opt/***/ml_pipeline/train/train_task.py", line 15, in <module>
[2025-08-05T19:25:27.742+0000] {subprocess.py:93} INFO -     from train.outlier import outlier_detector
[2025-08-05T19:25:27.744+0000] {subprocess.py:93} INFO -     ^^^^^^^^^^^^^^^^^^^^^^^^^^^^^^^^^^^^^^^^^^
[2025-08-05T19:25:27.745+0000] {subprocess.py:93} INFO - ModuleNotFoundError: No module named 'train'
[2025-08-05T19:25:28.167+0000] {subprocess.py:93} INFO - ERROR: failed to reproduce 'train': failed to run: python train/train_task.py, exited with 1
[2025-08-05T19:25:28.554+0000] {subprocess.py:97} INFO - Command exited with return code 255
[2025-08-05T19:25:28.556+0000] {taskinstance.py:441} INFO - ::group::Post task execution logs
[2025-08-05T19:25:28.579+0000] {taskinstance.py:2905} ERROR - Task failed with exception
Traceback (most recent call last):
  File "/home/airflow/.local/lib/python3.12/site-packages/airflow/models/taskinstance.py", line 465, in _execute_task
    result = _execute_callable(context=context, **execute_callable_kwargs)
             ^^^^^^^^^^^^^^^^^^^^^^^^^^^^^^^^^^^^^^^^^^^^^^^^^^^^^^^^^^^^^
  File "/home/airflow/.local/lib/python3.12/site-packages/airflow/models/taskinstance.py", line 432, in _execute_callable
    return execute_callable(context=context, **execute_callable_kwargs)
           ^^^^^^^^^^^^^^^^^^^^^^^^^^^^^^^^^^^^^^^^^^^^^^^^^^^^^^^^^^^^
  File "/home/airflow/.local/lib/python3.12/site-packages/airflow/models/baseoperator.py", line 400, in wrapper
    return func(self, *args, **kwargs)
           ^^^^^^^^^^^^^^^^^^^^^^^^^^^
  File "/home/airflow/.local/lib/python3.12/site-packages/airflow/operators/bash.py", line 243, in execute
    raise AirflowException(
airflow.exceptions.AirflowException: Bash command failed. The command returned a non-zero exit code 255.
[2025-08-05T19:25:28.591+0000] {taskinstance.py:1206} INFO - Marking task as UP_FOR_RETRY. dag_id=ml_pipeline_dvc, task_id=train_dvc, run_id=manual__2025-08-05T19:24:02.875530+00:00, execution_date=20250805T192402, start_date=20250805T192452, end_date=20250805T192528
[2025-08-05T19:25:28.617+0000] {standard_task_runner.py:110} ERROR - Failed to execute job 12 for task train_dvc (Bash command failed. The command returned a non-zero exit code 255.; 913)
[2025-08-05T19:25:28.634+0000] {local_task_job_runner.py:240} INFO - Task exited with return code 1
[2025-08-05T19:25:28.661+0000] {taskinstance.py:3498} INFO - 0 downstream tasks scheduled from follow-on schedule check
[2025-08-05T19:25:28.664+0000] {local_task_job_runner.py:222} INFO - ::endgroup::
