[2025-08-16T03:13:53.687+0000] {local_task_job_runner.py:120} INFO - ::group::Pre task execution logs
[2025-08-16T03:13:53.725+0000] {taskinstance.py:2076} INFO - Dependencies all met for dep_context=non-requeueable deps ti=<TaskInstance: ml_pipeline_dvc.train_fraud_detector manual__2025-08-16T03:12:35.053747+00:00 [queued]>
[2025-08-16T03:13:53.739+0000] {taskinstance.py:2076} INFO - Dependencies all met for dep_context=requeueable deps ti=<TaskInstance: ml_pipeline_dvc.train_fraud_detector manual__2025-08-16T03:12:35.053747+00:00 [queued]>
[2025-08-16T03:13:53.740+0000] {taskinstance.py:2306} INFO - Starting attempt 1 of 1
[2025-08-16T03:13:53.765+0000] {taskinstance.py:2330} INFO - Executing <Task(BashOperator): train_fraud_detector> on 2025-08-16 03:12:35.053747+00:00
[2025-08-16T03:13:53.775+0000] {warnings.py:110} WARNING - /home/***/.local/lib/python3.12/site-packages/***/task/task_runner/standard_task_runner.py:61: DeprecationWarning: This process (pid=10679) is multi-threaded, use of fork() may lead to deadlocks in the child.
  pid = os.fork()

[2025-08-16T03:13:53.778+0000] {standard_task_runner.py:63} INFO - Started process 10680 to run task
[2025-08-16T03:13:53.777+0000] {standard_task_runner.py:90} INFO - Running: ['***', 'tasks', 'run', 'ml_pipeline_dvc', 'train_fraud_detector', 'manual__2025-08-16T03:12:35.053747+00:00', '--job-id', '283', '--raw', '--subdir', 'DAGS_FOLDER/train_pipeline_dag.py', '--cfg-path', '/tmp/tmpledyksvw']
[2025-08-16T03:13:53.780+0000] {standard_task_runner.py:91} INFO - Job 283: Subtask train_fraud_detector
[2025-08-16T03:13:53.846+0000] {task_command.py:426} INFO - Running <TaskInstance: ml_pipeline_dvc.train_fraud_detector manual__2025-08-16T03:12:35.053747+00:00 [running]> on host 952e994ef77e
[2025-08-16T03:13:53.977+0000] {taskinstance.py:2648} INFO - Exporting env vars: AIRFLOW_CTX_DAG_OWNER='yas' AIRFLOW_CTX_DAG_ID='ml_pipeline_dvc' AIRFLOW_CTX_TASK_ID='train_fraud_detector' AIRFLOW_CTX_EXECUTION_DATE='2025-08-16T03:12:35.053747+00:00' AIRFLOW_CTX_TRY_NUMBER='1' AIRFLOW_CTX_DAG_RUN_ID='manual__2025-08-16T03:12:35.053747+00:00'
[2025-08-16T03:13:53.978+0000] {taskinstance.py:430} INFO - ::endgroup::
[2025-08-16T03:13:54.006+0000] {subprocess.py:63} INFO - Tmp dir root location: /tmp
[2025-08-16T03:13:54.008+0000] {subprocess.py:75} INFO - Running command: ['/usr/bin/bash', '-c', '\n            cd /opt/***/ml_pipeline\n            dvc pull\n            dvc repro train_model\n            dvc push\n        ']
[2025-08-16T03:13:54.022+0000] {subprocess.py:86} INFO - Output:
[2025-08-16T03:13:57.155+0000] {subprocess.py:93} INFO - Everything is up to date.
[2025-08-16T03:14:00.766+0000] {subprocess.py:93} INFO - 'data/raw.dvc' didn't change, skipping
[2025-08-16T03:14:00.802+0000] {subprocess.py:93} INFO - Stage 'preprocess' didn't change, skipping
[2025-08-16T03:14:00.877+0000] {subprocess.py:93} INFO - Running stage 'train_model':
[2025-08-16T03:14:00.877+0000] {subprocess.py:93} INFO - > python train/train_fraud_detector_task.py
[2025-08-16T03:14:05.210+0000] {subprocess.py:93} INFO - 2025/08/16 03:14:05 WARNING mlflow.utils.git_utils: Failed to import Git (the Git executable is probably not on your PATH), so Git SHA is not available. Error: Failed to initialize: Bad git executable.
[2025-08-16T03:14:05.211+0000] {subprocess.py:93} INFO - The git executable must be specified in one of the following ways:
[2025-08-16T03:14:05.211+0000] {subprocess.py:93} INFO -     - be included in your $PATH
[2025-08-16T03:14:05.212+0000] {subprocess.py:93} INFO -     - be set via $GIT_PYTHON_GIT_EXECUTABLE
[2025-08-16T03:14:05.213+0000] {subprocess.py:93} INFO -     - explicitly set via git.refresh(<full-path-to-git-executable>)
[2025-08-16T03:14:05.214+0000] {subprocess.py:93} INFO - 
[2025-08-16T03:14:05.214+0000] {subprocess.py:93} INFO - All git commands will error until this is rectified.
[2025-08-16T03:14:05.215+0000] {subprocess.py:93} INFO - 
[2025-08-16T03:14:05.215+0000] {subprocess.py:93} INFO - This initial message can be silenced or aggravated in the future by setting the
[2025-08-16T03:14:05.216+0000] {subprocess.py:93} INFO - $GIT_PYTHON_REFRESH environment variable. Use one of the following values:
[2025-08-16T03:14:05.217+0000] {subprocess.py:93} INFO -     - quiet|q|silence|s|silent|none|n|0: for no message or exception
[2025-08-16T03:14:05.217+0000] {subprocess.py:93} INFO -     - warn|w|warning|log|l|1: for a warning message (logging level CRITICAL, displayed by default)
[2025-08-16T03:14:05.218+0000] {subprocess.py:93} INFO -     - error|e|exception|raise|r|2: for a raised exception
[2025-08-16T03:14:05.218+0000] {subprocess.py:93} INFO - 
[2025-08-16T03:14:05.219+0000] {subprocess.py:93} INFO - Example:
[2025-08-16T03:14:05.220+0000] {subprocess.py:93} INFO -     export GIT_PYTHON_REFRESH=quiet
[2025-08-16T03:14:05.220+0000] {subprocess.py:93} INFO - 
[2025-08-16T03:14:05.277+0000] {subprocess.py:93} INFO - {"asctime": "2025-08-16 03:14:05,233", "levelname": "INFO", "name": "model_training", "trace_id": null, "span_id": null, "message": "MLflow run id: b737ee42c4cf4f8bbed3b6235e53c951"}
[2025-08-16T03:14:05.377+0000] {subprocess.py:93} INFO - {"asctime": "2025-08-16 03:14:05,377", "levelname": "INFO", "name": "model_training", "trace_id": null, "span_id": null, "message": "Loading preprocessor from artifacts/preprocess/fraud_pipeline_v20250815_164605.pkl to process raw data"}
[2025-08-16T03:14:05.408+0000] {subprocess.py:93} INFO - {"asctime": "2025-08-16 03:14:05,408", "levelname": "INFO", "name": "model_training", "trace_id": null, "span_id": null, "message": "Preprocessing/transform applied to raw data."}
[2025-08-16T03:14:05.718+0000] {subprocess.py:93} INFO - {"asctime": "2025-08-16 03:14:05,714", "levelname": "INFO", "name": "model_training", "trace_id": null, "span_id": null, "message": "Evaluation metrics: {'accuracy': 0.998, 'f1_score': 0.9655172413793104, 'precision': 1.0, 'recall': 0.9333333333333333, 'auc': 0.9999312714776633}"}
[2025-08-16T03:14:06.016+0000] {subprocess.py:93} INFO - 🏃 View run train_v20250815_164605 at: http://mlflow:5000/#/experiments/2/runs/b737ee42c4cf4f8bbed3b6235e53c951
[2025-08-16T03:14:06.017+0000] {subprocess.py:93} INFO - 🧪 View experiment at: http://mlflow:5000/#/experiments/2
[2025-08-16T03:14:06.018+0000] {subprocess.py:93} INFO - Traceback (most recent call last):
[2025-08-16T03:14:06.018+0000] {subprocess.py:93} INFO -   File "/opt/***/ml_pipeline/train/train_fraud_detector_task.py", line 228, in <module>
[2025-08-16T03:14:06.019+0000] {subprocess.py:93} INFO -     main()
[2025-08-16T03:14:06.019+0000] {subprocess.py:93} INFO -   File "/opt/***/ml_pipeline/train/train_fraud_detector_task.py", line 167, in main
[2025-08-16T03:14:06.020+0000] {subprocess.py:93} INFO -     signature = infer_signature(X_transformed, final_pipeline.predict(X_transformed))
[2025-08-16T03:14:06.020+0000] {subprocess.py:93} INFO -                                                ^^^^^^^^^^^^^^^^^^^^^^^^^^^^^^^^^^^^^
[2025-08-16T03:14:06.021+0000] {subprocess.py:93} INFO -   File "/home/***/.local/lib/python3.12/site-packages/sklearn/pipeline.py", line 788, in predict
[2025-08-16T03:14:06.021+0000] {subprocess.py:93} INFO -     Xt = transform.transform(Xt)
[2025-08-16T03:14:06.022+0000] {subprocess.py:93} INFO -          ^^^^^^^^^^^^^^^^^^^^^^^
[2025-08-16T03:14:06.022+0000] {subprocess.py:93} INFO -   File "/home/***/.local/lib/python3.12/site-packages/sklearn/utils/_set_output.py", line 316, in wrapped
[2025-08-16T03:14:06.023+0000] {subprocess.py:93} INFO -     data_to_wrap = f(self, X, *args, **kwargs)
[2025-08-16T03:14:06.023+0000] {subprocess.py:93} INFO -                    ^^^^^^^^^^^^^^^^^^^^^^^^^^^
[2025-08-16T03:14:06.023+0000] {subprocess.py:93} INFO -   File "/home/***/.local/lib/python3.12/site-packages/sklearn/compose/_column_transformer.py", line 1089, in transform
[2025-08-16T03:14:06.024+0000] {subprocess.py:93} INFO -     _check_n_features(self, X, reset=False)
[2025-08-16T03:14:06.024+0000] {subprocess.py:93} INFO -   File "/home/***/.local/lib/python3.12/site-packages/sklearn/utils/validation.py", line 2839, in _check_n_features
[2025-08-16T03:14:06.025+0000] {subprocess.py:93} INFO -     raise ValueError(
[2025-08-16T03:14:06.025+0000] {subprocess.py:93} INFO - ValueError: X has 9 features, but ColumnTransformer is expecting 4 features as input.
[2025-08-16T03:14:06.375+0000] {subprocess.py:93} INFO - ERROR: failed to reproduce 'train_model': failed to run: python train/train_fraud_detector_task.py, exited with 1
[2025-08-16T03:14:10.009+0000] {subprocess.py:93} INFO - Everything is up to date.
[2025-08-16T03:14:10.396+0000] {subprocess.py:97} INFO - Command exited with return code 0
[2025-08-16T03:14:10.397+0000] {taskinstance.py:441} INFO - ::group::Post task execution logs
[2025-08-16T03:14:10.443+0000] {taskinstance.py:1206} INFO - Marking task as SUCCESS. dag_id=ml_pipeline_dvc, task_id=train_fraud_detector, run_id=manual__2025-08-16T03:12:35.053747+00:00, execution_date=20250816T031235, start_date=20250816T031353, end_date=20250816T031410
[2025-08-16T03:14:10.474+0000] {local_task_job_runner.py:240} INFO - Task exited with return code 0
[2025-08-16T03:14:10.497+0000] {taskinstance.py:3498} INFO - 0 downstream tasks scheduled from follow-on schedule check
[2025-08-16T03:14:10.499+0000] {local_task_job_runner.py:222} INFO - ::endgroup::
