[2025-07-30T22:26:53.335+0000] {local_task_job_runner.py:120} INFO - ::group::Pre task execution logs
[2025-07-30T22:26:53.366+0000] {taskinstance.py:2076} INFO - Dependencies all met for dep_context=non-requeueable deps ti=<TaskInstance: ml_pipeline_dag.train_classification_model_task manual__2025-07-30T22:26:39.442887+00:00 [queued]>
[2025-07-30T22:26:53.375+0000] {taskinstance.py:2076} INFO - Dependencies all met for dep_context=requeueable deps ti=<TaskInstance: ml_pipeline_dag.train_classification_model_task manual__2025-07-30T22:26:39.442887+00:00 [queued]>
[2025-07-30T22:26:53.376+0000] {taskinstance.py:2306} INFO - Starting attempt 1 of 1
[2025-07-30T22:26:53.393+0000] {taskinstance.py:2330} INFO - Executing <Task(PythonOperator): train_classification_model_task> on 2025-07-30 22:26:39.442887+00:00
[2025-07-30T22:26:53.403+0000] {warnings.py:110} WARNING - /home/***/.local/lib/python3.12/site-packages/***/task/task_runner/standard_task_runner.py:61: DeprecationWarning: This process (pid=105) is multi-threaded, use of fork() may lead to deadlocks in the child.
  pid = os.fork()

[2025-07-30T22:26:53.406+0000] {standard_task_runner.py:63} INFO - Started process 114 to run task
[2025-07-30T22:26:53.406+0000] {standard_task_runner.py:90} INFO - Running: ['***', 'tasks', 'run', 'ml_pipeline_dag', 'train_classification_model_task', 'manual__2025-07-30T22:26:39.442887+00:00', '--job-id', '36', '--raw', '--subdir', 'DAGS_FOLDER/ml_pipeline_dag.py', '--cfg-path', '/tmp/tmpdk2lu97t']
[2025-07-30T22:26:53.410+0000] {standard_task_runner.py:91} INFO - Job 36: Subtask train_classification_model_task
[2025-07-30T22:26:53.482+0000] {task_command.py:426} INFO - Running <TaskInstance: ml_pipeline_dag.train_classification_model_task manual__2025-07-30T22:26:39.442887+00:00 [running]> on host edd92f9295b0
[2025-07-30T22:26:53.604+0000] {taskinstance.py:2648} INFO - Exporting env vars: AIRFLOW_CTX_DAG_OWNER='***' AIRFLOW_CTX_DAG_ID='ml_pipeline_dag' AIRFLOW_CTX_TASK_ID='train_classification_model_task' AIRFLOW_CTX_EXECUTION_DATE='2025-07-30T22:26:39.442887+00:00' AIRFLOW_CTX_TRY_NUMBER='1' AIRFLOW_CTX_DAG_RUN_ID='manual__2025-07-30T22:26:39.442887+00:00'
[2025-07-30T22:26:53.607+0000] {taskinstance.py:430} INFO - ::endgroup::
[2025-07-30T22:26:53.940+0000] {train_model.py:53} INFO - Model accuracy: 0.89
[2025-07-30T22:26:53.941+0000] {train_model.py:54} INFO - Training time: 0.32 seconds
[2025-07-30T22:26:53.941+0000] {train_model.py:55} INFO - Log loss: 0.3259
[2025-07-30T22:26:53.954+0000] {train_model.py:77} ERROR - Failed to send metrics: 404 Client Error: Not Found for url: http://metrics-server:8000/model-metrics
[2025-07-30T22:26:53.955+0000] {python.py:237} INFO - Done. Returned value was: None
[2025-07-30T22:26:53.956+0000] {taskinstance.py:441} INFO - ::group::Post task execution logs
[2025-07-30T22:26:53.971+0000] {taskinstance.py:1206} INFO - Marking task as SUCCESS. dag_id=ml_pipeline_dag, task_id=train_classification_model_task, run_id=manual__2025-07-30T22:26:39.442887+00:00, execution_date=20250730T222639, start_date=20250730T222653, end_date=20250730T222653
[2025-07-30T22:26:53.998+0000] {local_task_job_runner.py:240} INFO - Task exited with return code 0
[2025-07-30T22:26:54.024+0000] {taskinstance.py:3498} INFO - 0 downstream tasks scheduled from follow-on schedule check
[2025-07-30T22:26:54.026+0000] {local_task_job_runner.py:222} INFO - ::endgroup::
