[2025-08-06T03:40:49.814+0000] {local_task_job_runner.py:120} INFO - ::group::Pre task execution logs
[2025-08-06T03:40:49.970+0000] {taskinstance.py:2076} INFO - Dependencies all met for dep_context=non-requeueable deps ti=<TaskInstance: ml_pipeline_dvc.preprocess_dvc manual__2025-08-06T03:40:47.439795+00:00 [queued]>
[2025-08-06T03:40:50.029+0000] {taskinstance.py:2076} INFO - Dependencies all met for dep_context=requeueable deps ti=<TaskInstance: ml_pipeline_dvc.preprocess_dvc manual__2025-08-06T03:40:47.439795+00:00 [queued]>
[2025-08-06T03:40:50.031+0000] {taskinstance.py:2306} INFO - Starting attempt 1 of 2
[2025-08-06T03:40:50.096+0000] {taskinstance.py:2330} INFO - Executing <Task(BashOperator): preprocess_dvc> on 2025-08-06 03:40:47.439795+00:00
[2025-08-06T03:40:50.121+0000] {standard_task_runner.py:90} INFO - Running: ['***', 'tasks', 'run', 'ml_pipeline_dvc', 'preprocess_dvc', 'manual__2025-08-06T03:40:47.439795+00:00', '--job-id', '12', '--raw', '--subdir', 'DAGS_FOLDER/ml_pipeline_dag_2.py', '--cfg-path', '/tmp/tmp3v9avjvx']
[2025-08-06T03:40:50.126+0000] {standard_task_runner.py:91} INFO - Job 12: Subtask preprocess_dvc
[2025-08-06T03:40:50.127+0000] {warnings.py:110} WARNING - /home/***/.local/lib/python3.12/site-packages/***/task/task_runner/standard_task_runner.py:61: DeprecationWarning: This process (pid=668) is multi-threaded, use of fork() may lead to deadlocks in the child.
  pid = os.fork()

[2025-08-06T03:40:50.130+0000] {standard_task_runner.py:63} INFO - Started process 669 to run task
[2025-08-06T03:40:50.332+0000] {task_command.py:426} INFO - Running <TaskInstance: ml_pipeline_dvc.preprocess_dvc manual__2025-08-06T03:40:47.439795+00:00 [running]> on host 1d9cc99197c4
[2025-08-06T03:40:50.695+0000] {taskinstance.py:2648} INFO - Exporting env vars: AIRFLOW_CTX_DAG_OWNER='yas' AIRFLOW_CTX_DAG_ID='ml_pipeline_dvc' AIRFLOW_CTX_TASK_ID='preprocess_dvc' AIRFLOW_CTX_EXECUTION_DATE='2025-08-06T03:40:47.439795+00:00' AIRFLOW_CTX_TRY_NUMBER='1' AIRFLOW_CTX_DAG_RUN_ID='manual__2025-08-06T03:40:47.439795+00:00'
[2025-08-06T03:40:50.698+0000] {taskinstance.py:430} INFO - ::endgroup::
[2025-08-06T03:40:50.735+0000] {subprocess.py:63} INFO - Tmp dir root location: /tmp
[2025-08-06T03:40:50.739+0000] {subprocess.py:75} INFO - Running command: ['/usr/bin/bash', '-c', 'cd /opt/***/ml_pipeline && dvc repro preprocess']
[2025-08-06T03:40:50.766+0000] {subprocess.py:86} INFO - Output:
[2025-08-06T03:40:53.795+0000] {subprocess.py:93} INFO - Running stage 'preprocess':
[2025-08-06T03:40:53.797+0000] {subprocess.py:93} INFO - > python preprocessing/preprocess_task.py
[2025-08-06T03:40:56.269+0000] {subprocess.py:93} INFO - {"asctime": "2025-08-06 03:40:56,268", "levelname": "INFO", "message": "\u2705 Saved pipeline: artifacts/preprocess/pipeline_v20250801_144307.pkl"}
[2025-08-06T03:40:56.271+0000] {subprocess.py:93} INFO - {"asctime": "2025-08-06 03:40:56,269", "levelname": "INFO", "message": "\ud83d\udcc4 Saved metadata: artifacts/preprocess/preprocess_metadata_v20250801_144307.json"}
[2025-08-06T03:40:56.272+0000] {subprocess.py:93} INFO - {"asctime": "2025-08-06 03:40:56,269", "levelname": "INFO", "message": "\ud83d\udce6 Updated version_meta.json"}
[2025-08-06T03:40:56.696+0000] {subprocess.py:93} INFO - Updating lock file 'dvc.lock'
[2025-08-06T03:40:56.711+0000] {subprocess.py:93} INFO - 
[2025-08-06T03:40:56.712+0000] {subprocess.py:93} INFO - To track the changes with git, run:
[2025-08-06T03:40:56.713+0000] {subprocess.py:93} INFO - 
[2025-08-06T03:40:56.714+0000] {subprocess.py:93} INFO - 	git add dvc.lock
[2025-08-06T03:40:56.714+0000] {subprocess.py:93} INFO - 
[2025-08-06T03:40:56.715+0000] {subprocess.py:93} INFO - To enable auto staging, run:
[2025-08-06T03:40:56.716+0000] {subprocess.py:93} INFO - 
[2025-08-06T03:40:56.716+0000] {subprocess.py:93} INFO - 	dvc config core.autostage true
[2025-08-06T03:40:56.717+0000] {subprocess.py:93} INFO - Use `dvc push` to send your updates to remote storage.
[2025-08-06T03:40:57.082+0000] {subprocess.py:97} INFO - Command exited with return code 0
[2025-08-06T03:40:57.084+0000] {taskinstance.py:441} INFO - ::group::Post task execution logs
[2025-08-06T03:40:57.130+0000] {taskinstance.py:1206} INFO - Marking task as SUCCESS. dag_id=ml_pipeline_dvc, task_id=preprocess_dvc, run_id=manual__2025-08-06T03:40:47.439795+00:00, execution_date=20250806T034047, start_date=20250806T034049, end_date=20250806T034057
[2025-08-06T03:40:57.188+0000] {local_task_job_runner.py:240} INFO - Task exited with return code 0
[2025-08-06T03:40:57.224+0000] {taskinstance.py:3498} INFO - 1 downstream tasks scheduled from follow-on schedule check
[2025-08-06T03:40:57.236+0000] {local_task_job_runner.py:222} INFO - ::endgroup::
