[2025-08-16T01:07:39.299+0000] {local_task_job_runner.py:120} INFO - ::group::Pre task execution logs
[2025-08-16T01:07:39.404+0000] {taskinstance.py:2076} INFO - Dependencies all met for dep_context=non-requeueable deps ti=<TaskInstance: ml_pipeline_dvc.preprocess_dvc manual__2025-08-16T01:07:35.900053+00:00 [queued]>
[2025-08-16T01:07:39.498+0000] {taskinstance.py:2076} INFO - Dependencies all met for dep_context=requeueable deps ti=<TaskInstance: ml_pipeline_dvc.preprocess_dvc manual__2025-08-16T01:07:35.900053+00:00 [queued]>
[2025-08-16T01:07:39.507+0000] {taskinstance.py:2306} INFO - Starting attempt 1 of 1
[2025-08-16T01:07:39.593+0000] {taskinstance.py:2330} INFO - Executing <Task(BashOperator): preprocess_dvc> on 2025-08-16 01:07:35.900053+00:00
[2025-08-16T01:07:39.627+0000] {warnings.py:110} WARNING - /home/***/.local/lib/python3.12/site-packages/***/task/task_runner/standard_task_runner.py:61: DeprecationWarning: This process (pid=6527) is multi-threaded, use of fork() may lead to deadlocks in the child.
  pid = os.fork()

[2025-08-16T01:07:39.657+0000] {standard_task_runner.py:63} INFO - Started process 6528 to run task
[2025-08-16T01:07:39.628+0000] {standard_task_runner.py:90} INFO - Running: ['***', 'tasks', 'run', 'ml_pipeline_dvc', 'preprocess_dvc', 'manual__2025-08-16T01:07:35.900053+00:00', '--job-id', '254', '--raw', '--subdir', 'DAGS_FOLDER/train_pipeline_dag.py', '--cfg-path', '/tmp/tmp4rinc9cy']
[2025-08-16T01:07:39.664+0000] {standard_task_runner.py:91} INFO - Job 254: Subtask preprocess_dvc
[2025-08-16T01:07:39.892+0000] {task_command.py:426} INFO - Running <TaskInstance: ml_pipeline_dvc.preprocess_dvc manual__2025-08-16T01:07:35.900053+00:00 [running]> on host 952e994ef77e
[2025-08-16T01:07:40.217+0000] {taskinstance.py:2648} INFO - Exporting env vars: AIRFLOW_CTX_DAG_OWNER='yas' AIRFLOW_CTX_DAG_ID='ml_pipeline_dvc' AIRFLOW_CTX_TASK_ID='preprocess_dvc' AIRFLOW_CTX_EXECUTION_DATE='2025-08-16T01:07:35.900053+00:00' AIRFLOW_CTX_TRY_NUMBER='1' AIRFLOW_CTX_DAG_RUN_ID='manual__2025-08-16T01:07:35.900053+00:00'
[2025-08-16T01:07:40.219+0000] {taskinstance.py:430} INFO - ::endgroup::
[2025-08-16T01:07:40.245+0000] {subprocess.py:63} INFO - Tmp dir root location: /tmp
[2025-08-16T01:07:40.247+0000] {subprocess.py:75} INFO - Running command: ['/usr/bin/bash', '-c', '\n            cd /opt/***/ml_pipeline\n            dvc pull data/raw.dvc version_meta.json.dvc \n            dvc repro preprocess\n            dvc push\n        ']
[2025-08-16T01:07:40.263+0000] {subprocess.py:86} INFO - Output:
[2025-08-16T01:07:44.305+0000] {subprocess.py:93} INFO - ERROR: failed to pull data from the cloud - Can't remove the following unsaved files without confirmation. Use `--force` to force.
[2025-08-16T01:07:44.306+0000] {subprocess.py:93} INFO - /opt/***/ml_pipeline/version_meta.json
[2025-08-16T01:07:49.263+0000] {subprocess.py:93} INFO - 'data/raw.dvc' didn't change, skipping
[2025-08-16T01:07:49.314+0000] {subprocess.py:93} INFO - Verifying data sources in stage: 'version_meta.json.dvc'
[2025-08-16T01:07:49.390+0000] {subprocess.py:93} INFO - 
[2025-08-16T01:07:49.462+0000] {subprocess.py:93} INFO - Running stage 'preprocess':
[2025-08-16T01:07:49.463+0000] {subprocess.py:93} INFO - > python preprocessing/preprocess_task.py
[2025-08-16T01:07:52.452+0000] {subprocess.py:93} INFO - {"asctime": "2025-08-16 01:07:52,355", "levelname": "INFO", "name": "preprocessing_pipeline", "trace_id": null, "span_id": null, "message": "version_meta.json loaded from local path!"}
[2025-08-16T01:07:52.496+0000] {subprocess.py:93} INFO - {"asctime": "2025-08-16 01:07:52,496", "levelname": "INFO", "name": "preprocessing_pipeline", "trace_id": null, "span_id": null, "message": "preprocessor trained!"}
[2025-08-16T01:07:52.500+0000] {subprocess.py:93} INFO - {"asctime": "2025-08-16 01:07:52,500", "levelname": "INFO", "name": "preprocessing_pipeline", "trace_id": null, "span_id": null, "message": "preprocessor saved to local path artifacts/preprocess/fraud_pipeline_v20250815_164605.pkl!"}
[2025-08-16T01:07:52.503+0000] {subprocess.py:93} INFO - {"asctime": "2025-08-16 01:07:52,502", "levelname": "INFO", "name": "preprocessing_pipeline", "trace_id": null, "span_id": null, "message": "\u2705 Saved pipeline at: artifacts/preprocess/fraud_pipeline_v20250815_164605.pkl"}
[2025-08-16T01:07:52.503+0000] {subprocess.py:93} INFO - {"asctime": "2025-08-16 01:07:52,503", "levelname": "INFO", "name": "preprocessing_pipeline", "trace_id": null, "span_id": null, "message": "\ud83d\udcc4 Saved metadata: artifacts/preprocess/preprocess_metadata_v20250815_164605.json"}
[2025-08-16T01:07:52.504+0000] {subprocess.py:93} INFO - {"asctime": "2025-08-16 01:07:52,503", "levelname": "INFO", "name": "preprocessing_pipeline", "trace_id": null, "span_id": null, "message": "\ud83d\udce6 Updated version_meta.json"}
[2025-08-16T01:07:52.923+0000] {subprocess.py:93} INFO - Updating lock file 'dvc.lock'
[2025-08-16T01:07:52.931+0000] {subprocess.py:93} INFO - 
[2025-08-16T01:07:52.932+0000] {subprocess.py:93} INFO - To track the changes with git, run:
[2025-08-16T01:07:52.932+0000] {subprocess.py:93} INFO - 
[2025-08-16T01:07:52.933+0000] {subprocess.py:93} INFO - 	git add version_meta.json.dvc dvc.lock
[2025-08-16T01:07:52.933+0000] {subprocess.py:93} INFO - 
[2025-08-16T01:07:52.934+0000] {subprocess.py:93} INFO - To enable auto staging, run:
[2025-08-16T01:07:52.935+0000] {subprocess.py:93} INFO - 
[2025-08-16T01:07:52.936+0000] {subprocess.py:93} INFO - 	dvc config core.autostage true
[2025-08-16T01:07:52.939+0000] {subprocess.py:93} INFO - Use `dvc push` to send your updates to remote storage.
[2025-08-16T01:07:58.805+0000] {subprocess.py:93} INFO - 3 files pushed
[2025-08-16T01:07:59.297+0000] {subprocess.py:97} INFO - Command exited with return code 0
[2025-08-16T01:07:59.301+0000] {taskinstance.py:441} INFO - ::group::Post task execution logs
[2025-08-16T01:07:59.343+0000] {taskinstance.py:1206} INFO - Marking task as SUCCESS. dag_id=ml_pipeline_dvc, task_id=preprocess_dvc, run_id=manual__2025-08-16T01:07:35.900053+00:00, execution_date=20250816T010735, start_date=20250816T010739, end_date=20250816T010759
[2025-08-16T01:07:59.416+0000] {local_task_job_runner.py:240} INFO - Task exited with return code 0
[2025-08-16T01:07:59.465+0000] {taskinstance.py:3498} INFO - 2 downstream tasks scheduled from follow-on schedule check
[2025-08-16T01:07:59.467+0000] {local_task_job_runner.py:222} INFO - ::endgroup::
