[2025-08-08T01:36:35.855+0000] {local_task_job_runner.py:120} INFO - ::group::Pre task execution logs
[2025-08-08T01:36:35.935+0000] {taskinstance.py:2076} INFO - Dependencies all met for dep_context=non-requeueable deps ti=<TaskInstance: ml_pipeline_dvc.preprocess_dvc manual__2025-08-08T01:36:31.924216+00:00 [queued]>
[2025-08-08T01:36:35.980+0000] {taskinstance.py:2076} INFO - Dependencies all met for dep_context=requeueable deps ti=<TaskInstance: ml_pipeline_dvc.preprocess_dvc manual__2025-08-08T01:36:31.924216+00:00 [queued]>
[2025-08-08T01:36:35.982+0000] {taskinstance.py:2306} INFO - Starting attempt 1 of 2
[2025-08-08T01:36:36.013+0000] {taskinstance.py:2330} INFO - Executing <Task(BashOperator): preprocess_dvc> on 2025-08-08 01:36:31.924216+00:00
[2025-08-08T01:36:36.023+0000] {warnings.py:110} WARNING - /home/***/.local/lib/python3.12/site-packages/***/task/task_runner/standard_task_runner.py:61: DeprecationWarning: This process (pid=2624) is multi-threaded, use of fork() may lead to deadlocks in the child.
  pid = os.fork()

[2025-08-08T01:36:36.026+0000] {standard_task_runner.py:63} INFO - Started process 2625 to run task
[2025-08-08T01:36:36.025+0000] {standard_task_runner.py:90} INFO - Running: ['***', 'tasks', 'run', 'ml_pipeline_dvc', 'preprocess_dvc', 'manual__2025-08-08T01:36:31.924216+00:00', '--job-id', '19', '--raw', '--subdir', 'DAGS_FOLDER/ml_pipeline_dag_2.py', '--cfg-path', '/tmp/tmppidbs5o1']
[2025-08-08T01:36:36.027+0000] {standard_task_runner.py:91} INFO - Job 19: Subtask preprocess_dvc
[2025-08-08T01:36:36.112+0000] {task_command.py:426} INFO - Running <TaskInstance: ml_pipeline_dvc.preprocess_dvc manual__2025-08-08T01:36:31.924216+00:00 [running]> on host b040694cec87
[2025-08-08T01:36:36.311+0000] {taskinstance.py:2648} INFO - Exporting env vars: AIRFLOW_CTX_DAG_OWNER='yas' AIRFLOW_CTX_DAG_ID='ml_pipeline_dvc' AIRFLOW_CTX_TASK_ID='preprocess_dvc' AIRFLOW_CTX_EXECUTION_DATE='2025-08-08T01:36:31.924216+00:00' AIRFLOW_CTX_TRY_NUMBER='1' AIRFLOW_CTX_DAG_RUN_ID='manual__2025-08-08T01:36:31.924216+00:00'
[2025-08-08T01:36:36.315+0000] {taskinstance.py:430} INFO - ::endgroup::
[2025-08-08T01:36:36.363+0000] {subprocess.py:63} INFO - Tmp dir root location: /tmp
[2025-08-08T01:36:36.367+0000] {subprocess.py:75} INFO - Running command: ['/usr/bin/bash', '-c', 'cd /opt/***/ml_pipeline && dvc repro preprocess']
[2025-08-08T01:36:36.384+0000] {subprocess.py:86} INFO - Output:
[2025-08-08T01:36:39.158+0000] {subprocess.py:93} INFO - Running stage 'preprocess':
[2025-08-08T01:36:39.159+0000] {subprocess.py:93} INFO - > python preprocessing/preprocess_task.py
[2025-08-08T01:36:41.449+0000] {subprocess.py:93} INFO - {"asctime": "2025-08-08 01:36:41,449", "levelname": "INFO", "message": "\u2705 Saved pipeline: artifacts/preprocess/pipeline_v20250801_144307.pkl"}
[2025-08-08T01:36:41.450+0000] {subprocess.py:93} INFO - {"asctime": "2025-08-08 01:36:41,449", "levelname": "INFO", "message": "\ud83d\udcc4 Saved metadata: artifacts/preprocess/preprocess_metadata_v20250801_144307.json"}
[2025-08-08T01:36:41.451+0000] {subprocess.py:93} INFO - {"asctime": "2025-08-08 01:36:41,449", "levelname": "INFO", "message": "\ud83d\udce6 Updated version_meta.json"}
[2025-08-08T01:36:41.963+0000] {subprocess.py:93} INFO - Updating lock file 'dvc.lock'
[2025-08-08T01:36:41.981+0000] {subprocess.py:93} INFO - 
[2025-08-08T01:36:41.983+0000] {subprocess.py:93} INFO - To track the changes with git, run:
[2025-08-08T01:36:41.983+0000] {subprocess.py:93} INFO - 
[2025-08-08T01:36:41.984+0000] {subprocess.py:93} INFO - 	git add dvc.lock
[2025-08-08T01:36:41.985+0000] {subprocess.py:93} INFO - 
[2025-08-08T01:36:41.986+0000] {subprocess.py:93} INFO - To enable auto staging, run:
[2025-08-08T01:36:41.987+0000] {subprocess.py:93} INFO - 
[2025-08-08T01:36:41.988+0000] {subprocess.py:93} INFO - 	dvc config core.autostage true
[2025-08-08T01:36:41.990+0000] {subprocess.py:93} INFO - Use `dvc push` to send your updates to remote storage.
[2025-08-08T01:36:42.343+0000] {subprocess.py:97} INFO - Command exited with return code 0
[2025-08-08T01:36:42.345+0000] {taskinstance.py:441} INFO - ::group::Post task execution logs
[2025-08-08T01:36:42.383+0000] {taskinstance.py:1206} INFO - Marking task as SUCCESS. dag_id=ml_pipeline_dvc, task_id=preprocess_dvc, run_id=manual__2025-08-08T01:36:31.924216+00:00, execution_date=20250808T013631, start_date=20250808T013635, end_date=20250808T013642
[2025-08-08T01:36:42.426+0000] {local_task_job_runner.py:240} INFO - Task exited with return code 0
[2025-08-08T01:36:42.459+0000] {taskinstance.py:3498} INFO - 1 downstream tasks scheduled from follow-on schedule check
[2025-08-08T01:36:42.461+0000] {local_task_job_runner.py:222} INFO - ::endgroup::
