[2025-08-11T03:06:46.576+0000] {local_task_job_runner.py:120} INFO - ::group::Pre task execution logs
[2025-08-11T03:06:46.623+0000] {taskinstance.py:2076} INFO - Dependencies all met for dep_context=non-requeueable deps ti=<TaskInstance: etl.etl_task manual__2025-08-11T03:06:41.872881+00:00 [queued]>
[2025-08-11T03:06:46.641+0000] {taskinstance.py:2076} INFO - Dependencies all met for dep_context=requeueable deps ti=<TaskInstance: etl.etl_task manual__2025-08-11T03:06:41.872881+00:00 [queued]>
[2025-08-11T03:06:46.642+0000] {taskinstance.py:2306} INFO - Starting attempt 1 of 1
[2025-08-11T03:06:46.669+0000] {taskinstance.py:2330} INFO - Executing <Task(PythonOperator): etl_task> on 2025-08-11 03:06:41.872881+00:00
[2025-08-11T03:06:46.679+0000] {warnings.py:110} WARNING - /home/***/.local/lib/python3.12/site-packages/***/task/task_runner/standard_task_runner.py:61: DeprecationWarning: This process (pid=644) is multi-threaded, use of fork() may lead to deadlocks in the child.
  pid = os.fork()

[2025-08-11T03:06:46.683+0000] {standard_task_runner.py:63} INFO - Started process 653 to run task
[2025-08-11T03:06:46.683+0000] {standard_task_runner.py:90} INFO - Running: ['***', 'tasks', 'run', 'etl', 'etl_task', 'manual__2025-08-11T03:06:41.872881+00:00', '--job-id', '31', '--raw', '--subdir', 'DAGS_FOLDER/etl_pipeline.py', '--cfg-path', '/tmp/tmphfrl4v5f']
[2025-08-11T03:06:46.688+0000] {standard_task_runner.py:91} INFO - Job 31: Subtask etl_task
[2025-08-11T03:06:46.758+0000] {task_command.py:426} INFO - Running <TaskInstance: etl.etl_task manual__2025-08-11T03:06:41.872881+00:00 [running]> on host 4ada121dfef0
[2025-08-11T03:06:46.948+0000] {taskinstance.py:2648} INFO - Exporting env vars: AIRFLOW_CTX_DAG_OWNER='***' AIRFLOW_CTX_DAG_ID='etl' AIRFLOW_CTX_TASK_ID='etl_task' AIRFLOW_CTX_EXECUTION_DATE='2025-08-11T03:06:41.872881+00:00' AIRFLOW_CTX_TRY_NUMBER='1' AIRFLOW_CTX_DAG_RUN_ID='manual__2025-08-11T03:06:41.872881+00:00'
[2025-08-11T03:06:46.952+0000] {taskinstance.py:430} INFO - ::endgroup::
[2025-08-11T03:06:47.067+0000] {log.py:232} WARNING - {"asctime": "2025-08-11 03:06:46,987", "levelname": "INFO", "name": "model_training", "trace_id": null, "span_id": null, "message": "Simulated data generated."}
[2025-08-11T03:06:46.987+0000] {etl_task.py:99} INFO - Simulated data generated.
[2025-08-11T03:06:47.175+0000] {log.py:232} WARNING - {"asctime": "2025-08-11 03:06:47,175", "levelname": "INFO", "name": "model_training", "trace_id": null, "span_id": null, "message": "Simulated data saved at s3://mlflow-artifacts/data/raw/fraud_data_v20250811_030646.csv."}
[2025-08-11T03:06:47.175+0000] {etl_task.py:101} INFO - Simulated data saved at s3://mlflow-artifacts/data/raw/fraud_data_v20250811_030646.csv.
[2025-08-11T03:06:47.176+0000] {log.py:232} WARNING - {"asctime": "2025-08-11 03:06:47,176", "levelname": "INFO", "name": "model_training", "trace_id": null, "span_id": null, "message": "Metadata saved to s3://mlflow-artifacts/data/raw/metadata_v20250811_030646.json"}
[2025-08-11T03:06:47.176+0000] {etl_task.py:102} INFO - Metadata saved to s3://mlflow-artifacts/data/raw/metadata_v20250811_030646.json
[2025-08-11T03:06:47.181+0000] {log.py:232} WARNING - {"asctime": "2025-08-11 03:06:47,180", "levelname": "INFO", "name": "model_training", "trace_id": null, "span_id": null, "message": "Version: v20250811_030646"}
[2025-08-11T03:06:47.180+0000] {etl_task.py:103} INFO - Version: v20250811_030646
[2025-08-11T03:06:47.184+0000] {python.py:237} INFO - Done. Returned value was: None
[2025-08-11T03:06:47.185+0000] {taskinstance.py:441} INFO - ::group::Post task execution logs
[2025-08-11T03:06:47.200+0000] {taskinstance.py:1206} INFO - Marking task as SUCCESS. dag_id=etl, task_id=etl_task, run_id=manual__2025-08-11T03:06:41.872881+00:00, execution_date=20250811T030641, start_date=20250811T030646, end_date=20250811T030647
[2025-08-11T03:06:47.238+0000] {local_task_job_runner.py:240} INFO - Task exited with return code 0
[2025-08-11T03:06:47.259+0000] {taskinstance.py:3498} INFO - 0 downstream tasks scheduled from follow-on schedule check
[2025-08-11T03:06:47.261+0000] {local_task_job_runner.py:222} INFO - ::endgroup::
