[2025-07-31T01:32:46.412+0000] {local_task_job_runner.py:120} INFO - ::group::Pre task execution logs
[2025-07-31T01:32:46.664+0000] {taskinstance.py:2076} INFO - Dependencies all met for dep_context=non-requeueable deps ti=<TaskInstance: ml_pipeline_dag.train_classification_model_task manual__2025-07-31T01:32:33.953194+00:00 [queued]>
[2025-07-31T01:32:46.678+0000] {taskinstance.py:2076} INFO - Dependencies all met for dep_context=requeueable deps ti=<TaskInstance: ml_pipeline_dag.train_classification_model_task manual__2025-07-31T01:32:33.953194+00:00 [queued]>
[2025-07-31T01:32:46.680+0000] {taskinstance.py:2306} INFO - Starting attempt 1 of 1
[2025-07-31T01:32:46.705+0000] {taskinstance.py:2330} INFO - Executing <Task(PythonOperator): train_classification_model_task> on 2025-07-31 01:32:33.953194+00:00
[2025-07-31T01:32:46.719+0000] {warnings.py:110} WARNING - /home/***/.local/lib/python3.12/site-packages/***/task/task_runner/standard_task_runner.py:61: DeprecationWarning: This process (pid=2577) is multi-threaded, use of fork() may lead to deadlocks in the child.
  pid = os.fork()

[2025-07-31T01:32:46.725+0000] {standard_task_runner.py:63} INFO - Started process 2593 to run task
[2025-07-31T01:32:46.722+0000] {standard_task_runner.py:90} INFO - Running: ['***', 'tasks', 'run', 'ml_pipeline_dag', 'train_classification_model_task', 'manual__2025-07-31T01:32:33.953194+00:00', '--job-id', '48', '--raw', '--subdir', 'DAGS_FOLDER/ml_pipeline_dag.py', '--cfg-path', '/tmp/tmpc3i8z36r']
[2025-07-31T01:32:46.726+0000] {standard_task_runner.py:91} INFO - Job 48: Subtask train_classification_model_task
[2025-07-31T01:32:46.799+0000] {task_command.py:426} INFO - Running <TaskInstance: ml_pipeline_dag.train_classification_model_task manual__2025-07-31T01:32:33.953194+00:00 [running]> on host edd92f9295b0
[2025-07-31T01:32:46.970+0000] {taskinstance.py:2648} INFO - Exporting env vars: AIRFLOW_CTX_DAG_OWNER='***' AIRFLOW_CTX_DAG_ID='ml_pipeline_dag' AIRFLOW_CTX_TASK_ID='train_classification_model_task' AIRFLOW_CTX_EXECUTION_DATE='2025-07-31T01:32:33.953194+00:00' AIRFLOW_CTX_TRY_NUMBER='1' AIRFLOW_CTX_DAG_RUN_ID='manual__2025-07-31T01:32:33.953194+00:00'
[2025-07-31T01:32:46.974+0000] {taskinstance.py:430} INFO - ::endgroup::
[2025-07-31T01:32:47.206+0000] {train_model.py:54} INFO - Model accuracy: 0.89
[2025-07-31T01:32:47.207+0000] {train_model.py:55} INFO - Training time: 0.21 seconds
[2025-07-31T01:32:47.207+0000] {train_model.py:56} INFO - Log loss: 0.3259
[2025-07-31T01:32:47.221+0000] {train_model.py:70} INFO - Metrics successfully sent to metrics server.
[2025-07-31T01:32:47.222+0000] {train_model.py:74} INFO - Metrics for model LogisticRegression_v1 successfully posted.
[2025-07-31T01:32:47.223+0000] {python.py:237} INFO - Done. Returned value was: None
[2025-07-31T01:32:47.224+0000] {taskinstance.py:441} INFO - ::group::Post task execution logs
[2025-07-31T01:32:47.236+0000] {taskinstance.py:1206} INFO - Marking task as SUCCESS. dag_id=ml_pipeline_dag, task_id=train_classification_model_task, run_id=manual__2025-07-31T01:32:33.953194+00:00, execution_date=20250731T013233, start_date=20250731T013246, end_date=20250731T013247
[2025-07-31T01:32:47.280+0000] {local_task_job_runner.py:240} INFO - Task exited with return code 0
[2025-07-31T01:32:47.301+0000] {taskinstance.py:3498} INFO - 0 downstream tasks scheduled from follow-on schedule check
[2025-07-31T01:32:47.303+0000] {local_task_job_runner.py:222} INFO - ::endgroup::
