[2025-08-17T20:33:25.560+0000] {local_task_job_runner.py:120} INFO - ::group::Pre task execution logs
[2025-08-17T20:33:25.719+0000] {taskinstance.py:2076} INFO - Dependencies all met for dep_context=non-requeueable deps ti=<TaskInstance: ml_pipeline_dvc.train_fraud_detector_dvc manual__2025-08-17T20:32:45.335668+00:00 [queued]>
[2025-08-17T20:33:25.757+0000] {taskinstance.py:2076} INFO - Dependencies all met for dep_context=requeueable deps ti=<TaskInstance: ml_pipeline_dvc.train_fraud_detector_dvc manual__2025-08-17T20:32:45.335668+00:00 [queued]>
[2025-08-17T20:33:25.774+0000] {taskinstance.py:2306} INFO - Starting attempt 1 of 1
[2025-08-17T20:33:25.832+0000] {taskinstance.py:2330} INFO - Executing <Task(BashOperator): train_fraud_detector_dvc> on 2025-08-17 20:32:45.335668+00:00
[2025-08-17T20:33:25.853+0000] {warnings.py:110} WARNING - /home/***/.local/lib/python3.12/site-packages/***/task/task_runner/standard_task_runner.py:61: DeprecationWarning: This process (pid=7085) is multi-threaded, use of fork() may lead to deadlocks in the child.
  pid = os.fork()

[2025-08-17T20:33:25.860+0000] {standard_task_runner.py:90} INFO - Running: ['***', 'tasks', 'run', 'ml_pipeline_dvc', 'train_fraud_detector_dvc', 'manual__2025-08-17T20:32:45.335668+00:00', '--job-id', '355', '--raw', '--subdir', 'DAGS_FOLDER/train_pipeline_dag.py', '--cfg-path', '/tmp/tmp9aqvpyyr']
[2025-08-17T20:33:25.866+0000] {standard_task_runner.py:63} INFO - Started process 7086 to run task
[2025-08-17T20:33:25.872+0000] {standard_task_runner.py:91} INFO - Job 355: Subtask train_fraud_detector_dvc
[2025-08-17T20:33:26.147+0000] {task_command.py:426} INFO - Running <TaskInstance: ml_pipeline_dvc.train_fraud_detector_dvc manual__2025-08-17T20:32:45.335668+00:00 [running]> on host bea494a05fb4
[2025-08-17T20:33:26.639+0000] {taskinstance.py:2648} INFO - Exporting env vars: AIRFLOW_CTX_DAG_OWNER='yas' AIRFLOW_CTX_DAG_ID='ml_pipeline_dvc' AIRFLOW_CTX_TASK_ID='train_fraud_detector_dvc' AIRFLOW_CTX_EXECUTION_DATE='2025-08-17T20:32:45.335668+00:00' AIRFLOW_CTX_TRY_NUMBER='1' AIRFLOW_CTX_DAG_RUN_ID='manual__2025-08-17T20:32:45.335668+00:00'
[2025-08-17T20:33:26.643+0000] {taskinstance.py:430} INFO - ::endgroup::
[2025-08-17T20:33:26.694+0000] {subprocess.py:63} INFO - Tmp dir root location: /tmp
[2025-08-17T20:33:26.697+0000] {subprocess.py:75} INFO - Running command: ['/usr/bin/bash', '-c', '\n            cd /opt/***/ml_pipeline\n            dvc pull --force\n            dvc repro train_model\n            dvc push\n        ']
[2025-08-17T20:33:26.723+0000] {subprocess.py:86} INFO - Output:
[2025-08-17T20:33:33.582+0000] {subprocess.py:93} INFO - Everything is up to date.
[2025-08-17T20:33:42.287+0000] {subprocess.py:93} INFO - Stage 'ingest' didn't change, skipping
[2025-08-17T20:33:42.327+0000] {subprocess.py:93} INFO - Stage 'preprocess' didn't change, skipping
[2025-08-17T20:33:42.433+0000] {subprocess.py:93} INFO - Running stage 'train_model':
[2025-08-17T20:33:42.434+0000] {subprocess.py:93} INFO - > python models/train_fraud_detector_task.py
[2025-08-17T20:33:46.890+0000] {subprocess.py:93} INFO - {"asctime": "2025-08-17 20:33:46,842", "levelname": "INFO", "name": "model_training", "trace_id": null, "span_id": null, "message": "MLflow run id: 12dec190e0154fd086c3cf53e7ba4c0b"}
[2025-08-17T20:33:46.958+0000] {subprocess.py:93} INFO - {"asctime": "2025-08-17 20:33:46,958", "levelname": "INFO", "name": "model_training", "trace_id": null, "span_id": null, "message": "Loading preprocessor from artifacts/preprocess/fraud_pipeline_v20250817_175136.pkl to process raw data"}
[2025-08-17T20:33:46.980+0000] {subprocess.py:93} INFO - {"asctime": "2025-08-17 20:33:46,979", "levelname": "INFO", "name": "model_training", "trace_id": null, "span_id": null, "message": "Preprocessing/transform applied to raw data."}
[2025-08-17T20:33:47.032+0000] {subprocess.py:93} INFO - {"asctime": "2025-08-17 20:33:47,032", "levelname": "INFO", "name": "model_training", "trace_id": null, "span_id": null, "message": "Evaluation metrics: {'accuracy': 0.998, 'f1_score': 0.9655172413793104, 'precision': 1.0, 'recall': 0.9333333333333333, 'auc': 0.9999312714776633}"}
[2025-08-17T20:33:47.320+0000] {subprocess.py:93} INFO - fatal: detected dubious ownership in repository at '/opt/***/ml_pipeline'
[2025-08-17T20:33:47.321+0000] {subprocess.py:93} INFO - To add an exception for this directory, call:
[2025-08-17T20:33:47.322+0000] {subprocess.py:93} INFO - 
[2025-08-17T20:33:47.322+0000] {subprocess.py:93} INFO - 	git config --global --add safe.directory /opt/***/ml_pipeline
[2025-08-17T20:33:47.352+0000] {subprocess.py:93} INFO - 🏃 View run train_v20250817_175136 at: http://mlflow:5000/#/experiments/2/runs/12dec190e0154fd086c3cf53e7ba4c0b
[2025-08-17T20:33:47.353+0000] {subprocess.py:93} INFO - 🧪 View experiment at: http://mlflow:5000/#/experiments/2
[2025-08-17T20:33:47.354+0000] {subprocess.py:93} INFO - Traceback (most recent call last):
[2025-08-17T20:33:47.354+0000] {subprocess.py:93} INFO -   File "/opt/***/ml_pipeline/models/train_fraud_detector_task.py", line 241, in <module>
[2025-08-17T20:33:47.355+0000] {subprocess.py:93} INFO -     main()
[2025-08-17T20:33:47.355+0000] {subprocess.py:93} INFO -   File "/opt/***/ml_pipeline/models/train_fraud_detector_task.py", line 152, in main
[2025-08-17T20:33:47.356+0000] {subprocess.py:93} INFO -     rev = subprocess.check_output(["git", "rev-parse", "HEAD"]).decode("utf-8").stripe()
[2025-08-17T20:33:47.356+0000] {subprocess.py:93} INFO -           ^^^^^^^^^^^^^^^^^^^^^^^^^^^^^^^^^^^^^^^^^^^^^^^^^^^^^
[2025-08-17T20:33:47.357+0000] {subprocess.py:93} INFO -   File "/usr/local/lib/python3.12/subprocess.py", line 466, in check_output
[2025-08-17T20:33:47.357+0000] {subprocess.py:93} INFO -     return run(*popenargs, stdout=PIPE, timeout=timeout, check=True,
[2025-08-17T20:33:47.358+0000] {subprocess.py:93} INFO -            ^^^^^^^^^^^^^^^^^^^^^^^^^^^^^^^^^^^^^^^^^^^^^^^^^^^^^^^^^
[2025-08-17T20:33:47.359+0000] {subprocess.py:93} INFO -   File "/usr/local/lib/python3.12/subprocess.py", line 571, in run
[2025-08-17T20:33:47.360+0000] {subprocess.py:93} INFO -     raise CalledProcessError(retcode, process.args,
[2025-08-17T20:33:47.360+0000] {subprocess.py:93} INFO - subprocess.CalledProcessError: Command '['git', 'rev-parse', 'HEAD']' returned non-zero exit status 128.
[2025-08-17T20:33:47.788+0000] {subprocess.py:93} INFO - ERROR: failed to reproduce 'train_model': failed to run: python models/train_fraud_detector_task.py, exited with 1
[2025-08-17T20:33:52.176+0000] {subprocess.py:93} INFO - Everything is up to date.
[2025-08-17T20:33:52.548+0000] {subprocess.py:97} INFO - Command exited with return code 0
[2025-08-17T20:33:52.554+0000] {taskinstance.py:441} INFO - ::group::Post task execution logs
[2025-08-17T20:33:52.595+0000] {taskinstance.py:1206} INFO - Marking task as SUCCESS. dag_id=ml_pipeline_dvc, task_id=train_fraud_detector_dvc, run_id=manual__2025-08-17T20:32:45.335668+00:00, execution_date=20250817T203245, start_date=20250817T203325, end_date=20250817T203352
[2025-08-17T20:33:52.648+0000] {local_task_job_runner.py:240} INFO - Task exited with return code 0
[2025-08-17T20:33:52.670+0000] {taskinstance.py:3498} INFO - 0 downstream tasks scheduled from follow-on schedule check
[2025-08-17T20:33:52.672+0000] {local_task_job_runner.py:222} INFO - ::endgroup::
