[2025-08-05T18:46:27.327+0000] {local_task_job_runner.py:120} INFO - ::group::Pre task execution logs
[2025-08-05T18:46:27.359+0000] {taskinstance.py:2076} INFO - Dependencies all met for dep_context=non-requeueable deps ti=<TaskInstance: ml_pipeline_dvc.train_dvc manual__2025-08-05T18:46:16.926807+00:00 [queued]>
[2025-08-05T18:46:27.369+0000] {taskinstance.py:2076} INFO - Dependencies all met for dep_context=requeueable deps ti=<TaskInstance: ml_pipeline_dvc.train_dvc manual__2025-08-05T18:46:16.926807+00:00 [queued]>
[2025-08-05T18:46:27.370+0000] {taskinstance.py:2306} INFO - Starting attempt 1 of 2
[2025-08-05T18:46:27.386+0000] {taskinstance.py:2330} INFO - Executing <Task(BashOperator): train_dvc> on 2025-08-05 18:46:16.926807+00:00
[2025-08-05T18:46:27.393+0000] {warnings.py:110} WARNING - /home/***/.local/lib/python3.12/site-packages/***/task/task_runner/standard_task_runner.py:61: DeprecationWarning: This process (pid=151) is multi-threaded, use of fork() may lead to deadlocks in the child.
  pid = os.fork()

[2025-08-05T18:46:27.396+0000] {standard_task_runner.py:63} INFO - Started process 166 to run task
[2025-08-05T18:46:27.395+0000] {standard_task_runner.py:90} INFO - Running: ['***', 'tasks', 'run', 'ml_pipeline_dvc', 'train_dvc', 'manual__2025-08-05T18:46:16.926807+00:00', '--job-id', '5', '--raw', '--subdir', 'DAGS_FOLDER/ml_pipeline_dag_2.py', '--cfg-path', '/tmp/tmpw62a0uaj']
[2025-08-05T18:46:27.397+0000] {standard_task_runner.py:91} INFO - Job 5: Subtask train_dvc
[2025-08-05T18:46:27.458+0000] {task_command.py:426} INFO - Running <TaskInstance: ml_pipeline_dvc.train_dvc manual__2025-08-05T18:46:16.926807+00:00 [running]> on host cb274dbeb17b
[2025-08-05T18:46:27.567+0000] {taskinstance.py:2648} INFO - Exporting env vars: AIRFLOW_CTX_DAG_OWNER='yas' AIRFLOW_CTX_DAG_ID='ml_pipeline_dvc' AIRFLOW_CTX_TASK_ID='train_dvc' AIRFLOW_CTX_EXECUTION_DATE='2025-08-05T18:46:16.926807+00:00' AIRFLOW_CTX_TRY_NUMBER='1' AIRFLOW_CTX_DAG_RUN_ID='manual__2025-08-05T18:46:16.926807+00:00'
[2025-08-05T18:46:27.568+0000] {taskinstance.py:430} INFO - ::endgroup::
[2025-08-05T18:46:27.585+0000] {subprocess.py:63} INFO - Tmp dir root location: /tmp
[2025-08-05T18:46:27.586+0000] {subprocess.py:75} INFO - Running command: ['/usr/bin/bash', '-c', 'cd /opt/***/ml_pipeline && dvc repro train']
[2025-08-05T18:46:27.598+0000] {subprocess.py:86} INFO - Output:
[2025-08-05T18:46:29.290+0000] {subprocess.py:93} INFO - Stage 'preprocess' didn't change, skipping
[2025-08-05T18:46:29.362+0000] {subprocess.py:93} INFO - Running stage 'train':
[2025-08-05T18:46:29.363+0000] {subprocess.py:93} INFO - > python train/train_task.py
[2025-08-05T18:46:33.060+0000] {subprocess.py:93} INFO - {"asctime": "2025-08-05 18:46:33,060", "levelname": "INFO", "name": "root", "message": "Outlier detector saved to artifacts/models/outlier_detector_v20250801_144307.pkl"}
[2025-08-05T18:46:33.090+0000] {subprocess.py:93} INFO - /home/***/.local/lib/python3.12/site-packages/sklearn/metrics/_ranking.py:1201: UndefinedMetricWarning: No positive samples in y_true, true positive value should be meaningless
[2025-08-05T18:46:33.091+0000] {subprocess.py:93} INFO -   warnings.warn(
[2025-08-05T18:46:33.275+0000] {subprocess.py:93} INFO - 2025/08/05 18:46:33 INFO mlflow.tracking.fluent: Experiment with name 'FraudDetection' does not exist. Creating a new experiment.
[2025-08-05T18:46:33.449+0000] {subprocess.py:93} INFO - 2025/08/05 18:46:33 WARNING mlflow.utils.git_utils: Failed to import Git (the Git executable is probably not on your PATH), so Git SHA is not available. Error: Failed to initialize: Bad git executable.
[2025-08-05T18:46:33.450+0000] {subprocess.py:93} INFO - The git executable must be specified in one of the following ways:
[2025-08-05T18:46:33.450+0000] {subprocess.py:93} INFO -     - be included in your $PATH
[2025-08-05T18:46:33.451+0000] {subprocess.py:93} INFO -     - be set via $GIT_PYTHON_GIT_EXECUTABLE
[2025-08-05T18:46:33.451+0000] {subprocess.py:93} INFO -     - explicitly set via git.refresh(<full-path-to-git-executable>)
[2025-08-05T18:46:33.452+0000] {subprocess.py:93} INFO - 
[2025-08-05T18:46:33.453+0000] {subprocess.py:93} INFO - All git commands will error until this is rectified.
[2025-08-05T18:46:33.454+0000] {subprocess.py:93} INFO - 
[2025-08-05T18:46:33.454+0000] {subprocess.py:93} INFO - This initial message can be silenced or aggravated in the future by setting the
[2025-08-05T18:46:33.455+0000] {subprocess.py:93} INFO - $GIT_PYTHON_REFRESH environment variable. Use one of the following values:
[2025-08-05T18:46:33.456+0000] {subprocess.py:93} INFO -     - quiet|q|silence|s|silent|none|n|0: for no message or exception
[2025-08-05T18:46:33.459+0000] {subprocess.py:93} INFO -     - warn|w|warning|log|l|1: for a warning message (logging level CRITICAL, displayed by default)
[2025-08-05T18:46:33.463+0000] {subprocess.py:93} INFO -     - error|e|exception|raise|r|2: for a raised exception
[2025-08-05T18:46:33.465+0000] {subprocess.py:93} INFO - 
[2025-08-05T18:46:33.466+0000] {subprocess.py:93} INFO - Example:
[2025-08-05T18:46:33.468+0000] {subprocess.py:93} INFO -     export GIT_PYTHON_REFRESH=quiet
[2025-08-05T18:46:33.469+0000] {subprocess.py:93} INFO - 
[2025-08-05T18:46:33.500+0000] {subprocess.py:93} INFO - 2025/08/05 18:46:33 WARNING mlflow.models.model: `artifact_path` is deprecated. Please use `name` instead.
[2025-08-05T18:46:33.636+0000] {subprocess.py:93} INFO - 🏃 View run delightful-duck-260 at: http://mlflow:5000/#/experiments/1/runs/44efdaad68c14ee2a51f75492ec2869e
[2025-08-05T18:46:33.638+0000] {subprocess.py:93} INFO - 🧪 View experiment at: http://mlflow:5000/#/experiments/1
[2025-08-05T18:46:33.639+0000] {subprocess.py:93} INFO - Traceback (most recent call last):
[2025-08-05T18:46:33.641+0000] {subprocess.py:93} INFO -   File "/opt/***/ml_pipeline/train/train_task.py", line 145, in <module>
[2025-08-05T18:46:33.642+0000] {subprocess.py:93} INFO -     mlflow.sklearn.log_model(model, "model", registered_model_name="FraudDetectionModel")
[2025-08-05T18:46:33.643+0000] {subprocess.py:93} INFO -   File "/home/***/.local/lib/python3.12/site-packages/mlflow/sklearn/__init__.py", line 426, in log_model
[2025-08-05T18:46:33.644+0000] {subprocess.py:93} INFO -     return Model.log(
[2025-08-05T18:46:33.646+0000] {subprocess.py:93} INFO -            ^^^^^^^^^^
[2025-08-05T18:46:33.648+0000] {subprocess.py:93} INFO -   File "/home/***/.local/lib/python3.12/site-packages/mlflow/models/model.py", line 1166, in log
[2025-08-05T18:46:33.649+0000] {subprocess.py:93} INFO -     model = _create_logged_model(
[2025-08-05T18:46:33.651+0000] {subprocess.py:93} INFO -             ^^^^^^^^^^^^^^^^^^^^^
[2025-08-05T18:46:33.654+0000] {subprocess.py:93} INFO -   File "/home/***/.local/lib/python3.12/site-packages/mlflow/tracking/fluent.py", line 2282, in _create_logged_model
[2025-08-05T18:46:33.659+0000] {subprocess.py:93} INFO -     return MlflowClient()._create_logged_model(
[2025-08-05T18:46:33.660+0000] {subprocess.py:93} INFO -            ^^^^^^^^^^^^^^^^^^^^^^^^^^^^^^^^^^^^
[2025-08-05T18:46:33.661+0000] {subprocess.py:93} INFO -   File "/home/***/.local/lib/python3.12/site-packages/mlflow/tracking/client.py", line 5379, in _create_logged_model
[2025-08-05T18:46:33.662+0000] {subprocess.py:93} INFO -     return self._tracking_client.create_logged_model(
[2025-08-05T18:46:33.666+0000] {subprocess.py:93} INFO -            ^^^^^^^^^^^^^^^^^^^^^^^^^^^^^^^^^^^^^^^^^^
[2025-08-05T18:46:33.670+0000] {subprocess.py:93} INFO -   File "/home/***/.local/lib/python3.12/site-packages/mlflow/telemetry/track.py", line 22, in wrapper
[2025-08-05T18:46:33.672+0000] {subprocess.py:93} INFO -     return func(*args, **kwargs)
[2025-08-05T18:46:33.675+0000] {subprocess.py:93} INFO -            ^^^^^^^^^^^^^^^^^^^^^
[2025-08-05T18:46:33.676+0000] {subprocess.py:93} INFO -   File "/home/***/.local/lib/python3.12/site-packages/mlflow/tracking/_tracking_service/client.py", line 841, in create_logged_model
[2025-08-05T18:46:33.678+0000] {subprocess.py:93} INFO -     return self.store.create_logged_model(
[2025-08-05T18:46:33.683+0000] {subprocess.py:93} INFO -            ^^^^^^^^^^^^^^^^^^^^^^^^^^^^^^^
[2025-08-05T18:46:33.686+0000] {subprocess.py:93} INFO -   File "/home/***/.local/lib/python3.12/site-packages/mlflow/store/tracking/rest_store.py", line 823, in create_logged_model
[2025-08-05T18:46:33.687+0000] {subprocess.py:93} INFO -     response_proto = self._call_endpoint(CreateLoggedModel, req_body)
[2025-08-05T18:46:33.690+0000] {subprocess.py:93} INFO -                      ^^^^^^^^^^^^^^^^^^^^^^^^^^^^^^^^^^^^^^^^^^^^^^^^
[2025-08-05T18:46:33.693+0000] {subprocess.py:93} INFO -   File "/home/***/.local/lib/python3.12/site-packages/mlflow/store/tracking/rest_store.py", line 133, in _call_endpoint
[2025-08-05T18:46:33.697+0000] {subprocess.py:93} INFO -     return call_endpoint(
[2025-08-05T18:46:33.701+0000] {subprocess.py:93} INFO -            ^^^^^^^^^^^^^^
[2025-08-05T18:46:33.705+0000] {subprocess.py:93} INFO -   File "/home/***/.local/lib/python3.12/site-packages/mlflow/utils/rest_utils.py", line 553, in call_endpoint
[2025-08-05T18:46:33.708+0000] {subprocess.py:93} INFO -     response = verify_rest_response(response, endpoint)
[2025-08-05T18:46:33.709+0000] {subprocess.py:93} INFO -                ^^^^^^^^^^^^^^^^^^^^^^^^^^^^^^^^^^^^^^^^
[2025-08-05T18:46:33.710+0000] {subprocess.py:93} INFO -   File "/home/***/.local/lib/python3.12/site-packages/mlflow/utils/rest_utils.py", line 314, in verify_rest_response
[2025-08-05T18:46:33.710+0000] {subprocess.py:93} INFO -     raise MlflowException(
[2025-08-05T18:46:33.711+0000] {subprocess.py:93} INFO - mlflow.exceptions.MlflowException: API request to endpoint /api/2.0/mlflow/logged-models failed with error code 404 != 200. Response body: '<!doctype html>
[2025-08-05T18:46:33.712+0000] {subprocess.py:93} INFO - <html lang=en>
[2025-08-05T18:46:33.714+0000] {subprocess.py:93} INFO - <title>404 Not Found</title>
[2025-08-05T18:46:33.715+0000] {subprocess.py:93} INFO - <h1>Not Found</h1>
[2025-08-05T18:46:33.716+0000] {subprocess.py:93} INFO - <p>The requested URL was not found on the server. If you entered the URL manually please check your spelling and try again.</p>
[2025-08-05T18:46:33.719+0000] {subprocess.py:93} INFO - '
[2025-08-05T18:46:34.047+0000] {subprocess.py:93} INFO - ERROR: failed to reproduce 'train': failed to run: python train/train_task.py, exited with 1
[2025-08-05T18:46:34.328+0000] {subprocess.py:97} INFO - Command exited with return code 255
[2025-08-05T18:46:34.329+0000] {taskinstance.py:441} INFO - ::group::Post task execution logs
[2025-08-05T18:46:34.342+0000] {taskinstance.py:2905} ERROR - Task failed with exception
Traceback (most recent call last):
  File "/home/airflow/.local/lib/python3.12/site-packages/airflow/models/taskinstance.py", line 465, in _execute_task
    result = _execute_callable(context=context, **execute_callable_kwargs)
             ^^^^^^^^^^^^^^^^^^^^^^^^^^^^^^^^^^^^^^^^^^^^^^^^^^^^^^^^^^^^^
  File "/home/airflow/.local/lib/python3.12/site-packages/airflow/models/taskinstance.py", line 432, in _execute_callable
    return execute_callable(context=context, **execute_callable_kwargs)
           ^^^^^^^^^^^^^^^^^^^^^^^^^^^^^^^^^^^^^^^^^^^^^^^^^^^^^^^^^^^^
  File "/home/airflow/.local/lib/python3.12/site-packages/airflow/models/baseoperator.py", line 400, in wrapper
    return func(self, *args, **kwargs)
           ^^^^^^^^^^^^^^^^^^^^^^^^^^^
  File "/home/airflow/.local/lib/python3.12/site-packages/airflow/operators/bash.py", line 243, in execute
    raise AirflowException(
airflow.exceptions.AirflowException: Bash command failed. The command returned a non-zero exit code 255.
[2025-08-05T18:46:34.350+0000] {taskinstance.py:1206} INFO - Marking task as UP_FOR_RETRY. dag_id=ml_pipeline_dvc, task_id=train_dvc, run_id=manual__2025-08-05T18:46:16.926807+00:00, execution_date=20250805T184616, start_date=20250805T184627, end_date=20250805T184634
[2025-08-05T18:46:34.371+0000] {standard_task_runner.py:110} ERROR - Failed to execute job 5 for task train_dvc (Bash command failed. The command returned a non-zero exit code 255.; 166)
[2025-08-05T18:46:34.404+0000] {local_task_job_runner.py:240} INFO - Task exited with return code 1
[2025-08-05T18:46:34.424+0000] {taskinstance.py:3498} INFO - 0 downstream tasks scheduled from follow-on schedule check
[2025-08-05T18:46:34.426+0000] {local_task_job_runner.py:222} INFO - ::endgroup::
