[2025-08-05T18:51:35.653+0000] {local_task_job_runner.py:120} INFO - ::group::Pre task execution logs
[2025-08-05T18:51:35.684+0000] {taskinstance.py:2076} INFO - Dependencies all met for dep_context=non-requeueable deps ti=<TaskInstance: ml_pipeline_dvc.train_dvc manual__2025-08-05T18:46:16.926807+00:00 [queued]>
[2025-08-05T18:51:35.694+0000] {taskinstance.py:2076} INFO - Dependencies all met for dep_context=requeueable deps ti=<TaskInstance: ml_pipeline_dvc.train_dvc manual__2025-08-05T18:46:16.926807+00:00 [queued]>
[2025-08-05T18:51:35.695+0000] {taskinstance.py:2306} INFO - Starting attempt 2 of 2
[2025-08-05T18:51:35.712+0000] {taskinstance.py:2330} INFO - Executing <Task(BashOperator): train_dvc> on 2025-08-05 18:46:16.926807+00:00
[2025-08-05T18:51:35.718+0000] {warnings.py:110} WARNING - /home/***/.local/lib/python3.12/site-packages/***/task/task_runner/standard_task_runner.py:61: DeprecationWarning: This process (pid=275) is multi-threaded, use of fork() may lead to deadlocks in the child.
  pid = os.fork()

[2025-08-05T18:51:35.721+0000] {standard_task_runner.py:63} INFO - Started process 276 to run task
[2025-08-05T18:51:35.721+0000] {standard_task_runner.py:90} INFO - Running: ['***', 'tasks', 'run', 'ml_pipeline_dvc', 'train_dvc', 'manual__2025-08-05T18:46:16.926807+00:00', '--job-id', '7', '--raw', '--subdir', 'DAGS_FOLDER/ml_pipeline_dag_2.py', '--cfg-path', '/tmp/tmp0r2i05ay']
[2025-08-05T18:51:35.723+0000] {standard_task_runner.py:91} INFO - Job 7: Subtask train_dvc
[2025-08-05T18:51:35.786+0000] {task_command.py:426} INFO - Running <TaskInstance: ml_pipeline_dvc.train_dvc manual__2025-08-05T18:46:16.926807+00:00 [running]> on host cb274dbeb17b
[2025-08-05T18:51:35.894+0000] {taskinstance.py:2648} INFO - Exporting env vars: AIRFLOW_CTX_DAG_OWNER='yas' AIRFLOW_CTX_DAG_ID='ml_pipeline_dvc' AIRFLOW_CTX_TASK_ID='train_dvc' AIRFLOW_CTX_EXECUTION_DATE='2025-08-05T18:46:16.926807+00:00' AIRFLOW_CTX_TRY_NUMBER='2' AIRFLOW_CTX_DAG_RUN_ID='manual__2025-08-05T18:46:16.926807+00:00'
[2025-08-05T18:51:35.895+0000] {taskinstance.py:430} INFO - ::endgroup::
[2025-08-05T18:51:35.914+0000] {subprocess.py:63} INFO - Tmp dir root location: /tmp
[2025-08-05T18:51:35.915+0000] {subprocess.py:75} INFO - Running command: ['/usr/bin/bash', '-c', 'cd /opt/***/ml_pipeline && dvc repro train']
[2025-08-05T18:51:35.927+0000] {subprocess.py:86} INFO - Output:
[2025-08-05T18:51:38.359+0000] {subprocess.py:93} INFO - Running stage 'preprocess':
[2025-08-05T18:51:38.364+0000] {subprocess.py:93} INFO - > python preprocessing/preprocess_task.py
[2025-08-05T18:51:40.684+0000] {subprocess.py:93} INFO - {"asctime": "2025-08-05 18:51:40,684", "levelname": "INFO", "message": "\u2705 Saved pipeline: artifacts/preprocess/pipeline_v20250801_144307.pkl"}
[2025-08-05T18:51:40.685+0000] {subprocess.py:93} INFO - {"asctime": "2025-08-05 18:51:40,684", "levelname": "INFO", "message": "\ud83d\udcc4 Saved metadata: artifacts/preprocess/preprocess_metadata_v20250801_144307.json"}
[2025-08-05T18:51:40.685+0000] {subprocess.py:93} INFO - {"asctime": "2025-08-05 18:51:40,684", "levelname": "INFO", "message": "\ud83d\udce6 Updated version_meta.json"}
[2025-08-05T18:51:41.111+0000] {subprocess.py:93} INFO - Updating lock file 'dvc.lock'
[2025-08-05T18:51:41.127+0000] {subprocess.py:93} INFO - 
[2025-08-05T18:51:41.195+0000] {subprocess.py:93} INFO - Running stage 'train':
[2025-08-05T18:51:41.196+0000] {subprocess.py:93} INFO - > python train/train_task.py
[2025-08-05T18:51:45.381+0000] {subprocess.py:93} INFO - {"asctime": "2025-08-05 18:51:45,381", "levelname": "INFO", "name": "root", "message": "Outlier detector saved to artifacts/models/outlier_detector_v20250801_144307.pkl"}
[2025-08-05T18:51:45.457+0000] {subprocess.py:93} INFO - /home/***/.local/lib/python3.12/site-packages/sklearn/metrics/_ranking.py:1201: UndefinedMetricWarning: No positive samples in y_true, true positive value should be meaningless
[2025-08-05T18:51:45.458+0000] {subprocess.py:93} INFO -   warnings.warn(
[2025-08-05T18:51:46.164+0000] {subprocess.py:93} INFO - 2025/08/05 18:51:46 WARNING mlflow.utils.git_utils: Failed to import Git (the Git executable is probably not on your PATH), so Git SHA is not available. Error: Failed to initialize: Bad git executable.
[2025-08-05T18:51:46.165+0000] {subprocess.py:93} INFO - The git executable must be specified in one of the following ways:
[2025-08-05T18:51:46.166+0000] {subprocess.py:93} INFO -     - be included in your $PATH
[2025-08-05T18:51:46.168+0000] {subprocess.py:93} INFO -     - be set via $GIT_PYTHON_GIT_EXECUTABLE
[2025-08-05T18:51:46.169+0000] {subprocess.py:93} INFO -     - explicitly set via git.refresh(<full-path-to-git-executable>)
[2025-08-05T18:51:46.170+0000] {subprocess.py:93} INFO - 
[2025-08-05T18:51:46.171+0000] {subprocess.py:93} INFO - All git commands will error until this is rectified.
[2025-08-05T18:51:46.172+0000] {subprocess.py:93} INFO - 
[2025-08-05T18:51:46.173+0000] {subprocess.py:93} INFO - This initial message can be silenced or aggravated in the future by setting the
[2025-08-05T18:51:46.174+0000] {subprocess.py:93} INFO - $GIT_PYTHON_REFRESH environment variable. Use one of the following values:
[2025-08-05T18:51:46.175+0000] {subprocess.py:93} INFO -     - quiet|q|silence|s|silent|none|n|0: for no message or exception
[2025-08-05T18:51:46.176+0000] {subprocess.py:93} INFO -     - warn|w|warning|log|l|1: for a warning message (logging level CRITICAL, displayed by default)
[2025-08-05T18:51:46.176+0000] {subprocess.py:93} INFO -     - error|e|exception|raise|r|2: for a raised exception
[2025-08-05T18:51:46.177+0000] {subprocess.py:93} INFO - 
[2025-08-05T18:51:46.178+0000] {subprocess.py:93} INFO - Example:
[2025-08-05T18:51:46.179+0000] {subprocess.py:93} INFO -     export GIT_PYTHON_REFRESH=quiet
[2025-08-05T18:51:46.179+0000] {subprocess.py:93} INFO - 
[2025-08-05T18:51:46.206+0000] {subprocess.py:93} INFO - 2025/08/05 18:51:46 WARNING mlflow.models.model: `artifact_path` is deprecated. Please use `name` instead.
[2025-08-05T18:51:46.300+0000] {subprocess.py:93} INFO - 🏃 View run resilient-mink-116 at: http://mlflow:5000/#/experiments/1/runs/d85a98d5a8db45d7aaa003b56b293e08
[2025-08-05T18:51:46.301+0000] {subprocess.py:93} INFO - 🧪 View experiment at: http://mlflow:5000/#/experiments/1
[2025-08-05T18:51:46.302+0000] {subprocess.py:93} INFO - Traceback (most recent call last):
[2025-08-05T18:51:46.302+0000] {subprocess.py:93} INFO -   File "/opt/***/ml_pipeline/train/train_task.py", line 145, in <module>
[2025-08-05T18:51:46.303+0000] {subprocess.py:93} INFO -     mlflow.sklearn.log_model(model, "model", registered_model_name="FraudDetectionModel")
[2025-08-05T18:51:46.304+0000] {subprocess.py:93} INFO -   File "/home/***/.local/lib/python3.12/site-packages/mlflow/sklearn/__init__.py", line 426, in log_model
[2025-08-05T18:51:46.305+0000] {subprocess.py:93} INFO -     return Model.log(
[2025-08-05T18:51:46.305+0000] {subprocess.py:93} INFO -            ^^^^^^^^^^
[2025-08-05T18:51:46.306+0000] {subprocess.py:93} INFO -   File "/home/***/.local/lib/python3.12/site-packages/mlflow/models/model.py", line 1166, in log
[2025-08-05T18:51:46.307+0000] {subprocess.py:93} INFO -     model = _create_logged_model(
[2025-08-05T18:51:46.308+0000] {subprocess.py:93} INFO -             ^^^^^^^^^^^^^^^^^^^^^
[2025-08-05T18:51:46.309+0000] {subprocess.py:93} INFO -   File "/home/***/.local/lib/python3.12/site-packages/mlflow/tracking/fluent.py", line 2282, in _create_logged_model
[2025-08-05T18:51:46.310+0000] {subprocess.py:93} INFO -     return MlflowClient()._create_logged_model(
[2025-08-05T18:51:46.310+0000] {subprocess.py:93} INFO -            ^^^^^^^^^^^^^^^^^^^^^^^^^^^^^^^^^^^^
[2025-08-05T18:51:46.311+0000] {subprocess.py:93} INFO -   File "/home/***/.local/lib/python3.12/site-packages/mlflow/tracking/client.py", line 5379, in _create_logged_model
[2025-08-05T18:51:46.312+0000] {subprocess.py:93} INFO -     return self._tracking_client.create_logged_model(
[2025-08-05T18:51:46.313+0000] {subprocess.py:93} INFO -            ^^^^^^^^^^^^^^^^^^^^^^^^^^^^^^^^^^^^^^^^^^
[2025-08-05T18:51:46.314+0000] {subprocess.py:93} INFO -   File "/home/***/.local/lib/python3.12/site-packages/mlflow/telemetry/track.py", line 27, in wrapper
[2025-08-05T18:51:46.316+0000] {subprocess.py:93} INFO -     return func(*args, **kwargs)
[2025-08-05T18:51:46.317+0000] {subprocess.py:93} INFO -            ^^^^^^^^^^^^^^^^^^^^^
[2025-08-05T18:51:46.319+0000] {subprocess.py:93} INFO -   File "/home/***/.local/lib/python3.12/site-packages/mlflow/tracking/_tracking_service/client.py", line 841, in create_logged_model
[2025-08-05T18:51:46.320+0000] {subprocess.py:93} INFO -     return self.store.create_logged_model(
[2025-08-05T18:51:46.322+0000] {subprocess.py:93} INFO -            ^^^^^^^^^^^^^^^^^^^^^^^^^^^^^^^
[2025-08-05T18:51:46.323+0000] {subprocess.py:93} INFO -   File "/home/***/.local/lib/python3.12/site-packages/mlflow/store/tracking/rest_store.py", line 823, in create_logged_model
[2025-08-05T18:51:46.324+0000] {subprocess.py:93} INFO -     response_proto = self._call_endpoint(CreateLoggedModel, req_body)
[2025-08-05T18:51:46.324+0000] {subprocess.py:93} INFO -                      ^^^^^^^^^^^^^^^^^^^^^^^^^^^^^^^^^^^^^^^^^^^^^^^^
[2025-08-05T18:51:46.325+0000] {subprocess.py:93} INFO -   File "/home/***/.local/lib/python3.12/site-packages/mlflow/store/tracking/rest_store.py", line 133, in _call_endpoint
[2025-08-05T18:51:46.327+0000] {subprocess.py:93} INFO -     return call_endpoint(
[2025-08-05T18:51:46.328+0000] {subprocess.py:93} INFO -            ^^^^^^^^^^^^^^
[2025-08-05T18:51:46.329+0000] {subprocess.py:93} INFO -   File "/home/***/.local/lib/python3.12/site-packages/mlflow/utils/rest_utils.py", line 553, in call_endpoint
[2025-08-05T18:51:46.330+0000] {subprocess.py:93} INFO -     response = verify_rest_response(response, endpoint)
[2025-08-05T18:51:46.331+0000] {subprocess.py:93} INFO -                ^^^^^^^^^^^^^^^^^^^^^^^^^^^^^^^^^^^^^^^^
[2025-08-05T18:51:46.331+0000] {subprocess.py:93} INFO -   File "/home/***/.local/lib/python3.12/site-packages/mlflow/utils/rest_utils.py", line 314, in verify_rest_response
[2025-08-05T18:51:46.332+0000] {subprocess.py:93} INFO -     raise MlflowException(
[2025-08-05T18:51:46.333+0000] {subprocess.py:93} INFO - mlflow.exceptions.MlflowException: API request to endpoint /api/2.0/mlflow/logged-models failed with error code 404 != 200. Response body: '<!doctype html>
[2025-08-05T18:51:46.334+0000] {subprocess.py:93} INFO - <html lang=en>
[2025-08-05T18:51:46.335+0000] {subprocess.py:93} INFO - <title>404 Not Found</title>
[2025-08-05T18:51:46.335+0000] {subprocess.py:93} INFO - <h1>Not Found</h1>
[2025-08-05T18:51:46.336+0000] {subprocess.py:93} INFO - <p>The requested URL was not found on the server. If you entered the URL manually please check your spelling and try again.</p>
[2025-08-05T18:51:46.337+0000] {subprocess.py:93} INFO - '
[2025-08-05T18:51:46.832+0000] {subprocess.py:93} INFO - ERROR: failed to reproduce 'train': failed to run: python train/train_task.py, exited with 1
[2025-08-05T18:51:47.223+0000] {subprocess.py:97} INFO - Command exited with return code 255
[2025-08-05T18:51:47.226+0000] {taskinstance.py:441} INFO - ::group::Post task execution logs
[2025-08-05T18:51:47.247+0000] {taskinstance.py:2905} ERROR - Task failed with exception
Traceback (most recent call last):
  File "/home/airflow/.local/lib/python3.12/site-packages/airflow/models/taskinstance.py", line 465, in _execute_task
    result = _execute_callable(context=context, **execute_callable_kwargs)
             ^^^^^^^^^^^^^^^^^^^^^^^^^^^^^^^^^^^^^^^^^^^^^^^^^^^^^^^^^^^^^
  File "/home/airflow/.local/lib/python3.12/site-packages/airflow/models/taskinstance.py", line 432, in _execute_callable
    return execute_callable(context=context, **execute_callable_kwargs)
           ^^^^^^^^^^^^^^^^^^^^^^^^^^^^^^^^^^^^^^^^^^^^^^^^^^^^^^^^^^^^
  File "/home/airflow/.local/lib/python3.12/site-packages/airflow/models/baseoperator.py", line 400, in wrapper
    return func(self, *args, **kwargs)
           ^^^^^^^^^^^^^^^^^^^^^^^^^^^
  File "/home/airflow/.local/lib/python3.12/site-packages/airflow/operators/bash.py", line 243, in execute
    raise AirflowException(
airflow.exceptions.AirflowException: Bash command failed. The command returned a non-zero exit code 255.
[2025-08-05T18:51:47.259+0000] {taskinstance.py:1206} INFO - Marking task as FAILED. dag_id=ml_pipeline_dvc, task_id=train_dvc, run_id=manual__2025-08-05T18:46:16.926807+00:00, execution_date=20250805T184616, start_date=20250805T185135, end_date=20250805T185147
[2025-08-05T18:51:47.286+0000] {standard_task_runner.py:110} ERROR - Failed to execute job 7 for task train_dvc (Bash command failed. The command returned a non-zero exit code 255.; 276)
[2025-08-05T18:51:47.339+0000] {local_task_job_runner.py:240} INFO - Task exited with return code 1
[2025-08-05T18:51:47.365+0000] {taskinstance.py:3498} INFO - 0 downstream tasks scheduled from follow-on schedule check
[2025-08-05T18:51:47.368+0000] {local_task_job_runner.py:222} INFO - ::endgroup::
