[2025-08-17T18:36:14.151+0000] {local_task_job_runner.py:120} INFO - ::group::Pre task execution logs
[2025-08-17T18:36:14.194+0000] {taskinstance.py:2076} INFO - Dependencies all met for dep_context=non-requeueable deps ti=<TaskInstance: ml_pipeline_dvc.train_outlier_detector_dvc manual__2025-08-17T18:35:45.412026+00:00 [queued]>
[2025-08-17T18:36:14.212+0000] {taskinstance.py:2076} INFO - Dependencies all met for dep_context=requeueable deps ti=<TaskInstance: ml_pipeline_dvc.train_outlier_detector_dvc manual__2025-08-17T18:35:45.412026+00:00 [queued]>
[2025-08-17T18:36:14.213+0000] {taskinstance.py:2306} INFO - Starting attempt 1 of 1
[2025-08-17T18:36:14.246+0000] {taskinstance.py:2330} INFO - Executing <Task(BashOperator): train_outlier_detector_dvc> on 2025-08-17 18:35:45.412026+00:00
[2025-08-17T18:36:14.264+0000] {warnings.py:110} WARNING - /home/***/.local/lib/python3.12/site-packages/***/task/task_runner/standard_task_runner.py:61: DeprecationWarning: This process (pid=2180) is multi-threaded, use of fork() may lead to deadlocks in the child.
  pid = os.fork()

[2025-08-17T18:36:14.271+0000] {standard_task_runner.py:63} INFO - Started process 2181 to run task
[2025-08-17T18:36:14.270+0000] {standard_task_runner.py:90} INFO - Running: ['***', 'tasks', 'run', 'ml_pipeline_dvc', 'train_outlier_detector_dvc', 'manual__2025-08-17T18:35:45.412026+00:00', '--job-id', '310', '--raw', '--subdir', 'DAGS_FOLDER/train_pipeline_dag.py', '--cfg-path', '/tmp/tmp85etorw6']
[2025-08-17T18:36:14.276+0000] {standard_task_runner.py:91} INFO - Job 310: Subtask train_outlier_detector_dvc
[2025-08-17T18:36:14.364+0000] {task_command.py:426} INFO - Running <TaskInstance: ml_pipeline_dvc.train_outlier_detector_dvc manual__2025-08-17T18:35:45.412026+00:00 [running]> on host bea494a05fb4
[2025-08-17T18:36:14.550+0000] {taskinstance.py:2648} INFO - Exporting env vars: AIRFLOW_CTX_DAG_OWNER='yas' AIRFLOW_CTX_DAG_ID='ml_pipeline_dvc' AIRFLOW_CTX_TASK_ID='train_outlier_detector_dvc' AIRFLOW_CTX_EXECUTION_DATE='2025-08-17T18:35:45.412026+00:00' AIRFLOW_CTX_TRY_NUMBER='1' AIRFLOW_CTX_DAG_RUN_ID='manual__2025-08-17T18:35:45.412026+00:00'
[2025-08-17T18:36:14.552+0000] {taskinstance.py:430} INFO - ::endgroup::
[2025-08-17T18:36:14.585+0000] {subprocess.py:63} INFO - Tmp dir root location: /tmp
[2025-08-17T18:36:14.586+0000] {subprocess.py:75} INFO - Running command: ['/usr/bin/bash', '-c', '\n            cd /opt/***/ml_pipeline\n            dvc pull\n            dvc repro train_outlier\n            dvc push\n        ']
[2025-08-17T18:36:14.607+0000] {subprocess.py:86} INFO - Output:
[2025-08-17T18:36:18.122+0000] {subprocess.py:93} INFO - ERROR: failed to pull data from the cloud - Can't remove the following unsaved files without confirmation. Use `--force` to force.
[2025-08-17T18:36:18.123+0000] {subprocess.py:93} INFO - /opt/***/ml_pipeline/artifacts/models/fraud/metadata_model_v20250817_175136.json
[2025-08-17T18:36:21.681+0000] {subprocess.py:93} INFO - Stage 'ingest' didn't change, skipping
[2025-08-17T18:36:21.716+0000] {subprocess.py:93} INFO - Stage 'preprocess' didn't change, skipping
[2025-08-17T18:36:21.757+0000] {subprocess.py:93} INFO - Stage 'train_outlier' didn't change, skipping
[2025-08-17T18:36:21.762+0000] {subprocess.py:93} INFO - Data and pipelines are up to date.
[2025-08-17T18:36:26.128+0000] {subprocess.py:93} INFO - Everything is up to date.
[2025-08-17T18:36:26.758+0000] {subprocess.py:97} INFO - Command exited with return code 0
[2025-08-17T18:36:26.761+0000] {taskinstance.py:441} INFO - ::group::Post task execution logs
[2025-08-17T18:36:26.813+0000] {taskinstance.py:1206} INFO - Marking task as SUCCESS. dag_id=ml_pipeline_dvc, task_id=train_outlier_detector_dvc, run_id=manual__2025-08-17T18:35:45.412026+00:00, execution_date=20250817T183545, start_date=20250817T183614, end_date=20250817T183626
[2025-08-17T18:36:26.867+0000] {local_task_job_runner.py:240} INFO - Task exited with return code 0
[2025-08-17T18:36:26.906+0000] {taskinstance.py:3498} INFO - 1 downstream tasks scheduled from follow-on schedule check
[2025-08-17T18:36:26.908+0000] {local_task_job_runner.py:222} INFO - ::endgroup::
