[2025-08-12T22:48:16.216+0000] {local_task_job_runner.py:120} INFO - ::group::Pre task execution logs
[2025-08-12T22:48:16.300+0000] {taskinstance.py:2076} INFO - Dependencies all met for dep_context=non-requeueable deps ti=<TaskInstance: ml_pipeline_dvc.preprocess_dvc manual__2025-08-12T22:48:13.963532+00:00 [queued]>
[2025-08-12T22:48:16.332+0000] {taskinstance.py:2076} INFO - Dependencies all met for dep_context=requeueable deps ti=<TaskInstance: ml_pipeline_dvc.preprocess_dvc manual__2025-08-12T22:48:13.963532+00:00 [queued]>
[2025-08-12T22:48:16.336+0000] {taskinstance.py:2306} INFO - Starting attempt 1 of 1
[2025-08-12T22:48:16.390+0000] {taskinstance.py:2330} INFO - Executing <Task(BashOperator): preprocess_dvc> on 2025-08-12 22:48:13.963532+00:00
[2025-08-12T22:48:16.405+0000] {warnings.py:110} WARNING - /home/***/.local/lib/python3.12/site-packages/***/task/task_runner/standard_task_runner.py:61: DeprecationWarning: This process (pid=904) is multi-threaded, use of fork() may lead to deadlocks in the child.
  pid = os.fork()

[2025-08-12T22:48:16.412+0000] {standard_task_runner.py:63} INFO - Started process 905 to run task
[2025-08-12T22:48:16.412+0000] {standard_task_runner.py:90} INFO - Running: ['***', 'tasks', 'run', 'ml_pipeline_dvc', 'preprocess_dvc', 'manual__2025-08-12T22:48:13.963532+00:00', '--job-id', '206', '--raw', '--subdir', 'DAGS_FOLDER/train_pipeline_dag.py', '--cfg-path', '/tmp/tmpxg1g0jdu']
[2025-08-12T22:48:16.415+0000] {standard_task_runner.py:91} INFO - Job 206: Subtask preprocess_dvc
[2025-08-12T22:48:16.610+0000] {task_command.py:426} INFO - Running <TaskInstance: ml_pipeline_dvc.preprocess_dvc manual__2025-08-12T22:48:13.963532+00:00 [running]> on host 276ab97d4dd8
[2025-08-12T22:48:16.941+0000] {taskinstance.py:2648} INFO - Exporting env vars: AIRFLOW_CTX_DAG_OWNER='yas' AIRFLOW_CTX_DAG_ID='ml_pipeline_dvc' AIRFLOW_CTX_TASK_ID='preprocess_dvc' AIRFLOW_CTX_EXECUTION_DATE='2025-08-12T22:48:13.963532+00:00' AIRFLOW_CTX_TRY_NUMBER='1' AIRFLOW_CTX_DAG_RUN_ID='manual__2025-08-12T22:48:13.963532+00:00'
[2025-08-12T22:48:16.944+0000] {taskinstance.py:430} INFO - ::endgroup::
[2025-08-12T22:48:16.971+0000] {subprocess.py:63} INFO - Tmp dir root location: /tmp
[2025-08-12T22:48:16.973+0000] {subprocess.py:75} INFO - Running command: ['/usr/bin/bash', '-c', 'cd /opt/***/ml_pipeline && dvc repro preprocess']
[2025-08-12T22:48:16.987+0000] {subprocess.py:86} INFO - Output:
[2025-08-12T22:48:18.778+0000] {subprocess.py:93} INFO - './dvc.yaml' validation failed: 2 errors.
[2025-08-12T22:48:18.781+0000] {subprocess.py:93} INFO - 
[2025-08-12T22:48:18.782+0000] {subprocess.py:93} INFO - expected a dictionary, in stages -> preprocess -> outs -> 0 -> path, line 9,
[2025-08-12T22:48:18.783+0000] {subprocess.py:93} INFO - column 9
[2025-08-12T22:48:18.789+0000] {subprocess.py:93} INFO -    8 │   outs:
[2025-08-12T22:48:18.790+0000] {subprocess.py:93} INFO -    9 │     - path: s3://mlflow-artifacts/preprocess/${version_tag}/pipeline.pkl
[2025-08-12T22:48:18.790+0000] {subprocess.py:93} INFO -   10 │   │   cache: false
[2025-08-12T22:48:18.791+0000] {subprocess.py:93} INFO - 
[2025-08-12T22:48:18.792+0000] {subprocess.py:93} INFO - expected a dictionary, in stages -> preprocess -> outs -> 0 -> cache, line 9,
[2025-08-12T22:48:18.792+0000] {subprocess.py:93} INFO - column 9
[2025-08-12T22:48:18.793+0000] {subprocess.py:93} INFO -    8 │   outs:
[2025-08-12T22:48:18.794+0000] {subprocess.py:93} INFO -    9 │     - path: s3://mlflow-artifacts/preprocess/${version_tag}/pipeline.pkl
[2025-08-12T22:48:18.794+0000] {subprocess.py:93} INFO -   10 │   │   cache: false
[2025-08-12T22:48:19.027+0000] {subprocess.py:97} INFO - Command exited with return code 255
[2025-08-12T22:48:19.028+0000] {taskinstance.py:441} INFO - ::group::Post task execution logs
[2025-08-12T22:48:19.046+0000] {taskinstance.py:2905} ERROR - Task failed with exception
Traceback (most recent call last):
  File "/home/airflow/.local/lib/python3.12/site-packages/airflow/models/taskinstance.py", line 465, in _execute_task
    result = _execute_callable(context=context, **execute_callable_kwargs)
             ^^^^^^^^^^^^^^^^^^^^^^^^^^^^^^^^^^^^^^^^^^^^^^^^^^^^^^^^^^^^^
  File "/home/airflow/.local/lib/python3.12/site-packages/airflow/models/taskinstance.py", line 432, in _execute_callable
    return execute_callable(context=context, **execute_callable_kwargs)
           ^^^^^^^^^^^^^^^^^^^^^^^^^^^^^^^^^^^^^^^^^^^^^^^^^^^^^^^^^^^^
  File "/home/airflow/.local/lib/python3.12/site-packages/airflow/models/baseoperator.py", line 400, in wrapper
    return func(self, *args, **kwargs)
           ^^^^^^^^^^^^^^^^^^^^^^^^^^^
  File "/home/airflow/.local/lib/python3.12/site-packages/airflow/operators/bash.py", line 243, in execute
    raise AirflowException(
airflow.exceptions.AirflowException: Bash command failed. The command returned a non-zero exit code 255.
[2025-08-12T22:48:19.052+0000] {taskinstance.py:1206} INFO - Marking task as FAILED. dag_id=ml_pipeline_dvc, task_id=preprocess_dvc, run_id=manual__2025-08-12T22:48:13.963532+00:00, execution_date=20250812T224813, start_date=20250812T224816, end_date=20250812T224819
[2025-08-12T22:48:19.078+0000] {standard_task_runner.py:110} ERROR - Failed to execute job 206 for task preprocess_dvc (Bash command failed. The command returned a non-zero exit code 255.; 905)
[2025-08-12T22:48:19.125+0000] {local_task_job_runner.py:240} INFO - Task exited with return code 1
[2025-08-12T22:48:19.159+0000] {taskinstance.py:3498} INFO - 0 downstream tasks scheduled from follow-on schedule check
[2025-08-12T22:48:19.166+0000] {local_task_job_runner.py:222} INFO - ::endgroup::
