[2025-08-07T06:26:12.825+0000] {local_task_job_runner.py:120} INFO - ::group::Pre task execution logs
[2025-08-07T06:26:12.855+0000] {taskinstance.py:2076} INFO - Dependencies all met for dep_context=non-requeueable deps ti=<TaskInstance: ml_pipeline_dvc.train_dvc manual__2025-08-07T06:26:02.532783+00:00 [queued]>
[2025-08-07T06:26:12.867+0000] {taskinstance.py:2076} INFO - Dependencies all met for dep_context=requeueable deps ti=<TaskInstance: ml_pipeline_dvc.train_dvc manual__2025-08-07T06:26:02.532783+00:00 [queued]>
[2025-08-07T06:26:12.867+0000] {taskinstance.py:2306} INFO - Starting attempt 1 of 2
[2025-08-07T06:26:12.886+0000] {taskinstance.py:2330} INFO - Executing <Task(BashOperator): train_dvc> on 2025-08-07 06:26:02.532783+00:00
[2025-08-07T06:26:12.893+0000] {warnings.py:110} WARNING - /home/***/.local/lib/python3.12/site-packages/***/task/task_runner/standard_task_runner.py:61: DeprecationWarning: This process (pid=6320) is multi-threaded, use of fork() may lead to deadlocks in the child.
  pid = os.fork()

[2025-08-07T06:26:12.895+0000] {standard_task_runner.py:63} INFO - Started process 6321 to run task
[2025-08-07T06:26:12.895+0000] {standard_task_runner.py:90} INFO - Running: ['***', 'tasks', 'run', 'ml_pipeline_dvc', 'train_dvc', 'manual__2025-08-07T06:26:02.532783+00:00', '--job-id', '26', '--raw', '--subdir', 'DAGS_FOLDER/ml_pipeline_dag_2.py', '--cfg-path', '/tmp/tmp89vtbihg']
[2025-08-07T06:26:12.897+0000] {standard_task_runner.py:91} INFO - Job 26: Subtask train_dvc
[2025-08-07T06:26:12.960+0000] {task_command.py:426} INFO - Running <TaskInstance: ml_pipeline_dvc.train_dvc manual__2025-08-07T06:26:02.532783+00:00 [running]> on host 875a2765ee06
[2025-08-07T06:26:13.083+0000] {taskinstance.py:2648} INFO - Exporting env vars: AIRFLOW_CTX_DAG_OWNER='yas' AIRFLOW_CTX_DAG_ID='ml_pipeline_dvc' AIRFLOW_CTX_TASK_ID='train_dvc' AIRFLOW_CTX_EXECUTION_DATE='2025-08-07T06:26:02.532783+00:00' AIRFLOW_CTX_TRY_NUMBER='1' AIRFLOW_CTX_DAG_RUN_ID='manual__2025-08-07T06:26:02.532783+00:00'
[2025-08-07T06:26:13.084+0000] {taskinstance.py:430} INFO - ::endgroup::
[2025-08-07T06:26:13.100+0000] {subprocess.py:63} INFO - Tmp dir root location: /tmp
[2025-08-07T06:26:13.103+0000] {subprocess.py:75} INFO - Running command: ['/usr/bin/bash', '-c', 'cd /opt/***/ml_pipeline && dvc repro train']
[2025-08-07T06:26:13.116+0000] {subprocess.py:86} INFO - Output:
[2025-08-07T06:26:15.047+0000] {subprocess.py:93} INFO - Stage 'preprocess' didn't change, skipping
[2025-08-07T06:26:15.150+0000] {subprocess.py:93} INFO - Running stage 'train':
[2025-08-07T06:26:15.151+0000] {subprocess.py:93} INFO - > python train/train_task.py
[2025-08-07T06:26:18.792+0000] {subprocess.py:93} INFO - INFO:__main__:Outlier detector saved to artifacts/models/outlier_detector_v20250801_144307.pkl
[2025-08-07T06:26:18.913+0000] {subprocess.py:93} INFO - /home/***/.local/lib/python3.12/site-packages/sklearn/metrics/_ranking.py:1201: UndefinedMetricWarning: No positive samples in y_true, true positive value should be meaningless
[2025-08-07T06:26:18.915+0000] {subprocess.py:93} INFO -   warnings.warn(
[2025-08-07T06:26:18.989+0000] {subprocess.py:93} INFO - INFO:__main__:📄 Training metadata saved to artifacts/train/train_metadata_v20250801_144307.json
[2025-08-07T06:26:18.991+0000] {subprocess.py:93} INFO - INFO:__main__:📦 Updated version_meta.json
[2025-08-07T06:26:19.227+0000] {subprocess.py:93} INFO - INFO:__main__:📄 Starting MLflow run for FraudDetectionModel
[2025-08-07T06:26:19.303+0000] {subprocess.py:93} INFO - 2025/08/07 06:26:19 WARNING mlflow.utils.git_utils: Failed to import Git (the Git executable is probably not on your PATH), so Git SHA is not available. Error: Failed to initialize: Bad git executable.
[2025-08-07T06:26:19.304+0000] {subprocess.py:93} INFO - The git executable must be specified in one of the following ways:
[2025-08-07T06:26:19.305+0000] {subprocess.py:93} INFO -     - be included in your $PATH
[2025-08-07T06:26:19.305+0000] {subprocess.py:93} INFO -     - be set via $GIT_PYTHON_GIT_EXECUTABLE
[2025-08-07T06:26:19.306+0000] {subprocess.py:93} INFO -     - explicitly set via git.refresh(<full-path-to-git-executable>)
[2025-08-07T06:26:19.307+0000] {subprocess.py:93} INFO - 
[2025-08-07T06:26:19.308+0000] {subprocess.py:93} INFO - All git commands will error until this is rectified.
[2025-08-07T06:26:19.309+0000] {subprocess.py:93} INFO - 
[2025-08-07T06:26:19.309+0000] {subprocess.py:93} INFO - This initial message can be silenced or aggravated in the future by setting the
[2025-08-07T06:26:19.310+0000] {subprocess.py:93} INFO - $GIT_PYTHON_REFRESH environment variable. Use one of the following values:
[2025-08-07T06:26:19.311+0000] {subprocess.py:93} INFO -     - quiet|q|silence|s|silent|none|n|0: for no message or exception
[2025-08-07T06:26:19.312+0000] {subprocess.py:93} INFO -     - warn|w|warning|log|l|1: for a warning message (logging level CRITICAL, displayed by default)
[2025-08-07T06:26:19.313+0000] {subprocess.py:93} INFO -     - error|e|exception|raise|r|2: for a raised exception
[2025-08-07T06:26:19.314+0000] {subprocess.py:93} INFO - 
[2025-08-07T06:26:19.315+0000] {subprocess.py:93} INFO - Example:
[2025-08-07T06:26:19.315+0000] {subprocess.py:93} INFO -     export GIT_PYTHON_REFRESH=quiet
[2025-08-07T06:26:19.316+0000] {subprocess.py:93} INFO - 
[2025-08-07T06:26:20.371+0000] {subprocess.py:93} INFO - INFO:__main__:📄 MLflow run_id: d058969fcefc47eaa8c7e1b841b6ba63
[2025-08-07T06:26:20.375+0000] {subprocess.py:93} INFO - 2025/08/07 06:26:20 WARNING mlflow.models.model: `artifact_path` is deprecated. Please use `name` instead.
[2025-08-07T06:26:28.071+0000] {subprocess.py:93} INFO - [31m2025/08/07 06:26:28 WARNING mlflow.models.model: Model logged without a signature and input example. Please set `input_example` parameter when logging the model to auto infer the model signature.[0m
[2025-08-07T06:26:28.334+0000] {subprocess.py:93} INFO - INFO:botocore.credentials:Found credentials in environment variables.
[2025-08-07T06:26:28.979+0000] {subprocess.py:93} INFO - INFO:__main__:✅ Model logged
[2025-08-07T06:26:29.273+0000] {subprocess.py:93} INFO - INFO:__main__:✅ Metrics and artifacts logged
[2025-08-07T06:26:29.351+0000] {subprocess.py:93} INFO - Successfully registered model 'FraudDetectionModel'.
[2025-08-07T06:26:29.466+0000] {subprocess.py:93} INFO - 2025/08/07 06:26:29 WARNING mlflow.tracking._model_registry.fluent: Run with id d058969fcefc47eaa8c7e1b841b6ba63 has no artifacts at artifact path 'model', registering model based on models:/m-7f01dc3d1e5d4fc98251d5e64106e766 instead
[2025-08-07T06:26:29.612+0000] {subprocess.py:93} INFO - 2025/08/07 06:26:29 INFO mlflow.store.model_registry.abstract_store: Waiting up to 300 seconds for model version to finish creation. Model name: FraudDetectionModel, version 1
[2025-08-07T06:26:29.613+0000] {subprocess.py:93} INFO - Created version '1' of model 'FraudDetectionModel'.
[2025-08-07T06:26:29.660+0000] {subprocess.py:93} INFO - INFO:__main__:📦 Model registered as 'FraudDetectionModel', version 1
[2025-08-07T06:26:29.698+0000] {subprocess.py:93} INFO - /opt/***/ml_pipeline/train/train_task.py:152: FutureWarning: ``mlflow.tracking.client.MlflowClient.transition_model_version_stage`` is deprecated since 2.9.0. Model registry stages will be removed in a future major release. To learn more about the deprecation of model registry stages, see our migration guide here: https://mlflow.org/docs/latest/model-registry.html#migrating-from-stages
[2025-08-07T06:26:29.698+0000] {subprocess.py:93} INFO -   client.transition_model_version_stage(
[2025-08-07T06:26:29.737+0000] {subprocess.py:93} INFO - INFO:__main__:🚀 Model version 1 transitioned to 'Production'
[2025-08-07T06:26:29.738+0000] {subprocess.py:93} INFO - INFO:__main__:✅ Model registration and promotion complete.
[2025-08-07T06:26:29.739+0000] {subprocess.py:93} INFO - INFO:__main__:✅ Model trained and saved to artifacts/models/model_v20250801_144307.pkl
[2025-08-07T06:26:29.739+0000] {subprocess.py:93} INFO - INFO:__main__:✅ Model pipeline for FraudDetectionModel registered with MLFlow
[2025-08-07T06:26:29.740+0000] {subprocess.py:93} INFO - 🏃 View run learned-fawn-724 at: http://mlflow:5000/#/experiments/1/runs/d058969fcefc47eaa8c7e1b841b6ba63
[2025-08-07T06:26:29.741+0000] {subprocess.py:93} INFO - 🧪 View experiment at: http://mlflow:5000/#/experiments/1
[2025-08-07T06:26:30.550+0000] {subprocess.py:93} INFO - Updating lock file 'dvc.lock'
[2025-08-07T06:26:30.565+0000] {subprocess.py:93} INFO - 
[2025-08-07T06:26:30.566+0000] {subprocess.py:93} INFO - To track the changes with git, run:
[2025-08-07T06:26:30.567+0000] {subprocess.py:93} INFO - 
[2025-08-07T06:26:30.568+0000] {subprocess.py:93} INFO - 	git add dvc.lock
[2025-08-07T06:26:30.569+0000] {subprocess.py:93} INFO - 
[2025-08-07T06:26:30.569+0000] {subprocess.py:93} INFO - To enable auto staging, run:
[2025-08-07T06:26:30.570+0000] {subprocess.py:93} INFO - 
[2025-08-07T06:26:30.571+0000] {subprocess.py:93} INFO - 	dvc config core.autostage true
[2025-08-07T06:26:30.573+0000] {subprocess.py:93} INFO - Use `dvc push` to send your updates to remote storage.
[2025-08-07T06:26:30.922+0000] {subprocess.py:97} INFO - Command exited with return code 0
[2025-08-07T06:26:30.926+0000] {taskinstance.py:441} INFO - ::group::Post task execution logs
[2025-08-07T06:26:30.964+0000] {taskinstance.py:1206} INFO - Marking task as SUCCESS. dag_id=ml_pipeline_dvc, task_id=train_dvc, run_id=manual__2025-08-07T06:26:02.532783+00:00, execution_date=20250807T062602, start_date=20250807T062612, end_date=20250807T062630
[2025-08-07T06:26:30.988+0000] {local_task_job_runner.py:240} INFO - Task exited with return code 0
[2025-08-07T06:26:31.024+0000] {taskinstance.py:3498} INFO - 0 downstream tasks scheduled from follow-on schedule check
[2025-08-07T06:26:31.027+0000] {local_task_job_runner.py:222} INFO - ::endgroup::
