[2025-08-11T18:36:42.100+0000] {local_task_job_runner.py:120} INFO - ::group::Pre task execution logs
[2025-08-11T18:36:42.134+0000] {taskinstance.py:2076} INFO - Dependencies all met for dep_context=non-requeueable deps ti=<TaskInstance: etl.etl_task manual__2025-08-11T18:36:37.602885+00:00 [queued]>
[2025-08-11T18:36:42.145+0000] {taskinstance.py:2076} INFO - Dependencies all met for dep_context=requeueable deps ti=<TaskInstance: etl.etl_task manual__2025-08-11T18:36:37.602885+00:00 [queued]>
[2025-08-11T18:36:42.147+0000] {taskinstance.py:2306} INFO - Starting attempt 1 of 1
[2025-08-11T18:36:42.169+0000] {taskinstance.py:2330} INFO - Executing <Task(PythonOperator): etl_task> on 2025-08-11 18:36:37.602885+00:00
[2025-08-11T18:36:42.180+0000] {warnings.py:110} WARNING - /home/***/.local/lib/python3.12/site-packages/***/task/task_runner/standard_task_runner.py:61: DeprecationWarning: This process (pid=2358) is multi-threaded, use of fork() may lead to deadlocks in the child.
  pid = os.fork()

[2025-08-11T18:36:42.182+0000] {standard_task_runner.py:63} INFO - Started process 2360 to run task
[2025-08-11T18:36:42.182+0000] {standard_task_runner.py:90} INFO - Running: ['***', 'tasks', 'run', 'etl', 'etl_task', 'manual__2025-08-11T18:36:37.602885+00:00', '--job-id', '45', '--raw', '--subdir', 'DAGS_FOLDER/etl_pipeline.py', '--cfg-path', '/tmp/tmpysqhdsjq']
[2025-08-11T18:36:42.186+0000] {standard_task_runner.py:91} INFO - Job 45: Subtask etl_task
[2025-08-11T18:36:42.247+0000] {task_command.py:426} INFO - Running <TaskInstance: etl.etl_task manual__2025-08-11T18:36:37.602885+00:00 [running]> on host 631cb2647807
[2025-08-11T18:36:42.383+0000] {taskinstance.py:2648} INFO - Exporting env vars: AIRFLOW_CTX_DAG_OWNER='***' AIRFLOW_CTX_DAG_ID='etl' AIRFLOW_CTX_TASK_ID='etl_task' AIRFLOW_CTX_EXECUTION_DATE='2025-08-11T18:36:37.602885+00:00' AIRFLOW_CTX_TRY_NUMBER='1' AIRFLOW_CTX_DAG_RUN_ID='manual__2025-08-11T18:36:37.602885+00:00'
[2025-08-11T18:36:42.384+0000] {taskinstance.py:430} INFO - ::endgroup::
[2025-08-11T18:36:42.572+0000] {log.py:232} WARNING - {"asctime": "2025-08-11 18:36:42,408", "levelname": "INFO", "name": "model_training", "trace_id": null, "span_id": null, "message": "params.yaml created with version_tag=v20250811_183642"}
[2025-08-11T18:36:42.408+0000] {etl_task.py:85} INFO - params.yaml created with version_tag=v20250811_183642
[2025-08-11T18:36:42.599+0000] {log.py:232} WARNING - {"asctime": "2025-08-11 18:36:42,599", "levelname": "INFO", "name": "model_training", "trace_id": null, "span_id": null, "message": "Simulated data generated."}
[2025-08-11T18:36:42.599+0000] {etl_task.py:93} INFO - Simulated data generated.
[2025-08-11T18:36:42.717+0000] {log.py:232} WARNING - {"asctime": "2025-08-11 18:36:42,717", "levelname": "INFO", "name": "model_training", "trace_id": null, "span_id": null, "message": "Simulated data saved at s3://mlflow-artifacts/data/raw/fraud_data_v20250811_183642.csv."}
[2025-08-11T18:36:42.717+0000] {etl_task.py:56} INFO - Simulated data saved at s3://mlflow-artifacts/data/raw/fraud_data_v20250811_183642.csv.
[2025-08-11T18:36:42.722+0000] {taskinstance.py:441} INFO - ::group::Post task execution logs
[2025-08-11T18:36:42.723+0000] {taskinstance.py:2905} ERROR - Task failed with exception
Traceback (most recent call last):
  File "/home/airflow/.local/lib/python3.12/site-packages/airflow/models/taskinstance.py", line 465, in _execute_task
    result = _execute_callable(context=context, **execute_callable_kwargs)
             ^^^^^^^^^^^^^^^^^^^^^^^^^^^^^^^^^^^^^^^^^^^^^^^^^^^^^^^^^^^^^
  File "/home/airflow/.local/lib/python3.12/site-packages/airflow/models/taskinstance.py", line 432, in _execute_callable
    return execute_callable(context=context, **execute_callable_kwargs)
           ^^^^^^^^^^^^^^^^^^^^^^^^^^^^^^^^^^^^^^^^^^^^^^^^^^^^^^^^^^^^
  File "/home/airflow/.local/lib/python3.12/site-packages/airflow/models/baseoperator.py", line 400, in wrapper
    return func(self, *args, **kwargs)
           ^^^^^^^^^^^^^^^^^^^^^^^^^^^
  File "/home/airflow/.local/lib/python3.12/site-packages/airflow/operators/python.py", line 235, in execute
    return_value = self.execute_callable()
                   ^^^^^^^^^^^^^^^^^^^^^^^
  File "/home/airflow/.local/lib/python3.12/site-packages/airflow/operators/python.py", line 252, in execute_callable
    return self.python_callable(*self.op_args, **self.op_kwargs)
           ^^^^^^^^^^^^^^^^^^^^^^^^^^^^^^^^^^^^^^^^^^^^^^^^^^^^^
  File "/opt/airflow/ml_pipeline/preprocessing/etl_task.py", line 94, in main
    save_with_version(data, version)
  File "/opt/airflow/ml_pipeline/preprocessing/etl_task.py", line 65, in save_with_version
    load_upload_minio(s3_uri, filetype="json", mode="upload", obj=version_meta)
  File "/opt/airflow/ml_pipeline/utils/minio/load_upload_minio.py", line 63, in load_upload_minio
    s3.upload_fileobj(buffer, bucket, key)
  File "/home/airflow/.local/lib/python3.12/site-packages/boto3/s3/inject.py", line 642, in upload_fileobj
    return future.result()
           ^^^^^^^^^^^^^^^
  File "/home/airflow/.local/lib/python3.12/site-packages/s3transfer/futures.py", line 103, in result
    return self._coordinator.result()
           ^^^^^^^^^^^^^^^^^^^^^^^^^^
  File "/home/airflow/.local/lib/python3.12/site-packages/s3transfer/futures.py", line 266, in result
    raise self._exception
  File "/home/airflow/.local/lib/python3.12/site-packages/s3transfer/tasks.py", line 139, in __call__
    return self._execute_main(kwargs)
           ^^^^^^^^^^^^^^^^^^^^^^^^^^
  File "/home/airflow/.local/lib/python3.12/site-packages/s3transfer/tasks.py", line 162, in _execute_main
    return_value = self._main(**kwargs)
                   ^^^^^^^^^^^^^^^^^^^^
  File "/home/airflow/.local/lib/python3.12/site-packages/s3transfer/upload.py", line 764, in _main
    client.put_object(Bucket=bucket, Key=key, Body=body, **extra_args)
  File "/home/airflow/.local/lib/python3.12/site-packages/botocore/client.py", line 553, in _api_call
    return self._make_api_call(operation_name, kwargs)
           ^^^^^^^^^^^^^^^^^^^^^^^^^^^^^^^^^^^^^^^^^^^
  File "/home/airflow/.local/lib/python3.12/site-packages/botocore/client.py", line 946, in _make_api_call
    api_params = self._emit_api_params(
                 ^^^^^^^^^^^^^^^^^^^^^^
  File "/home/airflow/.local/lib/python3.12/site-packages/botocore/client.py", line 1072, in _emit_api_params
    self.meta.events.emit(
  File "/home/airflow/.local/lib/python3.12/site-packages/botocore/hooks.py", line 412, in emit
    return self._emitter.emit(aliased_event_name, **kwargs)
           ^^^^^^^^^^^^^^^^^^^^^^^^^^^^^^^^^^^^^^^^^^^^^^^^
  File "/home/airflow/.local/lib/python3.12/site-packages/botocore/hooks.py", line 256, in emit
    return self._emit(event_name, kwargs)
           ^^^^^^^^^^^^^^^^^^^^^^^^^^^^^^
  File "/home/airflow/.local/lib/python3.12/site-packages/botocore/hooks.py", line 239, in _emit
    response = handler(**kwargs)
               ^^^^^^^^^^^^^^^^^
  File "/home/airflow/.local/lib/python3.12/site-packages/botocore/handlers.py", line 288, in validate_bucket_name
    raise ParamValidationError(report=error_msg)
botocore.exceptions.ParamValidationError: Parameter validation failed:
Invalid bucket name "$mlflow-artifacts": Bucket name must match the regex "^[a-zA-Z0-9.\-_]{1,255}$" or be an ARN matching the regex "^arn:(aws).*:(s3|s3-object-lambda):[a-z\-0-9]*:[0-9]{12}:accesspoint[/:][a-zA-Z0-9\-.]{1,63}$|^arn:(aws).*:s3-outposts:[a-z\-0-9]+:[0-9]{12}:outpost[/:][a-zA-Z0-9\-]{1,63}[/:]accesspoint[/:][a-zA-Z0-9\-]{1,63}$"
[2025-08-11T18:36:42.749+0000] {taskinstance.py:1206} INFO - Marking task as FAILED. dag_id=etl, task_id=etl_task, run_id=manual__2025-08-11T18:36:37.602885+00:00, execution_date=20250811T183637, start_date=20250811T183642, end_date=20250811T183642
[2025-08-11T18:36:42.765+0000] {standard_task_runner.py:110} ERROR - Failed to execute job 45 for task etl_task (Parameter validation failed:
Invalid bucket name "$mlflow-artifacts": Bucket name must match the regex "^[a-zA-Z0-9.\-_]{1,255}$" or be an ARN matching the regex "^arn:(aws).*:(s3|s3-object-lambda):[a-z\-0-9]*:[0-9]{12}:accesspoint[/:][a-zA-Z0-9\-.]{1,63}$|^arn:(aws).*:s3-outposts:[a-z\-0-9]+:[0-9]{12}:outpost[/:][a-zA-Z0-9\-]{1,63}[/:]accesspoint[/:][a-zA-Z0-9\-]{1,63}$"; 2360)
[2025-08-11T18:36:42.815+0000] {local_task_job_runner.py:240} INFO - Task exited with return code 1
[2025-08-11T18:36:42.837+0000] {taskinstance.py:3498} INFO - 0 downstream tasks scheduled from follow-on schedule check
[2025-08-11T18:36:42.839+0000] {local_task_job_runner.py:222} INFO - ::endgroup::
