[2025-08-17T17:51:29.633+0000] {local_task_job_runner.py:120} INFO - ::group::Pre task execution logs
[2025-08-17T17:51:29.707+0000] {taskinstance.py:2076} INFO - Dependencies all met for dep_context=non-requeueable deps ti=<TaskInstance: ml_pipeline_dvc.ingest_dvc manual__2025-08-17T17:51:27.498563+00:00 [queued]>
[2025-08-17T17:51:29.742+0000] {taskinstance.py:2076} INFO - Dependencies all met for dep_context=requeueable deps ti=<TaskInstance: ml_pipeline_dvc.ingest_dvc manual__2025-08-17T17:51:27.498563+00:00 [queued]>
[2025-08-17T17:51:29.744+0000] {taskinstance.py:2306} INFO - Starting attempt 1 of 1
[2025-08-17T17:51:29.829+0000] {taskinstance.py:2330} INFO - Executing <Task(BashOperator): ingest_dvc> on 2025-08-17 17:51:27.498563+00:00
[2025-08-17T17:51:29.856+0000] {warnings.py:110} WARNING - /home/***/.local/lib/python3.12/site-packages/***/task/task_runner/standard_task_runner.py:61: DeprecationWarning: This process (pid=837) is multi-threaded, use of fork() may lead to deadlocks in the child.
  pid = os.fork()

[2025-08-17T17:51:29.861+0000] {standard_task_runner.py:63} INFO - Started process 845 to run task
[2025-08-17T17:51:29.861+0000] {standard_task_runner.py:90} INFO - Running: ['***', 'tasks', 'run', 'ml_pipeline_dvc', 'ingest_dvc', 'manual__2025-08-17T17:51:27.498563+00:00', '--job-id', '300', '--raw', '--subdir', 'DAGS_FOLDER/train_pipeline_dag.py', '--cfg-path', '/tmp/tmp5w1d6cly']
[2025-08-17T17:51:29.894+0000] {standard_task_runner.py:91} INFO - Job 300: Subtask ingest_dvc
[2025-08-17T17:51:30.098+0000] {task_command.py:426} INFO - Running <TaskInstance: ml_pipeline_dvc.ingest_dvc manual__2025-08-17T17:51:27.498563+00:00 [running]> on host bea494a05fb4
[2025-08-17T17:51:30.400+0000] {taskinstance.py:2648} INFO - Exporting env vars: AIRFLOW_CTX_DAG_OWNER='yas' AIRFLOW_CTX_DAG_ID='ml_pipeline_dvc' AIRFLOW_CTX_TASK_ID='ingest_dvc' AIRFLOW_CTX_EXECUTION_DATE='2025-08-17T17:51:27.498563+00:00' AIRFLOW_CTX_TRY_NUMBER='1' AIRFLOW_CTX_DAG_RUN_ID='manual__2025-08-17T17:51:27.498563+00:00'
[2025-08-17T17:51:30.402+0000] {taskinstance.py:430} INFO - ::endgroup::
[2025-08-17T17:51:30.428+0000] {subprocess.py:63} INFO - Tmp dir root location: /tmp
[2025-08-17T17:51:30.430+0000] {subprocess.py:75} INFO - Running command: ['/usr/bin/bash', '-c', '\n            cd /opt/***/ml_pipeline \n            dvc repro ingest\n            dvc push\n        ']
[2025-08-17T17:51:30.445+0000] {subprocess.py:86} INFO - Output:
[2025-08-17T17:51:34.402+0000] {subprocess.py:93} INFO - Running stage 'ingest':
[2025-08-17T17:51:34.403+0000] {subprocess.py:93} INFO - > python data/ingest/etl_task.py && python data/ingest/download_data.py
[2025-08-17T17:51:36.861+0000] {subprocess.py:93} INFO - {"asctime": "2025-08-17 17:51:36,800", "levelname": "INFO", "name": "model_training", "trace_id": null, "span_id": null, "message": "AWS ENDPOINT is: http://minio:9000"}
[2025-08-17T17:51:36.874+0000] {subprocess.py:93} INFO - {"asctime": "2025-08-17 17:51:36,873", "levelname": "INFO", "name": "model_training", "trace_id": null, "span_id": null, "message": "Simulated data generated."}
[2025-08-17T17:51:36.978+0000] {subprocess.py:93} INFO - {"asctime": "2025-08-17 17:51:36,978", "levelname": "INFO", "name": "model_training", "trace_id": null, "span_id": null, "message": "Simulated data saved at s3://mlflow-artifacts/data/raw/fraud_data_v20250817_175136.csv."}
[2025-08-17T17:51:36.984+0000] {subprocess.py:93} INFO - {"asctime": "2025-08-17 17:51:36,983", "levelname": "INFO", "name": "model_training", "trace_id": null, "span_id": null, "message": "\u2705 Saved version_meta.json locally."}
[2025-08-17T17:51:37.013+0000] {subprocess.py:93} INFO - {"asctime": "2025-08-17 17:51:37,013", "levelname": "INFO", "name": "model_training", "trace_id": null, "span_id": null, "message": "Meta Version saved to: s3://mlflow-artifacts/data/raw/metadata_v20250817_175136.json"}
[2025-08-17T17:51:38.790+0000] {subprocess.py:93} INFO - {"asctime": "2025-08-17 17:51:38,720", "levelname": "INFO", "name": "model_training", "trace_id": null, "span_id": null, "message": "\u2705 Data saved locally in data/raw"}
[2025-08-17T17:51:39.035+0000] {subprocess.py:93} INFO - Updating lock file 'dvc.lock'
[2025-08-17T17:51:39.047+0000] {subprocess.py:93} INFO - 
[2025-08-17T17:51:39.048+0000] {subprocess.py:93} INFO - To track the changes with git, run:
[2025-08-17T17:51:39.050+0000] {subprocess.py:93} INFO - 
[2025-08-17T17:51:39.050+0000] {subprocess.py:93} INFO - 	git add dvc.lock
[2025-08-17T17:51:39.051+0000] {subprocess.py:93} INFO - 
[2025-08-17T17:51:39.051+0000] {subprocess.py:93} INFO - To enable auto staging, run:
[2025-08-17T17:51:39.052+0000] {subprocess.py:93} INFO - 
[2025-08-17T17:51:39.053+0000] {subprocess.py:93} INFO - 	dvc config core.autostage true
[2025-08-17T17:51:39.053+0000] {subprocess.py:93} INFO - Use `dvc push` to send your updates to remote storage.
[2025-08-17T17:51:42.770+0000] {subprocess.py:93} INFO - 12 files pushed
[2025-08-17T17:51:43.173+0000] {subprocess.py:97} INFO - Command exited with return code 0
[2025-08-17T17:51:43.175+0000] {taskinstance.py:441} INFO - ::group::Post task execution logs
[2025-08-17T17:51:43.214+0000] {taskinstance.py:1206} INFO - Marking task as SUCCESS. dag_id=ml_pipeline_dvc, task_id=ingest_dvc, run_id=manual__2025-08-17T17:51:27.498563+00:00, execution_date=20250817T175127, start_date=20250817T175129, end_date=20250817T175143
[2025-08-17T17:51:43.264+0000] {local_task_job_runner.py:240} INFO - Task exited with return code 0
[2025-08-17T17:51:43.303+0000] {taskinstance.py:3498} INFO - 1 downstream tasks scheduled from follow-on schedule check
[2025-08-17T17:51:43.305+0000] {local_task_job_runner.py:222} INFO - ::endgroup::
