[2025-07-30T23:11:05.141+0000] {local_task_job_runner.py:120} INFO - ::group::Pre task execution logs
[2025-07-30T23:11:05.301+0000] {taskinstance.py:2076} INFO - Dependencies all met for dep_context=non-requeueable deps ti=<TaskInstance: ml_pipeline_dag.train_classification_model_task manual__2025-07-30T23:10:52.404299+00:00 [queued]>
[2025-07-30T23:11:05.330+0000] {taskinstance.py:2076} INFO - Dependencies all met for dep_context=requeueable deps ti=<TaskInstance: ml_pipeline_dag.train_classification_model_task manual__2025-07-30T23:10:52.404299+00:00 [queued]>
[2025-07-30T23:11:05.332+0000] {taskinstance.py:2306} INFO - Starting attempt 1 of 1
[2025-07-30T23:11:05.368+0000] {taskinstance.py:2330} INFO - Executing <Task(PythonOperator): train_classification_model_task> on 2025-07-30 23:10:52.404299+00:00
[2025-07-30T23:11:05.414+0000] {warnings.py:110} WARNING - /home/***/.local/lib/python3.12/site-packages/***/task/task_runner/standard_task_runner.py:61: DeprecationWarning: This process (pid=698) is multi-threaded, use of fork() may lead to deadlocks in the child.
  pid = os.fork()

[2025-07-30T23:11:05.417+0000] {standard_task_runner.py:63} INFO - Started process 707 to run task
[2025-07-30T23:11:05.417+0000] {standard_task_runner.py:90} INFO - Running: ['***', 'tasks', 'run', 'ml_pipeline_dag', 'train_classification_model_task', 'manual__2025-07-30T23:10:52.404299+00:00', '--job-id', '39', '--raw', '--subdir', 'DAGS_FOLDER/ml_pipeline_dag.py', '--cfg-path', '/tmp/tmp1y5jsqmj']
[2025-07-30T23:11:05.422+0000] {standard_task_runner.py:91} INFO - Job 39: Subtask train_classification_model_task
[2025-07-30T23:11:05.629+0000] {task_command.py:426} INFO - Running <TaskInstance: ml_pipeline_dag.train_classification_model_task manual__2025-07-30T23:10:52.404299+00:00 [running]> on host edd92f9295b0
[2025-07-30T23:11:05.799+0000] {taskinstance.py:2648} INFO - Exporting env vars: AIRFLOW_CTX_DAG_OWNER='***' AIRFLOW_CTX_DAG_ID='ml_pipeline_dag' AIRFLOW_CTX_TASK_ID='train_classification_model_task' AIRFLOW_CTX_EXECUTION_DATE='2025-07-30T23:10:52.404299+00:00' AIRFLOW_CTX_TRY_NUMBER='1' AIRFLOW_CTX_DAG_RUN_ID='manual__2025-07-30T23:10:52.404299+00:00'
[2025-07-30T23:11:05.803+0000] {taskinstance.py:430} INFO - ::endgroup::
[2025-07-30T23:11:06.188+0000] {train_model.py:53} INFO - Model accuracy: 0.89
[2025-07-30T23:11:06.189+0000] {train_model.py:54} INFO - Training time: 0.37 seconds
[2025-07-30T23:11:06.190+0000] {train_model.py:55} INFO - Log loss: 0.3259
[2025-07-30T23:11:06.209+0000] {train_model.py:75} INFO - Metrics successfully sent to metrics server.
[2025-07-30T23:11:06.210+0000] {python.py:237} INFO - Done. Returned value was: None
[2025-07-30T23:11:06.211+0000] {taskinstance.py:441} INFO - ::group::Post task execution logs
[2025-07-30T23:11:06.224+0000] {taskinstance.py:1206} INFO - Marking task as SUCCESS. dag_id=ml_pipeline_dag, task_id=train_classification_model_task, run_id=manual__2025-07-30T23:10:52.404299+00:00, execution_date=20250730T231052, start_date=20250730T231105, end_date=20250730T231106
[2025-07-30T23:11:06.262+0000] {local_task_job_runner.py:240} INFO - Task exited with return code 0
[2025-07-30T23:11:06.302+0000] {taskinstance.py:3498} INFO - 0 downstream tasks scheduled from follow-on schedule check
[2025-07-30T23:11:06.305+0000] {local_task_job_runner.py:222} INFO - ::endgroup::
