{"timestamp":"2025-08-21T17:07:08.983339","level":"info","event":"DAG bundles loaded: dags-folder","logger":"airflow.dag_processing.bundles.manager.DagBundlesManager"}
{"timestamp":"2025-08-21T17:07:09.033013","level":"info","event":"Filling up the DagBag from /opt/airflow/dags/ml_pipeline_dvc_dag.py","logger":"airflow.models.dagbag.DagBag"}
{"timestamp":"2025-08-21T17:07:10.898854","level":"info","event":"Tmp dir root location: /tmp","logger":"airflow.task.hooks.airflow.providers.standard.hooks.subprocess.SubprocessHook"}
{"timestamp":"2025-08-21T17:07:10.914614","level":"info","event":"Running command: ['/usr/bin/bash', '-c', '\\n            cd /opt/airflow/ml_pipeline\\n            dvc pull --force\\n            dvc repro preprocess\\n            dvc push\\n        ']","logger":"airflow.task.hooks.airflow.providers.standard.hooks.subprocess.SubprocessHook"}
{"timestamp":"2025-08-21T17:07:10.996708","level":"info","event":"Output:","logger":"airflow.task.hooks.airflow.providers.standard.hooks.subprocess.SubprocessHook"}
{"timestamp":"2025-08-21T17:07:26.199905","level":"info","event":"Everything is up to date.","logger":"airflow.task.hooks.airflow.providers.standard.hooks.subprocess.SubprocessHook"}
{"timestamp":"2025-08-21T17:07:41.947318","level":"info","event":"Stage 'ingest' didn't change, skipping","logger":"airflow.task.hooks.airflow.providers.standard.hooks.subprocess.SubprocessHook"}
{"timestamp":"2025-08-21T17:07:42.205652","level":"info","event":"Running stage 'preprocess':","logger":"airflow.task.hooks.airflow.providers.standard.hooks.subprocess.SubprocessHook"}
{"timestamp":"2025-08-21T17:07:42.208164","level":"info","event":"> python data/preprocessing/preprocess_task.py","logger":"airflow.task.hooks.airflow.providers.standard.hooks.subprocess.SubprocessHook"}
{"timestamp":"2025-08-21T17:07:53.192600","level":"info","event":"{\"asctime\": \"2025-08-21 17:07:53,191\", \"levelname\": \"INFO\", \"name\": \"preprocessing_pipeline\", \"trace_id\": null, \"span_id\": null, \"message\": \"version_meta.json loaded from local path!\"}","logger":"airflow.task.hooks.airflow.providers.standard.hooks.subprocess.SubprocessHook"}
{"timestamp":"2025-08-21T17:07:53.283687","level":"info","event":"{\"asctime\": \"2025-08-21 17:07:53,281\", \"levelname\": \"INFO\", \"name\": \"preprocessing_pipeline\", \"trace_id\": null, \"span_id\": null, \"message\": \"preprocessor trained!\"}","logger":"airflow.task.hooks.airflow.providers.standard.hooks.subprocess.SubprocessHook"}
{"timestamp":"2025-08-21T17:07:53.307326","level":"info","event":"{\"asctime\": \"2025-08-21 17:07:53,305\", \"levelname\": \"INFO\", \"name\": \"preprocessing_pipeline\", \"trace_id\": null, \"span_id\": null, \"message\": \"preprocessor saved to local path artifacts/preprocess/fraud_pipeline_v20250821_170631.pkl!\"}","logger":"airflow.task.hooks.airflow.providers.standard.hooks.subprocess.SubprocessHook"}
{"timestamp":"2025-08-21T17:07:53.321103","level":"info","event":"{\"asctime\": \"2025-08-21 17:07:53,319\", \"levelname\": \"INFO\", \"name\": \"preprocessing_pipeline\", \"trace_id\": null, \"span_id\": null, \"message\": \"\\u2705 Saved pipeline at: artifacts/preprocess/fraud_pipeline_v20250821_170631.pkl\"}","logger":"airflow.task.hooks.airflow.providers.standard.hooks.subprocess.SubprocessHook"}
{"timestamp":"2025-08-21T17:07:53.322586","level":"info","event":"{\"asctime\": \"2025-08-21 17:07:53,320\", \"levelname\": \"INFO\", \"name\": \"preprocessing_pipeline\", \"trace_id\": null, \"span_id\": null, \"message\": \"\\ud83d\\udcc4 Saved metadata: artifacts/preprocess/preprocess_metadata_v20250821_170631.json\"}","logger":"airflow.task.hooks.airflow.providers.standard.hooks.subprocess.SubprocessHook"}
{"timestamp":"2025-08-21T17:07:53.323349","level":"info","event":"{\"asctime\": \"2025-08-21 17:07:53,320\", \"levelname\": \"INFO\", \"name\": \"preprocessing_pipeline\", \"trace_id\": null, \"span_id\": null, \"message\": \"\\ud83d\\udce6 Updated version_meta.json\"}","logger":"airflow.task.hooks.airflow.providers.standard.hooks.subprocess.SubprocessHook"}
{"timestamp":"2025-08-21T17:07:54.683545","level":"info","event":"Updating lock file 'dvc.lock'","logger":"airflow.task.hooks.airflow.providers.standard.hooks.subprocess.SubprocessHook"}
{"timestamp":"2025-08-21T17:07:54.720841","level":"info","event":"","logger":"airflow.task.hooks.airflow.providers.standard.hooks.subprocess.SubprocessHook"}
{"timestamp":"2025-08-21T17:07:54.724897","level":"info","event":"To track the changes with git, run:","logger":"airflow.task.hooks.airflow.providers.standard.hooks.subprocess.SubprocessHook"}
{"timestamp":"2025-08-21T17:07:54.725180","level":"info","event":"","logger":"airflow.task.hooks.airflow.providers.standard.hooks.subprocess.SubprocessHook"}
{"timestamp":"2025-08-21T17:07:54.726036","level":"info","event":"\tgit add dvc.lock","logger":"airflow.task.hooks.airflow.providers.standard.hooks.subprocess.SubprocessHook"}
{"timestamp":"2025-08-21T17:07:54.726431","level":"info","event":"","logger":"airflow.task.hooks.airflow.providers.standard.hooks.subprocess.SubprocessHook"}
{"timestamp":"2025-08-21T17:07:54.726689","level":"info","event":"To enable auto staging, run:","logger":"airflow.task.hooks.airflow.providers.standard.hooks.subprocess.SubprocessHook"}
{"timestamp":"2025-08-21T17:07:54.726973","level":"info","event":"","logger":"airflow.task.hooks.airflow.providers.standard.hooks.subprocess.SubprocessHook"}
{"timestamp":"2025-08-21T17:07:54.727206","level":"info","event":"\tdvc config core.autostage true","logger":"airflow.task.hooks.airflow.providers.standard.hooks.subprocess.SubprocessHook"}
{"timestamp":"2025-08-21T17:07:54.750977","level":"info","event":"Use `dvc push` to send your updates to remote storage.","logger":"airflow.task.hooks.airflow.providers.standard.hooks.subprocess.SubprocessHook"}
{"timestamp":"2025-08-21T17:08:10.902765","level":"info","event":"2 files pushed","logger":"airflow.task.hooks.airflow.providers.standard.hooks.subprocess.SubprocessHook"}
{"timestamp":"2025-08-21T17:08:12.843566","level":"info","event":"Command exited with return code 0","logger":"airflow.task.hooks.airflow.providers.standard.hooks.subprocess.SubprocessHook"}
{"timestamp":"2025-08-21T17:08:12.905859","level":"info","event":"Pushing xcom","ti":"RuntimeTaskInstance(id=UUID('0198cd98-0182-7ab5-8513-5d2b0ab18ce6'), task_id='preprocess_dvc', dag_id='ml_pipeline_dvc', run_id='manual__2025-08-21T17:05:47.735344+00:00', try_number=1, map_index=-1, hostname='c64456fb60b5', context_carrier={}, task=<Task(BashOperator): preprocess_dvc>, bundle_instance=LocalDagBundle(name=dags-folder), max_tries=0, start_date=datetime.datetime(2025, 8, 21, 17, 7, 4, 757615, tzinfo=datetime.timezone.utc), end_date=None, state=<TaskInstanceState.RUNNING: 'running'>, is_mapped=False, rendered_map_index=None, log_url='http://localhost:8080/dags/ml_pipeline_dvc/runs/manual__2025-08-21T17%3A05%3A47.735344%2B00%3A00/tasks/preprocess_dvc?try_number=1')","logger":"task"}
