[2025-08-12T17:13:36.290+0000] {local_task_job_runner.py:120} INFO - ::group::Pre task execution logs
[2025-08-12T17:13:36.476+0000] {taskinstance.py:2076} INFO - Dependencies all met for dep_context=non-requeueable deps ti=<TaskInstance: ml_pipeline_dvc.setup_dvc_remote manual__2025-08-12T17:13:32.899574+00:00 [queued]>
[2025-08-12T17:13:36.513+0000] {taskinstance.py:2076} INFO - Dependencies all met for dep_context=requeueable deps ti=<TaskInstance: ml_pipeline_dvc.setup_dvc_remote manual__2025-08-12T17:13:32.899574+00:00 [queued]>
[2025-08-12T17:13:36.525+0000] {taskinstance.py:2306} INFO - Starting attempt 1 of 2
[2025-08-12T17:13:36.573+0000] {taskinstance.py:2330} INFO - Executing <Task(BashOperator): setup_dvc_remote> on 2025-08-12 17:13:32.899574+00:00
[2025-08-12T17:13:36.588+0000] {warnings.py:110} WARNING - /home/***/.local/lib/python3.12/site-packages/***/task/task_runner/standard_task_runner.py:61: DeprecationWarning: This process (pid=2184) is multi-threaded, use of fork() may lead to deadlocks in the child.
  pid = os.fork()

[2025-08-12T17:13:36.593+0000] {standard_task_runner.py:63} INFO - Started process 2185 to run task
[2025-08-12T17:13:36.592+0000] {standard_task_runner.py:90} INFO - Running: ['***', 'tasks', 'run', 'ml_pipeline_dvc', 'setup_dvc_remote', 'manual__2025-08-12T17:13:32.899574+00:00', '--job-id', '134', '--raw', '--subdir', 'DAGS_FOLDER/train_pipeline_dag.py', '--cfg-path', '/tmp/tmp9aq3arg6']
[2025-08-12T17:13:36.598+0000] {standard_task_runner.py:91} INFO - Job 134: Subtask setup_dvc_remote
[2025-08-12T17:13:36.742+0000] {task_command.py:426} INFO - Running <TaskInstance: ml_pipeline_dvc.setup_dvc_remote manual__2025-08-12T17:13:32.899574+00:00 [running]> on host 08abdf02b345
[2025-08-12T17:13:36.907+0000] {taskinstance.py:2648} INFO - Exporting env vars: AIRFLOW_CTX_DAG_OWNER='yas' AIRFLOW_CTX_DAG_ID='ml_pipeline_dvc' AIRFLOW_CTX_TASK_ID='setup_dvc_remote' AIRFLOW_CTX_EXECUTION_DATE='2025-08-12T17:13:32.899574+00:00' AIRFLOW_CTX_TRY_NUMBER='1' AIRFLOW_CTX_DAG_RUN_ID='manual__2025-08-12T17:13:32.899574+00:00'
[2025-08-12T17:13:36.910+0000] {taskinstance.py:430} INFO - ::endgroup::
[2025-08-12T17:13:36.942+0000] {subprocess.py:63} INFO - Tmp dir root location: /tmp
[2025-08-12T17:13:36.944+0000] {subprocess.py:75} INFO - Running command: ['/usr/bin/bash', '-c', '\n        cd /opt/***/ml_pipeline\n        dvc remote remove minio || true\n        dvc remote add -d minio s3://mlflow-artifacts\n        dvc remote modify minio endpointurl http://minio:9000\n        dvc remote modify minio use_ssl false\n        dvc remote modify --local access_key_id minioadmin\n        dvc remote modify --local secret_access_key minioadmin\n        ls -l .dvc/\n        echo "config file:"\n        cat .dvc/config\n        echo "Local config file:"\n        cat .dvc/config.local || echo "No local config found"\n        dvc push --verbose\n        dvc repro preprocess\n        ']
[2025-08-12T17:13:36.967+0000] {subprocess.py:86} INFO - Output:
[2025-08-12T17:13:42.537+0000] {subprocess.py:93} INFO - Setting 'minio' as a default remote.
[2025-08-12T17:13:49.575+0000] {subprocess.py:93} INFO - ERROR: configuration error - config file error: remote 'access_key_id' doesn't exist.
[2025-08-12T17:13:52.304+0000] {subprocess.py:93} INFO - ERROR: configuration error - config file error: remote 'secret_access_key' doesn't exist.
[2025-08-12T17:13:53.328+0000] {subprocess.py:93} INFO - total 8
[2025-08-12T17:13:53.333+0000] {subprocess.py:93} INFO - drwxr-xr-x 10 default root 320 Aug  5 20:10 cache
[2025-08-12T17:13:53.334+0000] {subprocess.py:93} INFO - -rw-r--r--  1 default root 133 Aug 12 17:13 config
[2025-08-12T17:13:53.337+0000] {subprocess.py:93} INFO - -rw-r--r--  1 default root   1 Aug 12 17:13 config.local
[2025-08-12T17:13:53.338+0000] {subprocess.py:93} INFO - drwxr-xr-x  8 default root 256 Aug 11 22:52 tmp
[2025-08-12T17:13:53.339+0000] {subprocess.py:93} INFO - config file:
[2025-08-12T17:13:53.341+0000] {subprocess.py:93} INFO - [core]
[2025-08-12T17:13:53.343+0000] {subprocess.py:93} INFO -     remote = minio
[2025-08-12T17:13:53.345+0000] {subprocess.py:93} INFO - ['remote "minio"']
[2025-08-12T17:13:53.349+0000] {subprocess.py:93} INFO -     url = s3://mlflow-artifacts
[2025-08-12T17:13:53.351+0000] {subprocess.py:93} INFO -     endpointurl = http://minio:9000
[2025-08-12T17:13:53.352+0000] {subprocess.py:93} INFO -     use_ssl = false
[2025-08-12T17:13:53.353+0000] {subprocess.py:93} INFO - Local config file:
[2025-08-12T17:13:53.354+0000] {subprocess.py:93} INFO - 
[2025-08-12T17:13:54.344+0000] {subprocess.py:93} INFO - 2025-08-12 17:13:54,343 DEBUG: v3.61.0 (pip), CPython 3.12.3 on Linux-6.6.31-linuxkit-x86_64-with-glibc2.36
[2025-08-12T17:13:54.345+0000] {subprocess.py:93} INFO - 2025-08-12 17:13:54,343 DEBUG: command: /home/***/.local/bin/dvc push --verbose
[2025-08-12T17:13:55.572+0000] {subprocess.py:93} INFO - 2025-08-12 17:13:55,572 DEBUG: Lockfile 'dvc.lock' needs to be updated.
[2025-08-12T17:13:56.892+0000] {subprocess.py:93} INFO - Everything is up to date.
[2025-08-12T17:13:56.896+0000] {subprocess.py:93} INFO - 2025-08-12 17:13:56,895 DEBUG: Analytics is enabled.
[2025-08-12T17:13:56.967+0000] {subprocess.py:93} INFO - 2025-08-12 17:13:56,966 DEBUG: Trying to spawn ['daemon', 'analytics', '/tmp/tmp7geymjh8', '-v']
[2025-08-12T17:13:56.983+0000] {subprocess.py:93} INFO - 2025-08-12 17:13:56,982 DEBUG: Spawned ['daemon', 'analytics', '/tmp/tmp7geymjh8', '-v'] with pid 2315
[2025-08-12T17:14:02.818+0000] {subprocess.py:93} INFO - ERROR: failed to reproduce 'preprocess': Forbidden: An error occurred (403) when calling the HeadObject operation: Forbidden
[2025-08-12T17:14:03.413+0000] {subprocess.py:97} INFO - Command exited with return code 255
[2025-08-12T17:14:03.415+0000] {taskinstance.py:441} INFO - ::group::Post task execution logs
[2025-08-12T17:14:03.430+0000] {taskinstance.py:2905} ERROR - Task failed with exception
Traceback (most recent call last):
  File "/home/airflow/.local/lib/python3.12/site-packages/airflow/models/taskinstance.py", line 465, in _execute_task
    result = _execute_callable(context=context, **execute_callable_kwargs)
             ^^^^^^^^^^^^^^^^^^^^^^^^^^^^^^^^^^^^^^^^^^^^^^^^^^^^^^^^^^^^^
  File "/home/airflow/.local/lib/python3.12/site-packages/airflow/models/taskinstance.py", line 432, in _execute_callable
    return execute_callable(context=context, **execute_callable_kwargs)
           ^^^^^^^^^^^^^^^^^^^^^^^^^^^^^^^^^^^^^^^^^^^^^^^^^^^^^^^^^^^^
  File "/home/airflow/.local/lib/python3.12/site-packages/airflow/models/baseoperator.py", line 400, in wrapper
    return func(self, *args, **kwargs)
           ^^^^^^^^^^^^^^^^^^^^^^^^^^^
  File "/home/airflow/.local/lib/python3.12/site-packages/airflow/operators/bash.py", line 243, in execute
    raise AirflowException(
airflow.exceptions.AirflowException: Bash command failed. The command returned a non-zero exit code 255.
[2025-08-12T17:14:03.438+0000] {taskinstance.py:1206} INFO - Marking task as UP_FOR_RETRY. dag_id=ml_pipeline_dvc, task_id=setup_dvc_remote, run_id=manual__2025-08-12T17:13:32.899574+00:00, execution_date=20250812T171332, start_date=20250812T171336, end_date=20250812T171403
[2025-08-12T17:14:03.461+0000] {standard_task_runner.py:110} ERROR - Failed to execute job 134 for task setup_dvc_remote (Bash command failed. The command returned a non-zero exit code 255.; 2185)
[2025-08-12T17:14:03.501+0000] {local_task_job_runner.py:240} INFO - Task exited with return code 1
[2025-08-12T17:14:03.539+0000] {taskinstance.py:3498} INFO - 0 downstream tasks scheduled from follow-on schedule check
[2025-08-12T17:14:03.541+0000] {local_task_job_runner.py:222} INFO - ::endgroup::
