[2025-07-30T21:37:53.901+0000] {local_task_job_runner.py:120} INFO - ::group::Pre task execution logs
[2025-07-30T21:37:53.952+0000] {taskinstance.py:2076} INFO - Dependencies all met for dep_context=non-requeueable deps ti=<TaskInstance: ml_pipeline_dag.stream_data_task manual__2025-07-30T21:37:47.189979+00:00 [queued]>
[2025-07-30T21:37:53.966+0000] {taskinstance.py:2076} INFO - Dependencies all met for dep_context=requeueable deps ti=<TaskInstance: ml_pipeline_dag.stream_data_task manual__2025-07-30T21:37:47.189979+00:00 [queued]>
[2025-07-30T21:37:53.967+0000] {taskinstance.py:2306} INFO - Starting attempt 1 of 1
[2025-07-30T21:37:53.994+0000] {taskinstance.py:2330} INFO - Executing <Task(PythonOperator): stream_data_task> on 2025-07-30 21:37:47.189979+00:00
[2025-07-30T21:37:54.011+0000] {warnings.py:110} WARNING - /home/***/.local/lib/python3.12/site-packages/***/task/task_runner/standard_task_runner.py:61: DeprecationWarning: This process (pid=886) is multi-threaded, use of fork() may lead to deadlocks in the child.
  pid = os.fork()

[2025-07-30T21:37:54.017+0000] {standard_task_runner.py:63} INFO - Started process 901 to run task
[2025-07-30T21:37:54.016+0000] {standard_task_runner.py:90} INFO - Running: ['***', 'tasks', 'run', 'ml_pipeline_dag', 'stream_data_task', 'manual__2025-07-30T21:37:47.189979+00:00', '--job-id', '29', '--raw', '--subdir', 'DAGS_FOLDER/ml_pipeline_dag.py', '--cfg-path', '/tmp/tmpky65lcme']
[2025-07-30T21:37:54.024+0000] {standard_task_runner.py:91} INFO - Job 29: Subtask stream_data_task
[2025-07-30T21:37:54.180+0000] {task_command.py:426} INFO - Running <TaskInstance: ml_pipeline_dag.stream_data_task manual__2025-07-30T21:37:47.189979+00:00 [running]> on host 39c05ec130fa
[2025-07-30T21:37:54.416+0000] {taskinstance.py:2648} INFO - Exporting env vars: AIRFLOW_CTX_DAG_OWNER='***' AIRFLOW_CTX_DAG_ID='ml_pipeline_dag' AIRFLOW_CTX_TASK_ID='stream_data_task' AIRFLOW_CTX_EXECUTION_DATE='2025-07-30T21:37:47.189979+00:00' AIRFLOW_CTX_TRY_NUMBER='1' AIRFLOW_CTX_DAG_RUN_ID='manual__2025-07-30T21:37:47.189979+00:00'
[2025-07-30T21:37:54.421+0000] {taskinstance.py:430} INFO - ::endgroup::
[2025-07-30T21:37:54.479+0000] {logging_mixin.py:188} INFO - Pushed batch 0 to queue
[2025-07-30T21:37:54.481+0000] {logging_mixin.py:188} INFO - Pushed batch 1 to queue
[2025-07-30T21:37:54.485+0000] {logging_mixin.py:188} INFO - Pushed batch 2 to queue
[2025-07-30T21:37:54.487+0000] {logging_mixin.py:188} INFO - Pushed batch 3 to queue
[2025-07-30T21:37:54.491+0000] {logging_mixin.py:188} INFO - Pushed batch 4 to queue
[2025-07-30T21:37:54.495+0000] {logging_mixin.py:188} INFO - Pushed batch 5 to queue
[2025-07-30T21:37:54.497+0000] {logging_mixin.py:188} INFO - Pushed batch 6 to queue
[2025-07-30T21:37:54.499+0000] {logging_mixin.py:188} INFO - Pushed batch 7 to queue
[2025-07-30T21:37:54.501+0000] {logging_mixin.py:188} INFO - Pushed batch 8 to queue
[2025-07-30T21:37:54.504+0000] {logging_mixin.py:188} INFO - Pushed batch 9 to queue
[2025-07-30T21:37:54.506+0000] {python.py:237} INFO - Done. Returned value was: None
[2025-07-30T21:37:54.512+0000] {taskinstance.py:441} INFO - ::group::Post task execution logs
[2025-07-30T21:37:54.564+0000] {taskinstance.py:1206} INFO - Marking task as SUCCESS. dag_id=ml_pipeline_dag, task_id=stream_data_task, run_id=manual__2025-07-30T21:37:47.189979+00:00, execution_date=20250730T213747, start_date=20250730T213753, end_date=20250730T213754
[2025-07-30T21:37:54.663+0000] {local_task_job_runner.py:240} INFO - Task exited with return code 0
[2025-07-30T21:37:54.787+0000] {taskinstance.py:3498} INFO - 1 downstream tasks scheduled from follow-on schedule check
[2025-07-30T21:37:54.792+0000] {local_task_job_runner.py:222} INFO - ::endgroup::
