[2025-08-17T18:54:46.651+0000] {local_task_job_runner.py:120} INFO - ::group::Pre task execution logs
[2025-08-17T18:54:46.719+0000] {taskinstance.py:2076} INFO - Dependencies all met for dep_context=non-requeueable deps ti=<TaskInstance: ml_pipeline_dvc.train_outlier_detector_dvc manual__2025-08-17T18:53:43.153396+00:00 [queued]>
[2025-08-17T18:54:46.739+0000] {taskinstance.py:2076} INFO - Dependencies all met for dep_context=requeueable deps ti=<TaskInstance: ml_pipeline_dvc.train_outlier_detector_dvc manual__2025-08-17T18:53:43.153396+00:00 [queued]>
[2025-08-17T18:54:46.740+0000] {taskinstance.py:2306} INFO - Starting attempt 1 of 1
[2025-08-17T18:54:46.773+0000] {taskinstance.py:2330} INFO - Executing <Task(BashOperator): train_outlier_detector_dvc> on 2025-08-17 18:53:43.153396+00:00
[2025-08-17T18:54:46.783+0000] {warnings.py:110} WARNING - /home/***/.local/lib/python3.12/site-packages/***/task/task_runner/standard_task_runner.py:61: DeprecationWarning: This process (pid=3737) is multi-threaded, use of fork() may lead to deadlocks in the child.
  pid = os.fork()

[2025-08-17T18:54:46.790+0000] {standard_task_runner.py:63} INFO - Started process 3754 to run task
[2025-08-17T18:54:46.789+0000] {standard_task_runner.py:90} INFO - Running: ['***', 'tasks', 'run', 'ml_pipeline_dvc', 'train_outlier_detector_dvc', 'manual__2025-08-17T18:53:43.153396+00:00', '--job-id', '328', '--raw', '--subdir', 'DAGS_FOLDER/train_pipeline_dag.py', '--cfg-path', '/tmp/tmpvmhev5v4']
[2025-08-17T18:54:46.794+0000] {standard_task_runner.py:91} INFO - Job 328: Subtask train_outlier_detector_dvc
[2025-08-17T18:54:46.881+0000] {task_command.py:426} INFO - Running <TaskInstance: ml_pipeline_dvc.train_outlier_detector_dvc manual__2025-08-17T18:53:43.153396+00:00 [running]> on host bea494a05fb4
[2025-08-17T18:54:47.100+0000] {taskinstance.py:2648} INFO - Exporting env vars: AIRFLOW_CTX_DAG_OWNER='yas' AIRFLOW_CTX_DAG_ID='ml_pipeline_dvc' AIRFLOW_CTX_TASK_ID='train_outlier_detector_dvc' AIRFLOW_CTX_EXECUTION_DATE='2025-08-17T18:53:43.153396+00:00' AIRFLOW_CTX_TRY_NUMBER='1' AIRFLOW_CTX_DAG_RUN_ID='manual__2025-08-17T18:53:43.153396+00:00'
[2025-08-17T18:54:47.102+0000] {taskinstance.py:430} INFO - ::endgroup::
[2025-08-17T18:54:47.134+0000] {subprocess.py:63} INFO - Tmp dir root location: /tmp
[2025-08-17T18:54:47.136+0000] {subprocess.py:75} INFO - Running command: ['/usr/bin/bash', '-c', '\n            cd /opt/***/ml_pipeline\n            dvc pull\n            dvc repro train_outlier\n            dvc push\n        ']
[2025-08-17T18:54:47.151+0000] {subprocess.py:86} INFO - Output:
[2025-08-17T18:54:52.031+0000] {subprocess.py:93} INFO - ERROR: failed to pull data from the cloud - Can't remove the following unsaved files without confirmation. Use `--force` to force.
[2025-08-17T18:54:52.033+0000] {subprocess.py:93} INFO - /opt/***/ml_pipeline/artifacts/models/fraud/metadata_model_v20250817_175136.json
[2025-08-17T18:55:03.021+0000] {subprocess.py:93} INFO - Stage 'ingest' didn't change, skipping
[2025-08-17T18:55:03.087+0000] {subprocess.py:93} INFO - Stage 'preprocess' didn't change, skipping
[2025-08-17T18:55:03.148+0000] {subprocess.py:93} INFO - Stage 'train_outlier' didn't change, skipping
[2025-08-17T18:55:03.156+0000] {subprocess.py:93} INFO - Data and pipelines are up to date.
[2025-08-17T18:55:14.918+0000] {subprocess.py:93} INFO - Everything is up to date.
[2025-08-17T18:55:16.214+0000] {subprocess.py:97} INFO - Command exited with return code 0
[2025-08-17T18:55:16.230+0000] {taskinstance.py:441} INFO - ::group::Post task execution logs
[2025-08-17T18:55:16.405+0000] {taskinstance.py:1206} INFO - Marking task as SUCCESS. dag_id=ml_pipeline_dvc, task_id=train_outlier_detector_dvc, run_id=manual__2025-08-17T18:53:43.153396+00:00, execution_date=20250817T185343, start_date=20250817T185446, end_date=20250817T185516
[2025-08-17T18:55:16.475+0000] {local_task_job_runner.py:240} INFO - Task exited with return code 0
[2025-08-17T18:55:16.566+0000] {taskinstance.py:3498} INFO - 1 downstream tasks scheduled from follow-on schedule check
[2025-08-17T18:55:16.576+0000] {local_task_job_runner.py:222} INFO - ::endgroup::
