{"timestamp":"2025-08-22T05:13:38.670716","level":"info","event":"DAG bundles loaded: dags-folder","logger":"airflow.dag_processing.bundles.manager.DagBundlesManager"}
{"timestamp":"2025-08-22T05:13:38.671767","level":"info","event":"Filling up the DagBag from /opt/airflow/dags/test_model_rollback.py","logger":"airflow.models.dagbag.DagBag"}
{"timestamp":"2025-08-22T05:13:41.728500","level":"info","event":"Found credentials in environment variables.","logger":"botocore.credentials"}
{"timestamp":"2025-08-22T05:13:42.384716","level":"info","event":"Found endpoint for s3 via: environment_global.","logger":"botocore.configprovider"}
{"timestamp":"2025-08-22T05:13:42.581689Z","level":"error","event":"\rDownloading artifacts:   0%|          | 0/7 [00:00<?, ?it/s]\rDownloading artifacts:  14%|â–ˆâ–        | 1/7 [00:00<00:00, 6307.22it/s]\rDownloading artifacts:  29%|â–ˆâ–ˆâ–Š       | 2/7 [00:00<00:00, 6307.22it/s]\rDownloading artifacts:  43%|â–ˆâ–ˆâ–ˆâ–ˆâ–Ž     | 3/7 [00:00<00:00, 6879.67it/s]\rDownloading artifacts:  57%|â–ˆâ–ˆâ–ˆâ–ˆâ–ˆâ–‹    | 4/7 [00:00<00:00, 7294.44it/s]\rDownloading artifacts:  71%|â–ˆâ–ˆâ–ˆâ–ˆâ–ˆâ–ˆâ–ˆâ–  | 5/7 [00:00<00:00, 7845.69it/s]\rDownloading artifacts:  86%|â–ˆâ–ˆâ–ˆâ–ˆâ–ˆâ–ˆâ–ˆâ–ˆâ–Œ | 6/7 [00:00<00:00, 7677.19it/s]\rDownloading artifacts: 100%|â–ˆâ–ˆâ–ˆâ–ˆâ–ˆâ–ˆâ–ˆâ–ˆâ–ˆâ–ˆ| 7/7 [00:00<00:00, 8106.05it/s]\rDownloading artifacts: 100%|â–ˆâ–ˆâ–ˆâ–ˆâ–ˆâ–ˆâ–ˆâ–ˆâ–ˆâ–ˆ| 7/7 [00:00<00:00, 6913.15it/s]","chan":"stderr","logger":"task"}
{"timestamp":"2025-08-22T05:13:42.805463Z","level":"error","event":"2025/08/22 05:13:42 WARNING mlflow.models.model: `artifact_path` is deprecated. Please use `name` instead.","chan":"stderr","logger":"task"}
{"timestamp":"2025-08-22T05:13:50.773945Z","level":"error","event":"\u001b[31m2025/08/22 05:13:50 WARNING mlflow.models.model: Model logged without a signature and input example. Please set `input_example` parameter when logging the model to auto infer the model signature.\u001b[0m","chan":"stderr","logger":"task"}
{"timestamp":"2025-08-22T05:13:51.053515Z","level":"error","event":"Registered model 'FraudDetectionModel' already exists. Creating a new version of this model...","chan":"stderr","logger":"task"}
{"timestamp":"2025-08-22T05:13:51.251981Z","level":"error","event":"2025/08/22 05:13:51 INFO mlflow.store.model_registry.abstract_store: Waiting up to 300 seconds for model version to finish creation. Model name: FraudDetectionModel, version 4","chan":"stderr","logger":"task"}
{"timestamp":"2025-08-22T05:13:51.252601Z","level":"error","event":"Created version '4' of model 'FraudDetectionModel'.","chan":"stderr","logger":"task"}
{"timestamp":"2025-08-22T05:13:51.392050Z","level":"info","event":"âœ… Delayed model logged and registered!","chan":"stdout","logger":"task"}
{"timestamp":"2025-08-22T05:13:51.443116Z","level":"info","event":"ðŸƒ View run classy-squirrel-224 at: http://mlflow:5000/#/experiments/2/runs/7aa64714898b4bbc947f470bbefee53a","chan":"stdout","logger":"task"}
{"timestamp":"2025-08-22T05:13:51.444027Z","level":"info","event":"ðŸ§ª View experiment at: http://mlflow:5000/#/experiments/2","chan":"stdout","logger":"task"}
{"timestamp":"2025-08-22T05:13:51.492917Z","level":"error","event":"/opt/airflow/dags/test_model_rollback.py:58: FutureWarning: ``mlflow.tracking.client.MlflowClient.get_latest_versions`` is deprecated since 2.9.0. Model registry stages will be removed in a future major release. To learn more about the deprecation of model registry stages, see our migration guide here: https://mlflow.org/docs/latest/model-registry.html#migrating-from-stages","chan":"stderr","logger":"task"}
{"timestamp":"2025-08-22T05:13:51.493678Z","level":"error","event":"  latest_version = client.get_latest_versions(MODEL_NAME, stages=[\"None\"])[-1]","chan":"stderr","logger":"task"}
{"timestamp":"2025-08-22T05:13:51.570463Z","level":"error","event":"/opt/airflow/dags/test_model_rollback.py:59: FutureWarning: ``mlflow.tracking.client.MlflowClient.transition_model_version_stage`` is deprecated since 2.9.0. Model registry stages will be removed in a future major release. To learn more about the deprecation of model registry stages, see our migration guide here: https://mlflow.org/docs/latest/model-registry.html#migrating-from-stages","chan":"stderr","logger":"task"}
{"timestamp":"2025-08-22T05:13:51.571614Z","level":"error","event":"  client.transition_model_version_stage(","chan":"stderr","logger":"task"}
{"timestamp":"2025-08-22T05:13:51.653056Z","level":"info","event":"ðŸš€ Model version 4 transitioned to 'Production'","chan":"stdout","logger":"task"}
{"timestamp":"2025-08-22T05:13:51.653662Z","level":"info","event":"âœ… Model registration and promotion complete.","chan":"stdout","logger":"task"}
{"timestamp":"2025-08-22T05:13:51.654393Z","level":"info","event":"âœ… High latency model registered successfully and is in production stage.","chan":"stdout","logger":"task"}
{"timestamp":"2025-08-22T05:13:51.653332","level":"info","event":"Done. Returned value was: None","logger":"airflow.task.operators.airflow.providers.standard.operators.python.PythonOperator"}
