[2025-08-03T05:03:18.851+0000] {local_task_job_runner.py:120} INFO - ::group::Pre task execution logs
[2025-08-03T05:03:18.889+0000] {taskinstance.py:2076} INFO - Dependencies all met for dep_context=non-requeueable deps ti=<TaskInstance: daily_batch_inference.run_batch_inference manual__2025-08-03T05:03:12.277793+00:00 [queued]>
[2025-08-03T05:03:18.904+0000] {taskinstance.py:2076} INFO - Dependencies all met for dep_context=requeueable deps ti=<TaskInstance: daily_batch_inference.run_batch_inference manual__2025-08-03T05:03:12.277793+00:00 [queued]>
[2025-08-03T05:03:18.905+0000] {taskinstance.py:2306} INFO - Starting attempt 1 of 2
[2025-08-03T05:03:18.929+0000] {taskinstance.py:2330} INFO - Executing <Task(BashOperator): run_batch_inference> on 2025-08-03 05:03:12.277793+00:00
[2025-08-03T05:03:18.937+0000] {warnings.py:110} WARNING - /home/***/.local/lib/python3.12/site-packages/***/task/task_runner/standard_task_runner.py:61: DeprecationWarning: This process (pid=230) is multi-threaded, use of fork() may lead to deadlocks in the child.
  pid = os.fork()

[2025-08-03T05:03:18.939+0000] {standard_task_runner.py:63} INFO - Started process 231 to run task
[2025-08-03T05:03:18.940+0000] {standard_task_runner.py:90} INFO - Running: ['***', 'tasks', 'run', 'daily_batch_inference', 'run_batch_inference', 'manual__2025-08-03T05:03:12.277793+00:00', '--job-id', '101', '--raw', '--subdir', 'DAGS_FOLDER/batch_inference_dag.py', '--cfg-path', '/tmp/tmplhpmq7i1']
[2025-08-03T05:03:18.942+0000] {standard_task_runner.py:91} INFO - Job 101: Subtask run_batch_inference
[2025-08-03T05:03:19.009+0000] {task_command.py:426} INFO - Running <TaskInstance: daily_batch_inference.run_batch_inference manual__2025-08-03T05:03:12.277793+00:00 [running]> on host 0869a4a1051d
[2025-08-03T05:03:19.128+0000] {taskinstance.py:2648} INFO - Exporting env vars: AIRFLOW_CTX_DAG_OWNER='***' AIRFLOW_CTX_DAG_ID='daily_batch_inference' AIRFLOW_CTX_TASK_ID='run_batch_inference' AIRFLOW_CTX_EXECUTION_DATE='2025-08-03T05:03:12.277793+00:00' AIRFLOW_CTX_TRY_NUMBER='1' AIRFLOW_CTX_DAG_RUN_ID='manual__2025-08-03T05:03:12.277793+00:00'
[2025-08-03T05:03:19.129+0000] {taskinstance.py:430} INFO - ::endgroup::
[2025-08-03T05:03:19.157+0000] {subprocess.py:63} INFO - Tmp dir root location: /tmp
[2025-08-03T05:03:19.158+0000] {subprocess.py:75} INFO - Running command: ['/usr/bin/bash', '-c', 'python /opt/***/ml_pipeline/batch/batch_inference.py >> /opt/***/logs/batch_inference.log 2>&1']
[2025-08-03T05:03:19.172+0000] {subprocess.py:86} INFO - Output:
[2025-08-03T05:03:19.340+0000] {subprocess.py:97} INFO - Command exited with return code 2
[2025-08-03T05:03:19.342+0000] {taskinstance.py:441} INFO - ::group::Post task execution logs
[2025-08-03T05:03:19.356+0000] {taskinstance.py:2905} ERROR - Task failed with exception
Traceback (most recent call last):
  File "/home/airflow/.local/lib/python3.12/site-packages/airflow/models/taskinstance.py", line 465, in _execute_task
    result = _execute_callable(context=context, **execute_callable_kwargs)
             ^^^^^^^^^^^^^^^^^^^^^^^^^^^^^^^^^^^^^^^^^^^^^^^^^^^^^^^^^^^^^
  File "/home/airflow/.local/lib/python3.12/site-packages/airflow/models/taskinstance.py", line 432, in _execute_callable
    return execute_callable(context=context, **execute_callable_kwargs)
           ^^^^^^^^^^^^^^^^^^^^^^^^^^^^^^^^^^^^^^^^^^^^^^^^^^^^^^^^^^^^
  File "/home/airflow/.local/lib/python3.12/site-packages/airflow/models/baseoperator.py", line 400, in wrapper
    return func(self, *args, **kwargs)
           ^^^^^^^^^^^^^^^^^^^^^^^^^^^
  File "/home/airflow/.local/lib/python3.12/site-packages/airflow/operators/bash.py", line 243, in execute
    raise AirflowException(
airflow.exceptions.AirflowException: Bash command failed. The command returned a non-zero exit code 2.
[2025-08-03T05:03:19.365+0000] {taskinstance.py:1206} INFO - Marking task as UP_FOR_RETRY. dag_id=daily_batch_inference, task_id=run_batch_inference, run_id=manual__2025-08-03T05:03:12.277793+00:00, execution_date=20250803T050312, start_date=20250803T050318, end_date=20250803T050319
[2025-08-03T05:03:19.383+0000] {standard_task_runner.py:110} ERROR - Failed to execute job 101 for task run_batch_inference (Bash command failed. The command returned a non-zero exit code 2.; 231)
[2025-08-03T05:03:19.410+0000] {local_task_job_runner.py:240} INFO - Task exited with return code 1
[2025-08-03T05:03:19.433+0000] {taskinstance.py:3498} INFO - 0 downstream tasks scheduled from follow-on schedule check
[2025-08-03T05:03:19.435+0000] {local_task_job_runner.py:222} INFO - ::endgroup::
