[2025-08-16T01:58:24.382+0000] {local_task_job_runner.py:120} INFO - ::group::Pre task execution logs
[2025-08-16T01:58:24.587+0000] {taskinstance.py:2076} INFO - Dependencies all met for dep_context=non-requeueable deps ti=<TaskInstance: ml_pipeline_dvc.preprocess_dvc manual__2025-08-16T01:58:21.958387+00:00 [queued]>
[2025-08-16T01:58:24.619+0000] {taskinstance.py:2076} INFO - Dependencies all met for dep_context=requeueable deps ti=<TaskInstance: ml_pipeline_dvc.preprocess_dvc manual__2025-08-16T01:58:21.958387+00:00 [queued]>
[2025-08-16T01:58:24.621+0000] {taskinstance.py:2306} INFO - Starting attempt 1 of 1
[2025-08-16T01:58:24.670+0000] {taskinstance.py:2330} INFO - Executing <Task(BashOperator): preprocess_dvc> on 2025-08-16 01:58:21.958387+00:00
[2025-08-16T01:58:24.685+0000] {warnings.py:110} WARNING - /home/***/.local/lib/python3.12/site-packages/***/task/task_runner/standard_task_runner.py:61: DeprecationWarning: This process (pid=8832) is multi-threaded, use of fork() may lead to deadlocks in the child.
  pid = os.fork()

[2025-08-16T01:58:24.691+0000] {standard_task_runner.py:63} INFO - Started process 8833 to run task
[2025-08-16T01:58:24.691+0000] {standard_task_runner.py:90} INFO - Running: ['***', 'tasks', 'run', 'ml_pipeline_dvc', 'preprocess_dvc', 'manual__2025-08-16T01:58:21.958387+00:00', '--job-id', '272', '--raw', '--subdir', 'DAGS_FOLDER/train_pipeline_dag.py', '--cfg-path', '/tmp/tmp49zwneif']
[2025-08-16T01:58:24.702+0000] {standard_task_runner.py:91} INFO - Job 272: Subtask preprocess_dvc
[2025-08-16T01:58:24.870+0000] {task_command.py:426} INFO - Running <TaskInstance: ml_pipeline_dvc.preprocess_dvc manual__2025-08-16T01:58:21.958387+00:00 [running]> on host 952e994ef77e
[2025-08-16T01:58:25.157+0000] {taskinstance.py:2648} INFO - Exporting env vars: AIRFLOW_CTX_DAG_OWNER='yas' AIRFLOW_CTX_DAG_ID='ml_pipeline_dvc' AIRFLOW_CTX_TASK_ID='preprocess_dvc' AIRFLOW_CTX_EXECUTION_DATE='2025-08-16T01:58:21.958387+00:00' AIRFLOW_CTX_TRY_NUMBER='1' AIRFLOW_CTX_DAG_RUN_ID='manual__2025-08-16T01:58:21.958387+00:00'
[2025-08-16T01:58:25.160+0000] {taskinstance.py:430} INFO - ::endgroup::
[2025-08-16T01:58:25.204+0000] {subprocess.py:63} INFO - Tmp dir root location: /tmp
[2025-08-16T01:58:25.206+0000] {subprocess.py:75} INFO - Running command: ['/usr/bin/bash', '-c', '\n            cd /opt/***/ml_pipeline\n            dvc pull data/raw.dvc \n            dvc repro preprocess\n            dvc push\n        ']
[2025-08-16T01:58:25.223+0000] {subprocess.py:86} INFO - Output:
[2025-08-16T01:58:29.546+0000] {subprocess.py:93} INFO - Everything is up to date.
[2025-08-16T01:58:33.311+0000] {subprocess.py:93} INFO - 'data/raw.dvc' didn't change, skipping
[2025-08-16T01:58:33.347+0000] {subprocess.py:93} INFO - Stage 'preprocess' didn't change, skipping
[2025-08-16T01:58:33.352+0000] {subprocess.py:93} INFO - Data and pipelines are up to date.
[2025-08-16T01:58:37.519+0000] {subprocess.py:93} INFO - Everything is up to date.
[2025-08-16T01:58:38.023+0000] {subprocess.py:97} INFO - Command exited with return code 0
[2025-08-16T01:58:38.026+0000] {taskinstance.py:441} INFO - ::group::Post task execution logs
[2025-08-16T01:58:38.077+0000] {taskinstance.py:1206} INFO - Marking task as SUCCESS. dag_id=ml_pipeline_dvc, task_id=preprocess_dvc, run_id=manual__2025-08-16T01:58:21.958387+00:00, execution_date=20250816T015821, start_date=20250816T015824, end_date=20250816T015838
[2025-08-16T01:58:38.122+0000] {local_task_job_runner.py:240} INFO - Task exited with return code 0
[2025-08-16T01:58:38.163+0000] {taskinstance.py:3498} INFO - 1 downstream tasks scheduled from follow-on schedule check
[2025-08-16T01:58:38.166+0000] {local_task_job_runner.py:222} INFO - ::endgroup::
