[2025-08-12T16:22:08.485+0000] {local_task_job_runner.py:120} INFO - ::group::Pre task execution logs
[2025-08-12T16:22:08.523+0000] {taskinstance.py:2076} INFO - Dependencies all met for dep_context=non-requeueable deps ti=<TaskInstance: ml_pipeline_dvc.setup_dvc_remote manual__2025-08-12T16:16:52.459581+00:00 [queued]>
[2025-08-12T16:22:08.535+0000] {taskinstance.py:2076} INFO - Dependencies all met for dep_context=requeueable deps ti=<TaskInstance: ml_pipeline_dvc.setup_dvc_remote manual__2025-08-12T16:16:52.459581+00:00 [queued]>
[2025-08-12T16:22:08.536+0000] {taskinstance.py:2306} INFO - Starting attempt 2 of 2
[2025-08-12T16:22:08.554+0000] {taskinstance.py:2330} INFO - Executing <Task(BashOperator): setup_dvc_remote> on 2025-08-12 16:16:52.459581+00:00
[2025-08-12T16:22:08.563+0000] {warnings.py:110} WARNING - /home/***/.local/lib/python3.12/site-packages/***/task/task_runner/standard_task_runner.py:61: DeprecationWarning: This process (pid=4216) is multi-threaded, use of fork() may lead to deadlocks in the child.
  pid = os.fork()

[2025-08-12T16:22:08.565+0000] {standard_task_runner.py:63} INFO - Started process 4217 to run task
[2025-08-12T16:22:08.565+0000] {standard_task_runner.py:90} INFO - Running: ['***', 'tasks', 'run', 'ml_pipeline_dvc', 'setup_dvc_remote', 'manual__2025-08-12T16:16:52.459581+00:00', '--job-id', '111', '--raw', '--subdir', 'DAGS_FOLDER/train_pipeline_dag.py', '--cfg-path', '/tmp/tmpi1ttj1nh']
[2025-08-12T16:22:08.567+0000] {standard_task_runner.py:91} INFO - Job 111: Subtask setup_dvc_remote
[2025-08-12T16:22:08.632+0000] {task_command.py:426} INFO - Running <TaskInstance: ml_pipeline_dvc.setup_dvc_remote manual__2025-08-12T16:16:52.459581+00:00 [running]> on host 563139bd1525
[2025-08-12T16:22:08.747+0000] {taskinstance.py:2648} INFO - Exporting env vars: AIRFLOW_CTX_DAG_OWNER='yas' AIRFLOW_CTX_DAG_ID='ml_pipeline_dvc' AIRFLOW_CTX_TASK_ID='setup_dvc_remote' AIRFLOW_CTX_EXECUTION_DATE='2025-08-12T16:16:52.459581+00:00' AIRFLOW_CTX_TRY_NUMBER='2' AIRFLOW_CTX_DAG_RUN_ID='manual__2025-08-12T16:16:52.459581+00:00'
[2025-08-12T16:22:08.748+0000] {taskinstance.py:430} INFO - ::endgroup::
[2025-08-12T16:22:08.771+0000] {subprocess.py:63} INFO - Tmp dir root location: /tmp
[2025-08-12T16:22:08.773+0000] {subprocess.py:75} INFO - Running command: ['/usr/bin/bash', '-c', '\n        ls .\n        dvc remote add -f minio s3://mlflow-artifacts\n        dvc remote modify minio endpointurl http://minio:9000\n        dvc remote modify minio access_key_id minioadmin\n        dvc remote modify minio secret_access_key minioadmin\n        dvc remote modify minio use_ssl false\n        dvc remote default minio\n        ']
[2025-08-12T16:22:08.787+0000] {subprocess.py:86} INFO - Output:
[2025-08-12T16:22:10.123+0000] {subprocess.py:93} INFO - ERROR: configuration error - config file error: Not inside a DVC repo
[2025-08-12T16:22:11.568+0000] {subprocess.py:93} INFO - ERROR: configuration error - config file error: Not inside a DVC repo
[2025-08-12T16:22:13.296+0000] {subprocess.py:93} INFO - ERROR: configuration error - config file error: Not inside a DVC repo
[2025-08-12T16:22:14.991+0000] {subprocess.py:93} INFO - ERROR: configuration error - config file error: Not inside a DVC repo
[2025-08-12T16:22:16.600+0000] {subprocess.py:93} INFO - ERROR: configuration error - config file error: Not inside a DVC repo
[2025-08-12T16:22:18.082+0000] {subprocess.py:93} INFO - ERROR: configuration error - config file error: Not inside a DVC repo
[2025-08-12T16:22:18.365+0000] {subprocess.py:97} INFO - Command exited with return code 251
[2025-08-12T16:22:18.367+0000] {taskinstance.py:441} INFO - ::group::Post task execution logs
[2025-08-12T16:22:18.384+0000] {taskinstance.py:2905} ERROR - Task failed with exception
Traceback (most recent call last):
  File "/home/airflow/.local/lib/python3.12/site-packages/airflow/models/taskinstance.py", line 465, in _execute_task
    result = _execute_callable(context=context, **execute_callable_kwargs)
             ^^^^^^^^^^^^^^^^^^^^^^^^^^^^^^^^^^^^^^^^^^^^^^^^^^^^^^^^^^^^^
  File "/home/airflow/.local/lib/python3.12/site-packages/airflow/models/taskinstance.py", line 432, in _execute_callable
    return execute_callable(context=context, **execute_callable_kwargs)
           ^^^^^^^^^^^^^^^^^^^^^^^^^^^^^^^^^^^^^^^^^^^^^^^^^^^^^^^^^^^^
  File "/home/airflow/.local/lib/python3.12/site-packages/airflow/models/baseoperator.py", line 400, in wrapper
    return func(self, *args, **kwargs)
           ^^^^^^^^^^^^^^^^^^^^^^^^^^^
  File "/home/airflow/.local/lib/python3.12/site-packages/airflow/operators/bash.py", line 243, in execute
    raise AirflowException(
airflow.exceptions.AirflowException: Bash command failed. The command returned a non-zero exit code 251.
[2025-08-12T16:22:18.397+0000] {taskinstance.py:1206} INFO - Marking task as FAILED. dag_id=ml_pipeline_dvc, task_id=setup_dvc_remote, run_id=manual__2025-08-12T16:16:52.459581+00:00, execution_date=20250812T161652, start_date=20250812T162208, end_date=20250812T162218
[2025-08-12T16:22:18.427+0000] {standard_task_runner.py:110} ERROR - Failed to execute job 111 for task setup_dvc_remote (Bash command failed. The command returned a non-zero exit code 251.; 4217)
[2025-08-12T16:22:18.441+0000] {local_task_job_runner.py:240} INFO - Task exited with return code 1
[2025-08-12T16:22:18.488+0000] {taskinstance.py:3498} INFO - 0 downstream tasks scheduled from follow-on schedule check
[2025-08-12T16:22:18.494+0000] {local_task_job_runner.py:222} INFO - ::endgroup::
