[2025-08-12T21:59:16.253+0000] {local_task_job_runner.py:120} INFO - ::group::Pre task execution logs
[2025-08-12T21:59:16.286+0000] {taskinstance.py:2076} INFO - Dependencies all met for dep_context=non-requeueable deps ti=<TaskInstance: ml_pipeline_dvc.train_outlier manual__2025-08-12T21:59:01.275220+00:00 [queued]>
[2025-08-12T21:59:16.297+0000] {taskinstance.py:2076} INFO - Dependencies all met for dep_context=requeueable deps ti=<TaskInstance: ml_pipeline_dvc.train_outlier manual__2025-08-12T21:59:01.275220+00:00 [queued]>
[2025-08-12T21:59:16.298+0000] {taskinstance.py:2306} INFO - Starting attempt 1 of 2
[2025-08-12T21:59:16.319+0000] {taskinstance.py:2330} INFO - Executing <Task(BashOperator): train_outlier> on 2025-08-12 21:59:01.275220+00:00
[2025-08-12T21:59:16.326+0000] {warnings.py:110} WARNING - /home/***/.local/lib/python3.12/site-packages/***/task/task_runner/standard_task_runner.py:61: DeprecationWarning: This process (pid=133) is multi-threaded, use of fork() may lead to deadlocks in the child.
  pid = os.fork()

[2025-08-12T21:59:16.329+0000] {standard_task_runner.py:63} INFO - Started process 151 to run task
[2025-08-12T21:59:16.329+0000] {standard_task_runner.py:90} INFO - Running: ['***', 'tasks', 'run', 'ml_pipeline_dvc', 'train_outlier', 'manual__2025-08-12T21:59:01.275220+00:00', '--job-id', '201', '--raw', '--subdir', 'DAGS_FOLDER/train_pipeline_dag.py', '--cfg-path', '/tmp/tmp5olnw7yp']
[2025-08-12T21:59:16.331+0000] {standard_task_runner.py:91} INFO - Job 201: Subtask train_outlier
[2025-08-12T21:59:16.394+0000] {task_command.py:426} INFO - Running <TaskInstance: ml_pipeline_dvc.train_outlier manual__2025-08-12T21:59:01.275220+00:00 [running]> on host 276ab97d4dd8
[2025-08-12T21:59:16.510+0000] {taskinstance.py:2648} INFO - Exporting env vars: AIRFLOW_CTX_DAG_OWNER='yas' AIRFLOW_CTX_DAG_ID='ml_pipeline_dvc' AIRFLOW_CTX_TASK_ID='train_outlier' AIRFLOW_CTX_EXECUTION_DATE='2025-08-12T21:59:01.275220+00:00' AIRFLOW_CTX_TRY_NUMBER='1' AIRFLOW_CTX_DAG_RUN_ID='manual__2025-08-12T21:59:01.275220+00:00'
[2025-08-12T21:59:16.512+0000] {taskinstance.py:430} INFO - ::endgroup::
[2025-08-12T21:59:16.529+0000] {subprocess.py:63} INFO - Tmp dir root location: /tmp
[2025-08-12T21:59:16.531+0000] {subprocess.py:75} INFO - Running command: ['/usr/bin/bash', '-c', 'cd /opt/***/ml_pipeline && dvc repro train_outlier']
[2025-08-12T21:59:16.542+0000] {subprocess.py:86} INFO - Output:
[2025-08-12T21:59:22.064+0000] {subprocess.py:93} INFO - Running stage 'preprocess':
[2025-08-12T21:59:22.065+0000] {subprocess.py:93} INFO - > python preprocessing/preprocess_task.py
[2025-08-12T21:59:26.553+0000] {subprocess.py:93} INFO - {"asctime": "2025-08-12 21:59:26,494", "levelname": "INFO", "name": "preprocessing_pipeline", "trace_id": null, "span_id": null, "message": "version_meta.json loaded!"}
[2025-08-12T21:59:26.601+0000] {subprocess.py:93} INFO - {"asctime": "2025-08-12 21:59:26,601", "levelname": "INFO", "name": "preprocessing_pipeline", "trace_id": null, "span_id": null, "message": "preprocessor trained!"}
[2025-08-12T21:59:26.618+0000] {subprocess.py:93} INFO - {"asctime": "2025-08-12 21:59:26,618", "levelname": "INFO", "name": "preprocessing_pipeline", "trace_id": null, "span_id": null, "message": "preprocessor saved to s3://mlflow-artifacts/preprocess/v20250812_203000/pipeline.pkl!"}
[2025-08-12T21:59:26.657+0000] {subprocess.py:93} INFO - {"asctime": "2025-08-12 21:59:26,657", "levelname": "INFO", "name": "preprocessing_pipeline", "trace_id": null, "span_id": null, "message": "\u2705 Saved pipeline at: s3://mlflow-artifacts/s3://mlflow-artifacts/preprocess/v20250812_203000/pipeline.pkl"}
[2025-08-12T21:59:26.660+0000] {subprocess.py:93} INFO - {"asctime": "2025-08-12 21:59:26,657", "levelname": "INFO", "name": "preprocessing_pipeline", "trace_id": null, "span_id": null, "message": "\ud83d\udcc4 Saved metadata: s3://mlflow-artifacts/s3://mlflow-artifacts/preprocess/v20250812_203000/preprocess_metadata.json"}
[2025-08-12T21:59:26.662+0000] {subprocess.py:93} INFO - {"asctime": "2025-08-12 21:59:26,657", "levelname": "INFO", "name": "preprocessing_pipeline", "trace_id": null, "span_id": null, "message": "\ud83d\udce6 Updated version_meta.json"}
[2025-08-12T21:59:27.145+0000] {subprocess.py:93} INFO - ERROR: failed to reproduce 'preprocess': Saving cached external output s3://mlflow-artifacts/preprocess/v20250812_203000/pipeline.pkl is not supported since DVC 3.0. See <https://dvc.org/doc/user-guide/upgrade> for more info.
[2025-08-12T21:59:27.729+0000] {subprocess.py:97} INFO - Command exited with return code 255
[2025-08-12T21:59:27.731+0000] {taskinstance.py:441} INFO - ::group::Post task execution logs
[2025-08-12T21:59:27.748+0000] {taskinstance.py:2905} ERROR - Task failed with exception
Traceback (most recent call last):
  File "/home/airflow/.local/lib/python3.12/site-packages/airflow/models/taskinstance.py", line 465, in _execute_task
    result = _execute_callable(context=context, **execute_callable_kwargs)
             ^^^^^^^^^^^^^^^^^^^^^^^^^^^^^^^^^^^^^^^^^^^^^^^^^^^^^^^^^^^^^
  File "/home/airflow/.local/lib/python3.12/site-packages/airflow/models/taskinstance.py", line 432, in _execute_callable
    return execute_callable(context=context, **execute_callable_kwargs)
           ^^^^^^^^^^^^^^^^^^^^^^^^^^^^^^^^^^^^^^^^^^^^^^^^^^^^^^^^^^^^
  File "/home/airflow/.local/lib/python3.12/site-packages/airflow/models/baseoperator.py", line 400, in wrapper
    return func(self, *args, **kwargs)
           ^^^^^^^^^^^^^^^^^^^^^^^^^^^
  File "/home/airflow/.local/lib/python3.12/site-packages/airflow/operators/bash.py", line 243, in execute
    raise AirflowException(
airflow.exceptions.AirflowException: Bash command failed. The command returned a non-zero exit code 255.
[2025-08-12T21:59:27.754+0000] {taskinstance.py:1206} INFO - Marking task as FAILED. dag_id=ml_pipeline_dvc, task_id=train_outlier, run_id=manual__2025-08-12T21:59:01.275220+00:00, execution_date=20250812T215901, start_date=20250812T215916, end_date=20250812T215927
[2025-08-12T21:59:27.800+0000] {standard_task_runner.py:110} ERROR - Failed to execute job 201 for task train_outlier (Bash command failed. The command returned a non-zero exit code 255.; 151)
[2025-08-12T21:59:27.832+0000] {local_task_job_runner.py:240} INFO - Task exited with return code 1
[2025-08-12T21:59:27.867+0000] {taskinstance.py:3498} INFO - 0 downstream tasks scheduled from follow-on schedule check
[2025-08-12T21:59:27.869+0000] {local_task_job_runner.py:222} INFO - ::endgroup::
