[2025-08-06T23:40:39.478+0000] {local_task_job_runner.py:120} INFO - ::group::Pre task execution logs
[2025-08-06T23:40:39.512+0000] {taskinstance.py:2076} INFO - Dependencies all met for dep_context=non-requeueable deps ti=<TaskInstance: register_high_latency_model.rollback_model manual__2025-08-06T23:40:32.855229+00:00 [queued]>
[2025-08-06T23:40:39.522+0000] {taskinstance.py:2076} INFO - Dependencies all met for dep_context=requeueable deps ti=<TaskInstance: register_high_latency_model.rollback_model manual__2025-08-06T23:40:32.855229+00:00 [queued]>
[2025-08-06T23:40:39.522+0000] {taskinstance.py:2306} INFO - Starting attempt 1 of 2
[2025-08-06T23:40:39.538+0000] {taskinstance.py:2330} INFO - Executing <Task(PythonOperator): rollback_model> on 2025-08-06 23:40:32.855229+00:00
[2025-08-06T23:40:39.551+0000] {warnings.py:110} WARNING - /home/***/.local/lib/python3.12/site-packages/***/task/task_runner/standard_task_runner.py:61: DeprecationWarning: This process (pid=943) is multi-threaded, use of fork() may lead to deadlocks in the child.
  pid = os.fork()

[2025-08-06T23:40:39.554+0000] {standard_task_runner.py:63} INFO - Started process 953 to run task
[2025-08-06T23:40:39.555+0000] {standard_task_runner.py:90} INFO - Running: ['***', 'tasks', 'run', 'register_high_latency_model', 'rollback_model', 'manual__2025-08-06T23:40:32.855229+00:00', '--job-id', '7', '--raw', '--subdir', 'DAGS_FOLDER/test_model_rollback.py', '--cfg-path', '/tmp/tmpsnzfuoc4']
[2025-08-06T23:40:39.559+0000] {standard_task_runner.py:91} INFO - Job 7: Subtask rollback_model
[2025-08-06T23:40:39.620+0000] {task_command.py:426} INFO - Running <TaskInstance: register_high_latency_model.rollback_model manual__2025-08-06T23:40:32.855229+00:00 [running]> on host 875a2765ee06
[2025-08-06T23:40:40.009+0000] {taskinstance.py:2648} INFO - Exporting env vars: AIRFLOW_CTX_DAG_OWNER='***' AIRFLOW_CTX_DAG_ID='register_high_latency_model' AIRFLOW_CTX_TASK_ID='rollback_model' AIRFLOW_CTX_EXECUTION_DATE='2025-08-06T23:40:32.855229+00:00' AIRFLOW_CTX_TRY_NUMBER='1' AIRFLOW_CTX_DAG_RUN_ID='manual__2025-08-06T23:40:32.855229+00:00'
[2025-08-06T23:40:40.011+0000] {taskinstance.py:430} INFO - ::endgroup::
[2025-08-06T23:40:40.122+0000] {logging_mixin.py:188} INFO - Loading model from models:/FraudDetectionModel/Production
[2025-08-06T23:40:40.340+0000] {credentials.py:1147} INFO - Found credentials in environment variables.
[2025-08-06T23:40:40.662+0000] {logging_mixin.py:188} WARNING - Downloading artifacts:   0%|          | 0/5 [00:00<?, ?it/s]
[2025-08-06T23:40:40.663+0000] {logging_mixin.py:188} WARNING - Downloading artifacts:  20%|##        | 1/5 [00:00<00:00, 6159.04it/s]
[2025-08-06T23:40:40.664+0000] {logging_mixin.py:188} WARNING - Downloading artifacts:  40%|####      | 2/5 [00:00<00:00, 2261.08it/s]
[2025-08-06T23:40:40.665+0000] {logging_mixin.py:188} WARNING - Downloading artifacts:  60%|######    | 3/5 [00:00<00:00, 1790.14it/s]
[2025-08-06T23:40:40.665+0000] {logging_mixin.py:188} WARNING - Downloading artifacts:  80%|########  | 4/5 [00:00<00:00, 1693.81it/s]
[2025-08-06T23:40:40.666+0000] {logging_mixin.py:188} WARNING - Downloading artifacts: 100%|##########| 5/5 [00:00<00:00, 1674.91it/s]
[2025-08-06T23:40:40.667+0000] {logging_mixin.py:188} WARNING - Downloading artifacts: 100%|##########| 5/5 [00:00<00:00, 1364.53it/s]
[2025-08-06T23:40:40.762+0000] {logging_mixin.py:188} WARNING - 2025/08/06 23:40:40 WARNING mlflow.utils.git_utils: Failed to import Git (the Git executable is probably not on your PATH), so Git SHA is not available. Error: Failed to initialize: Bad git executable.
The git executable must be specified in one of the following ways:
    - be included in your $PATH
    - be set via $GIT_PYTHON_GIT_EXECUTABLE
    - explicitly set via git.refresh(<full-path-to-git-executable>)

All git commands will error until this is rectified.

This initial message can be silenced or aggravated in the future by setting the
$GIT_PYTHON_REFRESH environment variable. Use one of the following values:
    - quiet|q|silence|s|silent|none|n|0: for no message or exception
    - warn|w|warning|log|l|1: for a warning message (logging level CRITICAL, displayed by default)
    - error|e|exception|raise|r|2: for a raised exception

Example:
    export GIT_PYTHON_REFRESH=quiet
[2025-08-06T23:40:40.795+0000] {logging_mixin.py:188} WARNING - 2025/08/06 23:40:40 WARNING mlflow.models.model: `artifact_path` is deprecated. Please use `name` instead.
[2025-08-06T23:40:48.121+0000] {logging_mixin.py:188} WARNING - 2025/08/06 23:40:48 WARNING mlflow.models.model: Model logged without a signature and input example. Please set `input_example` parameter when logging the model to auto infer the model signature.
[2025-08-06T23:40:48.342+0000] {logging_mixin.py:188} WARNING - Registered model 'FraudDetectionModel' already exists. Creating a new version of this model...
[2025-08-06T23:40:48.474+0000] {logging_mixin.py:188} WARNING - 2025/08/06 23:40:48 INFO mlflow.store.model_registry.abstract_store: Waiting up to 300 seconds for model version to finish creation. Model name: FraudDetectionModel, version 2
[2025-08-06T23:40:48.475+0000] {logging_mixin.py:188} WARNING - Created version '2' of model 'FraudDetectionModel'.
[2025-08-06T23:40:48.717+0000] {logging_mixin.py:188} INFO - 🏃 View run clumsy-duck-570 at: http://mlflow:5000/#/experiments/1/runs/8e001802e7c34addb51ad3898a8c7da4
[2025-08-06T23:40:48.718+0000] {logging_mixin.py:188} INFO - 🧪 View experiment at: http://mlflow:5000/#/experiments/1
[2025-08-06T23:40:48.741+0000] {logging_mixin.py:188} INFO - ✅ High latency model registered successfully.
[2025-08-06T23:40:48.743+0000] {warnings.py:110} WARNING - /opt/***/dags/test_model_rollback.py:69: FutureWarning: ``mlflow.tracking.client.MlflowClient.get_latest_versions`` is deprecated since 2.9.0. Model registry stages will be removed in a future major release. To learn more about the deprecation of model registry stages, see our migration guide here: https://mlflow.org/docs/latest/model-registry.html#migrating-from-stages
  model_version = client.get_latest_versions("FraudDetectionModel", stages=["None"])[-1]

[2025-08-06T23:40:48.795+0000] {warnings.py:110} WARNING - /opt/***/dags/test_model_rollback.py:70: FutureWarning: ``mlflow.tracking.client.MlflowClient.transition_model_version_stage`` is deprecated since 2.9.0. Model registry stages will be removed in a future major release. To learn more about the deprecation of model registry stages, see our migration guide here: https://mlflow.org/docs/latest/model-registry.html#migrating-from-stages
  client.transition_model_version_stage(

[2025-08-06T23:40:48.871+0000] {logging_mixin.py:188} INFO - 🚀 High latency model version 2 deployed to Production!
[2025-08-06T23:40:48.872+0000] {python.py:237} INFO - Done. Returned value was: None
[2025-08-06T23:40:48.873+0000] {taskinstance.py:441} INFO - ::group::Post task execution logs
[2025-08-06T23:40:48.898+0000] {taskinstance.py:1206} INFO - Marking task as SUCCESS. dag_id=register_high_latency_model, task_id=rollback_model, run_id=manual__2025-08-06T23:40:32.855229+00:00, execution_date=20250806T234032, start_date=20250806T234039, end_date=20250806T234048
[2025-08-06T23:40:48.987+0000] {local_task_job_runner.py:240} INFO - Task exited with return code 0
[2025-08-06T23:40:49.260+0000] {taskinstance.py:3498} INFO - 0 downstream tasks scheduled from follow-on schedule check
[2025-08-06T23:40:49.263+0000] {local_task_job_runner.py:222} INFO - ::endgroup::
