{"timestamp":"2025-08-21T03:41:12.950602","level":"info","event":"DAG bundles loaded: dags-folder","logger":"airflow.dag_processing.bundles.manager.DagBundlesManager"}
{"timestamp":"2025-08-21T03:41:12.952242","level":"info","event":"Filling up the DagBag from /opt/airflow/dags/ml_pipeline_dvc_dag.py","logger":"airflow.models.dagbag.DagBag"}
{"timestamp":"2025-08-21T03:41:13.051875","level":"info","event":"Tmp dir root location: /tmp","logger":"airflow.task.hooks.airflow.providers.standard.hooks.subprocess.SubprocessHook"}
{"timestamp":"2025-08-21T03:41:13.054292","level":"info","event":"Running command: ['/usr/bin/bash', '-c', '\\n            cd /opt/airflow/ml_pipeline\\n            dvc pull --force\\n            dvc repro preprocess\\n            dvc push\\n        ']","logger":"airflow.task.hooks.airflow.providers.standard.hooks.subprocess.SubprocessHook"}
{"timestamp":"2025-08-21T03:41:13.098335","level":"info","event":"Output:","logger":"airflow.task.hooks.airflow.providers.standard.hooks.subprocess.SubprocessHook"}
{"timestamp":"2025-08-21T03:41:23.737971","level":"info","event":"Everything is up to date.","logger":"airflow.task.hooks.airflow.providers.standard.hooks.subprocess.SubprocessHook"}
{"timestamp":"2025-08-21T03:41:33.695931","level":"info","event":"Stage 'ingest' didn't change, skipping","logger":"airflow.task.hooks.airflow.providers.standard.hooks.subprocess.SubprocessHook"}
{"timestamp":"2025-08-21T03:41:34.015776","level":"info","event":"Running stage 'preprocess':","logger":"airflow.task.hooks.airflow.providers.standard.hooks.subprocess.SubprocessHook"}
{"timestamp":"2025-08-21T03:41:34.017039","level":"info","event":"> python data/preprocessing/preprocess_task.py","logger":"airflow.task.hooks.airflow.providers.standard.hooks.subprocess.SubprocessHook"}
{"timestamp":"2025-08-21T03:41:41.986244","level":"info","event":"{\"asctime\": \"2025-08-21 03:41:41,984\", \"levelname\": \"INFO\", \"name\": \"preprocessing_pipeline\", \"trace_id\": null, \"span_id\": null, \"message\": \"version_meta.json loaded from local path!\"}","logger":"airflow.task.hooks.airflow.providers.standard.hooks.subprocess.SubprocessHook"}
{"timestamp":"2025-08-21T03:41:42.117474","level":"info","event":"{\"asctime\": \"2025-08-21 03:41:42,115\", \"levelname\": \"INFO\", \"name\": \"preprocessing_pipeline\", \"trace_id\": null, \"span_id\": null, \"message\": \"preprocessor trained!\"}","logger":"airflow.task.hooks.airflow.providers.standard.hooks.subprocess.SubprocessHook"}
{"timestamp":"2025-08-21T03:41:42.171795","level":"info","event":"{\"asctime\": \"2025-08-21 03:41:42,167\", \"levelname\": \"INFO\", \"name\": \"preprocessing_pipeline\", \"trace_id\": null, \"span_id\": null, \"message\": \"preprocessor saved to local path artifacts/preprocess/fraud_pipeline_v20250821_034049.pkl!\"}","logger":"airflow.task.hooks.airflow.providers.standard.hooks.subprocess.SubprocessHook"}
{"timestamp":"2025-08-21T03:41:42.209386","level":"info","event":"{\"asctime\": \"2025-08-21 03:41:42,205\", \"levelname\": \"INFO\", \"name\": \"preprocessing_pipeline\", \"trace_id\": null, \"span_id\": null, \"message\": \"\\u2705 Saved pipeline at: artifacts/preprocess/fraud_pipeline_v20250821_034049.pkl\"}","logger":"airflow.task.hooks.airflow.providers.standard.hooks.subprocess.SubprocessHook"}
{"timestamp":"2025-08-21T03:41:42.210982","level":"info","event":"{\"asctime\": \"2025-08-21 03:41:42,205\", \"levelname\": \"INFO\", \"name\": \"preprocessing_pipeline\", \"trace_id\": null, \"span_id\": null, \"message\": \"\\ud83d\\udcc4 Saved metadata: artifacts/preprocess/preprocess_metadata_v20250821_034049.json\"}","logger":"airflow.task.hooks.airflow.providers.standard.hooks.subprocess.SubprocessHook"}
{"timestamp":"2025-08-21T03:41:42.211352","level":"info","event":"{\"asctime\": \"2025-08-21 03:41:42,206\", \"levelname\": \"INFO\", \"name\": \"preprocessing_pipeline\", \"trace_id\": null, \"span_id\": null, \"message\": \"\\ud83d\\udce6 Updated version_meta.json\"}","logger":"airflow.task.hooks.airflow.providers.standard.hooks.subprocess.SubprocessHook"}
{"timestamp":"2025-08-21T03:41:44.027292","level":"info","event":"Updating lock file 'dvc.lock'","logger":"airflow.task.hooks.airflow.providers.standard.hooks.subprocess.SubprocessHook"}
{"timestamp":"2025-08-21T03:41:44.062108","level":"info","event":"","logger":"airflow.task.hooks.airflow.providers.standard.hooks.subprocess.SubprocessHook"}
{"timestamp":"2025-08-21T03:41:44.064129","level":"info","event":"To track the changes with git, run:","logger":"airflow.task.hooks.airflow.providers.standard.hooks.subprocess.SubprocessHook"}
{"timestamp":"2025-08-21T03:41:44.065851","level":"info","event":"","logger":"airflow.task.hooks.airflow.providers.standard.hooks.subprocess.SubprocessHook"}
{"timestamp":"2025-08-21T03:41:44.066509","level":"info","event":"\tgit add dvc.lock","logger":"airflow.task.hooks.airflow.providers.standard.hooks.subprocess.SubprocessHook"}
{"timestamp":"2025-08-21T03:41:44.067153","level":"info","event":"","logger":"airflow.task.hooks.airflow.providers.standard.hooks.subprocess.SubprocessHook"}
{"timestamp":"2025-08-21T03:41:44.067653","level":"info","event":"To enable auto staging, run:","logger":"airflow.task.hooks.airflow.providers.standard.hooks.subprocess.SubprocessHook"}
{"timestamp":"2025-08-21T03:41:44.067981","level":"info","event":"","logger":"airflow.task.hooks.airflow.providers.standard.hooks.subprocess.SubprocessHook"}
{"timestamp":"2025-08-21T03:41:44.068202","level":"info","event":"\tdvc config core.autostage true","logger":"airflow.task.hooks.airflow.providers.standard.hooks.subprocess.SubprocessHook"}
{"timestamp":"2025-08-21T03:41:44.078180","level":"info","event":"Use `dvc push` to send your updates to remote storage.","logger":"airflow.task.hooks.airflow.providers.standard.hooks.subprocess.SubprocessHook"}
{"timestamp":"2025-08-21T03:41:57.908517","level":"info","event":"2 files pushed","logger":"airflow.task.hooks.airflow.providers.standard.hooks.subprocess.SubprocessHook"}
{"timestamp":"2025-08-21T03:41:59.790345","level":"info","event":"Command exited with return code 0","logger":"airflow.task.hooks.airflow.providers.standard.hooks.subprocess.SubprocessHook"}
{"timestamp":"2025-08-21T03:41:59.794341","level":"info","event":"Pushing xcom","ti":"RuntimeTaskInstance(id=UUID('0198cab6-ca51-7fb2-8394-550df5bb640b'), task_id='preprocess_dvc', dag_id='ml_pipeline_dvc', run_id='manual__2025-08-21T03:40:33.205434+00:00', try_number=1, map_index=-1, hostname='c64456fb60b5', context_carrier={}, task=<Task(BashOperator): preprocess_dvc>, bundle_instance=LocalDagBundle(name=dags-folder), max_tries=0, start_date=datetime.datetime(2025, 8, 21, 3, 41, 12, 829385, tzinfo=datetime.timezone.utc), end_date=None, state=<TaskInstanceState.RUNNING: 'running'>, is_mapped=False, rendered_map_index=None, log_url='http://localhost:8080/dags/ml_pipeline_dvc/runs/manual__2025-08-21T03%3A40%3A33.205434%2B00%3A00/tasks/preprocess_dvc?try_number=1')","logger":"task"}
