[2025-08-15T17:05:17.875+0000] {local_task_job_runner.py:120} INFO - ::group::Pre task execution logs
[2025-08-15T17:05:17.976+0000] {taskinstance.py:2076} INFO - Dependencies all met for dep_context=non-requeueable deps ti=<TaskInstance: ml_pipeline_dvc.preprocess_dvc manual__2025-08-15T17:05:14.685922+00:00 [queued]>
[2025-08-15T17:05:18.026+0000] {taskinstance.py:2076} INFO - Dependencies all met for dep_context=requeueable deps ti=<TaskInstance: ml_pipeline_dvc.preprocess_dvc manual__2025-08-15T17:05:14.685922+00:00 [queued]>
[2025-08-15T17:05:18.027+0000] {taskinstance.py:2306} INFO - Starting attempt 1 of 1
[2025-08-15T17:05:18.064+0000] {taskinstance.py:2330} INFO - Executing <Task(BashOperator): preprocess_dvc> on 2025-08-15 17:05:14.685922+00:00
[2025-08-15T17:05:18.085+0000] {warnings.py:110} WARNING - /home/***/.local/lib/python3.12/site-packages/***/task/task_runner/standard_task_runner.py:61: DeprecationWarning: This process (pid=333) is multi-threaded, use of fork() may lead to deadlocks in the child.
  pid = os.fork()

[2025-08-15T17:05:18.090+0000] {standard_task_runner.py:63} INFO - Started process 334 to run task
[2025-08-15T17:05:18.090+0000] {standard_task_runner.py:90} INFO - Running: ['***', 'tasks', 'run', 'ml_pipeline_dvc', 'preprocess_dvc', 'manual__2025-08-15T17:05:14.685922+00:00', '--job-id', '250', '--raw', '--subdir', 'DAGS_FOLDER/train_pipeline_dag.py', '--cfg-path', '/tmp/tmpbevtf2y5']
[2025-08-15T17:05:18.096+0000] {standard_task_runner.py:91} INFO - Job 250: Subtask preprocess_dvc
[2025-08-15T17:05:18.243+0000] {task_command.py:426} INFO - Running <TaskInstance: ml_pipeline_dvc.preprocess_dvc manual__2025-08-15T17:05:14.685922+00:00 [running]> on host 952e994ef77e
[2025-08-15T17:05:18.578+0000] {taskinstance.py:2648} INFO - Exporting env vars: AIRFLOW_CTX_DAG_OWNER='yas' AIRFLOW_CTX_DAG_ID='ml_pipeline_dvc' AIRFLOW_CTX_TASK_ID='preprocess_dvc' AIRFLOW_CTX_EXECUTION_DATE='2025-08-15T17:05:14.685922+00:00' AIRFLOW_CTX_TRY_NUMBER='1' AIRFLOW_CTX_DAG_RUN_ID='manual__2025-08-15T17:05:14.685922+00:00'
[2025-08-15T17:05:18.580+0000] {taskinstance.py:430} INFO - ::endgroup::
[2025-08-15T17:05:18.631+0000] {subprocess.py:63} INFO - Tmp dir root location: /tmp
[2025-08-15T17:05:18.634+0000] {subprocess.py:75} INFO - Running command: ['/usr/bin/bash', '-c', '\n            cd /opt/***/ml_pipeline\n            dvc pull data/raw.dvc version_meta.json.dvc \n            dvc repro preprocess\n            dvc push\n        ']
[2025-08-15T17:05:18.665+0000] {subprocess.py:86} INFO - Output:
[2025-08-15T17:05:22.684+0000] {subprocess.py:93} INFO - ERROR: failed to pull data from the cloud - Can't remove the following unsaved files without confirmation. Use `--force` to force.
[2025-08-15T17:05:22.685+0000] {subprocess.py:93} INFO - /opt/***/ml_pipeline/version_meta.json
[2025-08-15T17:05:26.136+0000] {subprocess.py:93} INFO - Verifying data sources in stage: 'data/raw.dvc'
[2025-08-15T17:05:26.196+0000] {subprocess.py:93} INFO - 
[2025-08-15T17:05:26.241+0000] {subprocess.py:93} INFO - Verifying data sources in stage: 'version_meta.json.dvc'
[2025-08-15T17:05:26.309+0000] {subprocess.py:93} INFO - 
[2025-08-15T17:05:26.378+0000] {subprocess.py:93} INFO - Running stage 'preprocess':
[2025-08-15T17:05:26.380+0000] {subprocess.py:93} INFO - > python preprocessing/preprocess_task.py
[2025-08-15T17:05:28.711+0000] {subprocess.py:93} INFO - {"asctime": "2025-08-15 17:05:28,613", "levelname": "INFO", "name": "preprocessing_pipeline", "trace_id": null, "span_id": null, "message": "version_meta.json loaded from local path!"}
[2025-08-15T17:05:28.713+0000] {subprocess.py:93} INFO - Traceback (most recent call last):
[2025-08-15T17:05:28.713+0000] {subprocess.py:93} INFO -   File "/opt/***/ml_pipeline/preprocessing/preprocess_task.py", line 31, in <module>
[2025-08-15T17:05:28.714+0000] {subprocess.py:93} INFO -     raw_data_path = meta["raw_data_path"]
[2025-08-15T17:05:28.715+0000] {subprocess.py:93} INFO -                     ~~~~^^^^^^^^^^^^^^^^^
[2025-08-15T17:05:28.716+0000] {subprocess.py:93} INFO - KeyError: 'raw_data_path'
[2025-08-15T17:05:28.982+0000] {subprocess.py:93} INFO - ERROR: failed to reproduce 'preprocess': failed to run: python preprocessing/preprocess_task.py, exited with 1
[2025-08-15T17:05:32.508+0000] {subprocess.py:93} INFO - 5 files pushed
[2025-08-15T17:05:32.868+0000] {subprocess.py:97} INFO - Command exited with return code 0
[2025-08-15T17:05:32.870+0000] {taskinstance.py:441} INFO - ::group::Post task execution logs
[2025-08-15T17:05:32.913+0000] {taskinstance.py:1206} INFO - Marking task as SUCCESS. dag_id=ml_pipeline_dvc, task_id=preprocess_dvc, run_id=manual__2025-08-15T17:05:14.685922+00:00, execution_date=20250815T170514, start_date=20250815T170517, end_date=20250815T170532
[2025-08-15T17:05:32.964+0000] {local_task_job_runner.py:240} INFO - Task exited with return code 0
[2025-08-15T17:05:32.984+0000] {taskinstance.py:3498} INFO - 0 downstream tasks scheduled from follow-on schedule check
[2025-08-15T17:05:32.986+0000] {local_task_job_runner.py:222} INFO - ::endgroup::
