[2025-08-12T20:36:09.913+0000] {local_task_job_runner.py:120} INFO - ::group::Pre task execution logs
[2025-08-12T20:36:09.947+0000] {taskinstance.py:2076} INFO - Dependencies all met for dep_context=non-requeueable deps ti=<TaskInstance: ml_pipeline_dvc.setup_dvc_remote manual__2025-08-12T20:30:41.815092+00:00 [queued]>
[2025-08-12T20:36:09.957+0000] {taskinstance.py:2076} INFO - Dependencies all met for dep_context=requeueable deps ti=<TaskInstance: ml_pipeline_dvc.setup_dvc_remote manual__2025-08-12T20:30:41.815092+00:00 [queued]>
[2025-08-12T20:36:09.958+0000] {taskinstance.py:2306} INFO - Starting attempt 2 of 2
[2025-08-12T20:36:09.978+0000] {taskinstance.py:2330} INFO - Executing <Task(BashOperator): setup_dvc_remote> on 2025-08-12 20:30:41.815092+00:00
[2025-08-12T20:36:09.987+0000] {warnings.py:110} WARNING - /home/***/.local/lib/python3.12/site-packages/***/task/task_runner/standard_task_runner.py:61: DeprecationWarning: This process (pid=365) is multi-threaded, use of fork() may lead to deadlocks in the child.
  pid = os.fork()

[2025-08-12T20:36:09.990+0000] {standard_task_runner.py:63} INFO - Started process 366 to run task
[2025-08-12T20:36:09.989+0000] {standard_task_runner.py:90} INFO - Running: ['***', 'tasks', 'run', 'ml_pipeline_dvc', 'setup_dvc_remote', 'manual__2025-08-12T20:30:41.815092+00:00', '--job-id', '169', '--raw', '--subdir', 'DAGS_FOLDER/train_pipeline_dag.py', '--cfg-path', '/tmp/tmp4fi8ehrc']
[2025-08-12T20:36:09.991+0000] {standard_task_runner.py:91} INFO - Job 169: Subtask setup_dvc_remote
[2025-08-12T20:36:10.061+0000] {task_command.py:426} INFO - Running <TaskInstance: ml_pipeline_dvc.setup_dvc_remote manual__2025-08-12T20:30:41.815092+00:00 [running]> on host 134dd3b4dfb6
[2025-08-12T20:36:10.185+0000] {taskinstance.py:2648} INFO - Exporting env vars: AIRFLOW_CTX_DAG_OWNER='yas' AIRFLOW_CTX_DAG_ID='ml_pipeline_dvc' AIRFLOW_CTX_TASK_ID='setup_dvc_remote' AIRFLOW_CTX_EXECUTION_DATE='2025-08-12T20:30:41.815092+00:00' AIRFLOW_CTX_TRY_NUMBER='2' AIRFLOW_CTX_DAG_RUN_ID='manual__2025-08-12T20:30:41.815092+00:00'
[2025-08-12T20:36:10.187+0000] {taskinstance.py:430} INFO - ::endgroup::
[2025-08-12T20:36:10.207+0000] {subprocess.py:63} INFO - Tmp dir root location: /tmp
[2025-08-12T20:36:10.209+0000] {subprocess.py:75} INFO - Running command: ['/usr/bin/bash', '-c', '\n        cd /opt/***/ml_pipeline\n        aws --endpoint-url http://minio:9000 s3 ls s3://mlflow-artifacts\n        dvc remote remove minio || true\n        dvc remote add -d minio s3://mlflow-artifacts\n        dvc remote modify minio endpointurl http://minio:9000\n        dvc remote modify minio access_key_id minioadmin\n        dvc remote modify minio secret_access_key minioadmin\n        dvc remote modify minio use_ssl false\n        export AWS_ACCESS_KEY_ID=minioadmin\n        export AWS_SECRET_ACCESS_KEY=minioadmin\n        export AWS_ENDPOINT_URL=http://minio:9000\n        dvc push --verbose\n        echo "=== DVC CONFIG AFTER SETUP ==="\n        cat .dvc/config\n        ']
[2025-08-12T20:36:10.221+0000] {subprocess.py:86} INFO - Output:
[2025-08-12T20:36:11.706+0000] {subprocess.py:93} INFO -                            PRE data/
[2025-08-12T20:36:11.707+0000] {subprocess.py:93} INFO -                            PRE metadata/
[2025-08-12T20:36:11.708+0000] {subprocess.py:93} INFO -                            PRE preprocess/
[2025-08-12T20:36:13.305+0000] {subprocess.py:93} INFO - ERROR: configuration error - config file error: expected 'url' for dictionary value @ data['remote']['minio']
[2025-08-12T20:36:15.727+0000] {subprocess.py:93} INFO - Setting 'minio' as a default remote.
[2025-08-12T20:36:26.935+0000] {subprocess.py:93} INFO - 2025-08-12 20:36:26,935 DEBUG: v3.61.0 (pip), CPython 3.12.3 on Linux-6.6.31-linuxkit-x86_64-with-glibc2.36
[2025-08-12T20:36:26.937+0000] {subprocess.py:93} INFO - 2025-08-12 20:36:26,935 DEBUG: command: /home/***/.local/bin/dvc push --verbose
[2025-08-12T20:36:28.563+0000] {subprocess.py:93} INFO - 2025-08-12 20:36:28,563 DEBUG: Lockfile 'dvc.lock' needs to be updated.
[2025-08-12T20:36:30.303+0000] {subprocess.py:93} INFO - Everything is up to date.
[2025-08-12T20:36:30.308+0000] {subprocess.py:93} INFO - 2025-08-12 20:36:30,308 DEBUG: Analytics is enabled.
[2025-08-12T20:36:30.376+0000] {subprocess.py:93} INFO - 2025-08-12 20:36:30,376 DEBUG: Trying to spawn ['daemon', 'analytics', '/tmp/tmpu8z48z7v', '-v']
[2025-08-12T20:36:30.387+0000] {subprocess.py:93} INFO - 2025-08-12 20:36:30,385 DEBUG: Spawned ['daemon', 'analytics', '/tmp/tmpu8z48z7v', '-v'] with pid 501
[2025-08-12T20:36:30.618+0000] {subprocess.py:93} INFO - === DVC CONFIG AFTER SETUP ===
[2025-08-12T20:36:30.622+0000] {subprocess.py:93} INFO - [core]
[2025-08-12T20:36:30.623+0000] {subprocess.py:93} INFO -     remote = minio
[2025-08-12T20:36:30.624+0000] {subprocess.py:93} INFO - ['remote "minio"']
[2025-08-12T20:36:30.625+0000] {subprocess.py:93} INFO -     url = s3://mlflow-artifacts
[2025-08-12T20:36:30.625+0000] {subprocess.py:93} INFO -     endpointurl = http://minio:9000
[2025-08-12T20:36:30.626+0000] {subprocess.py:93} INFO -     access_key_id = minioadmin
[2025-08-12T20:36:30.627+0000] {subprocess.py:93} INFO -     secret_access_key = minioadmin
[2025-08-12T20:36:30.628+0000] {subprocess.py:93} INFO -     use_ssl = false
[2025-08-12T20:36:30.628+0000] {subprocess.py:97} INFO - Command exited with return code 0
[2025-08-12T20:36:30.629+0000] {taskinstance.py:441} INFO - ::group::Post task execution logs
[2025-08-12T20:36:30.669+0000] {taskinstance.py:1206} INFO - Marking task as SUCCESS. dag_id=ml_pipeline_dvc, task_id=setup_dvc_remote, run_id=manual__2025-08-12T20:30:41.815092+00:00, execution_date=20250812T203041, start_date=20250812T203609, end_date=20250812T203630
[2025-08-12T20:36:30.741+0000] {local_task_job_runner.py:240} INFO - Task exited with return code 0
[2025-08-12T20:36:30.798+0000] {taskinstance.py:3498} INFO - 1 downstream tasks scheduled from follow-on schedule check
[2025-08-12T20:36:30.801+0000] {local_task_job_runner.py:222} INFO - ::endgroup::
