[2025-08-02T22:21:24.534+0000] {local_task_job_runner.py:120} INFO - ::group::Pre task execution logs
[2025-08-02T22:21:24.642+0000] {taskinstance.py:2076} INFO - Dependencies all met for dep_context=non-requeueable deps ti=<TaskInstance: ml_pipeline_dvc.preprocess_dvc manual__2025-08-02T22:21:19.083595+00:00 [queued]>
[2025-08-02T22:21:24.678+0000] {taskinstance.py:2076} INFO - Dependencies all met for dep_context=requeueable deps ti=<TaskInstance: ml_pipeline_dvc.preprocess_dvc manual__2025-08-02T22:21:19.083595+00:00 [queued]>
[2025-08-02T22:21:24.679+0000] {taskinstance.py:2306} INFO - Starting attempt 1 of 2
[2025-08-02T22:21:24.789+0000] {taskinstance.py:2330} INFO - Executing <Task(BashOperator): preprocess_dvc> on 2025-08-02 22:21:19.083595+00:00
[2025-08-02T22:21:24.951+0000] {standard_task_runner.py:90} INFO - Running: ['***', 'tasks', 'run', 'ml_pipeline_dvc', 'preprocess_dvc', 'manual__2025-08-02T22:21:19.083595+00:00', '--job-id', '89', '--raw', '--subdir', 'DAGS_FOLDER/ml_pipeline_dag_2.py', '--cfg-path', '/tmp/tmp0puu9dec']
[2025-08-02T22:21:24.958+0000] {standard_task_runner.py:91} INFO - Job 89: Subtask preprocess_dvc
[2025-08-02T22:21:24.961+0000] {warnings.py:110} WARNING - /home/***/.local/lib/python3.12/site-packages/***/task/task_runner/standard_task_runner.py:61: DeprecationWarning: This process (pid=99) is multi-threaded, use of fork() may lead to deadlocks in the child.
  pid = os.fork()

[2025-08-02T22:21:24.964+0000] {standard_task_runner.py:63} INFO - Started process 100 to run task
[2025-08-02T22:21:25.202+0000] {task_command.py:426} INFO - Running <TaskInstance: ml_pipeline_dvc.preprocess_dvc manual__2025-08-02T22:21:19.083595+00:00 [running]> on host 3f990930347c
[2025-08-02T22:21:25.802+0000] {taskinstance.py:2648} INFO - Exporting env vars: AIRFLOW_CTX_DAG_OWNER='yas' AIRFLOW_CTX_DAG_ID='ml_pipeline_dvc' AIRFLOW_CTX_TASK_ID='preprocess_dvc' AIRFLOW_CTX_EXECUTION_DATE='2025-08-02T22:21:19.083595+00:00' AIRFLOW_CTX_TRY_NUMBER='1' AIRFLOW_CTX_DAG_RUN_ID='manual__2025-08-02T22:21:19.083595+00:00'
[2025-08-02T22:21:25.807+0000] {taskinstance.py:430} INFO - ::endgroup::
[2025-08-02T22:21:25.983+0000] {subprocess.py:63} INFO - Tmp dir root location: /tmp
[2025-08-02T22:21:26.024+0000] {subprocess.py:75} INFO - Running command: ['/usr/bin/bash', '-c', 'cd /opt/***/ml_pipeline && dvc repro preprocess']
[2025-08-02T22:21:26.072+0000] {subprocess.py:86} INFO - Output:
[2025-08-02T22:21:33.763+0000] {subprocess.py:93} INFO - Stage 'preprocess' didn't change, skipping
[2025-08-02T22:21:33.773+0000] {subprocess.py:93} INFO - Data and pipelines are up to date.
[2025-08-02T22:21:34.395+0000] {subprocess.py:97} INFO - Command exited with return code 0
[2025-08-02T22:21:34.401+0000] {taskinstance.py:441} INFO - ::group::Post task execution logs
[2025-08-02T22:21:34.475+0000] {taskinstance.py:1206} INFO - Marking task as SUCCESS. dag_id=ml_pipeline_dvc, task_id=preprocess_dvc, run_id=manual__2025-08-02T22:21:19.083595+00:00, execution_date=20250802T222119, start_date=20250802T222124, end_date=20250802T222134
[2025-08-02T22:21:34.536+0000] {local_task_job_runner.py:240} INFO - Task exited with return code 0
[2025-08-02T22:21:34.575+0000] {taskinstance.py:3498} INFO - 1 downstream tasks scheduled from follow-on schedule check
[2025-08-02T22:21:34.578+0000] {local_task_job_runner.py:222} INFO - ::endgroup::
