[2025-08-17T21:57:17.851+0000] {local_task_job_runner.py:120} INFO - ::group::Pre task execution logs
[2025-08-17T21:57:17.893+0000] {taskinstance.py:2076} INFO - Dependencies all met for dep_context=non-requeueable deps ti=<TaskInstance: ml_pipeline_dvc.train_outlier_detector_dvc manual__2025-08-17T21:56:46.098806+00:00 [queued]>
[2025-08-17T21:57:17.906+0000] {taskinstance.py:2076} INFO - Dependencies all met for dep_context=requeueable deps ti=<TaskInstance: ml_pipeline_dvc.train_outlier_detector_dvc manual__2025-08-17T21:56:46.098806+00:00 [queued]>
[2025-08-17T21:57:17.907+0000] {taskinstance.py:2306} INFO - Starting attempt 1 of 1
[2025-08-17T21:57:17.930+0000] {taskinstance.py:2330} INFO - Executing <Task(BashOperator): train_outlier_detector_dvc> on 2025-08-17 21:56:46.098806+00:00
[2025-08-17T21:57:17.944+0000] {warnings.py:110} WARNING - /home/***/.local/lib/python3.12/site-packages/***/task/task_runner/standard_task_runner.py:61: DeprecationWarning: This process (pid=10177) is multi-threaded, use of fork() may lead to deadlocks in the child.
  pid = os.fork()

[2025-08-17T21:57:17.947+0000] {standard_task_runner.py:63} INFO - Started process 10178 to run task
[2025-08-17T21:57:17.947+0000] {standard_task_runner.py:90} INFO - Running: ['***', 'tasks', 'run', 'ml_pipeline_dvc', 'train_outlier_detector_dvc', 'manual__2025-08-17T21:56:46.098806+00:00', '--job-id', '382', '--raw', '--subdir', 'DAGS_FOLDER/train_pipeline_dag.py', '--cfg-path', '/tmp/tmpudqfl5xq']
[2025-08-17T21:57:17.949+0000] {standard_task_runner.py:91} INFO - Job 382: Subtask train_outlier_detector_dvc
[2025-08-17T21:57:18.019+0000] {task_command.py:426} INFO - Running <TaskInstance: ml_pipeline_dvc.train_outlier_detector_dvc manual__2025-08-17T21:56:46.098806+00:00 [running]> on host bea494a05fb4
[2025-08-17T21:57:18.165+0000] {taskinstance.py:2648} INFO - Exporting env vars: AIRFLOW_CTX_DAG_OWNER='yas' AIRFLOW_CTX_DAG_ID='ml_pipeline_dvc' AIRFLOW_CTX_TASK_ID='train_outlier_detector_dvc' AIRFLOW_CTX_EXECUTION_DATE='2025-08-17T21:56:46.098806+00:00' AIRFLOW_CTX_TRY_NUMBER='1' AIRFLOW_CTX_DAG_RUN_ID='manual__2025-08-17T21:56:46.098806+00:00'
[2025-08-17T21:57:18.167+0000] {taskinstance.py:430} INFO - ::endgroup::
[2025-08-17T21:57:18.192+0000] {subprocess.py:63} INFO - Tmp dir root location: /tmp
[2025-08-17T21:57:18.193+0000] {subprocess.py:75} INFO - Running command: ['/usr/bin/bash', '-c', '\n            cd /opt/***/ml_pipeline\n            dvc pull --force\n            dvc repro train_outlier\n            dvc push\n        ']
[2025-08-17T21:57:18.207+0000] {subprocess.py:86} INFO - Output:
[2025-08-17T21:57:21.461+0000] {subprocess.py:93} INFO - Everything is up to date.
[2025-08-17T21:57:24.958+0000] {subprocess.py:93} INFO - Stage 'ingest' didn't change, skipping
[2025-08-17T21:57:24.990+0000] {subprocess.py:93} INFO - Stage 'preprocess' didn't change, skipping
[2025-08-17T21:57:25.025+0000] {subprocess.py:93} INFO - Stage 'train_outlier' didn't change, skipping
[2025-08-17T21:57:25.032+0000] {subprocess.py:93} INFO - Data and pipelines are up to date.
[2025-08-17T21:57:29.299+0000] {subprocess.py:93} INFO - Everything is up to date.
[2025-08-17T21:57:29.727+0000] {subprocess.py:97} INFO - Command exited with return code 0
[2025-08-17T21:57:29.729+0000] {taskinstance.py:441} INFO - ::group::Post task execution logs
[2025-08-17T21:57:29.776+0000] {taskinstance.py:1206} INFO - Marking task as SUCCESS. dag_id=ml_pipeline_dvc, task_id=train_outlier_detector_dvc, run_id=manual__2025-08-17T21:56:46.098806+00:00, execution_date=20250817T215646, start_date=20250817T215717, end_date=20250817T215729
[2025-08-17T21:57:29.822+0000] {local_task_job_runner.py:240} INFO - Task exited with return code 0
[2025-08-17T21:57:29.856+0000] {taskinstance.py:3498} INFO - 1 downstream tasks scheduled from follow-on schedule check
[2025-08-17T21:57:29.859+0000] {local_task_job_runner.py:222} INFO - ::endgroup::
