[2025-08-12T21:59:03.970+0000] {local_task_job_runner.py:120} INFO - ::group::Pre task execution logs
[2025-08-12T21:59:04.070+0000] {taskinstance.py:2076} INFO - Dependencies all met for dep_context=non-requeueable deps ti=<TaskInstance: ml_pipeline_dvc.preprocess_dvc manual__2025-08-12T21:59:01.275220+00:00 [queued]>
[2025-08-12T21:59:04.092+0000] {taskinstance.py:2076} INFO - Dependencies all met for dep_context=requeueable deps ti=<TaskInstance: ml_pipeline_dvc.preprocess_dvc manual__2025-08-12T21:59:01.275220+00:00 [queued]>
[2025-08-12T21:59:04.094+0000] {taskinstance.py:2306} INFO - Starting attempt 1 of 2
[2025-08-12T21:59:04.150+0000] {taskinstance.py:2330} INFO - Executing <Task(BashOperator): preprocess_dvc> on 2025-08-12 21:59:01.275220+00:00
[2025-08-12T21:59:04.171+0000] {warnings.py:110} WARNING - /home/***/.local/lib/python3.12/site-packages/***/task/task_runner/standard_task_runner.py:61: DeprecationWarning: This process (pid=94) is multi-threaded, use of fork() may lead to deadlocks in the child.
  pid = os.fork()

[2025-08-12T21:59:04.182+0000] {standard_task_runner.py:63} INFO - Started process 95 to run task
[2025-08-12T21:59:04.180+0000] {standard_task_runner.py:90} INFO - Running: ['***', 'tasks', 'run', 'ml_pipeline_dvc', 'preprocess_dvc', 'manual__2025-08-12T21:59:01.275220+00:00', '--job-id', '200', '--raw', '--subdir', 'DAGS_FOLDER/train_pipeline_dag.py', '--cfg-path', '/tmp/tmpl9falypj']
[2025-08-12T21:59:04.188+0000] {standard_task_runner.py:91} INFO - Job 200: Subtask preprocess_dvc
[2025-08-12T21:59:04.327+0000] {task_command.py:426} INFO - Running <TaskInstance: ml_pipeline_dvc.preprocess_dvc manual__2025-08-12T21:59:01.275220+00:00 [running]> on host 276ab97d4dd8
[2025-08-12T21:59:04.537+0000] {taskinstance.py:2648} INFO - Exporting env vars: AIRFLOW_CTX_DAG_OWNER='yas' AIRFLOW_CTX_DAG_ID='ml_pipeline_dvc' AIRFLOW_CTX_TASK_ID='preprocess_dvc' AIRFLOW_CTX_EXECUTION_DATE='2025-08-12T21:59:01.275220+00:00' AIRFLOW_CTX_TRY_NUMBER='1' AIRFLOW_CTX_DAG_RUN_ID='manual__2025-08-12T21:59:01.275220+00:00'
[2025-08-12T21:59:04.539+0000] {taskinstance.py:430} INFO - ::endgroup::
[2025-08-12T21:59:04.601+0000] {subprocess.py:63} INFO - Tmp dir root location: /tmp
[2025-08-12T21:59:04.604+0000] {subprocess.py:75} INFO - Running command: ['/usr/bin/bash', '-c', '\n        cd /opt/***/ml_pipeline && dvc repro preprocess\n        env | grep AWS\n        ']
[2025-08-12T21:59:04.624+0000] {subprocess.py:86} INFO - Output:
[2025-08-12T21:59:09.440+0000] {subprocess.py:93} INFO - Running stage 'preprocess':
[2025-08-12T21:59:09.441+0000] {subprocess.py:93} INFO - > python preprocessing/preprocess_task.py
[2025-08-12T21:59:13.709+0000] {subprocess.py:93} INFO - {"asctime": "2025-08-12 21:59:13,650", "levelname": "INFO", "name": "preprocessing_pipeline", "trace_id": null, "span_id": null, "message": "version_meta.json loaded!"}
[2025-08-12T21:59:13.733+0000] {subprocess.py:93} INFO - {"asctime": "2025-08-12 21:59:13,732", "levelname": "INFO", "name": "preprocessing_pipeline", "trace_id": null, "span_id": null, "message": "preprocessor trained!"}
[2025-08-12T21:59:13.748+0000] {subprocess.py:93} INFO - {"asctime": "2025-08-12 21:59:13,748", "levelname": "INFO", "name": "preprocessing_pipeline", "trace_id": null, "span_id": null, "message": "preprocessor saved to s3://mlflow-artifacts/preprocess/v20250812_203000/pipeline.pkl!"}
[2025-08-12T21:59:13.777+0000] {subprocess.py:93} INFO - {"asctime": "2025-08-12 21:59:13,776", "levelname": "INFO", "name": "preprocessing_pipeline", "trace_id": null, "span_id": null, "message": "\u2705 Saved pipeline at: s3://mlflow-artifacts/s3://mlflow-artifacts/preprocess/v20250812_203000/pipeline.pkl"}
[2025-08-12T21:59:13.780+0000] {subprocess.py:93} INFO - {"asctime": "2025-08-12 21:59:13,776", "levelname": "INFO", "name": "preprocessing_pipeline", "trace_id": null, "span_id": null, "message": "\ud83d\udcc4 Saved metadata: s3://mlflow-artifacts/s3://mlflow-artifacts/preprocess/v20250812_203000/preprocess_metadata.json"}
[2025-08-12T21:59:13.781+0000] {subprocess.py:93} INFO - {"asctime": "2025-08-12 21:59:13,777", "levelname": "INFO", "name": "preprocessing_pipeline", "trace_id": null, "span_id": null, "message": "\ud83d\udce6 Updated version_meta.json"}
[2025-08-12T21:59:14.255+0000] {subprocess.py:93} INFO - ERROR: failed to reproduce 'preprocess': Saving cached external output s3://mlflow-artifacts/preprocess/v20250812_203000/pipeline.pkl is not supported since DVC 3.0. See <https://dvc.org/doc/user-guide/upgrade> for more info.
[2025-08-12T21:59:14.842+0000] {subprocess.py:93} INFO - AWS_SECRET_ACCESS_KEY=minioadmin
[2025-08-12T21:59:14.843+0000] {subprocess.py:93} INFO - AWS_ACCESS_KEY_ID=minioadmin
[2025-08-12T21:59:14.844+0000] {subprocess.py:93} INFO - AWS_ENDPOINT_URL=http://minio:9000
[2025-08-12T21:59:14.844+0000] {subprocess.py:97} INFO - Command exited with return code 0
[2025-08-12T21:59:14.846+0000] {taskinstance.py:441} INFO - ::group::Post task execution logs
[2025-08-12T21:59:14.878+0000] {taskinstance.py:1206} INFO - Marking task as SUCCESS. dag_id=ml_pipeline_dvc, task_id=preprocess_dvc, run_id=manual__2025-08-12T21:59:01.275220+00:00, execution_date=20250812T215901, start_date=20250812T215904, end_date=20250812T215914
[2025-08-12T21:59:14.899+0000] {local_task_job_runner.py:240} INFO - Task exited with return code 0
[2025-08-12T21:59:14.927+0000] {taskinstance.py:3498} INFO - 2 downstream tasks scheduled from follow-on schedule check
[2025-08-12T21:59:14.929+0000] {local_task_job_runner.py:222} INFO - ::endgroup::
