[2025-08-12T18:20:48.022+0000] {local_task_job_runner.py:120} INFO - ::group::Pre task execution logs
[2025-08-12T18:20:48.137+0000] {taskinstance.py:2076} INFO - Dependencies all met for dep_context=non-requeueable deps ti=<TaskInstance: ml_pipeline_dvc.setup_dvc_remote manual__2025-08-12T18:20:45.429307+00:00 [queued]>
[2025-08-12T18:20:48.167+0000] {taskinstance.py:2076} INFO - Dependencies all met for dep_context=requeueable deps ti=<TaskInstance: ml_pipeline_dvc.setup_dvc_remote manual__2025-08-12T18:20:45.429307+00:00 [queued]>
[2025-08-12T18:20:48.169+0000] {taskinstance.py:2306} INFO - Starting attempt 1 of 2
[2025-08-12T18:20:48.225+0000] {taskinstance.py:2330} INFO - Executing <Task(BashOperator): setup_dvc_remote> on 2025-08-12 18:20:45.429307+00:00
[2025-08-12T18:20:48.259+0000] {warnings.py:110} WARNING - /home/***/.local/lib/python3.12/site-packages/***/task/task_runner/standard_task_runner.py:61: DeprecationWarning: This process (pid=3686) is multi-threaded, use of fork() may lead to deadlocks in the child.
  pid = os.fork()

[2025-08-12T18:20:48.267+0000] {standard_task_runner.py:63} INFO - Started process 3687 to run task
[2025-08-12T18:20:48.265+0000] {standard_task_runner.py:90} INFO - Running: ['***', 'tasks', 'run', 'ml_pipeline_dvc', 'setup_dvc_remote', 'manual__2025-08-12T18:20:45.429307+00:00', '--job-id', '138', '--raw', '--subdir', 'DAGS_FOLDER/train_pipeline_dag.py', '--cfg-path', '/tmp/tmpmhsxkusn']
[2025-08-12T18:20:48.271+0000] {standard_task_runner.py:91} INFO - Job 138: Subtask setup_dvc_remote
[2025-08-12T18:20:48.546+0000] {task_command.py:426} INFO - Running <TaskInstance: ml_pipeline_dvc.setup_dvc_remote manual__2025-08-12T18:20:45.429307+00:00 [running]> on host 08abdf02b345
[2025-08-12T18:20:48.865+0000] {taskinstance.py:2648} INFO - Exporting env vars: AIRFLOW_CTX_DAG_OWNER='yas' AIRFLOW_CTX_DAG_ID='ml_pipeline_dvc' AIRFLOW_CTX_TASK_ID='setup_dvc_remote' AIRFLOW_CTX_EXECUTION_DATE='2025-08-12T18:20:45.429307+00:00' AIRFLOW_CTX_TRY_NUMBER='1' AIRFLOW_CTX_DAG_RUN_ID='manual__2025-08-12T18:20:45.429307+00:00'
[2025-08-12T18:20:48.867+0000] {taskinstance.py:430} INFO - ::endgroup::
[2025-08-12T18:20:48.948+0000] {subprocess.py:63} INFO - Tmp dir root location: /tmp
[2025-08-12T18:20:48.959+0000] {subprocess.py:75} INFO - Running command: ['/usr/bin/bash', '-c', '\n        cd /opt/***/ml_pipeline\n        export AWS_ACCESS_KEY_ID=minioadmin\n        export AWS_SECRET_ACCESS_KEY=minioadmin\n        dvc remote remove minio || true\n        dvc remote add -d minio s3://mlflow-artifacts\n        dvc remote modify minio endpointurl http://minio:9000\n        dvc remote modify minio access_key_id minioadmin\n        dvc remote modify minio secret_access_key minioadmin\n        dvc remote modify minio use_ssl false\n        ls -l .dvc/\n        echo "config file:"\n        cat .dvc/config\n        echo "Local config file:"\n        cat .dvc/config.local || echo "No local config found"\n        dvc push --verbose\n        dvc repro preprocess\n        ']
[2025-08-12T18:20:48.990+0000] {subprocess.py:86} INFO - Output:
[2025-08-12T18:20:51.536+0000] {subprocess.py:93} INFO - ERROR: configuration error - config file error: expected 'url' for dictionary value @ data['remote']['minio']
[2025-08-12T18:20:54.376+0000] {subprocess.py:93} INFO - Setting 'minio' as a default remote.
[2025-08-12T18:21:05.254+0000] {subprocess.py:93} INFO - total 8
[2025-08-12T18:21:05.255+0000] {subprocess.py:93} INFO - drwxr-xr-x 10 default root 320 Aug  5 20:10 cache
[2025-08-12T18:21:05.256+0000] {subprocess.py:93} INFO - -rw-r--r--  1    1000 1000 199 Aug 12 18:21 config
[2025-08-12T18:21:05.256+0000] {subprocess.py:93} INFO - -rw-r--r--  1 default root  86 Aug 12 17:15 config.local
[2025-08-12T18:21:05.257+0000] {subprocess.py:93} INFO - drwxr-xr-x  8 default root 256 Aug 11 22:52 tmp
[2025-08-12T18:21:05.257+0000] {subprocess.py:93} INFO - config file:
[2025-08-12T18:21:05.260+0000] {subprocess.py:93} INFO - [core]
[2025-08-12T18:21:05.260+0000] {subprocess.py:93} INFO -     remote = minio
[2025-08-12T18:21:05.261+0000] {subprocess.py:93} INFO - ['remote "minio"']
[2025-08-12T18:21:05.261+0000] {subprocess.py:93} INFO -     url = s3://mlflow-artifacts
[2025-08-12T18:21:05.262+0000] {subprocess.py:93} INFO -     endpointurl = http://minio:9000
[2025-08-12T18:21:05.262+0000] {subprocess.py:93} INFO -     access_key_id = minioadmin
[2025-08-12T18:21:05.263+0000] {subprocess.py:93} INFO -     secret_access_key = minioadmin
[2025-08-12T18:21:05.264+0000] {subprocess.py:93} INFO -     use_ssl = false
[2025-08-12T18:21:05.264+0000] {subprocess.py:93} INFO - Local config file:
[2025-08-12T18:21:05.265+0000] {subprocess.py:93} INFO - 
[2025-08-12T18:21:05.265+0000] {subprocess.py:93} INFO - ['remote "minio"']
[2025-08-12T18:21:05.266+0000] {subprocess.py:93} INFO -     access_key_id = minioadmin
[2025-08-12T18:21:05.267+0000] {subprocess.py:93} INFO -     secret_access_key = minioadmin
[2025-08-12T18:21:06.348+0000] {subprocess.py:93} INFO - 2025-08-12 18:21:06,347 DEBUG: v3.61.0 (pip), CPython 3.12.3 on Linux-6.6.31-linuxkit-x86_64-with-glibc2.36
[2025-08-12T18:21:06.349+0000] {subprocess.py:93} INFO - 2025-08-12 18:21:06,348 DEBUG: command: /home/***/.local/bin/dvc push --verbose
[2025-08-12T18:21:08.291+0000] {subprocess.py:93} INFO - 2025-08-12 18:21:08,288 DEBUG: Lockfile 'dvc.lock' needs to be updated.
[2025-08-12T18:21:09.618+0000] {subprocess.py:93} INFO - Everything is up to date.
[2025-08-12T18:21:09.621+0000] {subprocess.py:93} INFO - 2025-08-12 18:21:09,621 DEBUG: Analytics is enabled.
[2025-08-12T18:21:09.683+0000] {subprocess.py:93} INFO - 2025-08-12 18:21:09,682 DEBUG: Trying to spawn ['daemon', 'analytics', '/tmp/tmpdh11s6xl', '-v']
[2025-08-12T18:21:09.691+0000] {subprocess.py:93} INFO - 2025-08-12 18:21:09,690 DEBUG: Spawned ['daemon', 'analytics', '/tmp/tmpdh11s6xl', '-v'] with pid 3817
[2025-08-12T18:21:15.542+0000] {subprocess.py:93} INFO - ERROR: failed to reproduce 'preprocess': Forbidden: An error occurred (403) when calling the HeadObject operation: Forbidden
[2025-08-12T18:21:16.100+0000] {subprocess.py:97} INFO - Command exited with return code 255
[2025-08-12T18:21:16.102+0000] {taskinstance.py:441} INFO - ::group::Post task execution logs
[2025-08-12T18:21:16.122+0000] {taskinstance.py:2905} ERROR - Task failed with exception
Traceback (most recent call last):
  File "/home/airflow/.local/lib/python3.12/site-packages/airflow/models/taskinstance.py", line 465, in _execute_task
    result = _execute_callable(context=context, **execute_callable_kwargs)
             ^^^^^^^^^^^^^^^^^^^^^^^^^^^^^^^^^^^^^^^^^^^^^^^^^^^^^^^^^^^^^
  File "/home/airflow/.local/lib/python3.12/site-packages/airflow/models/taskinstance.py", line 432, in _execute_callable
    return execute_callable(context=context, **execute_callable_kwargs)
           ^^^^^^^^^^^^^^^^^^^^^^^^^^^^^^^^^^^^^^^^^^^^^^^^^^^^^^^^^^^^
  File "/home/airflow/.local/lib/python3.12/site-packages/airflow/models/baseoperator.py", line 400, in wrapper
    return func(self, *args, **kwargs)
           ^^^^^^^^^^^^^^^^^^^^^^^^^^^
  File "/home/airflow/.local/lib/python3.12/site-packages/airflow/operators/bash.py", line 243, in execute
    raise AirflowException(
airflow.exceptions.AirflowException: Bash command failed. The command returned a non-zero exit code 255.
[2025-08-12T18:21:16.133+0000] {taskinstance.py:1206} INFO - Marking task as UP_FOR_RETRY. dag_id=ml_pipeline_dvc, task_id=setup_dvc_remote, run_id=manual__2025-08-12T18:20:45.429307+00:00, execution_date=20250812T182045, start_date=20250812T182048, end_date=20250812T182116
[2025-08-12T18:21:16.160+0000] {standard_task_runner.py:110} ERROR - Failed to execute job 138 for task setup_dvc_remote (Bash command failed. The command returned a non-zero exit code 255.; 3687)
[2025-08-12T18:21:16.195+0000] {local_task_job_runner.py:240} INFO - Task exited with return code 1
[2025-08-12T18:21:16.230+0000] {taskinstance.py:3498} INFO - 0 downstream tasks scheduled from follow-on schedule check
[2025-08-12T18:21:16.233+0000] {local_task_job_runner.py:222} INFO - ::endgroup::
