[2025-08-12T18:26:17.732+0000] {local_task_job_runner.py:120} INFO - ::group::Pre task execution logs
[2025-08-12T18:26:17.773+0000] {taskinstance.py:2076} INFO - Dependencies all met for dep_context=non-requeueable deps ti=<TaskInstance: ml_pipeline_dvc.setup_dvc_remote manual__2025-08-12T18:20:45.429307+00:00 [queued]>
[2025-08-12T18:26:17.787+0000] {taskinstance.py:2076} INFO - Dependencies all met for dep_context=requeueable deps ti=<TaskInstance: ml_pipeline_dvc.setup_dvc_remote manual__2025-08-12T18:20:45.429307+00:00 [queued]>
[2025-08-12T18:26:17.788+0000] {taskinstance.py:2306} INFO - Starting attempt 2 of 2
[2025-08-12T18:26:17.808+0000] {taskinstance.py:2330} INFO - Executing <Task(BashOperator): setup_dvc_remote> on 2025-08-12 18:20:45.429307+00:00
[2025-08-12T18:26:17.818+0000] {warnings.py:110} WARNING - /home/***/.local/lib/python3.12/site-packages/***/task/task_runner/standard_task_runner.py:61: DeprecationWarning: This process (pid=3921) is multi-threaded, use of fork() may lead to deadlocks in the child.
  pid = os.fork()

[2025-08-12T18:26:17.821+0000] {standard_task_runner.py:63} INFO - Started process 3922 to run task
[2025-08-12T18:26:17.821+0000] {standard_task_runner.py:90} INFO - Running: ['***', 'tasks', 'run', 'ml_pipeline_dvc', 'setup_dvc_remote', 'manual__2025-08-12T18:20:45.429307+00:00', '--job-id', '139', '--raw', '--subdir', 'DAGS_FOLDER/train_pipeline_dag.py', '--cfg-path', '/tmp/tmprlp7y5tx']
[2025-08-12T18:26:17.824+0000] {standard_task_runner.py:91} INFO - Job 139: Subtask setup_dvc_remote
[2025-08-12T18:26:17.902+0000] {task_command.py:426} INFO - Running <TaskInstance: ml_pipeline_dvc.setup_dvc_remote manual__2025-08-12T18:20:45.429307+00:00 [running]> on host 08abdf02b345
[2025-08-12T18:26:18.037+0000] {taskinstance.py:2648} INFO - Exporting env vars: AIRFLOW_CTX_DAG_OWNER='yas' AIRFLOW_CTX_DAG_ID='ml_pipeline_dvc' AIRFLOW_CTX_TASK_ID='setup_dvc_remote' AIRFLOW_CTX_EXECUTION_DATE='2025-08-12T18:20:45.429307+00:00' AIRFLOW_CTX_TRY_NUMBER='2' AIRFLOW_CTX_DAG_RUN_ID='manual__2025-08-12T18:20:45.429307+00:00'
[2025-08-12T18:26:18.043+0000] {taskinstance.py:430} INFO - ::endgroup::
[2025-08-12T18:26:18.072+0000] {subprocess.py:63} INFO - Tmp dir root location: /tmp
[2025-08-12T18:26:18.073+0000] {subprocess.py:75} INFO - Running command: ['/usr/bin/bash', '-c', '\n        cd /opt/***/ml_pipeline\n        export AWS_ACCESS_KEY_ID=minioadmin\n        export AWS_SECRET_ACCESS_KEY=minioadmin\n        dvc remote remove minio || true\n        dvc remote add -d minio s3://mlflow-artifacts\n        dvc remote modify minio endpointurl http://minio:9000\n        dvc remote modify minio access_key_id minioadmin\n        dvc remote modify minio secret_access_key minioadmin\n        dvc remote modify minio use_ssl false\n        ls -l .dvc/\n        echo "config file:"\n        cat .dvc/config\n        echo "Local config file:"\n        cat .dvc/config.local || echo "No local config found"\n        dvc push --verbose\n        dvc repro preprocess\n        ']
[2025-08-12T18:26:18.093+0000] {subprocess.py:86} INFO - Output:
[2025-08-12T18:26:19.371+0000] {subprocess.py:93} INFO - ERROR: configuration error - config file error: expected 'url' for dictionary value @ data['remote']['minio']
[2025-08-12T18:26:21.565+0000] {subprocess.py:93} INFO - Setting 'minio' as a default remote.
[2025-08-12T18:26:29.648+0000] {subprocess.py:93} INFO - total 8
[2025-08-12T18:26:29.649+0000] {subprocess.py:93} INFO - drwxr-xr-x 10 default root 320 Aug  5 20:10 cache
[2025-08-12T18:26:29.650+0000] {subprocess.py:93} INFO - -rw-r--r--  1    1000 1000 199 Aug 12 18:26 config
[2025-08-12T18:26:29.651+0000] {subprocess.py:93} INFO - -rw-r--r--  1 default root  86 Aug 12 17:15 config.local
[2025-08-12T18:26:29.652+0000] {subprocess.py:93} INFO - drwxr-xr-x  8 default root 256 Aug 11 22:52 tmp
[2025-08-12T18:26:29.653+0000] {subprocess.py:93} INFO - config file:
[2025-08-12T18:26:29.656+0000] {subprocess.py:93} INFO - [core]
[2025-08-12T18:26:29.658+0000] {subprocess.py:93} INFO -     remote = minio
[2025-08-12T18:26:29.659+0000] {subprocess.py:93} INFO - ['remote "minio"']
[2025-08-12T18:26:29.661+0000] {subprocess.py:93} INFO -     url = s3://mlflow-artifacts
[2025-08-12T18:26:29.662+0000] {subprocess.py:93} INFO -     endpointurl = http://minio:9000
[2025-08-12T18:26:29.663+0000] {subprocess.py:93} INFO -     access_key_id = minioadmin
[2025-08-12T18:26:29.664+0000] {subprocess.py:93} INFO -     secret_access_key = minioadmin
[2025-08-12T18:26:29.665+0000] {subprocess.py:93} INFO -     use_ssl = false
[2025-08-12T18:26:29.666+0000] {subprocess.py:93} INFO - Local config file:
[2025-08-12T18:26:29.668+0000] {subprocess.py:93} INFO - 
[2025-08-12T18:26:29.669+0000] {subprocess.py:93} INFO - ['remote "minio"']
[2025-08-12T18:26:29.669+0000] {subprocess.py:93} INFO -     access_key_id = minioadmin
[2025-08-12T18:26:29.670+0000] {subprocess.py:93} INFO -     secret_access_key = minioadmin
[2025-08-12T18:26:30.323+0000] {subprocess.py:93} INFO - 2025-08-12 18:26:30,323 DEBUG: v3.61.0 (pip), CPython 3.12.3 on Linux-6.6.31-linuxkit-x86_64-with-glibc2.36
[2025-08-12T18:26:30.324+0000] {subprocess.py:93} INFO - 2025-08-12 18:26:30,323 DEBUG: command: /home/***/.local/bin/dvc push --verbose
[2025-08-12T18:26:31.701+0000] {subprocess.py:93} INFO - 2025-08-12 18:26:31,701 DEBUG: Lockfile 'dvc.lock' needs to be updated.
[2025-08-12T18:26:32.904+0000] {subprocess.py:93} INFO - Everything is up to date.
[2025-08-12T18:26:32.908+0000] {subprocess.py:93} INFO - 2025-08-12 18:26:32,908 DEBUG: Analytics is enabled.
[2025-08-12T18:26:32.969+0000] {subprocess.py:93} INFO - 2025-08-12 18:26:32,968 DEBUG: Trying to spawn ['daemon', 'analytics', '/tmp/tmpgd_58zmi', '-v']
[2025-08-12T18:26:32.977+0000] {subprocess.py:93} INFO - 2025-08-12 18:26:32,976 DEBUG: Spawned ['daemon', 'analytics', '/tmp/tmpgd_58zmi', '-v'] with pid 4052
[2025-08-12T18:26:38.874+0000] {subprocess.py:93} INFO - ERROR: failed to reproduce 'preprocess': Forbidden: An error occurred (403) when calling the HeadObject operation: Forbidden
[2025-08-12T18:26:39.502+0000] {subprocess.py:97} INFO - Command exited with return code 255
[2025-08-12T18:26:39.504+0000] {taskinstance.py:441} INFO - ::group::Post task execution logs
[2025-08-12T18:26:39.519+0000] {taskinstance.py:2905} ERROR - Task failed with exception
Traceback (most recent call last):
  File "/home/airflow/.local/lib/python3.12/site-packages/airflow/models/taskinstance.py", line 465, in _execute_task
    result = _execute_callable(context=context, **execute_callable_kwargs)
             ^^^^^^^^^^^^^^^^^^^^^^^^^^^^^^^^^^^^^^^^^^^^^^^^^^^^^^^^^^^^^
  File "/home/airflow/.local/lib/python3.12/site-packages/airflow/models/taskinstance.py", line 432, in _execute_callable
    return execute_callable(context=context, **execute_callable_kwargs)
           ^^^^^^^^^^^^^^^^^^^^^^^^^^^^^^^^^^^^^^^^^^^^^^^^^^^^^^^^^^^^
  File "/home/airflow/.local/lib/python3.12/site-packages/airflow/models/baseoperator.py", line 400, in wrapper
    return func(self, *args, **kwargs)
           ^^^^^^^^^^^^^^^^^^^^^^^^^^^
  File "/home/airflow/.local/lib/python3.12/site-packages/airflow/operators/bash.py", line 243, in execute
    raise AirflowException(
airflow.exceptions.AirflowException: Bash command failed. The command returned a non-zero exit code 255.
[2025-08-12T18:26:39.527+0000] {taskinstance.py:1206} INFO - Marking task as FAILED. dag_id=ml_pipeline_dvc, task_id=setup_dvc_remote, run_id=manual__2025-08-12T18:20:45.429307+00:00, execution_date=20250812T182045, start_date=20250812T182617, end_date=20250812T182639
[2025-08-12T18:26:39.555+0000] {standard_task_runner.py:110} ERROR - Failed to execute job 139 for task setup_dvc_remote (Bash command failed. The command returned a non-zero exit code 255.; 3922)
[2025-08-12T18:26:39.580+0000] {local_task_job_runner.py:240} INFO - Task exited with return code 1
[2025-08-12T18:26:39.619+0000] {taskinstance.py:3498} INFO - 0 downstream tasks scheduled from follow-on schedule check
[2025-08-12T18:26:39.623+0000] {local_task_job_runner.py:222} INFO - ::endgroup::
