[2025-08-07T04:31:14.792+0000] {local_task_job_runner.py:120} INFO - ::group::Pre task execution logs
[2025-08-07T04:31:14.981+0000] {taskinstance.py:2076} INFO - Dependencies all met for dep_context=non-requeueable deps ti=<TaskInstance: register_high_latency_model.rollback_model manual__2025-08-07T04:31:08.649237+00:00 [queued]>
[2025-08-07T04:31:14.990+0000] {taskinstance.py:2076} INFO - Dependencies all met for dep_context=requeueable deps ti=<TaskInstance: register_high_latency_model.rollback_model manual__2025-08-07T04:31:08.649237+00:00 [queued]>
[2025-08-07T04:31:14.990+0000] {taskinstance.py:2306} INFO - Starting attempt 1 of 2
[2025-08-07T04:31:15.008+0000] {taskinstance.py:2330} INFO - Executing <Task(PythonOperator): rollback_model> on 2025-08-07 04:31:08.649237+00:00
[2025-08-07T04:31:15.019+0000] {warnings.py:110} WARNING - /home/***/.local/lib/python3.12/site-packages/***/task/task_runner/standard_task_runner.py:61: DeprecationWarning: This process (pid=4774) is multi-threaded, use of fork() may lead to deadlocks in the child.
  pid = os.fork()

[2025-08-07T04:31:15.021+0000] {standard_task_runner.py:63} INFO - Started process 4784 to run task
[2025-08-07T04:31:15.021+0000] {standard_task_runner.py:90} INFO - Running: ['***', 'tasks', 'run', 'register_high_latency_model', 'rollback_model', 'manual__2025-08-07T04:31:08.649237+00:00', '--job-id', '18', '--raw', '--subdir', 'DAGS_FOLDER/test_model_rollback.py', '--cfg-path', '/tmp/tmpzlv9w6lt']
[2025-08-07T04:31:15.025+0000] {standard_task_runner.py:91} INFO - Job 18: Subtask rollback_model
[2025-08-07T04:31:15.083+0000] {task_command.py:426} INFO - Running <TaskInstance: register_high_latency_model.rollback_model manual__2025-08-07T04:31:08.649237+00:00 [running]> on host 875a2765ee06
[2025-08-07T04:31:15.204+0000] {taskinstance.py:2648} INFO - Exporting env vars: AIRFLOW_CTX_DAG_OWNER='***' AIRFLOW_CTX_DAG_ID='register_high_latency_model' AIRFLOW_CTX_TASK_ID='rollback_model' AIRFLOW_CTX_EXECUTION_DATE='2025-08-07T04:31:08.649237+00:00' AIRFLOW_CTX_TRY_NUMBER='1' AIRFLOW_CTX_DAG_RUN_ID='manual__2025-08-07T04:31:08.649237+00:00'
[2025-08-07T04:31:15.206+0000] {taskinstance.py:430} INFO - ::endgroup::
[2025-08-07T04:31:15.551+0000] {credentials.py:1147} INFO - Found credentials in environment variables.
[2025-08-07T04:31:16.107+0000] {logging_mixin.py:188} WARNING - Downloading artifacts:   0%|          | 0/5 [00:00<?, ?it/s]
[2025-08-07T04:31:16.109+0000] {logging_mixin.py:188} WARNING - Downloading artifacts:  20%|##        | 1/5 [00:00<00:00, 4894.17it/s]
[2025-08-07T04:31:16.109+0000] {logging_mixin.py:188} WARNING - Downloading artifacts:  40%|####      | 2/5 [00:00<00:00, 2166.48it/s]
[2025-08-07T04:31:16.110+0000] {logging_mixin.py:188} WARNING - Downloading artifacts:  60%|######    | 3/5 [00:00<00:00, 1867.18it/s]
[2025-08-07T04:31:16.111+0000] {logging_mixin.py:188} WARNING - Downloading artifacts:  80%|########  | 4/5 [00:00<00:00, 1758.99it/s]
[2025-08-07T04:31:16.111+0000] {logging_mixin.py:188} WARNING - Downloading artifacts: 100%|##########| 5/5 [00:00<00:00, 1667.18it/s]
[2025-08-07T04:31:16.112+0000] {logging_mixin.py:188} WARNING - Downloading artifacts: 100%|##########| 5/5 [00:00<00:00, 1346.31it/s]
[2025-08-07T04:31:18.316+0000] {warnings.py:110} WARNING - /home/***/.local/lib/python3.12/site-packages/mlflow/pyfunc/utils/data_validation.py:186: UserWarning: [33mAdd type hints to the `predict` method to enable data validation and automatic signature inference during model logging. Check https://mlflow.org/docs/latest/model/python_model.html#type-hint-usage-in-pythonmodel for more details.[0m
  color_warning(

[2025-08-07T04:31:18.323+0000] {logging_mixin.py:188} WARNING - 2025/08/07 04:31:18 WARNING mlflow.utils.git_utils: Failed to import Git (the Git executable is probably not on your PATH), so Git SHA is not available. Error: Failed to initialize: Bad git executable.
The git executable must be specified in one of the following ways:
    - be included in your $PATH
    - be set via $GIT_PYTHON_GIT_EXECUTABLE
    - explicitly set via git.refresh(<full-path-to-git-executable>)

All git commands will error until this is rectified.

This initial message can be silenced or aggravated in the future by setting the
$GIT_PYTHON_REFRESH environment variable. Use one of the following values:
    - quiet|q|silence|s|silent|none|n|0: for no message or exception
    - warn|w|warning|log|l|1: for a warning message (logging level CRITICAL, displayed by default)
    - error|e|exception|raise|r|2: for a raised exception

Example:
    export GIT_PYTHON_REFRESH=quiet
[2025-08-07T04:31:18.354+0000] {logging_mixin.py:188} WARNING - 2025/08/07 04:31:18 WARNING mlflow.models.model: `artifact_path` is deprecated. Please use `name` instead.
[2025-08-07T04:31:22.870+0000] {logging_mixin.py:188} WARNING - 2025/08/07 04:31:22 WARNING mlflow.models.model: Model logged without a signature and input example. Please set `input_example` parameter when logging the model to auto infer the model signature.
[2025-08-07T04:31:23.027+0000] {logging_mixin.py:188} WARNING - Registered model 'FraudDetectionModel' already exists. Creating a new version of this model...
[2025-08-07T04:31:23.128+0000] {logging_mixin.py:188} WARNING - 2025/08/07 04:31:23 INFO mlflow.store.model_registry.abstract_store: Waiting up to 300 seconds for model version to finish creation. Model name: FraudDetectionModel, version 2
[2025-08-07T04:31:23.129+0000] {logging_mixin.py:188} WARNING - Created version '2' of model 'FraudDetectionModel'.
[2025-08-07T04:31:23.196+0000] {logging_mixin.py:188} INFO - 🏃 View run rare-squid-730 at: http://mlflow:5000/#/experiments/0/runs/fdff2bfbde9b4663979c812dc5355ef7
[2025-08-07T04:31:23.197+0000] {logging_mixin.py:188} INFO - 🧪 View experiment at: http://mlflow:5000/#/experiments/0
[2025-08-07T04:31:23.215+0000] {logging_mixin.py:188} INFO - ✅ High latency model registered successfully.
[2025-08-07T04:31:23.216+0000] {warnings.py:110} WARNING - /opt/***/dags/test_model_rollback.py:60: FutureWarning: ``mlflow.tracking.client.MlflowClient.get_latest_versions`` is deprecated since 2.9.0. Model registry stages will be removed in a future major release. To learn more about the deprecation of model registry stages, see our migration guide here: https://mlflow.org/docs/latest/model-registry.html#migrating-from-stages
  model_version = client.get_latest_versions(MODEL_NAME, stages=["None"])[-1]

[2025-08-07T04:31:23.247+0000] {warnings.py:110} WARNING - /opt/***/dags/test_model_rollback.py:61: FutureWarning: ``mlflow.tracking.client.MlflowClient.transition_model_version_stage`` is deprecated since 2.9.0. Model registry stages will be removed in a future major release. To learn more about the deprecation of model registry stages, see our migration guide here: https://mlflow.org/docs/latest/model-registry.html#migrating-from-stages
  client.transition_model_version_stage(

[2025-08-07T04:31:23.289+0000] {logging_mixin.py:188} INFO - 🚀 High latency model version 2 deployed to Production!
[2025-08-07T04:31:23.290+0000] {python.py:237} INFO - Done. Returned value was: None
[2025-08-07T04:31:23.291+0000] {taskinstance.py:441} INFO - ::group::Post task execution logs
[2025-08-07T04:31:23.305+0000] {taskinstance.py:1206} INFO - Marking task as SUCCESS. dag_id=register_high_latency_model, task_id=rollback_model, run_id=manual__2025-08-07T04:31:08.649237+00:00, execution_date=20250807T043108, start_date=20250807T043114, end_date=20250807T043123
[2025-08-07T04:31:23.375+0000] {local_task_job_runner.py:240} INFO - Task exited with return code 0
[2025-08-07T04:31:23.395+0000] {taskinstance.py:3498} INFO - 0 downstream tasks scheduled from follow-on schedule check
[2025-08-07T04:31:23.397+0000] {local_task_job_runner.py:222} INFO - ::endgroup::
