{"timestamp":"2025-08-22T20:03:44.183650","level":"info","event":"DAG bundles loaded: dags-folder","logger":"airflow.dag_processing.bundles.manager.DagBundlesManager"}
{"timestamp":"2025-08-22T20:03:44.184682","level":"info","event":"Filling up the DagBag from /opt/airflow/dags/ml_pipeline_dvc_dag.py","logger":"airflow.models.dagbag.DagBag"}
{"timestamp":"2025-08-22T20:03:44.235653","level":"info","event":"Tmp dir root location: /tmp","logger":"airflow.task.hooks.airflow.providers.standard.hooks.subprocess.SubprocessHook"}
{"timestamp":"2025-08-22T20:03:44.236614","level":"info","event":"Running command: ['/usr/bin/bash', '-c', '\\n            cd /opt/airflow/ml_pipeline\\n            dvc pull --force\\n            dvc repro train_outlier\\n            dvc push\\n        ']","logger":"airflow.task.hooks.airflow.providers.standard.hooks.subprocess.SubprocessHook"}
{"timestamp":"2025-08-22T20:03:44.254137","level":"info","event":"Output:","logger":"airflow.task.hooks.airflow.providers.standard.hooks.subprocess.SubprocessHook"}
{"timestamp":"2025-08-22T20:03:48.519128","level":"info","event":"Everything is up to date.","logger":"airflow.task.hooks.airflow.providers.standard.hooks.subprocess.SubprocessHook"}
{"timestamp":"2025-08-22T20:03:52.670283","level":"info","event":"Stage 'ingest' didn't change, skipping","logger":"airflow.task.hooks.airflow.providers.standard.hooks.subprocess.SubprocessHook"}
{"timestamp":"2025-08-22T20:03:52.718885","level":"info","event":"Stage 'preprocess' didn't change, skipping","logger":"airflow.task.hooks.airflow.providers.standard.hooks.subprocess.SubprocessHook"}
{"timestamp":"2025-08-22T20:03:52.799243","level":"info","event":"Running stage 'train_outlier':","logger":"airflow.task.hooks.airflow.providers.standard.hooks.subprocess.SubprocessHook"}
{"timestamp":"2025-08-22T20:03:52.799464","level":"info","event":"> python models/train_outlier_detector_task.py","logger":"airflow.task.hooks.airflow.providers.standard.hooks.subprocess.SubprocessHook"}
{"timestamp":"2025-08-22T20:03:57.427131","level":"info","event":"{\"asctime\": \"2025-08-22 20:03:57,426\", \"levelname\": \"INFO\", \"name\": \"model_training\", \"trace_id\": null, \"span_id\": null, \"message\": \"Anomaly threshold is set to be -0.4708441157115287 according to the model.\"}","logger":"airflow.task.hooks.airflow.providers.standard.hooks.subprocess.SubprocessHook"}
{"timestamp":"2025-08-22T20:03:58.064890","level":"info","event":"{\"asctime\": \"2025-08-22 20:03:58,064\", \"levelname\": \"INFO\", \"name\": \"model_training\", \"trace_id\": null, \"span_id\": null, \"message\": \"MLflow run id: bddcd71fc36b4793b3ff56dec05840eb\"}","logger":"airflow.task.hooks.airflow.providers.standard.hooks.subprocess.SubprocessHook"}
{"timestamp":"2025-08-22T20:03:58.615135","level":"info","event":"🏃 View run train_v20250821_170631 at: http://mlflow:5000/#/experiments/1/runs/bddcd71fc36b4793b3ff56dec05840eb","logger":"airflow.task.hooks.airflow.providers.standard.hooks.subprocess.SubprocessHook"}
{"timestamp":"2025-08-22T20:03:58.615431","level":"info","event":"🧪 View experiment at: http://mlflow:5000/#/experiments/1","logger":"airflow.task.hooks.airflow.providers.standard.hooks.subprocess.SubprocessHook"}
{"timestamp":"2025-08-22T20:03:58.615571","level":"info","event":"Traceback (most recent call last):","logger":"airflow.task.hooks.airflow.providers.standard.hooks.subprocess.SubprocessHook"}
{"timestamp":"2025-08-22T20:03:58.615679","level":"info","event":"  File \"/opt/airflow/ml_pipeline/models/train_outlier_detector_task.py\", line 153, in <module>","logger":"airflow.task.hooks.airflow.providers.standard.hooks.subprocess.SubprocessHook"}
{"timestamp":"2025-08-22T20:03:58.616523","level":"info","event":"    train_register_outlier_detector()","logger":"airflow.task.hooks.airflow.providers.standard.hooks.subprocess.SubprocessHook"}
{"timestamp":"2025-08-22T20:03:58.616636","level":"info","event":"  File \"/opt/airflow/ml_pipeline/models/train_outlier_detector_task.py\", line 109, in train_register_outlier_detector","logger":"airflow.task.hooks.airflow.providers.standard.hooks.subprocess.SubprocessHook"}
{"timestamp":"2025-08-22T20:03:58.617399","level":"info","event":"    mlflow.log_param(params)","logger":"airflow.task.hooks.airflow.providers.standard.hooks.subprocess.SubprocessHook"}
{"timestamp":"2025-08-22T20:03:58.617554","level":"info","event":"TypeError: log_param() missing 1 required positional argument: 'value'","logger":"airflow.task.hooks.airflow.providers.standard.hooks.subprocess.SubprocessHook"}
{"timestamp":"2025-08-22T20:03:59.233524","level":"info","event":"ERROR: failed to reproduce 'train_outlier': failed to run: python models/train_outlier_detector_task.py, exited with 1","logger":"airflow.task.hooks.airflow.providers.standard.hooks.subprocess.SubprocessHook"}
{"timestamp":"2025-08-22T20:04:04.307630","level":"info","event":"Everything is up to date.","logger":"airflow.task.hooks.airflow.providers.standard.hooks.subprocess.SubprocessHook"}
{"timestamp":"2025-08-22T20:04:04.955883","level":"info","event":"Command exited with return code 0","logger":"airflow.task.hooks.airflow.providers.standard.hooks.subprocess.SubprocessHook"}
{"timestamp":"2025-08-22T20:04:04.957215","level":"info","event":"Pushing xcom","ti":"RuntimeTaskInstance(id=UUID('0198d360-d0dd-7dc9-9443-823e372edefd'), task_id='train_outlier_detector_dvc', dag_id='ml_pipeline_dvc', run_id='manual__2025-08-22T20:03:14.239941+00:00', try_number=1, map_index=-1, hostname='d80daa12ecb0', context_carrier={}, task=<Task(BashOperator): train_outlier_detector_dvc>, bundle_instance=LocalDagBundle(name=dags-folder), max_tries=0, start_date=datetime.datetime(2025, 8, 22, 20, 3, 44, 121422, tzinfo=datetime.timezone.utc), end_date=None, state=<TaskInstanceState.RUNNING: 'running'>, is_mapped=False, rendered_map_index=None, log_url='http://localhost:8080/dags/ml_pipeline_dvc/runs/manual__2025-08-22T20%3A03%3A14.239941%2B00%3A00/tasks/train_outlier_detector_dvc?try_number=1')","logger":"task"}
