[2025-08-12T18:31:35.652+0000] {local_task_job_runner.py:120} INFO - ::group::Pre task execution logs
[2025-08-12T18:31:35.779+0000] {taskinstance.py:2076} INFO - Dependencies all met for dep_context=non-requeueable deps ti=<TaskInstance: ml_pipeline_dvc.setup_dvc_remote manual__2025-08-12T18:31:32.153445+00:00 [queued]>
[2025-08-12T18:31:35.827+0000] {taskinstance.py:2076} INFO - Dependencies all met for dep_context=requeueable deps ti=<TaskInstance: ml_pipeline_dvc.setup_dvc_remote manual__2025-08-12T18:31:32.153445+00:00 [queued]>
[2025-08-12T18:31:35.829+0000] {taskinstance.py:2306} INFO - Starting attempt 1 of 2
[2025-08-12T18:31:35.921+0000] {taskinstance.py:2330} INFO - Executing <Task(BashOperator): setup_dvc_remote> on 2025-08-12 18:31:32.153445+00:00
[2025-08-12T18:31:35.953+0000] {warnings.py:110} WARNING - /home/***/.local/lib/python3.12/site-packages/***/task/task_runner/standard_task_runner.py:61: DeprecationWarning: This process (pid=4154) is multi-threaded, use of fork() may lead to deadlocks in the child.
  pid = os.fork()

[2025-08-12T18:31:35.960+0000] {standard_task_runner.py:63} INFO - Started process 4155 to run task
[2025-08-12T18:31:35.956+0000] {standard_task_runner.py:90} INFO - Running: ['***', 'tasks', 'run', 'ml_pipeline_dvc', 'setup_dvc_remote', 'manual__2025-08-12T18:31:32.153445+00:00', '--job-id', '140', '--raw', '--subdir', 'DAGS_FOLDER/train_pipeline_dag.py', '--cfg-path', '/tmp/tmp8l2djdcu']
[2025-08-12T18:31:35.968+0000] {standard_task_runner.py:91} INFO - Job 140: Subtask setup_dvc_remote
[2025-08-12T18:31:36.216+0000] {task_command.py:426} INFO - Running <TaskInstance: ml_pipeline_dvc.setup_dvc_remote manual__2025-08-12T18:31:32.153445+00:00 [running]> on host 08abdf02b345
[2025-08-12T18:31:36.457+0000] {taskinstance.py:2648} INFO - Exporting env vars: AIRFLOW_CTX_DAG_OWNER='yas' AIRFLOW_CTX_DAG_ID='ml_pipeline_dvc' AIRFLOW_CTX_TASK_ID='setup_dvc_remote' AIRFLOW_CTX_EXECUTION_DATE='2025-08-12T18:31:32.153445+00:00' AIRFLOW_CTX_TRY_NUMBER='1' AIRFLOW_CTX_DAG_RUN_ID='manual__2025-08-12T18:31:32.153445+00:00'
[2025-08-12T18:31:36.459+0000] {taskinstance.py:430} INFO - ::endgroup::
[2025-08-12T18:31:36.529+0000] {subprocess.py:63} INFO - Tmp dir root location: /tmp
[2025-08-12T18:31:36.535+0000] {subprocess.py:75} INFO - Running command: ['/usr/bin/bash', '-c', '\n        cd /opt/***/ml_pipeline\n        export AWS_ACCESS_KEY_ID=minioadmin\n        export AWS_SECRET_ACCESS_KEY=minioadmin\n        export AWS_ENDPOINT_URL=http://minio:9000\n        dvc remote remove minio\n        dvc remote add -d minio s3://mlflow-artifacts\n        dvc remote modify minio endpointurl http://minio:9000\n        dvc remote modify minio access_key_id minioadmin\n        dvc remote modify minio secret_access_key minioadmin\n        dvc remote modify minio use_ssl false\n        ls -l .dvc/\n        dvc push --verbose\n        dvc repro preprocess\n        ']
[2025-08-12T18:31:36.574+0000] {subprocess.py:86} INFO - Output:
[2025-08-12T18:31:39.074+0000] {subprocess.py:93} INFO - ERROR: configuration error - config file error: expected 'url' for dictionary value @ data['remote']['minio']
[2025-08-12T18:31:41.286+0000] {subprocess.py:93} INFO - Setting 'minio' as a default remote.
[2025-08-12T18:31:49.742+0000] {subprocess.py:93} INFO - total 8
[2025-08-12T18:31:49.744+0000] {subprocess.py:93} INFO - drwxr-xr-x 10 default root 320 Aug  5 20:10 cache
[2025-08-12T18:31:49.745+0000] {subprocess.py:93} INFO - -rw-r--r--  1 default root 199 Aug 12 18:31 config
[2025-08-12T18:31:49.745+0000] {subprocess.py:93} INFO - -rw-r--r--  1 default root  86 Aug 12 17:15 config.local
[2025-08-12T18:31:49.746+0000] {subprocess.py:93} INFO - drwxr-xr-x  8 default root 256 Aug 11 22:52 tmp
[2025-08-12T18:31:50.390+0000] {subprocess.py:93} INFO - 2025-08-12 18:31:50,389 DEBUG: v3.61.0 (pip), CPython 3.12.3 on Linux-6.6.31-linuxkit-x86_64-with-glibc2.36
[2025-08-12T18:31:50.391+0000] {subprocess.py:93} INFO - 2025-08-12 18:31:50,390 DEBUG: command: /home/***/.local/bin/dvc push --verbose
[2025-08-12T18:31:51.789+0000] {subprocess.py:93} INFO - 2025-08-12 18:31:51,788 DEBUG: Lockfile 'dvc.lock' needs to be updated.
[2025-08-12T18:31:52.617+0000] {subprocess.py:93} INFO - Everything is up to date.
[2025-08-12T18:31:52.621+0000] {subprocess.py:93} INFO - 2025-08-12 18:31:52,620 DEBUG: Analytics is enabled.
[2025-08-12T18:31:52.678+0000] {subprocess.py:93} INFO - 2025-08-12 18:31:52,678 DEBUG: Trying to spawn ['daemon', 'analytics', '/tmp/tmpy4c5aate', '-v']
[2025-08-12T18:31:52.685+0000] {subprocess.py:93} INFO - 2025-08-12 18:31:52,684 DEBUG: Spawned ['daemon', 'analytics', '/tmp/tmpy4c5aate', '-v'] with pid 4283
[2025-08-12T18:31:57.933+0000] {subprocess.py:93} INFO - ERROR: failed to reproduce 'preprocess':
[2025-08-12T18:31:58.611+0000] {subprocess.py:97} INFO - Command exited with return code 255
[2025-08-12T18:31:58.614+0000] {taskinstance.py:441} INFO - ::group::Post task execution logs
[2025-08-12T18:31:58.632+0000] {taskinstance.py:2905} ERROR - Task failed with exception
Traceback (most recent call last):
  File "/home/airflow/.local/lib/python3.12/site-packages/airflow/models/taskinstance.py", line 465, in _execute_task
    result = _execute_callable(context=context, **execute_callable_kwargs)
             ^^^^^^^^^^^^^^^^^^^^^^^^^^^^^^^^^^^^^^^^^^^^^^^^^^^^^^^^^^^^^
  File "/home/airflow/.local/lib/python3.12/site-packages/airflow/models/taskinstance.py", line 432, in _execute_callable
    return execute_callable(context=context, **execute_callable_kwargs)
           ^^^^^^^^^^^^^^^^^^^^^^^^^^^^^^^^^^^^^^^^^^^^^^^^^^^^^^^^^^^^
  File "/home/airflow/.local/lib/python3.12/site-packages/airflow/models/baseoperator.py", line 400, in wrapper
    return func(self, *args, **kwargs)
           ^^^^^^^^^^^^^^^^^^^^^^^^^^^
  File "/home/airflow/.local/lib/python3.12/site-packages/airflow/operators/bash.py", line 243, in execute
    raise AirflowException(
airflow.exceptions.AirflowException: Bash command failed. The command returned a non-zero exit code 255.
[2025-08-12T18:31:58.642+0000] {taskinstance.py:1206} INFO - Marking task as UP_FOR_RETRY. dag_id=ml_pipeline_dvc, task_id=setup_dvc_remote, run_id=manual__2025-08-12T18:31:32.153445+00:00, execution_date=20250812T183132, start_date=20250812T183135, end_date=20250812T183158
[2025-08-12T18:31:58.665+0000] {standard_task_runner.py:110} ERROR - Failed to execute job 140 for task setup_dvc_remote (Bash command failed. The command returned a non-zero exit code 255.; 4155)
[2025-08-12T18:31:58.706+0000] {local_task_job_runner.py:240} INFO - Task exited with return code 1
[2025-08-12T18:31:58.737+0000] {taskinstance.py:3498} INFO - 0 downstream tasks scheduled from follow-on schedule check
[2025-08-12T18:31:58.739+0000] {local_task_job_runner.py:222} INFO - ::endgroup::
