{"timestamp":"2025-08-22T04:09:04.109318","level":"info","event":"DAG bundles loaded: dags-folder","logger":"airflow.dag_processing.bundles.manager.DagBundlesManager"}
{"timestamp":"2025-08-22T04:09:04.113262","level":"info","event":"Filling up the DagBag from /opt/airflow/dags/test_model_rollback.py","logger":"airflow.models.dagbag.DagBag"}
{"timestamp":"2025-08-22T04:09:11.727542","level":"info","event":"Found credentials in environment variables.","logger":"botocore.credentials"}
{"timestamp":"2025-08-22T04:09:13.460818","level":"info","event":"Found endpoint for s3 via: environment_global.","logger":"botocore.configprovider"}
{"timestamp":"2025-08-22T04:09:14.288775Z","level":"error","event":"\rDownloading artifacts:   0%|          | 0/7 [00:00<?, ?it/s]\rDownloading artifacts:  14%|â–ˆâ–        | 1/7 [00:00<00:00, 1394.85it/s]\rDownloading artifacts:  29%|â–ˆâ–ˆâ–Š       | 2/7 [00:00<00:00, 1805.55it/s]\rDownloading artifacts:  43%|â–ˆâ–ˆâ–ˆâ–ˆâ–Ž     | 3/7 [00:00<00:00, 2124.42it/s]\rDownloading artifacts:  57%|â–ˆâ–ˆâ–ˆâ–ˆâ–ˆâ–‹    | 4/7 [00:00<00:00, 2378.06it/s]\rDownloading artifacts:  71%|â–ˆâ–ˆâ–ˆâ–ˆâ–ˆâ–ˆâ–ˆâ–  | 5/7 [00:00<00:00, 2723.93it/s]\rDownloading artifacts:  86%|â–ˆâ–ˆâ–ˆâ–ˆâ–ˆâ–ˆâ–ˆâ–ˆâ–Œ | 6/7 [00:00<00:00, 2928.98it/s]\rDownloading artifacts: 100%|â–ˆâ–ˆâ–ˆâ–ˆâ–ˆâ–ˆâ–ˆâ–ˆâ–ˆâ–ˆ| 7/7 [00:00<00:00, 3224.62it/s]\rDownloading artifacts: 100%|â–ˆâ–ˆâ–ˆâ–ˆâ–ˆâ–ˆâ–ˆâ–ˆâ–ˆâ–ˆ| 7/7 [00:00<00:00, 2843.60it/s]","chan":"stderr","logger":"task"}
{"timestamp":"2025-08-22T04:09:15.072266Z","level":"error","event":"2025/08/22 04:09:15 WARNING mlflow.models.model: `artifact_path` is deprecated. Please use `name` instead.","chan":"stderr","logger":"task"}
{"timestamp":"2025-08-22T04:09:29.342052Z","level":"error","event":"\u001b[31m2025/08/22 04:09:29 WARNING mlflow.models.model: Model logged without a signature and input example. Please set `input_example` parameter when logging the model to auto infer the model signature.\u001b[0m","chan":"stderr","logger":"task"}
{"timestamp":"2025-08-22T04:09:30.203131Z","level":"error","event":"Registered model 'FraudDetectionModel' already exists. Creating a new version of this model...","chan":"stderr","logger":"task"}
{"timestamp":"2025-08-22T04:09:31.129410Z","level":"error","event":"2025/08/22 04:09:31 INFO mlflow.store.model_registry.abstract_store: Waiting up to 300 seconds for model version to finish creation. Model name: FraudDetectionModel, version 3","chan":"stderr","logger":"task"}
{"timestamp":"2025-08-22T04:09:31.131775Z","level":"error","event":"Created version '3' of model 'FraudDetectionModel'.","chan":"stderr","logger":"task"}
{"timestamp":"2025-08-22T04:09:31.274489Z","level":"info","event":"âœ… Delayed model logged and registered!","chan":"stdout","logger":"task"}
{"timestamp":"2025-08-22T04:09:33.814387Z","level":"info","event":"ðŸƒ View run auspicious-fowl-543 at: http://mlflow:5000/#/experiments/2/runs/4a851af89ce34ef2a9f312ed35d88432","chan":"stdout","logger":"task"}
{"timestamp":"2025-08-22T04:09:33.817368Z","level":"info","event":"ðŸ§ª View experiment at: http://mlflow:5000/#/experiments/2","chan":"stdout","logger":"task"}
{"timestamp":"2025-08-22T04:09:33.915102Z","level":"error","event":"/opt/airflow/dags/test_model_rollback.py:58: FutureWarning: ``mlflow.tracking.client.MlflowClient.get_latest_versions`` is deprecated since 2.9.0. Model registry stages will be removed in a future major release. To learn more about the deprecation of model registry stages, see our migration guide here: https://mlflow.org/docs/latest/model-registry.html#migrating-from-stages","chan":"stderr","logger":"task"}
{"timestamp":"2025-08-22T04:09:33.916809Z","level":"error","event":"  latest_version = client.get_latest_versions(MODEL_NAME, stages=[\"None\"])[-1]","chan":"stderr","logger":"task"}
{"timestamp":"2025-08-22T04:09:39.980483Z","level":"error","event":"/opt/airflow/dags/test_model_rollback.py:59: FutureWarning: ``mlflow.tracking.client.MlflowClient.transition_model_version_stage`` is deprecated since 2.9.0. Model registry stages will be removed in a future major release. To learn more about the deprecation of model registry stages, see our migration guide here: https://mlflow.org/docs/latest/model-registry.html#migrating-from-stages","chan":"stderr","logger":"task"}
{"timestamp":"2025-08-22T04:09:39.984908Z","level":"error","event":"  client.transition_model_version_stage(","chan":"stderr","logger":"task"}
{"timestamp":"2025-08-22T04:09:39.986707Z","level":"info","event":"ðŸš€ Model version 3 transitioned to 'Production'","chan":"stdout","logger":"task"}
{"timestamp":"2025-08-22T04:09:39.988376Z","level":"info","event":"âœ… Model registration and promotion complete.","chan":"stdout","logger":"task"}
{"timestamp":"2025-08-22T04:09:39.991140Z","level":"info","event":"âœ… High latency model registered successfully and is in production stage.","chan":"stdout","logger":"task"}
{"timestamp":"2025-08-22T04:09:34.344055","level":"info","event":"Done. Returned value was: None","logger":"airflow.task.operators.airflow.providers.standard.operators.python.PythonOperator"}
