[2025-08-11T20:26:44.943+0000] {local_task_job_runner.py:120} INFO - ::group::Pre task execution logs
[2025-08-11T20:26:44.985+0000] {taskinstance.py:2076} INFO - Dependencies all met for dep_context=non-requeueable deps ti=<TaskInstance: ml_pipeline_dvc.train_outlier manual__2025-08-11T20:26:26.887444+00:00 [queued]>
[2025-08-11T20:26:44.995+0000] {taskinstance.py:2076} INFO - Dependencies all met for dep_context=requeueable deps ti=<TaskInstance: ml_pipeline_dvc.train_outlier manual__2025-08-11T20:26:26.887444+00:00 [queued]>
[2025-08-11T20:26:44.996+0000] {taskinstance.py:2306} INFO - Starting attempt 1 of 2
[2025-08-11T20:26:45.014+0000] {taskinstance.py:2330} INFO - Executing <Task(BashOperator): train_outlier> on 2025-08-11 20:26:26.887444+00:00
[2025-08-11T20:26:45.023+0000] {warnings.py:110} WARNING - /home/***/.local/lib/python3.12/site-packages/***/task/task_runner/standard_task_runner.py:61: DeprecationWarning: This process (pid=112) is multi-threaded, use of fork() may lead to deadlocks in the child.
  pid = os.fork()

[2025-08-11T20:26:45.026+0000] {standard_task_runner.py:63} INFO - Started process 113 to run task
[2025-08-11T20:26:45.025+0000] {standard_task_runner.py:90} INFO - Running: ['***', 'tasks', 'run', 'ml_pipeline_dvc', 'train_outlier', 'manual__2025-08-11T20:26:26.887444+00:00', '--job-id', '72', '--raw', '--subdir', 'DAGS_FOLDER/train_pipeline_dag.py', '--cfg-path', '/tmp/tmpqnzbc7gq']
[2025-08-11T20:26:45.027+0000] {standard_task_runner.py:91} INFO - Job 72: Subtask train_outlier
[2025-08-11T20:26:45.090+0000] {task_command.py:426} INFO - Running <TaskInstance: ml_pipeline_dvc.train_outlier manual__2025-08-11T20:26:26.887444+00:00 [running]> on host 217f54bcc495
[2025-08-11T20:26:45.218+0000] {taskinstance.py:2648} INFO - Exporting env vars: AIRFLOW_CTX_DAG_OWNER='yas' AIRFLOW_CTX_DAG_ID='ml_pipeline_dvc' AIRFLOW_CTX_TASK_ID='train_outlier' AIRFLOW_CTX_EXECUTION_DATE='2025-08-11T20:26:26.887444+00:00' AIRFLOW_CTX_TRY_NUMBER='1' AIRFLOW_CTX_DAG_RUN_ID='manual__2025-08-11T20:26:26.887444+00:00'
[2025-08-11T20:26:45.220+0000] {taskinstance.py:430} INFO - ::endgroup::
[2025-08-11T20:26:45.241+0000] {subprocess.py:63} INFO - Tmp dir root location: /tmp
[2025-08-11T20:26:45.242+0000] {subprocess.py:75} INFO - Running command: ['/usr/bin/bash', '-c', 'cd /opt/***/ml_pipeline && dvc repro train_outlier']
[2025-08-11T20:26:45.254+0000] {subprocess.py:86} INFO - Output:
[2025-08-11T20:26:46.515+0000] {subprocess.py:93} INFO - ERROR: Stage 'train_outlier' not found inside 'dvc.yaml' file
[2025-08-11T20:26:46.978+0000] {subprocess.py:97} INFO - Command exited with return code 255
[2025-08-11T20:26:46.980+0000] {taskinstance.py:441} INFO - ::group::Post task execution logs
[2025-08-11T20:26:47.001+0000] {taskinstance.py:2905} ERROR - Task failed with exception
Traceback (most recent call last):
  File "/home/airflow/.local/lib/python3.12/site-packages/airflow/models/taskinstance.py", line 465, in _execute_task
    result = _execute_callable(context=context, **execute_callable_kwargs)
             ^^^^^^^^^^^^^^^^^^^^^^^^^^^^^^^^^^^^^^^^^^^^^^^^^^^^^^^^^^^^^
  File "/home/airflow/.local/lib/python3.12/site-packages/airflow/models/taskinstance.py", line 432, in _execute_callable
    return execute_callable(context=context, **execute_callable_kwargs)
           ^^^^^^^^^^^^^^^^^^^^^^^^^^^^^^^^^^^^^^^^^^^^^^^^^^^^^^^^^^^^
  File "/home/airflow/.local/lib/python3.12/site-packages/airflow/models/baseoperator.py", line 400, in wrapper
    return func(self, *args, **kwargs)
           ^^^^^^^^^^^^^^^^^^^^^^^^^^^
  File "/home/airflow/.local/lib/python3.12/site-packages/airflow/operators/bash.py", line 243, in execute
    raise AirflowException(
airflow.exceptions.AirflowException: Bash command failed. The command returned a non-zero exit code 255.
[2025-08-11T20:26:47.022+0000] {taskinstance.py:1206} INFO - Marking task as UP_FOR_RETRY. dag_id=ml_pipeline_dvc, task_id=train_outlier, run_id=manual__2025-08-11T20:26:26.887444+00:00, execution_date=20250811T202626, start_date=20250811T202644, end_date=20250811T202647
[2025-08-11T20:26:47.066+0000] {standard_task_runner.py:110} ERROR - Failed to execute job 72 for task train_outlier (Bash command failed. The command returned a non-zero exit code 255.; 113)
[2025-08-11T20:26:47.096+0000] {local_task_job_runner.py:240} INFO - Task exited with return code 1
[2025-08-11T20:26:47.147+0000] {taskinstance.py:3498} INFO - 0 downstream tasks scheduled from follow-on schedule check
[2025-08-11T20:26:47.150+0000] {local_task_job_runner.py:222} INFO - ::endgroup::
