[2025-08-17T19:10:29.228+0000] {local_task_job_runner.py:120} INFO - ::group::Pre task execution logs
[2025-08-17T19:10:29.270+0000] {taskinstance.py:2076} INFO - Dependencies all met for dep_context=non-requeueable deps ti=<TaskInstance: ml_pipeline_dvc.train_fraud_detector_dvc manual__2025-08-17T19:09:25.762399+00:00 [queued]>
[2025-08-17T19:10:29.288+0000] {taskinstance.py:2076} INFO - Dependencies all met for dep_context=requeueable deps ti=<TaskInstance: ml_pipeline_dvc.train_fraud_detector_dvc manual__2025-08-17T19:09:25.762399+00:00 [queued]>
[2025-08-17T19:10:29.289+0000] {taskinstance.py:2306} INFO - Starting attempt 1 of 1
[2025-08-17T19:10:29.315+0000] {taskinstance.py:2330} INFO - Executing <Task(BashOperator): train_fraud_detector_dvc> on 2025-08-17 19:09:25.762399+00:00
[2025-08-17T19:10:29.325+0000] {warnings.py:110} WARNING - /home/***/.local/lib/python3.12/site-packages/***/task/task_runner/standard_task_runner.py:61: DeprecationWarning: This process (pid=4848) is multi-threaded, use of fork() may lead to deadlocks in the child.
  pid = os.fork()

[2025-08-17T19:10:29.328+0000] {standard_task_runner.py:63} INFO - Started process 4849 to run task
[2025-08-17T19:10:29.328+0000] {standard_task_runner.py:90} INFO - Running: ['***', 'tasks', 'run', 'ml_pipeline_dvc', 'train_fraud_detector_dvc', 'manual__2025-08-17T19:09:25.762399+00:00', '--job-id', '339', '--raw', '--subdir', 'DAGS_FOLDER/train_pipeline_dag.py', '--cfg-path', '/tmp/tmpqkbm094q']
[2025-08-17T19:10:29.330+0000] {standard_task_runner.py:91} INFO - Job 339: Subtask train_fraud_detector_dvc
[2025-08-17T19:10:29.410+0000] {task_command.py:426} INFO - Running <TaskInstance: ml_pipeline_dvc.train_fraud_detector_dvc manual__2025-08-17T19:09:25.762399+00:00 [running]> on host bea494a05fb4
[2025-08-17T19:10:29.578+0000] {taskinstance.py:2648} INFO - Exporting env vars: AIRFLOW_CTX_DAG_OWNER='yas' AIRFLOW_CTX_DAG_ID='ml_pipeline_dvc' AIRFLOW_CTX_TASK_ID='train_fraud_detector_dvc' AIRFLOW_CTX_EXECUTION_DATE='2025-08-17T19:09:25.762399+00:00' AIRFLOW_CTX_TRY_NUMBER='1' AIRFLOW_CTX_DAG_RUN_ID='manual__2025-08-17T19:09:25.762399+00:00'
[2025-08-17T19:10:29.580+0000] {taskinstance.py:430} INFO - ::endgroup::
[2025-08-17T19:10:29.607+0000] {subprocess.py:63} INFO - Tmp dir root location: /tmp
[2025-08-17T19:10:29.609+0000] {subprocess.py:75} INFO - Running command: ['/usr/bin/bash', '-c', '\n            cd /opt/***/ml_pipeline\n            dvc pull --force\n            dvc repro train_model\n            dvc push\n        ']
[2025-08-17T19:10:29.623+0000] {subprocess.py:86} INFO - Output:
[2025-08-17T19:10:33.576+0000] {subprocess.py:93} INFO - Everything is up to date.
[2025-08-17T19:10:38.117+0000] {subprocess.py:93} INFO - Stage 'ingest' didn't change, skipping
[2025-08-17T19:10:38.178+0000] {subprocess.py:93} INFO - Stage 'preprocess' didn't change, skipping
[2025-08-17T19:10:38.262+0000] {subprocess.py:93} INFO - Running stage 'train_model':
[2025-08-17T19:10:38.263+0000] {subprocess.py:93} INFO - > python models/train_fraud_detector_task.py
[2025-08-17T19:10:44.105+0000] {subprocess.py:93} INFO - {"asctime": "2025-08-17 19:10:44,027", "levelname": "INFO", "name": "model_training", "trace_id": null, "span_id": null, "message": "MLflow run id: dc864f77ac2245beb15449bee6ae3aa6"}
[2025-08-17T19:10:44.209+0000] {subprocess.py:93} INFO - {"asctime": "2025-08-17 19:10:44,208", "levelname": "INFO", "name": "model_training", "trace_id": null, "span_id": null, "message": "Loading preprocessor from artifacts/preprocess/fraud_pipeline_v20250817_175136.pkl to process raw data"}
[2025-08-17T19:10:44.252+0000] {subprocess.py:93} INFO - {"asctime": "2025-08-17 19:10:44,252", "levelname": "INFO", "name": "model_training", "trace_id": null, "span_id": null, "message": "Preprocessing/transform applied to raw data."}
[2025-08-17T19:10:44.360+0000] {subprocess.py:93} INFO - {"asctime": "2025-08-17 19:10:44,355", "levelname": "INFO", "name": "model_training", "trace_id": null, "span_id": null, "message": "Evaluation metrics: {'accuracy': 0.998, 'f1_score': 0.9655172413793104, 'precision': 1.0, 'recall': 0.9333333333333333, 'auc': 0.9999312714776633}"}
[2025-08-17T19:11:08.197+0000] {subprocess.py:93} INFO - Registered model 'FraudDetectionModel' already exists. Creating a new version of this model...
[2025-08-17T19:11:08.577+0000] {subprocess.py:93} INFO - 2025/08/17 19:11:08 INFO mlflow.store.model_registry.abstract_store: Waiting up to 300 seconds for model version to finish creation. Model name: FraudDetectionModel, version 2
[2025-08-17T19:11:08.578+0000] {subprocess.py:93} INFO - Created version '2' of model 'FraudDetectionModel'.
[2025-08-17T19:11:08.623+0000] {subprocess.py:93} INFO - {"asctime": "2025-08-17 19:11:08,623", "levelname": "INFO", "name": "model_training", "trace_id": null, "span_id": null, "message": "Model pipeline logged to MLflow (artifact_path='model')"}
[2025-08-17T19:11:08.661+0000] {subprocess.py:93} INFO - /opt/***/ml_pipeline/models/train_fraud_detector_task.py:217: FutureWarning: ``mlflow.tracking.client.MlflowClient.transition_model_version_stage`` is deprecated since 2.9.0. Model registry stages will be removed in a future major release. To learn more about the deprecation of model registry stages, see our migration guide here: https://mlflow.org/docs/latest/model-registry.html#migrating-from-stages
[2025-08-17T19:11:08.662+0000] {subprocess.py:93} INFO -   client.transition_model_version_stage(
[2025-08-17T19:11:08.744+0000] {subprocess.py:93} INFO - {"asctime": "2025-08-17 19:11:08,744", "levelname": "INFO", "name": "model_training", "trace_id": null, "span_id": null, "message": "Model registered and transitioned to 'Production' (version 2)"}
[2025-08-17T19:11:08.745+0000] {subprocess.py:93} INFO - {"asctime": "2025-08-17 19:11:08,744", "levelname": "INFO", "name": "model_training", "trace_id": null, "span_id": null, "message": "\u2705 Training & registration complete."}
[2025-08-17T19:11:08.788+0000] {subprocess.py:93} INFO - 🏃 View run train_v20250817_175136 at: http://mlflow:5000/#/experiments/2/runs/dc864f77ac2245beb15449bee6ae3aa6
[2025-08-17T19:11:08.789+0000] {subprocess.py:93} INFO - 🧪 View experiment at: http://mlflow:5000/#/experiments/2
[2025-08-17T19:11:09.555+0000] {subprocess.py:93} INFO - Updating lock file 'dvc.lock'
[2025-08-17T19:11:09.577+0000] {subprocess.py:93} INFO - 
[2025-08-17T19:11:09.578+0000] {subprocess.py:93} INFO - To track the changes with git, run:
[2025-08-17T19:11:09.579+0000] {subprocess.py:93} INFO - 
[2025-08-17T19:11:09.580+0000] {subprocess.py:93} INFO - 	git add dvc.lock
[2025-08-17T19:11:09.581+0000] {subprocess.py:93} INFO - 
[2025-08-17T19:11:09.582+0000] {subprocess.py:93} INFO - To enable auto staging, run:
[2025-08-17T19:11:09.583+0000] {subprocess.py:93} INFO - 
[2025-08-17T19:11:09.584+0000] {subprocess.py:93} INFO - 	dvc config core.autostage true
[2025-08-17T19:11:09.586+0000] {subprocess.py:93} INFO - Use `dvc push` to send your updates to remote storage.
[2025-08-17T19:11:15.913+0000] {subprocess.py:93} INFO - 2 files pushed
[2025-08-17T19:11:16.887+0000] {subprocess.py:97} INFO - Command exited with return code 0
[2025-08-17T19:11:16.893+0000] {taskinstance.py:441} INFO - ::group::Post task execution logs
[2025-08-17T19:11:16.984+0000] {taskinstance.py:1206} INFO - Marking task as SUCCESS. dag_id=ml_pipeline_dvc, task_id=train_fraud_detector_dvc, run_id=manual__2025-08-17T19:09:25.762399+00:00, execution_date=20250817T190925, start_date=20250817T191029, end_date=20250817T191116
[2025-08-17T19:11:17.108+0000] {local_task_job_runner.py:240} INFO - Task exited with return code 0
[2025-08-17T19:11:17.161+0000] {taskinstance.py:3498} INFO - 0 downstream tasks scheduled from follow-on schedule check
[2025-08-17T19:11:17.164+0000] {local_task_job_runner.py:222} INFO - ::endgroup::
