[2025-08-11T03:18:55.762+0000] {local_task_job_runner.py:120} INFO - ::group::Pre task execution logs
[2025-08-11T03:18:55.800+0000] {taskinstance.py:2076} INFO - Dependencies all met for dep_context=non-requeueable deps ti=<TaskInstance: etl.etl_task manual__2025-08-11T03:18:49.488681+00:00 [queued]>
[2025-08-11T03:18:55.811+0000] {taskinstance.py:2076} INFO - Dependencies all met for dep_context=requeueable deps ti=<TaskInstance: etl.etl_task manual__2025-08-11T03:18:49.488681+00:00 [queued]>
[2025-08-11T03:18:55.812+0000] {taskinstance.py:2306} INFO - Starting attempt 1 of 1
[2025-08-11T03:18:55.831+0000] {taskinstance.py:2330} INFO - Executing <Task(PythonOperator): etl_task> on 2025-08-11 03:18:49.488681+00:00
[2025-08-11T03:18:55.844+0000] {warnings.py:110} WARNING - /home/***/.local/lib/python3.12/site-packages/***/task/task_runner/standard_task_runner.py:61: DeprecationWarning: This process (pid=86) is multi-threaded, use of fork() may lead to deadlocks in the child.
  pid = os.fork()

[2025-08-11T03:18:55.848+0000] {standard_task_runner.py:63} INFO - Started process 95 to run task
[2025-08-11T03:18:55.847+0000] {standard_task_runner.py:90} INFO - Running: ['***', 'tasks', 'run', 'etl', 'etl_task', 'manual__2025-08-11T03:18:49.488681+00:00', '--job-id', '36', '--raw', '--subdir', 'DAGS_FOLDER/etl_pipeline.py', '--cfg-path', '/tmp/tmp_f4au1o5']
[2025-08-11T03:18:55.853+0000] {standard_task_runner.py:91} INFO - Job 36: Subtask etl_task
[2025-08-11T03:18:55.975+0000] {task_command.py:426} INFO - Running <TaskInstance: etl.etl_task manual__2025-08-11T03:18:49.488681+00:00 [running]> on host ae882743763c
[2025-08-11T03:18:56.176+0000] {taskinstance.py:2648} INFO - Exporting env vars: AIRFLOW_CTX_DAG_OWNER='***' AIRFLOW_CTX_DAG_ID='etl' AIRFLOW_CTX_TASK_ID='etl_task' AIRFLOW_CTX_EXECUTION_DATE='2025-08-11T03:18:49.488681+00:00' AIRFLOW_CTX_TRY_NUMBER='1' AIRFLOW_CTX_DAG_RUN_ID='manual__2025-08-11T03:18:49.488681+00:00'
[2025-08-11T03:18:56.179+0000] {taskinstance.py:430} INFO - ::endgroup::
[2025-08-11T03:18:56.406+0000] {log.py:232} WARNING - {"asctime": "2025-08-11 03:18:56,346", "levelname": "INFO", "name": "model_training", "trace_id": null, "span_id": null, "message": "Simulated data generated."}
[2025-08-11T03:18:56.346+0000] {etl_task.py:99} INFO - Simulated data generated.
[2025-08-11T03:18:56.587+0000] {log.py:232} WARNING - {"asctime": "2025-08-11 03:18:56,587", "levelname": "INFO", "name": "model_training", "trace_id": null, "span_id": null, "message": "Simulated data saved at s3://mlflow-artifacts/data/raw/fraud_data_v20250811_031856.csv."}
[2025-08-11T03:18:56.587+0000] {etl_task.py:101} INFO - Simulated data saved at s3://mlflow-artifacts/data/raw/fraud_data_v20250811_031856.csv.
[2025-08-11T03:18:56.589+0000] {log.py:232} WARNING - {"asctime": "2025-08-11 03:18:56,589", "levelname": "INFO", "name": "model_training", "trace_id": null, "span_id": null, "message": "Metadata saved to s3://mlflow-artifacts/data/raw/metadata_v20250811_031856.json"}
[2025-08-11T03:18:56.589+0000] {etl_task.py:102} INFO - Metadata saved to s3://mlflow-artifacts/data/raw/metadata_v20250811_031856.json
[2025-08-11T03:18:56.590+0000] {log.py:232} WARNING - {"asctime": "2025-08-11 03:18:56,590", "levelname": "INFO", "name": "model_training", "trace_id": null, "span_id": null, "message": "Version: v20250811_031856"}
[2025-08-11T03:18:56.590+0000] {etl_task.py:103} INFO - Version: v20250811_031856
[2025-08-11T03:18:56.593+0000] {python.py:237} INFO - Done. Returned value was: None
[2025-08-11T03:18:56.595+0000] {taskinstance.py:441} INFO - ::group::Post task execution logs
[2025-08-11T03:18:56.611+0000] {taskinstance.py:1206} INFO - Marking task as SUCCESS. dag_id=etl, task_id=etl_task, run_id=manual__2025-08-11T03:18:49.488681+00:00, execution_date=20250811T031849, start_date=20250811T031855, end_date=20250811T031856
[2025-08-11T03:18:56.645+0000] {local_task_job_runner.py:240} INFO - Task exited with return code 0
[2025-08-11T03:18:56.671+0000] {taskinstance.py:3498} INFO - 0 downstream tasks scheduled from follow-on schedule check
[2025-08-11T03:18:56.673+0000] {local_task_job_runner.py:222} INFO - ::endgroup::
