[2025-08-05T17:51:07.032+0000] {local_task_job_runner.py:120} INFO - ::group::Pre task execution logs
[2025-08-05T17:51:07.088+0000] {taskinstance.py:2076} INFO - Dependencies all met for dep_context=non-requeueable deps ti=<TaskInstance: daily_batch_inference.generate_batch_input scheduled__2025-08-04T00:00:00+00:00 [queued]>
[2025-08-05T17:51:07.100+0000] {taskinstance.py:2076} INFO - Dependencies all met for dep_context=requeueable deps ti=<TaskInstance: daily_batch_inference.generate_batch_input scheduled__2025-08-04T00:00:00+00:00 [queued]>
[2025-08-05T17:51:07.101+0000] {taskinstance.py:2306} INFO - Starting attempt 1 of 2
[2025-08-05T17:51:07.125+0000] {taskinstance.py:2330} INFO - Executing <Task(BashOperator): generate_batch_input> on 2025-08-04 00:00:00+00:00
[2025-08-05T17:51:07.134+0000] {warnings.py:110} WARNING - /home/***/.local/lib/python3.12/site-packages/***/task/task_runner/standard_task_runner.py:61: DeprecationWarning: This process (pid=63) is multi-threaded, use of fork() may lead to deadlocks in the child.
  pid = os.fork()

[2025-08-05T17:51:07.137+0000] {standard_task_runner.py:63} INFO - Started process 64 to run task
[2025-08-05T17:51:07.137+0000] {standard_task_runner.py:90} INFO - Running: ['***', 'tasks', 'run', 'daily_batch_inference', 'generate_batch_input', 'scheduled__2025-08-04T00:00:00+00:00', '--job-id', '119', '--raw', '--subdir', 'DAGS_FOLDER/batch_inference_dag.py', '--cfg-path', '/tmp/tmp3vycqtx4']
[2025-08-05T17:51:07.139+0000] {standard_task_runner.py:91} INFO - Job 119: Subtask generate_batch_input
[2025-08-05T17:51:07.233+0000] {task_command.py:426} INFO - Running <TaskInstance: daily_batch_inference.generate_batch_input scheduled__2025-08-04T00:00:00+00:00 [running]> on host b3fa3e148e4c
[2025-08-05T17:51:07.420+0000] {taskinstance.py:2648} INFO - Exporting env vars: AIRFLOW_CTX_DAG_OWNER='***' AIRFLOW_CTX_DAG_ID='daily_batch_inference' AIRFLOW_CTX_TASK_ID='generate_batch_input' AIRFLOW_CTX_EXECUTION_DATE='2025-08-04T00:00:00+00:00' AIRFLOW_CTX_TRY_NUMBER='1' AIRFLOW_CTX_DAG_RUN_ID='scheduled__2025-08-04T00:00:00+00:00'
[2025-08-05T17:51:07.422+0000] {taskinstance.py:430} INFO - ::endgroup::
[2025-08-05T17:51:07.473+0000] {subprocess.py:63} INFO - Tmp dir root location: /tmp
[2025-08-05T17:51:07.476+0000] {subprocess.py:75} INFO - Running command: ['/usr/bin/bash', '-c', 'cd /opt/***/ml_pipeline && python batch/generate_batch_input.py']
[2025-08-05T17:51:07.492+0000] {subprocess.py:86} INFO - Output:
[2025-08-05T17:51:11.071+0000] {subprocess.py:93} INFO - ✅ Batch input generated: data/batch/input_batch_v20250801_144307.csv
[2025-08-05T17:51:11.200+0000] {subprocess.py:97} INFO - Command exited with return code 0
[2025-08-05T17:51:11.202+0000] {taskinstance.py:441} INFO - ::group::Post task execution logs
[2025-08-05T17:51:11.239+0000] {taskinstance.py:1206} INFO - Marking task as SUCCESS. dag_id=daily_batch_inference, task_id=generate_batch_input, run_id=scheduled__2025-08-04T00:00:00+00:00, execution_date=20250804T000000, start_date=20250805T175107, end_date=20250805T175111
[2025-08-05T17:51:11.301+0000] {local_task_job_runner.py:240} INFO - Task exited with return code 0
[2025-08-05T17:51:11.331+0000] {taskinstance.py:3498} INFO - 1 downstream tasks scheduled from follow-on schedule check
[2025-08-05T17:51:11.333+0000] {local_task_job_runner.py:222} INFO - ::endgroup::
