[2025-08-17T18:40:12.297+0000] {local_task_job_runner.py:120} INFO - ::group::Pre task execution logs
[2025-08-17T18:40:12.351+0000] {taskinstance.py:2076} INFO - Dependencies all met for dep_context=non-requeueable deps ti=<TaskInstance: ml_pipeline_dvc.train_outlier_detector_dvc manual__2025-08-17T18:39:37.748456+00:00 [queued]>
[2025-08-17T18:40:12.369+0000] {taskinstance.py:2076} INFO - Dependencies all met for dep_context=requeueable deps ti=<TaskInstance: ml_pipeline_dvc.train_outlier_detector_dvc manual__2025-08-17T18:39:37.748456+00:00 [queued]>
[2025-08-17T18:40:12.370+0000] {taskinstance.py:2306} INFO - Starting attempt 1 of 1
[2025-08-17T18:40:12.403+0000] {taskinstance.py:2330} INFO - Executing <Task(BashOperator): train_outlier_detector_dvc> on 2025-08-17 18:39:37.748456+00:00
[2025-08-17T18:40:12.416+0000] {warnings.py:110} WARNING - /home/***/.local/lib/python3.12/site-packages/***/task/task_runner/standard_task_runner.py:61: DeprecationWarning: This process (pid=2551) is multi-threaded, use of fork() may lead to deadlocks in the child.
  pid = os.fork()

[2025-08-17T18:40:12.419+0000] {standard_task_runner.py:90} INFO - Running: ['***', 'tasks', 'run', 'ml_pipeline_dvc', 'train_outlier_detector_dvc', 'manual__2025-08-17T18:39:37.748456+00:00', '--job-id', '314', '--raw', '--subdir', 'DAGS_FOLDER/train_pipeline_dag.py', '--cfg-path', '/tmp/tmpxh7zgm61']
[2025-08-17T18:40:12.421+0000] {standard_task_runner.py:63} INFO - Started process 2558 to run task
[2025-08-17T18:40:12.422+0000] {standard_task_runner.py:91} INFO - Job 314: Subtask train_outlier_detector_dvc
[2025-08-17T18:40:12.513+0000] {task_command.py:426} INFO - Running <TaskInstance: ml_pipeline_dvc.train_outlier_detector_dvc manual__2025-08-17T18:39:37.748456+00:00 [running]> on host bea494a05fb4
[2025-08-17T18:40:12.724+0000] {taskinstance.py:2648} INFO - Exporting env vars: AIRFLOW_CTX_DAG_OWNER='yas' AIRFLOW_CTX_DAG_ID='ml_pipeline_dvc' AIRFLOW_CTX_TASK_ID='train_outlier_detector_dvc' AIRFLOW_CTX_EXECUTION_DATE='2025-08-17T18:39:37.748456+00:00' AIRFLOW_CTX_TRY_NUMBER='1' AIRFLOW_CTX_DAG_RUN_ID='manual__2025-08-17T18:39:37.748456+00:00'
[2025-08-17T18:40:12.726+0000] {taskinstance.py:430} INFO - ::endgroup::
[2025-08-17T18:40:12.758+0000] {subprocess.py:63} INFO - Tmp dir root location: /tmp
[2025-08-17T18:40:12.760+0000] {subprocess.py:75} INFO - Running command: ['/usr/bin/bash', '-c', '\n            cd /opt/***/ml_pipeline\n            dvc pull\n            dvc repro train_outlier\n            dvc push\n        ']
[2025-08-17T18:40:12.776+0000] {subprocess.py:86} INFO - Output:
[2025-08-17T18:40:21.241+0000] {subprocess.py:93} INFO - ERROR: failed to pull data from the cloud - Can't remove the following unsaved files without confirmation. Use `--force` to force.
[2025-08-17T18:40:21.242+0000] {subprocess.py:93} INFO - /opt/***/ml_pipeline/artifacts/models/fraud/metadata_model_v20250817_175136.json
[2025-08-17T18:40:25.956+0000] {subprocess.py:93} INFO - Stage 'ingest' didn't change, skipping
[2025-08-17T18:40:26.004+0000] {subprocess.py:93} INFO - Stage 'preprocess' didn't change, skipping
[2025-08-17T18:40:26.053+0000] {subprocess.py:93} INFO - Stage 'train_outlier' didn't change, skipping
[2025-08-17T18:40:26.062+0000] {subprocess.py:93} INFO - Data and pipelines are up to date.
[2025-08-17T18:40:31.727+0000] {subprocess.py:93} INFO - Everything is up to date.
[2025-08-17T18:40:32.353+0000] {subprocess.py:97} INFO - Command exited with return code 0
[2025-08-17T18:40:32.358+0000] {taskinstance.py:441} INFO - ::group::Post task execution logs
[2025-08-17T18:40:32.424+0000] {taskinstance.py:1206} INFO - Marking task as SUCCESS. dag_id=ml_pipeline_dvc, task_id=train_outlier_detector_dvc, run_id=manual__2025-08-17T18:39:37.748456+00:00, execution_date=20250817T183937, start_date=20250817T184012, end_date=20250817T184032
[2025-08-17T18:40:32.483+0000] {local_task_job_runner.py:240} INFO - Task exited with return code 0
[2025-08-17T18:40:32.519+0000] {local_task_job_runner.py:222} INFO - ::endgroup::
