[2025-08-15T01:02:13.132+0000] {local_task_job_runner.py:120} INFO - ::group::Pre task execution logs
[2025-08-15T01:02:13.213+0000] {taskinstance.py:2076} INFO - Dependencies all met for dep_context=non-requeueable deps ti=<TaskInstance: ml_pipeline_dvc.preprocess_dvc manual__2025-08-15T01:02:11.886428+00:00 [queued]>
[2025-08-15T01:02:13.239+0000] {taskinstance.py:2076} INFO - Dependencies all met for dep_context=requeueable deps ti=<TaskInstance: ml_pipeline_dvc.preprocess_dvc manual__2025-08-15T01:02:11.886428+00:00 [queued]>
[2025-08-15T01:02:13.241+0000] {taskinstance.py:2306} INFO - Starting attempt 1 of 1
[2025-08-15T01:02:13.340+0000] {taskinstance.py:2330} INFO - Executing <Task(BashOperator): preprocess_dvc> on 2025-08-15 01:02:11.886428+00:00
[2025-08-15T01:02:13.367+0000] {standard_task_runner.py:90} INFO - Running: ['***', 'tasks', 'run', 'ml_pipeline_dvc', 'preprocess_dvc', 'manual__2025-08-15T01:02:11.886428+00:00', '--job-id', '227', '--raw', '--subdir', 'DAGS_FOLDER/train_pipeline_dag.py', '--cfg-path', '/tmp/tmpzq7x2a8q']
[2025-08-15T01:02:13.382+0000] {standard_task_runner.py:91} INFO - Job 227: Subtask preprocess_dvc
[2025-08-15T01:02:13.376+0000] {warnings.py:110} WARNING - /home/***/.local/lib/python3.12/site-packages/***/task/task_runner/standard_task_runner.py:61: DeprecationWarning: This process (pid=1001) is multi-threaded, use of fork() may lead to deadlocks in the child.
  pid = os.fork()

[2025-08-15T01:02:13.434+0000] {standard_task_runner.py:63} INFO - Started process 1002 to run task
[2025-08-15T01:02:13.613+0000] {task_command.py:426} INFO - Running <TaskInstance: ml_pipeline_dvc.preprocess_dvc manual__2025-08-15T01:02:11.886428+00:00 [running]> on host 97971cf4e9e1
[2025-08-15T01:02:14.007+0000] {taskinstance.py:2648} INFO - Exporting env vars: AIRFLOW_CTX_DAG_OWNER='yas' AIRFLOW_CTX_DAG_ID='ml_pipeline_dvc' AIRFLOW_CTX_TASK_ID='preprocess_dvc' AIRFLOW_CTX_EXECUTION_DATE='2025-08-15T01:02:11.886428+00:00' AIRFLOW_CTX_TRY_NUMBER='1' AIRFLOW_CTX_DAG_RUN_ID='manual__2025-08-15T01:02:11.886428+00:00'
[2025-08-15T01:02:14.009+0000] {taskinstance.py:430} INFO - ::endgroup::
[2025-08-15T01:02:14.048+0000] {subprocess.py:63} INFO - Tmp dir root location: /tmp
[2025-08-15T01:02:14.051+0000] {subprocess.py:75} INFO - Running command: ['/usr/bin/bash', '-c', '\n        cd /opt/***/ml_pipeline\n        dvc pull data/raw.dvc version_meta.json.dvc \n        dvc repro preprocess\n        dvc push\n        ']
[2025-08-15T01:02:14.076+0000] {subprocess.py:86} INFO - Output:
[2025-08-15T01:02:19.855+0000] {subprocess.py:93} INFO - Everything is up to date.
[2025-08-15T01:02:23.228+0000] {subprocess.py:93} INFO - 'data/raw.dvc' didn't change, skipping
[2025-08-15T01:02:23.267+0000] {subprocess.py:93} INFO - 'version_meta.json.dvc' didn't change, skipping
[2025-08-15T01:02:23.359+0000] {subprocess.py:93} INFO - Running stage 'preprocess':
[2025-08-15T01:02:23.360+0000] {subprocess.py:93} INFO - > python preprocessing/preprocess_task.py
[2025-08-15T01:02:26.038+0000] {subprocess.py:93} INFO - {"asctime": "2025-08-15 01:02:25,888", "levelname": "INFO", "name": "preprocessing_pipeline", "trace_id": null, "span_id": null, "message": "version_meta.json loaded from local path!"}
[2025-08-15T01:02:26.071+0000] {subprocess.py:93} INFO - {"asctime": "2025-08-15 01:02:26,071", "levelname": "INFO", "name": "preprocessing_pipeline", "trace_id": null, "span_id": null, "message": "preprocessor trained!"}
[2025-08-15T01:02:26.080+0000] {subprocess.py:93} INFO - Traceback (most recent call last):
[2025-08-15T01:02:26.082+0000] {subprocess.py:93} INFO -   File "/opt/***/ml_pipeline/preprocessing/preprocess_task.py", line 55, in <module>
[2025-08-15T01:02:26.086+0000] {subprocess.py:93} INFO -     processed_data.to_csv(f"data/processed/fraud_data_{version_tag}.csv", index=False)
[2025-08-15T01:02:26.087+0000] {subprocess.py:93} INFO -     ^^^^^^^^^^^^^^^^^^^^^
[2025-08-15T01:02:26.089+0000] {subprocess.py:93} INFO - AttributeError: 'numpy.ndarray' object has no attribute 'to_csv'
[2025-08-15T01:02:26.494+0000] {subprocess.py:93} INFO - ERROR: failed to reproduce 'preprocess': failed to run: python preprocessing/preprocess_task.py, exited with 1
[2025-08-15T01:02:29.462+0000] {subprocess.py:93} INFO - Everything is up to date.
[2025-08-15T01:02:29.716+0000] {subprocess.py:97} INFO - Command exited with return code 0
[2025-08-15T01:02:29.718+0000] {taskinstance.py:441} INFO - ::group::Post task execution logs
[2025-08-15T01:02:29.755+0000] {taskinstance.py:1206} INFO - Marking task as SUCCESS. dag_id=ml_pipeline_dvc, task_id=preprocess_dvc, run_id=manual__2025-08-15T01:02:11.886428+00:00, execution_date=20250815T010211, start_date=20250815T010213, end_date=20250815T010229
[2025-08-15T01:02:29.795+0000] {local_task_job_runner.py:240} INFO - Task exited with return code 0
[2025-08-15T01:02:29.816+0000] {taskinstance.py:3498} INFO - 0 downstream tasks scheduled from follow-on schedule check
[2025-08-15T01:02:29.818+0000] {local_task_job_runner.py:222} INFO - ::endgroup::
