[2025-08-16T03:12:37.940+0000] {local_task_job_runner.py:120} INFO - ::group::Pre task execution logs
[2025-08-16T03:12:38.024+0000] {taskinstance.py:2076} INFO - Dependencies all met for dep_context=non-requeueable deps ti=<TaskInstance: ml_pipeline_dvc.preprocess_dvc manual__2025-08-16T03:12:35.053747+00:00 [queued]>
[2025-08-16T03:12:38.049+0000] {taskinstance.py:2076} INFO - Dependencies all met for dep_context=requeueable deps ti=<TaskInstance: ml_pipeline_dvc.preprocess_dvc manual__2025-08-16T03:12:35.053747+00:00 [queued]>
[2025-08-16T03:12:38.059+0000] {taskinstance.py:2306} INFO - Starting attempt 1 of 1
[2025-08-16T03:12:38.196+0000] {taskinstance.py:2330} INFO - Executing <Task(BashOperator): preprocess_dvc> on 2025-08-16 03:12:35.053747+00:00
[2025-08-16T03:12:38.236+0000] {standard_task_runner.py:90} INFO - Running: ['***', 'tasks', 'run', 'ml_pipeline_dvc', 'preprocess_dvc', 'manual__2025-08-16T03:12:35.053747+00:00', '--job-id', '281', '--raw', '--subdir', 'DAGS_FOLDER/train_pipeline_dag.py', '--cfg-path', '/tmp/tmpj3mw128u']
[2025-08-16T03:12:38.252+0000] {standard_task_runner.py:91} INFO - Job 281: Subtask preprocess_dvc
[2025-08-16T03:12:38.215+0000] {warnings.py:110} WARNING - /home/***/.local/lib/python3.12/site-packages/***/task/task_runner/standard_task_runner.py:61: DeprecationWarning: This process (pid=10486) is multi-threaded, use of fork() may lead to deadlocks in the child.
  pid = os.fork()

[2025-08-16T03:12:38.278+0000] {standard_task_runner.py:63} INFO - Started process 10487 to run task
[2025-08-16T03:12:38.616+0000] {task_command.py:426} INFO - Running <TaskInstance: ml_pipeline_dvc.preprocess_dvc manual__2025-08-16T03:12:35.053747+00:00 [running]> on host 952e994ef77e
[2025-08-16T03:12:39.208+0000] {taskinstance.py:2648} INFO - Exporting env vars: AIRFLOW_CTX_DAG_OWNER='yas' AIRFLOW_CTX_DAG_ID='ml_pipeline_dvc' AIRFLOW_CTX_TASK_ID='preprocess_dvc' AIRFLOW_CTX_EXECUTION_DATE='2025-08-16T03:12:35.053747+00:00' AIRFLOW_CTX_TRY_NUMBER='1' AIRFLOW_CTX_DAG_RUN_ID='manual__2025-08-16T03:12:35.053747+00:00'
[2025-08-16T03:12:39.223+0000] {taskinstance.py:430} INFO - ::endgroup::
[2025-08-16T03:12:39.288+0000] {subprocess.py:63} INFO - Tmp dir root location: /tmp
[2025-08-16T03:12:39.294+0000] {subprocess.py:75} INFO - Running command: ['/usr/bin/bash', '-c', '\n            cd /opt/***/ml_pipeline\n            dvc pull data/raw.dvc \n            dvc repro preprocess\n            dvc push\n        ']
[2025-08-16T03:12:39.336+0000] {subprocess.py:86} INFO - Output:
[2025-08-16T03:12:46.716+0000] {subprocess.py:93} INFO - Everything is up to date.
[2025-08-16T03:12:50.404+0000] {subprocess.py:93} INFO - 'data/raw.dvc' didn't change, skipping
[2025-08-16T03:12:50.441+0000] {subprocess.py:93} INFO - Stage 'preprocess' didn't change, skipping
[2025-08-16T03:12:50.447+0000] {subprocess.py:93} INFO - Data and pipelines are up to date.
[2025-08-16T03:12:54.016+0000] {subprocess.py:93} INFO - Everything is up to date.
[2025-08-16T03:12:54.395+0000] {subprocess.py:97} INFO - Command exited with return code 0
[2025-08-16T03:12:54.397+0000] {taskinstance.py:441} INFO - ::group::Post task execution logs
[2025-08-16T03:12:54.439+0000] {taskinstance.py:1206} INFO - Marking task as SUCCESS. dag_id=ml_pipeline_dvc, task_id=preprocess_dvc, run_id=manual__2025-08-16T03:12:35.053747+00:00, execution_date=20250816T031235, start_date=20250816T031238, end_date=20250816T031254
[2025-08-16T03:12:54.463+0000] {local_task_job_runner.py:240} INFO - Task exited with return code 0
[2025-08-16T03:12:54.499+0000] {taskinstance.py:3498} INFO - 1 downstream tasks scheduled from follow-on schedule check
[2025-08-16T03:12:54.501+0000] {local_task_job_runner.py:222} INFO - ::endgroup::
