[2025-08-06T03:58:43.257+0000] {local_task_job_runner.py:120} INFO - ::group::Pre task execution logs
[2025-08-06T03:58:43.294+0000] {taskinstance.py:2076} INFO - Dependencies all met for dep_context=non-requeueable deps ti=<TaskInstance: ml_pipeline_dvc.train_dvc manual__2025-08-06T03:53:00.035259+00:00 [queued]>
[2025-08-06T03:58:43.305+0000] {taskinstance.py:2076} INFO - Dependencies all met for dep_context=requeueable deps ti=<TaskInstance: ml_pipeline_dvc.train_dvc manual__2025-08-06T03:53:00.035259+00:00 [queued]>
[2025-08-06T03:58:43.305+0000] {taskinstance.py:2306} INFO - Starting attempt 2 of 2
[2025-08-06T03:58:43.327+0000] {taskinstance.py:2330} INFO - Executing <Task(BashOperator): train_dvc> on 2025-08-06 03:53:00.035259+00:00
[2025-08-06T03:58:43.336+0000] {warnings.py:110} WARNING - /home/***/.local/lib/python3.12/site-packages/***/task/task_runner/standard_task_runner.py:61: DeprecationWarning: This process (pid=1288) is multi-threaded, use of fork() may lead to deadlocks in the child.
  pid = os.fork()

[2025-08-06T03:58:43.338+0000] {standard_task_runner.py:63} INFO - Started process 1289 to run task
[2025-08-06T03:58:43.337+0000] {standard_task_runner.py:90} INFO - Running: ['***', 'tasks', 'run', 'ml_pipeline_dvc', 'train_dvc', 'manual__2025-08-06T03:53:00.035259+00:00', '--job-id', '19', '--raw', '--subdir', 'DAGS_FOLDER/ml_pipeline_dag_2.py', '--cfg-path', '/tmp/tmpctjuclb6']
[2025-08-06T03:58:43.340+0000] {standard_task_runner.py:91} INFO - Job 19: Subtask train_dvc
[2025-08-06T03:58:43.402+0000] {task_command.py:426} INFO - Running <TaskInstance: ml_pipeline_dvc.train_dvc manual__2025-08-06T03:53:00.035259+00:00 [running]> on host 1d9cc99197c4
[2025-08-06T03:58:43.522+0000] {taskinstance.py:2648} INFO - Exporting env vars: AIRFLOW_CTX_DAG_OWNER='yas' AIRFLOW_CTX_DAG_ID='ml_pipeline_dvc' AIRFLOW_CTX_TASK_ID='train_dvc' AIRFLOW_CTX_EXECUTION_DATE='2025-08-06T03:53:00.035259+00:00' AIRFLOW_CTX_TRY_NUMBER='2' AIRFLOW_CTX_DAG_RUN_ID='manual__2025-08-06T03:53:00.035259+00:00'
[2025-08-06T03:58:43.524+0000] {taskinstance.py:430} INFO - ::endgroup::
[2025-08-06T03:58:43.546+0000] {subprocess.py:63} INFO - Tmp dir root location: /tmp
[2025-08-06T03:58:43.547+0000] {subprocess.py:75} INFO - Running command: ['/usr/bin/bash', '-c', 'cd /opt/***/ml_pipeline && dvc repro train']
[2025-08-06T03:58:43.560+0000] {subprocess.py:86} INFO - Output:
[2025-08-06T03:58:45.840+0000] {subprocess.py:93} INFO - Running stage 'preprocess':
[2025-08-06T03:58:45.841+0000] {subprocess.py:93} INFO - > python preprocessing/preprocess_task.py
[2025-08-06T03:58:48.011+0000] {subprocess.py:93} INFO - {"asctime": "2025-08-06 03:58:48,011", "levelname": "INFO", "message": "\u2705 Saved pipeline: artifacts/preprocess/pipeline_v20250801_144307.pkl"}
[2025-08-06T03:58:48.012+0000] {subprocess.py:93} INFO - {"asctime": "2025-08-06 03:58:48,011", "levelname": "INFO", "message": "\ud83d\udcc4 Saved metadata: artifacts/preprocess/preprocess_metadata_v20250801_144307.json"}
[2025-08-06T03:58:48.013+0000] {subprocess.py:93} INFO - {"asctime": "2025-08-06 03:58:48,011", "levelname": "INFO", "message": "\ud83d\udce6 Updated version_meta.json"}
[2025-08-06T03:58:48.329+0000] {subprocess.py:93} INFO - Updating lock file 'dvc.lock'
[2025-08-06T03:58:48.344+0000] {subprocess.py:93} INFO - 
[2025-08-06T03:58:48.475+0000] {subprocess.py:93} INFO - Running stage 'train':
[2025-08-06T03:58:48.476+0000] {subprocess.py:93} INFO - > python train/train_task.py
[2025-08-06T03:58:53.432+0000] {subprocess.py:93} INFO - INFO:__main__:Outlier detector saved to artifacts/models/outlier_detector_v20250801_144307.pkl
[2025-08-06T03:58:53.460+0000] {subprocess.py:93} INFO - /home/***/.local/lib/python3.12/site-packages/sklearn/metrics/_ranking.py:1201: UndefinedMetricWarning: No positive samples in y_true, true positive value should be meaningless
[2025-08-06T03:58:53.470+0000] {subprocess.py:93} INFO -   warnings.warn(
[2025-08-06T03:58:53.524+0000] {subprocess.py:93} INFO - INFO:__main__:📄 Training metadata saved to artifacts/train/train_metadata_v20250801_144307.json
[2025-08-06T03:58:53.535+0000] {subprocess.py:93} INFO - INFO:__main__:📦 Updated version_meta.json
[2025-08-06T03:58:53.721+0000] {subprocess.py:93} INFO - INFO:__main__:📄 Starting MLflow run for FraudDetectionModel
[2025-08-06T03:58:53.817+0000] {subprocess.py:93} INFO - 2025/08/06 03:58:53 WARNING mlflow.utils.git_utils: Failed to import Git (the Git executable is probably not on your PATH), so Git SHA is not available. Error: Failed to initialize: Bad git executable.
[2025-08-06T03:58:53.818+0000] {subprocess.py:93} INFO - The git executable must be specified in one of the following ways:
[2025-08-06T03:58:53.818+0000] {subprocess.py:93} INFO -     - be included in your $PATH
[2025-08-06T03:58:53.819+0000] {subprocess.py:93} INFO -     - be set via $GIT_PYTHON_GIT_EXECUTABLE
[2025-08-06T03:58:53.820+0000] {subprocess.py:93} INFO -     - explicitly set via git.refresh(<full-path-to-git-executable>)
[2025-08-06T03:58:53.821+0000] {subprocess.py:93} INFO - 
[2025-08-06T03:58:53.821+0000] {subprocess.py:93} INFO - All git commands will error until this is rectified.
[2025-08-06T03:58:53.822+0000] {subprocess.py:93} INFO - 
[2025-08-06T03:58:53.823+0000] {subprocess.py:93} INFO - This initial message can be silenced or aggravated in the future by setting the
[2025-08-06T03:58:53.824+0000] {subprocess.py:93} INFO - $GIT_PYTHON_REFRESH environment variable. Use one of the following values:
[2025-08-06T03:58:53.824+0000] {subprocess.py:93} INFO -     - quiet|q|silence|s|silent|none|n|0: for no message or exception
[2025-08-06T03:58:53.825+0000] {subprocess.py:93} INFO -     - warn|w|warning|log|l|1: for a warning message (logging level CRITICAL, displayed by default)
[2025-08-06T03:58:53.828+0000] {subprocess.py:93} INFO -     - error|e|exception|raise|r|2: for a raised exception
[2025-08-06T03:58:53.829+0000] {subprocess.py:93} INFO - 
[2025-08-06T03:58:53.832+0000] {subprocess.py:93} INFO - Example:
[2025-08-06T03:58:53.833+0000] {subprocess.py:93} INFO -     export GIT_PYTHON_REFRESH=quiet
[2025-08-06T03:58:53.834+0000] {subprocess.py:93} INFO - 
[2025-08-06T03:58:53.851+0000] {subprocess.py:93} INFO - INFO:__main__:📄 MLflow run_id: 54643ff884144fba9d6d0a07ffd86381
[2025-08-06T03:58:53.861+0000] {subprocess.py:93} INFO - 2025/08/06 03:58:53 WARNING mlflow.models.model: `artifact_path` is deprecated. Please use `name` instead.
[2025-08-06T03:59:01.379+0000] {subprocess.py:93} INFO - [31m2025/08/06 03:59:01 WARNING mlflow.models.model: Model logged without a signature and input example. Please set `input_example` parameter when logging the model to auto infer the model signature.[0m
[2025-08-06T03:59:01.631+0000] {subprocess.py:93} INFO - INFO:botocore.credentials:Found credentials in environment variables.
[2025-08-06T03:59:02.251+0000] {subprocess.py:93} INFO - INFO:__main__:✅ Model logged
[2025-08-06T03:59:02.566+0000] {subprocess.py:93} INFO - INFO:__main__:✅ Metrics and artifacts logged
[2025-08-06T03:59:02.710+0000] {subprocess.py:93} INFO - Registered model 'FraudDetectionModel' already exists. Creating a new version of this model...
[2025-08-06T03:59:02.797+0000] {subprocess.py:93} INFO - 2025/08/06 03:59:02 WARNING mlflow.tracking._model_registry.fluent: Run with id 54643ff884144fba9d6d0a07ffd86381 has no artifacts at artifact path 'model', registering model based on models:/m-8af6c334dc144543877705cdca588022 instead
[2025-08-06T03:59:02.965+0000] {subprocess.py:93} INFO - 2025/08/06 03:59:02 INFO mlflow.store.model_registry.abstract_store: Waiting up to 300 seconds for model version to finish creation. Model name: FraudDetectionModel, version 2
[2025-08-06T03:59:02.966+0000] {subprocess.py:93} INFO - Created version '2' of model 'FraudDetectionModel'.
[2025-08-06T03:59:02.999+0000] {subprocess.py:93} INFO - INFO:__main__:📦 Model registered as 'FraudDetectionModel', version 2
[2025-08-06T03:59:03.034+0000] {subprocess.py:93} INFO - /opt/***/ml_pipeline/train/train_task.py:151: FutureWarning: ``mlflow.tracking.client.MlflowClient.transition_model_version_stage`` is deprecated since 2.9.0. Model registry stages will be removed in a future major release. To learn more about the deprecation of model registry stages, see our migration guide here: https://mlflow.org/docs/latest/model-registry.html#migrating-from-stages
[2025-08-06T03:59:03.035+0000] {subprocess.py:93} INFO -   client.transition_model_version_stage(
[2025-08-06T03:59:03.070+0000] {subprocess.py:93} INFO - INFO:__main__:🚀 Model version 2 transitioned to 'Production'
[2025-08-06T03:59:03.070+0000] {subprocess.py:93} INFO - INFO:__main__:✅ Model registration and promotion complete.
[2025-08-06T03:59:03.071+0000] {subprocess.py:93} INFO - INFO:__main__:✅ Model trained and saved to artifacts/models/model_v20250801_144307.pkl
[2025-08-06T03:59:03.072+0000] {subprocess.py:93} INFO - 🏃 View run bold-deer-32 at: http://mlflow:5000/#/experiments/2/runs/54643ff884144fba9d6d0a07ffd86381
[2025-08-06T03:59:03.073+0000] {subprocess.py:93} INFO - 🧪 View experiment at: http://mlflow:5000/#/experiments/2
[2025-08-06T03:59:03.749+0000] {subprocess.py:93} INFO - Updating lock file 'dvc.lock'
[2025-08-06T03:59:03.769+0000] {subprocess.py:93} INFO - 
[2025-08-06T03:59:03.770+0000] {subprocess.py:93} INFO - To track the changes with git, run:
[2025-08-06T03:59:03.770+0000] {subprocess.py:93} INFO - 
[2025-08-06T03:59:03.771+0000] {subprocess.py:93} INFO - 	git add dvc.lock
[2025-08-06T03:59:03.771+0000] {subprocess.py:93} INFO - 
[2025-08-06T03:59:03.772+0000] {subprocess.py:93} INFO - To enable auto staging, run:
[2025-08-06T03:59:03.773+0000] {subprocess.py:93} INFO - 
[2025-08-06T03:59:03.774+0000] {subprocess.py:93} INFO - 	dvc config core.autostage true
[2025-08-06T03:59:03.775+0000] {subprocess.py:93} INFO - Use `dvc push` to send your updates to remote storage.
[2025-08-06T03:59:04.185+0000] {subprocess.py:97} INFO - Command exited with return code 0
[2025-08-06T03:59:04.187+0000] {taskinstance.py:441} INFO - ::group::Post task execution logs
[2025-08-06T03:59:04.237+0000] {taskinstance.py:1206} INFO - Marking task as SUCCESS. dag_id=ml_pipeline_dvc, task_id=train_dvc, run_id=manual__2025-08-06T03:53:00.035259+00:00, execution_date=20250806T035300, start_date=20250806T035843, end_date=20250806T035904
[2025-08-06T03:59:04.289+0000] {local_task_job_runner.py:240} INFO - Task exited with return code 0
[2025-08-06T03:59:04.312+0000] {taskinstance.py:3498} INFO - 0 downstream tasks scheduled from follow-on schedule check
[2025-08-06T03:59:04.314+0000] {local_task_job_runner.py:222} INFO - ::endgroup::
