[2025-08-06T03:53:24.968+0000] {local_task_job_runner.py:120} INFO - ::group::Pre task execution logs
[2025-08-06T03:53:25.055+0000] {taskinstance.py:2076} INFO - Dependencies all met for dep_context=non-requeueable deps ti=<TaskInstance: ml_pipeline_dvc.train_dvc manual__2025-08-06T03:53:00.035259+00:00 [queued]>
[2025-08-06T03:53:25.086+0000] {taskinstance.py:2076} INFO - Dependencies all met for dep_context=requeueable deps ti=<TaskInstance: ml_pipeline_dvc.train_dvc manual__2025-08-06T03:53:00.035259+00:00 [queued]>
[2025-08-06T03:53:25.088+0000] {taskinstance.py:2306} INFO - Starting attempt 1 of 2
[2025-08-06T03:53:25.148+0000] {taskinstance.py:2330} INFO - Executing <Task(BashOperator): train_dvc> on 2025-08-06 03:53:00.035259+00:00
[2025-08-06T03:53:25.169+0000] {warnings.py:110} WARNING - /home/***/.local/lib/python3.12/site-packages/***/task/task_runner/standard_task_runner.py:61: DeprecationWarning: This process (pid=1050) is multi-threaded, use of fork() may lead to deadlocks in the child.
  pid = os.fork()

[2025-08-06T03:53:25.175+0000] {standard_task_runner.py:63} INFO - Started process 1051 to run task
[2025-08-06T03:53:25.175+0000] {standard_task_runner.py:90} INFO - Running: ['***', 'tasks', 'run', 'ml_pipeline_dvc', 'train_dvc', 'manual__2025-08-06T03:53:00.035259+00:00', '--job-id', '16', '--raw', '--subdir', 'DAGS_FOLDER/ml_pipeline_dag_2.py', '--cfg-path', '/tmp/tmpm5du83ia']
[2025-08-06T03:53:25.180+0000] {standard_task_runner.py:91} INFO - Job 16: Subtask train_dvc
[2025-08-06T03:53:25.362+0000] {task_command.py:426} INFO - Running <TaskInstance: ml_pipeline_dvc.train_dvc manual__2025-08-06T03:53:00.035259+00:00 [running]> on host 1d9cc99197c4
[2025-08-06T03:53:25.750+0000] {taskinstance.py:2648} INFO - Exporting env vars: AIRFLOW_CTX_DAG_OWNER='yas' AIRFLOW_CTX_DAG_ID='ml_pipeline_dvc' AIRFLOW_CTX_TASK_ID='train_dvc' AIRFLOW_CTX_EXECUTION_DATE='2025-08-06T03:53:00.035259+00:00' AIRFLOW_CTX_TRY_NUMBER='1' AIRFLOW_CTX_DAG_RUN_ID='manual__2025-08-06T03:53:00.035259+00:00'
[2025-08-06T03:53:25.757+0000] {taskinstance.py:430} INFO - ::endgroup::
[2025-08-06T03:53:25.795+0000] {subprocess.py:63} INFO - Tmp dir root location: /tmp
[2025-08-06T03:53:25.798+0000] {subprocess.py:75} INFO - Running command: ['/usr/bin/bash', '-c', 'cd /opt/***/ml_pipeline && dvc repro train']
[2025-08-06T03:53:25.822+0000] {subprocess.py:86} INFO - Output:
[2025-08-06T03:53:32.273+0000] {subprocess.py:93} INFO - Stage 'preprocess' didn't change, skipping
[2025-08-06T03:53:32.474+0000] {subprocess.py:93} INFO - Running stage 'train':
[2025-08-06T03:53:32.475+0000] {subprocess.py:93} INFO - > python train/train_task.py
[2025-08-06T03:53:40.276+0000] {subprocess.py:93} INFO - INFO:__main__:Outlier detector saved to artifacts/models/outlier_detector_v20250801_144307.pkl
[2025-08-06T03:53:40.392+0000] {subprocess.py:93} INFO - /home/***/.local/lib/python3.12/site-packages/sklearn/metrics/_ranking.py:1201: UndefinedMetricWarning: No positive samples in y_true, true positive value should be meaningless
[2025-08-06T03:53:40.399+0000] {subprocess.py:93} INFO -   warnings.warn(
[2025-08-06T03:53:40.497+0000] {subprocess.py:93} INFO - INFO:__main__:📄 Training metadata saved to artifacts/train/train_metadata_v20250801_144307.json
[2025-08-06T03:53:40.498+0000] {subprocess.py:93} INFO - INFO:__main__:📦 Updated version_meta.json
[2025-08-06T03:53:40.499+0000] {subprocess.py:93} INFO - Traceback (most recent call last):
[2025-08-06T03:53:40.501+0000] {subprocess.py:93} INFO -   File "/opt/***/ml_pipeline/train/train_task.py", line 186, in <module>
[2025-08-06T03:53:40.503+0000] {subprocess.py:93} INFO -     main()
[2025-08-06T03:53:40.504+0000] {subprocess.py:93} INFO -   File "/opt/***/ml_pipeline/train/train_task.py", line 180, in main
[2025-08-06T03:53:40.505+0000] {subprocess.py:93} INFO -     register_model_with_mlflow(model, metrics)
[2025-08-06T03:53:40.507+0000] {subprocess.py:93} INFO - TypeError: register_model_with_mlflow() missing 2 required positional arguments: 'X' and 'y'
[2025-08-06T03:53:41.204+0000] {subprocess.py:93} INFO - ERROR: failed to reproduce 'train': failed to run: python train/train_task.py, exited with 1
[2025-08-06T03:53:41.875+0000] {subprocess.py:97} INFO - Command exited with return code 255
[2025-08-06T03:53:41.877+0000] {taskinstance.py:441} INFO - ::group::Post task execution logs
[2025-08-06T03:53:41.904+0000] {taskinstance.py:2905} ERROR - Task failed with exception
Traceback (most recent call last):
  File "/home/airflow/.local/lib/python3.12/site-packages/airflow/models/taskinstance.py", line 465, in _execute_task
    result = _execute_callable(context=context, **execute_callable_kwargs)
             ^^^^^^^^^^^^^^^^^^^^^^^^^^^^^^^^^^^^^^^^^^^^^^^^^^^^^^^^^^^^^
  File "/home/airflow/.local/lib/python3.12/site-packages/airflow/models/taskinstance.py", line 432, in _execute_callable
    return execute_callable(context=context, **execute_callable_kwargs)
           ^^^^^^^^^^^^^^^^^^^^^^^^^^^^^^^^^^^^^^^^^^^^^^^^^^^^^^^^^^^^
  File "/home/airflow/.local/lib/python3.12/site-packages/airflow/models/baseoperator.py", line 400, in wrapper
    return func(self, *args, **kwargs)
           ^^^^^^^^^^^^^^^^^^^^^^^^^^^
  File "/home/airflow/.local/lib/python3.12/site-packages/airflow/operators/bash.py", line 243, in execute
    raise AirflowException(
airflow.exceptions.AirflowException: Bash command failed. The command returned a non-zero exit code 255.
[2025-08-06T03:53:41.918+0000] {taskinstance.py:1206} INFO - Marking task as UP_FOR_RETRY. dag_id=ml_pipeline_dvc, task_id=train_dvc, run_id=manual__2025-08-06T03:53:00.035259+00:00, execution_date=20250806T035300, start_date=20250806T035325, end_date=20250806T035341
[2025-08-06T03:53:41.949+0000] {standard_task_runner.py:110} ERROR - Failed to execute job 16 for task train_dvc (Bash command failed. The command returned a non-zero exit code 255.; 1051)
[2025-08-06T03:53:42.001+0000] {local_task_job_runner.py:240} INFO - Task exited with return code 1
[2025-08-06T03:53:42.037+0000] {taskinstance.py:3498} INFO - 0 downstream tasks scheduled from follow-on schedule check
[2025-08-06T03:53:42.040+0000] {local_task_job_runner.py:222} INFO - ::endgroup::
