[2025-08-20T17:02:20.541+0000] {local_task_job_runner.py:120} INFO - ::group::Pre task execution logs
[2025-08-20T17:02:20.579+0000] {taskinstance.py:2076} INFO - Dependencies all met for dep_context=non-requeueable deps ti=<TaskInstance: ml_pipeline_dvc.train_outlier_detector_dvc manual__2025-08-20T17:01:44.656788+00:00 [queued]>
[2025-08-20T17:02:20.590+0000] {taskinstance.py:2076} INFO - Dependencies all met for dep_context=requeueable deps ti=<TaskInstance: ml_pipeline_dvc.train_outlier_detector_dvc manual__2025-08-20T17:01:44.656788+00:00 [queued]>
[2025-08-20T17:02:20.591+0000] {taskinstance.py:2306} INFO - Starting attempt 1 of 1
[2025-08-20T17:02:20.610+0000] {taskinstance.py:2330} INFO - Executing <Task(BashOperator): train_outlier_detector_dvc> on 2025-08-20 17:01:44.656788+00:00
[2025-08-20T17:02:20.616+0000] {warnings.py:110} WARNING - /home/***/.local/lib/python3.12/site-packages/***/task/task_runner/standard_task_runner.py:61: DeprecationWarning: This process (pid=669) is multi-threaded, use of fork() may lead to deadlocks in the child.
  pid = os.fork()

[2025-08-20T17:02:20.619+0000] {standard_task_runner.py:63} INFO - Started process 686 to run task
[2025-08-20T17:02:20.619+0000] {standard_task_runner.py:90} INFO - Running: ['***', 'tasks', 'run', 'ml_pipeline_dvc', 'train_outlier_detector_dvc', 'manual__2025-08-20T17:01:44.656788+00:00', '--job-id', '7', '--raw', '--subdir', 'DAGS_FOLDER/dvc_dag.py', '--cfg-path', '/tmp/tmplkw5h_jy']
[2025-08-20T17:02:20.621+0000] {standard_task_runner.py:91} INFO - Job 7: Subtask train_outlier_detector_dvc
[2025-08-20T17:02:20.688+0000] {task_command.py:426} INFO - Running <TaskInstance: ml_pipeline_dvc.train_outlier_detector_dvc manual__2025-08-20T17:01:44.656788+00:00 [running]> on host d741d36e6db0
[2025-08-20T17:02:20.827+0000] {taskinstance.py:2648} INFO - Exporting env vars: AIRFLOW_CTX_DAG_OWNER='yas' AIRFLOW_CTX_DAG_ID='ml_pipeline_dvc' AIRFLOW_CTX_TASK_ID='train_outlier_detector_dvc' AIRFLOW_CTX_EXECUTION_DATE='2025-08-20T17:01:44.656788+00:00' AIRFLOW_CTX_TRY_NUMBER='1' AIRFLOW_CTX_DAG_RUN_ID='manual__2025-08-20T17:01:44.656788+00:00'
[2025-08-20T17:02:20.829+0000] {taskinstance.py:430} INFO - ::endgroup::
[2025-08-20T17:02:20.849+0000] {subprocess.py:63} INFO - Tmp dir root location: /tmp
[2025-08-20T17:02:20.850+0000] {subprocess.py:75} INFO - Running command: ['/usr/bin/bash', '-c', '\n            cd /opt/***/ml_pipeline\n            dvc pull --force\n            dvc repro train_outlier\n            dvc push\n        ']
[2025-08-20T17:02:20.863+0000] {subprocess.py:86} INFO - Output:
[2025-08-20T17:02:24.648+0000] {subprocess.py:93} INFO - Everything is up to date.
[2025-08-20T17:02:27.848+0000] {subprocess.py:93} INFO - Stage 'ingest' didn't change, skipping
[2025-08-20T17:02:27.883+0000] {subprocess.py:93} INFO - Stage 'preprocess' didn't change, skipping
[2025-08-20T17:02:27.928+0000] {subprocess.py:93} INFO - Stage 'train_outlier' didn't change, skipping
[2025-08-20T17:02:27.934+0000] {subprocess.py:93} INFO - Data and pipelines are up to date.
[2025-08-20T17:02:31.751+0000] {subprocess.py:93} INFO - Everything is up to date.
[2025-08-20T17:02:32.139+0000] {subprocess.py:97} INFO - Command exited with return code 0
[2025-08-20T17:02:32.141+0000] {taskinstance.py:441} INFO - ::group::Post task execution logs
[2025-08-20T17:02:32.172+0000] {taskinstance.py:1206} INFO - Marking task as SUCCESS. dag_id=ml_pipeline_dvc, task_id=train_outlier_detector_dvc, run_id=manual__2025-08-20T17:01:44.656788+00:00, execution_date=20250820T170144, start_date=20250820T170220, end_date=20250820T170232
[2025-08-20T17:02:32.196+0000] {local_task_job_runner.py:240} INFO - Task exited with return code 0
[2025-08-20T17:02:32.221+0000] {taskinstance.py:3498} INFO - 1 downstream tasks scheduled from follow-on schedule check
[2025-08-20T17:02:32.223+0000] {local_task_job_runner.py:222} INFO - ::endgroup::
