[2025-08-15T01:01:23.387+0000] {local_task_job_runner.py:120} INFO - ::group::Pre task execution logs
[2025-08-15T01:01:23.538+0000] {taskinstance.py:2076} INFO - Dependencies all met for dep_context=non-requeueable deps ti=<TaskInstance: ml_pipeline_dvc.preprocess_dvc manual__2025-08-15T01:01:20.258162+00:00 [queued]>
[2025-08-15T01:01:23.601+0000] {taskinstance.py:2076} INFO - Dependencies all met for dep_context=requeueable deps ti=<TaskInstance: ml_pipeline_dvc.preprocess_dvc manual__2025-08-15T01:01:20.258162+00:00 [queued]>
[2025-08-15T01:01:23.603+0000] {taskinstance.py:2306} INFO - Starting attempt 1 of 1
[2025-08-15T01:01:23.677+0000] {taskinstance.py:2330} INFO - Executing <Task(BashOperator): preprocess_dvc> on 2025-08-15 01:01:20.258162+00:00
[2025-08-15T01:01:23.693+0000] {warnings.py:110} WARNING - /home/***/.local/lib/python3.12/site-packages/***/task/task_runner/standard_task_runner.py:61: DeprecationWarning: This process (pid=901) is multi-threaded, use of fork() may lead to deadlocks in the child.
  pid = os.fork()

[2025-08-15T01:01:23.698+0000] {standard_task_runner.py:63} INFO - Started process 902 to run task
[2025-08-15T01:01:23.697+0000] {standard_task_runner.py:90} INFO - Running: ['***', 'tasks', 'run', 'ml_pipeline_dvc', 'preprocess_dvc', 'manual__2025-08-15T01:01:20.258162+00:00', '--job-id', '226', '--raw', '--subdir', 'DAGS_FOLDER/train_pipeline_dag.py', '--cfg-path', '/tmp/tmpk1pcrsr5']
[2025-08-15T01:01:23.699+0000] {standard_task_runner.py:91} INFO - Job 226: Subtask preprocess_dvc
[2025-08-15T01:01:23.809+0000] {task_command.py:426} INFO - Running <TaskInstance: ml_pipeline_dvc.preprocess_dvc manual__2025-08-15T01:01:20.258162+00:00 [running]> on host 97971cf4e9e1
[2025-08-15T01:01:24.110+0000] {taskinstance.py:2648} INFO - Exporting env vars: AIRFLOW_CTX_DAG_OWNER='yas' AIRFLOW_CTX_DAG_ID='ml_pipeline_dvc' AIRFLOW_CTX_TASK_ID='preprocess_dvc' AIRFLOW_CTX_EXECUTION_DATE='2025-08-15T01:01:20.258162+00:00' AIRFLOW_CTX_TRY_NUMBER='1' AIRFLOW_CTX_DAG_RUN_ID='manual__2025-08-15T01:01:20.258162+00:00'
[2025-08-15T01:01:24.114+0000] {taskinstance.py:430} INFO - ::endgroup::
[2025-08-15T01:01:24.179+0000] {subprocess.py:63} INFO - Tmp dir root location: /tmp
[2025-08-15T01:01:24.183+0000] {subprocess.py:75} INFO - Running command: ['/usr/bin/bash', '-c', '\n        cd /opt/***/ml_pipeline\n        dvc pull data/raw.dvc version_meta.json.dvc \n        dvc repro preprocess\n        dvc push\n        ']
[2025-08-15T01:01:24.211+0000] {subprocess.py:86} INFO - Output:
[2025-08-15T01:01:28.639+0000] {subprocess.py:93} INFO - Everything is up to date.
[2025-08-15T01:01:32.214+0000] {subprocess.py:93} INFO - 'data/raw.dvc' didn't change, skipping
[2025-08-15T01:01:32.247+0000] {subprocess.py:93} INFO - 'version_meta.json.dvc' didn't change, skipping
[2025-08-15T01:01:32.367+0000] {subprocess.py:93} INFO - Running stage 'preprocess':
[2025-08-15T01:01:32.368+0000] {subprocess.py:93} INFO - > python preprocessing/preprocess_task.py
[2025-08-15T01:01:35.135+0000] {subprocess.py:93} INFO - {"asctime": "2025-08-15 01:01:35,019", "levelname": "INFO", "name": "preprocessing_pipeline", "trace_id": null, "span_id": null, "message": "version_meta.json loaded from local path!"}
[2025-08-15T01:01:35.168+0000] {subprocess.py:93} INFO - {"asctime": "2025-08-15 01:01:35,167", "levelname": "INFO", "name": "preprocessing_pipeline", "trace_id": null, "span_id": null, "message": "preprocessor trained!"}
[2025-08-15T01:01:35.172+0000] {subprocess.py:93} INFO - Traceback (most recent call last):
[2025-08-15T01:01:35.173+0000] {subprocess.py:93} INFO -   File "/opt/***/ml_pipeline/preprocessing/preprocess_task.py", line 54, in <module>
[2025-08-15T01:01:35.174+0000] {subprocess.py:93} INFO -     os.makedirs("data/processed", exist_ok=True, parents=True)
[2025-08-15T01:01:35.174+0000] {subprocess.py:93} INFO - TypeError: makedirs() got an unexpected keyword argument 'parents'
[2025-08-15T01:01:35.464+0000] {subprocess.py:93} INFO - ERROR: failed to reproduce 'preprocess': failed to run: python preprocessing/preprocess_task.py, exited with 1
[2025-08-15T01:01:38.917+0000] {subprocess.py:93} INFO - Everything is up to date.
[2025-08-15T01:01:39.165+0000] {subprocess.py:97} INFO - Command exited with return code 0
[2025-08-15T01:01:39.167+0000] {taskinstance.py:441} INFO - ::group::Post task execution logs
[2025-08-15T01:01:39.204+0000] {taskinstance.py:1206} INFO - Marking task as SUCCESS. dag_id=ml_pipeline_dvc, task_id=preprocess_dvc, run_id=manual__2025-08-15T01:01:20.258162+00:00, execution_date=20250815T010120, start_date=20250815T010123, end_date=20250815T010139
[2025-08-15T01:01:39.241+0000] {local_task_job_runner.py:240} INFO - Task exited with return code 0
[2025-08-15T01:01:39.261+0000] {taskinstance.py:3498} INFO - 0 downstream tasks scheduled from follow-on schedule check
[2025-08-15T01:01:39.263+0000] {local_task_job_runner.py:222} INFO - ::endgroup::
