{"timestamp":"2025-08-22T20:42:47.680648","level":"info","event":"DAG bundles loaded: dags-folder","logger":"airflow.dag_processing.bundles.manager.DagBundlesManager"}
{"timestamp":"2025-08-22T20:42:47.682071","level":"info","event":"Filling up the DagBag from /opt/airflow/dags/ml_pipeline_dvc_dag.py","logger":"airflow.models.dagbag.DagBag"}
{"timestamp":"2025-08-22T20:42:47.732604","level":"info","event":"Tmp dir root location: /tmp","logger":"airflow.task.hooks.airflow.providers.standard.hooks.subprocess.SubprocessHook"}
{"timestamp":"2025-08-22T20:42:47.733554","level":"info","event":"Running command: ['/usr/bin/bash', '-c', '\\n            git config --global --add safe.directory /opt/airflow/ml_pipeline\\n            cd /opt/airflow/ml_pipeline\\n            dvc pull --force\\n            dvc repro train_model --force\\n            dvc push\\n        ']","logger":"airflow.task.hooks.airflow.providers.standard.hooks.subprocess.SubprocessHook"}
{"timestamp":"2025-08-22T20:42:47.749566","level":"info","event":"Output:","logger":"airflow.task.hooks.airflow.providers.standard.hooks.subprocess.SubprocessHook"}
{"timestamp":"2025-08-22T20:42:52.743353","level":"info","event":"M       artifacts/models/outlier/","logger":"airflow.task.hooks.airflow.providers.standard.hooks.subprocess.SubprocessHook"}
{"timestamp":"2025-08-22T20:42:52.748956","level":"info","event":"1 file modified","logger":"airflow.task.hooks.airflow.providers.standard.hooks.subprocess.SubprocessHook"}
{"timestamp":"2025-08-22T20:42:57.309145","level":"info","event":"Running stage 'ingest':","logger":"airflow.task.hooks.airflow.providers.standard.hooks.subprocess.SubprocessHook"}
{"timestamp":"2025-08-22T20:42:57.309394","level":"info","event":"> python data/ingest/etl_task.py && python data/ingest/download_data.py","logger":"airflow.task.hooks.airflow.providers.standard.hooks.subprocess.SubprocessHook"}
{"timestamp":"2025-08-22T20:42:59.553572","level":"info","event":"{\"asctime\": \"2025-08-22 20:42:59,553\", \"levelname\": \"INFO\", \"name\": \"model_training\", \"trace_id\": null, \"span_id\": null, \"message\": \"AWS ENDPOINT is: http://minio:9000\"}","logger":"airflow.task.hooks.airflow.providers.standard.hooks.subprocess.SubprocessHook"}
{"timestamp":"2025-08-22T20:42:59.563644","level":"info","event":"{\"asctime\": \"2025-08-22 20:42:59,563\", \"levelname\": \"INFO\", \"name\": \"model_training\", \"trace_id\": null, \"span_id\": null, \"message\": \"Simulated data generated.\"}","logger":"airflow.task.hooks.airflow.providers.standard.hooks.subprocess.SubprocessHook"}
{"timestamp":"2025-08-22T20:42:59.601248","level":"info","event":"{\"asctime\": \"2025-08-22 20:42:59,600\", \"levelname\": \"INFO\", \"name\": \"model_training\", \"trace_id\": null, \"span_id\": null, \"message\": \"Simulated data saved at s3://mlflow-artifacts/data/raw/fraud_data_v20250822_204259.csv.\"}","logger":"airflow.task.hooks.airflow.providers.standard.hooks.subprocess.SubprocessHook"}
{"timestamp":"2025-08-22T20:42:59.603624","level":"info","event":"{\"asctime\": \"2025-08-22 20:42:59,603\", \"levelname\": \"INFO\", \"name\": \"model_training\", \"trace_id\": null, \"span_id\": null, \"message\": \"\\u2705 Saved version_meta.json locally.\"}","logger":"airflow.task.hooks.airflow.providers.standard.hooks.subprocess.SubprocessHook"}
{"timestamp":"2025-08-22T20:42:59.625195","level":"info","event":"{\"asctime\": \"2025-08-22 20:42:59,624\", \"levelname\": \"INFO\", \"name\": \"model_training\", \"trace_id\": null, \"span_id\": null, \"message\": \"Meta Version saved to: s3://mlflow-artifacts/data/raw/metadata_v20250822_204259.json\"}","logger":"airflow.task.hooks.airflow.providers.standard.hooks.subprocess.SubprocessHook"}
{"timestamp":"2025-08-22T20:43:00.909315","level":"info","event":"{\"asctime\": \"2025-08-22 20:43:00,908\", \"levelname\": \"INFO\", \"name\": \"model_training\", \"trace_id\": null, \"span_id\": null, \"message\": \"\\u2705 Data saved locally in data/raw\"}","logger":"airflow.task.hooks.airflow.providers.standard.hooks.subprocess.SubprocessHook"}
{"timestamp":"2025-08-22T20:43:01.140005","level":"info","event":"Updating lock file 'dvc.lock'","logger":"airflow.task.hooks.airflow.providers.standard.hooks.subprocess.SubprocessHook"}
{"timestamp":"2025-08-22T20:43:01.151462","level":"info","event":"","logger":"airflow.task.hooks.airflow.providers.standard.hooks.subprocess.SubprocessHook"}
{"timestamp":"2025-08-22T20:43:01.173387","level":"info","event":"Running stage 'preprocess':","logger":"airflow.task.hooks.airflow.providers.standard.hooks.subprocess.SubprocessHook"}
{"timestamp":"2025-08-22T20:43:01.173804","level":"info","event":"> python data/preprocessing/preprocess_task.py","logger":"airflow.task.hooks.airflow.providers.standard.hooks.subprocess.SubprocessHook"}
{"timestamp":"2025-08-22T20:43:03.660691","level":"info","event":"{\"asctime\": \"2025-08-22 20:43:03,660\", \"levelname\": \"INFO\", \"name\": \"preprocessing_pipeline\", \"trace_id\": null, \"span_id\": null, \"message\": \"version_meta.json loaded from local path!\"}","logger":"airflow.task.hooks.airflow.providers.standard.hooks.subprocess.SubprocessHook"}
{"timestamp":"2025-08-22T20:43:03.680895","level":"info","event":"{\"asctime\": \"2025-08-22 20:43:03,680\", \"levelname\": \"INFO\", \"name\": \"preprocessing_pipeline\", \"trace_id\": null, \"span_id\": null, \"message\": \"preprocessor trained!\"}","logger":"airflow.task.hooks.airflow.providers.standard.hooks.subprocess.SubprocessHook"}
{"timestamp":"2025-08-22T20:43:03.684801","level":"info","event":"{\"asctime\": \"2025-08-22 20:43:03,684\", \"levelname\": \"INFO\", \"name\": \"preprocessing_pipeline\", \"trace_id\": null, \"span_id\": null, \"message\": \"preprocessor saved to local path artifacts/preprocess/fraud_pipeline_v20250822_204259.pkl!\"}","logger":"airflow.task.hooks.airflow.providers.standard.hooks.subprocess.SubprocessHook"}
{"timestamp":"2025-08-22T20:43:03.687245","level":"info","event":"{\"asctime\": \"2025-08-22 20:43:03,687\", \"levelname\": \"INFO\", \"name\": \"preprocessing_pipeline\", \"trace_id\": null, \"span_id\": null, \"message\": \"\\u2705 Saved pipeline at: artifacts/preprocess/fraud_pipeline_v20250822_204259.pkl\"}","logger":"airflow.task.hooks.airflow.providers.standard.hooks.subprocess.SubprocessHook"}
{"timestamp":"2025-08-22T20:43:03.687396","level":"info","event":"{\"asctime\": \"2025-08-22 20:43:03,687\", \"levelname\": \"INFO\", \"name\": \"preprocessing_pipeline\", \"trace_id\": null, \"span_id\": null, \"message\": \"\\ud83d\\udcc4 Saved metadata: artifacts/preprocess/preprocess_metadata_v20250822_204259.json\"}","logger":"airflow.task.hooks.airflow.providers.standard.hooks.subprocess.SubprocessHook"}
{"timestamp":"2025-08-22T20:43:03.687491","level":"info","event":"{\"asctime\": \"2025-08-22 20:43:03,687\", \"levelname\": \"INFO\", \"name\": \"preprocessing_pipeline\", \"trace_id\": null, \"span_id\": null, \"message\": \"\\ud83d\\udce6 Updated version_meta.json\"}","logger":"airflow.task.hooks.airflow.providers.standard.hooks.subprocess.SubprocessHook"}
{"timestamp":"2025-08-22T20:43:04.073176","level":"info","event":"Updating lock file 'dvc.lock'","logger":"airflow.task.hooks.airflow.providers.standard.hooks.subprocess.SubprocessHook"}
{"timestamp":"2025-08-22T20:43:04.086170","level":"info","event":"","logger":"airflow.task.hooks.airflow.providers.standard.hooks.subprocess.SubprocessHook"}
{"timestamp":"2025-08-22T20:43:04.119628","level":"info","event":"Running stage 'train_model':","logger":"airflow.task.hooks.airflow.providers.standard.hooks.subprocess.SubprocessHook"}
{"timestamp":"2025-08-22T20:43:04.119958","level":"info","event":"> python models/train_fraud_detector_task.py","logger":"airflow.task.hooks.airflow.providers.standard.hooks.subprocess.SubprocessHook"}
{"timestamp":"2025-08-22T20:43:08.117951","level":"info","event":"{\"asctime\": \"2025-08-22 20:43:08,117\", \"levelname\": \"INFO\", \"name\": \"model_training\", \"trace_id\": null, \"span_id\": null, \"message\": \"MLflow run id: 31b62308b00b4763b92c4c87d63c1c99\"}","logger":"airflow.task.hooks.airflow.providers.standard.hooks.subprocess.SubprocessHook"}
{"timestamp":"2025-08-22T20:43:08.303001","level":"info","event":"{\"asctime\": \"2025-08-22 20:43:08,302\", \"levelname\": \"INFO\", \"name\": \"model_training\", \"trace_id\": null, \"span_id\": null, \"message\": \"Loading preprocessor from artifacts/preprocess/fraud_pipeline_v20250822_204259.pkl to process raw data\"}","logger":"airflow.task.hooks.airflow.providers.standard.hooks.subprocess.SubprocessHook"}
{"timestamp":"2025-08-22T20:43:08.340672","level":"info","event":"{\"asctime\": \"2025-08-22 20:43:08,340\", \"levelname\": \"INFO\", \"name\": \"model_training\", \"trace_id\": null, \"span_id\": null, \"message\": \"Preprocessing/transform applied to raw data.\"}","logger":"airflow.task.hooks.airflow.providers.standard.hooks.subprocess.SubprocessHook"}
{"timestamp":"2025-08-22T20:43:08.392174","level":"info","event":"{\"asctime\": \"2025-08-22 20:43:08,388\", \"levelname\": \"INFO\", \"name\": \"model_training\", \"trace_id\": null, \"span_id\": null, \"message\": \"Evaluation metrics: {'accuracy': 0.998, 'f1_score': 0.9655172413793104, 'precision': 1.0, 'recall': 0.9333333333333333, 'auc': 0.9999312714776633}\"}","logger":"airflow.task.hooks.airflow.providers.standard.hooks.subprocess.SubprocessHook"}
{"timestamp":"2025-08-22T20:43:08.719190","level":"info","event":"/home/airflow/.local/lib/python3.11/site-packages/mlflow/data/dataset_source_registry.py:149: UserWarning: Failed to determine whether UCVolumeDatasetSource can resolve source information for 's3://mlflow-artifacts/data/raw/fraud_data_v20250822_204259.csv'. Exception:","logger":"airflow.task.hooks.airflow.providers.standard.hooks.subprocess.SubprocessHook"}
{"timestamp":"2025-08-22T20:43:08.719477","level":"info","event":"  return _dataset_source_registry.resolve(","logger":"airflow.task.hooks.airflow.providers.standard.hooks.subprocess.SubprocessHook"}
{"timestamp":"2025-08-22T20:43:08.735821","level":"info","event":"/home/airflow/.local/lib/python3.11/site-packages/mlflow/types/utils.py:452: UserWarning: Hint: Inferred schema contains integer column(s). Integer columns in Python cannot represent missing values. If your input data contains missing values at inference time, it will be encoded as floats and will cause a schema enforcement error. The best way to avoid this problem is to infer the model schema based on a realistic data sample (training dataset) that includes missing values. Alternatively, you can declare integer columns as doubles (float64) whenever these columns may have missing values. See `Handling Integers With Missing Values <https://www.mlflow.org/docs/latest/models.html#handling-integers-with-missing-values>`_ for more details.","logger":"airflow.task.hooks.airflow.providers.standard.hooks.subprocess.SubprocessHook"}
{"timestamp":"2025-08-22T20:43:08.736019","level":"info","event":"  warnings.warn(","logger":"airflow.task.hooks.airflow.providers.standard.hooks.subprocess.SubprocessHook"}
{"timestamp":"2025-08-22T20:43:15.712087","level":"info","event":"Registered model 'FraudDetectionModel' already exists. Creating a new version of this model...","logger":"airflow.task.hooks.airflow.providers.standard.hooks.subprocess.SubprocessHook"}
{"timestamp":"2025-08-22T20:43:15.885683","level":"info","event":"2025/08/22 20:43:15 INFO mlflow.store.model_registry.abstract_store: Waiting up to 300 seconds for model version to finish creation. Model name: FraudDetectionModel, version 8","logger":"airflow.task.hooks.airflow.providers.standard.hooks.subprocess.SubprocessHook"}
{"timestamp":"2025-08-22T20:43:15.886014","level":"info","event":"Created version '8' of model 'FraudDetectionModel'.","logger":"airflow.task.hooks.airflow.providers.standard.hooks.subprocess.SubprocessHook"}
{"timestamp":"2025-08-22T20:43:15.922394","level":"info","event":"{\"asctime\": \"2025-08-22 20:43:15,921\", \"levelname\": \"INFO\", \"name\": \"model_training\", \"trace_id\": null, \"span_id\": null, \"message\": \"Model pipeline logged to MLflow (artifact_path='model')\"}","logger":"airflow.task.hooks.airflow.providers.standard.hooks.subprocess.SubprocessHook"}
{"timestamp":"2025-08-22T20:43:15.952534","level":"info","event":"/opt/airflow/ml_pipeline/models/train_fraud_detector_task.py:226: FutureWarning: ``mlflow.tracking.client.MlflowClient.transition_model_version_stage`` is deprecated since 2.9.0. Model registry stages will be removed in a future major release. To learn more about the deprecation of model registry stages, see our migration guide here: https://mlflow.org/docs/latest/model-registry.html#migrating-from-stages","logger":"airflow.task.hooks.airflow.providers.standard.hooks.subprocess.SubprocessHook"}
{"timestamp":"2025-08-22T20:43:15.952731","level":"info","event":"  client.transition_model_version_stage(","logger":"airflow.task.hooks.airflow.providers.standard.hooks.subprocess.SubprocessHook"}
{"timestamp":"2025-08-22T20:43:15.984949","level":"info","event":"{\"asctime\": \"2025-08-22 20:43:15,984\", \"levelname\": \"INFO\", \"name\": \"model_training\", \"trace_id\": null, \"span_id\": null, \"message\": \"Model registered and transitioned to 'Production' (version 8)\"}","logger":"airflow.task.hooks.airflow.providers.standard.hooks.subprocess.SubprocessHook"}
{"timestamp":"2025-08-22T20:43:15.985126","level":"info","event":"{\"asctime\": \"2025-08-22 20:43:15,984\", \"levelname\": \"INFO\", \"name\": \"model_training\", \"trace_id\": null, \"span_id\": null, \"message\": \"\\u2705 Training & registration complete.\"}","logger":"airflow.task.hooks.airflow.providers.standard.hooks.subprocess.SubprocessHook"}
{"timestamp":"2025-08-22T20:43:16.016047","level":"info","event":"🏃 View run train_v20250822_204259 at: http://mlflow:5000/#/experiments/2/runs/31b62308b00b4763b92c4c87d63c1c99","logger":"airflow.task.hooks.airflow.providers.standard.hooks.subprocess.SubprocessHook"}
{"timestamp":"2025-08-22T20:43:16.016232","level":"info","event":"🧪 View experiment at: http://mlflow:5000/#/experiments/2","logger":"airflow.task.hooks.airflow.providers.standard.hooks.subprocess.SubprocessHook"}
{"timestamp":"2025-08-22T20:43:16.642525","level":"info","event":"Updating lock file 'dvc.lock'","logger":"airflow.task.hooks.airflow.providers.standard.hooks.subprocess.SubprocessHook"}
{"timestamp":"2025-08-22T20:43:16.652546","level":"info","event":"","logger":"airflow.task.hooks.airflow.providers.standard.hooks.subprocess.SubprocessHook"}
{"timestamp":"2025-08-22T20:43:16.652716","level":"info","event":"To track the changes with git, run:","logger":"airflow.task.hooks.airflow.providers.standard.hooks.subprocess.SubprocessHook"}
{"timestamp":"2025-08-22T20:43:16.652856","level":"info","event":"","logger":"airflow.task.hooks.airflow.providers.standard.hooks.subprocess.SubprocessHook"}
{"timestamp":"2025-08-22T20:43:16.652988","level":"info","event":"\tgit add dvc.lock","logger":"airflow.task.hooks.airflow.providers.standard.hooks.subprocess.SubprocessHook"}
{"timestamp":"2025-08-22T20:43:16.653134","level":"info","event":"","logger":"airflow.task.hooks.airflow.providers.standard.hooks.subprocess.SubprocessHook"}
{"timestamp":"2025-08-22T20:43:16.653268","level":"info","event":"To enable auto staging, run:","logger":"airflow.task.hooks.airflow.providers.standard.hooks.subprocess.SubprocessHook"}
{"timestamp":"2025-08-22T20:43:16.653495","level":"info","event":"","logger":"airflow.task.hooks.airflow.providers.standard.hooks.subprocess.SubprocessHook"}
{"timestamp":"2025-08-22T20:43:16.653636","level":"info","event":"\tdvc config core.autostage true","logger":"airflow.task.hooks.airflow.providers.standard.hooks.subprocess.SubprocessHook"}
{"timestamp":"2025-08-22T20:43:16.658822","level":"info","event":"Use `dvc push` to send your updates to remote storage.","logger":"airflow.task.hooks.airflow.providers.standard.hooks.subprocess.SubprocessHook"}
{"timestamp":"2025-08-22T20:43:21.146855","level":"info","event":"5 files pushed","logger":"airflow.task.hooks.airflow.providers.standard.hooks.subprocess.SubprocessHook"}
{"timestamp":"2025-08-22T20:43:21.668193","level":"info","event":"Command exited with return code 0","logger":"airflow.task.hooks.airflow.providers.standard.hooks.subprocess.SubprocessHook"}
{"timestamp":"2025-08-22T20:43:21.670141","level":"info","event":"Pushing xcom","ti":"RuntimeTaskInstance(id=UUID('0198d384-5cdb-773f-b50d-690a92520f8d'), task_id='train_fraud_detector_dvc', dag_id='ml_pipeline_dvc', run_id='manual__2025-08-22T20:42:03.841080+00:00', try_number=1, map_index=-1, hostname='d80daa12ecb0', context_carrier={}, task=<Task(BashOperator): train_fraud_detector_dvc>, bundle_instance=LocalDagBundle(name=dags-folder), max_tries=0, start_date=datetime.datetime(2025, 8, 22, 20, 42, 47, 624402, tzinfo=datetime.timezone.utc), end_date=None, state=<TaskInstanceState.RUNNING: 'running'>, is_mapped=False, rendered_map_index=None, log_url='http://localhost:8080/dags/ml_pipeline_dvc/runs/manual__2025-08-22T20%3A42%3A03.841080%2B00%3A00/tasks/train_fraud_detector_dvc?try_number=1')","logger":"task"}
