[2025-08-12T21:53:31.778+0000] {local_task_job_runner.py:120} INFO - ::group::Pre task execution logs
[2025-08-12T21:53:31.822+0000] {taskinstance.py:2076} INFO - Dependencies all met for dep_context=non-requeueable deps ti=<TaskInstance: ml_pipeline_dvc.train_outlier manual__2025-08-12T21:43:02.219062+00:00 [queued]>
[2025-08-12T21:53:31.838+0000] {taskinstance.py:2076} INFO - Dependencies all met for dep_context=requeueable deps ti=<TaskInstance: ml_pipeline_dvc.train_outlier manual__2025-08-12T21:43:02.219062+00:00 [queued]>
[2025-08-12T21:53:31.839+0000] {taskinstance.py:2306} INFO - Starting attempt 2 of 2
[2025-08-12T21:53:31.859+0000] {taskinstance.py:2330} INFO - Executing <Task(BashOperator): train_outlier> on 2025-08-12 21:43:02.219062+00:00
[2025-08-12T21:53:31.868+0000] {warnings.py:110} WARNING - /home/***/.local/lib/python3.12/site-packages/***/task/task_runner/standard_task_runner.py:61: DeprecationWarning: This process (pid=1102) is multi-threaded, use of fork() may lead to deadlocks in the child.
  pid = os.fork()

[2025-08-12T21:53:31.871+0000] {standard_task_runner.py:63} INFO - Started process 1119 to run task
[2025-08-12T21:53:31.872+0000] {standard_task_runner.py:90} INFO - Running: ['***', 'tasks', 'run', 'ml_pipeline_dvc', 'train_outlier', 'manual__2025-08-12T21:43:02.219062+00:00', '--job-id', '197', '--raw', '--subdir', 'DAGS_FOLDER/train_pipeline_dag.py', '--cfg-path', '/tmp/tmp4_yrxltj']
[2025-08-12T21:53:31.874+0000] {standard_task_runner.py:91} INFO - Job 197: Subtask train_outlier
[2025-08-12T21:53:31.978+0000] {task_command.py:426} INFO - Running <TaskInstance: ml_pipeline_dvc.train_outlier manual__2025-08-12T21:43:02.219062+00:00 [running]> on host ae67cab33f2f
[2025-08-12T21:53:32.134+0000] {taskinstance.py:2648} INFO - Exporting env vars: AIRFLOW_CTX_DAG_OWNER='yas' AIRFLOW_CTX_DAG_ID='ml_pipeline_dvc' AIRFLOW_CTX_TASK_ID='train_outlier' AIRFLOW_CTX_EXECUTION_DATE='2025-08-12T21:43:02.219062+00:00' AIRFLOW_CTX_TRY_NUMBER='2' AIRFLOW_CTX_DAG_RUN_ID='manual__2025-08-12T21:43:02.219062+00:00'
[2025-08-12T21:53:32.135+0000] {taskinstance.py:430} INFO - ::endgroup::
[2025-08-12T21:53:32.153+0000] {subprocess.py:63} INFO - Tmp dir root location: /tmp
[2025-08-12T21:53:32.154+0000] {subprocess.py:75} INFO - Running command: ['/usr/bin/bash', '-c', 'cd /opt/***/ml_pipeline && dvc repro train_outlier']
[2025-08-12T21:53:32.173+0000] {subprocess.py:86} INFO - Output:
[2025-08-12T21:53:37.485+0000] {subprocess.py:93} INFO - ERROR: failed to reproduce 'preprocess': Forbidden: An error occurred (403) when calling the HeadObject operation: Forbidden
[2025-08-12T21:53:38.014+0000] {subprocess.py:97} INFO - Command exited with return code 255
[2025-08-12T21:53:38.016+0000] {taskinstance.py:441} INFO - ::group::Post task execution logs
[2025-08-12T21:53:38.070+0000] {taskinstance.py:2905} ERROR - Task failed with exception
Traceback (most recent call last):
  File "/home/airflow/.local/lib/python3.12/site-packages/airflow/models/taskinstance.py", line 465, in _execute_task
    result = _execute_callable(context=context, **execute_callable_kwargs)
             ^^^^^^^^^^^^^^^^^^^^^^^^^^^^^^^^^^^^^^^^^^^^^^^^^^^^^^^^^^^^^
  File "/home/airflow/.local/lib/python3.12/site-packages/airflow/models/taskinstance.py", line 432, in _execute_callable
    return execute_callable(context=context, **execute_callable_kwargs)
           ^^^^^^^^^^^^^^^^^^^^^^^^^^^^^^^^^^^^^^^^^^^^^^^^^^^^^^^^^^^^
  File "/home/airflow/.local/lib/python3.12/site-packages/airflow/models/baseoperator.py", line 400, in wrapper
    return func(self, *args, **kwargs)
           ^^^^^^^^^^^^^^^^^^^^^^^^^^^
  File "/home/airflow/.local/lib/python3.12/site-packages/airflow/operators/bash.py", line 243, in execute
    raise AirflowException(
airflow.exceptions.AirflowException: Bash command failed. The command returned a non-zero exit code 255.
[2025-08-12T21:53:38.102+0000] {taskinstance.py:1206} INFO - Marking task as FAILED. dag_id=ml_pipeline_dvc, task_id=train_outlier, run_id=manual__2025-08-12T21:43:02.219062+00:00, execution_date=20250812T214302, start_date=20250812T215331, end_date=20250812T215338
[2025-08-12T21:53:38.140+0000] {standard_task_runner.py:110} ERROR - Failed to execute job 197 for task train_outlier (Bash command failed. The command returned a non-zero exit code 255.; 1119)
[2025-08-12T21:53:38.193+0000] {local_task_job_runner.py:240} INFO - Task exited with return code 1
[2025-08-12T21:53:38.216+0000] {taskinstance.py:3498} INFO - 0 downstream tasks scheduled from follow-on schedule check
[2025-08-12T21:53:38.218+0000] {local_task_job_runner.py:222} INFO - ::endgroup::
