{"timestamp":"2025-08-21T20:11:03.612770","level":"info","event":"DAG bundles loaded: dags-folder","logger":"airflow.dag_processing.bundles.manager.DagBundlesManager"}
{"timestamp":"2025-08-21T20:11:03.614141","level":"info","event":"Filling up the DagBag from /opt/airflow/dags/ml_pipeline_dvc_dag.py","logger":"airflow.models.dagbag.DagBag"}
{"timestamp":"2025-08-21T20:11:03.665695","level":"info","event":"Tmp dir root location: /tmp","logger":"airflow.task.hooks.airflow.providers.standard.hooks.subprocess.SubprocessHook"}
{"timestamp":"2025-08-21T20:11:03.666844","level":"info","event":"Running command: ['/usr/bin/bash', '-c', '\\n            cd /opt/airflow/ml_pipeline\\n            dvc pull --force\\n            dvc repro train_outlier\\n            dvc push\\n        ']","logger":"airflow.task.hooks.airflow.providers.standard.hooks.subprocess.SubprocessHook"}
{"timestamp":"2025-08-21T20:11:03.680582","level":"info","event":"Output:","logger":"airflow.task.hooks.airflow.providers.standard.hooks.subprocess.SubprocessHook"}
{"timestamp":"2025-08-21T20:11:07.968424","level":"info","event":"Everything is up to date.","logger":"airflow.task.hooks.airflow.providers.standard.hooks.subprocess.SubprocessHook"}
{"timestamp":"2025-08-21T20:11:13.703291","level":"info","event":"Stage 'ingest' didn't change, skipping","logger":"airflow.task.hooks.airflow.providers.standard.hooks.subprocess.SubprocessHook"}
{"timestamp":"2025-08-21T20:11:13.777899","level":"info","event":"Stage 'preprocess' didn't change, skipping","logger":"airflow.task.hooks.airflow.providers.standard.hooks.subprocess.SubprocessHook"}
{"timestamp":"2025-08-21T20:11:13.939144","level":"info","event":"Running stage 'train_outlier':","logger":"airflow.task.hooks.airflow.providers.standard.hooks.subprocess.SubprocessHook"}
{"timestamp":"2025-08-21T20:11:13.939366","level":"info","event":"> python models/train_outlier_detector_task.py","logger":"airflow.task.hooks.airflow.providers.standard.hooks.subprocess.SubprocessHook"}
{"timestamp":"2025-08-21T20:11:18.313578","level":"info","event":"{\"asctime\": \"2025-08-21 20:11:18,313\", \"levelname\": \"INFO\", \"name\": \"model_training\", \"trace_id\": null, \"span_id\": null, \"message\": \"Anomaly threshold is set to be -0.4708441157115287 according to the model.\"}","logger":"airflow.task.hooks.airflow.providers.standard.hooks.subprocess.SubprocessHook"}
{"timestamp":"2025-08-21T20:11:18.700750","level":"info","event":"{\"asctime\": \"2025-08-21 20:11:18,700\", \"levelname\": \"INFO\", \"name\": \"model_training\", \"trace_id\": null, \"span_id\": null, \"message\": \"MLflow run id: 54cbed51967e4f31abb3da4a512704ef\"}","logger":"airflow.task.hooks.airflow.providers.standard.hooks.subprocess.SubprocessHook"}
{"timestamp":"2025-08-21T20:11:26.252585","level":"info","event":"{\"asctime\": \"2025-08-21 20:11:26,247\", \"levelname\": \"INFO\", \"name\": \"model_training\", \"trace_id\": null, \"span_id\": null, \"message\": \"Outlier detector and its artifact logged.\"}","logger":"airflow.task.hooks.airflow.providers.standard.hooks.subprocess.SubprocessHook"}
{"timestamp":"2025-08-21T20:11:26.368931","level":"info","event":"Registered model 'OutlierDetectionModel' already exists. Creating a new version of this model...","logger":"airflow.task.hooks.airflow.providers.standard.hooks.subprocess.SubprocessHook"}
{"timestamp":"2025-08-21T20:11:26.680639","level":"info","event":"2025/08/21 20:11:26 WARNING mlflow.tracking._model_registry.fluent: Run with id 54cbed51967e4f31abb3da4a512704ef has no artifacts at artifact path 'outlier', registering model based on models:/m-7be97e65feef4f4890422b7a7f700666 instead","logger":"airflow.task.hooks.airflow.providers.standard.hooks.subprocess.SubprocessHook"}
{"timestamp":"2025-08-21T20:11:27.007844","level":"info","event":"2025/08/21 20:11:27 INFO mlflow.store.model_registry.abstract_store: Waiting up to 300 seconds for model version to finish creation. Model name: OutlierDetectionModel, version 5","logger":"airflow.task.hooks.airflow.providers.standard.hooks.subprocess.SubprocessHook"}
{"timestamp":"2025-08-21T20:11:27.008635","level":"info","event":"Created version '5' of model 'OutlierDetectionModel'.","logger":"airflow.task.hooks.airflow.providers.standard.hooks.subprocess.SubprocessHook"}
{"timestamp":"2025-08-21T20:11:27.053130","level":"info","event":"{\"asctime\": \"2025-08-21 20:11:27,052\", \"levelname\": \"INFO\", \"name\": \"model_training\", \"trace_id\": null, \"span_id\": null, \"message\": \"Registering model OutlierDetectionModel at runs:/54cbed51967e4f31abb3da4a512704ef/outlier.\"}","logger":"airflow.task.hooks.airflow.providers.standard.hooks.subprocess.SubprocessHook"}
{"timestamp":"2025-08-21T20:11:27.054663","level":"info","event":"/opt/airflow/ml_pipeline/models/train_outlier_detector_task.py:127: FutureWarning: ``mlflow.tracking.client.MlflowClient.transition_model_version_stage`` is deprecated since 2.9.0. Model registry stages will be removed in a future major release. To learn more about the deprecation of model registry stages, see our migration guide here: https://mlflow.org/docs/latest/model-registry.html#migrating-from-stages","logger":"airflow.task.hooks.airflow.providers.standard.hooks.subprocess.SubprocessHook"}
{"timestamp":"2025-08-21T20:11:27.054922","level":"info","event":"  client.transition_model_version_stage(","logger":"airflow.task.hooks.airflow.providers.standard.hooks.subprocess.SubprocessHook"}
{"timestamp":"2025-08-21T20:11:27.145821","level":"info","event":"🏃 View run train_v20250821_170631 at: http://mlflow:5000/#/experiments/1/runs/54cbed51967e4f31abb3da4a512704ef","logger":"airflow.task.hooks.airflow.providers.standard.hooks.subprocess.SubprocessHook"}
{"timestamp":"2025-08-21T20:11:27.146141","level":"info","event":"🧪 View experiment at: http://mlflow:5000/#/experiments/1","logger":"airflow.task.hooks.airflow.providers.standard.hooks.subprocess.SubprocessHook"}
{"timestamp":"2025-08-21T20:11:27.146290","level":"info","event":"{\"asctime\": \"2025-08-21 20:11:27,145\", \"levelname\": \"INFO\", \"name\": \"model_training\", \"trace_id\": null, \"span_id\": null, \"message\": \"Model and its artifacts registered and transitioned to 'Production' (version 5)\"}","logger":"airflow.task.hooks.airflow.providers.standard.hooks.subprocess.SubprocessHook"}
{"timestamp":"2025-08-21T20:11:27.146397","level":"info","event":"{\"asctime\": \"2025-08-21 20:11:27,145\", \"levelname\": \"INFO\", \"name\": \"model_training\", \"trace_id\": null, \"span_id\": null, \"message\": \"\\u2705 Training & registration complete.\"}","logger":"airflow.task.hooks.airflow.providers.standard.hooks.subprocess.SubprocessHook"}
{"timestamp":"2025-08-21T20:11:27.962432","level":"info","event":"Updating lock file 'dvc.lock'","logger":"airflow.task.hooks.airflow.providers.standard.hooks.subprocess.SubprocessHook"}
{"timestamp":"2025-08-21T20:11:27.985220","level":"info","event":"","logger":"airflow.task.hooks.airflow.providers.standard.hooks.subprocess.SubprocessHook"}
{"timestamp":"2025-08-21T20:11:27.985499","level":"info","event":"To track the changes with git, run:","logger":"airflow.task.hooks.airflow.providers.standard.hooks.subprocess.SubprocessHook"}
{"timestamp":"2025-08-21T20:11:27.985661","level":"info","event":"","logger":"airflow.task.hooks.airflow.providers.standard.hooks.subprocess.SubprocessHook"}
{"timestamp":"2025-08-21T20:11:27.985831","level":"info","event":"\tgit add dvc.lock","logger":"airflow.task.hooks.airflow.providers.standard.hooks.subprocess.SubprocessHook"}
{"timestamp":"2025-08-21T20:11:27.985989","level":"info","event":"","logger":"airflow.task.hooks.airflow.providers.standard.hooks.subprocess.SubprocessHook"}
{"timestamp":"2025-08-21T20:11:27.986164","level":"info","event":"To enable auto staging, run:","logger":"airflow.task.hooks.airflow.providers.standard.hooks.subprocess.SubprocessHook"}
{"timestamp":"2025-08-21T20:11:27.986311","level":"info","event":"","logger":"airflow.task.hooks.airflow.providers.standard.hooks.subprocess.SubprocessHook"}
{"timestamp":"2025-08-21T20:11:27.986428","level":"info","event":"\tdvc config core.autostage true","logger":"airflow.task.hooks.airflow.providers.standard.hooks.subprocess.SubprocessHook"}
{"timestamp":"2025-08-21T20:11:27.991599","level":"info","event":"Use `dvc push` to send your updates to remote storage.","logger":"airflow.task.hooks.airflow.providers.standard.hooks.subprocess.SubprocessHook"}
{"timestamp":"2025-08-21T20:11:32.640721","level":"info","event":"2 files pushed","logger":"airflow.task.hooks.airflow.providers.standard.hooks.subprocess.SubprocessHook"}
{"timestamp":"2025-08-21T20:11:33.063792","level":"info","event":"Command exited with return code 0","logger":"airflow.task.hooks.airflow.providers.standard.hooks.subprocess.SubprocessHook"}
{"timestamp":"2025-08-21T20:11:33.064840","level":"info","event":"Pushing xcom","ti":"RuntimeTaskInstance(id=UUID('0198ce41-1af5-75cf-93a7-e6baac070f37'), task_id='train_outlier_detector_dvc', dag_id='ml_pipeline_dvc', run_id='manual__2025-08-21T20:10:29.972814+00:00', try_number=1, map_index=-1, hostname='c64456fb60b5', context_carrier={}, task=<Task(BashOperator): train_outlier_detector_dvc>, bundle_instance=LocalDagBundle(name=dags-folder), max_tries=0, start_date=datetime.datetime(2025, 8, 21, 20, 11, 3, 521736, tzinfo=datetime.timezone.utc), end_date=None, state=<TaskInstanceState.RUNNING: 'running'>, is_mapped=False, rendered_map_index=None, log_url='http://localhost:8080/dags/ml_pipeline_dvc/runs/manual__2025-08-21T20%3A10%3A29.972814%2B00%3A00/tasks/train_outlier_detector_dvc?try_number=1')","logger":"task"}
