[2025-08-17T21:52:29.472+0000] {local_task_job_runner.py:120} INFO - ::group::Pre task execution logs
[2025-08-17T21:52:29.507+0000] {taskinstance.py:2076} INFO - Dependencies all met for dep_context=non-requeueable deps ti=<TaskInstance: ml_pipeline_dvc.train_outlier_detector_dvc manual__2025-08-17T21:51:59.478422+00:00 [queued]>
[2025-08-17T21:52:29.517+0000] {taskinstance.py:2076} INFO - Dependencies all met for dep_context=requeueable deps ti=<TaskInstance: ml_pipeline_dvc.train_outlier_detector_dvc manual__2025-08-17T21:51:59.478422+00:00 [queued]>
[2025-08-17T21:52:29.518+0000] {taskinstance.py:2306} INFO - Starting attempt 1 of 1
[2025-08-17T21:52:29.538+0000] {taskinstance.py:2330} INFO - Executing <Task(BashOperator): train_outlier_detector_dvc> on 2025-08-17 21:51:59.478422+00:00
[2025-08-17T21:52:29.546+0000] {warnings.py:110} WARNING - /home/***/.local/lib/python3.12/site-packages/***/task/task_runner/standard_task_runner.py:61: DeprecationWarning: This process (pid=9786) is multi-threaded, use of fork() may lead to deadlocks in the child.
  pid = os.fork()

[2025-08-17T21:52:29.549+0000] {standard_task_runner.py:63} INFO - Started process 9787 to run task
[2025-08-17T21:52:29.549+0000] {standard_task_runner.py:90} INFO - Running: ['***', 'tasks', 'run', 'ml_pipeline_dvc', 'train_outlier_detector_dvc', 'manual__2025-08-17T21:51:59.478422+00:00', '--job-id', '378', '--raw', '--subdir', 'DAGS_FOLDER/train_pipeline_dag.py', '--cfg-path', '/tmp/tmpti251_ia']
[2025-08-17T21:52:29.552+0000] {standard_task_runner.py:91} INFO - Job 378: Subtask train_outlier_detector_dvc
[2025-08-17T21:52:29.616+0000] {task_command.py:426} INFO - Running <TaskInstance: ml_pipeline_dvc.train_outlier_detector_dvc manual__2025-08-17T21:51:59.478422+00:00 [running]> on host bea494a05fb4
[2025-08-17T21:52:29.750+0000] {taskinstance.py:2648} INFO - Exporting env vars: AIRFLOW_CTX_DAG_OWNER='yas' AIRFLOW_CTX_DAG_ID='ml_pipeline_dvc' AIRFLOW_CTX_TASK_ID='train_outlier_detector_dvc' AIRFLOW_CTX_EXECUTION_DATE='2025-08-17T21:51:59.478422+00:00' AIRFLOW_CTX_TRY_NUMBER='1' AIRFLOW_CTX_DAG_RUN_ID='manual__2025-08-17T21:51:59.478422+00:00'
[2025-08-17T21:52:29.751+0000] {taskinstance.py:430} INFO - ::endgroup::
[2025-08-17T21:52:29.773+0000] {subprocess.py:63} INFO - Tmp dir root location: /tmp
[2025-08-17T21:52:29.774+0000] {subprocess.py:75} INFO - Running command: ['/usr/bin/bash', '-c', '\n            cd /opt/***/ml_pipeline\n            dvc pull --force\n            dvc repro train_outlier\n            dvc push\n        ']
[2025-08-17T21:52:29.787+0000] {subprocess.py:86} INFO - Output:
[2025-08-17T21:52:33.470+0000] {subprocess.py:93} INFO - Everything is up to date.
[2025-08-17T21:52:37.266+0000] {subprocess.py:93} INFO - Stage 'ingest' didn't change, skipping
[2025-08-17T21:52:37.297+0000] {subprocess.py:93} INFO - Stage 'preprocess' didn't change, skipping
[2025-08-17T21:52:37.335+0000] {subprocess.py:93} INFO - Stage 'train_outlier' didn't change, skipping
[2025-08-17T21:52:37.341+0000] {subprocess.py:93} INFO - Data and pipelines are up to date.
[2025-08-17T21:52:41.041+0000] {subprocess.py:93} INFO - Everything is up to date.
[2025-08-17T21:52:41.411+0000] {subprocess.py:97} INFO - Command exited with return code 0
[2025-08-17T21:52:41.412+0000] {taskinstance.py:441} INFO - ::group::Post task execution logs
[2025-08-17T21:52:41.447+0000] {taskinstance.py:1206} INFO - Marking task as SUCCESS. dag_id=ml_pipeline_dvc, task_id=train_outlier_detector_dvc, run_id=manual__2025-08-17T21:51:59.478422+00:00, execution_date=20250817T215159, start_date=20250817T215229, end_date=20250817T215241
[2025-08-17T21:52:41.473+0000] {local_task_job_runner.py:240} INFO - Task exited with return code 0
[2025-08-17T21:52:41.499+0000] {taskinstance.py:3498} INFO - 1 downstream tasks scheduled from follow-on schedule check
[2025-08-17T21:52:41.501+0000] {local_task_job_runner.py:222} INFO - ::endgroup::
