[2025-08-15T16:46:05.000+0000] {local_task_job_runner.py:120} INFO - ::group::Pre task execution logs
[2025-08-15T16:46:05.033+0000] {taskinstance.py:2076} INFO - Dependencies all met for dep_context=non-requeueable deps ti=<TaskInstance: etl.etl_task manual__2025-08-15T16:45:56.567260+00:00 [queued]>
[2025-08-15T16:46:05.052+0000] {taskinstance.py:2076} INFO - Dependencies all met for dep_context=requeueable deps ti=<TaskInstance: etl.etl_task manual__2025-08-15T16:45:56.567260+00:00 [queued]>
[2025-08-15T16:46:05.053+0000] {taskinstance.py:2306} INFO - Starting attempt 1 of 1
[2025-08-15T16:46:05.083+0000] {taskinstance.py:2330} INFO - Executing <Task(PythonOperator): etl_task> on 2025-08-15 16:45:56.567260+00:00
[2025-08-15T16:46:05.096+0000] {warnings.py:110} WARNING - /home/***/.local/lib/python3.12/site-packages/***/task/task_runner/standard_task_runner.py:61: DeprecationWarning: This process (pid=84) is multi-threaded, use of fork() may lead to deadlocks in the child.
  pid = os.fork()

[2025-08-15T16:46:05.102+0000] {standard_task_runner.py:63} INFO - Started process 92 to run task
[2025-08-15T16:46:05.100+0000] {standard_task_runner.py:90} INFO - Running: ['***', 'tasks', 'run', 'etl', 'etl_task', 'manual__2025-08-15T16:45:56.567260+00:00', '--job-id', '249', '--raw', '--subdir', 'DAGS_FOLDER/etl_pipeline.py', '--cfg-path', '/tmp/tmpyiejsckx']
[2025-08-15T16:46:05.108+0000] {standard_task_runner.py:91} INFO - Job 249: Subtask etl_task
[2025-08-15T16:46:05.203+0000] {task_command.py:426} INFO - Running <TaskInstance: etl.etl_task manual__2025-08-15T16:45:56.567260+00:00 [running]> on host 952e994ef77e
[2025-08-15T16:46:05.371+0000] {taskinstance.py:2648} INFO - Exporting env vars: AIRFLOW_CTX_DAG_OWNER='***' AIRFLOW_CTX_DAG_ID='etl' AIRFLOW_CTX_TASK_ID='etl_task' AIRFLOW_CTX_EXECUTION_DATE='2025-08-15T16:45:56.567260+00:00' AIRFLOW_CTX_TRY_NUMBER='1' AIRFLOW_CTX_DAG_RUN_ID='manual__2025-08-15T16:45:56.567260+00:00'
[2025-08-15T16:46:05.374+0000] {taskinstance.py:430} INFO - ::endgroup::
[2025-08-15T16:46:05.484+0000] {log.py:232} WARNING - {"asctime": "2025-08-15 16:46:05,422", "levelname": "INFO", "name": "model_training", "trace_id": null, "span_id": null, "message": "AWS ENDPOINT is: http://minio:9000"}
[2025-08-15T16:46:05.422+0000] {etl_task.py:90} INFO - AWS ENDPOINT is: http://minio:9000
[2025-08-15T16:46:05.488+0000] {log.py:232} WARNING - {"asctime": "2025-08-15 16:46:05,488", "levelname": "INFO", "name": "model_training", "trace_id": null, "span_id": null, "message": "params.yaml created with version_tag=v20250815_164605"}
[2025-08-15T16:46:05.488+0000] {etl_task.py:85} INFO - params.yaml created with version_tag=v20250815_164605
[2025-08-15T16:46:05.516+0000] {log.py:232} WARNING - {"asctime": "2025-08-15 16:46:05,516", "levelname": "INFO", "name": "model_training", "trace_id": null, "span_id": null, "message": "Simulated data generated."}
[2025-08-15T16:46:05.516+0000] {etl_task.py:94} INFO - Simulated data generated.
[2025-08-15T16:46:05.671+0000] {log.py:232} WARNING - {"asctime": "2025-08-15 16:46:05,670", "levelname": "INFO", "name": "model_training", "trace_id": null, "span_id": null, "message": "Simulated data saved at s3://mlflow-artifacts/data/raw/fraud_data_v20250815_164605.csv."}
[2025-08-15T16:46:05.670+0000] {etl_task.py:56} INFO - Simulated data saved at s3://mlflow-artifacts/data/raw/fraud_data_v20250815_164605.csv.
[2025-08-15T16:46:05.692+0000] {log.py:232} WARNING - {"asctime": "2025-08-15 16:46:05,692", "levelname": "INFO", "name": "model_training", "trace_id": null, "span_id": null, "message": "\u2705 Uploaded version_meta.json to s3://mlflow-artifacts/metadata/version_meta.json"}
[2025-08-15T16:46:05.692+0000] {etl_task.py:66} INFO - ✅ Uploaded version_meta.json to s3://mlflow-artifacts/metadata/version_meta.json
[2025-08-15T16:46:05.719+0000] {log.py:232} WARNING - {"asctime": "2025-08-15 16:46:05,719", "levelname": "INFO", "name": "model_training", "trace_id": null, "span_id": null, "message": "Meta Version saved to: s3://mlflow-artifacts/data/raw/metadata_v20250815_164605.json"}
[2025-08-15T16:46:05.719+0000] {etl_task.py:77} INFO - Meta Version saved to: s3://mlflow-artifacts/data/raw/metadata_v20250815_164605.json
[2025-08-15T16:46:05.722+0000] {python.py:237} INFO - Done. Returned value was: None
[2025-08-15T16:46:05.723+0000] {taskinstance.py:441} INFO - ::group::Post task execution logs
[2025-08-15T16:46:05.742+0000] {taskinstance.py:1206} INFO - Marking task as SUCCESS. dag_id=etl, task_id=etl_task, run_id=manual__2025-08-15T16:45:56.567260+00:00, execution_date=20250815T164556, start_date=20250815T164605, end_date=20250815T164605
[2025-08-15T16:46:05.946+0000] {local_task_job_runner.py:240} INFO - Task exited with return code 0
[2025-08-15T16:46:05.972+0000] {taskinstance.py:3498} INFO - 0 downstream tasks scheduled from follow-on schedule check
[2025-08-15T16:46:05.975+0000] {local_task_job_runner.py:222} INFO - ::endgroup::
