[2025-08-16T01:16:50.549+0000] {local_task_job_runner.py:120} INFO - ::group::Pre task execution logs
[2025-08-16T01:16:50.657+0000] {taskinstance.py:2076} INFO - Dependencies all met for dep_context=non-requeueable deps ti=<TaskInstance: ml_pipeline_dvc.train_fraud_detector manual__2025-08-16T01:16:28.499616+00:00 [queued]>
[2025-08-16T01:16:50.703+0000] {taskinstance.py:2076} INFO - Dependencies all met for dep_context=requeueable deps ti=<TaskInstance: ml_pipeline_dvc.train_fraud_detector manual__2025-08-16T01:16:28.499616+00:00 [queued]>
[2025-08-16T01:16:50.706+0000] {taskinstance.py:2306} INFO - Starting attempt 1 of 1
[2025-08-16T01:16:50.789+0000] {taskinstance.py:2330} INFO - Executing <Task(BashOperator): train_fraud_detector> on 2025-08-16 01:16:28.499616+00:00
[2025-08-16T01:16:50.818+0000] {warnings.py:110} WARNING - /home/***/.local/lib/python3.12/site-packages/***/task/task_runner/standard_task_runner.py:61: DeprecationWarning: This process (pid=6996) is multi-threaded, use of fork() may lead to deadlocks in the child.
  pid = os.fork()

[2025-08-16T01:16:50.824+0000] {standard_task_runner.py:63} INFO - Started process 6999 to run task
[2025-08-16T01:16:50.826+0000] {standard_task_runner.py:90} INFO - Running: ['***', 'tasks', 'run', 'ml_pipeline_dvc', 'train_fraud_detector', 'manual__2025-08-16T01:16:28.499616+00:00', '--job-id', '258', '--raw', '--subdir', 'DAGS_FOLDER/train_pipeline_dag.py', '--cfg-path', '/tmp/tmp0y7s73v4']
[2025-08-16T01:16:50.835+0000] {standard_task_runner.py:91} INFO - Job 258: Subtask train_fraud_detector
[2025-08-16T01:16:51.026+0000] {task_command.py:426} INFO - Running <TaskInstance: ml_pipeline_dvc.train_fraud_detector manual__2025-08-16T01:16:28.499616+00:00 [running]> on host 952e994ef77e
[2025-08-16T01:16:51.192+0000] {taskinstance.py:2648} INFO - Exporting env vars: AIRFLOW_CTX_DAG_OWNER='yas' AIRFLOW_CTX_DAG_ID='ml_pipeline_dvc' AIRFLOW_CTX_TASK_ID='train_fraud_detector' AIRFLOW_CTX_EXECUTION_DATE='2025-08-16T01:16:28.499616+00:00' AIRFLOW_CTX_TRY_NUMBER='1' AIRFLOW_CTX_DAG_RUN_ID='manual__2025-08-16T01:16:28.499616+00:00'
[2025-08-16T01:16:51.194+0000] {taskinstance.py:430} INFO - ::endgroup::
[2025-08-16T01:16:51.219+0000] {subprocess.py:63} INFO - Tmp dir root location: /tmp
[2025-08-16T01:16:51.220+0000] {subprocess.py:75} INFO - Running command: ['/usr/bin/bash', '-c', '\n            cd /opt/***/ml_pipeline\n            dvc pull\n            dvc repro train_model\n            dvc push\n        ']
[2025-08-16T01:16:51.236+0000] {subprocess.py:86} INFO - Output:
[2025-08-16T01:16:54.715+0000] {subprocess.py:93} INFO - ERROR: failed to pull data from the cloud - Can't remove the following unsaved files without confirmation. Use `--force` to force.
[2025-08-16T01:16:54.716+0000] {subprocess.py:93} INFO - /opt/***/ml_pipeline/version_meta.json
[2025-08-16T01:17:00.278+0000] {subprocess.py:93} INFO - ERROR: Unable to acquire lock. Most likely another DVC process is running or was terminated abruptly. Check the page <https://dvc.org/doc/user-guide/troubleshooting#lock-issue> for other possible reasons and to learn how to resolve this.
[2025-08-16T01:17:07.432+0000] {subprocess.py:93} INFO - Everything is up to date.
[2025-08-16T01:17:07.867+0000] {subprocess.py:97} INFO - Command exited with return code 0
[2025-08-16T01:17:07.869+0000] {taskinstance.py:441} INFO - ::group::Post task execution logs
[2025-08-16T01:17:07.920+0000] {taskinstance.py:1206} INFO - Marking task as SUCCESS. dag_id=ml_pipeline_dvc, task_id=train_fraud_detector, run_id=manual__2025-08-16T01:16:28.499616+00:00, execution_date=20250816T011628, start_date=20250816T011650, end_date=20250816T011707
[2025-08-16T01:17:07.966+0000] {local_task_job_runner.py:240} INFO - Task exited with return code 0
[2025-08-16T01:17:07.989+0000] {taskinstance.py:3498} INFO - 0 downstream tasks scheduled from follow-on schedule check
[2025-08-16T01:17:07.991+0000] {local_task_job_runner.py:222} INFO - ::endgroup::
