[2025-08-17T18:27:59.949+0000] {local_task_job_runner.py:120} INFO - ::group::Pre task execution logs
[2025-08-17T18:28:00.363+0000] {taskinstance.py:2076} INFO - Dependencies all met for dep_context=non-requeueable deps ti=<TaskInstance: ml_pipeline_dvc.ingest_dvc manual__2025-08-17T18:27:56.120419+00:00 [queued]>
[2025-08-17T18:28:00.399+0000] {taskinstance.py:2076} INFO - Dependencies all met for dep_context=requeueable deps ti=<TaskInstance: ml_pipeline_dvc.ingest_dvc manual__2025-08-17T18:27:56.120419+00:00 [queued]>
[2025-08-17T18:28:00.402+0000] {taskinstance.py:2306} INFO - Starting attempt 1 of 1
[2025-08-17T18:28:00.471+0000] {taskinstance.py:2330} INFO - Executing <Task(BashOperator): ingest_dvc> on 2025-08-17 18:27:56.120419+00:00
[2025-08-17T18:28:00.492+0000] {warnings.py:110} WARNING - /home/***/.local/lib/python3.12/site-packages/***/task/task_runner/standard_task_runner.py:61: DeprecationWarning: This process (pid=1675) is multi-threaded, use of fork() may lead to deadlocks in the child.
  pid = os.fork()

[2025-08-17T18:28:00.501+0000] {standard_task_runner.py:63} INFO - Started process 1676 to run task
[2025-08-17T18:28:00.505+0000] {standard_task_runner.py:90} INFO - Running: ['***', 'tasks', 'run', 'ml_pipeline_dvc', 'ingest_dvc', 'manual__2025-08-17T18:27:56.120419+00:00', '--job-id', '304', '--raw', '--subdir', 'DAGS_FOLDER/train_pipeline_dag.py', '--cfg-path', '/tmp/tmpt73assc0']
[2025-08-17T18:28:00.528+0000] {standard_task_runner.py:91} INFO - Job 304: Subtask ingest_dvc
[2025-08-17T18:28:00.812+0000] {task_command.py:426} INFO - Running <TaskInstance: ml_pipeline_dvc.ingest_dvc manual__2025-08-17T18:27:56.120419+00:00 [running]> on host bea494a05fb4
[2025-08-17T18:28:01.263+0000] {taskinstance.py:2648} INFO - Exporting env vars: AIRFLOW_CTX_DAG_OWNER='yas' AIRFLOW_CTX_DAG_ID='ml_pipeline_dvc' AIRFLOW_CTX_TASK_ID='ingest_dvc' AIRFLOW_CTX_EXECUTION_DATE='2025-08-17T18:27:56.120419+00:00' AIRFLOW_CTX_TRY_NUMBER='1' AIRFLOW_CTX_DAG_RUN_ID='manual__2025-08-17T18:27:56.120419+00:00'
[2025-08-17T18:28:01.267+0000] {taskinstance.py:430} INFO - ::endgroup::
[2025-08-17T18:28:01.341+0000] {subprocess.py:63} INFO - Tmp dir root location: /tmp
[2025-08-17T18:28:01.345+0000] {subprocess.py:75} INFO - Running command: ['/usr/bin/bash', '-c', '\n            cd /opt/***/ml_pipeline \n            dvc repro ingest\n            dvc push\n        ']
[2025-08-17T18:28:01.389+0000] {subprocess.py:86} INFO - Output:
[2025-08-17T18:28:10.725+0000] {subprocess.py:93} INFO - Stage 'ingest' didn't change, skipping
[2025-08-17T18:28:10.737+0000] {subprocess.py:93} INFO - Data and pipelines are up to date.
[2025-08-17T18:29:14.602+0000] {subprocess.py:93} INFO - Everything is up to date.
[2025-08-17T18:29:17.994+0000] {subprocess.py:97} INFO - Command exited with return code 0
[2025-08-17T18:29:18.028+0000] {taskinstance.py:441} INFO - ::group::Post task execution logs
[2025-08-17T18:29:18.319+0000] {taskinstance.py:1206} INFO - Marking task as SUCCESS. dag_id=ml_pipeline_dvc, task_id=ingest_dvc, run_id=manual__2025-08-17T18:27:56.120419+00:00, execution_date=20250817T182756, start_date=20250817T182800, end_date=20250817T182918
[2025-08-17T18:29:18.446+0000] {local_task_job_runner.py:240} INFO - Task exited with return code 0
[2025-08-17T18:29:18.636+0000] {taskinstance.py:3498} INFO - 1 downstream tasks scheduled from follow-on schedule check
[2025-08-17T18:29:18.650+0000] {local_task_job_runner.py:222} INFO - ::endgroup::
