[2025-08-12T18:42:07.355+0000] {local_task_job_runner.py:120} INFO - ::group::Pre task execution logs
[2025-08-12T18:42:07.440+0000] {taskinstance.py:2076} INFO - Dependencies all met for dep_context=non-requeueable deps ti=<TaskInstance: ml_pipeline_dvc.setup_dvc_remote manual__2025-08-12T18:42:04.418351+00:00 [queued]>
[2025-08-12T18:42:07.457+0000] {taskinstance.py:2076} INFO - Dependencies all met for dep_context=requeueable deps ti=<TaskInstance: ml_pipeline_dvc.setup_dvc_remote manual__2025-08-12T18:42:04.418351+00:00 [queued]>
[2025-08-12T18:42:07.458+0000] {taskinstance.py:2306} INFO - Starting attempt 1 of 2
[2025-08-12T18:42:07.509+0000] {taskinstance.py:2330} INFO - Executing <Task(BashOperator): setup_dvc_remote> on 2025-08-12 18:42:04.418351+00:00
[2025-08-12T18:42:07.526+0000] {warnings.py:110} WARNING - /home/***/.local/lib/python3.12/site-packages/***/task/task_runner/standard_task_runner.py:61: DeprecationWarning: This process (pid=4792) is multi-threaded, use of fork() may lead to deadlocks in the child.
  pid = os.fork()

[2025-08-12T18:42:07.528+0000] {standard_task_runner.py:90} INFO - Running: ['***', 'tasks', 'run', 'ml_pipeline_dvc', 'setup_dvc_remote', 'manual__2025-08-12T18:42:04.418351+00:00', '--job-id', '143', '--raw', '--subdir', 'DAGS_FOLDER/train_pipeline_dag.py', '--cfg-path', '/tmp/tmpc22yr8hv']
[2025-08-12T18:42:07.530+0000] {standard_task_runner.py:63} INFO - Started process 4793 to run task
[2025-08-12T18:42:07.531+0000] {standard_task_runner.py:91} INFO - Job 143: Subtask setup_dvc_remote
[2025-08-12T18:42:07.636+0000] {task_command.py:426} INFO - Running <TaskInstance: ml_pipeline_dvc.setup_dvc_remote manual__2025-08-12T18:42:04.418351+00:00 [running]> on host 08abdf02b345
[2025-08-12T18:42:07.807+0000] {taskinstance.py:2648} INFO - Exporting env vars: AIRFLOW_CTX_DAG_OWNER='yas' AIRFLOW_CTX_DAG_ID='ml_pipeline_dvc' AIRFLOW_CTX_TASK_ID='setup_dvc_remote' AIRFLOW_CTX_EXECUTION_DATE='2025-08-12T18:42:04.418351+00:00' AIRFLOW_CTX_TRY_NUMBER='1' AIRFLOW_CTX_DAG_RUN_ID='manual__2025-08-12T18:42:04.418351+00:00'
[2025-08-12T18:42:07.809+0000] {taskinstance.py:430} INFO - ::endgroup::
[2025-08-12T18:42:07.860+0000] {subprocess.py:63} INFO - Tmp dir root location: /tmp
[2025-08-12T18:42:07.863+0000] {subprocess.py:75} INFO - Running command: ['/usr/bin/bash', '-c', '\n        cd /opt/***/ml_pipeline\n        export AWS_ACCESS_KEY_ID=minioadmin\n        export AWS_SECRET_ACCESS_KEY=minioadmin\n        export AWS_ENDPOINT_URL=http://minio:9000\n        dvc remote remove minio\n        dvc remote add -d minio s3://mlflow-artifacts\n        dvc remote modify minio endpointurl http://minio:9000\n        dvc remote modify minio access_key_id minioadmin\n        dvc remote modify minio secret_access_key minioadmin\n        dvc remote modify minio use_ssl false\n        ls -l .dvc/\n        dvc push --verbose\n        ']
[2025-08-12T18:42:07.891+0000] {subprocess.py:86} INFO - Output:
[2025-08-12T18:42:09.400+0000] {subprocess.py:93} INFO - ERROR: configuration error - config file error: expected 'url' for dictionary value @ data['remote']['minio']
[2025-08-12T18:42:11.667+0000] {subprocess.py:93} INFO - Setting 'minio' as a default remote.
[2025-08-12T18:42:21.284+0000] {subprocess.py:93} INFO - total 8
[2025-08-12T18:42:21.286+0000] {subprocess.py:93} INFO - drwxr-xr-x 10 default root 320 Aug  5 20:10 cache
[2025-08-12T18:42:21.286+0000] {subprocess.py:93} INFO - -rw-r--r--  1    1000 1000 199 Aug 12 18:42 config
[2025-08-12T18:42:21.287+0000] {subprocess.py:93} INFO - -rw-r--r--  1 default root  86 Aug 12 17:15 config.local
[2025-08-12T18:42:21.288+0000] {subprocess.py:93} INFO - drwxr-xr-x  8 default root 256 Aug 11 22:52 tmp
[2025-08-12T18:42:22.005+0000] {subprocess.py:93} INFO - 2025-08-12 18:42:22,005 DEBUG: v3.61.0 (pip), CPython 3.12.3 on Linux-6.6.31-linuxkit-x86_64-with-glibc2.36
[2025-08-12T18:42:22.006+0000] {subprocess.py:93} INFO - 2025-08-12 18:42:22,005 DEBUG: command: /home/***/.local/bin/dvc push --verbose
[2025-08-12T18:42:22.999+0000] {subprocess.py:93} INFO - 2025-08-12 18:42:22,999 DEBUG: Lockfile 'dvc.lock' needs to be updated.
[2025-08-12T18:42:24.219+0000] {subprocess.py:93} INFO - Everything is up to date.
[2025-08-12T18:42:24.223+0000] {subprocess.py:93} INFO - 2025-08-12 18:42:24,223 DEBUG: Analytics is enabled.
[2025-08-12T18:42:24.281+0000] {subprocess.py:93} INFO - 2025-08-12 18:42:24,281 DEBUG: Trying to spawn ['daemon', 'analytics', '/tmp/tmpt2urzq37', '-v']
[2025-08-12T18:42:24.294+0000] {subprocess.py:93} INFO - 2025-08-12 18:42:24,293 DEBUG: Spawned ['daemon', 'analytics', '/tmp/tmpt2urzq37', '-v'] with pid 4921
[2025-08-12T18:42:24.563+0000] {subprocess.py:97} INFO - Command exited with return code 0
[2025-08-12T18:42:24.565+0000] {taskinstance.py:441} INFO - ::group::Post task execution logs
[2025-08-12T18:42:24.633+0000] {taskinstance.py:1206} INFO - Marking task as SUCCESS. dag_id=ml_pipeline_dvc, task_id=setup_dvc_remote, run_id=manual__2025-08-12T18:42:04.418351+00:00, execution_date=20250812T184204, start_date=20250812T184207, end_date=20250812T184224
[2025-08-12T18:42:24.726+0000] {local_task_job_runner.py:240} INFO - Task exited with return code 0
[2025-08-12T18:42:24.792+0000] {taskinstance.py:3498} INFO - 0 downstream tasks scheduled from follow-on schedule check
[2025-08-12T18:42:24.796+0000] {local_task_job_runner.py:222} INFO - ::endgroup::
