[2025-08-12T21:51:53.915+0000] {local_task_job_runner.py:120} INFO - ::group::Pre task execution logs
[2025-08-12T21:51:54.036+0000] {taskinstance.py:2076} INFO - Dependencies all met for dep_context=non-requeueable deps ti=<TaskInstance: ml_pipeline_dvc.preprocess_dvc manual__2025-08-12T21:51:51.495065+00:00 [queued]>
[2025-08-12T21:51:54.134+0000] {taskinstance.py:2076} INFO - Dependencies all met for dep_context=requeueable deps ti=<TaskInstance: ml_pipeline_dvc.preprocess_dvc manual__2025-08-12T21:51:51.495065+00:00 [queued]>
[2025-08-12T21:51:54.138+0000] {taskinstance.py:2306} INFO - Starting attempt 1 of 2
[2025-08-12T21:51:54.313+0000] {taskinstance.py:2330} INFO - Executing <Task(BashOperator): preprocess_dvc> on 2025-08-12 21:51:51.495065+00:00
[2025-08-12T21:51:54.335+0000] {warnings.py:110} WARNING - /home/***/.local/lib/python3.12/site-packages/***/task/task_runner/standard_task_runner.py:61: DeprecationWarning: This process (pid=969) is multi-threaded, use of fork() may lead to deadlocks in the child.
  pid = os.fork()

[2025-08-12T21:51:54.339+0000] {standard_task_runner.py:63} INFO - Started process 970 to run task
[2025-08-12T21:51:54.345+0000] {standard_task_runner.py:90} INFO - Running: ['***', 'tasks', 'run', 'ml_pipeline_dvc', 'preprocess_dvc', 'manual__2025-08-12T21:51:51.495065+00:00', '--job-id', '191', '--raw', '--subdir', 'DAGS_FOLDER/train_pipeline_dag.py', '--cfg-path', '/tmp/tmp6d0x1lo7']
[2025-08-12T21:51:54.350+0000] {standard_task_runner.py:91} INFO - Job 191: Subtask preprocess_dvc
[2025-08-12T21:51:54.560+0000] {task_command.py:426} INFO - Running <TaskInstance: ml_pipeline_dvc.preprocess_dvc manual__2025-08-12T21:51:51.495065+00:00 [running]> on host ae67cab33f2f
[2025-08-12T21:51:55.438+0000] {taskinstance.py:2648} INFO - Exporting env vars: AIRFLOW_CTX_DAG_OWNER='yas' AIRFLOW_CTX_DAG_ID='ml_pipeline_dvc' AIRFLOW_CTX_TASK_ID='preprocess_dvc' AIRFLOW_CTX_EXECUTION_DATE='2025-08-12T21:51:51.495065+00:00' AIRFLOW_CTX_TRY_NUMBER='1' AIRFLOW_CTX_DAG_RUN_ID='manual__2025-08-12T21:51:51.495065+00:00'
[2025-08-12T21:51:55.448+0000] {taskinstance.py:430} INFO - ::endgroup::
[2025-08-12T21:51:55.596+0000] {subprocess.py:63} INFO - Tmp dir root location: /tmp
[2025-08-12T21:51:55.599+0000] {subprocess.py:75} INFO - Running command: ['/usr/bin/bash', '-c', '\n        export AWS_ACCESS_KEY_ID=minioadmin\n        export AWS_SECRET_ACCESS_KEY=minioadmin\n        export AWS_ENDPOINT_URL=http://minio:9000\n        cd /opt/***/ml_pipeline && dvc repro preprocess\n        env | grep AWS\n        ']
[2025-08-12T21:51:55.702+0000] {subprocess.py:86} INFO - Output:
[2025-08-12T21:52:01.891+0000] {subprocess.py:93} INFO - Running stage 'preprocess':
[2025-08-12T21:52:01.891+0000] {subprocess.py:93} INFO - > python preprocessing/preprocess_task.py
[2025-08-12T21:52:05.538+0000] {subprocess.py:93} INFO - {"asctime": "2025-08-12 21:52:05,473", "levelname": "INFO", "name": "preprocessing_pipeline", "trace_id": null, "span_id": null, "message": "version_meta.json loaded!"}
[2025-08-12T21:52:05.587+0000] {subprocess.py:93} INFO - {"asctime": "2025-08-12 21:52:05,586", "levelname": "INFO", "name": "preprocessing_pipeline", "trace_id": null, "span_id": null, "message": "preprocessor trained!"}
[2025-08-12T21:52:05.604+0000] {subprocess.py:93} INFO - {"asctime": "2025-08-12 21:52:05,604", "levelname": "INFO", "name": "preprocessing_pipeline", "trace_id": null, "span_id": null, "message": "preprocessor saved to s3://mlflow-artifacts/preprocess/v20250812_203000/pipeline.pkl!"}
[2025-08-12T21:52:05.636+0000] {subprocess.py:93} INFO - {"asctime": "2025-08-12 21:52:05,636", "levelname": "INFO", "name": "preprocessing_pipeline", "trace_id": null, "span_id": null, "message": "\u2705 Saved pipeline at: s3://mlflow-artifacts/s3://mlflow-artifacts/preprocess/v20250812_203000/pipeline.pkl"}
[2025-08-12T21:52:05.637+0000] {subprocess.py:93} INFO - {"asctime": "2025-08-12 21:52:05,636", "levelname": "INFO", "name": "preprocessing_pipeline", "trace_id": null, "span_id": null, "message": "\ud83d\udcc4 Saved metadata: s3://mlflow-artifacts/s3://mlflow-artifacts/preprocess/v20250812_203000/preprocess_metadata.json"}
[2025-08-12T21:52:05.638+0000] {subprocess.py:93} INFO - {"asctime": "2025-08-12 21:52:05,636", "levelname": "INFO", "name": "preprocessing_pipeline", "trace_id": null, "span_id": null, "message": "\ud83d\udce6 Updated version_meta.json"}
[2025-08-12T21:52:06.105+0000] {subprocess.py:93} INFO - ERROR: failed to reproduce 'preprocess': Saving cached external output s3://mlflow-artifacts/preprocess/v20250812_203000/pipeline.pkl is not supported since DVC 3.0. See <https://dvc.org/doc/user-guide/upgrade> for more info.
[2025-08-12T21:52:06.713+0000] {subprocess.py:93} INFO - AWS_SECRET_ACCESS_KEY=minioadmin
[2025-08-12T21:52:06.714+0000] {subprocess.py:93} INFO - AWS_ACCESS_KEY_ID=minioadmin
[2025-08-12T21:52:06.715+0000] {subprocess.py:93} INFO - AWS_ENDPOINT_URL=http://minio:9000
[2025-08-12T21:52:06.716+0000] {subprocess.py:97} INFO - Command exited with return code 0
[2025-08-12T21:52:06.717+0000] {taskinstance.py:441} INFO - ::group::Post task execution logs
[2025-08-12T21:52:06.752+0000] {taskinstance.py:1206} INFO - Marking task as SUCCESS. dag_id=ml_pipeline_dvc, task_id=preprocess_dvc, run_id=manual__2025-08-12T21:51:51.495065+00:00, execution_date=20250812T215151, start_date=20250812T215154, end_date=20250812T215206
[2025-08-12T21:52:06.822+0000] {local_task_job_runner.py:240} INFO - Task exited with return code 0
[2025-08-12T21:52:06.849+0000] {taskinstance.py:3498} INFO - 2 downstream tasks scheduled from follow-on schedule check
[2025-08-12T21:52:06.851+0000] {local_task_job_runner.py:222} INFO - ::endgroup::
