[2025-08-06T03:41:45.150+0000] {local_task_job_runner.py:120} INFO - ::group::Pre task execution logs
[2025-08-06T03:41:45.191+0000] {taskinstance.py:2076} INFO - Dependencies all met for dep_context=non-requeueable deps ti=<TaskInstance: ml_pipeline_dvc.train_dvc manual__2025-08-06T03:36:17.219079+00:00 [queued]>
[2025-08-06T03:41:45.202+0000] {taskinstance.py:2076} INFO - Dependencies all met for dep_context=requeueable deps ti=<TaskInstance: ml_pipeline_dvc.train_dvc manual__2025-08-06T03:36:17.219079+00:00 [queued]>
[2025-08-06T03:41:45.203+0000] {taskinstance.py:2306} INFO - Starting attempt 2 of 2
[2025-08-06T03:41:45.222+0000] {taskinstance.py:2330} INFO - Executing <Task(BashOperator): train_dvc> on 2025-08-06 03:36:17.219079+00:00
[2025-08-06T03:41:45.231+0000] {warnings.py:110} WARNING - /home/***/.local/lib/python3.12/site-packages/***/task/task_runner/standard_task_runner.py:61: DeprecationWarning: This process (pid=789) is multi-threaded, use of fork() may lead to deadlocks in the child.
  pid = os.fork()

[2025-08-06T03:41:45.233+0000] {standard_task_runner.py:63} INFO - Started process 790 to run task
[2025-08-06T03:41:45.233+0000] {standard_task_runner.py:90} INFO - Running: ['***', 'tasks', 'run', 'ml_pipeline_dvc', 'train_dvc', 'manual__2025-08-06T03:36:17.219079+00:00', '--job-id', '14', '--raw', '--subdir', 'DAGS_FOLDER/ml_pipeline_dag_2.py', '--cfg-path', '/tmp/tmpdjm5ntgp']
[2025-08-06T03:41:45.235+0000] {standard_task_runner.py:91} INFO - Job 14: Subtask train_dvc
[2025-08-06T03:41:45.301+0000] {task_command.py:426} INFO - Running <TaskInstance: ml_pipeline_dvc.train_dvc manual__2025-08-06T03:36:17.219079+00:00 [running]> on host 1d9cc99197c4
[2025-08-06T03:41:45.415+0000] {taskinstance.py:2648} INFO - Exporting env vars: AIRFLOW_CTX_DAG_OWNER='yas' AIRFLOW_CTX_DAG_ID='ml_pipeline_dvc' AIRFLOW_CTX_TASK_ID='train_dvc' AIRFLOW_CTX_EXECUTION_DATE='2025-08-06T03:36:17.219079+00:00' AIRFLOW_CTX_TRY_NUMBER='2' AIRFLOW_CTX_DAG_RUN_ID='manual__2025-08-06T03:36:17.219079+00:00'
[2025-08-06T03:41:45.416+0000] {taskinstance.py:430} INFO - ::endgroup::
[2025-08-06T03:41:45.436+0000] {subprocess.py:63} INFO - Tmp dir root location: /tmp
[2025-08-06T03:41:45.437+0000] {subprocess.py:75} INFO - Running command: ['/usr/bin/bash', '-c', 'cd /opt/***/ml_pipeline && dvc repro train']
[2025-08-06T03:41:45.451+0000] {subprocess.py:86} INFO - Output:
[2025-08-06T03:41:47.814+0000] {subprocess.py:93} INFO - Running stage 'preprocess':
[2025-08-06T03:41:47.815+0000] {subprocess.py:93} INFO - > python preprocessing/preprocess_task.py
[2025-08-06T03:41:49.895+0000] {subprocess.py:93} INFO - {"asctime": "2025-08-06 03:41:49,894", "levelname": "INFO", "message": "\u2705 Saved pipeline: artifacts/preprocess/pipeline_v20250801_144307.pkl"}
[2025-08-06T03:41:49.896+0000] {subprocess.py:93} INFO - {"asctime": "2025-08-06 03:41:49,895", "levelname": "INFO", "message": "\ud83d\udcc4 Saved metadata: artifacts/preprocess/preprocess_metadata_v20250801_144307.json"}
[2025-08-06T03:41:49.896+0000] {subprocess.py:93} INFO - {"asctime": "2025-08-06 03:41:49,895", "levelname": "INFO", "message": "\ud83d\udce6 Updated version_meta.json"}
[2025-08-06T03:41:50.229+0000] {subprocess.py:93} INFO - Updating lock file 'dvc.lock'
[2025-08-06T03:41:50.246+0000] {subprocess.py:93} INFO - 
[2025-08-06T03:41:50.375+0000] {subprocess.py:93} INFO - Running stage 'train':
[2025-08-06T03:41:50.376+0000] {subprocess.py:93} INFO - > python train/train_task.py
[2025-08-06T03:41:55.213+0000] {subprocess.py:93} INFO - INFO:__main__:Outlier detector saved to artifacts/models/outlier_detector_v20250801_144307.pkl
[2025-08-06T03:41:55.262+0000] {subprocess.py:93} INFO - /home/***/.local/lib/python3.12/site-packages/sklearn/metrics/_ranking.py:1201: UndefinedMetricWarning: No positive samples in y_true, true positive value should be meaningless
[2025-08-06T03:41:55.266+0000] {subprocess.py:93} INFO -   warnings.warn(
[2025-08-06T03:41:55.314+0000] {subprocess.py:93} INFO - INFO:__main__:📄 Training metadata saved to artifacts/train/train_metadata_v20250801_144307.json
[2025-08-06T03:41:55.317+0000] {subprocess.py:93} INFO - INFO:__main__:📦 Updated version_meta.json
[2025-08-06T03:41:55.318+0000] {subprocess.py:93} INFO - INFO:__main__:📄 Registering the model FraudDetectionModel
[2025-08-06T03:41:55.596+0000] {subprocess.py:93} INFO - 2025/08/06 03:41:55 WARNING mlflow.utils.git_utils: Failed to import Git (the Git executable is probably not on your PATH), so Git SHA is not available. Error: Failed to initialize: Bad git executable.
[2025-08-06T03:41:55.597+0000] {subprocess.py:93} INFO - The git executable must be specified in one of the following ways:
[2025-08-06T03:41:55.598+0000] {subprocess.py:93} INFO -     - be included in your $PATH
[2025-08-06T03:41:55.599+0000] {subprocess.py:93} INFO -     - be set via $GIT_PYTHON_GIT_EXECUTABLE
[2025-08-06T03:41:55.600+0000] {subprocess.py:93} INFO -     - explicitly set via git.refresh(<full-path-to-git-executable>)
[2025-08-06T03:41:55.600+0000] {subprocess.py:93} INFO - 
[2025-08-06T03:41:55.601+0000] {subprocess.py:93} INFO - All git commands will error until this is rectified.
[2025-08-06T03:41:55.602+0000] {subprocess.py:93} INFO - 
[2025-08-06T03:41:55.603+0000] {subprocess.py:93} INFO - This initial message can be silenced or aggravated in the future by setting the
[2025-08-06T03:41:55.605+0000] {subprocess.py:93} INFO - $GIT_PYTHON_REFRESH environment variable. Use one of the following values:
[2025-08-06T03:41:55.606+0000] {subprocess.py:93} INFO -     - quiet|q|silence|s|silent|none|n|0: for no message or exception
[2025-08-06T03:41:55.608+0000] {subprocess.py:93} INFO -     - warn|w|warning|log|l|1: for a warning message (logging level CRITICAL, displayed by default)
[2025-08-06T03:41:55.610+0000] {subprocess.py:93} INFO -     - error|e|exception|raise|r|2: for a raised exception
[2025-08-06T03:41:55.612+0000] {subprocess.py:93} INFO - 
[2025-08-06T03:41:55.614+0000] {subprocess.py:93} INFO - Example:
[2025-08-06T03:41:55.615+0000] {subprocess.py:93} INFO -     export GIT_PYTHON_REFRESH=quiet
[2025-08-06T03:41:55.615+0000] {subprocess.py:93} INFO - 
[2025-08-06T03:41:55.635+0000] {subprocess.py:93} INFO - 2025/08/06 03:41:55 WARNING mlflow.models.model: `artifact_path` is deprecated. Please use `name` instead.
[2025-08-06T03:42:03.220+0000] {subprocess.py:93} INFO - [31m2025/08/06 03:42:03 WARNING mlflow.models.model: Model logged without a signature and input example. Please set `input_example` parameter when logging the model to auto infer the model signature.[0m
[2025-08-06T03:42:03.473+0000] {subprocess.py:93} INFO - INFO:botocore.credentials:Found credentials in environment variables.
[2025-08-06T03:42:04.067+0000] {subprocess.py:93} INFO - INFO:__main__:✅ Model trained and saved to artifacts/models/model_v20250801_144307.pkl
[2025-08-06T03:42:04.068+0000] {subprocess.py:93} INFO - Run ID: e72e677eaad84945afc2572fd73a7692
[2025-08-06T03:42:04.069+0000] {subprocess.py:93} INFO - im good
[2025-08-06T03:42:04.070+0000] {subprocess.py:93} INFO - 🏃 View run enthused-crane-402 at: http://mlflow:5000/#/experiments/1/runs/e72e677eaad84945afc2572fd73a7692
[2025-08-06T03:42:04.071+0000] {subprocess.py:93} INFO - 🧪 View experiment at: http://mlflow:5000/#/experiments/1
[2025-08-06T03:42:04.072+0000] {subprocess.py:93} INFO - ✅ Model logging complete
[2025-08-06T03:42:04.777+0000] {subprocess.py:93} INFO - Updating lock file 'dvc.lock'
[2025-08-06T03:42:04.797+0000] {subprocess.py:93} INFO - 
[2025-08-06T03:42:04.798+0000] {subprocess.py:93} INFO - To track the changes with git, run:
[2025-08-06T03:42:04.798+0000] {subprocess.py:93} INFO - 
[2025-08-06T03:42:04.799+0000] {subprocess.py:93} INFO - 	git add dvc.lock
[2025-08-06T03:42:04.800+0000] {subprocess.py:93} INFO - 
[2025-08-06T03:42:04.801+0000] {subprocess.py:93} INFO - To enable auto staging, run:
[2025-08-06T03:42:04.801+0000] {subprocess.py:93} INFO - 
[2025-08-06T03:42:04.802+0000] {subprocess.py:93} INFO - 	dvc config core.autostage true
[2025-08-06T03:42:04.802+0000] {subprocess.py:93} INFO - Use `dvc push` to send your updates to remote storage.
[2025-08-06T03:42:05.265+0000] {subprocess.py:97} INFO - Command exited with return code 0
[2025-08-06T03:42:05.266+0000] {taskinstance.py:441} INFO - ::group::Post task execution logs
[2025-08-06T03:42:05.299+0000] {taskinstance.py:1206} INFO - Marking task as SUCCESS. dag_id=ml_pipeline_dvc, task_id=train_dvc, run_id=manual__2025-08-06T03:36:17.219079+00:00, execution_date=20250806T033617, start_date=20250806T034145, end_date=20250806T034205
[2025-08-06T03:42:05.339+0000] {local_task_job_runner.py:240} INFO - Task exited with return code 0
[2025-08-06T03:42:05.366+0000] {taskinstance.py:3498} INFO - 0 downstream tasks scheduled from follow-on schedule check
[2025-08-06T03:42:05.368+0000] {local_task_job_runner.py:222} INFO - ::endgroup::
