[2025-08-14T23:49:47.307+0000] {local_task_job_runner.py:120} INFO - ::group::Pre task execution logs
[2025-08-14T23:49:47.424+0000] {taskinstance.py:2076} INFO - Dependencies all met for dep_context=non-requeueable deps ti=<TaskInstance: ml_pipeline_dvc.preprocess_dvc manual__2025-08-14T23:49:41.623161+00:00 [queued]>
[2025-08-14T23:49:47.490+0000] {taskinstance.py:2076} INFO - Dependencies all met for dep_context=requeueable deps ti=<TaskInstance: ml_pipeline_dvc.preprocess_dvc manual__2025-08-14T23:49:41.623161+00:00 [queued]>
[2025-08-14T23:49:47.492+0000] {taskinstance.py:2306} INFO - Starting attempt 1 of 1
[2025-08-14T23:49:47.554+0000] {taskinstance.py:2330} INFO - Executing <Task(BashOperator): preprocess_dvc> on 2025-08-14 23:49:41.623161+00:00
[2025-08-14T23:49:47.615+0000] {warnings.py:110} WARNING - /home/***/.local/lib/python3.12/site-packages/***/task/task_runner/standard_task_runner.py:61: DeprecationWarning: This process (pid=78) is multi-threaded, use of fork() may lead to deadlocks in the child.
  pid = os.fork()

[2025-08-14T23:49:47.629+0000] {standard_task_runner.py:63} INFO - Started process 79 to run task
[2025-08-14T23:49:47.592+0000] {standard_task_runner.py:90} INFO - Running: ['***', 'tasks', 'run', 'ml_pipeline_dvc', 'preprocess_dvc', 'manual__2025-08-14T23:49:41.623161+00:00', '--job-id', '223', '--raw', '--subdir', 'DAGS_FOLDER/train_pipeline_dag.py', '--cfg-path', '/tmp/tmpgz9tw6ml']
[2025-08-14T23:49:47.635+0000] {standard_task_runner.py:91} INFO - Job 223: Subtask preprocess_dvc
[2025-08-14T23:49:47.781+0000] {task_command.py:426} INFO - Running <TaskInstance: ml_pipeline_dvc.preprocess_dvc manual__2025-08-14T23:49:41.623161+00:00 [running]> on host 97971cf4e9e1
[2025-08-14T23:49:48.350+0000] {taskinstance.py:2648} INFO - Exporting env vars: AIRFLOW_CTX_DAG_OWNER='yas' AIRFLOW_CTX_DAG_ID='ml_pipeline_dvc' AIRFLOW_CTX_TASK_ID='preprocess_dvc' AIRFLOW_CTX_EXECUTION_DATE='2025-08-14T23:49:41.623161+00:00' AIRFLOW_CTX_TRY_NUMBER='1' AIRFLOW_CTX_DAG_RUN_ID='manual__2025-08-14T23:49:41.623161+00:00'
[2025-08-14T23:49:48.384+0000] {taskinstance.py:430} INFO - ::endgroup::
[2025-08-14T23:49:48.579+0000] {subprocess.py:63} INFO - Tmp dir root location: /tmp
[2025-08-14T23:49:48.616+0000] {subprocess.py:75} INFO - Running command: ['/usr/bin/bash', '-c', '\n        cd /opt/***/ml_pipeline\n        dvc pull data/raw.dvc \n        dvc repro preprocess\n        dvc push\n        ']
[2025-08-14T23:49:48.742+0000] {subprocess.py:86} INFO - Output:
[2025-08-14T23:49:53.123+0000] {subprocess.py:93} INFO - Everything is up to date.
[2025-08-14T23:49:56.322+0000] {subprocess.py:93} INFO - 'data/raw.dvc' didn't change, skipping
[2025-08-14T23:49:56.395+0000] {subprocess.py:93} INFO - Running stage 'preprocess':
[2025-08-14T23:49:56.395+0000] {subprocess.py:93} INFO - > python preprocessing/preprocess_task.py
[2025-08-14T23:50:00.606+0000] {subprocess.py:93} INFO - Traceback (most recent call last):
[2025-08-14T23:50:00.607+0000] {subprocess.py:93} INFO -   File "/opt/***/ml_pipeline/preprocessing/preprocess_task.py", line 26, in <module>
[2025-08-14T23:50:00.608+0000] {subprocess.py:93} INFO -     with open("version_meta.json", 'r') as f:
[2025-08-14T23:50:00.609+0000] {subprocess.py:93} INFO -          ^^^^^^^^^^^^^^^^^^^^^^^^^^^^^^
[2025-08-14T23:50:00.609+0000] {subprocess.py:93} INFO - FileNotFoundError: [Errno 2] No such file or directory: 'version_meta.json'
[2025-08-14T23:50:00.947+0000] {subprocess.py:93} INFO - ERROR: failed to reproduce 'preprocess': failed to run: python preprocessing/preprocess_task.py, exited with 1
[2025-08-14T23:50:04.702+0000] {subprocess.py:93} INFO - Everything is up to date.
[2025-08-14T23:50:04.980+0000] {subprocess.py:97} INFO - Command exited with return code 0
[2025-08-14T23:50:04.984+0000] {taskinstance.py:441} INFO - ::group::Post task execution logs
[2025-08-14T23:50:05.026+0000] {taskinstance.py:1206} INFO - Marking task as SUCCESS. dag_id=ml_pipeline_dvc, task_id=preprocess_dvc, run_id=manual__2025-08-14T23:49:41.623161+00:00, execution_date=20250814T234941, start_date=20250814T234947, end_date=20250814T235005
[2025-08-14T23:50:05.052+0000] {local_task_job_runner.py:240} INFO - Task exited with return code 0
[2025-08-14T23:50:05.074+0000] {taskinstance.py:3498} INFO - 0 downstream tasks scheduled from follow-on schedule check
[2025-08-14T23:50:05.075+0000] {local_task_job_runner.py:222} INFO - ::endgroup::
