[2025-08-02T23:14:42.849+0000] {local_task_job_runner.py:120} INFO - ::group::Pre task execution logs
[2025-08-02T23:14:42.896+0000] {taskinstance.py:2076} INFO - Dependencies all met for dep_context=non-requeueable deps ti=<TaskInstance: ml_pipeline_dvc.train_dvc manual__2025-08-02T23:14:28.764902+00:00 [queued]>
[2025-08-02T23:14:42.910+0000] {taskinstance.py:2076} INFO - Dependencies all met for dep_context=requeueable deps ti=<TaskInstance: ml_pipeline_dvc.train_dvc manual__2025-08-02T23:14:28.764902+00:00 [queued]>
[2025-08-02T23:14:42.911+0000] {taskinstance.py:2306} INFO - Starting attempt 1 of 2
[2025-08-02T23:14:42.944+0000] {taskinstance.py:2330} INFO - Executing <Task(BashOperator): train_dvc> on 2025-08-02 23:14:28.764902+00:00
[2025-08-02T23:14:42.956+0000] {warnings.py:110} WARNING - /home/***/.local/lib/python3.12/site-packages/***/task/task_runner/standard_task_runner.py:61: DeprecationWarning: This process (pid=835) is multi-threaded, use of fork() may lead to deadlocks in the child.
  pid = os.fork()

[2025-08-02T23:14:42.960+0000] {standard_task_runner.py:63} INFO - Started process 852 to run task
[2025-08-02T23:14:42.960+0000] {standard_task_runner.py:90} INFO - Running: ['***', 'tasks', 'run', 'ml_pipeline_dvc', 'train_dvc', 'manual__2025-08-02T23:14:28.764902+00:00', '--job-id', '92', '--raw', '--subdir', 'DAGS_FOLDER/ml_pipeline_dag_2.py', '--cfg-path', '/tmp/tmpxe8apdp7']
[2025-08-02T23:14:42.962+0000] {standard_task_runner.py:91} INFO - Job 92: Subtask train_dvc
[2025-08-02T23:14:43.038+0000] {task_command.py:426} INFO - Running <TaskInstance: ml_pipeline_dvc.train_dvc manual__2025-08-02T23:14:28.764902+00:00 [running]> on host 3f990930347c
[2025-08-02T23:14:43.241+0000] {taskinstance.py:2648} INFO - Exporting env vars: AIRFLOW_CTX_DAG_OWNER='yas' AIRFLOW_CTX_DAG_ID='ml_pipeline_dvc' AIRFLOW_CTX_TASK_ID='train_dvc' AIRFLOW_CTX_EXECUTION_DATE='2025-08-02T23:14:28.764902+00:00' AIRFLOW_CTX_TRY_NUMBER='1' AIRFLOW_CTX_DAG_RUN_ID='manual__2025-08-02T23:14:28.764902+00:00'
[2025-08-02T23:14:43.243+0000] {taskinstance.py:430} INFO - ::endgroup::
[2025-08-02T23:14:43.279+0000] {subprocess.py:63} INFO - Tmp dir root location: /tmp
[2025-08-02T23:14:43.281+0000] {subprocess.py:75} INFO - Running command: ['/usr/bin/bash', '-c', 'cd /opt/***/ml_pipeline && dvc repro train']
[2025-08-02T23:14:43.298+0000] {subprocess.py:86} INFO - Output:
[2025-08-02T23:14:45.971+0000] {subprocess.py:93} INFO - Stage 'preprocess' didn't change, skipping
[2025-08-02T23:14:46.050+0000] {subprocess.py:93} INFO - Running stage 'train':
[2025-08-02T23:14:46.051+0000] {subprocess.py:93} INFO - > python train/train_task.py
[2025-08-02T23:14:50.509+0000] {subprocess.py:93} INFO - {"asctime": "2025-08-02 23:14:50,508", "levelname": "INFO", "name": "root", "message": "Outlier detector saved to artifacts/models/outlier_detector_v20250801_144307.pkl"}
[2025-08-02T23:14:50.609+0000] {subprocess.py:93} INFO - {"asctime": "2025-08-02 23:14:50,608", "levelname": "INFO", "name": "root", "message": "\u2705 Model trained and saved to artifacts/models/model_v20250801_144307.pkl"}
[2025-08-02T23:14:50.620+0000] {subprocess.py:93} INFO - {"asctime": "2025-08-02 23:14:50,608", "levelname": "INFO", "name": "root", "message": "\ud83d\udcc4 Training metadata saved to artifacts/train/train_metadata_v20250801_144307.json"}
[2025-08-02T23:14:50.623+0000] {subprocess.py:93} INFO - {"asctime": "2025-08-02 23:14:50,608", "levelname": "INFO", "name": "root", "message": "\ud83d\udce6 Updated version_meta.json"}
[2025-08-02T23:14:51.211+0000] {subprocess.py:93} INFO - Updating lock file 'dvc.lock'
[2025-08-02T23:14:51.225+0000] {subprocess.py:93} INFO - 
[2025-08-02T23:14:51.226+0000] {subprocess.py:93} INFO - To track the changes with git, run:
[2025-08-02T23:14:51.227+0000] {subprocess.py:93} INFO - 
[2025-08-02T23:14:51.228+0000] {subprocess.py:93} INFO - 	git add dvc.lock
[2025-08-02T23:14:51.229+0000] {subprocess.py:93} INFO - 
[2025-08-02T23:14:51.230+0000] {subprocess.py:93} INFO - To enable auto staging, run:
[2025-08-02T23:14:51.231+0000] {subprocess.py:93} INFO - 
[2025-08-02T23:14:51.233+0000] {subprocess.py:93} INFO - 	dvc config core.autostage true
[2025-08-02T23:14:51.234+0000] {subprocess.py:93} INFO - Use `dvc push` to send your updates to remote storage.
[2025-08-02T23:14:51.790+0000] {subprocess.py:97} INFO - Command exited with return code 0
[2025-08-02T23:14:51.792+0000] {taskinstance.py:441} INFO - ::group::Post task execution logs
[2025-08-02T23:14:51.858+0000] {taskinstance.py:1206} INFO - Marking task as SUCCESS. dag_id=ml_pipeline_dvc, task_id=train_dvc, run_id=manual__2025-08-02T23:14:28.764902+00:00, execution_date=20250802T231428, start_date=20250802T231442, end_date=20250802T231451
[2025-08-02T23:14:51.912+0000] {local_task_job_runner.py:240} INFO - Task exited with return code 0
[2025-08-02T23:14:51.949+0000] {taskinstance.py:3498} INFO - 0 downstream tasks scheduled from follow-on schedule check
[2025-08-02T23:14:51.953+0000] {local_task_job_runner.py:222} INFO - ::endgroup::
