[2025-08-05T17:51:12.273+0000] {local_task_job_runner.py:120} INFO - ::group::Pre task execution logs
[2025-08-05T17:51:12.306+0000] {taskinstance.py:2076} INFO - Dependencies all met for dep_context=non-requeueable deps ti=<TaskInstance: daily_batch_inference.run_batch_inference scheduled__2025-08-04T00:00:00+00:00 [queued]>
[2025-08-05T17:51:12.317+0000] {taskinstance.py:2076} INFO - Dependencies all met for dep_context=requeueable deps ti=<TaskInstance: daily_batch_inference.run_batch_inference scheduled__2025-08-04T00:00:00+00:00 [queued]>
[2025-08-05T17:51:12.317+0000] {taskinstance.py:2306} INFO - Starting attempt 1 of 2
[2025-08-05T17:51:12.338+0000] {taskinstance.py:2330} INFO - Executing <Task(BashOperator): run_batch_inference> on 2025-08-04 00:00:00+00:00
[2025-08-05T17:51:12.345+0000] {warnings.py:110} WARNING - /home/***/.local/lib/python3.12/site-packages/***/task/task_runner/standard_task_runner.py:61: DeprecationWarning: This process (pid=74) is multi-threaded, use of fork() may lead to deadlocks in the child.
  pid = os.fork()

[2025-08-05T17:51:12.347+0000] {standard_task_runner.py:63} INFO - Started process 75 to run task
[2025-08-05T17:51:12.347+0000] {standard_task_runner.py:90} INFO - Running: ['***', 'tasks', 'run', 'daily_batch_inference', 'run_batch_inference', 'scheduled__2025-08-04T00:00:00+00:00', '--job-id', '120', '--raw', '--subdir', 'DAGS_FOLDER/batch_inference_dag.py', '--cfg-path', '/tmp/tmpe_asc8_f']
[2025-08-05T17:51:12.349+0000] {standard_task_runner.py:91} INFO - Job 120: Subtask run_batch_inference
[2025-08-05T17:51:12.528+0000] {task_command.py:426} INFO - Running <TaskInstance: daily_batch_inference.run_batch_inference scheduled__2025-08-04T00:00:00+00:00 [running]> on host b3fa3e148e4c
[2025-08-05T17:51:12.710+0000] {taskinstance.py:2648} INFO - Exporting env vars: AIRFLOW_CTX_DAG_OWNER='***' AIRFLOW_CTX_DAG_ID='daily_batch_inference' AIRFLOW_CTX_TASK_ID='run_batch_inference' AIRFLOW_CTX_EXECUTION_DATE='2025-08-04T00:00:00+00:00' AIRFLOW_CTX_TRY_NUMBER='1' AIRFLOW_CTX_DAG_RUN_ID='scheduled__2025-08-04T00:00:00+00:00'
[2025-08-05T17:51:12.712+0000] {taskinstance.py:430} INFO - ::endgroup::
[2025-08-05T17:51:12.733+0000] {subprocess.py:63} INFO - Tmp dir root location: /tmp
[2025-08-05T17:51:12.734+0000] {subprocess.py:75} INFO - Running command: ['/usr/bin/bash', '-c', 'cd /opt/***/ml_pipeline && python batch/batch_inference.py']
[2025-08-05T17:51:12.746+0000] {subprocess.py:86} INFO - Output:
[2025-08-05T17:51:19.423+0000] {subprocess.py:93} INFO - ✅ Batch inference done. Output: data/batch/output/batch_predictions_v20250801_144307.csv
[2025-08-05T17:51:19.425+0000] {subprocess.py:93} INFO - 📊 Summary: data/batch/output/batch_metrics_v20250801_144307.json
[2025-08-05T17:51:19.798+0000] {subprocess.py:97} INFO - Command exited with return code 0
[2025-08-05T17:51:19.800+0000] {taskinstance.py:441} INFO - ::group::Post task execution logs
[2025-08-05T17:51:19.884+0000] {taskinstance.py:1206} INFO - Marking task as SUCCESS. dag_id=daily_batch_inference, task_id=run_batch_inference, run_id=scheduled__2025-08-04T00:00:00+00:00, execution_date=20250804T000000, start_date=20250805T175112, end_date=20250805T175119
[2025-08-05T17:51:19.934+0000] {local_task_job_runner.py:240} INFO - Task exited with return code 0
[2025-08-05T17:51:19.968+0000] {taskinstance.py:3498} INFO - 0 downstream tasks scheduled from follow-on schedule check
[2025-08-05T17:51:19.971+0000] {local_task_job_runner.py:222} INFO - ::endgroup::
