[2025-08-17T20:46:24.440+0000] {local_task_job_runner.py:120} INFO - ::group::Pre task execution logs
[2025-08-17T20:46:24.526+0000] {taskinstance.py:2076} INFO - Dependencies all met for dep_context=non-requeueable deps ti=<TaskInstance: ml_pipeline_dvc.train_fraud_detector_dvc manual__2025-08-17T20:45:37.169309+00:00 [queued]>
[2025-08-17T20:46:24.551+0000] {taskinstance.py:2076} INFO - Dependencies all met for dep_context=requeueable deps ti=<TaskInstance: ml_pipeline_dvc.train_fraud_detector_dvc manual__2025-08-17T20:45:37.169309+00:00 [queued]>
[2025-08-17T20:46:24.553+0000] {taskinstance.py:2306} INFO - Starting attempt 1 of 1
[2025-08-17T20:46:24.596+0000] {taskinstance.py:2330} INFO - Executing <Task(BashOperator): train_fraud_detector_dvc> on 2025-08-17 20:45:37.169309+00:00
[2025-08-17T20:46:24.613+0000] {warnings.py:110} WARNING - /home/***/.local/lib/python3.12/site-packages/***/task/task_runner/standard_task_runner.py:61: DeprecationWarning: This process (pid=7817) is multi-threaded, use of fork() may lead to deadlocks in the child.
  pid = os.fork()

[2025-08-17T20:46:24.619+0000] {standard_task_runner.py:63} INFO - Started process 7824 to run task
[2025-08-17T20:46:24.619+0000] {standard_task_runner.py:90} INFO - Running: ['***', 'tasks', 'run', 'ml_pipeline_dvc', 'train_fraud_detector_dvc', 'manual__2025-08-17T20:45:37.169309+00:00', '--job-id', '363', '--raw', '--subdir', 'DAGS_FOLDER/train_pipeline_dag.py', '--cfg-path', '/tmp/tmp_dt202n_']
[2025-08-17T20:46:24.625+0000] {standard_task_runner.py:91} INFO - Job 363: Subtask train_fraud_detector_dvc
[2025-08-17T20:46:24.777+0000] {task_command.py:426} INFO - Running <TaskInstance: ml_pipeline_dvc.train_fraud_detector_dvc manual__2025-08-17T20:45:37.169309+00:00 [running]> on host bea494a05fb4
[2025-08-17T20:46:25.107+0000] {taskinstance.py:2648} INFO - Exporting env vars: AIRFLOW_CTX_DAG_OWNER='yas' AIRFLOW_CTX_DAG_ID='ml_pipeline_dvc' AIRFLOW_CTX_TASK_ID='train_fraud_detector_dvc' AIRFLOW_CTX_EXECUTION_DATE='2025-08-17T20:45:37.169309+00:00' AIRFLOW_CTX_TRY_NUMBER='1' AIRFLOW_CTX_DAG_RUN_ID='manual__2025-08-17T20:45:37.169309+00:00'
[2025-08-17T20:46:25.109+0000] {taskinstance.py:430} INFO - ::endgroup::
[2025-08-17T20:46:25.174+0000] {subprocess.py:63} INFO - Tmp dir root location: /tmp
[2025-08-17T20:46:25.179+0000] {subprocess.py:75} INFO - Running command: ['/usr/bin/bash', '-c', '\n            git config --global --add safe.directory /opt/***/ml_pipeline\n            cd /opt/***/ml_pipeline\n            dvc pull --force\n            dvc repro train_model\n            dvc push\n        ']
[2025-08-17T20:46:25.211+0000] {subprocess.py:86} INFO - Output:
[2025-08-17T20:46:31.827+0000] {subprocess.py:93} INFO - Everything is up to date.
[2025-08-17T20:46:39.169+0000] {subprocess.py:93} INFO - Stage 'ingest' didn't change, skipping
[2025-08-17T20:46:39.204+0000] {subprocess.py:93} INFO - Stage 'preprocess' didn't change, skipping
[2025-08-17T20:46:39.269+0000] {subprocess.py:93} INFO - Running stage 'train_model':
[2025-08-17T20:46:39.270+0000] {subprocess.py:93} INFO - > python models/train_fraud_detector_task.py
[2025-08-17T20:46:43.586+0000] {subprocess.py:93} INFO - {"asctime": "2025-08-17 20:46:43,541", "levelname": "INFO", "name": "model_training", "trace_id": null, "span_id": null, "message": "MLflow run id: 33e51a5eff5041ac923e6442b94f2db6"}
[2025-08-17T20:46:43.664+0000] {subprocess.py:93} INFO - {"asctime": "2025-08-17 20:46:43,664", "levelname": "INFO", "name": "model_training", "trace_id": null, "span_id": null, "message": "Loading preprocessor from artifacts/preprocess/fraud_pipeline_v20250817_175136.pkl to process raw data"}
[2025-08-17T20:46:43.691+0000] {subprocess.py:93} INFO - {"asctime": "2025-08-17 20:46:43,690", "levelname": "INFO", "name": "model_training", "trace_id": null, "span_id": null, "message": "Preprocessing/transform applied to raw data."}
[2025-08-17T20:46:43.726+0000] {subprocess.py:93} INFO - {"asctime": "2025-08-17 20:46:43,725", "levelname": "INFO", "name": "model_training", "trace_id": null, "span_id": null, "message": "Evaluation metrics: {'accuracy': 0.998, 'f1_score': 0.9655172413793104, 'precision': 1.0, 'recall': 0.9333333333333333, 'auc': 0.9999312714776633}"}
[2025-08-17T20:46:44.012+0000] {subprocess.py:93} INFO - 🏃 View run train_v20250817_175136 at: http://mlflow:5000/#/experiments/2/runs/33e51a5eff5041ac923e6442b94f2db6
[2025-08-17T20:46:44.013+0000] {subprocess.py:93} INFO - 🧪 View experiment at: http://mlflow:5000/#/experiments/2
[2025-08-17T20:46:44.014+0000] {subprocess.py:93} INFO - Traceback (most recent call last):
[2025-08-17T20:46:44.015+0000] {subprocess.py:93} INFO -   File "/opt/***/ml_pipeline/models/train_fraud_detector_task.py", line 241, in <module>
[2025-08-17T20:46:44.015+0000] {subprocess.py:93} INFO -     main()
[2025-08-17T20:46:44.016+0000] {subprocess.py:93} INFO -   File "/opt/***/ml_pipeline/models/train_fraud_detector_task.py", line 155, in main
[2025-08-17T20:46:44.017+0000] {subprocess.py:93} INFO -     mlflow.log_input(mlflow.data.from_uri(dataset_uri, name="fraud_dataset"))
[2025-08-17T20:46:44.018+0000] {subprocess.py:93} INFO -                      ^^^^^^^^^^^^^^^^^^^^
[2025-08-17T20:46:44.018+0000] {subprocess.py:93} INFO - AttributeError: module 'mlflow.data' has no attribute 'from_uri'
[2025-08-17T20:46:44.376+0000] {subprocess.py:93} INFO - ERROR: failed to reproduce 'train_model': failed to run: python models/train_fraud_detector_task.py, exited with 1
[2025-08-17T20:46:51.906+0000] {subprocess.py:93} INFO - Everything is up to date.
[2025-08-17T20:46:52.306+0000] {subprocess.py:97} INFO - Command exited with return code 0
[2025-08-17T20:46:52.308+0000] {taskinstance.py:441} INFO - ::group::Post task execution logs
[2025-08-17T20:46:52.346+0000] {taskinstance.py:1206} INFO - Marking task as SUCCESS. dag_id=ml_pipeline_dvc, task_id=train_fraud_detector_dvc, run_id=manual__2025-08-17T20:45:37.169309+00:00, execution_date=20250817T204537, start_date=20250817T204624, end_date=20250817T204652
[2025-08-17T20:46:52.385+0000] {local_task_job_runner.py:240} INFO - Task exited with return code 0
[2025-08-17T20:46:52.420+0000] {taskinstance.py:3498} INFO - 0 downstream tasks scheduled from follow-on schedule check
[2025-08-17T20:46:52.422+0000] {local_task_job_runner.py:222} INFO - ::endgroup::
