[2025-08-17T19:09:47.542+0000] {local_task_job_runner.py:120} INFO - ::group::Pre task execution logs
[2025-08-17T19:09:47.595+0000] {taskinstance.py:2076} INFO - Dependencies all met for dep_context=non-requeueable deps ti=<TaskInstance: ml_pipeline_dvc.preprocess_dvc manual__2025-08-17T19:09:25.762399+00:00 [queued]>
[2025-08-17T19:09:47.615+0000] {taskinstance.py:2076} INFO - Dependencies all met for dep_context=requeueable deps ti=<TaskInstance: ml_pipeline_dvc.preprocess_dvc manual__2025-08-17T19:09:25.762399+00:00 [queued]>
[2025-08-17T19:09:47.616+0000] {taskinstance.py:2306} INFO - Starting attempt 1 of 1
[2025-08-17T19:09:47.652+0000] {taskinstance.py:2330} INFO - Executing <Task(BashOperator): preprocess_dvc> on 2025-08-17 19:09:25.762399+00:00
[2025-08-17T19:09:47.665+0000] {warnings.py:110} WARNING - /home/***/.local/lib/python3.12/site-packages/***/task/task_runner/standard_task_runner.py:61: DeprecationWarning: This process (pid=4697) is multi-threaded, use of fork() may lead to deadlocks in the child.
  pid = os.fork()

[2025-08-17T19:09:47.670+0000] {standard_task_runner.py:63} INFO - Started process 4698 to run task
[2025-08-17T19:09:47.670+0000] {standard_task_runner.py:90} INFO - Running: ['***', 'tasks', 'run', 'ml_pipeline_dvc', 'preprocess_dvc', 'manual__2025-08-17T19:09:25.762399+00:00', '--job-id', '337', '--raw', '--subdir', 'DAGS_FOLDER/train_pipeline_dag.py', '--cfg-path', '/tmp/tmpqxy3c_gi']
[2025-08-17T19:09:47.674+0000] {standard_task_runner.py:91} INFO - Job 337: Subtask preprocess_dvc
[2025-08-17T19:09:47.790+0000] {task_command.py:426} INFO - Running <TaskInstance: ml_pipeline_dvc.preprocess_dvc manual__2025-08-17T19:09:25.762399+00:00 [running]> on host bea494a05fb4
[2025-08-17T19:09:48.027+0000] {taskinstance.py:2648} INFO - Exporting env vars: AIRFLOW_CTX_DAG_OWNER='yas' AIRFLOW_CTX_DAG_ID='ml_pipeline_dvc' AIRFLOW_CTX_TASK_ID='preprocess_dvc' AIRFLOW_CTX_EXECUTION_DATE='2025-08-17T19:09:25.762399+00:00' AIRFLOW_CTX_TRY_NUMBER='1' AIRFLOW_CTX_DAG_RUN_ID='manual__2025-08-17T19:09:25.762399+00:00'
[2025-08-17T19:09:48.029+0000] {taskinstance.py:430} INFO - ::endgroup::
[2025-08-17T19:09:48.069+0000] {subprocess.py:63} INFO - Tmp dir root location: /tmp
[2025-08-17T19:09:48.072+0000] {subprocess.py:75} INFO - Running command: ['/usr/bin/bash', '-c', '\n            cd /opt/***/ml_pipeline\n            dvc pull --force\n            dvc repro preprocess\n            dvc push\n        ']
[2025-08-17T19:09:48.090+0000] {subprocess.py:86} INFO - Output:
[2025-08-17T19:09:53.157+0000] {subprocess.py:93} INFO - M       artifacts/models/fraud/
[2025-08-17T19:09:53.160+0000] {subprocess.py:93} INFO - 1 file modified
[2025-08-17T19:09:57.927+0000] {subprocess.py:93} INFO - Stage 'ingest' didn't change, skipping
[2025-08-17T19:09:57.996+0000] {subprocess.py:93} INFO - Stage 'preprocess' didn't change, skipping
[2025-08-17T19:09:58.007+0000] {subprocess.py:93} INFO - Data and pipelines are up to date.
[2025-08-17T19:10:09.900+0000] {subprocess.py:93} INFO - Everything is up to date.
[2025-08-17T19:10:10.385+0000] {subprocess.py:97} INFO - Command exited with return code 0
[2025-08-17T19:10:10.387+0000] {taskinstance.py:441} INFO - ::group::Post task execution logs
[2025-08-17T19:10:10.438+0000] {taskinstance.py:1206} INFO - Marking task as SUCCESS. dag_id=ml_pipeline_dvc, task_id=preprocess_dvc, run_id=manual__2025-08-17T19:09:25.762399+00:00, execution_date=20250817T190925, start_date=20250817T190947, end_date=20250817T191010
[2025-08-17T19:10:10.475+0000] {local_task_job_runner.py:240} INFO - Task exited with return code 0
[2025-08-17T19:10:10.533+0000] {taskinstance.py:3498} INFO - 1 downstream tasks scheduled from follow-on schedule check
[2025-08-17T19:10:10.536+0000] {local_task_job_runner.py:222} INFO - ::endgroup::
