{"timestamp":"2025-08-22T20:10:57.133231","level":"info","event":"DAG bundles loaded: dags-folder","logger":"airflow.dag_processing.bundles.manager.DagBundlesManager"}
{"timestamp":"2025-08-22T20:10:57.136256","level":"info","event":"Filling up the DagBag from /opt/airflow/dags/test_model_rollback.py","logger":"airflow.models.dagbag.DagBag"}
{"timestamp":"2025-08-22T20:10:59.993983","level":"info","event":"Found credentials in environment variables.","logger":"botocore.credentials"}
{"timestamp":"2025-08-22T20:11:00.556311","level":"info","event":"Found endpoint for s3 via: environment_global.","logger":"botocore.configprovider"}
{"timestamp":"2025-08-22T20:11:00.729810Z","level":"error","event":"\rDownloading artifacts:   0%|          | 0/7 [00:00<?, ?it/s]\rDownloading artifacts:  14%|â–ˆâ–        | 1/7 [00:00<00:00, 5809.29it/s]\rDownloading artifacts:  29%|â–ˆâ–ˆâ–Š       | 2/7 [00:00<00:00, 4966.61it/s]\rDownloading artifacts:  43%|â–ˆâ–ˆâ–ˆâ–ˆâ–Ž     | 3/7 [00:00<00:00, 5300.30it/s]\rDownloading artifacts:  57%|â–ˆâ–ˆâ–ˆâ–ˆâ–ˆâ–‹    | 4/7 [00:00<00:00, 5344.76it/s]\rDownloading artifacts:  71%|â–ˆâ–ˆâ–ˆâ–ˆâ–ˆâ–ˆâ–ˆâ–  | 5/7 [00:00<00:00, 4809.98it/s]\rDownloading artifacts:  86%|â–ˆâ–ˆâ–ˆâ–ˆâ–ˆâ–ˆâ–ˆâ–ˆâ–Œ | 6/7 [00:00<00:00, 4874.26it/s]\rDownloading artifacts: 100%|â–ˆâ–ˆâ–ˆâ–ˆâ–ˆâ–ˆâ–ˆâ–ˆâ–ˆâ–ˆ| 7/7 [00:00<00:00, 5240.07it/s]\rDownloading artifacts: 100%|â–ˆâ–ˆâ–ˆâ–ˆâ–ˆâ–ˆâ–ˆâ–ˆâ–ˆâ–ˆ| 7/7 [00:00<00:00, 4451.88it/s]","chan":"stderr","logger":"task"}
{"timestamp":"2025-08-22T20:11:00.933704Z","level":"error","event":"2025/08/22 20:11:00 WARNING mlflow.models.model: `artifact_path` is deprecated. Please use `name` instead.","chan":"stderr","logger":"task"}
{"timestamp":"2025-08-22T20:11:07.147432Z","level":"error","event":"\u001b[31m2025/08/22 20:11:07 WARNING mlflow.models.model: Model logged without a signature and input example. Please set `input_example` parameter when logging the model to auto infer the model signature.\u001b[0m","chan":"stderr","logger":"task"}
{"timestamp":"2025-08-22T20:11:07.362070Z","level":"error","event":"Registered model 'FraudDetectionModel' already exists. Creating a new version of this model...","chan":"stderr","logger":"task"}
{"timestamp":"2025-08-22T20:11:10.621469Z","level":"error","event":"2025/08/22 20:11:10 INFO mlflow.store.model_registry.abstract_store: Waiting up to 300 seconds for model version to finish creation. Model name: FraudDetectionModel, version 6","chan":"stderr","logger":"task"}
{"timestamp":"2025-08-22T20:11:10.622300Z","level":"error","event":"Created version '6' of model 'FraudDetectionModel'.","chan":"stderr","logger":"task"}
{"timestamp":"2025-08-22T20:11:10.684903Z","level":"info","event":"âœ… Delayed model logged and registered!","chan":"stdout","logger":"task"}
{"timestamp":"2025-08-22T20:11:10.704213Z","level":"info","event":"ðŸƒ View run colorful-owl-852 at: http://mlflow:5000/#/experiments/2/runs/5912babc43024029adc9cb83b05662ed","chan":"stdout","logger":"task"}
{"timestamp":"2025-08-22T20:11:10.704822Z","level":"info","event":"ðŸ§ª View experiment at: http://mlflow:5000/#/experiments/2","chan":"stdout","logger":"task"}
{"timestamp":"2025-08-22T20:11:10.719805Z","level":"error","event":"/opt/airflow/dags/test_model_rollback.py:58: FutureWarning: ``mlflow.tracking.client.MlflowClient.get_latest_versions`` is deprecated since 2.9.0. Model registry stages will be removed in a future major release. To learn more about the deprecation of model registry stages, see our migration guide here: https://mlflow.org/docs/latest/model-registry.html#migrating-from-stages","chan":"stderr","logger":"task"}
{"timestamp":"2025-08-22T20:11:10.720859Z","level":"error","event":"  latest_version = client.get_latest_versions(MODEL_NAME, stages=[\"None\"])[-1]","chan":"stderr","logger":"task"}
{"timestamp":"2025-08-22T20:11:10.759434Z","level":"error","event":"/opt/airflow/dags/test_model_rollback.py:59: FutureWarning: ``mlflow.tracking.client.MlflowClient.transition_model_version_stage`` is deprecated since 2.9.0. Model registry stages will be removed in a future major release. To learn more about the deprecation of model registry stages, see our migration guide here: https://mlflow.org/docs/latest/model-registry.html#migrating-from-stages","chan":"stderr","logger":"task"}
{"timestamp":"2025-08-22T20:11:10.761276Z","level":"error","event":"  client.transition_model_version_stage(","chan":"stderr","logger":"task"}
{"timestamp":"2025-08-22T20:11:10.800517Z","level":"info","event":"ðŸš€ Model version 6 transitioned to 'Production'","chan":"stdout","logger":"task"}
{"timestamp":"2025-08-22T20:11:10.801001Z","level":"info","event":"âœ… Model registration and promotion complete.","chan":"stdout","logger":"task"}
{"timestamp":"2025-08-22T20:11:10.801504Z","level":"info","event":"âœ… High latency model registered successfully and is in production stage.","chan":"stdout","logger":"task"}
{"timestamp":"2025-08-22T20:11:10.800588","level":"info","event":"Done. Returned value was: None","logger":"airflow.task.operators.airflow.providers.standard.operators.python.PythonOperator"}
