[2025-07-30T19:53:54.151+0000] {local_task_job_runner.py:120} INFO - ::group::Pre task execution logs
[2025-07-30T19:53:54.187+0000] {taskinstance.py:2076} INFO - Dependencies all met for dep_context=non-requeueable deps ti=<TaskInstance: ml_pipeline_dag.detect_drift_task manual__2025-07-30T19:53:43.644517+00:00 [queued]>
[2025-07-30T19:53:54.197+0000] {taskinstance.py:2076} INFO - Dependencies all met for dep_context=requeueable deps ti=<TaskInstance: ml_pipeline_dag.detect_drift_task manual__2025-07-30T19:53:43.644517+00:00 [queued]>
[2025-07-30T19:53:54.198+0000] {taskinstance.py:2306} INFO - Starting attempt 1 of 1
[2025-07-30T19:53:54.214+0000] {taskinstance.py:2330} INFO - Executing <Task(PythonOperator): detect_drift_task> on 2025-07-30 19:53:43.644517+00:00
[2025-07-30T19:53:54.224+0000] {warnings.py:110} WARNING - /home/***/.local/lib/python3.12/site-packages/***/task/task_runner/standard_task_runner.py:61: DeprecationWarning: This process (pid=108) is multi-threaded, use of fork() may lead to deadlocks in the child.
  pid = os.fork()

[2025-07-30T19:53:54.227+0000] {standard_task_runner.py:63} INFO - Started process 117 to run task
[2025-07-30T19:53:54.227+0000] {standard_task_runner.py:90} INFO - Running: ['***', 'tasks', 'run', 'ml_pipeline_dag', 'detect_drift_task', 'manual__2025-07-30T19:53:43.644517+00:00', '--job-id', '20', '--raw', '--subdir', 'DAGS_FOLDER/ml_pipeline_dag.py', '--cfg-path', '/tmp/tmpe7h7_ddd']
[2025-07-30T19:53:54.231+0000] {standard_task_runner.py:91} INFO - Job 20: Subtask detect_drift_task
[2025-07-30T19:53:54.291+0000] {task_command.py:426} INFO - Running <TaskInstance: ml_pipeline_dag.detect_drift_task manual__2025-07-30T19:53:43.644517+00:00 [running]> on host dfb9ee73ce7d
[2025-07-30T19:53:54.405+0000] {taskinstance.py:2648} INFO - Exporting env vars: AIRFLOW_CTX_DAG_OWNER='***' AIRFLOW_CTX_DAG_ID='ml_pipeline_dag' AIRFLOW_CTX_TASK_ID='detect_drift_task' AIRFLOW_CTX_EXECUTION_DATE='2025-07-30T19:53:43.644517+00:00' AIRFLOW_CTX_TRY_NUMBER='1' AIRFLOW_CTX_DAG_RUN_ID='manual__2025-07-30T19:53:43.644517+00:00'
[2025-07-30T19:53:54.408+0000] {taskinstance.py:430} INFO - ::endgroup::
[2025-07-30T19:53:54.431+0000] {logging_mixin.py:188} INFO - Batch 1 - Drift score: 0.09
[2025-07-30T19:53:54.432+0000] {logging_mixin.py:188} INFO - Batch 2 - Drift score: 0.06
[2025-07-30T19:53:54.433+0000] {logging_mixin.py:188} INFO - Batch 3 - Drift score: 0.04
[2025-07-30T19:53:54.434+0000] {logging_mixin.py:188} INFO - Batch 4 - Drift score: 0.31
[2025-07-30T19:53:54.435+0000] {logging_mixin.py:188} INFO - Batch 5 - Drift score: 0.16
[2025-07-30T19:53:54.436+0000] {logging_mixin.py:188} INFO - Batch 6 - Drift score: 0.02
[2025-07-30T19:53:54.437+0000] {logging_mixin.py:188} INFO - Batch 7 - Drift score: 2.08
[2025-07-30T19:53:54.438+0000] {logging_mixin.py:188} INFO - ⚠️ Drift detected in batch 7
[2025-07-30T19:53:54.439+0000] {logging_mixin.py:188} INFO - Batch 8 - Drift score: 2.05
[2025-07-30T19:53:54.440+0000] {logging_mixin.py:188} INFO - ⚠️ Drift detected in batch 8
[2025-07-30T19:53:54.441+0000] {logging_mixin.py:188} INFO - Batch 9 - Drift score: 1.91
[2025-07-30T19:53:54.442+0000] {logging_mixin.py:188} INFO - Batch 10 - Drift score: 2.03
[2025-07-30T19:53:54.442+0000] {logging_mixin.py:188} INFO - ⚠️ Drift detected in batch 10
[2025-07-30T19:53:54.444+0000] {python.py:237} INFO - Done. Returned value was: None
[2025-07-30T19:53:54.444+0000] {taskinstance.py:441} INFO - ::group::Post task execution logs
[2025-07-30T19:53:54.457+0000] {taskinstance.py:1206} INFO - Marking task as SUCCESS. dag_id=ml_pipeline_dag, task_id=detect_drift_task, run_id=manual__2025-07-30T19:53:43.644517+00:00, execution_date=20250730T195343, start_date=20250730T195354, end_date=20250730T195354
[2025-07-30T19:53:54.492+0000] {local_task_job_runner.py:240} INFO - Task exited with return code 0
[2025-07-30T19:53:54.519+0000] {taskinstance.py:3498} INFO - 1 downstream tasks scheduled from follow-on schedule check
[2025-07-30T19:53:54.521+0000] {local_task_job_runner.py:222} INFO - ::endgroup::
