[2025-08-16T01:39:18.037+0000] {local_task_job_runner.py:120} INFO - ::group::Pre task execution logs
[2025-08-16T01:39:18.073+0000] {taskinstance.py:2076} INFO - Dependencies all met for dep_context=non-requeueable deps ti=<TaskInstance: ml_pipeline_dvc.train_fraud_detector manual__2025-08-16T01:38:39.726314+00:00 [queued]>
[2025-08-16T01:39:18.084+0000] {taskinstance.py:2076} INFO - Dependencies all met for dep_context=requeueable deps ti=<TaskInstance: ml_pipeline_dvc.train_fraud_detector manual__2025-08-16T01:38:39.726314+00:00 [queued]>
[2025-08-16T01:39:18.085+0000] {taskinstance.py:2306} INFO - Starting attempt 1 of 1
[2025-08-16T01:39:18.105+0000] {taskinstance.py:2330} INFO - Executing <Task(BashOperator): train_fraud_detector> on 2025-08-16 01:38:39.726314+00:00
[2025-08-16T01:39:18.113+0000] {warnings.py:110} WARNING - /home/***/.local/lib/python3.12/site-packages/***/task/task_runner/standard_task_runner.py:61: DeprecationWarning: This process (pid=7937) is multi-threaded, use of fork() may lead to deadlocks in the child.
  pid = os.fork()

[2025-08-16T01:39:18.117+0000] {standard_task_runner.py:63} INFO - Started process 7954 to run task
[2025-08-16T01:39:18.116+0000] {standard_task_runner.py:90} INFO - Running: ['***', 'tasks', 'run', 'ml_pipeline_dvc', 'train_fraud_detector', 'manual__2025-08-16T01:38:39.726314+00:00', '--job-id', '265', '--raw', '--subdir', 'DAGS_FOLDER/train_pipeline_dag.py', '--cfg-path', '/tmp/tmpvc5uihd_']
[2025-08-16T01:39:18.119+0000] {standard_task_runner.py:91} INFO - Job 265: Subtask train_fraud_detector
[2025-08-16T01:39:18.183+0000] {task_command.py:426} INFO - Running <TaskInstance: ml_pipeline_dvc.train_fraud_detector manual__2025-08-16T01:38:39.726314+00:00 [running]> on host 952e994ef77e
[2025-08-16T01:39:18.328+0000] {taskinstance.py:2648} INFO - Exporting env vars: AIRFLOW_CTX_DAG_OWNER='yas' AIRFLOW_CTX_DAG_ID='ml_pipeline_dvc' AIRFLOW_CTX_TASK_ID='train_fraud_detector' AIRFLOW_CTX_EXECUTION_DATE='2025-08-16T01:38:39.726314+00:00' AIRFLOW_CTX_TRY_NUMBER='1' AIRFLOW_CTX_DAG_RUN_ID='manual__2025-08-16T01:38:39.726314+00:00'
[2025-08-16T01:39:18.330+0000] {taskinstance.py:430} INFO - ::endgroup::
[2025-08-16T01:39:18.355+0000] {subprocess.py:63} INFO - Tmp dir root location: /tmp
[2025-08-16T01:39:18.356+0000] {subprocess.py:75} INFO - Running command: ['/usr/bin/bash', '-c', '\n            cd /opt/***/ml_pipeline\n            dvc pull\n            dvc repro train_model\n            dvc push\n        ']
[2025-08-16T01:39:18.371+0000] {subprocess.py:86} INFO - Output:
[2025-08-16T01:39:21.666+0000] {subprocess.py:93} INFO - ERROR: failed to pull data from the cloud - Can't remove the following unsaved files without confirmation. Use `--force` to force.
[2025-08-16T01:39:21.667+0000] {subprocess.py:93} INFO - /opt/***/ml_pipeline/version_meta.json
[2025-08-16T01:39:24.618+0000] {subprocess.py:93} INFO - ERROR: output 'version_meta.json' is specified in:
[2025-08-16T01:39:24.619+0000] {subprocess.py:93} INFO - 	- preprocess
[2025-08-16T01:39:24.620+0000] {subprocess.py:93} INFO - 	- train_outlier
[2025-08-16T01:39:24.620+0000] {subprocess.py:93} INFO - Use `dvc remove` with any of the above targets to stop tracking the overlapping output.
[2025-08-16T01:39:28.401+0000] {subprocess.py:93} INFO - Everything is up to date.
[2025-08-16T01:39:28.829+0000] {subprocess.py:97} INFO - Command exited with return code 0
[2025-08-16T01:39:28.831+0000] {taskinstance.py:441} INFO - ::group::Post task execution logs
[2025-08-16T01:39:28.884+0000] {taskinstance.py:1206} INFO - Marking task as SUCCESS. dag_id=ml_pipeline_dvc, task_id=train_fraud_detector, run_id=manual__2025-08-16T01:38:39.726314+00:00, execution_date=20250816T013839, start_date=20250816T013918, end_date=20250816T013928
[2025-08-16T01:39:28.961+0000] {local_task_job_runner.py:240} INFO - Task exited with return code 0
[2025-08-16T01:39:28.998+0000] {taskinstance.py:3498} INFO - 0 downstream tasks scheduled from follow-on schedule check
[2025-08-16T01:39:29.001+0000] {local_task_job_runner.py:222} INFO - ::endgroup::
