[2025-08-10T23:35:17.010+0000] {processor.py:161} INFO - Started process (PID=80) to work on /opt/airflow/dags/batch_inference_dag.py
[2025-08-10T23:35:17.012+0000] {processor.py:830} INFO - Processing file /opt/airflow/dags/batch_inference_dag.py for tasks to queue
[2025-08-10T23:35:17.015+0000] {logging_mixin.py:188} INFO - [2025-08-10T23:35:17.015+0000] {dagbag.py:545} INFO - Filling up the DagBag from /opt/airflow/dags/batch_inference_dag.py
[2025-08-10T23:35:17.038+0000] {processor.py:840} INFO - DAG(s) 'daily_batch_inference' retrieved from /opt/airflow/dags/batch_inference_dag.py
[2025-08-10T23:35:17.194+0000] {logging_mixin.py:188} INFO - [2025-08-10T23:35:17.193+0000] {override.py:1829} INFO - Created Permission View: can delete on DAG:daily_batch_inference
[2025-08-10T23:35:17.208+0000] {logging_mixin.py:188} INFO - [2025-08-10T23:35:17.207+0000] {override.py:1829} INFO - Created Permission View: can edit on DAG:daily_batch_inference
[2025-08-10T23:35:17.216+0000] {logging_mixin.py:188} INFO - [2025-08-10T23:35:17.215+0000] {override.py:1829} INFO - Created Permission View: can read on DAG:daily_batch_inference
[2025-08-10T23:35:17.217+0000] {logging_mixin.py:188} INFO - [2025-08-10T23:35:17.217+0000] {dag.py:3096} INFO - Sync 1 DAGs
[2025-08-10T23:35:17.232+0000] {logging_mixin.py:188} INFO - [2025-08-10T23:35:17.231+0000] {dag.py:3118} INFO - Creating ORM DAG for daily_batch_inference
[2025-08-10T23:35:17.247+0000] {logging_mixin.py:188} INFO - [2025-08-10T23:35:17.247+0000] {dag.py:3954} INFO - Setting next_dagrun for daily_batch_inference to 2025-08-09 00:00:00+00:00, run_after=2025-08-10 00:00:00+00:00
[2025-08-10T23:35:17.269+0000] {processor.py:183} INFO - Processing /opt/airflow/dags/batch_inference_dag.py took 0.271 seconds
[2025-08-10T23:35:48.069+0000] {processor.py:161} INFO - Started process (PID=100) to work on /opt/airflow/dags/batch_inference_dag.py
[2025-08-10T23:35:48.071+0000] {processor.py:830} INFO - Processing file /opt/airflow/dags/batch_inference_dag.py for tasks to queue
[2025-08-10T23:35:48.075+0000] {logging_mixin.py:188} INFO - [2025-08-10T23:35:48.074+0000] {dagbag.py:545} INFO - Filling up the DagBag from /opt/airflow/dags/batch_inference_dag.py
[2025-08-10T23:35:48.110+0000] {processor.py:840} INFO - DAG(s) 'daily_batch_inference' retrieved from /opt/airflow/dags/batch_inference_dag.py
[2025-08-10T23:35:48.156+0000] {logging_mixin.py:188} INFO - [2025-08-10T23:35:48.156+0000] {dag.py:3096} INFO - Sync 1 DAGs
[2025-08-10T23:35:48.189+0000] {logging_mixin.py:188} INFO - [2025-08-10T23:35:48.189+0000] {dag.py:3954} INFO - Setting next_dagrun for daily_batch_inference to 2025-08-09 00:00:00+00:00, run_after=2025-08-10 00:00:00+00:00
[2025-08-10T23:35:48.324+0000] {processor.py:183} INFO - Processing /opt/airflow/dags/batch_inference_dag.py took 0.266 seconds
[2025-08-10T23:36:18.708+0000] {processor.py:161} INFO - Started process (PID=129) to work on /opt/airflow/dags/batch_inference_dag.py
[2025-08-10T23:36:18.709+0000] {processor.py:830} INFO - Processing file /opt/airflow/dags/batch_inference_dag.py for tasks to queue
[2025-08-10T23:36:18.712+0000] {logging_mixin.py:188} INFO - [2025-08-10T23:36:18.712+0000] {dagbag.py:545} INFO - Filling up the DagBag from /opt/airflow/dags/batch_inference_dag.py
[2025-08-10T23:36:18.732+0000] {processor.py:840} INFO - DAG(s) 'daily_batch_inference' retrieved from /opt/airflow/dags/batch_inference_dag.py
[2025-08-10T23:36:18.769+0000] {logging_mixin.py:188} INFO - [2025-08-10T23:36:18.768+0000] {dag.py:3096} INFO - Sync 1 DAGs
[2025-08-10T23:36:18.802+0000] {logging_mixin.py:188} INFO - [2025-08-10T23:36:18.801+0000] {dag.py:3954} INFO - Setting next_dagrun for daily_batch_inference to 2025-08-09 00:00:00+00:00, run_after=2025-08-10 00:00:00+00:00
[2025-08-10T23:36:18.827+0000] {processor.py:183} INFO - Processing /opt/airflow/dags/batch_inference_dag.py took 0.127 seconds
[2025-08-10T23:36:49.563+0000] {processor.py:161} INFO - Started process (PID=160) to work on /opt/airflow/dags/batch_inference_dag.py
[2025-08-10T23:36:49.576+0000] {processor.py:830} INFO - Processing file /opt/airflow/dags/batch_inference_dag.py for tasks to queue
[2025-08-10T23:36:49.583+0000] {logging_mixin.py:188} INFO - [2025-08-10T23:36:49.582+0000] {dagbag.py:545} INFO - Filling up the DagBag from /opt/airflow/dags/batch_inference_dag.py
[2025-08-10T23:36:49.626+0000] {processor.py:840} INFO - DAG(s) 'daily_batch_inference' retrieved from /opt/airflow/dags/batch_inference_dag.py
[2025-08-10T23:36:49.675+0000] {logging_mixin.py:188} INFO - [2025-08-10T23:36:49.674+0000] {dag.py:3096} INFO - Sync 1 DAGs
[2025-08-10T23:36:49.709+0000] {logging_mixin.py:188} INFO - [2025-08-10T23:36:49.708+0000] {dag.py:3954} INFO - Setting next_dagrun for daily_batch_inference to 2025-08-09 00:00:00+00:00, run_after=2025-08-10 00:00:00+00:00
[2025-08-10T23:36:49.733+0000] {processor.py:183} INFO - Processing /opt/airflow/dags/batch_inference_dag.py took 0.180 seconds
[2025-08-10T23:37:19.997+0000] {processor.py:161} INFO - Started process (PID=192) to work on /opt/airflow/dags/batch_inference_dag.py
[2025-08-10T23:37:19.999+0000] {processor.py:830} INFO - Processing file /opt/airflow/dags/batch_inference_dag.py for tasks to queue
[2025-08-10T23:37:20.001+0000] {logging_mixin.py:188} INFO - [2025-08-10T23:37:20.001+0000] {dagbag.py:545} INFO - Filling up the DagBag from /opt/airflow/dags/batch_inference_dag.py
[2025-08-10T23:37:20.027+0000] {processor.py:840} INFO - DAG(s) 'daily_batch_inference' retrieved from /opt/airflow/dags/batch_inference_dag.py
[2025-08-10T23:37:20.064+0000] {logging_mixin.py:188} INFO - [2025-08-10T23:37:20.064+0000] {dag.py:3096} INFO - Sync 1 DAGs
[2025-08-10T23:37:20.093+0000] {logging_mixin.py:188} INFO - [2025-08-10T23:37:20.093+0000] {dag.py:3954} INFO - Setting next_dagrun for daily_batch_inference to 2025-08-09 00:00:00+00:00, run_after=2025-08-10 00:00:00+00:00
[2025-08-10T23:37:20.115+0000] {processor.py:183} INFO - Processing /opt/airflow/dags/batch_inference_dag.py took 0.127 seconds
[2025-08-10T23:37:50.161+0000] {processor.py:161} INFO - Started process (PID=225) to work on /opt/airflow/dags/batch_inference_dag.py
[2025-08-10T23:37:50.162+0000] {processor.py:830} INFO - Processing file /opt/airflow/dags/batch_inference_dag.py for tasks to queue
[2025-08-10T23:37:50.165+0000] {logging_mixin.py:188} INFO - [2025-08-10T23:37:50.164+0000] {dagbag.py:545} INFO - Filling up the DagBag from /opt/airflow/dags/batch_inference_dag.py
[2025-08-10T23:37:50.190+0000] {processor.py:840} INFO - DAG(s) 'daily_batch_inference' retrieved from /opt/airflow/dags/batch_inference_dag.py
[2025-08-10T23:37:50.224+0000] {logging_mixin.py:188} INFO - [2025-08-10T23:37:50.223+0000] {dag.py:3096} INFO - Sync 1 DAGs
[2025-08-10T23:37:50.253+0000] {logging_mixin.py:188} INFO - [2025-08-10T23:37:50.253+0000] {dag.py:3954} INFO - Setting next_dagrun for daily_batch_inference to 2025-08-09 00:00:00+00:00, run_after=2025-08-10 00:00:00+00:00
[2025-08-10T23:37:50.279+0000] {processor.py:183} INFO - Processing /opt/airflow/dags/batch_inference_dag.py took 0.127 seconds
[2025-08-10T23:38:20.524+0000] {processor.py:161} INFO - Started process (PID=257) to work on /opt/airflow/dags/batch_inference_dag.py
[2025-08-10T23:38:20.526+0000] {processor.py:830} INFO - Processing file /opt/airflow/dags/batch_inference_dag.py for tasks to queue
[2025-08-10T23:38:20.529+0000] {logging_mixin.py:188} INFO - [2025-08-10T23:38:20.529+0000] {dagbag.py:545} INFO - Filling up the DagBag from /opt/airflow/dags/batch_inference_dag.py
[2025-08-10T23:38:20.550+0000] {processor.py:840} INFO - DAG(s) 'daily_batch_inference' retrieved from /opt/airflow/dags/batch_inference_dag.py
[2025-08-10T23:38:20.590+0000] {logging_mixin.py:188} INFO - [2025-08-10T23:38:20.590+0000] {dag.py:3096} INFO - Sync 1 DAGs
[2025-08-10T23:38:20.628+0000] {logging_mixin.py:188} INFO - [2025-08-10T23:38:20.628+0000] {dag.py:3954} INFO - Setting next_dagrun for daily_batch_inference to 2025-08-09 00:00:00+00:00, run_after=2025-08-10 00:00:00+00:00
[2025-08-10T23:38:20.653+0000] {processor.py:183} INFO - Processing /opt/airflow/dags/batch_inference_dag.py took 0.140 seconds
[2025-08-10T23:38:51.072+0000] {processor.py:161} INFO - Started process (PID=289) to work on /opt/airflow/dags/batch_inference_dag.py
[2025-08-10T23:38:51.073+0000] {processor.py:830} INFO - Processing file /opt/airflow/dags/batch_inference_dag.py for tasks to queue
[2025-08-10T23:38:51.077+0000] {logging_mixin.py:188} INFO - [2025-08-10T23:38:51.076+0000] {dagbag.py:545} INFO - Filling up the DagBag from /opt/airflow/dags/batch_inference_dag.py
[2025-08-10T23:38:51.099+0000] {processor.py:840} INFO - DAG(s) 'daily_batch_inference' retrieved from /opt/airflow/dags/batch_inference_dag.py
[2025-08-10T23:38:51.141+0000] {logging_mixin.py:188} INFO - [2025-08-10T23:38:51.140+0000] {dag.py:3096} INFO - Sync 1 DAGs
[2025-08-10T23:38:51.179+0000] {logging_mixin.py:188} INFO - [2025-08-10T23:38:51.179+0000] {dag.py:3954} INFO - Setting next_dagrun for daily_batch_inference to 2025-08-09 00:00:00+00:00, run_after=2025-08-10 00:00:00+00:00
[2025-08-10T23:38:51.227+0000] {processor.py:183} INFO - Processing /opt/airflow/dags/batch_inference_dag.py took 0.165 seconds
[2025-08-10T23:39:21.586+0000] {processor.py:161} INFO - Started process (PID=321) to work on /opt/airflow/dags/batch_inference_dag.py
[2025-08-10T23:39:21.588+0000] {processor.py:830} INFO - Processing file /opt/airflow/dags/batch_inference_dag.py for tasks to queue
[2025-08-10T23:39:21.591+0000] {logging_mixin.py:188} INFO - [2025-08-10T23:39:21.591+0000] {dagbag.py:545} INFO - Filling up the DagBag from /opt/airflow/dags/batch_inference_dag.py
[2025-08-10T23:39:21.610+0000] {processor.py:840} INFO - DAG(s) 'daily_batch_inference' retrieved from /opt/airflow/dags/batch_inference_dag.py
[2025-08-10T23:39:21.648+0000] {logging_mixin.py:188} INFO - [2025-08-10T23:39:21.647+0000] {dag.py:3096} INFO - Sync 1 DAGs
[2025-08-10T23:39:21.678+0000] {logging_mixin.py:188} INFO - [2025-08-10T23:39:21.678+0000] {dag.py:3954} INFO - Setting next_dagrun for daily_batch_inference to 2025-08-09 00:00:00+00:00, run_after=2025-08-10 00:00:00+00:00
[2025-08-10T23:39:21.700+0000] {processor.py:183} INFO - Processing /opt/airflow/dags/batch_inference_dag.py took 0.123 seconds
[2025-08-10T23:39:52.106+0000] {processor.py:161} INFO - Started process (PID=353) to work on /opt/airflow/dags/batch_inference_dag.py
[2025-08-10T23:39:52.108+0000] {processor.py:830} INFO - Processing file /opt/airflow/dags/batch_inference_dag.py for tasks to queue
[2025-08-10T23:39:52.111+0000] {logging_mixin.py:188} INFO - [2025-08-10T23:39:52.110+0000] {dagbag.py:545} INFO - Filling up the DagBag from /opt/airflow/dags/batch_inference_dag.py
[2025-08-10T23:39:52.128+0000] {processor.py:840} INFO - DAG(s) 'daily_batch_inference' retrieved from /opt/airflow/dags/batch_inference_dag.py
[2025-08-10T23:39:52.160+0000] {logging_mixin.py:188} INFO - [2025-08-10T23:39:52.160+0000] {dag.py:3096} INFO - Sync 1 DAGs
[2025-08-10T23:39:52.189+0000] {logging_mixin.py:188} INFO - [2025-08-10T23:39:52.189+0000] {dag.py:3954} INFO - Setting next_dagrun for daily_batch_inference to 2025-08-09 00:00:00+00:00, run_after=2025-08-10 00:00:00+00:00
[2025-08-10T23:39:52.209+0000] {processor.py:183} INFO - Processing /opt/airflow/dags/batch_inference_dag.py took 0.110 seconds
[2025-08-10T23:40:22.360+0000] {processor.py:161} INFO - Started process (PID=386) to work on /opt/airflow/dags/batch_inference_dag.py
[2025-08-10T23:40:22.362+0000] {processor.py:830} INFO - Processing file /opt/airflow/dags/batch_inference_dag.py for tasks to queue
[2025-08-10T23:40:22.365+0000] {logging_mixin.py:188} INFO - [2025-08-10T23:40:22.364+0000] {dagbag.py:545} INFO - Filling up the DagBag from /opt/airflow/dags/batch_inference_dag.py
[2025-08-10T23:40:22.382+0000] {processor.py:840} INFO - DAG(s) 'daily_batch_inference' retrieved from /opt/airflow/dags/batch_inference_dag.py
[2025-08-10T23:40:22.414+0000] {logging_mixin.py:188} INFO - [2025-08-10T23:40:22.413+0000] {dag.py:3096} INFO - Sync 1 DAGs
[2025-08-10T23:40:22.444+0000] {logging_mixin.py:188} INFO - [2025-08-10T23:40:22.444+0000] {dag.py:3954} INFO - Setting next_dagrun for daily_batch_inference to 2025-08-09 00:00:00+00:00, run_after=2025-08-10 00:00:00+00:00
[2025-08-10T23:40:22.472+0000] {processor.py:183} INFO - Processing /opt/airflow/dags/batch_inference_dag.py took 0.120 seconds
[2025-08-10T23:40:52.839+0000] {processor.py:161} INFO - Started process (PID=421) to work on /opt/airflow/dags/batch_inference_dag.py
[2025-08-10T23:40:52.843+0000] {processor.py:830} INFO - Processing file /opt/airflow/dags/batch_inference_dag.py for tasks to queue
[2025-08-10T23:40:52.849+0000] {logging_mixin.py:188} INFO - [2025-08-10T23:40:52.848+0000] {dagbag.py:545} INFO - Filling up the DagBag from /opt/airflow/dags/batch_inference_dag.py
[2025-08-10T23:40:52.888+0000] {processor.py:840} INFO - DAG(s) 'daily_batch_inference' retrieved from /opt/airflow/dags/batch_inference_dag.py
[2025-08-10T23:40:52.971+0000] {logging_mixin.py:188} INFO - [2025-08-10T23:40:52.970+0000] {dag.py:3096} INFO - Sync 1 DAGs
[2025-08-10T23:40:53.032+0000] {logging_mixin.py:188} INFO - [2025-08-10T23:40:53.032+0000] {dag.py:3954} INFO - Setting next_dagrun for daily_batch_inference to 2025-08-09 00:00:00+00:00, run_after=2025-08-10 00:00:00+00:00
[2025-08-10T23:40:53.085+0000] {processor.py:183} INFO - Processing /opt/airflow/dags/batch_inference_dag.py took 0.264 seconds
[2025-08-10T23:41:23.555+0000] {processor.py:161} INFO - Started process (PID=451) to work on /opt/airflow/dags/batch_inference_dag.py
[2025-08-10T23:41:23.557+0000] {processor.py:830} INFO - Processing file /opt/airflow/dags/batch_inference_dag.py for tasks to queue
[2025-08-10T23:41:23.562+0000] {logging_mixin.py:188} INFO - [2025-08-10T23:41:23.561+0000] {dagbag.py:545} INFO - Filling up the DagBag from /opt/airflow/dags/batch_inference_dag.py
[2025-08-10T23:41:23.586+0000] {processor.py:840} INFO - DAG(s) 'daily_batch_inference' retrieved from /opt/airflow/dags/batch_inference_dag.py
[2025-08-10T23:41:23.631+0000] {logging_mixin.py:188} INFO - [2025-08-10T23:41:23.630+0000] {dag.py:3096} INFO - Sync 1 DAGs
[2025-08-10T23:41:23.672+0000] {logging_mixin.py:188} INFO - [2025-08-10T23:41:23.671+0000] {dag.py:3954} INFO - Setting next_dagrun for daily_batch_inference to 2025-08-09 00:00:00+00:00, run_after=2025-08-10 00:00:00+00:00
[2025-08-10T23:41:23.695+0000] {processor.py:183} INFO - Processing /opt/airflow/dags/batch_inference_dag.py took 0.150 seconds
[2025-08-10T23:41:54.077+0000] {processor.py:161} INFO - Started process (PID=486) to work on /opt/airflow/dags/batch_inference_dag.py
[2025-08-10T23:41:54.078+0000] {processor.py:830} INFO - Processing file /opt/airflow/dags/batch_inference_dag.py for tasks to queue
[2025-08-10T23:41:54.081+0000] {logging_mixin.py:188} INFO - [2025-08-10T23:41:54.080+0000] {dagbag.py:545} INFO - Filling up the DagBag from /opt/airflow/dags/batch_inference_dag.py
[2025-08-10T23:41:54.101+0000] {processor.py:840} INFO - DAG(s) 'daily_batch_inference' retrieved from /opt/airflow/dags/batch_inference_dag.py
[2025-08-10T23:41:54.138+0000] {logging_mixin.py:188} INFO - [2025-08-10T23:41:54.137+0000] {dag.py:3096} INFO - Sync 1 DAGs
[2025-08-10T23:41:54.170+0000] {logging_mixin.py:188} INFO - [2025-08-10T23:41:54.169+0000] {dag.py:3954} INFO - Setting next_dagrun for daily_batch_inference to 2025-08-09 00:00:00+00:00, run_after=2025-08-10 00:00:00+00:00
[2025-08-10T23:41:54.200+0000] {processor.py:183} INFO - Processing /opt/airflow/dags/batch_inference_dag.py took 0.133 seconds
[2025-08-10T23:42:24.797+0000] {processor.py:161} INFO - Started process (PID=527) to work on /opt/airflow/dags/batch_inference_dag.py
[2025-08-10T23:42:24.799+0000] {processor.py:830} INFO - Processing file /opt/airflow/dags/batch_inference_dag.py for tasks to queue
[2025-08-10T23:42:24.801+0000] {logging_mixin.py:188} INFO - [2025-08-10T23:42:24.801+0000] {dagbag.py:545} INFO - Filling up the DagBag from /opt/airflow/dags/batch_inference_dag.py
[2025-08-10T23:42:24.822+0000] {processor.py:840} INFO - DAG(s) 'daily_batch_inference' retrieved from /opt/airflow/dags/batch_inference_dag.py
[2025-08-10T23:42:24.858+0000] {logging_mixin.py:188} INFO - [2025-08-10T23:42:24.857+0000] {dag.py:3096} INFO - Sync 1 DAGs
[2025-08-10T23:42:24.888+0000] {logging_mixin.py:188} INFO - [2025-08-10T23:42:24.888+0000] {dag.py:3954} INFO - Setting next_dagrun for daily_batch_inference to 2025-08-09 00:00:00+00:00, run_after=2025-08-10 00:00:00+00:00
[2025-08-10T23:42:24.910+0000] {processor.py:183} INFO - Processing /opt/airflow/dags/batch_inference_dag.py took 0.125 seconds
[2025-08-10T23:42:55.123+0000] {processor.py:161} INFO - Started process (PID=563) to work on /opt/airflow/dags/batch_inference_dag.py
[2025-08-10T23:42:55.125+0000] {processor.py:830} INFO - Processing file /opt/airflow/dags/batch_inference_dag.py for tasks to queue
[2025-08-10T23:42:55.128+0000] {logging_mixin.py:188} INFO - [2025-08-10T23:42:55.128+0000] {dagbag.py:545} INFO - Filling up the DagBag from /opt/airflow/dags/batch_inference_dag.py
[2025-08-10T23:42:55.159+0000] {processor.py:840} INFO - DAG(s) 'daily_batch_inference' retrieved from /opt/airflow/dags/batch_inference_dag.py
[2025-08-10T23:42:55.211+0000] {logging_mixin.py:188} INFO - [2025-08-10T23:42:55.210+0000] {dag.py:3096} INFO - Sync 1 DAGs
[2025-08-10T23:42:55.247+0000] {logging_mixin.py:188} INFO - [2025-08-10T23:42:55.247+0000] {dag.py:3954} INFO - Setting next_dagrun for daily_batch_inference to 2025-08-09 00:00:00+00:00, run_after=2025-08-10 00:00:00+00:00
[2025-08-10T23:42:55.269+0000] {processor.py:183} INFO - Processing /opt/airflow/dags/batch_inference_dag.py took 0.156 seconds
[2025-08-10T23:43:25.666+0000] {processor.py:161} INFO - Started process (PID=599) to work on /opt/airflow/dags/batch_inference_dag.py
[2025-08-10T23:43:25.674+0000] {processor.py:830} INFO - Processing file /opt/airflow/dags/batch_inference_dag.py for tasks to queue
[2025-08-10T23:43:25.683+0000] {logging_mixin.py:188} INFO - [2025-08-10T23:43:25.681+0000] {dagbag.py:545} INFO - Filling up the DagBag from /opt/airflow/dags/batch_inference_dag.py
[2025-08-10T23:43:25.725+0000] {processor.py:840} INFO - DAG(s) 'daily_batch_inference' retrieved from /opt/airflow/dags/batch_inference_dag.py
[2025-08-10T23:43:25.832+0000] {logging_mixin.py:188} INFO - [2025-08-10T23:43:25.831+0000] {dag.py:3096} INFO - Sync 1 DAGs
[2025-08-10T23:43:25.948+0000] {logging_mixin.py:188} INFO - [2025-08-10T23:43:25.947+0000] {dag.py:3954} INFO - Setting next_dagrun for daily_batch_inference to 2025-08-09 00:00:00+00:00, run_after=2025-08-10 00:00:00+00:00
[2025-08-10T23:43:26.025+0000] {processor.py:183} INFO - Processing /opt/airflow/dags/batch_inference_dag.py took 0.375 seconds
[2025-08-10T23:43:56.109+0000] {processor.py:161} INFO - Started process (PID=624) to work on /opt/airflow/dags/batch_inference_dag.py
[2025-08-10T23:43:56.110+0000] {processor.py:830} INFO - Processing file /opt/airflow/dags/batch_inference_dag.py for tasks to queue
[2025-08-10T23:43:56.114+0000] {logging_mixin.py:188} INFO - [2025-08-10T23:43:56.113+0000] {dagbag.py:545} INFO - Filling up the DagBag from /opt/airflow/dags/batch_inference_dag.py
[2025-08-10T23:43:56.131+0000] {processor.py:840} INFO - DAG(s) 'daily_batch_inference' retrieved from /opt/airflow/dags/batch_inference_dag.py
[2025-08-10T23:43:56.165+0000] {logging_mixin.py:188} INFO - [2025-08-10T23:43:56.165+0000] {dag.py:3096} INFO - Sync 1 DAGs
[2025-08-10T23:43:56.195+0000] {logging_mixin.py:188} INFO - [2025-08-10T23:43:56.195+0000] {dag.py:3954} INFO - Setting next_dagrun for daily_batch_inference to 2025-08-09 00:00:00+00:00, run_after=2025-08-10 00:00:00+00:00
[2025-08-10T23:43:56.216+0000] {processor.py:183} INFO - Processing /opt/airflow/dags/batch_inference_dag.py took 0.116 seconds
[2025-08-10T23:44:26.491+0000] {processor.py:161} INFO - Started process (PID=659) to work on /opt/airflow/dags/batch_inference_dag.py
[2025-08-10T23:44:26.492+0000] {processor.py:830} INFO - Processing file /opt/airflow/dags/batch_inference_dag.py for tasks to queue
[2025-08-10T23:44:26.495+0000] {logging_mixin.py:188} INFO - [2025-08-10T23:44:26.495+0000] {dagbag.py:545} INFO - Filling up the DagBag from /opt/airflow/dags/batch_inference_dag.py
[2025-08-10T23:44:26.514+0000] {processor.py:840} INFO - DAG(s) 'daily_batch_inference' retrieved from /opt/airflow/dags/batch_inference_dag.py
[2025-08-10T23:44:26.559+0000] {logging_mixin.py:188} INFO - [2025-08-10T23:44:26.558+0000] {dag.py:3096} INFO - Sync 1 DAGs
[2025-08-10T23:44:26.605+0000] {logging_mixin.py:188} INFO - [2025-08-10T23:44:26.604+0000] {dag.py:3954} INFO - Setting next_dagrun for daily_batch_inference to 2025-08-09 00:00:00+00:00, run_after=2025-08-10 00:00:00+00:00
[2025-08-10T23:44:26.630+0000] {processor.py:183} INFO - Processing /opt/airflow/dags/batch_inference_dag.py took 0.148 seconds
[2025-08-10T23:44:56.767+0000] {processor.py:161} INFO - Started process (PID=692) to work on /opt/airflow/dags/batch_inference_dag.py
[2025-08-10T23:44:56.768+0000] {processor.py:830} INFO - Processing file /opt/airflow/dags/batch_inference_dag.py for tasks to queue
[2025-08-10T23:44:56.772+0000] {logging_mixin.py:188} INFO - [2025-08-10T23:44:56.771+0000] {dagbag.py:545} INFO - Filling up the DagBag from /opt/airflow/dags/batch_inference_dag.py
[2025-08-10T23:44:56.791+0000] {processor.py:840} INFO - DAG(s) 'daily_batch_inference' retrieved from /opt/airflow/dags/batch_inference_dag.py
[2025-08-10T23:44:56.827+0000] {logging_mixin.py:188} INFO - [2025-08-10T23:44:56.826+0000] {dag.py:3096} INFO - Sync 1 DAGs
[2025-08-10T23:44:56.859+0000] {logging_mixin.py:188} INFO - [2025-08-10T23:44:56.859+0000] {dag.py:3954} INFO - Setting next_dagrun for daily_batch_inference to 2025-08-09 00:00:00+00:00, run_after=2025-08-10 00:00:00+00:00
[2025-08-10T23:44:56.880+0000] {processor.py:183} INFO - Processing /opt/airflow/dags/batch_inference_dag.py took 0.122 seconds
[2025-08-10T23:45:27.193+0000] {processor.py:161} INFO - Started process (PID=725) to work on /opt/airflow/dags/batch_inference_dag.py
[2025-08-10T23:45:27.195+0000] {processor.py:830} INFO - Processing file /opt/airflow/dags/batch_inference_dag.py for tasks to queue
[2025-08-10T23:45:27.198+0000] {logging_mixin.py:188} INFO - [2025-08-10T23:45:27.197+0000] {dagbag.py:545} INFO - Filling up the DagBag from /opt/airflow/dags/batch_inference_dag.py
[2025-08-10T23:45:27.217+0000] {processor.py:840} INFO - DAG(s) 'daily_batch_inference' retrieved from /opt/airflow/dags/batch_inference_dag.py
[2025-08-10T23:45:27.254+0000] {logging_mixin.py:188} INFO - [2025-08-10T23:45:27.253+0000] {dag.py:3096} INFO - Sync 1 DAGs
[2025-08-10T23:45:27.297+0000] {logging_mixin.py:188} INFO - [2025-08-10T23:45:27.296+0000] {dag.py:3954} INFO - Setting next_dagrun for daily_batch_inference to 2025-08-09 00:00:00+00:00, run_after=2025-08-10 00:00:00+00:00
[2025-08-10T23:45:27.330+0000] {processor.py:183} INFO - Processing /opt/airflow/dags/batch_inference_dag.py took 0.146 seconds
[2025-08-10T23:45:57.491+0000] {processor.py:161} INFO - Started process (PID=759) to work on /opt/airflow/dags/batch_inference_dag.py
[2025-08-10T23:45:57.493+0000] {processor.py:830} INFO - Processing file /opt/airflow/dags/batch_inference_dag.py for tasks to queue
[2025-08-10T23:45:57.497+0000] {logging_mixin.py:188} INFO - [2025-08-10T23:45:57.497+0000] {dagbag.py:545} INFO - Filling up the DagBag from /opt/airflow/dags/batch_inference_dag.py
[2025-08-10T23:45:57.526+0000] {processor.py:840} INFO - DAG(s) 'daily_batch_inference' retrieved from /opt/airflow/dags/batch_inference_dag.py
[2025-08-10T23:45:57.579+0000] {logging_mixin.py:188} INFO - [2025-08-10T23:45:57.578+0000] {dag.py:3096} INFO - Sync 1 DAGs
[2025-08-10T23:45:57.621+0000] {logging_mixin.py:188} INFO - [2025-08-10T23:45:57.621+0000] {dag.py:3954} INFO - Setting next_dagrun for daily_batch_inference to 2025-08-09 00:00:00+00:00, run_after=2025-08-10 00:00:00+00:00
[2025-08-10T23:45:57.655+0000] {processor.py:183} INFO - Processing /opt/airflow/dags/batch_inference_dag.py took 0.177 seconds
[2025-08-10T23:46:27.695+0000] {processor.py:161} INFO - Started process (PID=796) to work on /opt/airflow/dags/batch_inference_dag.py
[2025-08-10T23:46:27.697+0000] {processor.py:830} INFO - Processing file /opt/airflow/dags/batch_inference_dag.py for tasks to queue
[2025-08-10T23:46:27.700+0000] {logging_mixin.py:188} INFO - [2025-08-10T23:46:27.700+0000] {dagbag.py:545} INFO - Filling up the DagBag from /opt/airflow/dags/batch_inference_dag.py
[2025-08-10T23:46:27.721+0000] {processor.py:840} INFO - DAG(s) 'daily_batch_inference' retrieved from /opt/airflow/dags/batch_inference_dag.py
[2025-08-10T23:46:27.776+0000] {logging_mixin.py:188} INFO - [2025-08-10T23:46:27.775+0000] {dag.py:3096} INFO - Sync 1 DAGs
[2025-08-10T23:46:27.807+0000] {logging_mixin.py:188} INFO - [2025-08-10T23:46:27.807+0000] {dag.py:3954} INFO - Setting next_dagrun for daily_batch_inference to 2025-08-09 00:00:00+00:00, run_after=2025-08-10 00:00:00+00:00
[2025-08-10T23:46:27.831+0000] {processor.py:183} INFO - Processing /opt/airflow/dags/batch_inference_dag.py took 0.148 seconds
[2025-08-10T23:46:58.238+0000] {processor.py:161} INFO - Started process (PID=827) to work on /opt/airflow/dags/batch_inference_dag.py
[2025-08-10T23:46:58.239+0000] {processor.py:830} INFO - Processing file /opt/airflow/dags/batch_inference_dag.py for tasks to queue
[2025-08-10T23:46:58.243+0000] {logging_mixin.py:188} INFO - [2025-08-10T23:46:58.243+0000] {dagbag.py:545} INFO - Filling up the DagBag from /opt/airflow/dags/batch_inference_dag.py
[2025-08-10T23:46:58.261+0000] {processor.py:840} INFO - DAG(s) 'daily_batch_inference' retrieved from /opt/airflow/dags/batch_inference_dag.py
[2025-08-10T23:46:58.298+0000] {logging_mixin.py:188} INFO - [2025-08-10T23:46:58.297+0000] {dag.py:3096} INFO - Sync 1 DAGs
[2025-08-10T23:46:58.326+0000] {logging_mixin.py:188} INFO - [2025-08-10T23:46:58.326+0000] {dag.py:3954} INFO - Setting next_dagrun for daily_batch_inference to 2025-08-09 00:00:00+00:00, run_after=2025-08-10 00:00:00+00:00
[2025-08-10T23:46:58.354+0000] {processor.py:183} INFO - Processing /opt/airflow/dags/batch_inference_dag.py took 0.125 seconds
[2025-08-10T23:47:28.799+0000] {processor.py:161} INFO - Started process (PID=861) to work on /opt/airflow/dags/batch_inference_dag.py
[2025-08-10T23:47:28.801+0000] {processor.py:830} INFO - Processing file /opt/airflow/dags/batch_inference_dag.py for tasks to queue
[2025-08-10T23:47:28.804+0000] {logging_mixin.py:188} INFO - [2025-08-10T23:47:28.804+0000] {dagbag.py:545} INFO - Filling up the DagBag from /opt/airflow/dags/batch_inference_dag.py
[2025-08-10T23:47:28.824+0000] {processor.py:840} INFO - DAG(s) 'daily_batch_inference' retrieved from /opt/airflow/dags/batch_inference_dag.py
[2025-08-10T23:47:28.867+0000] {logging_mixin.py:188} INFO - [2025-08-10T23:47:28.866+0000] {dag.py:3096} INFO - Sync 1 DAGs
[2025-08-10T23:47:28.913+0000] {logging_mixin.py:188} INFO - [2025-08-10T23:47:28.913+0000] {dag.py:3954} INFO - Setting next_dagrun for daily_batch_inference to 2025-08-09 00:00:00+00:00, run_after=2025-08-10 00:00:00+00:00
[2025-08-10T23:47:28.944+0000] {processor.py:183} INFO - Processing /opt/airflow/dags/batch_inference_dag.py took 0.154 seconds
[2025-08-10T23:53:14.627+0000] {processor.py:161} INFO - Started process (PID=85) to work on /opt/airflow/dags/batch_inference_dag.py
[2025-08-10T23:53:14.630+0000] {processor.py:830} INFO - Processing file /opt/airflow/dags/batch_inference_dag.py for tasks to queue
[2025-08-10T23:53:14.637+0000] {logging_mixin.py:188} INFO - [2025-08-10T23:53:14.636+0000] {dagbag.py:545} INFO - Filling up the DagBag from /opt/airflow/dags/batch_inference_dag.py
[2025-08-10T23:53:14.668+0000] {processor.py:840} INFO - DAG(s) 'daily_batch_inference' retrieved from /opt/airflow/dags/batch_inference_dag.py
[2025-08-10T23:53:14.815+0000] {logging_mixin.py:188} INFO - [2025-08-10T23:53:14.815+0000] {dag.py:3096} INFO - Sync 1 DAGs
[2025-08-10T23:53:14.843+0000] {logging_mixin.py:188} INFO - [2025-08-10T23:53:14.843+0000] {dag.py:3954} INFO - Setting next_dagrun for daily_batch_inference to 2025-08-09 00:00:00+00:00, run_after=2025-08-10 00:00:00+00:00
[2025-08-10T23:53:14.867+0000] {processor.py:183} INFO - Processing /opt/airflow/dags/batch_inference_dag.py took 0.252 seconds
[2025-08-10T23:53:45.088+0000] {processor.py:161} INFO - Started process (PID=106) to work on /opt/airflow/dags/batch_inference_dag.py
[2025-08-10T23:53:45.096+0000] {processor.py:830} INFO - Processing file /opt/airflow/dags/batch_inference_dag.py for tasks to queue
[2025-08-10T23:53:45.106+0000] {logging_mixin.py:188} INFO - [2025-08-10T23:53:45.104+0000] {dagbag.py:545} INFO - Filling up the DagBag from /opt/airflow/dags/batch_inference_dag.py
[2025-08-10T23:53:45.148+0000] {processor.py:840} INFO - DAG(s) 'daily_batch_inference' retrieved from /opt/airflow/dags/batch_inference_dag.py
[2025-08-10T23:53:45.249+0000] {logging_mixin.py:188} INFO - [2025-08-10T23:53:45.248+0000] {dag.py:3096} INFO - Sync 1 DAGs
[2025-08-10T23:53:45.350+0000] {logging_mixin.py:188} INFO - [2025-08-10T23:53:45.349+0000] {dag.py:3954} INFO - Setting next_dagrun for daily_batch_inference to 2025-08-09 00:00:00+00:00, run_after=2025-08-10 00:00:00+00:00
[2025-08-10T23:53:45.438+0000] {processor.py:183} INFO - Processing /opt/airflow/dags/batch_inference_dag.py took 0.393 seconds
[2025-08-10T23:54:15.589+0000] {processor.py:161} INFO - Started process (PID=139) to work on /opt/airflow/dags/batch_inference_dag.py
[2025-08-10T23:54:15.591+0000] {processor.py:830} INFO - Processing file /opt/airflow/dags/batch_inference_dag.py for tasks to queue
[2025-08-10T23:54:15.594+0000] {logging_mixin.py:188} INFO - [2025-08-10T23:54:15.594+0000] {dagbag.py:545} INFO - Filling up the DagBag from /opt/airflow/dags/batch_inference_dag.py
[2025-08-10T23:54:15.618+0000] {processor.py:840} INFO - DAG(s) 'daily_batch_inference' retrieved from /opt/airflow/dags/batch_inference_dag.py
[2025-08-10T23:54:15.655+0000] {logging_mixin.py:188} INFO - [2025-08-10T23:54:15.655+0000] {dag.py:3096} INFO - Sync 1 DAGs
[2025-08-10T23:54:15.687+0000] {logging_mixin.py:188} INFO - [2025-08-10T23:54:15.686+0000] {dag.py:3954} INFO - Setting next_dagrun for daily_batch_inference to 2025-08-09 00:00:00+00:00, run_after=2025-08-10 00:00:00+00:00
[2025-08-10T23:54:15.716+0000] {processor.py:183} INFO - Processing /opt/airflow/dags/batch_inference_dag.py took 0.135 seconds
[2025-08-10T23:54:45.928+0000] {processor.py:161} INFO - Started process (PID=172) to work on /opt/airflow/dags/batch_inference_dag.py
[2025-08-10T23:54:45.930+0000] {processor.py:830} INFO - Processing file /opt/airflow/dags/batch_inference_dag.py for tasks to queue
[2025-08-10T23:54:45.934+0000] {logging_mixin.py:188} INFO - [2025-08-10T23:54:45.934+0000] {dagbag.py:545} INFO - Filling up the DagBag from /opt/airflow/dags/batch_inference_dag.py
[2025-08-10T23:54:45.964+0000] {processor.py:840} INFO - DAG(s) 'daily_batch_inference' retrieved from /opt/airflow/dags/batch_inference_dag.py
[2025-08-10T23:54:46.023+0000] {logging_mixin.py:188} INFO - [2025-08-10T23:54:46.022+0000] {dag.py:3096} INFO - Sync 1 DAGs
[2025-08-10T23:54:46.065+0000] {logging_mixin.py:188} INFO - [2025-08-10T23:54:46.065+0000] {dag.py:3954} INFO - Setting next_dagrun for daily_batch_inference to 2025-08-09 00:00:00+00:00, run_after=2025-08-10 00:00:00+00:00
[2025-08-10T23:54:46.093+0000] {processor.py:183} INFO - Processing /opt/airflow/dags/batch_inference_dag.py took 0.181 seconds
[2025-08-10T23:55:16.975+0000] {processor.py:161} INFO - Started process (PID=206) to work on /opt/airflow/dags/batch_inference_dag.py
[2025-08-10T23:55:16.977+0000] {processor.py:830} INFO - Processing file /opt/airflow/dags/batch_inference_dag.py for tasks to queue
[2025-08-10T23:55:16.980+0000] {logging_mixin.py:188} INFO - [2025-08-10T23:55:16.979+0000] {dagbag.py:545} INFO - Filling up the DagBag from /opt/airflow/dags/batch_inference_dag.py
[2025-08-10T23:55:17.000+0000] {processor.py:840} INFO - DAG(s) 'daily_batch_inference' retrieved from /opt/airflow/dags/batch_inference_dag.py
[2025-08-10T23:55:17.040+0000] {logging_mixin.py:188} INFO - [2025-08-10T23:55:17.040+0000] {dag.py:3096} INFO - Sync 1 DAGs
[2025-08-10T23:55:17.075+0000] {logging_mixin.py:188} INFO - [2025-08-10T23:55:17.074+0000] {dag.py:3954} INFO - Setting next_dagrun for daily_batch_inference to 2025-08-09 00:00:00+00:00, run_after=2025-08-10 00:00:00+00:00
[2025-08-10T23:55:17.100+0000] {processor.py:183} INFO - Processing /opt/airflow/dags/batch_inference_dag.py took 0.133 seconds
[2025-08-10T23:55:47.477+0000] {processor.py:161} INFO - Started process (PID=239) to work on /opt/airflow/dags/batch_inference_dag.py
[2025-08-10T23:55:47.478+0000] {processor.py:830} INFO - Processing file /opt/airflow/dags/batch_inference_dag.py for tasks to queue
[2025-08-10T23:55:47.482+0000] {logging_mixin.py:188} INFO - [2025-08-10T23:55:47.482+0000] {dagbag.py:545} INFO - Filling up the DagBag from /opt/airflow/dags/batch_inference_dag.py
[2025-08-10T23:55:47.501+0000] {processor.py:840} INFO - DAG(s) 'daily_batch_inference' retrieved from /opt/airflow/dags/batch_inference_dag.py
[2025-08-10T23:55:47.539+0000] {logging_mixin.py:188} INFO - [2025-08-10T23:55:47.538+0000] {dag.py:3096} INFO - Sync 1 DAGs
[2025-08-10T23:55:47.574+0000] {logging_mixin.py:188} INFO - [2025-08-10T23:55:47.574+0000] {dag.py:3954} INFO - Setting next_dagrun for daily_batch_inference to 2025-08-09 00:00:00+00:00, run_after=2025-08-10 00:00:00+00:00
[2025-08-10T23:55:47.606+0000] {processor.py:183} INFO - Processing /opt/airflow/dags/batch_inference_dag.py took 0.137 seconds
[2025-08-10T23:56:17.934+0000] {processor.py:161} INFO - Started process (PID=273) to work on /opt/airflow/dags/batch_inference_dag.py
[2025-08-10T23:56:17.935+0000] {processor.py:830} INFO - Processing file /opt/airflow/dags/batch_inference_dag.py for tasks to queue
[2025-08-10T23:56:17.938+0000] {logging_mixin.py:188} INFO - [2025-08-10T23:56:17.937+0000] {dagbag.py:545} INFO - Filling up the DagBag from /opt/airflow/dags/batch_inference_dag.py
[2025-08-10T23:56:17.956+0000] {processor.py:840} INFO - DAG(s) 'daily_batch_inference' retrieved from /opt/airflow/dags/batch_inference_dag.py
[2025-08-10T23:56:17.993+0000] {logging_mixin.py:188} INFO - [2025-08-10T23:56:17.992+0000] {dag.py:3096} INFO - Sync 1 DAGs
[2025-08-10T23:56:18.023+0000] {logging_mixin.py:188} INFO - [2025-08-10T23:56:18.023+0000] {dag.py:3954} INFO - Setting next_dagrun for daily_batch_inference to 2025-08-09 00:00:00+00:00, run_after=2025-08-10 00:00:00+00:00
[2025-08-10T23:56:18.046+0000] {processor.py:183} INFO - Processing /opt/airflow/dags/batch_inference_dag.py took 0.120 seconds
[2025-08-10T23:56:48.674+0000] {processor.py:161} INFO - Started process (PID=307) to work on /opt/airflow/dags/batch_inference_dag.py
[2025-08-10T23:56:48.675+0000] {processor.py:830} INFO - Processing file /opt/airflow/dags/batch_inference_dag.py for tasks to queue
[2025-08-10T23:56:48.679+0000] {logging_mixin.py:188} INFO - [2025-08-10T23:56:48.679+0000] {dagbag.py:545} INFO - Filling up the DagBag from /opt/airflow/dags/batch_inference_dag.py
[2025-08-10T23:56:48.700+0000] {processor.py:840} INFO - DAG(s) 'daily_batch_inference' retrieved from /opt/airflow/dags/batch_inference_dag.py
[2025-08-10T23:56:48.739+0000] {logging_mixin.py:188} INFO - [2025-08-10T23:56:48.739+0000] {dag.py:3096} INFO - Sync 1 DAGs
[2025-08-10T23:56:48.775+0000] {logging_mixin.py:188} INFO - [2025-08-10T23:56:48.774+0000] {dag.py:3954} INFO - Setting next_dagrun for daily_batch_inference to 2025-08-09 00:00:00+00:00, run_after=2025-08-10 00:00:00+00:00
[2025-08-10T23:56:48.803+0000] {processor.py:183} INFO - Processing /opt/airflow/dags/batch_inference_dag.py took 0.138 seconds
[2025-08-10T23:57:19.025+0000] {processor.py:161} INFO - Started process (PID=340) to work on /opt/airflow/dags/batch_inference_dag.py
[2025-08-10T23:57:19.026+0000] {processor.py:830} INFO - Processing file /opt/airflow/dags/batch_inference_dag.py for tasks to queue
[2025-08-10T23:57:19.029+0000] {logging_mixin.py:188} INFO - [2025-08-10T23:57:19.029+0000] {dagbag.py:545} INFO - Filling up the DagBag from /opt/airflow/dags/batch_inference_dag.py
[2025-08-10T23:57:19.048+0000] {processor.py:840} INFO - DAG(s) 'daily_batch_inference' retrieved from /opt/airflow/dags/batch_inference_dag.py
[2025-08-10T23:57:19.082+0000] {logging_mixin.py:188} INFO - [2025-08-10T23:57:19.082+0000] {dag.py:3096} INFO - Sync 1 DAGs
[2025-08-10T23:57:19.113+0000] {logging_mixin.py:188} INFO - [2025-08-10T23:57:19.112+0000] {dag.py:3954} INFO - Setting next_dagrun for daily_batch_inference to 2025-08-09 00:00:00+00:00, run_after=2025-08-10 00:00:00+00:00
[2025-08-10T23:57:19.134+0000] {processor.py:183} INFO - Processing /opt/airflow/dags/batch_inference_dag.py took 0.118 seconds
[2025-08-10T23:57:49.736+0000] {processor.py:161} INFO - Started process (PID=375) to work on /opt/airflow/dags/batch_inference_dag.py
[2025-08-10T23:57:49.737+0000] {processor.py:830} INFO - Processing file /opt/airflow/dags/batch_inference_dag.py for tasks to queue
[2025-08-10T23:57:49.740+0000] {logging_mixin.py:188} INFO - [2025-08-10T23:57:49.740+0000] {dagbag.py:545} INFO - Filling up the DagBag from /opt/airflow/dags/batch_inference_dag.py
[2025-08-10T23:57:49.765+0000] {processor.py:840} INFO - DAG(s) 'daily_batch_inference' retrieved from /opt/airflow/dags/batch_inference_dag.py
[2025-08-10T23:57:49.800+0000] {logging_mixin.py:188} INFO - [2025-08-10T23:57:49.800+0000] {dag.py:3096} INFO - Sync 1 DAGs
[2025-08-10T23:57:49.829+0000] {logging_mixin.py:188} INFO - [2025-08-10T23:57:49.829+0000] {dag.py:3954} INFO - Setting next_dagrun for daily_batch_inference to 2025-08-09 00:00:00+00:00, run_after=2025-08-10 00:00:00+00:00
[2025-08-10T23:57:49.850+0000] {processor.py:183} INFO - Processing /opt/airflow/dags/batch_inference_dag.py took 0.122 seconds
[2025-08-10T23:58:20.245+0000] {processor.py:161} INFO - Started process (PID=408) to work on /opt/airflow/dags/batch_inference_dag.py
[2025-08-10T23:58:20.246+0000] {processor.py:830} INFO - Processing file /opt/airflow/dags/batch_inference_dag.py for tasks to queue
[2025-08-10T23:58:20.250+0000] {logging_mixin.py:188} INFO - [2025-08-10T23:58:20.250+0000] {dagbag.py:545} INFO - Filling up the DagBag from /opt/airflow/dags/batch_inference_dag.py
[2025-08-10T23:58:20.271+0000] {processor.py:840} INFO - DAG(s) 'daily_batch_inference' retrieved from /opt/airflow/dags/batch_inference_dag.py
[2025-08-10T23:58:20.306+0000] {logging_mixin.py:188} INFO - [2025-08-10T23:58:20.306+0000] {dag.py:3096} INFO - Sync 1 DAGs
[2025-08-10T23:58:20.337+0000] {logging_mixin.py:188} INFO - [2025-08-10T23:58:20.336+0000] {dag.py:3954} INFO - Setting next_dagrun for daily_batch_inference to 2025-08-09 00:00:00+00:00, run_after=2025-08-10 00:00:00+00:00
[2025-08-10T23:58:20.360+0000] {processor.py:183} INFO - Processing /opt/airflow/dags/batch_inference_dag.py took 0.127 seconds
[2025-08-10T23:59:46.180+0000] {processor.py:161} INFO - Started process (PID=454) to work on /opt/airflow/dags/batch_inference_dag.py
[2025-08-10T23:59:46.185+0000] {processor.py:830} INFO - Processing file /opt/airflow/dags/batch_inference_dag.py for tasks to queue
[2025-08-10T23:59:46.191+0000] {logging_mixin.py:188} INFO - [2025-08-10T23:59:46.190+0000] {dagbag.py:545} INFO - Filling up the DagBag from /opt/airflow/dags/batch_inference_dag.py
[2025-08-10T23:59:46.325+0000] {processor.py:840} INFO - DAG(s) 'daily_batch_inference' retrieved from /opt/airflow/dags/batch_inference_dag.py
[2025-08-10T23:59:46.395+0000] {logging_mixin.py:188} INFO - [2025-08-10T23:59:46.394+0000] {dag.py:3096} INFO - Sync 1 DAGs
[2025-08-10T23:59:46.457+0000] {logging_mixin.py:188} INFO - [2025-08-10T23:59:46.456+0000] {dag.py:3954} INFO - Setting next_dagrun for daily_batch_inference to 2025-08-09 00:00:00+00:00, run_after=2025-08-10 00:00:00+00:00
[2025-08-10T23:59:46.502+0000] {processor.py:183} INFO - Processing /opt/airflow/dags/batch_inference_dag.py took 0.336 seconds
