[2025-08-10T23:35:05.537+0000] {processor.py:161} INFO - Started process (PID=66) to work on /opt/airflow/dags/model_rollback_dag.py
[2025-08-10T23:35:05.545+0000] {processor.py:830} INFO - Processing file /opt/airflow/dags/model_rollback_dag.py for tasks to queue
[2025-08-10T23:35:05.554+0000] {logging_mixin.py:188} INFO - [2025-08-10T23:35:05.553+0000] {dagbag.py:545} INFO - Filling up the DagBag from /opt/airflow/dags/model_rollback_dag.py
[2025-08-10T23:35:16.474+0000] {processor.py:840} INFO - DAG(s) 'model_rollback' retrieved from /opt/airflow/dags/model_rollback_dag.py
[2025-08-10T23:35:16.878+0000] {logging_mixin.py:188} INFO - [2025-08-10T23:35:16.872+0000] {override.py:1829} INFO - Created Permission View: can delete on DAG:model_rollback
[2025-08-10T23:35:16.891+0000] {logging_mixin.py:188} INFO - [2025-08-10T23:35:16.891+0000] {override.py:1829} INFO - Created Permission View: can edit on DAG:model_rollback
[2025-08-10T23:35:16.902+0000] {logging_mixin.py:188} INFO - [2025-08-10T23:35:16.902+0000] {override.py:1829} INFO - Created Permission View: can read on DAG:model_rollback
[2025-08-10T23:35:16.903+0000] {logging_mixin.py:188} INFO - [2025-08-10T23:35:16.903+0000] {dag.py:3096} INFO - Sync 1 DAGs
[2025-08-10T23:35:16.921+0000] {logging_mixin.py:188} INFO - [2025-08-10T23:35:16.920+0000] {dag.py:3118} INFO - Creating ORM DAG for model_rollback
[2025-08-10T23:35:16.922+0000] {logging_mixin.py:188} INFO - [2025-08-10T23:35:16.922+0000] {dag.py:3954} INFO - Setting next_dagrun for model_rollback to None, run_after=None
[2025-08-10T23:35:16.950+0000] {processor.py:183} INFO - Processing /opt/airflow/dags/model_rollback_dag.py took 11.431 seconds
[2025-08-10T23:35:47.055+0000] {processor.py:161} INFO - Started process (PID=97) to work on /opt/airflow/dags/model_rollback_dag.py
[2025-08-10T23:35:47.057+0000] {processor.py:830} INFO - Processing file /opt/airflow/dags/model_rollback_dag.py for tasks to queue
[2025-08-10T23:35:47.060+0000] {logging_mixin.py:188} INFO - [2025-08-10T23:35:47.059+0000] {dagbag.py:545} INFO - Filling up the DagBag from /opt/airflow/dags/model_rollback_dag.py
[2025-08-10T23:35:48.581+0000] {processor.py:840} INFO - DAG(s) 'model_rollback' retrieved from /opt/airflow/dags/model_rollback_dag.py
[2025-08-10T23:35:48.612+0000] {logging_mixin.py:188} INFO - [2025-08-10T23:35:48.611+0000] {dag.py:3096} INFO - Sync 1 DAGs
[2025-08-10T23:35:48.632+0000] {logging_mixin.py:188} INFO - [2025-08-10T23:35:48.631+0000] {dag.py:3954} INFO - Setting next_dagrun for model_rollback to None, run_after=None
[2025-08-10T23:35:48.663+0000] {processor.py:183} INFO - Processing /opt/airflow/dags/model_rollback_dag.py took 1.617 seconds
[2025-08-10T23:36:18.700+0000] {processor.py:161} INFO - Started process (PID=128) to work on /opt/airflow/dags/model_rollback_dag.py
[2025-08-10T23:36:18.702+0000] {processor.py:830} INFO - Processing file /opt/airflow/dags/model_rollback_dag.py for tasks to queue
[2025-08-10T23:36:18.705+0000] {logging_mixin.py:188} INFO - [2025-08-10T23:36:18.704+0000] {dagbag.py:545} INFO - Filling up the DagBag from /opt/airflow/dags/model_rollback_dag.py
[2025-08-10T23:36:20.096+0000] {processor.py:840} INFO - DAG(s) 'model_rollback' retrieved from /opt/airflow/dags/model_rollback_dag.py
[2025-08-10T23:36:20.124+0000] {logging_mixin.py:188} INFO - [2025-08-10T23:36:20.123+0000] {dag.py:3096} INFO - Sync 1 DAGs
[2025-08-10T23:36:20.140+0000] {logging_mixin.py:188} INFO - [2025-08-10T23:36:20.140+0000] {dag.py:3954} INFO - Setting next_dagrun for model_rollback to None, run_after=None
[2025-08-10T23:36:20.170+0000] {processor.py:183} INFO - Processing /opt/airflow/dags/model_rollback_dag.py took 1.478 seconds
[2025-08-10T23:36:50.578+0000] {processor.py:161} INFO - Started process (PID=161) to work on /opt/airflow/dags/model_rollback_dag.py
[2025-08-10T23:36:50.580+0000] {processor.py:830} INFO - Processing file /opt/airflow/dags/model_rollback_dag.py for tasks to queue
[2025-08-10T23:36:50.582+0000] {logging_mixin.py:188} INFO - [2025-08-10T23:36:50.582+0000] {dagbag.py:545} INFO - Filling up the DagBag from /opt/airflow/dags/model_rollback_dag.py
[2025-08-10T23:36:51.730+0000] {processor.py:840} INFO - DAG(s) 'model_rollback' retrieved from /opt/airflow/dags/model_rollback_dag.py
[2025-08-10T23:36:51.755+0000] {logging_mixin.py:188} INFO - [2025-08-10T23:36:51.754+0000] {dag.py:3096} INFO - Sync 1 DAGs
[2025-08-10T23:36:51.769+0000] {logging_mixin.py:188} INFO - [2025-08-10T23:36:51.769+0000] {dag.py:3954} INFO - Setting next_dagrun for model_rollback to None, run_after=None
[2025-08-10T23:36:51.790+0000] {processor.py:183} INFO - Processing /opt/airflow/dags/model_rollback_dag.py took 1.220 seconds
[2025-08-10T23:37:22.131+0000] {processor.py:161} INFO - Started process (PID=193) to work on /opt/airflow/dags/model_rollback_dag.py
[2025-08-10T23:37:22.133+0000] {processor.py:830} INFO - Processing file /opt/airflow/dags/model_rollback_dag.py for tasks to queue
[2025-08-10T23:37:22.136+0000] {logging_mixin.py:188} INFO - [2025-08-10T23:37:22.135+0000] {dagbag.py:545} INFO - Filling up the DagBag from /opt/airflow/dags/model_rollback_dag.py
[2025-08-10T23:37:23.351+0000] {processor.py:840} INFO - DAG(s) 'model_rollback' retrieved from /opt/airflow/dags/model_rollback_dag.py
[2025-08-10T23:37:23.383+0000] {logging_mixin.py:188} INFO - [2025-08-10T23:37:23.382+0000] {dag.py:3096} INFO - Sync 1 DAGs
[2025-08-10T23:37:23.400+0000] {logging_mixin.py:188} INFO - [2025-08-10T23:37:23.400+0000] {dag.py:3954} INFO - Setting next_dagrun for model_rollback to None, run_after=None
[2025-08-10T23:37:23.424+0000] {processor.py:183} INFO - Processing /opt/airflow/dags/model_rollback_dag.py took 1.302 seconds
[2025-08-10T23:37:54.196+0000] {processor.py:161} INFO - Started process (PID=232) to work on /opt/airflow/dags/model_rollback_dag.py
[2025-08-10T23:37:54.197+0000] {processor.py:830} INFO - Processing file /opt/airflow/dags/model_rollback_dag.py for tasks to queue
[2025-08-10T23:37:54.200+0000] {logging_mixin.py:188} INFO - [2025-08-10T23:37:54.200+0000] {dagbag.py:545} INFO - Filling up the DagBag from /opt/airflow/dags/model_rollback_dag.py
[2025-08-10T23:37:55.931+0000] {processor.py:840} INFO - DAG(s) 'model_rollback' retrieved from /opt/airflow/dags/model_rollback_dag.py
[2025-08-10T23:37:55.964+0000] {logging_mixin.py:188} INFO - [2025-08-10T23:37:55.962+0000] {dag.py:3096} INFO - Sync 1 DAGs
[2025-08-10T23:37:55.986+0000] {logging_mixin.py:188} INFO - [2025-08-10T23:37:55.986+0000] {dag.py:3954} INFO - Setting next_dagrun for model_rollback to None, run_after=None
[2025-08-10T23:37:56.032+0000] {processor.py:183} INFO - Processing /opt/airflow/dags/model_rollback_dag.py took 1.847 seconds
[2025-08-10T23:38:26.681+0000] {processor.py:161} INFO - Started process (PID=264) to work on /opt/airflow/dags/model_rollback_dag.py
[2025-08-10T23:38:26.683+0000] {processor.py:830} INFO - Processing file /opt/airflow/dags/model_rollback_dag.py for tasks to queue
[2025-08-10T23:38:26.686+0000] {logging_mixin.py:188} INFO - [2025-08-10T23:38:26.686+0000] {dagbag.py:545} INFO - Filling up the DagBag from /opt/airflow/dags/model_rollback_dag.py
[2025-08-10T23:38:27.928+0000] {processor.py:840} INFO - DAG(s) 'model_rollback' retrieved from /opt/airflow/dags/model_rollback_dag.py
[2025-08-10T23:38:27.958+0000] {logging_mixin.py:188} INFO - [2025-08-10T23:38:27.958+0000] {dag.py:3096} INFO - Sync 1 DAGs
[2025-08-10T23:38:27.977+0000] {logging_mixin.py:188} INFO - [2025-08-10T23:38:27.976+0000] {dag.py:3954} INFO - Setting next_dagrun for model_rollback to None, run_after=None
[2025-08-10T23:38:28.004+0000] {processor.py:183} INFO - Processing /opt/airflow/dags/model_rollback_dag.py took 1.332 seconds
[2025-08-10T23:38:58.121+0000] {processor.py:161} INFO - Started process (PID=296) to work on /opt/airflow/dags/model_rollback_dag.py
[2025-08-10T23:38:58.123+0000] {processor.py:830} INFO - Processing file /opt/airflow/dags/model_rollback_dag.py for tasks to queue
[2025-08-10T23:38:58.126+0000] {logging_mixin.py:188} INFO - [2025-08-10T23:38:58.125+0000] {dagbag.py:545} INFO - Filling up the DagBag from /opt/airflow/dags/model_rollback_dag.py
[2025-08-10T23:38:59.322+0000] {processor.py:840} INFO - DAG(s) 'model_rollback' retrieved from /opt/airflow/dags/model_rollback_dag.py
[2025-08-10T23:38:59.355+0000] {logging_mixin.py:188} INFO - [2025-08-10T23:38:59.354+0000] {dag.py:3096} INFO - Sync 1 DAGs
[2025-08-10T23:38:59.374+0000] {logging_mixin.py:188} INFO - [2025-08-10T23:38:59.373+0000] {dag.py:3954} INFO - Setting next_dagrun for model_rollback to None, run_after=None
[2025-08-10T23:38:59.402+0000] {processor.py:183} INFO - Processing /opt/airflow/dags/model_rollback_dag.py took 1.289 seconds
[2025-08-10T23:39:29.717+0000] {processor.py:161} INFO - Started process (PID=328) to work on /opt/airflow/dags/model_rollback_dag.py
[2025-08-10T23:39:29.719+0000] {processor.py:830} INFO - Processing file /opt/airflow/dags/model_rollback_dag.py for tasks to queue
[2025-08-10T23:39:29.722+0000] {logging_mixin.py:188} INFO - [2025-08-10T23:39:29.722+0000] {dagbag.py:545} INFO - Filling up the DagBag from /opt/airflow/dags/model_rollback_dag.py
[2025-08-10T23:39:31.018+0000] {processor.py:840} INFO - DAG(s) 'model_rollback' retrieved from /opt/airflow/dags/model_rollback_dag.py
[2025-08-10T23:39:31.044+0000] {logging_mixin.py:188} INFO - [2025-08-10T23:39:31.043+0000] {dag.py:3096} INFO - Sync 1 DAGs
[2025-08-10T23:39:31.061+0000] {logging_mixin.py:188} INFO - [2025-08-10T23:39:31.061+0000] {dag.py:3954} INFO - Setting next_dagrun for model_rollback to None, run_after=None
[2025-08-10T23:39:31.085+0000] {processor.py:183} INFO - Processing /opt/airflow/dags/model_rollback_dag.py took 1.376 seconds
[2025-08-10T23:40:01.168+0000] {processor.py:161} INFO - Started process (PID=360) to work on /opt/airflow/dags/model_rollback_dag.py
[2025-08-10T23:40:01.170+0000] {processor.py:830} INFO - Processing file /opt/airflow/dags/model_rollback_dag.py for tasks to queue
[2025-08-10T23:40:01.174+0000] {logging_mixin.py:188} INFO - [2025-08-10T23:40:01.174+0000] {dagbag.py:545} INFO - Filling up the DagBag from /opt/airflow/dags/model_rollback_dag.py
[2025-08-10T23:40:02.837+0000] {processor.py:840} INFO - DAG(s) 'model_rollback' retrieved from /opt/airflow/dags/model_rollback_dag.py
[2025-08-10T23:40:02.874+0000] {logging_mixin.py:188} INFO - [2025-08-10T23:40:02.873+0000] {dag.py:3096} INFO - Sync 1 DAGs
[2025-08-10T23:40:02.897+0000] {logging_mixin.py:188} INFO - [2025-08-10T23:40:02.897+0000] {dag.py:3954} INFO - Setting next_dagrun for model_rollback to None, run_after=None
[2025-08-10T23:40:02.922+0000] {processor.py:183} INFO - Processing /opt/airflow/dags/model_rollback_dag.py took 1.762 seconds
[2025-08-10T23:40:33.458+0000] {processor.py:161} INFO - Started process (PID=393) to work on /opt/airflow/dags/model_rollback_dag.py
[2025-08-10T23:40:33.459+0000] {processor.py:830} INFO - Processing file /opt/airflow/dags/model_rollback_dag.py for tasks to queue
[2025-08-10T23:40:33.462+0000] {logging_mixin.py:188} INFO - [2025-08-10T23:40:33.462+0000] {dagbag.py:545} INFO - Filling up the DagBag from /opt/airflow/dags/model_rollback_dag.py
[2025-08-10T23:40:34.975+0000] {processor.py:840} INFO - DAG(s) 'model_rollback' retrieved from /opt/airflow/dags/model_rollback_dag.py
[2025-08-10T23:40:35.001+0000] {logging_mixin.py:188} INFO - [2025-08-10T23:40:35.000+0000] {dag.py:3096} INFO - Sync 1 DAGs
[2025-08-10T23:40:35.024+0000] {logging_mixin.py:188} INFO - [2025-08-10T23:40:35.024+0000] {dag.py:3954} INFO - Setting next_dagrun for model_rollback to None, run_after=None
[2025-08-10T23:40:35.048+0000] {processor.py:183} INFO - Processing /opt/airflow/dags/model_rollback_dag.py took 1.599 seconds
[2025-08-10T23:41:05.209+0000] {processor.py:161} INFO - Started process (PID=430) to work on /opt/airflow/dags/model_rollback_dag.py
[2025-08-10T23:41:05.211+0000] {processor.py:830} INFO - Processing file /opt/airflow/dags/model_rollback_dag.py for tasks to queue
[2025-08-10T23:41:05.215+0000] {logging_mixin.py:188} INFO - [2025-08-10T23:41:05.214+0000] {dagbag.py:545} INFO - Filling up the DagBag from /opt/airflow/dags/model_rollback_dag.py
[2025-08-10T23:41:08.057+0000] {processor.py:840} INFO - DAG(s) 'model_rollback' retrieved from /opt/airflow/dags/model_rollback_dag.py
[2025-08-10T23:41:08.099+0000] {logging_mixin.py:188} INFO - [2025-08-10T23:41:08.098+0000] {dag.py:3096} INFO - Sync 1 DAGs
[2025-08-10T23:41:08.123+0000] {logging_mixin.py:188} INFO - [2025-08-10T23:41:08.123+0000] {dag.py:3954} INFO - Setting next_dagrun for model_rollback to None, run_after=None
[2025-08-10T23:41:08.153+0000] {processor.py:183} INFO - Processing /opt/airflow/dags/model_rollback_dag.py took 2.958 seconds
[2025-08-10T23:41:38.440+0000] {processor.py:161} INFO - Started process (PID=470) to work on /opt/airflow/dags/model_rollback_dag.py
[2025-08-10T23:41:38.441+0000] {processor.py:830} INFO - Processing file /opt/airflow/dags/model_rollback_dag.py for tasks to queue
[2025-08-10T23:41:38.444+0000] {logging_mixin.py:188} INFO - [2025-08-10T23:41:38.444+0000] {dagbag.py:545} INFO - Filling up the DagBag from /opt/airflow/dags/model_rollback_dag.py
[2025-08-10T23:41:40.003+0000] {processor.py:840} INFO - DAG(s) 'model_rollback' retrieved from /opt/airflow/dags/model_rollback_dag.py
[2025-08-10T23:41:40.070+0000] {logging_mixin.py:188} INFO - [2025-08-10T23:41:40.068+0000] {dag.py:3096} INFO - Sync 1 DAGs
[2025-08-10T23:41:40.104+0000] {logging_mixin.py:188} INFO - [2025-08-10T23:41:40.103+0000] {dag.py:3954} INFO - Setting next_dagrun for model_rollback to None, run_after=None
[2025-08-10T23:41:40.139+0000] {processor.py:183} INFO - Processing /opt/airflow/dags/model_rollback_dag.py took 1.708 seconds
[2025-08-10T23:42:10.338+0000] {processor.py:161} INFO - Started process (PID=506) to work on /opt/airflow/dags/model_rollback_dag.py
[2025-08-10T23:42:10.340+0000] {processor.py:830} INFO - Processing file /opt/airflow/dags/model_rollback_dag.py for tasks to queue
[2025-08-10T23:42:10.343+0000] {logging_mixin.py:188} INFO - [2025-08-10T23:42:10.342+0000] {dagbag.py:545} INFO - Filling up the DagBag from /opt/airflow/dags/model_rollback_dag.py
[2025-08-10T23:42:11.794+0000] {processor.py:840} INFO - DAG(s) 'model_rollback' retrieved from /opt/airflow/dags/model_rollback_dag.py
[2025-08-10T23:42:11.833+0000] {logging_mixin.py:188} INFO - [2025-08-10T23:42:11.831+0000] {dag.py:3096} INFO - Sync 1 DAGs
[2025-08-10T23:42:11.847+0000] {logging_mixin.py:188} INFO - [2025-08-10T23:42:11.847+0000] {dag.py:3954} INFO - Setting next_dagrun for model_rollback to None, run_after=None
[2025-08-10T23:42:11.870+0000] {processor.py:183} INFO - Processing /opt/airflow/dags/model_rollback_dag.py took 1.541 seconds
[2025-08-10T23:42:41.975+0000] {processor.py:161} INFO - Started process (PID=541) to work on /opt/airflow/dags/model_rollback_dag.py
[2025-08-10T23:42:41.976+0000] {processor.py:830} INFO - Processing file /opt/airflow/dags/model_rollback_dag.py for tasks to queue
[2025-08-10T23:42:41.979+0000] {logging_mixin.py:188} INFO - [2025-08-10T23:42:41.979+0000] {dagbag.py:545} INFO - Filling up the DagBag from /opt/airflow/dags/model_rollback_dag.py
[2025-08-10T23:42:43.601+0000] {processor.py:840} INFO - DAG(s) 'model_rollback' retrieved from /opt/airflow/dags/model_rollback_dag.py
[2025-08-10T23:42:43.640+0000] {logging_mixin.py:188} INFO - [2025-08-10T23:42:43.639+0000] {dag.py:3096} INFO - Sync 1 DAGs
[2025-08-10T23:42:43.659+0000] {logging_mixin.py:188} INFO - [2025-08-10T23:42:43.658+0000] {dag.py:3954} INFO - Setting next_dagrun for model_rollback to None, run_after=None
[2025-08-10T23:42:43.679+0000] {processor.py:183} INFO - Processing /opt/airflow/dags/model_rollback_dag.py took 1.715 seconds
[2025-08-10T23:43:13.918+0000] {processor.py:161} INFO - Started process (PID=577) to work on /opt/airflow/dags/model_rollback_dag.py
[2025-08-10T23:43:13.920+0000] {processor.py:830} INFO - Processing file /opt/airflow/dags/model_rollback_dag.py for tasks to queue
[2025-08-10T23:43:13.923+0000] {logging_mixin.py:188} INFO - [2025-08-10T23:43:13.922+0000] {dagbag.py:545} INFO - Filling up the DagBag from /opt/airflow/dags/model_rollback_dag.py
[2025-08-10T23:43:15.202+0000] {processor.py:840} INFO - DAG(s) 'model_rollback' retrieved from /opt/airflow/dags/model_rollback_dag.py
[2025-08-10T23:43:15.314+0000] {logging_mixin.py:188} INFO - [2025-08-10T23:43:15.312+0000] {dag.py:3096} INFO - Sync 1 DAGs
[2025-08-10T23:43:15.349+0000] {logging_mixin.py:188} INFO - [2025-08-10T23:43:15.349+0000] {dag.py:3954} INFO - Setting next_dagrun for model_rollback to None, run_after=None
[2025-08-10T23:43:15.371+0000] {processor.py:183} INFO - Processing /opt/airflow/dags/model_rollback_dag.py took 1.461 seconds
[2025-08-10T23:43:45.901+0000] {processor.py:161} INFO - Started process (PID=613) to work on /opt/airflow/dags/model_rollback_dag.py
[2025-08-10T23:43:45.903+0000] {processor.py:830} INFO - Processing file /opt/airflow/dags/model_rollback_dag.py for tasks to queue
[2025-08-10T23:43:45.907+0000] {logging_mixin.py:188} INFO - [2025-08-10T23:43:45.906+0000] {dagbag.py:545} INFO - Filling up the DagBag from /opt/airflow/dags/model_rollback_dag.py
[2025-08-10T23:43:47.445+0000] {processor.py:840} INFO - DAG(s) 'model_rollback' retrieved from /opt/airflow/dags/model_rollback_dag.py
[2025-08-10T23:43:47.471+0000] {logging_mixin.py:188} INFO - [2025-08-10T23:43:47.471+0000] {dag.py:3096} INFO - Sync 1 DAGs
[2025-08-10T23:43:47.494+0000] {logging_mixin.py:188} INFO - [2025-08-10T23:43:47.493+0000] {dag.py:3954} INFO - Setting next_dagrun for model_rollback to None, run_after=None
[2025-08-10T23:43:47.519+0000] {processor.py:183} INFO - Processing /opt/airflow/dags/model_rollback_dag.py took 1.627 seconds
[2025-08-10T23:44:18.352+0000] {processor.py:161} INFO - Started process (PID=648) to work on /opt/airflow/dags/model_rollback_dag.py
[2025-08-10T23:44:18.354+0000] {processor.py:830} INFO - Processing file /opt/airflow/dags/model_rollback_dag.py for tasks to queue
[2025-08-10T23:44:18.356+0000] {logging_mixin.py:188} INFO - [2025-08-10T23:44:18.356+0000] {dagbag.py:545} INFO - Filling up the DagBag from /opt/airflow/dags/model_rollback_dag.py
[2025-08-10T23:44:19.658+0000] {processor.py:840} INFO - DAG(s) 'model_rollback' retrieved from /opt/airflow/dags/model_rollback_dag.py
[2025-08-10T23:44:19.687+0000] {logging_mixin.py:188} INFO - [2025-08-10T23:44:19.686+0000] {dag.py:3096} INFO - Sync 1 DAGs
[2025-08-10T23:44:19.705+0000] {logging_mixin.py:188} INFO - [2025-08-10T23:44:19.705+0000] {dag.py:3954} INFO - Setting next_dagrun for model_rollback to None, run_after=None
[2025-08-10T23:44:19.729+0000] {processor.py:183} INFO - Processing /opt/airflow/dags/model_rollback_dag.py took 1.385 seconds
[2025-08-10T23:44:49.963+0000] {processor.py:161} INFO - Started process (PID=682) to work on /opt/airflow/dags/model_rollback_dag.py
[2025-08-10T23:44:49.965+0000] {processor.py:830} INFO - Processing file /opt/airflow/dags/model_rollback_dag.py for tasks to queue
[2025-08-10T23:44:49.968+0000] {logging_mixin.py:188} INFO - [2025-08-10T23:44:49.967+0000] {dagbag.py:545} INFO - Filling up the DagBag from /opt/airflow/dags/model_rollback_dag.py
[2025-08-10T23:44:52.365+0000] {processor.py:840} INFO - DAG(s) 'model_rollback' retrieved from /opt/airflow/dags/model_rollback_dag.py
[2025-08-10T23:44:52.441+0000] {logging_mixin.py:188} INFO - [2025-08-10T23:44:52.440+0000] {dag.py:3096} INFO - Sync 1 DAGs
[2025-08-10T23:44:52.481+0000] {logging_mixin.py:188} INFO - [2025-08-10T23:44:52.480+0000] {dag.py:3954} INFO - Setting next_dagrun for model_rollback to None, run_after=None
[2025-08-10T23:44:52.654+0000] {processor.py:183} INFO - Processing /opt/airflow/dags/model_rollback_dag.py took 2.700 seconds
[2025-08-10T23:45:23.056+0000] {processor.py:161} INFO - Started process (PID=715) to work on /opt/airflow/dags/model_rollback_dag.py
[2025-08-10T23:45:23.057+0000] {processor.py:830} INFO - Processing file /opt/airflow/dags/model_rollback_dag.py for tasks to queue
[2025-08-10T23:45:23.060+0000] {logging_mixin.py:188} INFO - [2025-08-10T23:45:23.059+0000] {dagbag.py:545} INFO - Filling up the DagBag from /opt/airflow/dags/model_rollback_dag.py
[2025-08-10T23:45:24.507+0000] {processor.py:840} INFO - DAG(s) 'model_rollback' retrieved from /opt/airflow/dags/model_rollback_dag.py
[2025-08-10T23:45:24.538+0000] {logging_mixin.py:188} INFO - [2025-08-10T23:45:24.537+0000] {dag.py:3096} INFO - Sync 1 DAGs
[2025-08-10T23:45:24.555+0000] {logging_mixin.py:188} INFO - [2025-08-10T23:45:24.555+0000] {dag.py:3954} INFO - Setting next_dagrun for model_rollback to None, run_after=None
[2025-08-10T23:45:24.579+0000] {processor.py:183} INFO - Processing /opt/airflow/dags/model_rollback_dag.py took 1.532 seconds
[2025-08-10T23:45:54.619+0000] {processor.py:161} INFO - Started process (PID=749) to work on /opt/airflow/dags/model_rollback_dag.py
[2025-08-10T23:45:54.621+0000] {processor.py:830} INFO - Processing file /opt/airflow/dags/model_rollback_dag.py for tasks to queue
[2025-08-10T23:45:54.624+0000] {logging_mixin.py:188} INFO - [2025-08-10T23:45:54.623+0000] {dagbag.py:545} INFO - Filling up the DagBag from /opt/airflow/dags/model_rollback_dag.py
[2025-08-10T23:45:56.355+0000] {processor.py:840} INFO - DAG(s) 'model_rollback' retrieved from /opt/airflow/dags/model_rollback_dag.py
[2025-08-10T23:45:56.388+0000] {logging_mixin.py:188} INFO - [2025-08-10T23:45:56.387+0000] {dag.py:3096} INFO - Sync 1 DAGs
[2025-08-10T23:45:56.407+0000] {logging_mixin.py:188} INFO - [2025-08-10T23:45:56.407+0000] {dag.py:3954} INFO - Setting next_dagrun for model_rollback to None, run_after=None
[2025-08-10T23:45:56.434+0000] {processor.py:183} INFO - Processing /opt/airflow/dags/model_rollback_dag.py took 1.822 seconds
[2025-08-10T23:46:26.601+0000] {processor.py:161} INFO - Started process (PID=793) to work on /opt/airflow/dags/model_rollback_dag.py
[2025-08-10T23:46:26.603+0000] {processor.py:830} INFO - Processing file /opt/airflow/dags/model_rollback_dag.py for tasks to queue
[2025-08-10T23:46:26.606+0000] {logging_mixin.py:188} INFO - [2025-08-10T23:46:26.606+0000] {dagbag.py:545} INFO - Filling up the DagBag from /opt/airflow/dags/model_rollback_dag.py
[2025-08-10T23:46:28.405+0000] {processor.py:840} INFO - DAG(s) 'model_rollback' retrieved from /opt/airflow/dags/model_rollback_dag.py
[2025-08-10T23:46:28.443+0000] {logging_mixin.py:188} INFO - [2025-08-10T23:46:28.442+0000] {dag.py:3096} INFO - Sync 1 DAGs
[2025-08-10T23:46:28.468+0000] {logging_mixin.py:188} INFO - [2025-08-10T23:46:28.468+0000] {dag.py:3954} INFO - Setting next_dagrun for model_rollback to None, run_after=None
[2025-08-10T23:46:28.492+0000] {processor.py:183} INFO - Processing /opt/airflow/dags/model_rollback_dag.py took 1.901 seconds
[2025-08-10T23:46:59.251+0000] {processor.py:161} INFO - Started process (PID=828) to work on /opt/airflow/dags/model_rollback_dag.py
[2025-08-10T23:46:59.252+0000] {processor.py:830} INFO - Processing file /opt/airflow/dags/model_rollback_dag.py for tasks to queue
[2025-08-10T23:46:59.255+0000] {logging_mixin.py:188} INFO - [2025-08-10T23:46:59.254+0000] {dagbag.py:545} INFO - Filling up the DagBag from /opt/airflow/dags/model_rollback_dag.py
[2025-08-10T23:47:00.489+0000] {processor.py:840} INFO - DAG(s) 'model_rollback' retrieved from /opt/airflow/dags/model_rollback_dag.py
[2025-08-10T23:47:00.520+0000] {logging_mixin.py:188} INFO - [2025-08-10T23:47:00.519+0000] {dag.py:3096} INFO - Sync 1 DAGs
[2025-08-10T23:47:00.538+0000] {logging_mixin.py:188} INFO - [2025-08-10T23:47:00.538+0000] {dag.py:3954} INFO - Setting next_dagrun for model_rollback to None, run_after=None
[2025-08-10T23:47:00.564+0000] {processor.py:183} INFO - Processing /opt/airflow/dags/model_rollback_dag.py took 1.322 seconds
[2025-08-10T23:47:30.990+0000] {processor.py:161} INFO - Started process (PID=862) to work on /opt/airflow/dags/model_rollback_dag.py
[2025-08-10T23:47:30.992+0000] {processor.py:830} INFO - Processing file /opt/airflow/dags/model_rollback_dag.py for tasks to queue
[2025-08-10T23:47:30.995+0000] {logging_mixin.py:188} INFO - [2025-08-10T23:47:30.994+0000] {dagbag.py:545} INFO - Filling up the DagBag from /opt/airflow/dags/model_rollback_dag.py
[2025-08-10T23:47:32.217+0000] {processor.py:840} INFO - DAG(s) 'model_rollback' retrieved from /opt/airflow/dags/model_rollback_dag.py
[2025-08-10T23:47:32.254+0000] {logging_mixin.py:188} INFO - [2025-08-10T23:47:32.253+0000] {dag.py:3096} INFO - Sync 1 DAGs
[2025-08-10T23:47:32.275+0000] {logging_mixin.py:188} INFO - [2025-08-10T23:47:32.275+0000] {dag.py:3954} INFO - Setting next_dagrun for model_rollback to None, run_after=None
[2025-08-10T23:47:32.299+0000] {processor.py:183} INFO - Processing /opt/airflow/dags/model_rollback_dag.py took 1.317 seconds
[2025-08-10T23:53:13.206+0000] {processor.py:161} INFO - Started process (PID=82) to work on /opt/airflow/dags/model_rollback_dag.py
[2025-08-10T23:53:13.210+0000] {processor.py:830} INFO - Processing file /opt/airflow/dags/model_rollback_dag.py for tasks to queue
[2025-08-10T23:53:13.215+0000] {logging_mixin.py:188} INFO - [2025-08-10T23:53:13.214+0000] {dagbag.py:545} INFO - Filling up the DagBag from /opt/airflow/dags/model_rollback_dag.py
[2025-08-10T23:53:15.027+0000] {processor.py:840} INFO - DAG(s) 'model_rollback' retrieved from /opt/airflow/dags/model_rollback_dag.py
[2025-08-10T23:53:15.208+0000] {logging_mixin.py:188} INFO - [2025-08-10T23:53:15.207+0000] {dag.py:3096} INFO - Sync 1 DAGs
[2025-08-10T23:53:15.222+0000] {logging_mixin.py:188} INFO - [2025-08-10T23:53:15.222+0000] {dag.py:3954} INFO - Setting next_dagrun for model_rollback to None, run_after=None
[2025-08-10T23:53:15.245+0000] {processor.py:183} INFO - Processing /opt/airflow/dags/model_rollback_dag.py took 2.055 seconds
[2025-08-10T23:53:45.548+0000] {processor.py:161} INFO - Started process (PID=107) to work on /opt/airflow/dags/model_rollback_dag.py
[2025-08-10T23:53:45.556+0000] {processor.py:830} INFO - Processing file /opt/airflow/dags/model_rollback_dag.py for tasks to queue
[2025-08-10T23:53:45.584+0000] {logging_mixin.py:188} INFO - [2025-08-10T23:53:45.584+0000] {dagbag.py:545} INFO - Filling up the DagBag from /opt/airflow/dags/model_rollback_dag.py
[2025-08-10T23:53:48.021+0000] {processor.py:840} INFO - DAG(s) 'model_rollback' retrieved from /opt/airflow/dags/model_rollback_dag.py
[2025-08-10T23:53:48.058+0000] {logging_mixin.py:188} INFO - [2025-08-10T23:53:48.057+0000] {dag.py:3096} INFO - Sync 1 DAGs
[2025-08-10T23:53:48.085+0000] {logging_mixin.py:188} INFO - [2025-08-10T23:53:48.085+0000] {dag.py:3954} INFO - Setting next_dagrun for model_rollback to None, run_after=None
[2025-08-10T23:53:48.118+0000] {processor.py:183} INFO - Processing /opt/airflow/dags/model_rollback_dag.py took 2.587 seconds
[2025-08-10T23:54:18.720+0000] {processor.py:161} INFO - Started process (PID=140) to work on /opt/airflow/dags/model_rollback_dag.py
[2025-08-10T23:54:18.722+0000] {processor.py:830} INFO - Processing file /opt/airflow/dags/model_rollback_dag.py for tasks to queue
[2025-08-10T23:54:18.727+0000] {logging_mixin.py:188} INFO - [2025-08-10T23:54:18.727+0000] {dagbag.py:545} INFO - Filling up the DagBag from /opt/airflow/dags/model_rollback_dag.py
[2025-08-10T23:54:20.298+0000] {processor.py:840} INFO - DAG(s) 'model_rollback' retrieved from /opt/airflow/dags/model_rollback_dag.py
[2025-08-10T23:54:20.328+0000] {logging_mixin.py:188} INFO - [2025-08-10T23:54:20.327+0000] {dag.py:3096} INFO - Sync 1 DAGs
[2025-08-10T23:54:20.345+0000] {logging_mixin.py:188} INFO - [2025-08-10T23:54:20.344+0000] {dag.py:3954} INFO - Setting next_dagrun for model_rollback to None, run_after=None
[2025-08-10T23:54:20.382+0000] {processor.py:183} INFO - Processing /opt/airflow/dags/model_rollback_dag.py took 1.680 seconds
[2025-08-10T23:54:50.806+0000] {processor.py:161} INFO - Started process (PID=174) to work on /opt/airflow/dags/model_rollback_dag.py
[2025-08-10T23:54:50.807+0000] {processor.py:830} INFO - Processing file /opt/airflow/dags/model_rollback_dag.py for tasks to queue
[2025-08-10T23:54:50.810+0000] {logging_mixin.py:188} INFO - [2025-08-10T23:54:50.810+0000] {dagbag.py:545} INFO - Filling up the DagBag from /opt/airflow/dags/model_rollback_dag.py
[2025-08-10T23:54:52.099+0000] {processor.py:840} INFO - DAG(s) 'model_rollback' retrieved from /opt/airflow/dags/model_rollback_dag.py
[2025-08-10T23:54:52.125+0000] {logging_mixin.py:188} INFO - [2025-08-10T23:54:52.125+0000] {dag.py:3096} INFO - Sync 1 DAGs
[2025-08-10T23:54:52.142+0000] {logging_mixin.py:188} INFO - [2025-08-10T23:54:52.141+0000] {dag.py:3954} INFO - Setting next_dagrun for model_rollback to None, run_after=None
[2025-08-10T23:54:52.161+0000] {processor.py:183} INFO - Processing /opt/airflow/dags/model_rollback_dag.py took 1.364 seconds
[2025-08-10T23:55:22.780+0000] {processor.py:161} INFO - Started process (PID=208) to work on /opt/airflow/dags/model_rollback_dag.py
[2025-08-10T23:55:22.782+0000] {processor.py:830} INFO - Processing file /opt/airflow/dags/model_rollback_dag.py for tasks to queue
[2025-08-10T23:55:22.785+0000] {logging_mixin.py:188} INFO - [2025-08-10T23:55:22.784+0000] {dagbag.py:545} INFO - Filling up the DagBag from /opt/airflow/dags/model_rollback_dag.py
[2025-08-10T23:55:24.190+0000] {processor.py:840} INFO - DAG(s) 'model_rollback' retrieved from /opt/airflow/dags/model_rollback_dag.py
[2025-08-10T23:55:24.221+0000] {logging_mixin.py:188} INFO - [2025-08-10T23:55:24.219+0000] {dag.py:3096} INFO - Sync 1 DAGs
[2025-08-10T23:55:24.243+0000] {logging_mixin.py:188} INFO - [2025-08-10T23:55:24.243+0000] {dag.py:3954} INFO - Setting next_dagrun for model_rollback to None, run_after=None
[2025-08-10T23:55:24.268+0000] {processor.py:183} INFO - Processing /opt/airflow/dags/model_rollback_dag.py took 1.497 seconds
[2025-08-10T23:55:54.351+0000] {processor.py:161} INFO - Started process (PID=242) to work on /opt/airflow/dags/model_rollback_dag.py
[2025-08-10T23:55:54.352+0000] {processor.py:830} INFO - Processing file /opt/airflow/dags/model_rollback_dag.py for tasks to queue
[2025-08-10T23:55:54.355+0000] {logging_mixin.py:188} INFO - [2025-08-10T23:55:54.355+0000] {dagbag.py:545} INFO - Filling up the DagBag from /opt/airflow/dags/model_rollback_dag.py
[2025-08-10T23:55:55.660+0000] {processor.py:840} INFO - DAG(s) 'model_rollback' retrieved from /opt/airflow/dags/model_rollback_dag.py
[2025-08-10T23:55:55.696+0000] {logging_mixin.py:188} INFO - [2025-08-10T23:55:55.695+0000] {dag.py:3096} INFO - Sync 1 DAGs
[2025-08-10T23:55:55.719+0000] {logging_mixin.py:188} INFO - [2025-08-10T23:55:55.718+0000] {dag.py:3954} INFO - Setting next_dagrun for model_rollback to None, run_after=None
[2025-08-10T23:55:55.748+0000] {processor.py:183} INFO - Processing /opt/airflow/dags/model_rollback_dag.py took 1.406 seconds
[2025-08-10T23:56:26.052+0000] {processor.py:161} INFO - Started process (PID=276) to work on /opt/airflow/dags/model_rollback_dag.py
[2025-08-10T23:56:26.054+0000] {processor.py:830} INFO - Processing file /opt/airflow/dags/model_rollback_dag.py for tasks to queue
[2025-08-10T23:56:26.057+0000] {logging_mixin.py:188} INFO - [2025-08-10T23:56:26.057+0000] {dagbag.py:545} INFO - Filling up the DagBag from /opt/airflow/dags/model_rollback_dag.py
[2025-08-10T23:56:27.670+0000] {processor.py:840} INFO - DAG(s) 'model_rollback' retrieved from /opt/airflow/dags/model_rollback_dag.py
[2025-08-10T23:56:27.700+0000] {logging_mixin.py:188} INFO - [2025-08-10T23:56:27.699+0000] {dag.py:3096} INFO - Sync 1 DAGs
[2025-08-10T23:56:27.717+0000] {logging_mixin.py:188} INFO - [2025-08-10T23:56:27.717+0000] {dag.py:3954} INFO - Setting next_dagrun for model_rollback to None, run_after=None
[2025-08-10T23:56:27.741+0000] {processor.py:183} INFO - Processing /opt/airflow/dags/model_rollback_dag.py took 1.698 seconds
[2025-08-10T23:56:57.905+0000] {processor.py:161} INFO - Started process (PID=310) to work on /opt/airflow/dags/model_rollback_dag.py
[2025-08-10T23:56:57.907+0000] {processor.py:830} INFO - Processing file /opt/airflow/dags/model_rollback_dag.py for tasks to queue
[2025-08-10T23:56:57.909+0000] {logging_mixin.py:188} INFO - [2025-08-10T23:56:57.909+0000] {dagbag.py:545} INFO - Filling up the DagBag from /opt/airflow/dags/model_rollback_dag.py
[2025-08-10T23:56:59.134+0000] {processor.py:840} INFO - DAG(s) 'model_rollback' retrieved from /opt/airflow/dags/model_rollback_dag.py
[2025-08-10T23:56:59.165+0000] {logging_mixin.py:188} INFO - [2025-08-10T23:56:59.164+0000] {dag.py:3096} INFO - Sync 1 DAGs
[2025-08-10T23:56:59.183+0000] {logging_mixin.py:188} INFO - [2025-08-10T23:56:59.183+0000] {dag.py:3954} INFO - Setting next_dagrun for model_rollback to None, run_after=None
[2025-08-10T23:56:59.209+0000] {processor.py:183} INFO - Processing /opt/airflow/dags/model_rollback_dag.py took 1.312 seconds
[2025-08-10T23:57:29.778+0000] {processor.py:161} INFO - Started process (PID=343) to work on /opt/airflow/dags/model_rollback_dag.py
[2025-08-10T23:57:29.779+0000] {processor.py:830} INFO - Processing file /opt/airflow/dags/model_rollback_dag.py for tasks to queue
[2025-08-10T23:57:29.782+0000] {logging_mixin.py:188} INFO - [2025-08-10T23:57:29.782+0000] {dagbag.py:545} INFO - Filling up the DagBag from /opt/airflow/dags/model_rollback_dag.py
[2025-08-10T23:57:31.076+0000] {processor.py:840} INFO - DAG(s) 'model_rollback' retrieved from /opt/airflow/dags/model_rollback_dag.py
[2025-08-10T23:57:31.108+0000] {logging_mixin.py:188} INFO - [2025-08-10T23:57:31.107+0000] {dag.py:3096} INFO - Sync 1 DAGs
[2025-08-10T23:57:31.134+0000] {logging_mixin.py:188} INFO - [2025-08-10T23:57:31.133+0000] {dag.py:3954} INFO - Setting next_dagrun for model_rollback to None, run_after=None
[2025-08-10T23:57:31.168+0000] {processor.py:183} INFO - Processing /opt/airflow/dags/model_rollback_dag.py took 1.399 seconds
[2025-08-10T23:58:01.671+0000] {processor.py:161} INFO - Started process (PID=378) to work on /opt/airflow/dags/model_rollback_dag.py
[2025-08-10T23:58:01.672+0000] {processor.py:830} INFO - Processing file /opt/airflow/dags/model_rollback_dag.py for tasks to queue
[2025-08-10T23:58:01.675+0000] {logging_mixin.py:188} INFO - [2025-08-10T23:58:01.674+0000] {dagbag.py:545} INFO - Filling up the DagBag from /opt/airflow/dags/model_rollback_dag.py
[2025-08-10T23:58:02.960+0000] {processor.py:840} INFO - DAG(s) 'model_rollback' retrieved from /opt/airflow/dags/model_rollback_dag.py
[2025-08-10T23:58:02.993+0000] {logging_mixin.py:188} INFO - [2025-08-10T23:58:02.992+0000] {dag.py:3096} INFO - Sync 1 DAGs
[2025-08-10T23:58:03.008+0000] {logging_mixin.py:188} INFO - [2025-08-10T23:58:03.008+0000] {dag.py:3954} INFO - Setting next_dagrun for model_rollback to None, run_after=None
[2025-08-10T23:58:03.038+0000] {processor.py:183} INFO - Processing /opt/airflow/dags/model_rollback_dag.py took 1.377 seconds
[2025-08-10T23:58:33.429+0000] {processor.py:161} INFO - Started process (PID=411) to work on /opt/airflow/dags/model_rollback_dag.py
[2025-08-10T23:58:33.431+0000] {processor.py:830} INFO - Processing file /opt/airflow/dags/model_rollback_dag.py for tasks to queue
[2025-08-10T23:58:33.435+0000] {logging_mixin.py:188} INFO - [2025-08-10T23:58:33.434+0000] {dagbag.py:545} INFO - Filling up the DagBag from /opt/airflow/dags/model_rollback_dag.py
[2025-08-10T23:58:37.365+0000] {processor.py:840} INFO - DAG(s) 'model_rollback' retrieved from /opt/airflow/dags/model_rollback_dag.py
[2025-08-10T23:58:37.555+0000] {logging_mixin.py:188} INFO - [2025-08-10T23:58:37.554+0000] {dag.py:3096} INFO - Sync 1 DAGs
[2025-08-10T23:58:37.571+0000] {logging_mixin.py:188} INFO - [2025-08-10T23:58:37.570+0000] {dag.py:3954} INFO - Setting next_dagrun for model_rollback to None, run_after=None
[2025-08-10T23:58:37.595+0000] {processor.py:183} INFO - Processing /opt/airflow/dags/model_rollback_dag.py took 4.179 seconds
[2025-08-10T23:59:43.067+0000] {processor.py:161} INFO - Started process (PID=451) to work on /opt/airflow/dags/model_rollback_dag.py
[2025-08-10T23:59:43.072+0000] {processor.py:830} INFO - Processing file /opt/airflow/dags/model_rollback_dag.py for tasks to queue
[2025-08-10T23:59:43.079+0000] {logging_mixin.py:188} INFO - [2025-08-10T23:59:43.078+0000] {dagbag.py:545} INFO - Filling up the DagBag from /opt/airflow/dags/model_rollback_dag.py
[2025-08-10T23:59:47.607+0000] {processor.py:840} INFO - DAG(s) 'model_rollback' retrieved from /opt/airflow/dags/model_rollback_dag.py
[2025-08-10T23:59:47.645+0000] {logging_mixin.py:188} INFO - [2025-08-10T23:59:47.644+0000] {dag.py:3096} INFO - Sync 1 DAGs
[2025-08-10T23:59:47.678+0000] {logging_mixin.py:188} INFO - [2025-08-10T23:59:47.677+0000] {dag.py:3954} INFO - Setting next_dagrun for model_rollback to None, run_after=None
[2025-08-10T23:59:47.724+0000] {processor.py:183} INFO - Processing /opt/airflow/dags/model_rollback_dag.py took 4.692 seconds
