[2025-08-05T20:54:09.356+0000] {local_task_job_runner.py:120} INFO - ::group::Pre task execution logs
[2025-08-05T20:54:09.386+0000] {taskinstance.py:2076} INFO - Dependencies all met for dep_context=non-requeueable deps ti=<TaskInstance: ml_pipeline_dvc.train_dvc manual__2025-08-05T20:46:44.412460+00:00 [queued]>
[2025-08-05T20:54:09.396+0000] {taskinstance.py:2076} INFO - Dependencies all met for dep_context=requeueable deps ti=<TaskInstance: ml_pipeline_dvc.train_dvc manual__2025-08-05T20:46:44.412460+00:00 [queued]>
[2025-08-05T20:54:09.397+0000] {taskinstance.py:2306} INFO - Starting attempt 2 of 2
[2025-08-05T20:54:09.415+0000] {taskinstance.py:2330} INFO - Executing <Task(BashOperator): train_dvc> on 2025-08-05 20:46:44.412460+00:00
[2025-08-05T20:54:09.421+0000] {warnings.py:110} WARNING - /home/***/.local/lib/python3.12/site-packages/***/task/task_runner/standard_task_runner.py:61: DeprecationWarning: This process (pid=3621) is multi-threaded, use of fork() may lead to deadlocks in the child.
  pid = os.fork()

[2025-08-05T20:54:09.424+0000] {standard_task_runner.py:63} INFO - Started process 3622 to run task
[2025-08-05T20:54:09.424+0000] {standard_task_runner.py:90} INFO - Running: ['***', 'tasks', 'run', 'ml_pipeline_dvc', 'train_dvc', 'manual__2025-08-05T20:46:44.412460+00:00', '--job-id', '52', '--raw', '--subdir', 'DAGS_FOLDER/ml_pipeline_dag_2.py', '--cfg-path', '/tmp/tmpso9k2yb3']
[2025-08-05T20:54:09.426+0000] {standard_task_runner.py:91} INFO - Job 52: Subtask train_dvc
[2025-08-05T20:54:09.487+0000] {task_command.py:426} INFO - Running <TaskInstance: ml_pipeline_dvc.train_dvc manual__2025-08-05T20:46:44.412460+00:00 [running]> on host cb274dbeb17b
[2025-08-05T20:54:09.601+0000] {taskinstance.py:2648} INFO - Exporting env vars: AIRFLOW_CTX_DAG_OWNER='yas' AIRFLOW_CTX_DAG_ID='ml_pipeline_dvc' AIRFLOW_CTX_TASK_ID='train_dvc' AIRFLOW_CTX_EXECUTION_DATE='2025-08-05T20:46:44.412460+00:00' AIRFLOW_CTX_TRY_NUMBER='2' AIRFLOW_CTX_DAG_RUN_ID='manual__2025-08-05T20:46:44.412460+00:00'
[2025-08-05T20:54:09.602+0000] {taskinstance.py:430} INFO - ::endgroup::
[2025-08-05T20:54:09.618+0000] {subprocess.py:63} INFO - Tmp dir root location: /tmp
[2025-08-05T20:54:09.620+0000] {subprocess.py:75} INFO - Running command: ['/usr/bin/bash', '-c', 'cd /opt/***/ml_pipeline && dvc repro train']
[2025-08-05T20:54:09.630+0000] {subprocess.py:86} INFO - Output:
[2025-08-05T20:54:11.580+0000] {subprocess.py:93} INFO - Running stage 'preprocess':
[2025-08-05T20:54:11.581+0000] {subprocess.py:93} INFO - > python preprocessing/preprocess_task.py
[2025-08-05T20:54:13.432+0000] {subprocess.py:93} INFO - {"asctime": "2025-08-05 20:54:13,432", "levelname": "INFO", "message": "\u2705 Saved pipeline: artifacts/preprocess/pipeline_v20250801_144307.pkl"}
[2025-08-05T20:54:13.433+0000] {subprocess.py:93} INFO - {"asctime": "2025-08-05 20:54:13,432", "levelname": "INFO", "message": "\ud83d\udcc4 Saved metadata: artifacts/preprocess/preprocess_metadata_v20250801_144307.json"}
[2025-08-05T20:54:13.434+0000] {subprocess.py:93} INFO - {"asctime": "2025-08-05 20:54:13,432", "levelname": "INFO", "message": "\ud83d\udce6 Updated version_meta.json"}
[2025-08-05T20:54:13.778+0000] {subprocess.py:93} INFO - Updating lock file 'dvc.lock'
[2025-08-05T20:54:13.791+0000] {subprocess.py:93} INFO - 
[2025-08-05T20:54:13.893+0000] {subprocess.py:93} INFO - Running stage 'train':
[2025-08-05T20:54:13.894+0000] {subprocess.py:93} INFO - > python train/train_task.py
[2025-08-05T20:54:17.356+0000] {subprocess.py:93} INFO - INFO:__main__:Outlier detector saved to artifacts/models/outlier_detector_v20250801_144307.pkl
[2025-08-05T20:54:17.402+0000] {subprocess.py:93} INFO - /home/***/.local/lib/python3.12/site-packages/sklearn/metrics/_ranking.py:1201: UndefinedMetricWarning: No positive samples in y_true, true positive value should be meaningless
[2025-08-05T20:54:17.403+0000] {subprocess.py:93} INFO -   warnings.warn(
[2025-08-05T20:54:17.476+0000] {subprocess.py:93} INFO - INFO:__main__:📄 Training metadata saved to artifacts/train/train_metadata_v20250801_144307.json
[2025-08-05T20:54:17.485+0000] {subprocess.py:93} INFO - INFO:__main__:📦 Updated version_meta.json
[2025-08-05T20:54:17.625+0000] {subprocess.py:93} INFO - INFO:__main__:📄 Registering the model FraudDetectionModel
[2025-08-05T20:54:17.715+0000] {subprocess.py:93} INFO - 2025/08/05 20:54:17 WARNING mlflow.utils.git_utils: Failed to import Git (the Git executable is probably not on your PATH), so Git SHA is not available. Error: Failed to initialize: Bad git executable.
[2025-08-05T20:54:17.726+0000] {subprocess.py:93} INFO - The git executable must be specified in one of the following ways:
[2025-08-05T20:54:17.729+0000] {subprocess.py:93} INFO -     - be included in your $PATH
[2025-08-05T20:54:17.733+0000] {subprocess.py:93} INFO -     - be set via $GIT_PYTHON_GIT_EXECUTABLE
[2025-08-05T20:54:17.734+0000] {subprocess.py:93} INFO -     - explicitly set via git.refresh(<full-path-to-git-executable>)
[2025-08-05T20:54:17.735+0000] {subprocess.py:93} INFO - 
[2025-08-05T20:54:17.738+0000] {subprocess.py:93} INFO - All git commands will error until this is rectified.
[2025-08-05T20:54:17.740+0000] {subprocess.py:93} INFO - 
[2025-08-05T20:54:17.741+0000] {subprocess.py:93} INFO - This initial message can be silenced or aggravated in the future by setting the
[2025-08-05T20:54:17.742+0000] {subprocess.py:93} INFO - $GIT_PYTHON_REFRESH environment variable. Use one of the following values:
[2025-08-05T20:54:17.744+0000] {subprocess.py:93} INFO -     - quiet|q|silence|s|silent|none|n|0: for no message or exception
[2025-08-05T20:54:17.747+0000] {subprocess.py:93} INFO -     - warn|w|warning|log|l|1: for a warning message (logging level CRITICAL, displayed by default)
[2025-08-05T20:54:17.751+0000] {subprocess.py:93} INFO -     - error|e|exception|raise|r|2: for a raised exception
[2025-08-05T20:54:17.754+0000] {subprocess.py:93} INFO - 
[2025-08-05T20:54:17.759+0000] {subprocess.py:93} INFO - Example:
[2025-08-05T20:54:17.760+0000] {subprocess.py:93} INFO -     export GIT_PYTHON_REFRESH=quiet
[2025-08-05T20:54:17.760+0000] {subprocess.py:93} INFO - 
[2025-08-05T20:54:17.776+0000] {subprocess.py:93} INFO - 2025/08/05 20:54:17 WARNING mlflow.models.model: `artifact_path` is deprecated. Please use `name` instead.
[2025-08-05T20:54:17.829+0000] {subprocess.py:93} INFO - Run ID: 5b8f3caf48bb4daab5a92acc8fd4e980
[2025-08-05T20:54:17.830+0000] {subprocess.py:93} INFO - 🏃 View run secretive-mare-268 at: http://mlflow:5000/#/experiments/2/runs/5b8f3caf48bb4daab5a92acc8fd4e980
[2025-08-05T20:54:17.831+0000] {subprocess.py:93} INFO - 🧪 View experiment at: http://mlflow:5000/#/experiments/2
[2025-08-05T20:54:17.832+0000] {subprocess.py:93} INFO - Traceback (most recent call last):
[2025-08-05T20:54:17.832+0000] {subprocess.py:93} INFO -   File "/opt/***/ml_pipeline/train/train_task.py", line 221, in <module>
[2025-08-05T20:54:17.833+0000] {subprocess.py:93} INFO -     main()
[2025-08-05T20:54:17.833+0000] {subprocess.py:93} INFO -   File "/opt/***/ml_pipeline/train/train_task.py", line 215, in main
[2025-08-05T20:54:17.834+0000] {subprocess.py:93} INFO -     register_model_with_mlflow(model, metrics)
[2025-08-05T20:54:17.835+0000] {subprocess.py:93} INFO -   File "/opt/***/ml_pipeline/train/train_task.py", line 141, in register_model_with_mlflow
[2025-08-05T20:54:17.835+0000] {subprocess.py:93} INFO -     mlflow.sklearn.log_model(model, artifact_path="model")
[2025-08-05T20:54:17.838+0000] {subprocess.py:93} INFO -   File "/home/***/.local/lib/python3.12/site-packages/mlflow/sklearn/__init__.py", line 426, in log_model
[2025-08-05T20:54:17.839+0000] {subprocess.py:93} INFO -     return Model.log(
[2025-08-05T20:54:17.840+0000] {subprocess.py:93} INFO -            ^^^^^^^^^^
[2025-08-05T20:54:17.841+0000] {subprocess.py:93} INFO -   File "/home/***/.local/lib/python3.12/site-packages/mlflow/models/model.py", line 1166, in log
[2025-08-05T20:54:17.843+0000] {subprocess.py:93} INFO -     model = _create_logged_model(
[2025-08-05T20:54:17.845+0000] {subprocess.py:93} INFO -             ^^^^^^^^^^^^^^^^^^^^^
[2025-08-05T20:54:17.846+0000] {subprocess.py:93} INFO -   File "/home/***/.local/lib/python3.12/site-packages/mlflow/tracking/fluent.py", line 2282, in _create_logged_model
[2025-08-05T20:54:17.847+0000] {subprocess.py:93} INFO -     return MlflowClient()._create_logged_model(
[2025-08-05T20:54:17.848+0000] {subprocess.py:93} INFO -            ^^^^^^^^^^^^^^^^^^^^^^^^^^^^^^^^^^^^
[2025-08-05T20:54:17.849+0000] {subprocess.py:93} INFO -   File "/home/***/.local/lib/python3.12/site-packages/mlflow/tracking/client.py", line 5379, in _create_logged_model
[2025-08-05T20:54:17.850+0000] {subprocess.py:93} INFO -     return self._tracking_client.create_logged_model(
[2025-08-05T20:54:17.851+0000] {subprocess.py:93} INFO -            ^^^^^^^^^^^^^^^^^^^^^^^^^^^^^^^^^^^^^^^^^^
[2025-08-05T20:54:17.852+0000] {subprocess.py:93} INFO -   File "/home/***/.local/lib/python3.12/site-packages/mlflow/telemetry/track.py", line 22, in wrapper
[2025-08-05T20:54:17.853+0000] {subprocess.py:93} INFO -     return func(*args, **kwargs)
[2025-08-05T20:54:17.853+0000] {subprocess.py:93} INFO -            ^^^^^^^^^^^^^^^^^^^^^
[2025-08-05T20:54:17.854+0000] {subprocess.py:93} INFO -   File "/home/***/.local/lib/python3.12/site-packages/mlflow/tracking/_tracking_service/client.py", line 841, in create_logged_model
[2025-08-05T20:54:17.855+0000] {subprocess.py:93} INFO -     return self.store.create_logged_model(
[2025-08-05T20:54:17.856+0000] {subprocess.py:93} INFO -            ^^^^^^^^^^^^^^^^^^^^^^^^^^^^^^^
[2025-08-05T20:54:17.856+0000] {subprocess.py:93} INFO -   File "/home/***/.local/lib/python3.12/site-packages/mlflow/store/tracking/rest_store.py", line 823, in create_logged_model
[2025-08-05T20:54:17.857+0000] {subprocess.py:93} INFO -     response_proto = self._call_endpoint(CreateLoggedModel, req_body)
[2025-08-05T20:54:17.858+0000] {subprocess.py:93} INFO -                      ^^^^^^^^^^^^^^^^^^^^^^^^^^^^^^^^^^^^^^^^^^^^^^^^
[2025-08-05T20:54:17.858+0000] {subprocess.py:93} INFO -   File "/home/***/.local/lib/python3.12/site-packages/mlflow/store/tracking/rest_store.py", line 133, in _call_endpoint
[2025-08-05T20:54:17.859+0000] {subprocess.py:93} INFO -     return call_endpoint(
[2025-08-05T20:54:17.860+0000] {subprocess.py:93} INFO -            ^^^^^^^^^^^^^^
[2025-08-05T20:54:17.861+0000] {subprocess.py:93} INFO -   File "/home/***/.local/lib/python3.12/site-packages/mlflow/utils/rest_utils.py", line 553, in call_endpoint
[2025-08-05T20:54:17.862+0000] {subprocess.py:93} INFO -     response = verify_rest_response(response, endpoint)
[2025-08-05T20:54:17.862+0000] {subprocess.py:93} INFO -                ^^^^^^^^^^^^^^^^^^^^^^^^^^^^^^^^^^^^^^^^
[2025-08-05T20:54:17.863+0000] {subprocess.py:93} INFO -   File "/home/***/.local/lib/python3.12/site-packages/mlflow/utils/rest_utils.py", line 314, in verify_rest_response
[2025-08-05T20:54:17.864+0000] {subprocess.py:93} INFO -     raise MlflowException(
[2025-08-05T20:54:17.865+0000] {subprocess.py:93} INFO - mlflow.exceptions.MlflowException: API request to endpoint /api/2.0/mlflow/logged-models failed with error code 404 != 200. Response body: '<!doctype html>
[2025-08-05T20:54:17.866+0000] {subprocess.py:93} INFO - <html lang=en>
[2025-08-05T20:54:17.867+0000] {subprocess.py:93} INFO - <title>404 Not Found</title>
[2025-08-05T20:54:17.868+0000] {subprocess.py:93} INFO - <h1>Not Found</h1>
[2025-08-05T20:54:17.869+0000] {subprocess.py:93} INFO - <p>The requested URL was not found on the server. If you entered the URL manually please check your spelling and try again.</p>
[2025-08-05T20:54:17.874+0000] {subprocess.py:93} INFO - '
[2025-08-05T20:54:18.391+0000] {subprocess.py:93} INFO - ERROR: failed to reproduce 'train': failed to run: python train/train_task.py, exited with 1
[2025-08-05T20:54:18.821+0000] {subprocess.py:97} INFO - Command exited with return code 255
[2025-08-05T20:54:18.823+0000] {taskinstance.py:441} INFO - ::group::Post task execution logs
[2025-08-05T20:54:18.841+0000] {taskinstance.py:2905} ERROR - Task failed with exception
Traceback (most recent call last):
  File "/home/airflow/.local/lib/python3.12/site-packages/airflow/models/taskinstance.py", line 465, in _execute_task
    result = _execute_callable(context=context, **execute_callable_kwargs)
             ^^^^^^^^^^^^^^^^^^^^^^^^^^^^^^^^^^^^^^^^^^^^^^^^^^^^^^^^^^^^^
  File "/home/airflow/.local/lib/python3.12/site-packages/airflow/models/taskinstance.py", line 432, in _execute_callable
    return execute_callable(context=context, **execute_callable_kwargs)
           ^^^^^^^^^^^^^^^^^^^^^^^^^^^^^^^^^^^^^^^^^^^^^^^^^^^^^^^^^^^^
  File "/home/airflow/.local/lib/python3.12/site-packages/airflow/models/baseoperator.py", line 400, in wrapper
    return func(self, *args, **kwargs)
           ^^^^^^^^^^^^^^^^^^^^^^^^^^^
  File "/home/airflow/.local/lib/python3.12/site-packages/airflow/operators/bash.py", line 243, in execute
    raise AirflowException(
airflow.exceptions.AirflowException: Bash command failed. The command returned a non-zero exit code 255.
[2025-08-05T20:54:18.848+0000] {taskinstance.py:1206} INFO - Marking task as FAILED. dag_id=ml_pipeline_dvc, task_id=train_dvc, run_id=manual__2025-08-05T20:46:44.412460+00:00, execution_date=20250805T204644, start_date=20250805T205409, end_date=20250805T205418
[2025-08-05T20:54:18.884+0000] {standard_task_runner.py:110} ERROR - Failed to execute job 52 for task train_dvc (Bash command failed. The command returned a non-zero exit code 255.; 3622)
[2025-08-05T20:54:18.918+0000] {local_task_job_runner.py:240} INFO - Task exited with return code 1
[2025-08-05T20:54:18.944+0000] {taskinstance.py:3498} INFO - 0 downstream tasks scheduled from follow-on schedule check
[2025-08-05T20:54:18.946+0000] {local_task_job_runner.py:222} INFO - ::endgroup::
