[2025-08-20T18:01:10.628+0000] {local_task_job_runner.py:120} INFO - ::group::Pre task execution logs
[2025-08-20T18:01:10.668+0000] {taskinstance.py:2076} INFO - Dependencies all met for dep_context=non-requeueable deps ti=<TaskInstance: ml_pipeline_dvc.train_outlier_detector_dvc manual__2025-08-20T18:00:27.903374+00:00 [queued]>
[2025-08-20T18:01:10.681+0000] {taskinstance.py:2076} INFO - Dependencies all met for dep_context=requeueable deps ti=<TaskInstance: ml_pipeline_dvc.train_outlier_detector_dvc manual__2025-08-20T18:00:27.903374+00:00 [queued]>
[2025-08-20T18:01:10.682+0000] {taskinstance.py:2306} INFO - Starting attempt 1 of 1
[2025-08-20T18:01:10.705+0000] {taskinstance.py:2330} INFO - Executing <Task(BashOperator): train_outlier_detector_dvc> on 2025-08-20 18:00:27.903374+00:00
[2025-08-20T18:01:10.713+0000] {warnings.py:110} WARNING - /home/***/.local/lib/python3.12/site-packages/***/task/task_runner/standard_task_runner.py:61: DeprecationWarning: This process (pid=2029) is multi-threaded, use of fork() may lead to deadlocks in the child.
  pid = os.fork()

[2025-08-20T18:01:10.716+0000] {standard_task_runner.py:90} INFO - Running: ['***', 'tasks', 'run', 'ml_pipeline_dvc', 'train_outlier_detector_dvc', 'manual__2025-08-20T18:00:27.903374+00:00', '--job-id', '15', '--raw', '--subdir', 'DAGS_FOLDER/ml_pipeline_dvc_dag.py', '--cfg-path', '/tmp/tmp4a6zscy1']
[2025-08-20T18:01:10.717+0000] {standard_task_runner.py:63} INFO - Started process 2046 to run task
[2025-08-20T18:01:10.718+0000] {standard_task_runner.py:91} INFO - Job 15: Subtask train_outlier_detector_dvc
[2025-08-20T18:01:10.787+0000] {task_command.py:426} INFO - Running <TaskInstance: ml_pipeline_dvc.train_outlier_detector_dvc manual__2025-08-20T18:00:27.903374+00:00 [running]> on host d741d36e6db0
[2025-08-20T18:01:10.916+0000] {taskinstance.py:2648} INFO - Exporting env vars: AIRFLOW_CTX_DAG_OWNER='yas' AIRFLOW_CTX_DAG_ID='ml_pipeline_dvc' AIRFLOW_CTX_TASK_ID='train_outlier_detector_dvc' AIRFLOW_CTX_EXECUTION_DATE='2025-08-20T18:00:27.903374+00:00' AIRFLOW_CTX_TRY_NUMBER='1' AIRFLOW_CTX_DAG_RUN_ID='manual__2025-08-20T18:00:27.903374+00:00'
[2025-08-20T18:01:10.919+0000] {taskinstance.py:430} INFO - ::endgroup::
[2025-08-20T18:01:10.941+0000] {subprocess.py:63} INFO - Tmp dir root location: /tmp
[2025-08-20T18:01:10.942+0000] {subprocess.py:75} INFO - Running command: ['/usr/bin/bash', '-c', '\n            cd /opt/***/ml_pipeline\n            dvc pull --force\n            dvc repro train_outlier\n            dvc push\n        ']
[2025-08-20T18:01:10.954+0000] {subprocess.py:86} INFO - Output:
[2025-08-20T18:01:14.454+0000] {subprocess.py:93} INFO - Everything is up to date.
[2025-08-20T18:01:17.858+0000] {subprocess.py:93} INFO - Stage 'ingest' didn't change, skipping
[2025-08-20T18:01:17.890+0000] {subprocess.py:93} INFO - Stage 'preprocess' didn't change, skipping
[2025-08-20T18:01:17.961+0000] {subprocess.py:93} INFO - Running stage 'train_outlier':
[2025-08-20T18:01:17.961+0000] {subprocess.py:93} INFO - > python models/train_outlier_detector_task.py
[2025-08-20T18:01:27.206+0000] {subprocess.py:93} INFO - 2025/08/20 18:01:27 INFO mlflow.tracking.fluent: Experiment with name 'OutlierDetectionModel' does not exist. Creating a new experiment.
[2025-08-20T18:01:28.270+0000] {subprocess.py:93} INFO - {"asctime": "2025-08-20 18:01:28,146", "levelname": "INFO", "name": "model_training", "trace_id": null, "span_id": null, "message": "MLflow run id: a091d34ef5504fc5a5bf228ebcbadf68"}
[2025-08-20T18:01:42.821+0000] {subprocess.py:93} INFO - {"asctime": "2025-08-20 18:01:42,821", "levelname": "INFO", "name": "model_training", "trace_id": null, "span_id": null, "message": "Outlier_detector logged"}
[2025-08-20T18:01:42.823+0000] {subprocess.py:93} INFO - {"asctime": "2025-08-20 18:01:42,821", "levelname": "INFO", "name": "model_training", "trace_id": null, "span_id": null, "message": "Registering model from runs:/a091d34ef5504fc5a5bf228ebcbadf68/outlier as registered model name 'OutlierDetectionModel'"}
[2025-08-20T18:01:43.178+0000] {subprocess.py:93} INFO - Successfully registered model 'OutlierDetectionModel'.
[2025-08-20T18:01:43.427+0000] {subprocess.py:93} INFO - 2025/08/20 18:01:43 WARNING mlflow.tracking._model_registry.fluent: Run with id a091d34ef5504fc5a5bf228ebcbadf68 has no artifacts at artifact path 'outlier', registering model based on models:/m-6ae4b3d4812b4620bdb7c072d9481473 instead
[2025-08-20T18:01:43.611+0000] {subprocess.py:93} INFO - 2025/08/20 18:01:43 INFO mlflow.store.model_registry.abstract_store: Waiting up to 300 seconds for model version to finish creation. Model name: OutlierDetectionModel, version 1
[2025-08-20T18:01:43.611+0000] {subprocess.py:93} INFO - Created version '1' of model 'OutlierDetectionModel'.
[2025-08-20T18:01:43.674+0000] {subprocess.py:93} INFO - /opt/***/ml_pipeline/models/train_outlier_detector_task.py:112: FutureWarning: ``mlflow.tracking.client.MlflowClient.transition_model_version_stage`` is deprecated since 2.9.0. Model registry stages will be removed in a future major release. To learn more about the deprecation of model registry stages, see our migration guide here: https://mlflow.org/docs/latest/model-registry.html#migrating-from-stages
[2025-08-20T18:01:43.675+0000] {subprocess.py:93} INFO -   client.transition_model_version_stage(
[2025-08-20T18:01:43.800+0000] {subprocess.py:93} INFO - 🏃 View run train_v20250820_180044 at: http://mlflow:5000/#/experiments/1/runs/a091d34ef5504fc5a5bf228ebcbadf68
[2025-08-20T18:01:43.801+0000] {subprocess.py:93} INFO - 🧪 View experiment at: http://mlflow:5000/#/experiments/1
[2025-08-20T18:01:43.802+0000] {subprocess.py:93} INFO - {"asctime": "2025-08-20 18:01:43,800", "levelname": "INFO", "name": "model_training", "trace_id": null, "span_id": null, "message": "Model registered and transitioned to 'Production' (version 1)"}
[2025-08-20T18:01:43.804+0000] {subprocess.py:93} INFO - {"asctime": "2025-08-20 18:01:43,800", "levelname": "INFO", "name": "model_training", "trace_id": null, "span_id": null, "message": "\u2705 Training & registration complete."}
[2025-08-20T18:01:44.666+0000] {subprocess.py:93} INFO - Updating lock file 'dvc.lock'
[2025-08-20T18:01:44.684+0000] {subprocess.py:93} INFO - 
[2025-08-20T18:01:44.685+0000] {subprocess.py:93} INFO - To track the changes with git, run:
[2025-08-20T18:01:44.686+0000] {subprocess.py:93} INFO - 
[2025-08-20T18:01:44.687+0000] {subprocess.py:93} INFO - 	git add dvc.lock
[2025-08-20T18:01:44.688+0000] {subprocess.py:93} INFO - 
[2025-08-20T18:01:44.688+0000] {subprocess.py:93} INFO - To enable auto staging, run:
[2025-08-20T18:01:44.689+0000] {subprocess.py:93} INFO - 
[2025-08-20T18:01:44.690+0000] {subprocess.py:93} INFO - 	dvc config core.autostage true
[2025-08-20T18:01:44.691+0000] {subprocess.py:93} INFO - Use `dvc push` to send your updates to remote storage.
[2025-08-20T18:01:49.436+0000] {subprocess.py:93} INFO - 2 files pushed
[2025-08-20T18:01:49.845+0000] {subprocess.py:97} INFO - Command exited with return code 0
[2025-08-20T18:01:49.847+0000] {taskinstance.py:441} INFO - ::group::Post task execution logs
[2025-08-20T18:01:49.886+0000] {taskinstance.py:1206} INFO - Marking task as SUCCESS. dag_id=ml_pipeline_dvc, task_id=train_outlier_detector_dvc, run_id=manual__2025-08-20T18:00:27.903374+00:00, execution_date=20250820T180027, start_date=20250820T180110, end_date=20250820T180149
[2025-08-20T18:01:49.926+0000] {local_task_job_runner.py:240} INFO - Task exited with return code 0
[2025-08-20T18:01:49.954+0000] {taskinstance.py:3498} INFO - 1 downstream tasks scheduled from follow-on schedule check
[2025-08-20T18:01:49.956+0000] {local_task_job_runner.py:222} INFO - ::endgroup::
