[2025-08-08T01:42:25.607+0000] {local_task_job_runner.py:120} INFO - ::group::Pre task execution logs
[2025-08-08T01:42:25.704+0000] {taskinstance.py:2076} INFO - Dependencies all met for dep_context=non-requeueable deps ti=<TaskInstance: ml_pipeline_dvc.preprocess_dvc manual__2025-08-08T01:42:22.056221+00:00 [queued]>
[2025-08-08T01:42:25.751+0000] {taskinstance.py:2076} INFO - Dependencies all met for dep_context=requeueable deps ti=<TaskInstance: ml_pipeline_dvc.preprocess_dvc manual__2025-08-08T01:42:22.056221+00:00 [queued]>
[2025-08-08T01:42:25.767+0000] {taskinstance.py:2306} INFO - Starting attempt 1 of 2
[2025-08-08T01:42:25.847+0000] {taskinstance.py:2330} INFO - Executing <Task(BashOperator): preprocess_dvc> on 2025-08-08 01:42:22.056221+00:00
[2025-08-08T01:42:25.865+0000] {warnings.py:110} WARNING - /home/***/.local/lib/python3.12/site-packages/***/task/task_runner/standard_task_runner.py:61: DeprecationWarning: This process (pid=2867) is multi-threaded, use of fork() may lead to deadlocks in the child.
  pid = os.fork()

[2025-08-08T01:42:25.871+0000] {standard_task_runner.py:63} INFO - Started process 2868 to run task
[2025-08-08T01:42:25.871+0000] {standard_task_runner.py:90} INFO - Running: ['***', 'tasks', 'run', 'ml_pipeline_dvc', 'preprocess_dvc', 'manual__2025-08-08T01:42:22.056221+00:00', '--job-id', '22', '--raw', '--subdir', 'DAGS_FOLDER/ml_pipeline_dag_2.py', '--cfg-path', '/tmp/tmpct6ssf33']
[2025-08-08T01:42:25.875+0000] {standard_task_runner.py:91} INFO - Job 22: Subtask preprocess_dvc
[2025-08-08T01:42:25.999+0000] {task_command.py:426} INFO - Running <TaskInstance: ml_pipeline_dvc.preprocess_dvc manual__2025-08-08T01:42:22.056221+00:00 [running]> on host b040694cec87
[2025-08-08T01:42:26.261+0000] {taskinstance.py:2648} INFO - Exporting env vars: AIRFLOW_CTX_DAG_OWNER='yas' AIRFLOW_CTX_DAG_ID='ml_pipeline_dvc' AIRFLOW_CTX_TASK_ID='preprocess_dvc' AIRFLOW_CTX_EXECUTION_DATE='2025-08-08T01:42:22.056221+00:00' AIRFLOW_CTX_TRY_NUMBER='1' AIRFLOW_CTX_DAG_RUN_ID='manual__2025-08-08T01:42:22.056221+00:00'
[2025-08-08T01:42:26.263+0000] {taskinstance.py:430} INFO - ::endgroup::
[2025-08-08T01:42:26.311+0000] {subprocess.py:63} INFO - Tmp dir root location: /tmp
[2025-08-08T01:42:26.314+0000] {subprocess.py:75} INFO - Running command: ['/usr/bin/bash', '-c', 'cd /opt/***/ml_pipeline && dvc repro preprocess']
[2025-08-08T01:42:26.339+0000] {subprocess.py:86} INFO - Output:
[2025-08-08T01:42:30.528+0000] {subprocess.py:93} INFO - Running stage 'preprocess':
[2025-08-08T01:42:30.529+0000] {subprocess.py:93} INFO - > python preprocessing/preprocess_task.py
[2025-08-08T01:42:38.095+0000] {subprocess.py:93} INFO - {"asctime": "2025-08-08 01:42:38,095", "levelname": "INFO", "message": "\u2705 Saved pipeline: artifacts/preprocess/pipeline_v20250801_144307.pkl"}
[2025-08-08T01:42:38.097+0000] {subprocess.py:93} INFO - {"asctime": "2025-08-08 01:42:38,095", "levelname": "INFO", "message": "\ud83d\udcc4 Saved metadata: artifacts/preprocess/preprocess_metadata_v20250801_144307.json"}
[2025-08-08T01:42:38.098+0000] {subprocess.py:93} INFO - {"asctime": "2025-08-08 01:42:38,095", "levelname": "INFO", "message": "\ud83d\udce6 Updated version_meta.json"}
[2025-08-08T01:42:38.798+0000] {subprocess.py:93} INFO - Updating lock file 'dvc.lock'
[2025-08-08T01:42:38.848+0000] {subprocess.py:93} INFO - 
[2025-08-08T01:42:38.850+0000] {subprocess.py:93} INFO - To track the changes with git, run:
[2025-08-08T01:42:38.850+0000] {subprocess.py:93} INFO - 
[2025-08-08T01:42:38.851+0000] {subprocess.py:93} INFO - 	git add dvc.lock
[2025-08-08T01:42:38.856+0000] {subprocess.py:93} INFO - 
[2025-08-08T01:42:38.858+0000] {subprocess.py:93} INFO - To enable auto staging, run:
[2025-08-08T01:42:38.860+0000] {subprocess.py:93} INFO - 
[2025-08-08T01:42:38.860+0000] {subprocess.py:93} INFO - 	dvc config core.autostage true
[2025-08-08T01:42:38.882+0000] {subprocess.py:93} INFO - Use `dvc push` to send your updates to remote storage.
[2025-08-08T01:42:39.585+0000] {subprocess.py:97} INFO - Command exited with return code 0
[2025-08-08T01:42:39.587+0000] {taskinstance.py:441} INFO - ::group::Post task execution logs
[2025-08-08T01:42:39.658+0000] {taskinstance.py:1206} INFO - Marking task as SUCCESS. dag_id=ml_pipeline_dvc, task_id=preprocess_dvc, run_id=manual__2025-08-08T01:42:22.056221+00:00, execution_date=20250808T014222, start_date=20250808T014225, end_date=20250808T014239
[2025-08-08T01:42:39.738+0000] {local_task_job_runner.py:240} INFO - Task exited with return code 0
[2025-08-08T01:42:39.791+0000] {taskinstance.py:3498} INFO - 1 downstream tasks scheduled from follow-on schedule check
[2025-08-08T01:42:39.795+0000] {local_task_job_runner.py:222} INFO - ::endgroup::
