[2025-08-12T16:42:48.658+0000] {local_task_job_runner.py:120} INFO - ::group::Pre task execution logs
[2025-08-12T16:42:48.695+0000] {taskinstance.py:2076} INFO - Dependencies all met for dep_context=non-requeueable deps ti=<TaskInstance: ml_pipeline_dvc.preprocess_dvc manual__2025-08-12T16:42:28.094542+00:00 [queued]>
[2025-08-12T16:42:48.707+0000] {taskinstance.py:2076} INFO - Dependencies all met for dep_context=requeueable deps ti=<TaskInstance: ml_pipeline_dvc.preprocess_dvc manual__2025-08-12T16:42:28.094542+00:00 [queued]>
[2025-08-12T16:42:48.708+0000] {taskinstance.py:2306} INFO - Starting attempt 1 of 2
[2025-08-12T16:42:48.726+0000] {taskinstance.py:2330} INFO - Executing <Task(BashOperator): preprocess_dvc> on 2025-08-12 16:42:28.094542+00:00
[2025-08-12T16:42:48.734+0000] {warnings.py:110} WARNING - /home/***/.local/lib/python3.12/site-packages/***/task/task_runner/standard_task_runner.py:61: DeprecationWarning: This process (pid=1010) is multi-threaded, use of fork() may lead to deadlocks in the child.
  pid = os.fork()

[2025-08-12T16:42:48.737+0000] {standard_task_runner.py:63} INFO - Started process 1011 to run task
[2025-08-12T16:42:48.737+0000] {standard_task_runner.py:90} INFO - Running: ['***', 'tasks', 'run', 'ml_pipeline_dvc', 'preprocess_dvc', 'manual__2025-08-12T16:42:28.094542+00:00', '--job-id', '128', '--raw', '--subdir', 'DAGS_FOLDER/train_pipeline_dag.py', '--cfg-path', '/tmp/tmpmdbljrd1']
[2025-08-12T16:42:48.742+0000] {standard_task_runner.py:91} INFO - Job 128: Subtask preprocess_dvc
[2025-08-12T16:42:48.816+0000] {task_command.py:426} INFO - Running <TaskInstance: ml_pipeline_dvc.preprocess_dvc manual__2025-08-12T16:42:28.094542+00:00 [running]> on host 08abdf02b345
[2025-08-12T16:42:48.969+0000] {taskinstance.py:2648} INFO - Exporting env vars: AIRFLOW_CTX_DAG_OWNER='yas' AIRFLOW_CTX_DAG_ID='ml_pipeline_dvc' AIRFLOW_CTX_TASK_ID='preprocess_dvc' AIRFLOW_CTX_EXECUTION_DATE='2025-08-12T16:42:28.094542+00:00' AIRFLOW_CTX_TRY_NUMBER='1' AIRFLOW_CTX_DAG_RUN_ID='manual__2025-08-12T16:42:28.094542+00:00'
[2025-08-12T16:42:48.970+0000] {taskinstance.py:430} INFO - ::endgroup::
[2025-08-12T16:42:48.995+0000] {subprocess.py:63} INFO - Tmp dir root location: /tmp
[2025-08-12T16:42:48.996+0000] {subprocess.py:75} INFO - Running command: ['/usr/bin/bash', '-c', 'cd /opt/***/ml_pipeline && dvc repro preprocess']
[2025-08-12T16:42:49.010+0000] {subprocess.py:86} INFO - Output:
[2025-08-12T16:42:53.607+0000] {subprocess.py:93} INFO - ERROR: failed to reproduce 'preprocess': Forbidden: An error occurred (403) when calling the HeadObject operation: Forbidden
[2025-08-12T16:42:54.147+0000] {subprocess.py:97} INFO - Command exited with return code 255
[2025-08-12T16:42:54.148+0000] {taskinstance.py:441} INFO - ::group::Post task execution logs
[2025-08-12T16:42:54.165+0000] {taskinstance.py:2905} ERROR - Task failed with exception
Traceback (most recent call last):
  File "/home/airflow/.local/lib/python3.12/site-packages/airflow/models/taskinstance.py", line 465, in _execute_task
    result = _execute_callable(context=context, **execute_callable_kwargs)
             ^^^^^^^^^^^^^^^^^^^^^^^^^^^^^^^^^^^^^^^^^^^^^^^^^^^^^^^^^^^^^
  File "/home/airflow/.local/lib/python3.12/site-packages/airflow/models/taskinstance.py", line 432, in _execute_callable
    return execute_callable(context=context, **execute_callable_kwargs)
           ^^^^^^^^^^^^^^^^^^^^^^^^^^^^^^^^^^^^^^^^^^^^^^^^^^^^^^^^^^^^
  File "/home/airflow/.local/lib/python3.12/site-packages/airflow/models/baseoperator.py", line 400, in wrapper
    return func(self, *args, **kwargs)
           ^^^^^^^^^^^^^^^^^^^^^^^^^^^
  File "/home/airflow/.local/lib/python3.12/site-packages/airflow/operators/bash.py", line 243, in execute
    raise AirflowException(
airflow.exceptions.AirflowException: Bash command failed. The command returned a non-zero exit code 255.
[2025-08-12T16:42:54.174+0000] {taskinstance.py:1206} INFO - Marking task as UP_FOR_RETRY. dag_id=ml_pipeline_dvc, task_id=preprocess_dvc, run_id=manual__2025-08-12T16:42:28.094542+00:00, execution_date=20250812T164228, start_date=20250812T164248, end_date=20250812T164254
[2025-08-12T16:42:54.204+0000] {standard_task_runner.py:110} ERROR - Failed to execute job 128 for task preprocess_dvc (Bash command failed. The command returned a non-zero exit code 255.; 1011)
[2025-08-12T16:42:54.229+0000] {local_task_job_runner.py:240} INFO - Task exited with return code 1
[2025-08-12T16:42:54.266+0000] {taskinstance.py:3498} INFO - 0 downstream tasks scheduled from follow-on schedule check
[2025-08-12T16:42:54.269+0000] {local_task_job_runner.py:222} INFO - ::endgroup::
