[2025-08-17T20:39:54.910+0000] {local_task_job_runner.py:120} INFO - ::group::Pre task execution logs
[2025-08-17T20:39:54.949+0000] {taskinstance.py:2076} INFO - Dependencies all met for dep_context=non-requeueable deps ti=<TaskInstance: ml_pipeline_dvc.train_fraud_detector_dvc manual__2025-08-17T20:39:10.321415+00:00 [queued]>
[2025-08-17T20:39:54.965+0000] {taskinstance.py:2076} INFO - Dependencies all met for dep_context=requeueable deps ti=<TaskInstance: ml_pipeline_dvc.train_fraud_detector_dvc manual__2025-08-17T20:39:10.321415+00:00 [queued]>
[2025-08-17T20:39:54.967+0000] {taskinstance.py:2306} INFO - Starting attempt 1 of 1
[2025-08-17T20:39:54.993+0000] {taskinstance.py:2330} INFO - Executing <Task(BashOperator): train_fraud_detector_dvc> on 2025-08-17 20:39:10.321415+00:00
[2025-08-17T20:39:55.005+0000] {warnings.py:110} WARNING - /home/***/.local/lib/python3.12/site-packages/***/task/task_runner/standard_task_runner.py:61: DeprecationWarning: This process (pid=7450) is multi-threaded, use of fork() may lead to deadlocks in the child.
  pid = os.fork()

[2025-08-17T20:39:55.010+0000] {standard_task_runner.py:63} INFO - Started process 7451 to run task
[2025-08-17T20:39:55.008+0000] {standard_task_runner.py:90} INFO - Running: ['***', 'tasks', 'run', 'ml_pipeline_dvc', 'train_fraud_detector_dvc', 'manual__2025-08-17T20:39:10.321415+00:00', '--job-id', '359', '--raw', '--subdir', 'DAGS_FOLDER/train_pipeline_dag.py', '--cfg-path', '/tmp/tmp18i1ruze']
[2025-08-17T20:39:55.013+0000] {standard_task_runner.py:91} INFO - Job 359: Subtask train_fraud_detector_dvc
[2025-08-17T20:39:55.107+0000] {task_command.py:426} INFO - Running <TaskInstance: ml_pipeline_dvc.train_fraud_detector_dvc manual__2025-08-17T20:39:10.321415+00:00 [running]> on host bea494a05fb4
[2025-08-17T20:39:55.292+0000] {taskinstance.py:2648} INFO - Exporting env vars: AIRFLOW_CTX_DAG_OWNER='yas' AIRFLOW_CTX_DAG_ID='ml_pipeline_dvc' AIRFLOW_CTX_TASK_ID='train_fraud_detector_dvc' AIRFLOW_CTX_EXECUTION_DATE='2025-08-17T20:39:10.321415+00:00' AIRFLOW_CTX_TRY_NUMBER='1' AIRFLOW_CTX_DAG_RUN_ID='manual__2025-08-17T20:39:10.321415+00:00'
[2025-08-17T20:39:55.297+0000] {taskinstance.py:430} INFO - ::endgroup::
[2025-08-17T20:39:55.323+0000] {subprocess.py:63} INFO - Tmp dir root location: /tmp
[2025-08-17T20:39:55.325+0000] {subprocess.py:75} INFO - Running command: ['/usr/bin/bash', '-c', '\n            git config --global --add safe.directory /opt/***/ml_pipeline\n            cd /opt/***/ml_pipeline\n            dvc pull --force\n            dvc repro train_model\n            dvc push\n        ']
[2025-08-17T20:39:55.344+0000] {subprocess.py:86} INFO - Output:
[2025-08-17T20:40:00.937+0000] {subprocess.py:93} INFO - Everything is up to date.
[2025-08-17T20:40:09.539+0000] {subprocess.py:93} INFO - Stage 'ingest' didn't change, skipping
[2025-08-17T20:40:09.647+0000] {subprocess.py:93} INFO - Stage 'preprocess' didn't change, skipping
[2025-08-17T20:40:09.833+0000] {subprocess.py:93} INFO - Running stage 'train_model':
[2025-08-17T20:40:09.835+0000] {subprocess.py:93} INFO - > python models/train_fraud_detector_task.py
[2025-08-17T20:40:14.791+0000] {subprocess.py:93} INFO - {"asctime": "2025-08-17 20:40:14,743", "levelname": "INFO", "name": "model_training", "trace_id": null, "span_id": null, "message": "MLflow run id: 066bb491d5e946a7a6313c56c64cf44b"}
[2025-08-17T20:40:14.924+0000] {subprocess.py:93} INFO - {"asctime": "2025-08-17 20:40:14,924", "levelname": "INFO", "name": "model_training", "trace_id": null, "span_id": null, "message": "Loading preprocessor from artifacts/preprocess/fraud_pipeline_v20250817_175136.pkl to process raw data"}
[2025-08-17T20:40:14.950+0000] {subprocess.py:93} INFO - {"asctime": "2025-08-17 20:40:14,950", "levelname": "INFO", "name": "model_training", "trace_id": null, "span_id": null, "message": "Preprocessing/transform applied to raw data."}
[2025-08-17T20:40:15.079+0000] {subprocess.py:93} INFO - {"asctime": "2025-08-17 20:40:15,073", "levelname": "INFO", "name": "model_training", "trace_id": null, "span_id": null, "message": "Evaluation metrics: {'accuracy': 0.998, 'f1_score': 0.9655172413793104, 'precision': 1.0, 'recall': 0.9333333333333333, 'auc': 0.9999312714776633}"}
[2025-08-17T20:40:15.713+0000] {subprocess.py:93} INFO - 🏃 View run train_v20250817_175136 at: http://mlflow:5000/#/experiments/2/runs/066bb491d5e946a7a6313c56c64cf44b
[2025-08-17T20:40:15.714+0000] {subprocess.py:93} INFO - 🧪 View experiment at: http://mlflow:5000/#/experiments/2
[2025-08-17T20:40:15.715+0000] {subprocess.py:93} INFO - Traceback (most recent call last):
[2025-08-17T20:40:15.716+0000] {subprocess.py:93} INFO -   File "/opt/***/ml_pipeline/models/train_fraud_detector_task.py", line 241, in <module>
[2025-08-17T20:40:15.718+0000] {subprocess.py:93} INFO -     main()
[2025-08-17T20:40:15.720+0000] {subprocess.py:93} INFO -   File "/opt/***/ml_pipeline/models/train_fraud_detector_task.py", line 152, in main
[2025-08-17T20:40:15.721+0000] {subprocess.py:93} INFO -     rev = subprocess.check_output(["git", "rev-parse", "HEAD"]).decode("utf-8").stripe()
[2025-08-17T20:40:15.722+0000] {subprocess.py:93} INFO -           ^^^^^^^^^^^^^^^^^^^^^^^^^^^^^^^^^^^^^^^^^^^^^^^^^^^^^^^^^^^^^^^^^^^^^^^^^^^^
[2025-08-17T20:40:15.723+0000] {subprocess.py:93} INFO - AttributeError: 'str' object has no attribute 'stripe'. Did you mean: 'strip'?
[2025-08-17T20:40:16.154+0000] {subprocess.py:93} INFO - ERROR: failed to reproduce 'train_model': failed to run: python models/train_fraud_detector_task.py, exited with 1
[2025-08-17T20:40:20.963+0000] {subprocess.py:93} INFO - Everything is up to date.
[2025-08-17T20:40:21.392+0000] {subprocess.py:97} INFO - Command exited with return code 0
[2025-08-17T20:40:21.395+0000] {taskinstance.py:441} INFO - ::group::Post task execution logs
[2025-08-17T20:40:21.436+0000] {taskinstance.py:1206} INFO - Marking task as SUCCESS. dag_id=ml_pipeline_dvc, task_id=train_fraud_detector_dvc, run_id=manual__2025-08-17T20:39:10.321415+00:00, execution_date=20250817T203910, start_date=20250817T203954, end_date=20250817T204021
[2025-08-17T20:40:21.488+0000] {local_task_job_runner.py:240} INFO - Task exited with return code 0
[2025-08-17T20:40:21.511+0000] {taskinstance.py:3498} INFO - 0 downstream tasks scheduled from follow-on schedule check
[2025-08-17T20:40:21.513+0000] {local_task_job_runner.py:222} INFO - ::endgroup::
