[2025-08-14T23:45:50.238+0000] {local_task_job_runner.py:120} INFO - ::group::Pre task execution logs
[2025-08-14T23:45:50.315+0000] {taskinstance.py:2076} INFO - Dependencies all met for dep_context=non-requeueable deps ti=<TaskInstance: ml_pipeline_dvc.preprocess_dvc manual__2025-08-14T23:45:46.667122+00:00 [queued]>
[2025-08-14T23:45:50.337+0000] {taskinstance.py:2076} INFO - Dependencies all met for dep_context=requeueable deps ti=<TaskInstance: ml_pipeline_dvc.preprocess_dvc manual__2025-08-14T23:45:46.667122+00:00 [queued]>
[2025-08-14T23:45:50.339+0000] {taskinstance.py:2306} INFO - Starting attempt 1 of 1
[2025-08-14T23:45:50.387+0000] {taskinstance.py:2330} INFO - Executing <Task(BashOperator): preprocess_dvc> on 2025-08-14 23:45:46.667122+00:00
[2025-08-14T23:45:50.404+0000] {warnings.py:110} WARNING - /home/***/.local/lib/python3.12/site-packages/***/task/task_runner/standard_task_runner.py:61: DeprecationWarning: This process (pid=78) is multi-threaded, use of fork() may lead to deadlocks in the child.
  pid = os.fork()

[2025-08-14T23:45:50.409+0000] {standard_task_runner.py:90} INFO - Running: ['***', 'tasks', 'run', 'ml_pipeline_dvc', 'preprocess_dvc', 'manual__2025-08-14T23:45:46.667122+00:00', '--job-id', '220', '--raw', '--subdir', 'DAGS_FOLDER/train_pipeline_dag.py', '--cfg-path', '/tmp/tmp0i1am4yd']
[2025-08-14T23:45:50.416+0000] {standard_task_runner.py:63} INFO - Started process 86 to run task
[2025-08-14T23:45:50.417+0000] {standard_task_runner.py:91} INFO - Job 220: Subtask preprocess_dvc
[2025-08-14T23:45:50.562+0000] {task_command.py:426} INFO - Running <TaskInstance: ml_pipeline_dvc.preprocess_dvc manual__2025-08-14T23:45:46.667122+00:00 [running]> on host 1640de9a3444
[2025-08-14T23:45:50.842+0000] {taskinstance.py:2648} INFO - Exporting env vars: AIRFLOW_CTX_DAG_OWNER='yas' AIRFLOW_CTX_DAG_ID='ml_pipeline_dvc' AIRFLOW_CTX_TASK_ID='preprocess_dvc' AIRFLOW_CTX_EXECUTION_DATE='2025-08-14T23:45:46.667122+00:00' AIRFLOW_CTX_TRY_NUMBER='1' AIRFLOW_CTX_DAG_RUN_ID='manual__2025-08-14T23:45:46.667122+00:00'
[2025-08-14T23:45:50.844+0000] {taskinstance.py:430} INFO - ::endgroup::
[2025-08-14T23:45:50.944+0000] {subprocess.py:63} INFO - Tmp dir root location: /tmp
[2025-08-14T23:45:50.949+0000] {subprocess.py:75} INFO - Running command: ['/usr/bin/bash', '-c', '\n        cd /opt/***/ml_pipeline\n        dvc pull data/raw.dvc \n        dvc repro preprocess\n        dvc push\n        ']
[2025-08-14T23:45:50.967+0000] {subprocess.py:86} INFO - Output:
[2025-08-14T23:45:56.504+0000] {subprocess.py:93} INFO - Everything is up to date.
[2025-08-14T23:45:59.570+0000] {subprocess.py:93} INFO - 'data/raw.dvc' didn't change, skipping
[2025-08-14T23:45:59.644+0000] {subprocess.py:93} INFO - Running stage 'preprocess':
[2025-08-14T23:45:59.644+0000] {subprocess.py:93} INFO - > python preprocessing/preprocess_task.py
[2025-08-14T23:46:03.550+0000] {subprocess.py:93} INFO - Traceback (most recent call last):
[2025-08-14T23:46:03.551+0000] {subprocess.py:93} INFO -   File "/opt/***/ml_pipeline/preprocessing/preprocess_task.py", line 26, in <module>
[2025-08-14T23:46:03.552+0000] {subprocess.py:93} INFO -     with open("version_meta.json", 'r') as f:
[2025-08-14T23:46:03.553+0000] {subprocess.py:93} INFO -          ^^^^^^^^^^^^^^^^^^^^^^^^^^^^^^
[2025-08-14T23:46:03.554+0000] {subprocess.py:93} INFO - FileNotFoundError: [Errno 2] No such file or directory: 'version_meta.json'
[2025-08-14T23:46:03.872+0000] {subprocess.py:93} INFO - ERROR: failed to reproduce 'preprocess': failed to run: python preprocessing/preprocess_task.py, exited with 1
[2025-08-14T23:46:06.837+0000] {subprocess.py:93} INFO - Everything is up to date.
[2025-08-14T23:46:07.080+0000] {subprocess.py:97} INFO - Command exited with return code 0
[2025-08-14T23:46:07.084+0000] {taskinstance.py:441} INFO - ::group::Post task execution logs
[2025-08-14T23:46:07.119+0000] {taskinstance.py:1206} INFO - Marking task as SUCCESS. dag_id=ml_pipeline_dvc, task_id=preprocess_dvc, run_id=manual__2025-08-14T23:45:46.667122+00:00, execution_date=20250814T234546, start_date=20250814T234550, end_date=20250814T234607
[2025-08-14T23:46:07.178+0000] {local_task_job_runner.py:240} INFO - Task exited with return code 0
[2025-08-14T23:46:07.198+0000] {taskinstance.py:3498} INFO - 0 downstream tasks scheduled from follow-on schedule check
[2025-08-14T23:46:07.200+0000] {local_task_job_runner.py:222} INFO - ::endgroup::
