[2025-08-17T21:49:54.797+0000] {local_task_job_runner.py:120} INFO - ::group::Pre task execution logs
[2025-08-17T21:49:54.839+0000] {taskinstance.py:2076} INFO - Dependencies all met for dep_context=non-requeueable deps ti=<TaskInstance: ml_pipeline_dvc.train_fraud_detector_dvc manual__2025-08-17T21:48:59.326329+00:00 [queued]>
[2025-08-17T21:49:54.853+0000] {taskinstance.py:2076} INFO - Dependencies all met for dep_context=requeueable deps ti=<TaskInstance: ml_pipeline_dvc.train_fraud_detector_dvc manual__2025-08-17T21:48:59.326329+00:00 [queued]>
[2025-08-17T21:49:54.854+0000] {taskinstance.py:2306} INFO - Starting attempt 1 of 1
[2025-08-17T21:49:54.878+0000] {taskinstance.py:2330} INFO - Executing <Task(BashOperator): train_fraud_detector_dvc> on 2025-08-17 21:48:59.326329+00:00
[2025-08-17T21:49:54.886+0000] {warnings.py:110} WARNING - /home/***/.local/lib/python3.12/site-packages/***/task/task_runner/standard_task_runner.py:61: DeprecationWarning: This process (pid=9519) is multi-threaded, use of fork() may lead to deadlocks in the child.
  pid = os.fork()

[2025-08-17T21:49:54.890+0000] {standard_task_runner.py:63} INFO - Started process 9520 to run task
[2025-08-17T21:49:54.889+0000] {standard_task_runner.py:90} INFO - Running: ['***', 'tasks', 'run', 'ml_pipeline_dvc', 'train_fraud_detector_dvc', 'manual__2025-08-17T21:48:59.326329+00:00', '--job-id', '375', '--raw', '--subdir', 'DAGS_FOLDER/train_pipeline_dag.py', '--cfg-path', '/tmp/tmphcdyc8in']
[2025-08-17T21:49:54.892+0000] {standard_task_runner.py:91} INFO - Job 375: Subtask train_fraud_detector_dvc
[2025-08-17T21:49:54.980+0000] {task_command.py:426} INFO - Running <TaskInstance: ml_pipeline_dvc.train_fraud_detector_dvc manual__2025-08-17T21:48:59.326329+00:00 [running]> on host bea494a05fb4
[2025-08-17T21:49:55.151+0000] {taskinstance.py:2648} INFO - Exporting env vars: AIRFLOW_CTX_DAG_OWNER='yas' AIRFLOW_CTX_DAG_ID='ml_pipeline_dvc' AIRFLOW_CTX_TASK_ID='train_fraud_detector_dvc' AIRFLOW_CTX_EXECUTION_DATE='2025-08-17T21:48:59.326329+00:00' AIRFLOW_CTX_TRY_NUMBER='1' AIRFLOW_CTX_DAG_RUN_ID='manual__2025-08-17T21:48:59.326329+00:00'
[2025-08-17T21:49:55.152+0000] {taskinstance.py:430} INFO - ::endgroup::
[2025-08-17T21:49:55.179+0000] {subprocess.py:63} INFO - Tmp dir root location: /tmp
[2025-08-17T21:49:55.181+0000] {subprocess.py:75} INFO - Running command: ['/usr/bin/bash', '-c', '\n            git config --global --add safe.directory /opt/***/ml_pipeline\n            cd /opt/***/ml_pipeline\n            dvc pull --force\n            dvc repro train_model\n            dvc push\n        ']
[2025-08-17T21:49:55.196+0000] {subprocess.py:86} INFO - Output:
[2025-08-17T21:49:59.353+0000] {subprocess.py:93} INFO - Everything is up to date.
[2025-08-17T21:50:03.897+0000] {subprocess.py:93} INFO - Stage 'ingest' didn't change, skipping
[2025-08-17T21:50:03.937+0000] {subprocess.py:93} INFO - Stage 'preprocess' didn't change, skipping
[2025-08-17T21:50:04.011+0000] {subprocess.py:93} INFO - Running stage 'train_model':
[2025-08-17T21:50:04.012+0000] {subprocess.py:93} INFO - > python models/train_fraud_detector_task.py
[2025-08-17T21:50:12.760+0000] {subprocess.py:93} INFO - {"asctime": "2025-08-17 21:50:12,654", "levelname": "INFO", "name": "model_training", "trace_id": null, "span_id": null, "message": "MLflow run id: c6b932184eda4834844ec3b31a9f6c44"}
[2025-08-17T21:50:19.627+0000] {subprocess.py:93} INFO - ERROR: '/opt/***/ml_pipeline/artifacts/models/fraud' is busy, it is being blocked by:
[2025-08-17T21:50:19.631+0000] {subprocess.py:93} INFO -   (PID 9547): /home/***/.local/bin/dvc repro train_model
[2025-08-17T21:50:19.634+0000] {subprocess.py:93} INFO - 
[2025-08-17T21:50:19.636+0000] {subprocess.py:93} INFO - If there are no processes with such PIDs, you can manually remove '/opt/***/ml_pipeline/.dvc/tmp/rwlock' and try again.
[2025-08-17T21:50:20.214+0000] {subprocess.py:93} INFO - 🏃 View run train_v20250817_175136 at: http://mlflow:5000/#/experiments/2/runs/c6b932184eda4834844ec3b31a9f6c44
[2025-08-17T21:50:20.216+0000] {subprocess.py:93} INFO - 🧪 View experiment at: http://mlflow:5000/#/experiments/2
[2025-08-17T21:50:20.222+0000] {subprocess.py:93} INFO - Traceback (most recent call last):
[2025-08-17T21:50:20.227+0000] {subprocess.py:93} INFO -   File "/opt/***/ml_pipeline/models/train_fraud_detector_task.py", line 243, in <module>
[2025-08-17T21:50:20.231+0000] {subprocess.py:93} INFO -     main()
[2025-08-17T21:50:20.235+0000] {subprocess.py:93} INFO -   File "/opt/***/ml_pipeline/models/train_fraud_detector_task.py", line 120, in main
[2025-08-17T21:50:20.238+0000] {subprocess.py:93} INFO -     dvc_hash = subprocess.check_output(
[2025-08-17T21:50:20.240+0000] {subprocess.py:93} INFO -                ^^^^^^^^^^^^^^^^^^^^^^^^
[2025-08-17T21:50:20.243+0000] {subprocess.py:93} INFO -   File "/usr/local/lib/python3.12/subprocess.py", line 466, in check_output
[2025-08-17T21:50:20.246+0000] {subprocess.py:93} INFO -     return run(*popenargs, stdout=PIPE, timeout=timeout, check=True,
[2025-08-17T21:50:20.248+0000] {subprocess.py:93} INFO -            ^^^^^^^^^^^^^^^^^^^^^^^^^^^^^^^^^^^^^^^^^^^^^^^^^^^^^^^^^
[2025-08-17T21:50:20.251+0000] {subprocess.py:93} INFO -   File "/usr/local/lib/python3.12/subprocess.py", line 571, in run
[2025-08-17T21:50:20.253+0000] {subprocess.py:93} INFO -     raise CalledProcessError(retcode, process.args,
[2025-08-17T21:50:20.255+0000] {subprocess.py:93} INFO - subprocess.CalledProcessError: Command '['dvc', 'status', '--json']' returned non-zero exit status 1.
[2025-08-17T21:50:21.006+0000] {subprocess.py:93} INFO - ERROR: failed to reproduce 'train_model': failed to run: python models/train_fraud_detector_task.py, exited with 1
[2025-08-17T21:50:26.993+0000] {subprocess.py:93} INFO - Everything is up to date.
[2025-08-17T21:50:27.434+0000] {subprocess.py:97} INFO - Command exited with return code 0
[2025-08-17T21:50:27.437+0000] {taskinstance.py:441} INFO - ::group::Post task execution logs
[2025-08-17T21:50:27.508+0000] {taskinstance.py:1206} INFO - Marking task as SUCCESS. dag_id=ml_pipeline_dvc, task_id=train_fraud_detector_dvc, run_id=manual__2025-08-17T21:48:59.326329+00:00, execution_date=20250817T214859, start_date=20250817T214954, end_date=20250817T215027
[2025-08-17T21:50:27.562+0000] {local_task_job_runner.py:240} INFO - Task exited with return code 0
[2025-08-17T21:50:27.600+0000] {taskinstance.py:3498} INFO - 0 downstream tasks scheduled from follow-on schedule check
[2025-08-17T21:50:27.603+0000] {local_task_job_runner.py:222} INFO - ::endgroup::
