[2025-08-06T23:33:35.955+0000] {local_task_job_runner.py:120} INFO - ::group::Pre task execution logs
[2025-08-06T23:33:35.986+0000] {taskinstance.py:2076} INFO - Dependencies all met for dep_context=non-requeueable deps ti=<TaskInstance: ml_pipeline_dvc.train_dvc manual__2025-08-06T23:28:04.600056+00:00 [queued]>
[2025-08-06T23:33:35.998+0000] {taskinstance.py:2076} INFO - Dependencies all met for dep_context=requeueable deps ti=<TaskInstance: ml_pipeline_dvc.train_dvc manual__2025-08-06T23:28:04.600056+00:00 [queued]>
[2025-08-06T23:33:35.998+0000] {taskinstance.py:2306} INFO - Starting attempt 2 of 2
[2025-08-06T23:33:36.018+0000] {taskinstance.py:2330} INFO - Executing <Task(BashOperator): train_dvc> on 2025-08-06 23:28:04.600056+00:00
[2025-08-06T23:33:36.027+0000] {warnings.py:110} WARNING - /home/***/.local/lib/python3.12/site-packages/***/task/task_runner/standard_task_runner.py:61: DeprecationWarning: This process (pid=767) is multi-threaded, use of fork() may lead to deadlocks in the child.
  pid = os.fork()

[2025-08-06T23:33:36.029+0000] {standard_task_runner.py:90} INFO - Running: ['***', 'tasks', 'run', 'ml_pipeline_dvc', 'train_dvc', 'manual__2025-08-06T23:28:04.600056+00:00', '--job-id', '6', '--raw', '--subdir', 'DAGS_FOLDER/ml_pipeline_dag_2.py', '--cfg-path', '/tmp/tmpxbkbo0xp']
[2025-08-06T23:33:36.031+0000] {standard_task_runner.py:63} INFO - Started process 768 to run task
[2025-08-06T23:33:36.031+0000] {standard_task_runner.py:91} INFO - Job 6: Subtask train_dvc
[2025-08-06T23:33:36.095+0000] {task_command.py:426} INFO - Running <TaskInstance: ml_pipeline_dvc.train_dvc manual__2025-08-06T23:28:04.600056+00:00 [running]> on host 875a2765ee06
[2025-08-06T23:33:36.205+0000] {taskinstance.py:2648} INFO - Exporting env vars: AIRFLOW_CTX_DAG_OWNER='yas' AIRFLOW_CTX_DAG_ID='ml_pipeline_dvc' AIRFLOW_CTX_TASK_ID='train_dvc' AIRFLOW_CTX_EXECUTION_DATE='2025-08-06T23:28:04.600056+00:00' AIRFLOW_CTX_TRY_NUMBER='2' AIRFLOW_CTX_DAG_RUN_ID='manual__2025-08-06T23:28:04.600056+00:00'
[2025-08-06T23:33:36.206+0000] {taskinstance.py:430} INFO - ::endgroup::
[2025-08-06T23:33:36.223+0000] {subprocess.py:63} INFO - Tmp dir root location: /tmp
[2025-08-06T23:33:36.224+0000] {subprocess.py:75} INFO - Running command: ['/usr/bin/bash', '-c', 'cd /opt/***/ml_pipeline && dvc repro train']
[2025-08-06T23:33:36.235+0000] {subprocess.py:86} INFO - Output:
[2025-08-06T23:33:38.301+0000] {subprocess.py:93} INFO - Running stage 'preprocess':
[2025-08-06T23:33:38.302+0000] {subprocess.py:93} INFO - > python preprocessing/preprocess_task.py
[2025-08-06T23:33:40.222+0000] {subprocess.py:93} INFO - {"asctime": "2025-08-06 23:33:40,222", "levelname": "INFO", "message": "\u2705 Saved pipeline: artifacts/preprocess/pipeline_v20250801_144307.pkl"}
[2025-08-06T23:33:40.223+0000] {subprocess.py:93} INFO - {"asctime": "2025-08-06 23:33:40,222", "levelname": "INFO", "message": "\ud83d\udcc4 Saved metadata: artifacts/preprocess/preprocess_metadata_v20250801_144307.json"}
[2025-08-06T23:33:40.223+0000] {subprocess.py:93} INFO - {"asctime": "2025-08-06 23:33:40,222", "levelname": "INFO", "message": "\ud83d\udce6 Updated version_meta.json"}
[2025-08-06T23:33:40.541+0000] {subprocess.py:93} INFO - Updating lock file 'dvc.lock'
[2025-08-06T23:33:40.554+0000] {subprocess.py:93} INFO - 
[2025-08-06T23:33:40.645+0000] {subprocess.py:93} INFO - Running stage 'train':
[2025-08-06T23:33:40.646+0000] {subprocess.py:93} INFO - > python train/train_task.py
[2025-08-06T23:33:44.195+0000] {subprocess.py:93} INFO - INFO:__main__:Outlier detector saved to artifacts/models/outlier_detector_v20250801_144307.pkl
[2025-08-06T23:33:44.208+0000] {subprocess.py:93} INFO - /home/***/.local/lib/python3.12/site-packages/sklearn/metrics/_ranking.py:1201: UndefinedMetricWarning: No positive samples in y_true, true positive value should be meaningless
[2025-08-06T23:33:44.209+0000] {subprocess.py:93} INFO -   warnings.warn(
[2025-08-06T23:33:44.231+0000] {subprocess.py:93} INFO - INFO:__main__:📄 Training metadata saved to artifacts/train/train_metadata_v20250801_144307.json
[2025-08-06T23:33:44.232+0000] {subprocess.py:93} INFO - INFO:__main__:📦 Updated version_meta.json
[2025-08-06T23:33:44.371+0000] {subprocess.py:93} INFO - WARNING:urllib3.connectionpool:Retrying (Retry(total=6, connect=6, read=7, redirect=7, status=7)) after connection broken by 'NameResolutionError("<urllib3.connection.HTTPConnection object at 0x7f1a7774cef0>: Failed to resolve 'mlflow' ([Errno -2] Name or service not known)")': /api/2.0/mlflow/experiments/get-by-name?experiment_name=FraudDetectionModel
[2025-08-06T23:33:49.254+0000] {subprocess.py:93} INFO - WARNING:urllib3.connectionpool:Retrying (Retry(total=5, connect=5, read=7, redirect=7, status=7)) after connection broken by 'NameResolutionError("<urllib3.connection.HTTPConnection object at 0x7f1a777a3f80>: Failed to resolve 'mlflow' ([Errno -2] Name or service not known)")': /api/2.0/mlflow/experiments/get-by-name?experiment_name=FraudDetectionModel
[2025-08-06T23:33:58.002+0000] {subprocess.py:93} INFO - WARNING:urllib3.connectionpool:Retrying (Retry(total=4, connect=4, read=7, redirect=7, status=7)) after connection broken by 'NameResolutionError("<urllib3.connection.HTTPConnection object at 0x7f1a7771d6d0>: Failed to resolve 'mlflow' ([Errno -2] Name or service not known)")': /api/2.0/mlflow/experiments/get-by-name?experiment_name=FraudDetectionModel
[2025-08-06T23:34:14.300+0000] {subprocess.py:93} INFO - WARNING:urllib3.connectionpool:Retrying (Retry(total=3, connect=3, read=7, redirect=7, status=7)) after connection broken by 'NameResolutionError("<urllib3.connection.HTTPConnection object at 0x7f1a77b5c470>: Failed to resolve 'mlflow' ([Errno -2] Name or service not known)")': /api/2.0/mlflow/experiments/get-by-name?experiment_name=FraudDetectionModel
[2025-08-06T23:34:46.660+0000] {subprocess.py:93} INFO - WARNING:urllib3.connectionpool:Retrying (Retry(total=2, connect=2, read=7, redirect=7, status=7)) after connection broken by 'NameResolutionError("<urllib3.connection.HTTPConnection object at 0x7f1a77b5dd60>: Failed to resolve 'mlflow' ([Errno -2] Name or service not known)")': /api/2.0/mlflow/experiments/get-by-name?experiment_name=FraudDetectionModel
[2025-08-06T23:35:50.950+0000] {subprocess.py:93} INFO - WARNING:urllib3.connectionpool:Retrying (Retry(total=1, connect=1, read=7, redirect=7, status=7)) after connection broken by 'NameResolutionError("<urllib3.connection.HTTPConnection object at 0x7f1a774cb080>: Failed to resolve 'mlflow' ([Errno -2] Name or service not known)")': /api/2.0/mlflow/experiments/get-by-name?experiment_name=FraudDetectionModel
[2025-08-06T23:37:50.951+0000] {subprocess.py:93} INFO - WARNING:urllib3.connectionpool:Retrying (Retry(total=0, connect=0, read=7, redirect=7, status=7)) after connection broken by 'NewConnectionError('<urllib3.connection.HTTPConnection object at 0x7f1a774ca5a0>: Failed to establish a new connection: [Errno 111] Connection refused')': /api/2.0/mlflow/experiments/get-by-name?experiment_name=FraudDetectionModel
[2025-08-06T23:37:50.970+0000] {subprocess.py:93} INFO - 2025/08/06 23:37:50 INFO mlflow.tracking.fluent: Experiment with name 'FraudDetectionModel' does not exist. Creating a new experiment.
[2025-08-06T23:37:51.196+0000] {subprocess.py:93} INFO - INFO:__main__:📄 Starting MLflow run for FraudDetectionModel
[2025-08-06T23:37:51.484+0000] {subprocess.py:93} INFO - 2025/08/06 23:37:51 WARNING mlflow.utils.git_utils: Failed to import Git (the Git executable is probably not on your PATH), so Git SHA is not available. Error: Failed to initialize: Bad git executable.
[2025-08-06T23:37:51.491+0000] {subprocess.py:93} INFO - The git executable must be specified in one of the following ways:
[2025-08-06T23:37:51.492+0000] {subprocess.py:93} INFO -     - be included in your $PATH
[2025-08-06T23:37:51.494+0000] {subprocess.py:93} INFO -     - be set via $GIT_PYTHON_GIT_EXECUTABLE
[2025-08-06T23:37:51.495+0000] {subprocess.py:93} INFO -     - explicitly set via git.refresh(<full-path-to-git-executable>)
[2025-08-06T23:37:51.496+0000] {subprocess.py:93} INFO - 
[2025-08-06T23:37:51.497+0000] {subprocess.py:93} INFO - All git commands will error until this is rectified.
[2025-08-06T23:37:51.499+0000] {subprocess.py:93} INFO - 
[2025-08-06T23:37:51.500+0000] {subprocess.py:93} INFO - This initial message can be silenced or aggravated in the future by setting the
[2025-08-06T23:37:51.501+0000] {subprocess.py:93} INFO - $GIT_PYTHON_REFRESH environment variable. Use one of the following values:
[2025-08-06T23:37:51.502+0000] {subprocess.py:93} INFO -     - quiet|q|silence|s|silent|none|n|0: for no message or exception
[2025-08-06T23:37:51.504+0000] {subprocess.py:93} INFO -     - warn|w|warning|log|l|1: for a warning message (logging level CRITICAL, displayed by default)
[2025-08-06T23:37:51.505+0000] {subprocess.py:93} INFO -     - error|e|exception|raise|r|2: for a raised exception
[2025-08-06T23:37:51.507+0000] {subprocess.py:93} INFO - 
[2025-08-06T23:37:51.508+0000] {subprocess.py:93} INFO - Example:
[2025-08-06T23:37:51.510+0000] {subprocess.py:93} INFO -     export GIT_PYTHON_REFRESH=quiet
[2025-08-06T23:37:51.511+0000] {subprocess.py:93} INFO - 
[2025-08-06T23:37:51.576+0000] {subprocess.py:93} INFO - INFO:__main__:📄 MLflow run_id: 6204db991cb84806bb1d861641baf289
[2025-08-06T23:37:51.588+0000] {subprocess.py:93} INFO - 2025/08/06 23:37:51 WARNING mlflow.models.model: `artifact_path` is deprecated. Please use `name` instead.
[2025-08-06T23:37:59.768+0000] {subprocess.py:93} INFO - [31m2025/08/06 23:37:59 WARNING mlflow.models.model: Model logged without a signature and input example. Please set `input_example` parameter when logging the model to auto infer the model signature.[0m
[2025-08-06T23:37:59.999+0000] {subprocess.py:93} INFO - INFO:botocore.credentials:Found credentials in environment variables.
[2025-08-06T23:38:00.652+0000] {subprocess.py:93} INFO - INFO:__main__:✅ Model logged
[2025-08-06T23:38:01.046+0000] {subprocess.py:93} INFO - INFO:__main__:✅ Metrics and artifacts logged
[2025-08-06T23:38:01.219+0000] {subprocess.py:93} INFO - Successfully registered model 'FraudDetectionModel'.
[2025-08-06T23:38:01.310+0000] {subprocess.py:93} INFO - 2025/08/06 23:38:01 WARNING mlflow.tracking._model_registry.fluent: Run with id 6204db991cb84806bb1d861641baf289 has no artifacts at artifact path 'model', registering model based on models:/m-19e8008cfb624d188d4dd7a6b61d3405 instead
[2025-08-06T23:38:01.473+0000] {subprocess.py:93} INFO - 2025/08/06 23:38:01 INFO mlflow.store.model_registry.abstract_store: Waiting up to 300 seconds for model version to finish creation. Model name: FraudDetectionModel, version 1
[2025-08-06T23:38:01.476+0000] {subprocess.py:93} INFO - Created version '1' of model 'FraudDetectionModel'.
[2025-08-06T23:38:01.518+0000] {subprocess.py:93} INFO - INFO:__main__:📦 Model registered as 'FraudDetectionModel', version 1
[2025-08-06T23:38:01.557+0000] {subprocess.py:93} INFO - /opt/***/ml_pipeline/train/train_task.py:152: FutureWarning: ``mlflow.tracking.client.MlflowClient.transition_model_version_stage`` is deprecated since 2.9.0. Model registry stages will be removed in a future major release. To learn more about the deprecation of model registry stages, see our migration guide here: https://mlflow.org/docs/latest/model-registry.html#migrating-from-stages
[2025-08-06T23:38:01.558+0000] {subprocess.py:93} INFO -   client.transition_model_version_stage(
[2025-08-06T23:38:01.638+0000] {subprocess.py:93} INFO - INFO:__main__:🚀 Model version 1 transitioned to 'Production'
[2025-08-06T23:38:01.639+0000] {subprocess.py:93} INFO - INFO:__main__:✅ Model registration and promotion complete.
[2025-08-06T23:38:01.640+0000] {subprocess.py:93} INFO - INFO:__main__:✅ Model trained and saved to artifacts/models/model_v20250801_144307.pkl
[2025-08-06T23:38:01.642+0000] {subprocess.py:93} INFO - INFO:__main__:✅ Model pipeline for FraudDetectionModel registered with MLFlow
[2025-08-06T23:38:01.643+0000] {subprocess.py:93} INFO - 🏃 View run clean-bass-141 at: http://mlflow:5000/#/experiments/1/runs/6204db991cb84806bb1d861641baf289
[2025-08-06T23:38:01.644+0000] {subprocess.py:93} INFO - 🧪 View experiment at: http://mlflow:5000/#/experiments/1
[2025-08-06T23:38:02.379+0000] {subprocess.py:93} INFO - Updating lock file 'dvc.lock'
[2025-08-06T23:38:02.392+0000] {subprocess.py:93} INFO - 
[2025-08-06T23:38:02.393+0000] {subprocess.py:93} INFO - To track the changes with git, run:
[2025-08-06T23:38:02.394+0000] {subprocess.py:93} INFO - 
[2025-08-06T23:38:02.395+0000] {subprocess.py:93} INFO - 	git add dvc.lock
[2025-08-06T23:38:02.396+0000] {subprocess.py:93} INFO - 
[2025-08-06T23:38:02.397+0000] {subprocess.py:93} INFO - To enable auto staging, run:
[2025-08-06T23:38:02.397+0000] {subprocess.py:93} INFO - 
[2025-08-06T23:38:02.398+0000] {subprocess.py:93} INFO - 	dvc config core.autostage true
[2025-08-06T23:38:02.399+0000] {subprocess.py:93} INFO - Use `dvc push` to send your updates to remote storage.
[2025-08-06T23:38:02.791+0000] {subprocess.py:97} INFO - Command exited with return code 0
[2025-08-06T23:38:02.793+0000] {taskinstance.py:441} INFO - ::group::Post task execution logs
[2025-08-06T23:38:02.831+0000] {taskinstance.py:1206} INFO - Marking task as SUCCESS. dag_id=ml_pipeline_dvc, task_id=train_dvc, run_id=manual__2025-08-06T23:28:04.600056+00:00, execution_date=20250806T232804, start_date=20250806T233335, end_date=20250806T233802
[2025-08-06T23:38:02.867+0000] {local_task_job_runner.py:240} INFO - Task exited with return code 0
[2025-08-06T23:38:02.892+0000] {taskinstance.py:3498} INFO - 0 downstream tasks scheduled from follow-on schedule check
[2025-08-06T23:38:02.901+0000] {local_task_job_runner.py:222} INFO - ::endgroup::
