[2025-08-20T17:01:50.720+0000] {local_task_job_runner.py:120} INFO - ::group::Pre task execution logs
[2025-08-20T17:01:50.803+0000] {taskinstance.py:2076} INFO - Dependencies all met for dep_context=non-requeueable deps ti=<TaskInstance: ml_pipeline_dvc.ingest_dvc manual__2025-08-20T17:01:44.656788+00:00 [queued]>
[2025-08-20T17:01:50.825+0000] {taskinstance.py:2076} INFO - Dependencies all met for dep_context=requeueable deps ti=<TaskInstance: ml_pipeline_dvc.ingest_dvc manual__2025-08-20T17:01:44.656788+00:00 [queued]>
[2025-08-20T17:01:50.827+0000] {taskinstance.py:2306} INFO - Starting attempt 1 of 1
[2025-08-20T17:01:50.870+0000] {taskinstance.py:2330} INFO - Executing <Task(BashOperator): ingest_dvc> on 2025-08-20 17:01:44.656788+00:00
[2025-08-20T17:01:50.885+0000] {warnings.py:110} WARNING - /home/***/.local/lib/python3.12/site-packages/***/task/task_runner/standard_task_runner.py:61: DeprecationWarning: This process (pid=557) is multi-threaded, use of fork() may lead to deadlocks in the child.
  pid = os.fork()

[2025-08-20T17:01:50.889+0000] {standard_task_runner.py:63} INFO - Started process 558 to run task
[2025-08-20T17:01:50.889+0000] {standard_task_runner.py:90} INFO - Running: ['***', 'tasks', 'run', 'ml_pipeline_dvc', 'ingest_dvc', 'manual__2025-08-20T17:01:44.656788+00:00', '--job-id', '5', '--raw', '--subdir', 'DAGS_FOLDER/dvc_dag.py', '--cfg-path', '/tmp/tmpk6brqln9']
[2025-08-20T17:01:50.892+0000] {standard_task_runner.py:91} INFO - Job 5: Subtask ingest_dvc
[2025-08-20T17:01:50.990+0000] {task_command.py:426} INFO - Running <TaskInstance: ml_pipeline_dvc.ingest_dvc manual__2025-08-20T17:01:44.656788+00:00 [running]> on host d741d36e6db0
[2025-08-20T17:01:51.184+0000] {taskinstance.py:2648} INFO - Exporting env vars: AIRFLOW_CTX_DAG_OWNER='yas' AIRFLOW_CTX_DAG_ID='ml_pipeline_dvc' AIRFLOW_CTX_TASK_ID='ingest_dvc' AIRFLOW_CTX_EXECUTION_DATE='2025-08-20T17:01:44.656788+00:00' AIRFLOW_CTX_TRY_NUMBER='1' AIRFLOW_CTX_DAG_RUN_ID='manual__2025-08-20T17:01:44.656788+00:00'
[2025-08-20T17:01:51.187+0000] {taskinstance.py:430} INFO - ::endgroup::
[2025-08-20T17:01:51.259+0000] {subprocess.py:63} INFO - Tmp dir root location: /tmp
[2025-08-20T17:01:51.263+0000] {subprocess.py:75} INFO - Running command: ['/usr/bin/bash', '-c', '\n            cd /opt/***/ml_pipeline \n            dvc repro ingest\n            dvc push\n        ']
[2025-08-20T17:01:51.288+0000] {subprocess.py:86} INFO - Output:
[2025-08-20T17:01:55.107+0000] {subprocess.py:93} INFO - Stage 'ingest' didn't change, skipping
[2025-08-20T17:01:55.113+0000] {subprocess.py:93} INFO - Data and pipelines are up to date.
[2025-08-20T17:02:00.230+0000] {subprocess.py:93} INFO - 12 files pushed
[2025-08-20T17:02:01.328+0000] {subprocess.py:97} INFO - Command exited with return code 0
[2025-08-20T17:02:01.350+0000] {taskinstance.py:441} INFO - ::group::Post task execution logs
[2025-08-20T17:02:01.418+0000] {taskinstance.py:1206} INFO - Marking task as SUCCESS. dag_id=ml_pipeline_dvc, task_id=ingest_dvc, run_id=manual__2025-08-20T17:01:44.656788+00:00, execution_date=20250820T170144, start_date=20250820T170150, end_date=20250820T170201
[2025-08-20T17:02:01.507+0000] {local_task_job_runner.py:240} INFO - Task exited with return code 0
[2025-08-20T17:02:01.658+0000] {taskinstance.py:3498} INFO - 1 downstream tasks scheduled from follow-on schedule check
[2025-08-20T17:02:01.664+0000] {local_task_job_runner.py:222} INFO - ::endgroup::
