[2025-08-12T16:54:15.968+0000] {local_task_job_runner.py:120} INFO - ::group::Pre task execution logs
[2025-08-12T16:54:16.016+0000] {taskinstance.py:2076} INFO - Dependencies all met for dep_context=non-requeueable deps ti=<TaskInstance: ml_pipeline_dvc.setup_dvc_remote manual__2025-08-12T16:48:47.762466+00:00 [queued]>
[2025-08-12T16:54:16.030+0000] {taskinstance.py:2076} INFO - Dependencies all met for dep_context=requeueable deps ti=<TaskInstance: ml_pipeline_dvc.setup_dvc_remote manual__2025-08-12T16:48:47.762466+00:00 [queued]>
[2025-08-12T16:54:16.032+0000] {taskinstance.py:2306} INFO - Starting attempt 2 of 2
[2025-08-12T16:54:16.057+0000] {taskinstance.py:2330} INFO - Executing <Task(BashOperator): setup_dvc_remote> on 2025-08-12 16:48:47.762466+00:00
[2025-08-12T16:54:16.071+0000] {warnings.py:110} WARNING - /home/***/.local/lib/python3.12/site-packages/***/task/task_runner/standard_task_runner.py:61: DeprecationWarning: This process (pid=1402) is multi-threaded, use of fork() may lead to deadlocks in the child.
  pid = os.fork()

[2025-08-12T16:54:16.076+0000] {standard_task_runner.py:63} INFO - Started process 1403 to run task
[2025-08-12T16:54:16.074+0000] {standard_task_runner.py:90} INFO - Running: ['***', 'tasks', 'run', 'ml_pipeline_dvc', 'setup_dvc_remote', 'manual__2025-08-12T16:48:47.762466+00:00', '--job-id', '131', '--raw', '--subdir', 'DAGS_FOLDER/train_pipeline_dag.py', '--cfg-path', '/tmp/tmpwiyxqtct']
[2025-08-12T16:54:16.077+0000] {standard_task_runner.py:91} INFO - Job 131: Subtask setup_dvc_remote
[2025-08-12T16:54:16.163+0000] {task_command.py:426} INFO - Running <TaskInstance: ml_pipeline_dvc.setup_dvc_remote manual__2025-08-12T16:48:47.762466+00:00 [running]> on host 08abdf02b345
[2025-08-12T16:54:16.286+0000] {taskinstance.py:2648} INFO - Exporting env vars: AIRFLOW_CTX_DAG_OWNER='yas' AIRFLOW_CTX_DAG_ID='ml_pipeline_dvc' AIRFLOW_CTX_TASK_ID='setup_dvc_remote' AIRFLOW_CTX_EXECUTION_DATE='2025-08-12T16:48:47.762466+00:00' AIRFLOW_CTX_TRY_NUMBER='2' AIRFLOW_CTX_DAG_RUN_ID='manual__2025-08-12T16:48:47.762466+00:00'
[2025-08-12T16:54:16.288+0000] {taskinstance.py:430} INFO - ::endgroup::
[2025-08-12T16:54:16.314+0000] {subprocess.py:63} INFO - Tmp dir root location: /tmp
[2025-08-12T16:54:16.315+0000] {subprocess.py:75} INFO - Running command: ['/usr/bin/bash', '-c', '\n        cd /opt/***/ml_pipeline\n        dvc remote remove minio || true\n        dvc remote add -d minio s3://mlflow-artifacts\n        dvc remote modify minio endpointurl http://minio:9000\n        dvc remote modify --local access_key_id minioadmin\n        dvc remote modify --local secret_access_key minioadmin\n        dvc remote modify minio use_ssl false\n        dvc remote default minio\n        dvc push\n        dvc repro preprocess\n        ']
[2025-08-12T16:54:16.330+0000] {subprocess.py:86} INFO - Output:
[2025-08-12T16:54:19.544+0000] {subprocess.py:93} INFO - Setting 'minio' as a default remote.
[2025-08-12T16:54:22.792+0000] {subprocess.py:93} INFO - ERROR: configuration error - config file error: remote 'access_key_id' doesn't exist.
[2025-08-12T16:54:24.161+0000] {subprocess.py:93} INFO - ERROR: configuration error - config file error: remote 'secret_access_key' doesn't exist.
[2025-08-12T16:54:30.734+0000] {subprocess.py:93} INFO - Everything is up to date.
[2025-08-12T16:54:36.030+0000] {subprocess.py:93} INFO - ERROR: failed to reproduce 'preprocess': Forbidden: An error occurred (403) when calling the HeadObject operation: Forbidden
[2025-08-12T16:54:36.509+0000] {subprocess.py:97} INFO - Command exited with return code 255
[2025-08-12T16:54:36.511+0000] {taskinstance.py:441} INFO - ::group::Post task execution logs
[2025-08-12T16:54:36.528+0000] {taskinstance.py:2905} ERROR - Task failed with exception
Traceback (most recent call last):
  File "/home/airflow/.local/lib/python3.12/site-packages/airflow/models/taskinstance.py", line 465, in _execute_task
    result = _execute_callable(context=context, **execute_callable_kwargs)
             ^^^^^^^^^^^^^^^^^^^^^^^^^^^^^^^^^^^^^^^^^^^^^^^^^^^^^^^^^^^^^
  File "/home/airflow/.local/lib/python3.12/site-packages/airflow/models/taskinstance.py", line 432, in _execute_callable
    return execute_callable(context=context, **execute_callable_kwargs)
           ^^^^^^^^^^^^^^^^^^^^^^^^^^^^^^^^^^^^^^^^^^^^^^^^^^^^^^^^^^^^
  File "/home/airflow/.local/lib/python3.12/site-packages/airflow/models/baseoperator.py", line 400, in wrapper
    return func(self, *args, **kwargs)
           ^^^^^^^^^^^^^^^^^^^^^^^^^^^
  File "/home/airflow/.local/lib/python3.12/site-packages/airflow/operators/bash.py", line 243, in execute
    raise AirflowException(
airflow.exceptions.AirflowException: Bash command failed. The command returned a non-zero exit code 255.
[2025-08-12T16:54:36.538+0000] {taskinstance.py:1206} INFO - Marking task as FAILED. dag_id=ml_pipeline_dvc, task_id=setup_dvc_remote, run_id=manual__2025-08-12T16:48:47.762466+00:00, execution_date=20250812T164847, start_date=20250812T165416, end_date=20250812T165436
[2025-08-12T16:54:36.560+0000] {standard_task_runner.py:110} ERROR - Failed to execute job 131 for task setup_dvc_remote (Bash command failed. The command returned a non-zero exit code 255.; 1403)
[2025-08-12T16:54:36.578+0000] {local_task_job_runner.py:240} INFO - Task exited with return code 1
[2025-08-12T16:54:36.610+0000] {taskinstance.py:3498} INFO - 0 downstream tasks scheduled from follow-on schedule check
[2025-08-12T16:54:36.615+0000] {local_task_job_runner.py:222} INFO - ::endgroup::
