[2025-08-16T01:45:21.660+0000] {local_task_job_runner.py:120} INFO - ::group::Pre task execution logs
[2025-08-16T01:45:21.694+0000] {taskinstance.py:2076} INFO - Dependencies all met for dep_context=non-requeueable deps ti=<TaskInstance: ml_pipeline_dvc.train_fraud_detector manual__2025-08-16T01:44:29.452048+00:00 [queued]>
[2025-08-16T01:45:21.706+0000] {taskinstance.py:2076} INFO - Dependencies all met for dep_context=requeueable deps ti=<TaskInstance: ml_pipeline_dvc.train_fraud_detector manual__2025-08-16T01:44:29.452048+00:00 [queued]>
[2025-08-16T01:45:21.707+0000] {taskinstance.py:2306} INFO - Starting attempt 1 of 1
[2025-08-16T01:45:21.727+0000] {taskinstance.py:2330} INFO - Executing <Task(BashOperator): train_fraud_detector> on 2025-08-16 01:44:29.452048+00:00
[2025-08-16T01:45:21.743+0000] {warnings.py:110} WARNING - /home/***/.local/lib/python3.12/site-packages/***/task/task_runner/standard_task_runner.py:61: DeprecationWarning: This process (pid=8275) is multi-threaded, use of fork() may lead to deadlocks in the child.
  pid = os.fork()

[2025-08-16T01:45:21.747+0000] {standard_task_runner.py:63} INFO - Started process 8292 to run task
[2025-08-16T01:45:21.747+0000] {standard_task_runner.py:90} INFO - Running: ['***', 'tasks', 'run', 'ml_pipeline_dvc', 'train_fraud_detector', 'manual__2025-08-16T01:44:29.452048+00:00', '--job-id', '268', '--raw', '--subdir', 'DAGS_FOLDER/train_pipeline_dag.py', '--cfg-path', '/tmp/tmp5j8mo_u9']
[2025-08-16T01:45:21.749+0000] {standard_task_runner.py:91} INFO - Job 268: Subtask train_fraud_detector
[2025-08-16T01:45:21.815+0000] {task_command.py:426} INFO - Running <TaskInstance: ml_pipeline_dvc.train_fraud_detector manual__2025-08-16T01:44:29.452048+00:00 [running]> on host 952e994ef77e
[2025-08-16T01:45:21.943+0000] {taskinstance.py:2648} INFO - Exporting env vars: AIRFLOW_CTX_DAG_OWNER='yas' AIRFLOW_CTX_DAG_ID='ml_pipeline_dvc' AIRFLOW_CTX_TASK_ID='train_fraud_detector' AIRFLOW_CTX_EXECUTION_DATE='2025-08-16T01:44:29.452048+00:00' AIRFLOW_CTX_TRY_NUMBER='1' AIRFLOW_CTX_DAG_RUN_ID='manual__2025-08-16T01:44:29.452048+00:00'
[2025-08-16T01:45:21.945+0000] {taskinstance.py:430} INFO - ::endgroup::
[2025-08-16T01:45:21.967+0000] {subprocess.py:63} INFO - Tmp dir root location: /tmp
[2025-08-16T01:45:21.969+0000] {subprocess.py:75} INFO - Running command: ['/usr/bin/bash', '-c', '\n            cd /opt/***/ml_pipeline\n            dvc pull\n            dvc repro train_model\n            dvc push\n        ']
[2025-08-16T01:45:21.982+0000] {subprocess.py:86} INFO - Output:
[2025-08-16T01:45:24.967+0000] {subprocess.py:93} INFO - ERROR: failed to pull data from the cloud - Can't remove the following unsaved files without confirmation. Use `--force` to force.
[2025-08-16T01:45:24.968+0000] {subprocess.py:93} INFO - /opt/***/ml_pipeline/version_meta.json
[2025-08-16T01:45:29.013+0000] {subprocess.py:93} INFO - 'data/raw.dvc' didn't change, skipping
[2025-08-16T01:45:29.055+0000] {subprocess.py:93} INFO - Stage 'preprocess' didn't change, skipping
[2025-08-16T01:45:29.128+0000] {subprocess.py:93} INFO - Running stage 'train_model':
[2025-08-16T01:45:29.129+0000] {subprocess.py:93} INFO - > python train/train_fraud_detector_task.py
[2025-08-16T01:45:33.150+0000] {subprocess.py:93} INFO - 2025/08/16 01:45:33 WARNING mlflow.utils.git_utils: Failed to import Git (the Git executable is probably not on your PATH), so Git SHA is not available. Error: Failed to initialize: Bad git executable.
[2025-08-16T01:45:33.153+0000] {subprocess.py:93} INFO - The git executable must be specified in one of the following ways:
[2025-08-16T01:45:33.153+0000] {subprocess.py:93} INFO -     - be included in your $PATH
[2025-08-16T01:45:33.154+0000] {subprocess.py:93} INFO -     - be set via $GIT_PYTHON_GIT_EXECUTABLE
[2025-08-16T01:45:33.154+0000] {subprocess.py:93} INFO -     - explicitly set via git.refresh(<full-path-to-git-executable>)
[2025-08-16T01:45:33.155+0000] {subprocess.py:93} INFO - 
[2025-08-16T01:45:33.155+0000] {subprocess.py:93} INFO - All git commands will error until this is rectified.
[2025-08-16T01:45:33.156+0000] {subprocess.py:93} INFO - 
[2025-08-16T01:45:33.157+0000] {subprocess.py:93} INFO - This initial message can be silenced or aggravated in the future by setting the
[2025-08-16T01:45:33.157+0000] {subprocess.py:93} INFO - $GIT_PYTHON_REFRESH environment variable. Use one of the following values:
[2025-08-16T01:45:33.158+0000] {subprocess.py:93} INFO -     - quiet|q|silence|s|silent|none|n|0: for no message or exception
[2025-08-16T01:45:33.159+0000] {subprocess.py:93} INFO -     - warn|w|warning|log|l|1: for a warning message (logging level CRITICAL, displayed by default)
[2025-08-16T01:45:33.159+0000] {subprocess.py:93} INFO -     - error|e|exception|raise|r|2: for a raised exception
[2025-08-16T01:45:33.160+0000] {subprocess.py:93} INFO - 
[2025-08-16T01:45:33.161+0000] {subprocess.py:93} INFO - Example:
[2025-08-16T01:45:33.162+0000] {subprocess.py:93} INFO -     export GIT_PYTHON_REFRESH=quiet
[2025-08-16T01:45:33.162+0000] {subprocess.py:93} INFO - 
[2025-08-16T01:45:33.215+0000] {subprocess.py:93} INFO - {"asctime": "2025-08-16 01:45:33,172", "levelname": "INFO", "name": "model_training", "trace_id": null, "span_id": null, "message": "MLflow run id: 6f66f6ee7c654ab4895be591ee457457"}
[2025-08-16T01:45:33.283+0000] {subprocess.py:93} INFO - {"asctime": "2025-08-16 01:45:33,282", "levelname": "INFO", "name": "model_training", "trace_id": null, "span_id": null, "message": "Loading preprocessor from artifacts/preprocess/fraud_pipeline_v20250815_164605.pkl to process raw data"}
[2025-08-16T01:45:33.313+0000] {subprocess.py:93} INFO - {"asctime": "2025-08-16 01:45:33,313", "levelname": "INFO", "name": "model_training", "trace_id": null, "span_id": null, "message": "Preprocessing/transform applied to raw data."}
[2025-08-16T01:45:33.384+0000] {subprocess.py:93} INFO - {"asctime": "2025-08-16 01:45:33,382", "levelname": "INFO", "name": "model_training", "trace_id": null, "span_id": null, "message": "Evaluation metrics: {'accuracy': 0.998, 'f1_score': 0.9655172413793104, 'precision': 1.0, 'recall': 0.9333333333333333, 'auc': 0.9999312714776633}"}
[2025-08-16T01:45:33.724+0000] {subprocess.py:93} INFO - 2025/08/16 01:45:33 WARNING mlflow.models.model: `artifact_path` is deprecated. Please use `name` instead.
[2025-08-16T01:45:43.730+0000] {subprocess.py:93} INFO - [31m2025/08/16 01:45:43 WARNING mlflow.models.model: Model logged without a signature and input example. Please set `input_example` parameter when logging the model to auto infer the model signature.[0m
[2025-08-16T01:45:44.408+0000] {subprocess.py:93} INFO - {"asctime": "2025-08-16 01:45:44,408", "levelname": "INFO", "name": "model_training", "trace_id": null, "span_id": null, "message": "Model pipeline logged to MLflow (artifact_path='model')"}
[2025-08-16T01:45:44.440+0000] {subprocess.py:93} INFO - 🏃 View run train_v20250815_164605 at: http://mlflow:5000/#/experiments/2/runs/6f66f6ee7c654ab4895be591ee457457
[2025-08-16T01:45:44.441+0000] {subprocess.py:93} INFO - 🧪 View experiment at: http://mlflow:5000/#/experiments/2
[2025-08-16T01:45:44.442+0000] {subprocess.py:93} INFO - Traceback (most recent call last):
[2025-08-16T01:45:44.442+0000] {subprocess.py:93} INFO -   File "/opt/***/ml_pipeline/train/train_fraud_detector_task.py", line 222, in <module>
[2025-08-16T01:45:44.443+0000] {subprocess.py:93} INFO -     main()
[2025-08-16T01:45:44.443+0000] {subprocess.py:93} INFO -   File "/opt/***/ml_pipeline/train/train_fraud_detector_task.py", line 182, in main
[2025-08-16T01:45:44.444+0000] {subprocess.py:93} INFO -     mlflow.log_dict(train_meta, artifact_path="train/train_metadata.json")
[2025-08-16T01:45:44.445+0000] {subprocess.py:93} INFO - TypeError: log_dict() got an unexpected keyword argument 'artifact_path'
[2025-08-16T01:45:44.941+0000] {subprocess.py:93} INFO - ERROR: failed to reproduce 'train_model': failed to run: python train/train_fraud_detector_task.py, exited with 1
[2025-08-16T01:45:49.076+0000] {subprocess.py:93} INFO - Everything is up to date.
[2025-08-16T01:45:49.706+0000] {subprocess.py:97} INFO - Command exited with return code 0
[2025-08-16T01:45:49.709+0000] {taskinstance.py:441} INFO - ::group::Post task execution logs
[2025-08-16T01:45:49.764+0000] {taskinstance.py:1206} INFO - Marking task as SUCCESS. dag_id=ml_pipeline_dvc, task_id=train_fraud_detector, run_id=manual__2025-08-16T01:44:29.452048+00:00, execution_date=20250816T014429, start_date=20250816T014521, end_date=20250816T014549
[2025-08-16T01:45:49.822+0000] {local_task_job_runner.py:240} INFO - Task exited with return code 0
[2025-08-16T01:45:49.847+0000] {taskinstance.py:3498} INFO - 0 downstream tasks scheduled from follow-on schedule check
[2025-08-16T01:45:49.850+0000] {local_task_job_runner.py:222} INFO - ::endgroup::
