[2025-08-17T19:59:32.225+0000] {local_task_job_runner.py:120} INFO - ::group::Pre task execution logs
[2025-08-17T19:59:32.390+0000] {taskinstance.py:2076} INFO - Dependencies all met for dep_context=non-requeueable deps ti=<TaskInstance: ml_pipeline_dvc.preprocess_dvc manual__2025-08-17T19:59:08.053799+00:00 [queued]>
[2025-08-17T19:59:32.434+0000] {taskinstance.py:2076} INFO - Dependencies all met for dep_context=requeueable deps ti=<TaskInstance: ml_pipeline_dvc.preprocess_dvc manual__2025-08-17T19:59:08.053799+00:00 [queued]>
[2025-08-17T19:59:32.438+0000] {taskinstance.py:2306} INFO - Starting attempt 1 of 1
[2025-08-17T19:59:32.573+0000] {taskinstance.py:2330} INFO - Executing <Task(BashOperator): preprocess_dvc> on 2025-08-17 19:59:08.053799+00:00
[2025-08-17T19:59:32.661+0000] {warnings.py:110} WARNING - /home/***/.local/lib/python3.12/site-packages/***/task/task_runner/standard_task_runner.py:61: DeprecationWarning: This process (pid=6197) is multi-threaded, use of fork() may lead to deadlocks in the child.
  pid = os.fork()

[2025-08-17T19:59:32.672+0000] {standard_task_runner.py:63} INFO - Started process 6198 to run task
[2025-08-17T19:59:32.661+0000] {standard_task_runner.py:90} INFO - Running: ['***', 'tasks', 'run', 'ml_pipeline_dvc', 'preprocess_dvc', 'manual__2025-08-17T19:59:08.053799+00:00', '--job-id', '349', '--raw', '--subdir', 'DAGS_FOLDER/train_pipeline_dag.py', '--cfg-path', '/tmp/tmp78wx6y0b']
[2025-08-17T19:59:32.700+0000] {standard_task_runner.py:91} INFO - Job 349: Subtask preprocess_dvc
[2025-08-17T19:59:33.359+0000] {task_command.py:426} INFO - Running <TaskInstance: ml_pipeline_dvc.preprocess_dvc manual__2025-08-17T19:59:08.053799+00:00 [running]> on host bea494a05fb4
[2025-08-17T19:59:34.420+0000] {taskinstance.py:2648} INFO - Exporting env vars: AIRFLOW_CTX_DAG_OWNER='yas' AIRFLOW_CTX_DAG_ID='ml_pipeline_dvc' AIRFLOW_CTX_TASK_ID='preprocess_dvc' AIRFLOW_CTX_EXECUTION_DATE='2025-08-17T19:59:08.053799+00:00' AIRFLOW_CTX_TRY_NUMBER='1' AIRFLOW_CTX_DAG_RUN_ID='manual__2025-08-17T19:59:08.053799+00:00'
[2025-08-17T19:59:34.434+0000] {taskinstance.py:430} INFO - ::endgroup::
[2025-08-17T19:59:34.587+0000] {subprocess.py:63} INFO - Tmp dir root location: /tmp
[2025-08-17T19:59:34.592+0000] {subprocess.py:75} INFO - Running command: ['/usr/bin/bash', '-c', '\n            cd /opt/***/ml_pipeline\n            dvc pull --force\n            dvc repro preprocess\n            dvc push\n        ']
[2025-08-17T19:59:34.652+0000] {subprocess.py:86} INFO - Output:
[2025-08-17T19:59:43.181+0000] {subprocess.py:93} INFO - A       artifacts/models/fraud/
[2025-08-17T19:59:43.187+0000] {subprocess.py:93} INFO - 1 file added
[2025-08-17T19:59:48.628+0000] {subprocess.py:93} INFO - Stage 'ingest' didn't change, skipping
[2025-08-17T19:59:48.689+0000] {subprocess.py:93} INFO - Stage 'preprocess' didn't change, skipping
[2025-08-17T19:59:48.698+0000] {subprocess.py:93} INFO - Data and pipelines are up to date.
[2025-08-17T19:59:54.105+0000] {subprocess.py:93} INFO - Everything is up to date.
[2025-08-17T19:59:54.493+0000] {subprocess.py:97} INFO - Command exited with return code 0
[2025-08-17T19:59:54.498+0000] {taskinstance.py:441} INFO - ::group::Post task execution logs
[2025-08-17T19:59:54.546+0000] {taskinstance.py:1206} INFO - Marking task as SUCCESS. dag_id=ml_pipeline_dvc, task_id=preprocess_dvc, run_id=manual__2025-08-17T19:59:08.053799+00:00, execution_date=20250817T195908, start_date=20250817T195932, end_date=20250817T195954
[2025-08-17T19:59:54.605+0000] {local_task_job_runner.py:240} INFO - Task exited with return code 0
[2025-08-17T19:59:54.664+0000] {taskinstance.py:3498} INFO - 1 downstream tasks scheduled from follow-on schedule check
[2025-08-17T19:59:54.667+0000] {local_task_job_runner.py:222} INFO - ::endgroup::
