[2025-08-03T04:54:44.300+0000] {processor.py:161} INFO - Started process (PID=64) to work on /opt/airflow/dags/batch_inference_dag.py
[2025-08-03T04:54:44.305+0000] {processor.py:830} INFO - Processing file /opt/airflow/dags/batch_inference_dag.py for tasks to queue
[2025-08-03T04:54:44.314+0000] {logging_mixin.py:188} INFO - [2025-08-03T04:54:44.310+0000] {dagbag.py:545} INFO - Filling up the DagBag from /opt/airflow/dags/batch_inference_dag.py
[2025-08-03T04:54:44.386+0000] {processor.py:840} INFO - DAG(s) 'daily_batch_inference' retrieved from /opt/airflow/dags/batch_inference_dag.py
[2025-08-03T04:54:45.123+0000] {logging_mixin.py:188} INFO - [2025-08-03T04:54:45.122+0000] {override.py:1829} INFO - Created Permission View: can delete on DAG:daily_batch_inference
[2025-08-03T04:54:45.140+0000] {logging_mixin.py:188} INFO - [2025-08-03T04:54:45.139+0000] {override.py:1829} INFO - Created Permission View: can read on DAG:daily_batch_inference
[2025-08-03T04:54:45.151+0000] {logging_mixin.py:188} INFO - [2025-08-03T04:54:45.150+0000] {override.py:1829} INFO - Created Permission View: can edit on DAG:daily_batch_inference
[2025-08-03T04:54:45.152+0000] {logging_mixin.py:188} INFO - [2025-08-03T04:54:45.152+0000] {dag.py:3096} INFO - Sync 1 DAGs
[2025-08-03T04:54:45.192+0000] {logging_mixin.py:188} INFO - [2025-08-03T04:54:45.191+0000] {dag.py:3118} INFO - Creating ORM DAG for daily_batch_inference
[2025-08-03T04:54:45.237+0000] {logging_mixin.py:188} INFO - [2025-08-03T04:54:45.236+0000] {dag.py:3954} INFO - Setting next_dagrun for daily_batch_inference to 2025-08-02 00:00:00+00:00, run_after=2025-08-03 00:00:00+00:00
[2025-08-03T04:54:45.295+0000] {processor.py:183} INFO - Processing /opt/airflow/dags/batch_inference_dag.py took 1.023 seconds
[2025-08-03T04:55:15.638+0000] {processor.py:161} INFO - Started process (PID=81) to work on /opt/airflow/dags/batch_inference_dag.py
[2025-08-03T04:55:15.642+0000] {processor.py:830} INFO - Processing file /opt/airflow/dags/batch_inference_dag.py for tasks to queue
[2025-08-03T04:55:15.649+0000] {logging_mixin.py:188} INFO - [2025-08-03T04:55:15.647+0000] {dagbag.py:545} INFO - Filling up the DagBag from /opt/airflow/dags/batch_inference_dag.py
[2025-08-03T04:55:15.698+0000] {processor.py:840} INFO - DAG(s) 'daily_batch_inference' retrieved from /opt/airflow/dags/batch_inference_dag.py
[2025-08-03T04:55:15.788+0000] {logging_mixin.py:188} INFO - [2025-08-03T04:55:15.788+0000] {dag.py:3096} INFO - Sync 1 DAGs
[2025-08-03T04:55:15.907+0000] {logging_mixin.py:188} INFO - [2025-08-03T04:55:15.906+0000] {dag.py:3954} INFO - Setting next_dagrun for daily_batch_inference to 2025-08-02 00:00:00+00:00, run_after=2025-08-03 00:00:00+00:00
[2025-08-03T04:55:15.966+0000] {processor.py:183} INFO - Processing /opt/airflow/dags/batch_inference_dag.py took 0.348 seconds
[2025-08-03T04:55:46.355+0000] {processor.py:161} INFO - Started process (PID=97) to work on /opt/airflow/dags/batch_inference_dag.py
[2025-08-03T04:55:46.358+0000] {processor.py:830} INFO - Processing file /opt/airflow/dags/batch_inference_dag.py for tasks to queue
[2025-08-03T04:55:46.364+0000] {logging_mixin.py:188} INFO - [2025-08-03T04:55:46.363+0000] {dagbag.py:545} INFO - Filling up the DagBag from /opt/airflow/dags/batch_inference_dag.py
[2025-08-03T04:55:46.452+0000] {processor.py:840} INFO - DAG(s) 'daily_batch_inference' retrieved from /opt/airflow/dags/batch_inference_dag.py
[2025-08-03T04:55:46.546+0000] {logging_mixin.py:188} INFO - [2025-08-03T04:55:46.546+0000] {dag.py:3096} INFO - Sync 1 DAGs
[2025-08-03T04:55:46.595+0000] {logging_mixin.py:188} INFO - [2025-08-03T04:55:46.595+0000] {dag.py:3954} INFO - Setting next_dagrun for daily_batch_inference to 2025-08-02 00:00:00+00:00, run_after=2025-08-03 00:00:00+00:00
[2025-08-03T04:55:46.630+0000] {processor.py:183} INFO - Processing /opt/airflow/dags/batch_inference_dag.py took 0.293 seconds
[2025-08-03T04:56:16.843+0000] {processor.py:161} INFO - Started process (PID=118) to work on /opt/airflow/dags/batch_inference_dag.py
[2025-08-03T04:56:16.845+0000] {processor.py:830} INFO - Processing file /opt/airflow/dags/batch_inference_dag.py for tasks to queue
[2025-08-03T04:56:16.849+0000] {logging_mixin.py:188} INFO - [2025-08-03T04:56:16.848+0000] {dagbag.py:545} INFO - Filling up the DagBag from /opt/airflow/dags/batch_inference_dag.py
[2025-08-03T04:56:16.888+0000] {processor.py:840} INFO - DAG(s) 'daily_batch_inference' retrieved from /opt/airflow/dags/batch_inference_dag.py
[2025-08-03T04:56:16.940+0000] {logging_mixin.py:188} INFO - [2025-08-03T04:56:16.939+0000] {dag.py:3096} INFO - Sync 1 DAGs
[2025-08-03T04:56:16.978+0000] {logging_mixin.py:188} INFO - [2025-08-03T04:56:16.978+0000] {dag.py:3954} INFO - Setting next_dagrun for daily_batch_inference to 2025-08-03 00:00:00+00:00, run_after=2025-08-04 00:00:00+00:00
[2025-08-03T04:56:17.010+0000] {processor.py:183} INFO - Processing /opt/airflow/dags/batch_inference_dag.py took 0.179 seconds
[2025-08-03T04:56:47.147+0000] {processor.py:161} INFO - Started process (PID=135) to work on /opt/airflow/dags/batch_inference_dag.py
[2025-08-03T04:56:47.148+0000] {processor.py:830} INFO - Processing file /opt/airflow/dags/batch_inference_dag.py for tasks to queue
[2025-08-03T04:56:47.151+0000] {logging_mixin.py:188} INFO - [2025-08-03T04:56:47.151+0000] {dagbag.py:545} INFO - Filling up the DagBag from /opt/airflow/dags/batch_inference_dag.py
[2025-08-03T04:56:47.175+0000] {processor.py:840} INFO - DAG(s) 'daily_batch_inference' retrieved from /opt/airflow/dags/batch_inference_dag.py
[2025-08-03T04:56:47.220+0000] {logging_mixin.py:188} INFO - [2025-08-03T04:56:47.220+0000] {dag.py:3096} INFO - Sync 1 DAGs
[2025-08-03T04:56:47.261+0000] {logging_mixin.py:188} INFO - [2025-08-03T04:56:47.260+0000] {dag.py:3954} INFO - Setting next_dagrun for daily_batch_inference to 2025-08-03 00:00:00+00:00, run_after=2025-08-04 00:00:00+00:00
[2025-08-03T04:56:47.289+0000] {processor.py:183} INFO - Processing /opt/airflow/dags/batch_inference_dag.py took 0.151 seconds
[2025-08-03T04:57:17.498+0000] {processor.py:161} INFO - Started process (PID=152) to work on /opt/airflow/dags/batch_inference_dag.py
[2025-08-03T04:57:17.500+0000] {processor.py:830} INFO - Processing file /opt/airflow/dags/batch_inference_dag.py for tasks to queue
[2025-08-03T04:57:17.503+0000] {logging_mixin.py:188} INFO - [2025-08-03T04:57:17.502+0000] {dagbag.py:545} INFO - Filling up the DagBag from /opt/airflow/dags/batch_inference_dag.py
[2025-08-03T04:57:17.523+0000] {processor.py:840} INFO - DAG(s) 'daily_batch_inference' retrieved from /opt/airflow/dags/batch_inference_dag.py
[2025-08-03T04:57:17.562+0000] {logging_mixin.py:188} INFO - [2025-08-03T04:57:17.561+0000] {dag.py:3096} INFO - Sync 1 DAGs
[2025-08-03T04:57:17.598+0000] {logging_mixin.py:188} INFO - [2025-08-03T04:57:17.598+0000] {dag.py:3954} INFO - Setting next_dagrun for daily_batch_inference to 2025-08-03 00:00:00+00:00, run_after=2025-08-04 00:00:00+00:00
[2025-08-03T04:57:17.624+0000] {processor.py:183} INFO - Processing /opt/airflow/dags/batch_inference_dag.py took 0.136 seconds
[2025-08-03T04:57:47.907+0000] {processor.py:161} INFO - Started process (PID=169) to work on /opt/airflow/dags/batch_inference_dag.py
[2025-08-03T04:57:47.908+0000] {processor.py:830} INFO - Processing file /opt/airflow/dags/batch_inference_dag.py for tasks to queue
[2025-08-03T04:57:47.912+0000] {logging_mixin.py:188} INFO - [2025-08-03T04:57:47.911+0000] {dagbag.py:545} INFO - Filling up the DagBag from /opt/airflow/dags/batch_inference_dag.py
[2025-08-03T04:57:47.934+0000] {processor.py:840} INFO - DAG(s) 'daily_batch_inference' retrieved from /opt/airflow/dags/batch_inference_dag.py
[2025-08-03T04:57:47.984+0000] {logging_mixin.py:188} INFO - [2025-08-03T04:57:47.984+0000] {dag.py:3096} INFO - Sync 1 DAGs
[2025-08-03T04:57:48.022+0000] {logging_mixin.py:188} INFO - [2025-08-03T04:57:48.021+0000] {dag.py:3954} INFO - Setting next_dagrun for daily_batch_inference to 2025-08-03 00:00:00+00:00, run_after=2025-08-04 00:00:00+00:00
[2025-08-03T04:57:48.045+0000] {processor.py:183} INFO - Processing /opt/airflow/dags/batch_inference_dag.py took 0.148 seconds
[2025-08-03T04:58:18.327+0000] {processor.py:161} INFO - Started process (PID=186) to work on /opt/airflow/dags/batch_inference_dag.py
[2025-08-03T04:58:18.329+0000] {processor.py:830} INFO - Processing file /opt/airflow/dags/batch_inference_dag.py for tasks to queue
[2025-08-03T04:58:18.332+0000] {logging_mixin.py:188} INFO - [2025-08-03T04:58:18.332+0000] {dagbag.py:545} INFO - Filling up the DagBag from /opt/airflow/dags/batch_inference_dag.py
[2025-08-03T04:58:18.369+0000] {processor.py:840} INFO - DAG(s) 'daily_batch_inference' retrieved from /opt/airflow/dags/batch_inference_dag.py
[2025-08-03T04:58:18.423+0000] {logging_mixin.py:188} INFO - [2025-08-03T04:58:18.423+0000] {dag.py:3096} INFO - Sync 1 DAGs
[2025-08-03T04:58:18.458+0000] {logging_mixin.py:188} INFO - [2025-08-03T04:58:18.458+0000] {dag.py:3954} INFO - Setting next_dagrun for daily_batch_inference to 2025-08-03 00:00:00+00:00, run_after=2025-08-04 00:00:00+00:00
[2025-08-03T04:58:18.483+0000] {processor.py:183} INFO - Processing /opt/airflow/dags/batch_inference_dag.py took 0.171 seconds
[2025-08-03T04:58:48.781+0000] {processor.py:161} INFO - Started process (PID=202) to work on /opt/airflow/dags/batch_inference_dag.py
[2025-08-03T04:58:48.784+0000] {processor.py:830} INFO - Processing file /opt/airflow/dags/batch_inference_dag.py for tasks to queue
[2025-08-03T04:58:48.791+0000] {logging_mixin.py:188} INFO - [2025-08-03T04:58:48.789+0000] {dagbag.py:545} INFO - Filling up the DagBag from /opt/airflow/dags/batch_inference_dag.py
[2025-08-03T04:58:48.831+0000] {processor.py:840} INFO - DAG(s) 'daily_batch_inference' retrieved from /opt/airflow/dags/batch_inference_dag.py
[2025-08-03T04:58:48.904+0000] {logging_mixin.py:188} INFO - [2025-08-03T04:58:48.903+0000] {dag.py:3096} INFO - Sync 1 DAGs
[2025-08-03T04:58:48.981+0000] {logging_mixin.py:188} INFO - [2025-08-03T04:58:48.980+0000] {dag.py:3954} INFO - Setting next_dagrun for daily_batch_inference to 2025-08-03 00:00:00+00:00, run_after=2025-08-04 00:00:00+00:00
[2025-08-03T04:58:49.051+0000] {processor.py:183} INFO - Processing /opt/airflow/dags/batch_inference_dag.py took 0.290 seconds
[2025-08-03T04:59:09.705+0000] {processor.py:161} INFO - Started process (PID=205) to work on /opt/airflow/dags/batch_inference_dag.py
[2025-08-03T04:59:09.707+0000] {processor.py:830} INFO - Processing file /opt/airflow/dags/batch_inference_dag.py for tasks to queue
[2025-08-03T04:59:09.709+0000] {logging_mixin.py:188} INFO - [2025-08-03T04:59:09.709+0000] {dagbag.py:545} INFO - Filling up the DagBag from /opt/airflow/dags/batch_inference_dag.py
[2025-08-03T04:59:09.743+0000] {processor.py:840} INFO - DAG(s) 'daily_batch_inference' retrieved from /opt/airflow/dags/batch_inference_dag.py
[2025-08-03T04:59:09.972+0000] {logging_mixin.py:188} INFO - [2025-08-03T04:59:09.971+0000] {dag.py:3096} INFO - Sync 1 DAGs
[2025-08-03T04:59:10.004+0000] {logging_mixin.py:188} INFO - [2025-08-03T04:59:10.004+0000] {dag.py:3954} INFO - Setting next_dagrun for daily_batch_inference to 2025-08-03 00:00:00+00:00, run_after=2025-08-04 00:00:00+00:00
[2025-08-03T04:59:10.031+0000] {processor.py:183} INFO - Processing /opt/airflow/dags/batch_inference_dag.py took 0.337 seconds
[2025-08-03T04:59:40.447+0000] {processor.py:161} INFO - Started process (PID=222) to work on /opt/airflow/dags/batch_inference_dag.py
[2025-08-03T04:59:40.449+0000] {processor.py:830} INFO - Processing file /opt/airflow/dags/batch_inference_dag.py for tasks to queue
[2025-08-03T04:59:40.452+0000] {logging_mixin.py:188} INFO - [2025-08-03T04:59:40.451+0000] {dagbag.py:545} INFO - Filling up the DagBag from /opt/airflow/dags/batch_inference_dag.py
[2025-08-03T04:59:40.488+0000] {processor.py:840} INFO - DAG(s) 'daily_batch_inference' retrieved from /opt/airflow/dags/batch_inference_dag.py
[2025-08-03T04:59:40.547+0000] {logging_mixin.py:188} INFO - [2025-08-03T04:59:40.547+0000] {dag.py:3096} INFO - Sync 1 DAGs
[2025-08-03T04:59:40.582+0000] {logging_mixin.py:188} INFO - [2025-08-03T04:59:40.582+0000] {dag.py:3954} INFO - Setting next_dagrun for daily_batch_inference to 2025-08-03 00:00:00+00:00, run_after=2025-08-04 00:00:00+00:00
[2025-08-03T04:59:40.607+0000] {processor.py:183} INFO - Processing /opt/airflow/dags/batch_inference_dag.py took 0.173 seconds
[2025-08-03T05:00:10.842+0000] {processor.py:161} INFO - Started process (PID=239) to work on /opt/airflow/dags/batch_inference_dag.py
[2025-08-03T05:00:10.844+0000] {processor.py:830} INFO - Processing file /opt/airflow/dags/batch_inference_dag.py for tasks to queue
[2025-08-03T05:00:10.849+0000] {logging_mixin.py:188} INFO - [2025-08-03T05:00:10.848+0000] {dagbag.py:545} INFO - Filling up the DagBag from /opt/airflow/dags/batch_inference_dag.py
[2025-08-03T05:00:10.886+0000] {processor.py:840} INFO - DAG(s) 'daily_batch_inference' retrieved from /opt/airflow/dags/batch_inference_dag.py
[2025-08-03T05:00:10.934+0000] {logging_mixin.py:188} INFO - [2025-08-03T05:00:10.934+0000] {dag.py:3096} INFO - Sync 1 DAGs
[2025-08-03T05:00:10.969+0000] {logging_mixin.py:188} INFO - [2025-08-03T05:00:10.969+0000] {dag.py:3954} INFO - Setting next_dagrun for daily_batch_inference to 2025-08-03 00:00:00+00:00, run_after=2025-08-04 00:00:00+00:00
[2025-08-03T05:00:10.994+0000] {processor.py:183} INFO - Processing /opt/airflow/dags/batch_inference_dag.py took 0.168 seconds
[2025-08-03T05:00:41.308+0000] {processor.py:161} INFO - Started process (PID=255) to work on /opt/airflow/dags/batch_inference_dag.py
[2025-08-03T05:00:41.310+0000] {processor.py:830} INFO - Processing file /opt/airflow/dags/batch_inference_dag.py for tasks to queue
[2025-08-03T05:00:41.318+0000] {logging_mixin.py:188} INFO - [2025-08-03T05:00:41.317+0000] {dagbag.py:545} INFO - Filling up the DagBag from /opt/airflow/dags/batch_inference_dag.py
[2025-08-03T05:00:41.411+0000] {processor.py:840} INFO - DAG(s) 'daily_batch_inference' retrieved from /opt/airflow/dags/batch_inference_dag.py
[2025-08-03T05:00:41.516+0000] {logging_mixin.py:188} INFO - [2025-08-03T05:00:41.515+0000] {dag.py:3096} INFO - Sync 1 DAGs
[2025-08-03T05:00:41.589+0000] {logging_mixin.py:188} INFO - [2025-08-03T05:00:41.588+0000] {dag.py:3954} INFO - Setting next_dagrun for daily_batch_inference to 2025-08-03 00:00:00+00:00, run_after=2025-08-04 00:00:00+00:00
[2025-08-03T05:00:41.679+0000] {processor.py:183} INFO - Processing /opt/airflow/dags/batch_inference_dag.py took 0.387 seconds
[2025-08-03T05:01:11.806+0000] {processor.py:161} INFO - Started process (PID=276) to work on /opt/airflow/dags/batch_inference_dag.py
[2025-08-03T05:01:11.808+0000] {processor.py:830} INFO - Processing file /opt/airflow/dags/batch_inference_dag.py for tasks to queue
[2025-08-03T05:01:11.811+0000] {logging_mixin.py:188} INFO - [2025-08-03T05:01:11.811+0000] {dagbag.py:545} INFO - Filling up the DagBag from /opt/airflow/dags/batch_inference_dag.py
[2025-08-03T05:01:11.845+0000] {processor.py:840} INFO - DAG(s) 'daily_batch_inference' retrieved from /opt/airflow/dags/batch_inference_dag.py
[2025-08-03T05:01:11.933+0000] {logging_mixin.py:188} INFO - [2025-08-03T05:01:11.930+0000] {dag.py:3096} INFO - Sync 1 DAGs
[2025-08-03T05:01:11.975+0000] {logging_mixin.py:188} INFO - [2025-08-03T05:01:11.974+0000] {dag.py:3954} INFO - Setting next_dagrun for daily_batch_inference to 2025-08-03 00:00:00+00:00, run_after=2025-08-04 00:00:00+00:00
[2025-08-03T05:01:12.000+0000] {processor.py:183} INFO - Processing /opt/airflow/dags/batch_inference_dag.py took 0.208 seconds
[2025-08-03T05:01:42.150+0000] {processor.py:161} INFO - Started process (PID=293) to work on /opt/airflow/dags/batch_inference_dag.py
[2025-08-03T05:01:42.152+0000] {processor.py:830} INFO - Processing file /opt/airflow/dags/batch_inference_dag.py for tasks to queue
[2025-08-03T05:01:42.156+0000] {logging_mixin.py:188} INFO - [2025-08-03T05:01:42.155+0000] {dagbag.py:545} INFO - Filling up the DagBag from /opt/airflow/dags/batch_inference_dag.py
[2025-08-03T05:01:42.184+0000] {processor.py:840} INFO - DAG(s) 'daily_batch_inference' retrieved from /opt/airflow/dags/batch_inference_dag.py
[2025-08-03T05:01:42.226+0000] {logging_mixin.py:188} INFO - [2025-08-03T05:01:42.226+0000] {dag.py:3096} INFO - Sync 1 DAGs
[2025-08-03T05:01:42.277+0000] {logging_mixin.py:188} INFO - [2025-08-03T05:01:42.276+0000] {dag.py:3954} INFO - Setting next_dagrun for daily_batch_inference to 2025-08-03 00:00:00+00:00, run_after=2025-08-04 00:00:00+00:00
[2025-08-03T05:01:42.308+0000] {processor.py:183} INFO - Processing /opt/airflow/dags/batch_inference_dag.py took 0.175 seconds
[2025-08-03T05:02:12.537+0000] {processor.py:161} INFO - Started process (PID=309) to work on /opt/airflow/dags/batch_inference_dag.py
[2025-08-03T05:02:12.539+0000] {processor.py:830} INFO - Processing file /opt/airflow/dags/batch_inference_dag.py for tasks to queue
[2025-08-03T05:02:12.542+0000] {logging_mixin.py:188} INFO - [2025-08-03T05:02:12.542+0000] {dagbag.py:545} INFO - Filling up the DagBag from /opt/airflow/dags/batch_inference_dag.py
[2025-08-03T05:02:12.571+0000] {processor.py:840} INFO - DAG(s) 'daily_batch_inference' retrieved from /opt/airflow/dags/batch_inference_dag.py
[2025-08-03T05:02:12.687+0000] {logging_mixin.py:188} INFO - [2025-08-03T05:02:12.686+0000] {dag.py:3096} INFO - Sync 1 DAGs
[2025-08-03T05:02:12.740+0000] {logging_mixin.py:188} INFO - [2025-08-03T05:02:12.740+0000] {dag.py:3954} INFO - Setting next_dagrun for daily_batch_inference to 2025-08-03 00:00:00+00:00, run_after=2025-08-04 00:00:00+00:00
[2025-08-03T05:02:12.777+0000] {processor.py:183} INFO - Processing /opt/airflow/dags/batch_inference_dag.py took 0.248 seconds
[2025-08-03T05:02:20.888+0000] {processor.py:161} INFO - Started process (PID=317) to work on /opt/airflow/dags/batch_inference_dag.py
[2025-08-03T05:02:20.889+0000] {processor.py:830} INFO - Processing file /opt/airflow/dags/batch_inference_dag.py for tasks to queue
[2025-08-03T05:02:20.893+0000] {logging_mixin.py:188} INFO - [2025-08-03T05:02:20.892+0000] {dagbag.py:545} INFO - Filling up the DagBag from /opt/airflow/dags/batch_inference_dag.py
[2025-08-03T05:02:20.919+0000] {processor.py:840} INFO - DAG(s) 'daily_batch_inference' retrieved from /opt/airflow/dags/batch_inference_dag.py
[2025-08-03T05:02:21.132+0000] {logging_mixin.py:188} INFO - [2025-08-03T05:02:21.132+0000] {dag.py:3096} INFO - Sync 1 DAGs
[2025-08-03T05:02:21.160+0000] {logging_mixin.py:188} INFO - [2025-08-03T05:02:21.159+0000] {dag.py:3954} INFO - Setting next_dagrun for daily_batch_inference to 2025-08-03 00:00:00+00:00, run_after=2025-08-04 00:00:00+00:00
[2025-08-03T05:02:21.197+0000] {processor.py:183} INFO - Processing /opt/airflow/dags/batch_inference_dag.py took 0.319 seconds
[2025-08-03T05:02:23.436+0000] {processor.py:161} INFO - Started process (PID=319) to work on /opt/airflow/dags/batch_inference_dag.py
[2025-08-03T05:02:23.438+0000] {processor.py:830} INFO - Processing file /opt/airflow/dags/batch_inference_dag.py for tasks to queue
[2025-08-03T05:02:23.443+0000] {logging_mixin.py:188} INFO - [2025-08-03T05:02:23.442+0000] {dagbag.py:545} INFO - Filling up the DagBag from /opt/airflow/dags/batch_inference_dag.py
[2025-08-03T05:02:23.540+0000] {processor.py:840} INFO - DAG(s) 'daily_batch_inference' retrieved from /opt/airflow/dags/batch_inference_dag.py
[2025-08-03T05:02:23.588+0000] {logging_mixin.py:188} INFO - [2025-08-03T05:02:23.588+0000] {dag.py:3096} INFO - Sync 1 DAGs
[2025-08-03T05:02:23.648+0000] {logging_mixin.py:188} INFO - [2025-08-03T05:02:23.648+0000] {dag.py:3954} INFO - Setting next_dagrun for daily_batch_inference to 2025-08-03 00:00:00+00:00, run_after=2025-08-04 00:00:00+00:00
[2025-08-03T05:02:23.682+0000] {processor.py:183} INFO - Processing /opt/airflow/dags/batch_inference_dag.py took 0.261 seconds
[2025-08-03T05:02:36.792+0000] {processor.py:161} INFO - Started process (PID=320) to work on /opt/airflow/dags/batch_inference_dag.py
[2025-08-03T05:02:36.794+0000] {processor.py:830} INFO - Processing file /opt/airflow/dags/batch_inference_dag.py for tasks to queue
[2025-08-03T05:02:36.797+0000] {logging_mixin.py:188} INFO - [2025-08-03T05:02:36.796+0000] {dagbag.py:545} INFO - Filling up the DagBag from /opt/airflow/dags/batch_inference_dag.py
[2025-08-03T05:02:36.829+0000] {processor.py:840} INFO - DAG(s) 'daily_batch_inference' retrieved from /opt/airflow/dags/batch_inference_dag.py
[2025-08-03T05:02:36.850+0000] {logging_mixin.py:188} INFO - [2025-08-03T05:02:36.850+0000] {dag.py:3096} INFO - Sync 1 DAGs
[2025-08-03T05:02:36.887+0000] {logging_mixin.py:188} INFO - [2025-08-03T05:02:36.887+0000] {dag.py:3954} INFO - Setting next_dagrun for daily_batch_inference to 2025-08-03 00:00:00+00:00, run_after=2025-08-04 00:00:00+00:00
[2025-08-03T05:02:36.919+0000] {processor.py:183} INFO - Processing /opt/airflow/dags/batch_inference_dag.py took 0.137 seconds
[2025-08-03T05:03:07.037+0000] {processor.py:161} INFO - Started process (PID=337) to work on /opt/airflow/dags/batch_inference_dag.py
[2025-08-03T05:03:07.040+0000] {processor.py:830} INFO - Processing file /opt/airflow/dags/batch_inference_dag.py for tasks to queue
[2025-08-03T05:03:07.043+0000] {logging_mixin.py:188} INFO - [2025-08-03T05:03:07.043+0000] {dagbag.py:545} INFO - Filling up the DagBag from /opt/airflow/dags/batch_inference_dag.py
[2025-08-03T05:03:07.074+0000] {processor.py:840} INFO - DAG(s) 'daily_batch_inference' retrieved from /opt/airflow/dags/batch_inference_dag.py
[2025-08-03T05:03:07.450+0000] {logging_mixin.py:188} INFO - [2025-08-03T05:03:07.449+0000] {dag.py:3096} INFO - Sync 1 DAGs
[2025-08-03T05:03:07.522+0000] {logging_mixin.py:188} INFO - [2025-08-03T05:03:07.521+0000] {dag.py:3954} INFO - Setting next_dagrun for daily_batch_inference to 2025-08-03 00:00:00+00:00, run_after=2025-08-04 00:00:00+00:00
[2025-08-03T05:03:07.582+0000] {processor.py:183} INFO - Processing /opt/airflow/dags/batch_inference_dag.py took 0.557 seconds
[2025-08-03T05:03:38.308+0000] {processor.py:161} INFO - Started process (PID=354) to work on /opt/airflow/dags/batch_inference_dag.py
[2025-08-03T05:03:38.310+0000] {processor.py:830} INFO - Processing file /opt/airflow/dags/batch_inference_dag.py for tasks to queue
[2025-08-03T05:03:38.313+0000] {logging_mixin.py:188} INFO - [2025-08-03T05:03:38.312+0000] {dagbag.py:545} INFO - Filling up the DagBag from /opt/airflow/dags/batch_inference_dag.py
[2025-08-03T05:03:38.334+0000] {processor.py:840} INFO - DAG(s) 'daily_batch_inference' retrieved from /opt/airflow/dags/batch_inference_dag.py
[2025-08-03T05:03:38.376+0000] {logging_mixin.py:188} INFO - [2025-08-03T05:03:38.375+0000] {dag.py:3096} INFO - Sync 1 DAGs
[2025-08-03T05:03:38.409+0000] {logging_mixin.py:188} INFO - [2025-08-03T05:03:38.408+0000] {dag.py:3954} INFO - Setting next_dagrun for daily_batch_inference to 2025-08-03 00:00:00+00:00, run_after=2025-08-04 00:00:00+00:00
[2025-08-03T05:03:38.430+0000] {processor.py:183} INFO - Processing /opt/airflow/dags/batch_inference_dag.py took 0.131 seconds
[2025-08-03T05:03:43.354+0000] {processor.py:161} INFO - Started process (PID=355) to work on /opt/airflow/dags/batch_inference_dag.py
[2025-08-03T05:03:43.357+0000] {processor.py:830} INFO - Processing file /opt/airflow/dags/batch_inference_dag.py for tasks to queue
[2025-08-03T05:03:43.362+0000] {logging_mixin.py:188} INFO - [2025-08-03T05:03:43.361+0000] {dagbag.py:545} INFO - Filling up the DagBag from /opt/airflow/dags/batch_inference_dag.py
[2025-08-03T05:03:43.415+0000] {processor.py:840} INFO - DAG(s) 'daily_batch_inference' retrieved from /opt/airflow/dags/batch_inference_dag.py
[2025-08-03T05:03:43.848+0000] {logging_mixin.py:188} INFO - [2025-08-03T05:03:43.846+0000] {dag.py:3096} INFO - Sync 1 DAGs
[2025-08-03T05:03:43.897+0000] {logging_mixin.py:188} INFO - [2025-08-03T05:03:43.897+0000] {dag.py:3954} INFO - Setting next_dagrun for daily_batch_inference to 2025-08-03 00:00:00+00:00, run_after=2025-08-04 00:00:00+00:00
[2025-08-03T05:03:43.926+0000] {processor.py:183} INFO - Processing /opt/airflow/dags/batch_inference_dag.py took 0.587 seconds
[2025-08-03T05:03:46.551+0000] {processor.py:161} INFO - Started process (PID=356) to work on /opt/airflow/dags/batch_inference_dag.py
[2025-08-03T05:03:46.553+0000] {processor.py:830} INFO - Processing file /opt/airflow/dags/batch_inference_dag.py for tasks to queue
[2025-08-03T05:03:46.558+0000] {logging_mixin.py:188} INFO - [2025-08-03T05:03:46.557+0000] {dagbag.py:545} INFO - Filling up the DagBag from /opt/airflow/dags/batch_inference_dag.py
[2025-08-03T05:03:46.620+0000] {processor.py:840} INFO - DAG(s) 'daily_batch_inference' retrieved from /opt/airflow/dags/batch_inference_dag.py
[2025-08-03T05:03:46.691+0000] {logging_mixin.py:188} INFO - [2025-08-03T05:03:46.690+0000] {dag.py:3096} INFO - Sync 1 DAGs
[2025-08-03T05:03:46.768+0000] {logging_mixin.py:188} INFO - [2025-08-03T05:03:46.767+0000] {dag.py:3954} INFO - Setting next_dagrun for daily_batch_inference to 2025-08-03 00:00:00+00:00, run_after=2025-08-04 00:00:00+00:00
[2025-08-03T05:03:46.817+0000] {processor.py:183} INFO - Processing /opt/airflow/dags/batch_inference_dag.py took 0.287 seconds
[2025-08-03T05:03:56.988+0000] {processor.py:161} INFO - Started process (PID=373) to work on /opt/airflow/dags/batch_inference_dag.py
[2025-08-03T05:03:56.990+0000] {processor.py:830} INFO - Processing file /opt/airflow/dags/batch_inference_dag.py for tasks to queue
[2025-08-03T05:03:56.994+0000] {logging_mixin.py:188} INFO - [2025-08-03T05:03:56.993+0000] {dagbag.py:545} INFO - Filling up the DagBag from /opt/airflow/dags/batch_inference_dag.py
[2025-08-03T05:03:57.026+0000] {processor.py:840} INFO - DAG(s) 'daily_batch_inference' retrieved from /opt/airflow/dags/batch_inference_dag.py
[2025-08-03T05:03:57.055+0000] {logging_mixin.py:188} INFO - [2025-08-03T05:03:57.054+0000] {dag.py:3096} INFO - Sync 1 DAGs
[2025-08-03T05:03:57.106+0000] {logging_mixin.py:188} INFO - [2025-08-03T05:03:57.106+0000] {dag.py:3954} INFO - Setting next_dagrun for daily_batch_inference to 2025-08-03 00:00:00+00:00, run_after=2025-08-04 00:00:00+00:00
[2025-08-03T05:03:57.135+0000] {processor.py:183} INFO - Processing /opt/airflow/dags/batch_inference_dag.py took 0.158 seconds
[2025-08-03T05:04:27.319+0000] {processor.py:161} INFO - Started process (PID=389) to work on /opt/airflow/dags/batch_inference_dag.py
[2025-08-03T05:04:27.321+0000] {processor.py:830} INFO - Processing file /opt/airflow/dags/batch_inference_dag.py for tasks to queue
[2025-08-03T05:04:27.325+0000] {logging_mixin.py:188} INFO - [2025-08-03T05:04:27.324+0000] {dagbag.py:545} INFO - Filling up the DagBag from /opt/airflow/dags/batch_inference_dag.py
[2025-08-03T05:04:27.351+0000] {processor.py:840} INFO - DAG(s) 'daily_batch_inference' retrieved from /opt/airflow/dags/batch_inference_dag.py
[2025-08-03T05:04:27.601+0000] {logging_mixin.py:188} INFO - [2025-08-03T05:04:27.601+0000] {dag.py:3096} INFO - Sync 1 DAGs
[2025-08-03T05:04:27.631+0000] {logging_mixin.py:188} INFO - [2025-08-03T05:04:27.630+0000] {dag.py:3954} INFO - Setting next_dagrun for daily_batch_inference to 2025-08-03 00:00:00+00:00, run_after=2025-08-04 00:00:00+00:00
[2025-08-03T05:04:27.658+0000] {processor.py:183} INFO - Processing /opt/airflow/dags/batch_inference_dag.py took 0.351 seconds
[2025-08-03T05:04:58.404+0000] {processor.py:161} INFO - Started process (PID=398) to work on /opt/airflow/dags/batch_inference_dag.py
[2025-08-03T05:04:58.408+0000] {processor.py:830} INFO - Processing file /opt/airflow/dags/batch_inference_dag.py for tasks to queue
[2025-08-03T05:04:58.413+0000] {logging_mixin.py:188} INFO - [2025-08-03T05:04:58.412+0000] {dagbag.py:545} INFO - Filling up the DagBag from /opt/airflow/dags/batch_inference_dag.py
[2025-08-03T05:04:58.451+0000] {processor.py:840} INFO - DAG(s) 'daily_batch_inference' retrieved from /opt/airflow/dags/batch_inference_dag.py
[2025-08-03T05:04:58.511+0000] {logging_mixin.py:188} INFO - [2025-08-03T05:04:58.511+0000] {dag.py:3096} INFO - Sync 1 DAGs
[2025-08-03T05:04:58.564+0000] {logging_mixin.py:188} INFO - [2025-08-03T05:04:58.563+0000] {dag.py:3954} INFO - Setting next_dagrun for daily_batch_inference to 2025-08-03 00:00:00+00:00, run_after=2025-08-04 00:00:00+00:00
[2025-08-03T05:04:58.597+0000] {processor.py:183} INFO - Processing /opt/airflow/dags/batch_inference_dag.py took 0.210 seconds
[2025-08-03T05:05:28.813+0000] {processor.py:161} INFO - Started process (PID=414) to work on /opt/airflow/dags/batch_inference_dag.py
[2025-08-03T05:05:28.815+0000] {processor.py:830} INFO - Processing file /opt/airflow/dags/batch_inference_dag.py for tasks to queue
[2025-08-03T05:05:28.819+0000] {logging_mixin.py:188} INFO - [2025-08-03T05:05:28.819+0000] {dagbag.py:545} INFO - Filling up the DagBag from /opt/airflow/dags/batch_inference_dag.py
[2025-08-03T05:05:28.845+0000] {processor.py:840} INFO - DAG(s) 'daily_batch_inference' retrieved from /opt/airflow/dags/batch_inference_dag.py
[2025-08-03T05:05:28.891+0000] {logging_mixin.py:188} INFO - [2025-08-03T05:05:28.891+0000] {dag.py:3096} INFO - Sync 1 DAGs
[2025-08-03T05:05:28.945+0000] {logging_mixin.py:188} INFO - [2025-08-03T05:05:28.944+0000] {dag.py:3954} INFO - Setting next_dagrun for daily_batch_inference to 2025-08-03 00:00:00+00:00, run_after=2025-08-04 00:00:00+00:00
[2025-08-03T05:05:28.978+0000] {processor.py:183} INFO - Processing /opt/airflow/dags/batch_inference_dag.py took 0.175 seconds
[2025-08-03T05:05:59.903+0000] {processor.py:161} INFO - Started process (PID=431) to work on /opt/airflow/dags/batch_inference_dag.py
[2025-08-03T05:05:59.905+0000] {processor.py:830} INFO - Processing file /opt/airflow/dags/batch_inference_dag.py for tasks to queue
[2025-08-03T05:05:59.908+0000] {logging_mixin.py:188} INFO - [2025-08-03T05:05:59.907+0000] {dagbag.py:545} INFO - Filling up the DagBag from /opt/airflow/dags/batch_inference_dag.py
[2025-08-03T05:05:59.930+0000] {processor.py:840} INFO - DAG(s) 'daily_batch_inference' retrieved from /opt/airflow/dags/batch_inference_dag.py
[2025-08-03T05:05:59.967+0000] {logging_mixin.py:188} INFO - [2025-08-03T05:05:59.966+0000] {dag.py:3096} INFO - Sync 1 DAGs
[2025-08-03T05:06:00.004+0000] {logging_mixin.py:188} INFO - [2025-08-03T05:06:00.004+0000] {dag.py:3954} INFO - Setting next_dagrun for daily_batch_inference to 2025-08-03 00:00:00+00:00, run_after=2025-08-04 00:00:00+00:00
[2025-08-03T05:06:00.029+0000] {processor.py:183} INFO - Processing /opt/airflow/dags/batch_inference_dag.py took 0.134 seconds
[2025-08-03T05:06:30.210+0000] {processor.py:161} INFO - Started process (PID=448) to work on /opt/airflow/dags/batch_inference_dag.py
[2025-08-03T05:06:30.212+0000] {processor.py:830} INFO - Processing file /opt/airflow/dags/batch_inference_dag.py for tasks to queue
[2025-08-03T05:06:30.215+0000] {logging_mixin.py:188} INFO - [2025-08-03T05:06:30.214+0000] {dagbag.py:545} INFO - Filling up the DagBag from /opt/airflow/dags/batch_inference_dag.py
[2025-08-03T05:06:30.243+0000] {processor.py:840} INFO - DAG(s) 'daily_batch_inference' retrieved from /opt/airflow/dags/batch_inference_dag.py
[2025-08-03T05:06:30.281+0000] {logging_mixin.py:188} INFO - [2025-08-03T05:06:30.280+0000] {dag.py:3096} INFO - Sync 1 DAGs
[2025-08-03T05:06:30.315+0000] {logging_mixin.py:188} INFO - [2025-08-03T05:06:30.315+0000] {dag.py:3954} INFO - Setting next_dagrun for daily_batch_inference to 2025-08-03 00:00:00+00:00, run_after=2025-08-04 00:00:00+00:00
[2025-08-03T05:06:30.336+0000] {processor.py:183} INFO - Processing /opt/airflow/dags/batch_inference_dag.py took 0.135 seconds
[2025-08-03T05:07:00.837+0000] {processor.py:161} INFO - Started process (PID=465) to work on /opt/airflow/dags/batch_inference_dag.py
[2025-08-03T05:07:00.839+0000] {processor.py:830} INFO - Processing file /opt/airflow/dags/batch_inference_dag.py for tasks to queue
[2025-08-03T05:07:00.843+0000] {logging_mixin.py:188} INFO - [2025-08-03T05:07:00.842+0000] {dagbag.py:545} INFO - Filling up the DagBag from /opt/airflow/dags/batch_inference_dag.py
[2025-08-03T05:07:00.867+0000] {processor.py:840} INFO - DAG(s) 'daily_batch_inference' retrieved from /opt/airflow/dags/batch_inference_dag.py
[2025-08-03T05:07:00.907+0000] {logging_mixin.py:188} INFO - [2025-08-03T05:07:00.906+0000] {dag.py:3096} INFO - Sync 1 DAGs
[2025-08-03T05:07:00.949+0000] {logging_mixin.py:188} INFO - [2025-08-03T05:07:00.948+0000] {dag.py:3954} INFO - Setting next_dagrun for daily_batch_inference to 2025-08-03 00:00:00+00:00, run_after=2025-08-04 00:00:00+00:00
[2025-08-03T05:07:00.975+0000] {processor.py:183} INFO - Processing /opt/airflow/dags/batch_inference_dag.py took 0.149 seconds
[2025-08-03T05:07:31.135+0000] {processor.py:161} INFO - Started process (PID=482) to work on /opt/airflow/dags/batch_inference_dag.py
[2025-08-03T05:07:31.137+0000] {processor.py:830} INFO - Processing file /opt/airflow/dags/batch_inference_dag.py for tasks to queue
[2025-08-03T05:07:31.140+0000] {logging_mixin.py:188} INFO - [2025-08-03T05:07:31.139+0000] {dagbag.py:545} INFO - Filling up the DagBag from /opt/airflow/dags/batch_inference_dag.py
[2025-08-03T05:07:31.164+0000] {processor.py:840} INFO - DAG(s) 'daily_batch_inference' retrieved from /opt/airflow/dags/batch_inference_dag.py
[2025-08-03T05:07:31.208+0000] {logging_mixin.py:188} INFO - [2025-08-03T05:07:31.208+0000] {dag.py:3096} INFO - Sync 1 DAGs
[2025-08-03T05:07:31.275+0000] {logging_mixin.py:188} INFO - [2025-08-03T05:07:31.274+0000] {dag.py:3954} INFO - Setting next_dagrun for daily_batch_inference to 2025-08-03 00:00:00+00:00, run_after=2025-08-04 00:00:00+00:00
[2025-08-03T05:07:31.318+0000] {processor.py:183} INFO - Processing /opt/airflow/dags/batch_inference_dag.py took 0.194 seconds
[2025-08-03T05:08:01.515+0000] {processor.py:161} INFO - Started process (PID=499) to work on /opt/airflow/dags/batch_inference_dag.py
[2025-08-03T05:08:01.521+0000] {processor.py:830} INFO - Processing file /opt/airflow/dags/batch_inference_dag.py for tasks to queue
[2025-08-03T05:08:01.528+0000] {logging_mixin.py:188} INFO - [2025-08-03T05:08:01.527+0000] {dagbag.py:545} INFO - Filling up the DagBag from /opt/airflow/dags/batch_inference_dag.py
[2025-08-03T05:08:01.565+0000] {processor.py:840} INFO - DAG(s) 'daily_batch_inference' retrieved from /opt/airflow/dags/batch_inference_dag.py
[2025-08-03T05:08:01.631+0000] {logging_mixin.py:188} INFO - [2025-08-03T05:08:01.630+0000] {dag.py:3096} INFO - Sync 1 DAGs
[2025-08-03T05:08:01.665+0000] {logging_mixin.py:188} INFO - [2025-08-03T05:08:01.665+0000] {dag.py:3954} INFO - Setting next_dagrun for daily_batch_inference to 2025-08-03 00:00:00+00:00, run_after=2025-08-04 00:00:00+00:00
[2025-08-03T05:08:01.689+0000] {processor.py:183} INFO - Processing /opt/airflow/dags/batch_inference_dag.py took 0.193 seconds
[2025-08-03T05:08:31.920+0000] {processor.py:161} INFO - Started process (PID=516) to work on /opt/airflow/dags/batch_inference_dag.py
[2025-08-03T05:08:31.921+0000] {processor.py:830} INFO - Processing file /opt/airflow/dags/batch_inference_dag.py for tasks to queue
[2025-08-03T05:08:31.926+0000] {logging_mixin.py:188} INFO - [2025-08-03T05:08:31.926+0000] {dagbag.py:545} INFO - Filling up the DagBag from /opt/airflow/dags/batch_inference_dag.py
[2025-08-03T05:08:31.951+0000] {processor.py:840} INFO - DAG(s) 'daily_batch_inference' retrieved from /opt/airflow/dags/batch_inference_dag.py
[2025-08-03T05:08:31.996+0000] {logging_mixin.py:188} INFO - [2025-08-03T05:08:31.995+0000] {dag.py:3096} INFO - Sync 1 DAGs
[2025-08-03T05:08:32.037+0000] {logging_mixin.py:188} INFO - [2025-08-03T05:08:32.036+0000] {dag.py:3954} INFO - Setting next_dagrun for daily_batch_inference to 2025-08-03 00:00:00+00:00, run_after=2025-08-04 00:00:00+00:00
[2025-08-03T05:08:32.058+0000] {processor.py:183} INFO - Processing /opt/airflow/dags/batch_inference_dag.py took 0.147 seconds
[2025-08-03T05:09:02.149+0000] {processor.py:161} INFO - Started process (PID=534) to work on /opt/airflow/dags/batch_inference_dag.py
[2025-08-03T05:09:02.152+0000] {processor.py:830} INFO - Processing file /opt/airflow/dags/batch_inference_dag.py for tasks to queue
[2025-08-03T05:09:02.157+0000] {logging_mixin.py:188} INFO - [2025-08-03T05:09:02.156+0000] {dagbag.py:545} INFO - Filling up the DagBag from /opt/airflow/dags/batch_inference_dag.py
[2025-08-03T05:09:02.181+0000] {processor.py:840} INFO - DAG(s) 'daily_batch_inference' retrieved from /opt/airflow/dags/batch_inference_dag.py
[2025-08-03T05:09:02.227+0000] {logging_mixin.py:188} INFO - [2025-08-03T05:09:02.227+0000] {dag.py:3096} INFO - Sync 1 DAGs
[2025-08-03T05:09:02.269+0000] {logging_mixin.py:188} INFO - [2025-08-03T05:09:02.269+0000] {dag.py:3954} INFO - Setting next_dagrun for daily_batch_inference to 2025-08-03 00:00:00+00:00, run_after=2025-08-04 00:00:00+00:00
[2025-08-03T05:09:02.304+0000] {processor.py:183} INFO - Processing /opt/airflow/dags/batch_inference_dag.py took 0.167 seconds
[2025-08-03T05:09:32.521+0000] {processor.py:161} INFO - Started process (PID=550) to work on /opt/airflow/dags/batch_inference_dag.py
[2025-08-03T05:09:32.523+0000] {processor.py:830} INFO - Processing file /opt/airflow/dags/batch_inference_dag.py for tasks to queue
[2025-08-03T05:09:32.526+0000] {logging_mixin.py:188} INFO - [2025-08-03T05:09:32.526+0000] {dagbag.py:545} INFO - Filling up the DagBag from /opt/airflow/dags/batch_inference_dag.py
[2025-08-03T05:09:32.558+0000] {processor.py:840} INFO - DAG(s) 'daily_batch_inference' retrieved from /opt/airflow/dags/batch_inference_dag.py
[2025-08-03T05:09:32.602+0000] {logging_mixin.py:188} INFO - [2025-08-03T05:09:32.602+0000] {dag.py:3096} INFO - Sync 1 DAGs
[2025-08-03T05:09:32.640+0000] {logging_mixin.py:188} INFO - [2025-08-03T05:09:32.639+0000] {dag.py:3954} INFO - Setting next_dagrun for daily_batch_inference to 2025-08-03 00:00:00+00:00, run_after=2025-08-04 00:00:00+00:00
[2025-08-03T05:09:32.662+0000] {processor.py:183} INFO - Processing /opt/airflow/dags/batch_inference_dag.py took 0.154 seconds
[2025-08-03T05:10:02.837+0000] {processor.py:161} INFO - Started process (PID=558) to work on /opt/airflow/dags/batch_inference_dag.py
[2025-08-03T05:10:02.838+0000] {processor.py:830} INFO - Processing file /opt/airflow/dags/batch_inference_dag.py for tasks to queue
[2025-08-03T05:10:02.841+0000] {logging_mixin.py:188} INFO - [2025-08-03T05:10:02.840+0000] {dagbag.py:545} INFO - Filling up the DagBag from /opt/airflow/dags/batch_inference_dag.py
[2025-08-03T05:10:02.862+0000] {processor.py:840} INFO - DAG(s) 'daily_batch_inference' retrieved from /opt/airflow/dags/batch_inference_dag.py
[2025-08-03T05:10:02.898+0000] {logging_mixin.py:188} INFO - [2025-08-03T05:10:02.898+0000] {dag.py:3096} INFO - Sync 1 DAGs
[2025-08-03T05:10:02.932+0000] {logging_mixin.py:188} INFO - [2025-08-03T05:10:02.931+0000] {dag.py:3954} INFO - Setting next_dagrun for daily_batch_inference to 2025-08-03 00:00:00+00:00, run_after=2025-08-04 00:00:00+00:00
[2025-08-03T05:10:02.954+0000] {processor.py:183} INFO - Processing /opt/airflow/dags/batch_inference_dag.py took 0.126 seconds
[2025-08-03T05:10:33.220+0000] {processor.py:161} INFO - Started process (PID=575) to work on /opt/airflow/dags/batch_inference_dag.py
[2025-08-03T05:10:33.222+0000] {processor.py:830} INFO - Processing file /opt/airflow/dags/batch_inference_dag.py for tasks to queue
[2025-08-03T05:10:33.225+0000] {logging_mixin.py:188} INFO - [2025-08-03T05:10:33.224+0000] {dagbag.py:545} INFO - Filling up the DagBag from /opt/airflow/dags/batch_inference_dag.py
[2025-08-03T05:10:33.245+0000] {processor.py:840} INFO - DAG(s) 'daily_batch_inference' retrieved from /opt/airflow/dags/batch_inference_dag.py
[2025-08-03T05:10:33.283+0000] {logging_mixin.py:188} INFO - [2025-08-03T05:10:33.282+0000] {dag.py:3096} INFO - Sync 1 DAGs
[2025-08-03T05:10:33.320+0000] {logging_mixin.py:188} INFO - [2025-08-03T05:10:33.320+0000] {dag.py:3954} INFO - Setting next_dagrun for daily_batch_inference to 2025-08-03 00:00:00+00:00, run_after=2025-08-04 00:00:00+00:00
[2025-08-03T05:10:33.348+0000] {processor.py:183} INFO - Processing /opt/airflow/dags/batch_inference_dag.py took 0.137 seconds
[2025-08-03T05:11:03.553+0000] {processor.py:161} INFO - Started process (PID=592) to work on /opt/airflow/dags/batch_inference_dag.py
[2025-08-03T05:11:03.555+0000] {processor.py:830} INFO - Processing file /opt/airflow/dags/batch_inference_dag.py for tasks to queue
[2025-08-03T05:11:03.558+0000] {logging_mixin.py:188} INFO - [2025-08-03T05:11:03.558+0000] {dagbag.py:545} INFO - Filling up the DagBag from /opt/airflow/dags/batch_inference_dag.py
[2025-08-03T05:11:03.586+0000] {processor.py:840} INFO - DAG(s) 'daily_batch_inference' retrieved from /opt/airflow/dags/batch_inference_dag.py
[2025-08-03T05:11:03.622+0000] {logging_mixin.py:188} INFO - [2025-08-03T05:11:03.622+0000] {dag.py:3096} INFO - Sync 1 DAGs
[2025-08-03T05:11:03.656+0000] {logging_mixin.py:188} INFO - [2025-08-03T05:11:03.656+0000] {dag.py:3954} INFO - Setting next_dagrun for daily_batch_inference to 2025-08-03 00:00:00+00:00, run_after=2025-08-04 00:00:00+00:00
[2025-08-03T05:11:03.680+0000] {processor.py:183} INFO - Processing /opt/airflow/dags/batch_inference_dag.py took 0.135 seconds
[2025-08-03T05:11:34.118+0000] {processor.py:161} INFO - Started process (PID=609) to work on /opt/airflow/dags/batch_inference_dag.py
[2025-08-03T05:11:34.121+0000] {processor.py:830} INFO - Processing file /opt/airflow/dags/batch_inference_dag.py for tasks to queue
[2025-08-03T05:11:34.126+0000] {logging_mixin.py:188} INFO - [2025-08-03T05:11:34.125+0000] {dagbag.py:545} INFO - Filling up the DagBag from /opt/airflow/dags/batch_inference_dag.py
[2025-08-03T05:11:34.156+0000] {processor.py:840} INFO - DAG(s) 'daily_batch_inference' retrieved from /opt/airflow/dags/batch_inference_dag.py
[2025-08-03T05:11:34.242+0000] {logging_mixin.py:188} INFO - [2025-08-03T05:11:34.242+0000] {dag.py:3096} INFO - Sync 1 DAGs
[2025-08-03T05:11:34.302+0000] {logging_mixin.py:188} INFO - [2025-08-03T05:11:34.302+0000] {dag.py:3954} INFO - Setting next_dagrun for daily_batch_inference to 2025-08-03 00:00:00+00:00, run_after=2025-08-04 00:00:00+00:00
[2025-08-03T05:11:34.337+0000] {processor.py:183} INFO - Processing /opt/airflow/dags/batch_inference_dag.py took 0.234 seconds
[2025-08-03T05:12:04.566+0000] {processor.py:161} INFO - Started process (PID=626) to work on /opt/airflow/dags/batch_inference_dag.py
[2025-08-03T05:12:04.574+0000] {processor.py:830} INFO - Processing file /opt/airflow/dags/batch_inference_dag.py for tasks to queue
[2025-08-03T05:12:04.578+0000] {logging_mixin.py:188} INFO - [2025-08-03T05:12:04.577+0000] {dagbag.py:545} INFO - Filling up the DagBag from /opt/airflow/dags/batch_inference_dag.py
[2025-08-03T05:12:04.610+0000] {processor.py:840} INFO - DAG(s) 'daily_batch_inference' retrieved from /opt/airflow/dags/batch_inference_dag.py
[2025-08-03T05:12:04.680+0000] {logging_mixin.py:188} INFO - [2025-08-03T05:12:04.680+0000] {dag.py:3096} INFO - Sync 1 DAGs
[2025-08-03T05:12:04.730+0000] {logging_mixin.py:188} INFO - [2025-08-03T05:12:04.729+0000] {dag.py:3954} INFO - Setting next_dagrun for daily_batch_inference to 2025-08-03 00:00:00+00:00, run_after=2025-08-04 00:00:00+00:00
[2025-08-03T05:12:04.767+0000] {processor.py:183} INFO - Processing /opt/airflow/dags/batch_inference_dag.py took 0.209 seconds
[2025-08-03T05:12:35.021+0000] {processor.py:161} INFO - Started process (PID=643) to work on /opt/airflow/dags/batch_inference_dag.py
[2025-08-03T05:12:35.023+0000] {processor.py:830} INFO - Processing file /opt/airflow/dags/batch_inference_dag.py for tasks to queue
[2025-08-03T05:12:35.026+0000] {logging_mixin.py:188} INFO - [2025-08-03T05:12:35.026+0000] {dagbag.py:545} INFO - Filling up the DagBag from /opt/airflow/dags/batch_inference_dag.py
[2025-08-03T05:12:35.052+0000] {processor.py:840} INFO - DAG(s) 'daily_batch_inference' retrieved from /opt/airflow/dags/batch_inference_dag.py
[2025-08-03T05:12:35.096+0000] {logging_mixin.py:188} INFO - [2025-08-03T05:12:35.096+0000] {dag.py:3096} INFO - Sync 1 DAGs
[2025-08-03T05:12:35.138+0000] {logging_mixin.py:188} INFO - [2025-08-03T05:12:35.138+0000] {dag.py:3954} INFO - Setting next_dagrun for daily_batch_inference to 2025-08-03 00:00:00+00:00, run_after=2025-08-04 00:00:00+00:00
[2025-08-03T05:12:35.164+0000] {processor.py:183} INFO - Processing /opt/airflow/dags/batch_inference_dag.py took 0.153 seconds
[2025-08-03T05:13:05.237+0000] {processor.py:161} INFO - Started process (PID=660) to work on /opt/airflow/dags/batch_inference_dag.py
[2025-08-03T05:13:05.239+0000] {processor.py:830} INFO - Processing file /opt/airflow/dags/batch_inference_dag.py for tasks to queue
[2025-08-03T05:13:05.242+0000] {logging_mixin.py:188} INFO - [2025-08-03T05:13:05.241+0000] {dagbag.py:545} INFO - Filling up the DagBag from /opt/airflow/dags/batch_inference_dag.py
[2025-08-03T05:13:05.264+0000] {processor.py:840} INFO - DAG(s) 'daily_batch_inference' retrieved from /opt/airflow/dags/batch_inference_dag.py
[2025-08-03T05:13:05.313+0000] {logging_mixin.py:188} INFO - [2025-08-03T05:13:05.313+0000] {dag.py:3096} INFO - Sync 1 DAGs
[2025-08-03T05:13:05.355+0000] {logging_mixin.py:188} INFO - [2025-08-03T05:13:05.354+0000] {dag.py:3954} INFO - Setting next_dagrun for daily_batch_inference to 2025-08-03 00:00:00+00:00, run_after=2025-08-04 00:00:00+00:00
[2025-08-03T05:13:05.380+0000] {processor.py:183} INFO - Processing /opt/airflow/dags/batch_inference_dag.py took 0.153 seconds
[2025-08-03T05:13:34.577+0000] {processor.py:161} INFO - Started process (PID=676) to work on /opt/airflow/dags/batch_inference_dag.py
[2025-08-03T05:13:34.579+0000] {processor.py:830} INFO - Processing file /opt/airflow/dags/batch_inference_dag.py for tasks to queue
[2025-08-03T05:13:34.583+0000] {logging_mixin.py:188} INFO - [2025-08-03T05:13:34.582+0000] {dagbag.py:545} INFO - Filling up the DagBag from /opt/airflow/dags/batch_inference_dag.py
[2025-08-03T05:13:34.613+0000] {processor.py:840} INFO - DAG(s) 'daily_batch_inference' retrieved from /opt/airflow/dags/batch_inference_dag.py
[2025-08-03T05:13:34.835+0000] {logging_mixin.py:188} INFO - [2025-08-03T05:13:34.834+0000] {dag.py:3096} INFO - Sync 1 DAGs
[2025-08-03T05:13:34.869+0000] {logging_mixin.py:188} INFO - [2025-08-03T05:13:34.868+0000] {dag.py:3954} INFO - Setting next_dagrun for daily_batch_inference to 2025-08-03 00:00:00+00:00, run_after=2025-08-04 00:00:00+00:00
[2025-08-03T05:13:34.898+0000] {processor.py:183} INFO - Processing /opt/airflow/dags/batch_inference_dag.py took 0.334 seconds
[2025-08-03T05:14:03.443+0000] {processor.py:161} INFO - Started process (PID=693) to work on /opt/airflow/dags/batch_inference_dag.py
[2025-08-03T05:14:06.123+0000] {processor.py:830} INFO - Processing file /opt/airflow/dags/batch_inference_dag.py for tasks to queue
[2025-08-03T05:14:19.830+0000] {logging_mixin.py:188} INFO - [2025-08-03T05:14:10.082+0000] {dagbag.py:545} INFO - Filling up the DagBag from /opt/airflow/dags/batch_inference_dag.py
[2025-08-03T05:14:28.988+0000] {processor.py:840} INFO - DAG(s) 'daily_batch_inference' retrieved from /opt/airflow/dags/batch_inference_dag.py
[2025-08-03T05:14:29.605+0000] {logging_mixin.py:188} INFO - [2025-08-03T05:14:29.603+0000] {dag.py:3096} INFO - Sync 1 DAGs
[2025-08-03T05:14:29.793+0000] {logging_mixin.py:188} INFO - [2025-08-03T05:14:29.792+0000] {dag.py:3954} INFO - Setting next_dagrun for daily_batch_inference to 2025-08-03 00:00:00+00:00, run_after=2025-08-04 00:00:00+00:00
[2025-08-03T05:14:29.948+0000] {processor.py:183} INFO - Processing /opt/airflow/dags/batch_inference_dag.py took 27.456 seconds
[2025-08-03T05:15:00.577+0000] {processor.py:161} INFO - Started process (PID=715) to work on /opt/airflow/dags/batch_inference_dag.py
[2025-08-03T05:15:00.584+0000] {processor.py:830} INFO - Processing file /opt/airflow/dags/batch_inference_dag.py for tasks to queue
[2025-08-03T05:15:00.589+0000] {logging_mixin.py:188} INFO - [2025-08-03T05:15:00.587+0000] {dagbag.py:545} INFO - Filling up the DagBag from /opt/airflow/dags/batch_inference_dag.py
[2025-08-03T05:15:00.647+0000] {processor.py:840} INFO - DAG(s) 'daily_batch_inference' retrieved from /opt/airflow/dags/batch_inference_dag.py
[2025-08-03T05:15:00.737+0000] {logging_mixin.py:188} INFO - [2025-08-03T05:15:00.737+0000] {dag.py:3096} INFO - Sync 1 DAGs
[2025-08-03T05:15:00.822+0000] {logging_mixin.py:188} INFO - [2025-08-03T05:15:00.822+0000] {dag.py:3954} INFO - Setting next_dagrun for daily_batch_inference to 2025-08-03 00:00:00+00:00, run_after=2025-08-04 00:00:00+00:00
[2025-08-03T05:15:00.883+0000] {processor.py:183} INFO - Processing /opt/airflow/dags/batch_inference_dag.py took 0.339 seconds
[2025-08-03T05:15:31.680+0000] {processor.py:161} INFO - Started process (PID=724) to work on /opt/airflow/dags/batch_inference_dag.py
[2025-08-03T05:15:31.681+0000] {processor.py:830} INFO - Processing file /opt/airflow/dags/batch_inference_dag.py for tasks to queue
[2025-08-03T05:15:31.683+0000] {logging_mixin.py:188} INFO - [2025-08-03T05:15:31.683+0000] {dagbag.py:545} INFO - Filling up the DagBag from /opt/airflow/dags/batch_inference_dag.py
[2025-08-03T05:15:31.707+0000] {processor.py:840} INFO - DAG(s) 'daily_batch_inference' retrieved from /opt/airflow/dags/batch_inference_dag.py
[2025-08-03T05:15:31.747+0000] {logging_mixin.py:188} INFO - [2025-08-03T05:15:31.747+0000] {dag.py:3096} INFO - Sync 1 DAGs
[2025-08-03T05:15:31.784+0000] {logging_mixin.py:188} INFO - [2025-08-03T05:15:31.784+0000] {dag.py:3954} INFO - Setting next_dagrun for daily_batch_inference to 2025-08-03 00:00:00+00:00, run_after=2025-08-04 00:00:00+00:00
[2025-08-03T05:15:31.808+0000] {processor.py:183} INFO - Processing /opt/airflow/dags/batch_inference_dag.py took 0.137 seconds
[2025-08-03T05:16:02.192+0000] {processor.py:161} INFO - Started process (PID=741) to work on /opt/airflow/dags/batch_inference_dag.py
[2025-08-03T05:16:02.195+0000] {processor.py:830} INFO - Processing file /opt/airflow/dags/batch_inference_dag.py for tasks to queue
[2025-08-03T05:16:02.197+0000] {logging_mixin.py:188} INFO - [2025-08-03T05:16:02.196+0000] {dagbag.py:545} INFO - Filling up the DagBag from /opt/airflow/dags/batch_inference_dag.py
[2025-08-03T05:16:02.227+0000] {processor.py:840} INFO - DAG(s) 'daily_batch_inference' retrieved from /opt/airflow/dags/batch_inference_dag.py
[2025-08-03T05:16:02.271+0000] {logging_mixin.py:188} INFO - [2025-08-03T05:16:02.271+0000] {dag.py:3096} INFO - Sync 1 DAGs
[2025-08-03T05:16:02.314+0000] {logging_mixin.py:188} INFO - [2025-08-03T05:16:02.314+0000] {dag.py:3954} INFO - Setting next_dagrun for daily_batch_inference to 2025-08-03 00:00:00+00:00, run_after=2025-08-04 00:00:00+00:00
[2025-08-03T05:16:02.352+0000] {processor.py:183} INFO - Processing /opt/airflow/dags/batch_inference_dag.py took 0.172 seconds
[2025-08-03T05:16:32.404+0000] {processor.py:161} INFO - Started process (PID=758) to work on /opt/airflow/dags/batch_inference_dag.py
[2025-08-03T05:16:32.406+0000] {processor.py:830} INFO - Processing file /opt/airflow/dags/batch_inference_dag.py for tasks to queue
[2025-08-03T05:16:32.408+0000] {logging_mixin.py:188} INFO - [2025-08-03T05:16:32.407+0000] {dagbag.py:545} INFO - Filling up the DagBag from /opt/airflow/dags/batch_inference_dag.py
[2025-08-03T05:16:32.429+0000] {processor.py:840} INFO - DAG(s) 'daily_batch_inference' retrieved from /opt/airflow/dags/batch_inference_dag.py
[2025-08-03T05:16:32.472+0000] {logging_mixin.py:188} INFO - [2025-08-03T05:16:32.471+0000] {dag.py:3096} INFO - Sync 1 DAGs
[2025-08-03T05:16:32.522+0000] {logging_mixin.py:188} INFO - [2025-08-03T05:16:32.521+0000] {dag.py:3954} INFO - Setting next_dagrun for daily_batch_inference to 2025-08-03 00:00:00+00:00, run_after=2025-08-04 00:00:00+00:00
[2025-08-03T05:16:32.566+0000] {processor.py:183} INFO - Processing /opt/airflow/dags/batch_inference_dag.py took 0.173 seconds
[2025-08-03T05:17:03.056+0000] {processor.py:161} INFO - Started process (PID=775) to work on /opt/airflow/dags/batch_inference_dag.py
[2025-08-03T05:17:03.058+0000] {processor.py:830} INFO - Processing file /opt/airflow/dags/batch_inference_dag.py for tasks to queue
[2025-08-03T05:17:03.063+0000] {logging_mixin.py:188} INFO - [2025-08-03T05:17:03.062+0000] {dagbag.py:545} INFO - Filling up the DagBag from /opt/airflow/dags/batch_inference_dag.py
[2025-08-03T05:17:03.090+0000] {processor.py:840} INFO - DAG(s) 'daily_batch_inference' retrieved from /opt/airflow/dags/batch_inference_dag.py
[2025-08-03T05:17:03.129+0000] {logging_mixin.py:188} INFO - [2025-08-03T05:17:03.128+0000] {dag.py:3096} INFO - Sync 1 DAGs
[2025-08-03T05:17:03.168+0000] {logging_mixin.py:188} INFO - [2025-08-03T05:17:03.168+0000] {dag.py:3954} INFO - Setting next_dagrun for daily_batch_inference to 2025-08-03 00:00:00+00:00, run_after=2025-08-04 00:00:00+00:00
[2025-08-03T05:17:03.197+0000] {processor.py:183} INFO - Processing /opt/airflow/dags/batch_inference_dag.py took 0.153 seconds
[2025-08-03T05:17:33.425+0000] {processor.py:161} INFO - Started process (PID=792) to work on /opt/airflow/dags/batch_inference_dag.py
[2025-08-03T05:17:33.427+0000] {processor.py:830} INFO - Processing file /opt/airflow/dags/batch_inference_dag.py for tasks to queue
[2025-08-03T05:17:33.429+0000] {logging_mixin.py:188} INFO - [2025-08-03T05:17:33.429+0000] {dagbag.py:545} INFO - Filling up the DagBag from /opt/airflow/dags/batch_inference_dag.py
[2025-08-03T05:17:33.460+0000] {processor.py:840} INFO - DAG(s) 'daily_batch_inference' retrieved from /opt/airflow/dags/batch_inference_dag.py
[2025-08-03T05:17:33.519+0000] {logging_mixin.py:188} INFO - [2025-08-03T05:17:33.519+0000] {dag.py:3096} INFO - Sync 1 DAGs
[2025-08-03T05:17:33.567+0000] {logging_mixin.py:188} INFO - [2025-08-03T05:17:33.566+0000] {dag.py:3954} INFO - Setting next_dagrun for daily_batch_inference to 2025-08-03 00:00:00+00:00, run_after=2025-08-04 00:00:00+00:00
[2025-08-03T05:17:33.603+0000] {processor.py:183} INFO - Processing /opt/airflow/dags/batch_inference_dag.py took 0.186 seconds
[2025-08-03T05:18:03.731+0000] {processor.py:161} INFO - Started process (PID=809) to work on /opt/airflow/dags/batch_inference_dag.py
[2025-08-03T05:18:03.733+0000] {processor.py:830} INFO - Processing file /opt/airflow/dags/batch_inference_dag.py for tasks to queue
[2025-08-03T05:18:03.737+0000] {logging_mixin.py:188} INFO - [2025-08-03T05:18:03.736+0000] {dagbag.py:545} INFO - Filling up the DagBag from /opt/airflow/dags/batch_inference_dag.py
[2025-08-03T05:18:03.775+0000] {processor.py:840} INFO - DAG(s) 'daily_batch_inference' retrieved from /opt/airflow/dags/batch_inference_dag.py
[2025-08-03T05:18:03.834+0000] {logging_mixin.py:188} INFO - [2025-08-03T05:18:03.833+0000] {dag.py:3096} INFO - Sync 1 DAGs
[2025-08-03T05:18:03.907+0000] {logging_mixin.py:188} INFO - [2025-08-03T05:18:03.906+0000] {dag.py:3954} INFO - Setting next_dagrun for daily_batch_inference to 2025-08-03 00:00:00+00:00, run_after=2025-08-04 00:00:00+00:00
[2025-08-03T05:18:03.957+0000] {processor.py:183} INFO - Processing /opt/airflow/dags/batch_inference_dag.py took 0.241 seconds
[2025-08-03T05:18:34.207+0000] {processor.py:161} INFO - Started process (PID=826) to work on /opt/airflow/dags/batch_inference_dag.py
[2025-08-03T05:18:34.209+0000] {processor.py:830} INFO - Processing file /opt/airflow/dags/batch_inference_dag.py for tasks to queue
[2025-08-03T05:18:34.211+0000] {logging_mixin.py:188} INFO - [2025-08-03T05:18:34.211+0000] {dagbag.py:545} INFO - Filling up the DagBag from /opt/airflow/dags/batch_inference_dag.py
[2025-08-03T05:18:34.235+0000] {processor.py:840} INFO - DAG(s) 'daily_batch_inference' retrieved from /opt/airflow/dags/batch_inference_dag.py
[2025-08-03T05:18:34.286+0000] {logging_mixin.py:188} INFO - [2025-08-03T05:18:34.286+0000] {dag.py:3096} INFO - Sync 1 DAGs
[2025-08-03T05:18:34.353+0000] {logging_mixin.py:188} INFO - [2025-08-03T05:18:34.352+0000] {dag.py:3954} INFO - Setting next_dagrun for daily_batch_inference to 2025-08-03 00:00:00+00:00, run_after=2025-08-04 00:00:00+00:00
[2025-08-03T05:18:34.392+0000] {processor.py:183} INFO - Processing /opt/airflow/dags/batch_inference_dag.py took 0.196 seconds
[2025-08-03T05:19:04.913+0000] {processor.py:161} INFO - Started process (PID=843) to work on /opt/airflow/dags/batch_inference_dag.py
[2025-08-03T05:19:04.915+0000] {processor.py:830} INFO - Processing file /opt/airflow/dags/batch_inference_dag.py for tasks to queue
[2025-08-03T05:19:04.919+0000] {logging_mixin.py:188} INFO - [2025-08-03T05:19:04.917+0000] {dagbag.py:545} INFO - Filling up the DagBag from /opt/airflow/dags/batch_inference_dag.py
[2025-08-03T05:19:04.950+0000] {processor.py:840} INFO - DAG(s) 'daily_batch_inference' retrieved from /opt/airflow/dags/batch_inference_dag.py
[2025-08-03T05:19:04.993+0000] {logging_mixin.py:188} INFO - [2025-08-03T05:19:04.993+0000] {dag.py:3096} INFO - Sync 1 DAGs
[2025-08-03T05:19:05.035+0000] {logging_mixin.py:188} INFO - [2025-08-03T05:19:05.035+0000] {dag.py:3954} INFO - Setting next_dagrun for daily_batch_inference to 2025-08-03 00:00:00+00:00, run_after=2025-08-04 00:00:00+00:00
[2025-08-03T05:19:05.065+0000] {processor.py:183} INFO - Processing /opt/airflow/dags/batch_inference_dag.py took 0.163 seconds
[2025-08-03T05:19:35.439+0000] {processor.py:161} INFO - Started process (PID=860) to work on /opt/airflow/dags/batch_inference_dag.py
[2025-08-03T05:19:35.450+0000] {processor.py:830} INFO - Processing file /opt/airflow/dags/batch_inference_dag.py for tasks to queue
[2025-08-03T05:19:35.453+0000] {logging_mixin.py:188} INFO - [2025-08-03T05:19:35.452+0000] {dagbag.py:545} INFO - Filling up the DagBag from /opt/airflow/dags/batch_inference_dag.py
[2025-08-03T05:19:35.510+0000] {processor.py:840} INFO - DAG(s) 'daily_batch_inference' retrieved from /opt/airflow/dags/batch_inference_dag.py
[2025-08-03T05:19:35.579+0000] {logging_mixin.py:188} INFO - [2025-08-03T05:19:35.578+0000] {dag.py:3096} INFO - Sync 1 DAGs
[2025-08-03T05:19:35.640+0000] {logging_mixin.py:188} INFO - [2025-08-03T05:19:35.640+0000] {dag.py:3954} INFO - Setting next_dagrun for daily_batch_inference to 2025-08-03 00:00:00+00:00, run_after=2025-08-04 00:00:00+00:00
[2025-08-03T05:19:35.686+0000] {processor.py:183} INFO - Processing /opt/airflow/dags/batch_inference_dag.py took 0.264 seconds
[2025-08-03T05:20:05.868+0000] {processor.py:161} INFO - Started process (PID=877) to work on /opt/airflow/dags/batch_inference_dag.py
[2025-08-03T05:20:05.873+0000] {processor.py:830} INFO - Processing file /opt/airflow/dags/batch_inference_dag.py for tasks to queue
[2025-08-03T05:20:05.876+0000] {logging_mixin.py:188} INFO - [2025-08-03T05:20:05.875+0000] {dagbag.py:545} INFO - Filling up the DagBag from /opt/airflow/dags/batch_inference_dag.py
[2025-08-03T05:20:05.913+0000] {processor.py:840} INFO - DAG(s) 'daily_batch_inference' retrieved from /opt/airflow/dags/batch_inference_dag.py
[2025-08-03T05:20:05.979+0000] {logging_mixin.py:188} INFO - [2025-08-03T05:20:05.978+0000] {dag.py:3096} INFO - Sync 1 DAGs
[2025-08-03T05:20:06.020+0000] {logging_mixin.py:188} INFO - [2025-08-03T05:20:06.019+0000] {dag.py:3954} INFO - Setting next_dagrun for daily_batch_inference to 2025-08-03 00:00:00+00:00, run_after=2025-08-04 00:00:00+00:00
[2025-08-03T05:20:06.046+0000] {processor.py:183} INFO - Processing /opt/airflow/dags/batch_inference_dag.py took 0.197 seconds
[2025-08-03T05:20:36.291+0000] {processor.py:161} INFO - Started process (PID=894) to work on /opt/airflow/dags/batch_inference_dag.py
[2025-08-03T05:20:36.293+0000] {processor.py:830} INFO - Processing file /opt/airflow/dags/batch_inference_dag.py for tasks to queue
[2025-08-03T05:20:36.295+0000] {logging_mixin.py:188} INFO - [2025-08-03T05:20:36.294+0000] {dagbag.py:545} INFO - Filling up the DagBag from /opt/airflow/dags/batch_inference_dag.py
[2025-08-03T05:20:36.322+0000] {processor.py:840} INFO - DAG(s) 'daily_batch_inference' retrieved from /opt/airflow/dags/batch_inference_dag.py
[2025-08-03T05:20:36.366+0000] {logging_mixin.py:188} INFO - [2025-08-03T05:20:36.365+0000] {dag.py:3096} INFO - Sync 1 DAGs
[2025-08-03T05:20:36.412+0000] {logging_mixin.py:188} INFO - [2025-08-03T05:20:36.411+0000] {dag.py:3954} INFO - Setting next_dagrun for daily_batch_inference to 2025-08-03 00:00:00+00:00, run_after=2025-08-04 00:00:00+00:00
[2025-08-03T05:20:36.443+0000] {processor.py:183} INFO - Processing /opt/airflow/dags/batch_inference_dag.py took 0.163 seconds
[2025-08-03T05:21:06.501+0000] {processor.py:161} INFO - Started process (PID=911) to work on /opt/airflow/dags/batch_inference_dag.py
[2025-08-03T05:21:06.503+0000] {processor.py:830} INFO - Processing file /opt/airflow/dags/batch_inference_dag.py for tasks to queue
[2025-08-03T05:21:06.505+0000] {logging_mixin.py:188} INFO - [2025-08-03T05:21:06.504+0000] {dagbag.py:545} INFO - Filling up the DagBag from /opt/airflow/dags/batch_inference_dag.py
[2025-08-03T05:21:06.532+0000] {processor.py:840} INFO - DAG(s) 'daily_batch_inference' retrieved from /opt/airflow/dags/batch_inference_dag.py
[2025-08-03T05:21:06.605+0000] {logging_mixin.py:188} INFO - [2025-08-03T05:21:06.604+0000] {dag.py:3096} INFO - Sync 1 DAGs
[2025-08-03T05:21:06.695+0000] {logging_mixin.py:188} INFO - [2025-08-03T05:21:06.695+0000] {dag.py:3954} INFO - Setting next_dagrun for daily_batch_inference to 2025-08-03 00:00:00+00:00, run_after=2025-08-04 00:00:00+00:00
[2025-08-03T05:21:06.759+0000] {processor.py:183} INFO - Processing /opt/airflow/dags/batch_inference_dag.py took 0.270 seconds
[2025-08-03T05:21:36.850+0000] {processor.py:161} INFO - Started process (PID=928) to work on /opt/airflow/dags/batch_inference_dag.py
[2025-08-03T05:21:36.854+0000] {processor.py:830} INFO - Processing file /opt/airflow/dags/batch_inference_dag.py for tasks to queue
[2025-08-03T05:21:36.857+0000] {logging_mixin.py:188} INFO - [2025-08-03T05:21:36.856+0000] {dagbag.py:545} INFO - Filling up the DagBag from /opt/airflow/dags/batch_inference_dag.py
[2025-08-03T05:21:36.900+0000] {processor.py:840} INFO - DAG(s) 'daily_batch_inference' retrieved from /opt/airflow/dags/batch_inference_dag.py
[2025-08-03T05:21:36.986+0000] {logging_mixin.py:188} INFO - [2025-08-03T05:21:36.985+0000] {dag.py:3096} INFO - Sync 1 DAGs
[2025-08-03T05:21:37.107+0000] {logging_mixin.py:188} INFO - [2025-08-03T05:21:37.106+0000] {dag.py:3954} INFO - Setting next_dagrun for daily_batch_inference to 2025-08-03 00:00:00+00:00, run_after=2025-08-04 00:00:00+00:00
[2025-08-03T05:21:37.170+0000] {processor.py:183} INFO - Processing /opt/airflow/dags/batch_inference_dag.py took 0.341 seconds
[2025-08-03T05:22:07.453+0000] {processor.py:161} INFO - Started process (PID=945) to work on /opt/airflow/dags/batch_inference_dag.py
[2025-08-03T05:22:07.455+0000] {processor.py:830} INFO - Processing file /opt/airflow/dags/batch_inference_dag.py for tasks to queue
[2025-08-03T05:22:07.456+0000] {logging_mixin.py:188} INFO - [2025-08-03T05:22:07.456+0000] {dagbag.py:545} INFO - Filling up the DagBag from /opt/airflow/dags/batch_inference_dag.py
[2025-08-03T05:22:07.476+0000] {processor.py:840} INFO - DAG(s) 'daily_batch_inference' retrieved from /opt/airflow/dags/batch_inference_dag.py
[2025-08-03T05:22:07.514+0000] {logging_mixin.py:188} INFO - [2025-08-03T05:22:07.513+0000] {dag.py:3096} INFO - Sync 1 DAGs
[2025-08-03T05:22:07.548+0000] {logging_mixin.py:188} INFO - [2025-08-03T05:22:07.547+0000] {dag.py:3954} INFO - Setting next_dagrun for daily_batch_inference to 2025-08-03 00:00:00+00:00, run_after=2025-08-04 00:00:00+00:00
[2025-08-03T05:22:07.575+0000] {processor.py:183} INFO - Processing /opt/airflow/dags/batch_inference_dag.py took 0.131 seconds
[2025-08-03T05:22:38.012+0000] {processor.py:161} INFO - Started process (PID=953) to work on /opt/airflow/dags/batch_inference_dag.py
[2025-08-03T05:22:38.014+0000] {processor.py:830} INFO - Processing file /opt/airflow/dags/batch_inference_dag.py for tasks to queue
[2025-08-03T05:22:38.016+0000] {logging_mixin.py:188} INFO - [2025-08-03T05:22:38.015+0000] {dagbag.py:545} INFO - Filling up the DagBag from /opt/airflow/dags/batch_inference_dag.py
[2025-08-03T05:22:38.036+0000] {processor.py:840} INFO - DAG(s) 'daily_batch_inference' retrieved from /opt/airflow/dags/batch_inference_dag.py
[2025-08-03T05:22:38.082+0000] {logging_mixin.py:188} INFO - [2025-08-03T05:22:38.082+0000] {dag.py:3096} INFO - Sync 1 DAGs
[2025-08-03T05:22:38.122+0000] {logging_mixin.py:188} INFO - [2025-08-03T05:22:38.121+0000] {dag.py:3954} INFO - Setting next_dagrun for daily_batch_inference to 2025-08-03 00:00:00+00:00, run_after=2025-08-04 00:00:00+00:00
[2025-08-03T05:22:38.150+0000] {processor.py:183} INFO - Processing /opt/airflow/dags/batch_inference_dag.py took 0.149 seconds
[2025-08-03T05:23:08.392+0000] {processor.py:161} INFO - Started process (PID=970) to work on /opt/airflow/dags/batch_inference_dag.py
[2025-08-03T05:23:08.397+0000] {processor.py:830} INFO - Processing file /opt/airflow/dags/batch_inference_dag.py for tasks to queue
[2025-08-03T05:23:08.399+0000] {logging_mixin.py:188} INFO - [2025-08-03T05:23:08.398+0000] {dagbag.py:545} INFO - Filling up the DagBag from /opt/airflow/dags/batch_inference_dag.py
[2025-08-03T05:23:08.422+0000] {processor.py:840} INFO - DAG(s) 'daily_batch_inference' retrieved from /opt/airflow/dags/batch_inference_dag.py
[2025-08-03T05:23:08.464+0000] {logging_mixin.py:188} INFO - [2025-08-03T05:23:08.464+0000] {dag.py:3096} INFO - Sync 1 DAGs
[2025-08-03T05:23:08.501+0000] {logging_mixin.py:188} INFO - [2025-08-03T05:23:08.500+0000] {dag.py:3954} INFO - Setting next_dagrun for daily_batch_inference to 2025-08-03 00:00:00+00:00, run_after=2025-08-04 00:00:00+00:00
[2025-08-03T05:23:08.526+0000] {processor.py:183} INFO - Processing /opt/airflow/dags/batch_inference_dag.py took 0.146 seconds
[2025-08-03T05:23:38.569+0000] {processor.py:161} INFO - Started process (PID=987) to work on /opt/airflow/dags/batch_inference_dag.py
[2025-08-03T05:23:38.571+0000] {processor.py:830} INFO - Processing file /opt/airflow/dags/batch_inference_dag.py for tasks to queue
[2025-08-03T05:23:38.573+0000] {logging_mixin.py:188} INFO - [2025-08-03T05:23:38.572+0000] {dagbag.py:545} INFO - Filling up the DagBag from /opt/airflow/dags/batch_inference_dag.py
[2025-08-03T05:23:38.594+0000] {processor.py:840} INFO - DAG(s) 'daily_batch_inference' retrieved from /opt/airflow/dags/batch_inference_dag.py
[2025-08-03T05:23:38.632+0000] {logging_mixin.py:188} INFO - [2025-08-03T05:23:38.632+0000] {dag.py:3096} INFO - Sync 1 DAGs
[2025-08-03T05:23:38.670+0000] {logging_mixin.py:188} INFO - [2025-08-03T05:23:38.670+0000] {dag.py:3954} INFO - Setting next_dagrun for daily_batch_inference to 2025-08-03 00:00:00+00:00, run_after=2025-08-04 00:00:00+00:00
[2025-08-03T05:23:38.704+0000] {processor.py:183} INFO - Processing /opt/airflow/dags/batch_inference_dag.py took 0.144 seconds
[2025-08-03T05:24:08.762+0000] {processor.py:161} INFO - Started process (PID=1004) to work on /opt/airflow/dags/batch_inference_dag.py
[2025-08-03T05:24:08.764+0000] {processor.py:830} INFO - Processing file /opt/airflow/dags/batch_inference_dag.py for tasks to queue
[2025-08-03T05:24:08.765+0000] {logging_mixin.py:188} INFO - [2025-08-03T05:24:08.765+0000] {dagbag.py:545} INFO - Filling up the DagBag from /opt/airflow/dags/batch_inference_dag.py
[2025-08-03T05:24:08.785+0000] {processor.py:840} INFO - DAG(s) 'daily_batch_inference' retrieved from /opt/airflow/dags/batch_inference_dag.py
[2025-08-03T05:24:08.821+0000] {logging_mixin.py:188} INFO - [2025-08-03T05:24:08.821+0000] {dag.py:3096} INFO - Sync 1 DAGs
[2025-08-03T05:24:08.856+0000] {logging_mixin.py:188} INFO - [2025-08-03T05:24:08.856+0000] {dag.py:3954} INFO - Setting next_dagrun for daily_batch_inference to 2025-08-03 00:00:00+00:00, run_after=2025-08-04 00:00:00+00:00
[2025-08-03T05:24:08.879+0000] {processor.py:183} INFO - Processing /opt/airflow/dags/batch_inference_dag.py took 0.126 seconds
[2025-08-03T05:24:38.911+0000] {processor.py:161} INFO - Started process (PID=1021) to work on /opt/airflow/dags/batch_inference_dag.py
[2025-08-03T05:24:38.913+0000] {processor.py:830} INFO - Processing file /opt/airflow/dags/batch_inference_dag.py for tasks to queue
[2025-08-03T05:24:38.914+0000] {logging_mixin.py:188} INFO - [2025-08-03T05:24:38.914+0000] {dagbag.py:545} INFO - Filling up the DagBag from /opt/airflow/dags/batch_inference_dag.py
[2025-08-03T05:24:38.935+0000] {processor.py:840} INFO - DAG(s) 'daily_batch_inference' retrieved from /opt/airflow/dags/batch_inference_dag.py
[2025-08-03T05:24:38.972+0000] {logging_mixin.py:188} INFO - [2025-08-03T05:24:38.972+0000] {dag.py:3096} INFO - Sync 1 DAGs
[2025-08-03T05:24:39.009+0000] {logging_mixin.py:188} INFO - [2025-08-03T05:24:39.009+0000] {dag.py:3954} INFO - Setting next_dagrun for daily_batch_inference to 2025-08-03 00:00:00+00:00, run_after=2025-08-04 00:00:00+00:00
[2025-08-03T05:24:39.033+0000] {processor.py:183} INFO - Processing /opt/airflow/dags/batch_inference_dag.py took 0.131 seconds
[2025-08-03T05:25:09.426+0000] {processor.py:161} INFO - Started process (PID=1038) to work on /opt/airflow/dags/batch_inference_dag.py
[2025-08-03T05:25:09.428+0000] {processor.py:830} INFO - Processing file /opt/airflow/dags/batch_inference_dag.py for tasks to queue
[2025-08-03T05:25:09.429+0000] {logging_mixin.py:188} INFO - [2025-08-03T05:25:09.429+0000] {dagbag.py:545} INFO - Filling up the DagBag from /opt/airflow/dags/batch_inference_dag.py
[2025-08-03T05:25:09.450+0000] {processor.py:840} INFO - DAG(s) 'daily_batch_inference' retrieved from /opt/airflow/dags/batch_inference_dag.py
[2025-08-03T05:25:09.491+0000] {logging_mixin.py:188} INFO - [2025-08-03T05:25:09.490+0000] {dag.py:3096} INFO - Sync 1 DAGs
[2025-08-03T05:25:09.527+0000] {logging_mixin.py:188} INFO - [2025-08-03T05:25:09.526+0000] {dag.py:3954} INFO - Setting next_dagrun for daily_batch_inference to 2025-08-03 00:00:00+00:00, run_after=2025-08-04 00:00:00+00:00
[2025-08-03T05:25:09.548+0000] {processor.py:183} INFO - Processing /opt/airflow/dags/batch_inference_dag.py took 0.132 seconds
[2025-08-03T05:25:39.842+0000] {processor.py:161} INFO - Started process (PID=1055) to work on /opt/airflow/dags/batch_inference_dag.py
[2025-08-03T05:25:39.843+0000] {processor.py:830} INFO - Processing file /opt/airflow/dags/batch_inference_dag.py for tasks to queue
[2025-08-03T05:25:39.845+0000] {logging_mixin.py:188} INFO - [2025-08-03T05:25:39.845+0000] {dagbag.py:545} INFO - Filling up the DagBag from /opt/airflow/dags/batch_inference_dag.py
[2025-08-03T05:25:39.868+0000] {processor.py:840} INFO - DAG(s) 'daily_batch_inference' retrieved from /opt/airflow/dags/batch_inference_dag.py
[2025-08-03T05:25:39.911+0000] {logging_mixin.py:188} INFO - [2025-08-03T05:25:39.911+0000] {dag.py:3096} INFO - Sync 1 DAGs
[2025-08-03T05:25:39.949+0000] {logging_mixin.py:188} INFO - [2025-08-03T05:25:39.949+0000] {dag.py:3954} INFO - Setting next_dagrun for daily_batch_inference to 2025-08-03 00:00:00+00:00, run_after=2025-08-04 00:00:00+00:00
[2025-08-03T05:25:39.973+0000] {processor.py:183} INFO - Processing /opt/airflow/dags/batch_inference_dag.py took 0.141 seconds
[2025-08-03T05:26:10.199+0000] {processor.py:161} INFO - Started process (PID=1072) to work on /opt/airflow/dags/batch_inference_dag.py
[2025-08-03T05:26:10.200+0000] {processor.py:830} INFO - Processing file /opt/airflow/dags/batch_inference_dag.py for tasks to queue
[2025-08-03T05:26:10.202+0000] {logging_mixin.py:188} INFO - [2025-08-03T05:26:10.201+0000] {dagbag.py:545} INFO - Filling up the DagBag from /opt/airflow/dags/batch_inference_dag.py
[2025-08-03T05:26:10.223+0000] {processor.py:840} INFO - DAG(s) 'daily_batch_inference' retrieved from /opt/airflow/dags/batch_inference_dag.py
[2025-08-03T05:26:10.264+0000] {logging_mixin.py:188} INFO - [2025-08-03T05:26:10.263+0000] {dag.py:3096} INFO - Sync 1 DAGs
[2025-08-03T05:26:10.298+0000] {logging_mixin.py:188} INFO - [2025-08-03T05:26:10.297+0000] {dag.py:3954} INFO - Setting next_dagrun for daily_batch_inference to 2025-08-03 00:00:00+00:00, run_after=2025-08-04 00:00:00+00:00
[2025-08-03T05:26:10.326+0000] {processor.py:183} INFO - Processing /opt/airflow/dags/batch_inference_dag.py took 0.136 seconds
[2025-08-03T05:26:40.551+0000] {processor.py:161} INFO - Started process (PID=1089) to work on /opt/airflow/dags/batch_inference_dag.py
[2025-08-03T05:26:40.553+0000] {processor.py:830} INFO - Processing file /opt/airflow/dags/batch_inference_dag.py for tasks to queue
[2025-08-03T05:26:40.556+0000] {logging_mixin.py:188} INFO - [2025-08-03T05:26:40.555+0000] {dagbag.py:545} INFO - Filling up the DagBag from /opt/airflow/dags/batch_inference_dag.py
[2025-08-03T05:26:40.582+0000] {processor.py:840} INFO - DAG(s) 'daily_batch_inference' retrieved from /opt/airflow/dags/batch_inference_dag.py
[2025-08-03T05:26:40.643+0000] {logging_mixin.py:188} INFO - [2025-08-03T05:26:40.642+0000] {dag.py:3096} INFO - Sync 1 DAGs
[2025-08-03T05:26:40.684+0000] {logging_mixin.py:188} INFO - [2025-08-03T05:26:40.684+0000] {dag.py:3954} INFO - Setting next_dagrun for daily_batch_inference to 2025-08-03 00:00:00+00:00, run_after=2025-08-04 00:00:00+00:00
[2025-08-03T05:26:40.717+0000] {processor.py:183} INFO - Processing /opt/airflow/dags/batch_inference_dag.py took 0.179 seconds
[2025-08-03T05:27:10.902+0000] {processor.py:161} INFO - Started process (PID=1106) to work on /opt/airflow/dags/batch_inference_dag.py
[2025-08-03T05:27:10.904+0000] {processor.py:830} INFO - Processing file /opt/airflow/dags/batch_inference_dag.py for tasks to queue
[2025-08-03T05:27:10.906+0000] {logging_mixin.py:188} INFO - [2025-08-03T05:27:10.905+0000] {dagbag.py:545} INFO - Filling up the DagBag from /opt/airflow/dags/batch_inference_dag.py
[2025-08-03T05:27:10.927+0000] {processor.py:840} INFO - DAG(s) 'daily_batch_inference' retrieved from /opt/airflow/dags/batch_inference_dag.py
[2025-08-03T05:27:10.965+0000] {logging_mixin.py:188} INFO - [2025-08-03T05:27:10.965+0000] {dag.py:3096} INFO - Sync 1 DAGs
[2025-08-03T05:27:11.003+0000] {logging_mixin.py:188} INFO - [2025-08-03T05:27:11.003+0000] {dag.py:3954} INFO - Setting next_dagrun for daily_batch_inference to 2025-08-03 00:00:00+00:00, run_after=2025-08-04 00:00:00+00:00
[2025-08-03T05:27:11.027+0000] {processor.py:183} INFO - Processing /opt/airflow/dags/batch_inference_dag.py took 0.135 seconds
[2025-08-03T05:27:41.136+0000] {processor.py:161} INFO - Started process (PID=1123) to work on /opt/airflow/dags/batch_inference_dag.py
[2025-08-03T05:27:41.145+0000] {processor.py:830} INFO - Processing file /opt/airflow/dags/batch_inference_dag.py for tasks to queue
[2025-08-03T05:27:41.150+0000] {logging_mixin.py:188} INFO - [2025-08-03T05:27:41.150+0000] {dagbag.py:545} INFO - Filling up the DagBag from /opt/airflow/dags/batch_inference_dag.py
[2025-08-03T05:27:41.205+0000] {processor.py:840} INFO - DAG(s) 'daily_batch_inference' retrieved from /opt/airflow/dags/batch_inference_dag.py
[2025-08-03T05:27:41.283+0000] {logging_mixin.py:188} INFO - [2025-08-03T05:27:41.282+0000] {dag.py:3096} INFO - Sync 1 DAGs
[2025-08-03T05:27:41.377+0000] {logging_mixin.py:188} INFO - [2025-08-03T05:27:41.376+0000] {dag.py:3954} INFO - Setting next_dagrun for daily_batch_inference to 2025-08-03 00:00:00+00:00, run_after=2025-08-04 00:00:00+00:00
[2025-08-03T05:27:41.459+0000] {processor.py:183} INFO - Processing /opt/airflow/dags/batch_inference_dag.py took 0.356 seconds
[2025-08-03T05:28:11.748+0000] {processor.py:161} INFO - Started process (PID=1140) to work on /opt/airflow/dags/batch_inference_dag.py
[2025-08-03T05:28:11.749+0000] {processor.py:830} INFO - Processing file /opt/airflow/dags/batch_inference_dag.py for tasks to queue
[2025-08-03T05:28:11.751+0000] {logging_mixin.py:188} INFO - [2025-08-03T05:28:11.750+0000] {dagbag.py:545} INFO - Filling up the DagBag from /opt/airflow/dags/batch_inference_dag.py
[2025-08-03T05:28:11.771+0000] {processor.py:840} INFO - DAG(s) 'daily_batch_inference' retrieved from /opt/airflow/dags/batch_inference_dag.py
[2025-08-03T05:28:11.808+0000] {logging_mixin.py:188} INFO - [2025-08-03T05:28:11.807+0000] {dag.py:3096} INFO - Sync 1 DAGs
[2025-08-03T05:28:11.841+0000] {logging_mixin.py:188} INFO - [2025-08-03T05:28:11.841+0000] {dag.py:3954} INFO - Setting next_dagrun for daily_batch_inference to 2025-08-03 00:00:00+00:00, run_after=2025-08-04 00:00:00+00:00
[2025-08-03T05:28:11.864+0000] {processor.py:183} INFO - Processing /opt/airflow/dags/batch_inference_dag.py took 0.126 seconds
[2025-08-03T05:28:42.088+0000] {processor.py:161} INFO - Started process (PID=1157) to work on /opt/airflow/dags/batch_inference_dag.py
[2025-08-03T05:28:42.090+0000] {processor.py:830} INFO - Processing file /opt/airflow/dags/batch_inference_dag.py for tasks to queue
[2025-08-03T05:28:42.091+0000] {logging_mixin.py:188} INFO - [2025-08-03T05:28:42.090+0000] {dagbag.py:545} INFO - Filling up the DagBag from /opt/airflow/dags/batch_inference_dag.py
[2025-08-03T05:28:42.112+0000] {processor.py:840} INFO - DAG(s) 'daily_batch_inference' retrieved from /opt/airflow/dags/batch_inference_dag.py
[2025-08-03T05:28:42.148+0000] {logging_mixin.py:188} INFO - [2025-08-03T05:28:42.148+0000] {dag.py:3096} INFO - Sync 1 DAGs
[2025-08-03T05:28:42.184+0000] {logging_mixin.py:188} INFO - [2025-08-03T05:28:42.184+0000] {dag.py:3954} INFO - Setting next_dagrun for daily_batch_inference to 2025-08-03 00:00:00+00:00, run_after=2025-08-04 00:00:00+00:00
[2025-08-03T05:28:42.207+0000] {processor.py:183} INFO - Processing /opt/airflow/dags/batch_inference_dag.py took 0.127 seconds
[2025-08-03T05:29:12.427+0000] {processor.py:161} INFO - Started process (PID=1174) to work on /opt/airflow/dags/batch_inference_dag.py
[2025-08-03T05:29:12.428+0000] {processor.py:830} INFO - Processing file /opt/airflow/dags/batch_inference_dag.py for tasks to queue
[2025-08-03T05:29:12.430+0000] {logging_mixin.py:188} INFO - [2025-08-03T05:29:12.429+0000] {dagbag.py:545} INFO - Filling up the DagBag from /opt/airflow/dags/batch_inference_dag.py
[2025-08-03T05:29:12.452+0000] {processor.py:840} INFO - DAG(s) 'daily_batch_inference' retrieved from /opt/airflow/dags/batch_inference_dag.py
[2025-08-03T05:29:12.490+0000] {logging_mixin.py:188} INFO - [2025-08-03T05:29:12.490+0000] {dag.py:3096} INFO - Sync 1 DAGs
[2025-08-03T05:29:12.523+0000] {logging_mixin.py:188} INFO - [2025-08-03T05:29:12.523+0000] {dag.py:3954} INFO - Setting next_dagrun for daily_batch_inference to 2025-08-03 00:00:00+00:00, run_after=2025-08-04 00:00:00+00:00
[2025-08-03T05:29:12.545+0000] {processor.py:183} INFO - Processing /opt/airflow/dags/batch_inference_dag.py took 0.127 seconds
[2025-08-03T05:29:42.769+0000] {processor.py:161} INFO - Started process (PID=1191) to work on /opt/airflow/dags/batch_inference_dag.py
[2025-08-03T05:29:42.770+0000] {processor.py:830} INFO - Processing file /opt/airflow/dags/batch_inference_dag.py for tasks to queue
[2025-08-03T05:29:42.772+0000] {logging_mixin.py:188} INFO - [2025-08-03T05:29:42.771+0000] {dagbag.py:545} INFO - Filling up the DagBag from /opt/airflow/dags/batch_inference_dag.py
[2025-08-03T05:29:42.792+0000] {processor.py:840} INFO - DAG(s) 'daily_batch_inference' retrieved from /opt/airflow/dags/batch_inference_dag.py
[2025-08-03T05:29:42.828+0000] {logging_mixin.py:188} INFO - [2025-08-03T05:29:42.828+0000] {dag.py:3096} INFO - Sync 1 DAGs
[2025-08-03T05:29:42.862+0000] {logging_mixin.py:188} INFO - [2025-08-03T05:29:42.862+0000] {dag.py:3954} INFO - Setting next_dagrun for daily_batch_inference to 2025-08-03 00:00:00+00:00, run_after=2025-08-04 00:00:00+00:00
[2025-08-03T05:29:42.886+0000] {processor.py:183} INFO - Processing /opt/airflow/dags/batch_inference_dag.py took 0.127 seconds
