[2025-08-12T00:28:57.766+0000] {local_task_job_runner.py:120} INFO - ::group::Pre task execution logs
[2025-08-12T00:28:57.947+0000] {taskinstance.py:2076} INFO - Dependencies all met for dep_context=non-requeueable deps ti=<TaskInstance: ml_pipeline_dvc.check_env manual__2025-08-12T00:28:53.070660+00:00 [queued]>
[2025-08-12T00:28:58.044+0000] {taskinstance.py:2076} INFO - Dependencies all met for dep_context=requeueable deps ti=<TaskInstance: ml_pipeline_dvc.check_env manual__2025-08-12T00:28:53.070660+00:00 [queued]>
[2025-08-12T00:28:58.056+0000] {taskinstance.py:2306} INFO - Starting attempt 1 of 2
[2025-08-12T00:28:58.344+0000] {taskinstance.py:2330} INFO - Executing <Task(BashOperator): check_env> on 2025-08-12 00:28:53.070660+00:00
[2025-08-12T00:28:58.419+0000] {standard_task_runner.py:90} INFO - Running: ['***', 'tasks', 'run', 'ml_pipeline_dvc', 'check_env', 'manual__2025-08-12T00:28:53.070660+00:00', '--job-id', '86', '--raw', '--subdir', 'DAGS_FOLDER/train_pipeline_dag.py', '--cfg-path', '/tmp/tmpgc3wuhfi']
[2025-08-12T00:28:58.426+0000] {warnings.py:110} WARNING - /home/***/.local/lib/python3.12/site-packages/***/task/task_runner/standard_task_runner.py:61: DeprecationWarning: This process (pid=100) is multi-threaded, use of fork() may lead to deadlocks in the child.
  pid = os.fork()

[2025-08-12T00:28:58.430+0000] {standard_task_runner.py:63} INFO - Started process 109 to run task
[2025-08-12T00:28:58.431+0000] {standard_task_runner.py:91} INFO - Job 86: Subtask check_env
[2025-08-12T00:28:58.718+0000] {task_command.py:426} INFO - Running <TaskInstance: ml_pipeline_dvc.check_env manual__2025-08-12T00:28:53.070660+00:00 [running]> on host bd34dd172613
[2025-08-12T00:28:59.646+0000] {taskinstance.py:2648} INFO - Exporting env vars: AIRFLOW_CTX_DAG_OWNER='yas' AIRFLOW_CTX_DAG_ID='ml_pipeline_dvc' AIRFLOW_CTX_TASK_ID='check_env' AIRFLOW_CTX_EXECUTION_DATE='2025-08-12T00:28:53.070660+00:00' AIRFLOW_CTX_TRY_NUMBER='1' AIRFLOW_CTX_DAG_RUN_ID='manual__2025-08-12T00:28:53.070660+00:00'
[2025-08-12T00:28:59.649+0000] {taskinstance.py:430} INFO - ::endgroup::
[2025-08-12T00:28:59.749+0000] {subprocess.py:63} INFO - Tmp dir root location: /tmp
[2025-08-12T00:28:59.753+0000] {subprocess.py:75} INFO - Running command: ['/usr/bin/bash', '-c', 'env | grep AWS']
[2025-08-12T00:28:59.811+0000] {subprocess.py:86} INFO - Output:
[2025-08-12T00:28:59.866+0000] {subprocess.py:93} INFO - AWS_SECRET_ACCESS_KEY=minioadmin
[2025-08-12T00:28:59.868+0000] {subprocess.py:93} INFO - AWS_ACCESS_KEY_ID=minioadmin
[2025-08-12T00:28:59.872+0000] {subprocess.py:97} INFO - Command exited with return code 0
[2025-08-12T00:28:59.876+0000] {taskinstance.py:441} INFO - ::group::Post task execution logs
[2025-08-12T00:29:00.014+0000] {taskinstance.py:1206} INFO - Marking task as SUCCESS. dag_id=ml_pipeline_dvc, task_id=check_env, run_id=manual__2025-08-12T00:28:53.070660+00:00, execution_date=20250812T002853, start_date=20250812T002857, end_date=20250812T002900
[2025-08-12T00:29:00.081+0000] {local_task_job_runner.py:240} INFO - Task exited with return code 0
[2025-08-12T00:29:00.138+0000] {taskinstance.py:3498} INFO - 0 downstream tasks scheduled from follow-on schedule check
[2025-08-12T00:29:00.141+0000] {local_task_job_runner.py:222} INFO - ::endgroup::
