[2025-08-06T22:52:05.582+0000] {local_task_job_runner.py:120} INFO - ::group::Pre task execution logs
[2025-08-06T22:52:05.615+0000] {taskinstance.py:2076} INFO - Dependencies all met for dep_context=non-requeueable deps ti=<TaskInstance: register_high_latency_model.rollback_model manual__2025-08-06T22:51:56.093289+00:00 [queued]>
[2025-08-06T22:52:05.625+0000] {taskinstance.py:2076} INFO - Dependencies all met for dep_context=requeueable deps ti=<TaskInstance: register_high_latency_model.rollback_model manual__2025-08-06T22:51:56.093289+00:00 [queued]>
[2025-08-06T22:52:05.625+0000] {taskinstance.py:2306} INFO - Starting attempt 1 of 2
[2025-08-06T22:52:05.643+0000] {taskinstance.py:2330} INFO - Executing <Task(PythonOperator): rollback_model> on 2025-08-06 22:51:56.093289+00:00
[2025-08-06T22:52:05.653+0000] {warnings.py:110} WARNING - /home/***/.local/lib/python3.12/site-packages/***/task/task_runner/standard_task_runner.py:61: DeprecationWarning: This process (pid=107) is multi-threaded, use of fork() may lead to deadlocks in the child.
  pid = os.fork()

[2025-08-06T22:52:05.656+0000] {standard_task_runner.py:63} INFO - Started process 117 to run task
[2025-08-06T22:52:05.656+0000] {standard_task_runner.py:90} INFO - Running: ['***', 'tasks', 'run', 'register_high_latency_model', 'rollback_model', 'manual__2025-08-06T22:51:56.093289+00:00', '--job-id', '3', '--raw', '--subdir', 'DAGS_FOLDER/test_model_rollback.py', '--cfg-path', '/tmp/tmprou53roq']
[2025-08-06T22:52:05.659+0000] {standard_task_runner.py:91} INFO - Job 3: Subtask rollback_model
[2025-08-06T22:52:05.987+0000] {task_command.py:426} INFO - Running <TaskInstance: register_high_latency_model.rollback_model manual__2025-08-06T22:51:56.093289+00:00 [running]> on host 875a2765ee06
[2025-08-06T22:52:06.088+0000] {taskinstance.py:2648} INFO - Exporting env vars: AIRFLOW_CTX_DAG_OWNER='***' AIRFLOW_CTX_DAG_ID='register_high_latency_model' AIRFLOW_CTX_TASK_ID='rollback_model' AIRFLOW_CTX_EXECUTION_DATE='2025-08-06T22:51:56.093289+00:00' AIRFLOW_CTX_TRY_NUMBER='1' AIRFLOW_CTX_DAG_RUN_ID='manual__2025-08-06T22:51:56.093289+00:00'
[2025-08-06T22:52:06.090+0000] {taskinstance.py:430} INFO - ::endgroup::
[2025-08-06T22:52:06.215+0000] {connectionpool.py:874} WARNING - Retrying (Retry(total=6, connect=6, read=7, redirect=7, status=7)) after connection broken by 'NameResolutionError("<urllib3.connection.HTTPConnection object at 0x7fa8ef042150>: Failed to resolve 'mlflow' ([Errno -2] Name or service not known)")': /api/2.0/mlflow/experiments/get-by-name?experiment_name=FraudDetectionModel
[2025-08-06T22:52:10.567+0000] {connectionpool.py:874} WARNING - Retrying (Retry(total=5, connect=5, read=7, redirect=7, status=7)) after connection broken by 'NameResolutionError("<urllib3.connection.HTTPConnection object at 0x7fa92671c440>: Failed to resolve 'mlflow' ([Errno -2] Name or service not known)")': /api/2.0/mlflow/experiments/get-by-name?experiment_name=FraudDetectionModel
[2025-08-06T22:52:19.518+0000] {connectionpool.py:874} WARNING - Retrying (Retry(total=4, connect=4, read=7, redirect=7, status=7)) after connection broken by 'NameResolutionError("<urllib3.connection.HTTPConnection object at 0x7fa92671cb00>: Failed to resolve 'mlflow' ([Errno -2] Name or service not known)")': /api/2.0/mlflow/experiments/get-by-name?experiment_name=FraudDetectionModel
[2025-08-06T22:52:35.782+0000] {connectionpool.py:874} WARNING - Retrying (Retry(total=3, connect=3, read=7, redirect=7, status=7)) after connection broken by 'NameResolutionError("<urllib3.connection.HTTPConnection object at 0x7fa92671d3d0>: Failed to resolve 'mlflow' ([Errno -2] Name or service not known)")': /api/2.0/mlflow/experiments/get-by-name?experiment_name=FraudDetectionModel
[2025-08-06T22:53:08.053+0000] {connectionpool.py:874} WARNING - Retrying (Retry(total=2, connect=2, read=7, redirect=7, status=7)) after connection broken by 'NameResolutionError("<urllib3.connection.HTTPConnection object at 0x7fa92671dac0>: Failed to resolve 'mlflow' ([Errno -2] Name or service not known)")': /api/2.0/mlflow/experiments/get-by-name?experiment_name=FraudDetectionModel
[2025-08-06T22:53:09.618+0000] {logging_mixin.py:188} WARNING - 2025/08/06 22:53:09 WARNING mlflow.utils.git_utils: Failed to import Git (the Git executable is probably not on your PATH), so Git SHA is not available. Error: Failed to initialize: Bad git executable.
The git executable must be specified in one of the following ways:
    - be included in your $PATH
    - be set via $GIT_PYTHON_GIT_EXECUTABLE
    - explicitly set via git.refresh(<full-path-to-git-executable>)

All git commands will error until this is rectified.

This initial message can be silenced or aggravated in the future by setting the
$GIT_PYTHON_REFRESH environment variable. Use one of the following values:
    - quiet|q|silence|s|silent|none|n|0: for no message or exception
    - warn|w|warning|log|l|1: for a warning message (logging level CRITICAL, displayed by default)
    - error|e|exception|raise|r|2: for a raised exception

Example:
    export GIT_PYTHON_REFRESH=quiet
[2025-08-06T22:53:09.815+0000] {logging_mixin.py:188} WARNING - 2025/08/06 22:53:09 WARNING mlflow.models.model: `artifact_path` is deprecated. Please use `name` instead.
[2025-08-06T22:53:18.786+0000] {logging_mixin.py:188} WARNING - 2025/08/06 22:53:18 WARNING mlflow.models.model: Model logged without a signature and input example. Please set `input_example` parameter when logging the model to auto infer the model signature.
[2025-08-06T22:53:20.220+0000] {credentials.py:1147} INFO - Found credentials in environment variables.
[2025-08-06T22:53:21.046+0000] {logging_mixin.py:188} WARNING - Registered model 'FraudDetectionModel' already exists. Creating a new version of this model...
[2025-08-06T22:53:21.340+0000] {logging_mixin.py:188} WARNING - 2025/08/06 22:53:21 INFO mlflow.store.model_registry.abstract_store: Waiting up to 300 seconds for model version to finish creation. Model name: FraudDetectionModel, version 6
[2025-08-06T22:53:21.341+0000] {logging_mixin.py:188} WARNING - Created version '6' of model 'FraudDetectionModel'.
[2025-08-06T22:53:21.539+0000] {warnings.py:110} WARNING - /opt/***/dags/test_model_rollback.py:81: FutureWarning: ``mlflow.tracking.client.MlflowClient.get_latest_versions`` is deprecated since 2.9.0. Model registry stages will be removed in a future major release. To learn more about the deprecation of model registry stages, see our migration guide here: https://mlflow.org/docs/latest/model-registry.html#migrating-from-stages
  model_version = client.get_latest_versions("FraudDetectionModel", stages=["None"])[-1]

[2025-08-06T22:53:21.584+0000] {warnings.py:110} WARNING - /opt/***/dags/test_model_rollback.py:82: FutureWarning: ``mlflow.tracking.client.MlflowClient.transition_model_version_stage`` is deprecated since 2.9.0. Model registry stages will be removed in a future major release. To learn more about the deprecation of model registry stages, see our migration guide here: https://mlflow.org/docs/latest/model-registry.html#migrating-from-stages
  client.transition_model_version_stage(

[2025-08-06T22:53:21.654+0000] {logging_mixin.py:188} INFO - 🏃 View run auspicious-duck-157 at: http://mlflow:5000/#/experiments/3/runs/1339a56ab0334a098da99cbfe30ad7ff
[2025-08-06T22:53:21.655+0000] {logging_mixin.py:188} INFO - 🧪 View experiment at: http://mlflow:5000/#/experiments/3
[2025-08-06T22:53:21.675+0000] {logging_mixin.py:188} INFO - 🚀 High latency model version 6 deployed to Production!
[2025-08-06T22:53:21.676+0000] {python.py:237} INFO - Done. Returned value was: None
[2025-08-06T22:53:21.677+0000] {taskinstance.py:441} INFO - ::group::Post task execution logs
[2025-08-06T22:53:21.696+0000] {taskinstance.py:1206} INFO - Marking task as SUCCESS. dag_id=register_high_latency_model, task_id=rollback_model, run_id=manual__2025-08-06T22:51:56.093289+00:00, execution_date=20250806T225156, start_date=20250806T225205, end_date=20250806T225321
[2025-08-06T22:53:21.768+0000] {local_task_job_runner.py:240} INFO - Task exited with return code 0
[2025-08-06T22:53:21.790+0000] {taskinstance.py:3498} INFO - 0 downstream tasks scheduled from follow-on schedule check
[2025-08-06T22:53:21.792+0000] {local_task_job_runner.py:222} INFO - ::endgroup::
