[2025-08-08T01:37:28.492+0000] {local_task_job_runner.py:120} INFO - ::group::Pre task execution logs
[2025-08-08T01:37:28.524+0000] {taskinstance.py:2076} INFO - Dependencies all met for dep_context=non-requeueable deps ti=<TaskInstance: register_high_latency_model.rollback_model manual__2025-08-08T01:37:20.397184+00:00 [queued]>
[2025-08-08T01:37:28.537+0000] {taskinstance.py:2076} INFO - Dependencies all met for dep_context=requeueable deps ti=<TaskInstance: register_high_latency_model.rollback_model manual__2025-08-08T01:37:20.397184+00:00 [queued]>
[2025-08-08T01:37:28.537+0000] {taskinstance.py:2306} INFO - Starting attempt 1 of 2
[2025-08-08T01:37:28.553+0000] {taskinstance.py:2330} INFO - Executing <Task(PythonOperator): rollback_model> on 2025-08-08 01:37:20.397184+00:00
[2025-08-08T01:37:28.565+0000] {warnings.py:110} WARNING - /home/***/.local/lib/python3.12/site-packages/***/task/task_runner/standard_task_runner.py:61: DeprecationWarning: This process (pid=2748) is multi-threaded, use of fork() may lead to deadlocks in the child.
  pid = os.fork()

[2025-08-08T01:37:28.568+0000] {standard_task_runner.py:63} INFO - Started process 2758 to run task
[2025-08-08T01:37:28.567+0000] {standard_task_runner.py:90} INFO - Running: ['***', 'tasks', 'run', 'register_high_latency_model', 'rollback_model', 'manual__2025-08-08T01:37:20.397184+00:00', '--job-id', '21', '--raw', '--subdir', 'DAGS_FOLDER/test_model_rollback.py', '--cfg-path', '/tmp/tmp61tsqc0w']
[2025-08-08T01:37:28.575+0000] {standard_task_runner.py:91} INFO - Job 21: Subtask rollback_model
[2025-08-08T01:37:28.937+0000] {task_command.py:426} INFO - Running <TaskInstance: register_high_latency_model.rollback_model manual__2025-08-08T01:37:20.397184+00:00 [running]> on host b040694cec87
[2025-08-08T01:37:29.072+0000] {taskinstance.py:2648} INFO - Exporting env vars: AIRFLOW_CTX_DAG_OWNER='***' AIRFLOW_CTX_DAG_ID='register_high_latency_model' AIRFLOW_CTX_TASK_ID='rollback_model' AIRFLOW_CTX_EXECUTION_DATE='2025-08-08T01:37:20.397184+00:00' AIRFLOW_CTX_TRY_NUMBER='1' AIRFLOW_CTX_DAG_RUN_ID='manual__2025-08-08T01:37:20.397184+00:00'
[2025-08-08T01:37:29.074+0000] {taskinstance.py:430} INFO - ::endgroup::
[2025-08-08T01:37:29.405+0000] {credentials.py:1147} INFO - Found credentials in environment variables.
[2025-08-08T01:37:29.718+0000] {logging_mixin.py:188} WARNING - Downloading artifacts:   0%|          | 0/5 [00:00<?, ?it/s]
[2025-08-08T01:37:29.719+0000] {logging_mixin.py:188} WARNING - Downloading artifacts:  20%|##        | 1/5 [00:00<00:00, 4832.15it/s]
[2025-08-08T01:37:29.720+0000] {logging_mixin.py:188} WARNING - Downloading artifacts:  40%|####      | 2/5 [00:00<00:00, 1970.54it/s]
[2025-08-08T01:37:29.721+0000] {logging_mixin.py:188} WARNING - Downloading artifacts:  60%|######    | 3/5 [00:00<00:00, 1733.18it/s]
[2025-08-08T01:37:29.722+0000] {logging_mixin.py:188} WARNING - Downloading artifacts:  80%|########  | 4/5 [00:00<00:00, 1615.21it/s]
[2025-08-08T01:37:29.722+0000] {logging_mixin.py:188} WARNING - Downloading artifacts: 100%|##########| 5/5 [00:00<00:00, 1535.59it/s]
[2025-08-08T01:37:29.723+0000] {logging_mixin.py:188} WARNING - Downloading artifacts: 100%|##########| 5/5 [00:00<00:00, 1244.16it/s]
[2025-08-08T01:37:29.733+0000] {logging_mixin.py:188} INFO - Preprocessor extracted successfully
[2025-08-08T01:37:29.734+0000] {logging_mixin.py:188} INFO - 📄 Starting MLflow run for FraudDetectionModel
[2025-08-08T01:37:29.831+0000] {logging_mixin.py:188} WARNING - 2025/08/08 01:37:29 WARNING mlflow.utils.git_utils: Failed to import Git (the Git executable is probably not on your PATH), so Git SHA is not available. Error: Failed to initialize: Bad git executable.
The git executable must be specified in one of the following ways:
    - be included in your $PATH
    - be set via $GIT_PYTHON_GIT_EXECUTABLE
    - explicitly set via git.refresh(<full-path-to-git-executable>)

All git commands will error until this is rectified.

This initial message can be silenced or aggravated in the future by setting the
$GIT_PYTHON_REFRESH environment variable. Use one of the following values:
    - quiet|q|silence|s|silent|none|n|0: for no message or exception
    - warn|w|warning|log|l|1: for a warning message (logging level CRITICAL, displayed by default)
    - error|e|exception|raise|r|2: for a raised exception

Example:
    export GIT_PYTHON_REFRESH=quiet
[2025-08-08T01:37:29.864+0000] {logging_mixin.py:188} WARNING - 2025/08/08 01:37:29 WARNING mlflow.models.model: `artifact_path` is deprecated. Please use `name` instead.
[2025-08-08T01:37:38.335+0000] {logging_mixin.py:188} WARNING - 2025/08/08 01:37:38 WARNING mlflow.models.model: Model logged without a signature and input example. Please set `input_example` parameter when logging the model to auto infer the model signature.
[2025-08-08T01:37:38.699+0000] {logging_mixin.py:188} WARNING - Registered model 'FraudDetectionModel' already exists. Creating a new version of this model...
[2025-08-08T01:37:38.844+0000] {logging_mixin.py:188} WARNING - 2025/08/08 01:37:38 INFO mlflow.store.model_registry.abstract_store: Waiting up to 300 seconds for model version to finish creation. Model name: FraudDetectionModel, version 2
[2025-08-08T01:37:38.845+0000] {logging_mixin.py:188} WARNING - Created version '2' of model 'FraudDetectionModel'.
[2025-08-08T01:37:38.898+0000] {logging_mixin.py:188} INFO - ✅ Model logged and registered!
[2025-08-08T01:37:38.927+0000] {logging_mixin.py:188} INFO - 🏃 View run auspicious-duck-32 at: http://mlflow:5000/#/experiments/1/runs/028dda881f0d4031939a6c30bbaf07b6
[2025-08-08T01:37:38.928+0000] {logging_mixin.py:188} INFO - 🧪 View experiment at: http://mlflow:5000/#/experiments/1
[2025-08-08T01:37:38.951+0000] {warnings.py:110} WARNING - /opt/***/dags/test_model_rollback.py:69: FutureWarning: ``mlflow.tracking.client.MlflowClient.get_latest_versions`` is deprecated since 2.9.0. Model registry stages will be removed in a future major release. To learn more about the deprecation of model registry stages, see our migration guide here: https://mlflow.org/docs/latest/model-registry.html#migrating-from-stages
  latest_version = client.get_latest_versions(MODEL_NAME, stages=["None"])[-1]

[2025-08-08T01:37:39.002+0000] {warnings.py:110} WARNING - /opt/***/dags/test_model_rollback.py:70: FutureWarning: ``mlflow.tracking.client.MlflowClient.transition_model_version_stage`` is deprecated since 2.9.0. Model registry stages will be removed in a future major release. To learn more about the deprecation of model registry stages, see our migration guide here: https://mlflow.org/docs/latest/model-registry.html#migrating-from-stages
  client.transition_model_version_stage(

[2025-08-08T01:37:39.052+0000] {logging_mixin.py:188} INFO - 🚀 Model version 2 transitioned to 'Production'
[2025-08-08T01:37:39.053+0000] {logging_mixin.py:188} INFO - ✅ Model registration and promotion complete.
[2025-08-08T01:37:39.053+0000] {logging_mixin.py:188} INFO - ✅ High latency model registered successfully.
[2025-08-08T01:37:39.054+0000] {python.py:237} INFO - Done. Returned value was: None
[2025-08-08T01:37:39.055+0000] {taskinstance.py:441} INFO - ::group::Post task execution logs
[2025-08-08T01:37:39.068+0000] {taskinstance.py:1206} INFO - Marking task as SUCCESS. dag_id=register_high_latency_model, task_id=rollback_model, run_id=manual__2025-08-08T01:37:20.397184+00:00, execution_date=20250808T013720, start_date=20250808T013728, end_date=20250808T013739
[2025-08-08T01:37:39.131+0000] {local_task_job_runner.py:240} INFO - Task exited with return code 0
[2025-08-08T01:37:39.153+0000] {taskinstance.py:3498} INFO - 0 downstream tasks scheduled from follow-on schedule check
[2025-08-08T01:37:39.155+0000] {local_task_job_runner.py:222} INFO - ::endgroup::
