[2025-08-03T05:13:48.229+0000] {local_task_job_runner.py:120} INFO - ::group::Pre task execution logs
[2025-08-03T05:13:48.279+0000] {taskinstance.py:2076} INFO - Dependencies all met for dep_context=non-requeueable deps ti=<TaskInstance: daily_batch_inference.run_batch_inference manual__2025-08-03T05:13:40.684115+00:00 [queued]>
[2025-08-03T05:13:48.304+0000] {taskinstance.py:2076} INFO - Dependencies all met for dep_context=requeueable deps ti=<TaskInstance: daily_batch_inference.run_batch_inference manual__2025-08-03T05:13:40.684115+00:00 [queued]>
[2025-08-03T05:13:48.307+0000] {taskinstance.py:2306} INFO - Starting attempt 1 of 2
[2025-08-03T05:13:48.362+0000] {taskinstance.py:2330} INFO - Executing <Task(BashOperator): run_batch_inference> on 2025-08-03 05:13:40.684115+00:00
[2025-08-03T05:13:48.375+0000] {warnings.py:110} WARNING - /home/***/.local/lib/python3.12/site-packages/***/task/task_runner/standard_task_runner.py:61: DeprecationWarning: This process (pid=405) is multi-threaded, use of fork() may lead to deadlocks in the child.
  pid = os.fork()

[2025-08-03T05:13:48.379+0000] {standard_task_runner.py:63} INFO - Started process 406 to run task
[2025-08-03T05:13:48.379+0000] {standard_task_runner.py:90} INFO - Running: ['***', 'tasks', 'run', 'daily_batch_inference', 'run_batch_inference', 'manual__2025-08-03T05:13:40.684115+00:00', '--job-id', '110', '--raw', '--subdir', 'DAGS_FOLDER/batch_inference_dag.py', '--cfg-path', '/tmp/tmplwuy9mte']
[2025-08-03T05:13:48.383+0000] {standard_task_runner.py:91} INFO - Job 110: Subtask run_batch_inference
[2025-08-03T05:13:48.492+0000] {task_command.py:426} INFO - Running <TaskInstance: daily_batch_inference.run_batch_inference manual__2025-08-03T05:13:40.684115+00:00 [running]> on host 0869a4a1051d
[2025-08-03T05:13:48.656+0000] {taskinstance.py:2648} INFO - Exporting env vars: AIRFLOW_CTX_DAG_OWNER='***' AIRFLOW_CTX_DAG_ID='daily_batch_inference' AIRFLOW_CTX_TASK_ID='run_batch_inference' AIRFLOW_CTX_EXECUTION_DATE='2025-08-03T05:13:40.684115+00:00' AIRFLOW_CTX_TRY_NUMBER='1' AIRFLOW_CTX_DAG_RUN_ID='manual__2025-08-03T05:13:40.684115+00:00'
[2025-08-03T05:13:48.658+0000] {taskinstance.py:430} INFO - ::endgroup::
[2025-08-03T05:13:48.720+0000] {subprocess.py:63} INFO - Tmp dir root location: /tmp
[2025-08-03T05:13:48.721+0000] {subprocess.py:75} INFO - Running command: ['/usr/bin/bash', '-c', 'cd /opt/***/ml_pipeline && python batch/batch_inference.py']
[2025-08-03T05:13:48.741+0000] {subprocess.py:86} INFO - Output:
[2025-08-03T05:13:48.876+0000] {subprocess.py:93} INFO - python: can't open file '/opt/***/ml_pipeline/batch/batch_inference.py': [Errno 2] No such file or directory
[2025-08-03T05:13:48.883+0000] {subprocess.py:97} INFO - Command exited with return code 2
[2025-08-03T05:13:48.884+0000] {taskinstance.py:441} INFO - ::group::Post task execution logs
[2025-08-03T05:13:48.899+0000] {taskinstance.py:2905} ERROR - Task failed with exception
Traceback (most recent call last):
  File "/home/airflow/.local/lib/python3.12/site-packages/airflow/models/taskinstance.py", line 465, in _execute_task
    result = _execute_callable(context=context, **execute_callable_kwargs)
             ^^^^^^^^^^^^^^^^^^^^^^^^^^^^^^^^^^^^^^^^^^^^^^^^^^^^^^^^^^^^^
  File "/home/airflow/.local/lib/python3.12/site-packages/airflow/models/taskinstance.py", line 432, in _execute_callable
    return execute_callable(context=context, **execute_callable_kwargs)
           ^^^^^^^^^^^^^^^^^^^^^^^^^^^^^^^^^^^^^^^^^^^^^^^^^^^^^^^^^^^^
  File "/home/airflow/.local/lib/python3.12/site-packages/airflow/models/baseoperator.py", line 400, in wrapper
    return func(self, *args, **kwargs)
           ^^^^^^^^^^^^^^^^^^^^^^^^^^^
  File "/home/airflow/.local/lib/python3.12/site-packages/airflow/operators/bash.py", line 243, in execute
    raise AirflowException(
airflow.exceptions.AirflowException: Bash command failed. The command returned a non-zero exit code 2.
[2025-08-03T05:13:48.907+0000] {taskinstance.py:1206} INFO - Marking task as UP_FOR_RETRY. dag_id=daily_batch_inference, task_id=run_batch_inference, run_id=manual__2025-08-03T05:13:40.684115+00:00, execution_date=20250803T051340, start_date=20250803T051348, end_date=20250803T051348
[2025-08-03T05:13:48.924+0000] {standard_task_runner.py:110} ERROR - Failed to execute job 110 for task run_batch_inference (Bash command failed. The command returned a non-zero exit code 2.; 406)
[2025-08-03T05:13:48.934+0000] {local_task_job_runner.py:240} INFO - Task exited with return code 1
[2025-08-03T05:13:48.961+0000] {taskinstance.py:3498} INFO - 0 downstream tasks scheduled from follow-on schedule check
[2025-08-03T05:13:48.963+0000] {local_task_job_runner.py:222} INFO - ::endgroup::
