[2025-08-03T05:18:50.292+0000] {local_task_job_runner.py:120} INFO - ::group::Pre task execution logs
[2025-08-03T05:18:50.337+0000] {taskinstance.py:2076} INFO - Dependencies all met for dep_context=non-requeueable deps ti=<TaskInstance: daily_batch_inference.run_batch_inference manual__2025-08-03T05:13:40.684115+00:00 [queued]>
[2025-08-03T05:18:50.370+0000] {taskinstance.py:2076} INFO - Dependencies all met for dep_context=requeueable deps ti=<TaskInstance: daily_batch_inference.run_batch_inference manual__2025-08-03T05:13:40.684115+00:00 [queued]>
[2025-08-03T05:18:50.372+0000] {taskinstance.py:2306} INFO - Starting attempt 2 of 2
[2025-08-03T05:18:50.404+0000] {taskinstance.py:2330} INFO - Executing <Task(BashOperator): run_batch_inference> on 2025-08-03 05:13:40.684115+00:00
[2025-08-03T05:18:50.414+0000] {warnings.py:110} WARNING - /home/***/.local/lib/python3.12/site-packages/***/task/task_runner/standard_task_runner.py:61: DeprecationWarning: This process (pid=493) is multi-threaded, use of fork() may lead to deadlocks in the child.
  pid = os.fork()

[2025-08-03T05:18:50.417+0000] {standard_task_runner.py:63} INFO - Started process 494 to run task
[2025-08-03T05:18:50.417+0000] {standard_task_runner.py:90} INFO - Running: ['***', 'tasks', 'run', 'daily_batch_inference', 'run_batch_inference', 'manual__2025-08-03T05:13:40.684115+00:00', '--job-id', '113', '--raw', '--subdir', 'DAGS_FOLDER/batch_inference_dag.py', '--cfg-path', '/tmp/tmpku4r3bxd']
[2025-08-03T05:18:50.420+0000] {standard_task_runner.py:91} INFO - Job 113: Subtask run_batch_inference
[2025-08-03T05:18:50.493+0000] {task_command.py:426} INFO - Running <TaskInstance: daily_batch_inference.run_batch_inference manual__2025-08-03T05:13:40.684115+00:00 [running]> on host 0869a4a1051d
[2025-08-03T05:18:50.630+0000] {taskinstance.py:2648} INFO - Exporting env vars: AIRFLOW_CTX_DAG_OWNER='***' AIRFLOW_CTX_DAG_ID='daily_batch_inference' AIRFLOW_CTX_TASK_ID='run_batch_inference' AIRFLOW_CTX_EXECUTION_DATE='2025-08-03T05:13:40.684115+00:00' AIRFLOW_CTX_TRY_NUMBER='2' AIRFLOW_CTX_DAG_RUN_ID='manual__2025-08-03T05:13:40.684115+00:00'
[2025-08-03T05:18:50.632+0000] {taskinstance.py:430} INFO - ::endgroup::
[2025-08-03T05:18:50.651+0000] {subprocess.py:63} INFO - Tmp dir root location: /tmp
[2025-08-03T05:18:50.652+0000] {subprocess.py:75} INFO - Running command: ['/usr/bin/bash', '-c', 'cd /opt/***/ml_pipeline && python batch/batch_inference.py']
[2025-08-03T05:18:50.670+0000] {subprocess.py:86} INFO - Output:
[2025-08-03T05:18:53.397+0000] {subprocess.py:93} INFO - Traceback (most recent call last):
[2025-08-03T05:18:53.398+0000] {subprocess.py:93} INFO -   File "/opt/***/ml_pipeline/batch/batch_inference.py", line 36, in <module>
[2025-08-03T05:18:53.400+0000] {subprocess.py:93} INFO -     df.loc[valid_idx, "probability"] = model_pipeline.predict_proba(X_transformed[valid_idx])[:, 1]
[2025-08-03T05:18:53.401+0000] {subprocess.py:93} INFO -                                        ^^^^^^^^^^^^^^^^^^^^^^^^^^^^^^^^^^^^^^^^^^^^^^^^^^^^^^
[2025-08-03T05:18:53.403+0000] {subprocess.py:93} INFO -   File "/home/***/.local/lib/python3.12/site-packages/sklearn/pipeline.py", line 904, in predict_proba
[2025-08-03T05:18:53.405+0000] {subprocess.py:93} INFO -     Xt = transform.transform(Xt)
[2025-08-03T05:18:53.406+0000] {subprocess.py:93} INFO -          ^^^^^^^^^^^^^^^^^^^^^^^
[2025-08-03T05:18:53.408+0000] {subprocess.py:93} INFO -   File "/home/***/.local/lib/python3.12/site-packages/sklearn/utils/_set_output.py", line 316, in wrapped
[2025-08-03T05:18:53.409+0000] {subprocess.py:93} INFO -     data_to_wrap = f(self, X, *args, **kwargs)
[2025-08-03T05:18:53.411+0000] {subprocess.py:93} INFO -                    ^^^^^^^^^^^^^^^^^^^^^^^^^^^
[2025-08-03T05:18:53.413+0000] {subprocess.py:93} INFO -   File "/home/***/.local/lib/python3.12/site-packages/sklearn/compose/_column_transformer.py", line 1089, in transform
[2025-08-03T05:18:53.415+0000] {subprocess.py:93} INFO -     _check_n_features(self, X, reset=False)
[2025-08-03T05:18:53.416+0000] {subprocess.py:93} INFO -   File "/home/***/.local/lib/python3.12/site-packages/sklearn/utils/validation.py", line 2839, in _check_n_features
[2025-08-03T05:18:53.418+0000] {subprocess.py:93} INFO -     raise ValueError(
[2025-08-03T05:18:53.420+0000] {subprocess.py:93} INFO - ValueError: X has 9 features, but ColumnTransformer is expecting 4 features as input.
[2025-08-03T05:18:53.690+0000] {subprocess.py:97} INFO - Command exited with return code 1
[2025-08-03T05:18:53.692+0000] {taskinstance.py:441} INFO - ::group::Post task execution logs
[2025-08-03T05:18:53.709+0000] {taskinstance.py:2905} ERROR - Task failed with exception
Traceback (most recent call last):
  File "/home/airflow/.local/lib/python3.12/site-packages/airflow/models/taskinstance.py", line 465, in _execute_task
    result = _execute_callable(context=context, **execute_callable_kwargs)
             ^^^^^^^^^^^^^^^^^^^^^^^^^^^^^^^^^^^^^^^^^^^^^^^^^^^^^^^^^^^^^
  File "/home/airflow/.local/lib/python3.12/site-packages/airflow/models/taskinstance.py", line 432, in _execute_callable
    return execute_callable(context=context, **execute_callable_kwargs)
           ^^^^^^^^^^^^^^^^^^^^^^^^^^^^^^^^^^^^^^^^^^^^^^^^^^^^^^^^^^^^
  File "/home/airflow/.local/lib/python3.12/site-packages/airflow/models/baseoperator.py", line 400, in wrapper
    return func(self, *args, **kwargs)
           ^^^^^^^^^^^^^^^^^^^^^^^^^^^
  File "/home/airflow/.local/lib/python3.12/site-packages/airflow/operators/bash.py", line 243, in execute
    raise AirflowException(
airflow.exceptions.AirflowException: Bash command failed. The command returned a non-zero exit code 1.
[2025-08-03T05:18:53.717+0000] {taskinstance.py:1206} INFO - Marking task as FAILED. dag_id=daily_batch_inference, task_id=run_batch_inference, run_id=manual__2025-08-03T05:13:40.684115+00:00, execution_date=20250803T051340, start_date=20250803T051850, end_date=20250803T051853
[2025-08-03T05:18:53.745+0000] {standard_task_runner.py:110} ERROR - Failed to execute job 113 for task run_batch_inference (Bash command failed. The command returned a non-zero exit code 1.; 494)
[2025-08-03T05:18:53.771+0000] {local_task_job_runner.py:240} INFO - Task exited with return code 1
[2025-08-03T05:18:53.798+0000] {taskinstance.py:3498} INFO - 0 downstream tasks scheduled from follow-on schedule check
[2025-08-03T05:18:53.801+0000] {local_task_job_runner.py:222} INFO - ::endgroup::
