{"timestamp":"2025-08-24T19:51:00.178096","level":"info","event":"DAG bundles loaded: dags-folder","logger":"airflow.dag_processing.bundles.manager.DagBundlesManager"}
{"timestamp":"2025-08-24T19:51:00.179341","level":"info","event":"Filling up the DagBag from /opt/airflow/dags/ml_pipeline_dvc_dag.py","logger":"airflow.models.dagbag.DagBag"}
{"timestamp":"2025-08-24T19:51:00.225119","level":"info","event":"Tmp dir root location: /tmp","logger":"airflow.task.hooks.airflow.providers.standard.hooks.subprocess.SubprocessHook"}
{"timestamp":"2025-08-24T19:51:00.225866","level":"info","event":"Running command: ['/usr/bin/bash', '-c', '\\n            cd /opt/airflow/ml_pipeline\\n            dvc pull --force\\n            dvc repro preprocess\\n            dvc push\\n        ']","logger":"airflow.task.hooks.airflow.providers.standard.hooks.subprocess.SubprocessHook"}
{"timestamp":"2025-08-24T19:51:00.238648","level":"info","event":"Output:","logger":"airflow.task.hooks.airflow.providers.standard.hooks.subprocess.SubprocessHook"}
{"timestamp":"2025-08-24T19:51:03.870522","level":"info","event":"Everything is up to date.","logger":"airflow.task.hooks.airflow.providers.standard.hooks.subprocess.SubprocessHook"}
{"timestamp":"2025-08-24T19:51:06.963073","level":"info","event":"Stage 'ingest' didn't change, skipping","logger":"airflow.task.hooks.airflow.providers.standard.hooks.subprocess.SubprocessHook"}
{"timestamp":"2025-08-24T19:51:07.068490","level":"info","event":"Running stage 'preprocess':","logger":"airflow.task.hooks.airflow.providers.standard.hooks.subprocess.SubprocessHook"}
{"timestamp":"2025-08-24T19:51:07.068680","level":"info","event":"> python data/preprocessing/preprocess_task.py","logger":"airflow.task.hooks.airflow.providers.standard.hooks.subprocess.SubprocessHook"}
{"timestamp":"2025-08-24T19:51:09.100107","level":"info","event":"{\"asctime\": \"2025-08-24 19:51:09,099\", \"levelname\": \"INFO\", \"name\": \"preprocessing_pipeline\", \"trace_id\": null, \"span_id\": null, \"message\": \"version_meta.json loaded from local path!\"}","logger":"airflow.task.hooks.airflow.providers.standard.hooks.subprocess.SubprocessHook"}
{"timestamp":"2025-08-24T19:51:09.142449","level":"info","event":"{\"asctime\": \"2025-08-24 19:51:09,141\", \"levelname\": \"INFO\", \"name\": \"preprocessing_pipeline\", \"trace_id\": null, \"span_id\": null, \"message\": \"preprocessor trained!\"}","logger":"airflow.task.hooks.airflow.providers.standard.hooks.subprocess.SubprocessHook"}
{"timestamp":"2025-08-24T19:51:09.149027","level":"info","event":"{\"asctime\": \"2025-08-24 19:51:09,148\", \"levelname\": \"INFO\", \"name\": \"preprocessing_pipeline\", \"trace_id\": null, \"span_id\": null, \"message\": \"preprocessor saved to local path artifacts/preprocess/fraud_pipeline_v20250824_195053.pkl!\"}","logger":"airflow.task.hooks.airflow.providers.standard.hooks.subprocess.SubprocessHook"}
{"timestamp":"2025-08-24T19:51:09.154808","level":"info","event":"{\"asctime\": \"2025-08-24 19:51:09,151\", \"levelname\": \"INFO\", \"name\": \"preprocessing_pipeline\", \"trace_id\": null, \"span_id\": null, \"message\": \"\\u2705 Saved pipeline at: artifacts/preprocess/fraud_pipeline_v20250824_195053.pkl\"}","logger":"airflow.task.hooks.airflow.providers.standard.hooks.subprocess.SubprocessHook"}
{"timestamp":"2025-08-24T19:51:09.155135","level":"info","event":"{\"asctime\": \"2025-08-24 19:51:09,151\", \"levelname\": \"INFO\", \"name\": \"preprocessing_pipeline\", \"trace_id\": null, \"span_id\": null, \"message\": \"\\ud83d\\udcc4 Saved metadata: artifacts/preprocess/preprocess_metadata_v20250824_195053.json\"}","logger":"airflow.task.hooks.airflow.providers.standard.hooks.subprocess.SubprocessHook"}
{"timestamp":"2025-08-24T19:51:09.155290","level":"info","event":"{\"asctime\": \"2025-08-24 19:51:09,152\", \"levelname\": \"INFO\", \"name\": \"preprocessing_pipeline\", \"trace_id\": null, \"span_id\": null, \"message\": \"\\ud83d\\udce6 Updated version_meta.json\"}","logger":"airflow.task.hooks.airflow.providers.standard.hooks.subprocess.SubprocessHook"}
{"timestamp":"2025-08-24T19:51:09.727184","level":"info","event":"Updating lock file 'dvc.lock'","logger":"airflow.task.hooks.airflow.providers.standard.hooks.subprocess.SubprocessHook"}
{"timestamp":"2025-08-24T19:51:09.751917","level":"info","event":"","logger":"airflow.task.hooks.airflow.providers.standard.hooks.subprocess.SubprocessHook"}
{"timestamp":"2025-08-24T19:51:09.752144","level":"info","event":"To track the changes with git, run:","logger":"airflow.task.hooks.airflow.providers.standard.hooks.subprocess.SubprocessHook"}
{"timestamp":"2025-08-24T19:51:09.752263","level":"info","event":"","logger":"airflow.task.hooks.airflow.providers.standard.hooks.subprocess.SubprocessHook"}
{"timestamp":"2025-08-24T19:51:09.752406","level":"info","event":"\tgit add dvc.lock","logger":"airflow.task.hooks.airflow.providers.standard.hooks.subprocess.SubprocessHook"}
{"timestamp":"2025-08-24T19:51:09.752560","level":"info","event":"","logger":"airflow.task.hooks.airflow.providers.standard.hooks.subprocess.SubprocessHook"}
{"timestamp":"2025-08-24T19:51:09.752708","level":"info","event":"To enable auto staging, run:","logger":"airflow.task.hooks.airflow.providers.standard.hooks.subprocess.SubprocessHook"}
{"timestamp":"2025-08-24T19:51:09.752854","level":"info","event":"","logger":"airflow.task.hooks.airflow.providers.standard.hooks.subprocess.SubprocessHook"}
{"timestamp":"2025-08-24T19:51:09.753139","level":"info","event":"\tdvc config core.autostage true","logger":"airflow.task.hooks.airflow.providers.standard.hooks.subprocess.SubprocessHook"}
{"timestamp":"2025-08-24T19:51:09.756113","level":"info","event":"Use `dvc push` to send your updates to remote storage.","logger":"airflow.task.hooks.airflow.providers.standard.hooks.subprocess.SubprocessHook"}
{"timestamp":"2025-08-24T19:51:18.204954","level":"info","event":"2 files pushed","logger":"airflow.task.hooks.airflow.providers.standard.hooks.subprocess.SubprocessHook"}
{"timestamp":"2025-08-24T19:51:19.694286","level":"info","event":"Command exited with return code 0","logger":"airflow.task.hooks.airflow.providers.standard.hooks.subprocess.SubprocessHook"}
{"timestamp":"2025-08-24T19:51:19.699923","level":"info","event":"Pushing xcom","ti":"RuntimeTaskInstance(id=UUID('0198dda2-2620-716e-97f1-ecbf3ad50c69'), task_id='preprocess_dvc', dag_id='ml_pipeline_dvc', run_id='manual__2025-08-24T19:50:48.053441+00:00', try_number=1, map_index=-1, hostname='164a13d1adf0', context_carrier={}, task=<Task(BashOperator): preprocess_dvc>, bundle_instance=LocalDagBundle(name=dags-folder), max_tries=0, start_date=datetime.datetime(2025, 8, 24, 19, 51, 0, 125550, tzinfo=datetime.timezone.utc), end_date=None, state=<TaskInstanceState.RUNNING: 'running'>, is_mapped=False, rendered_map_index=None, log_url='http://localhost:8080/dags/ml_pipeline_dvc/runs/manual__2025-08-24T19%3A50%3A48.053441%2B00%3A00/tasks/preprocess_dvc?try_number=1')","logger":"task"}
