{"timestamp":"2025-08-21T20:32:19.346940","level":"info","event":"DAG bundles loaded: dags-folder","logger":"airflow.dag_processing.bundles.manager.DagBundlesManager"}
{"timestamp":"2025-08-21T20:32:19.348874","level":"info","event":"Filling up the DagBag from /opt/airflow/dags/ml_pipeline_dvc_dag.py","logger":"airflow.models.dagbag.DagBag"}
{"timestamp":"2025-08-21T20:32:19.429427","level":"info","event":"Tmp dir root location: /tmp","logger":"airflow.task.hooks.airflow.providers.standard.hooks.subprocess.SubprocessHook"}
{"timestamp":"2025-08-21T20:32:19.431396","level":"info","event":"Running command: ['/usr/bin/bash', '-c', '\\n            cd /opt/airflow/ml_pipeline\\n            dvc pull --force\\n            dvc repro train_outlier\\n            dvc push\\n        ']","logger":"airflow.task.hooks.airflow.providers.standard.hooks.subprocess.SubprocessHook"}
{"timestamp":"2025-08-21T20:32:19.459922","level":"info","event":"Output:","logger":"airflow.task.hooks.airflow.providers.standard.hooks.subprocess.SubprocessHook"}
{"timestamp":"2025-08-21T20:32:32.044519","level":"info","event":"Everything is up to date.","logger":"airflow.task.hooks.airflow.providers.standard.hooks.subprocess.SubprocessHook"}
{"timestamp":"2025-08-21T20:32:40.746289","level":"info","event":"Stage 'ingest' didn't change, skipping","logger":"airflow.task.hooks.airflow.providers.standard.hooks.subprocess.SubprocessHook"}
{"timestamp":"2025-08-21T20:32:40.845593","level":"info","event":"Stage 'preprocess' didn't change, skipping","logger":"airflow.task.hooks.airflow.providers.standard.hooks.subprocess.SubprocessHook"}
{"timestamp":"2025-08-21T20:32:41.006966","level":"info","event":"Running stage 'train_outlier':","logger":"airflow.task.hooks.airflow.providers.standard.hooks.subprocess.SubprocessHook"}
{"timestamp":"2025-08-21T20:32:41.007292","level":"info","event":"> python models/train_outlier_detector_task.py","logger":"airflow.task.hooks.airflow.providers.standard.hooks.subprocess.SubprocessHook"}
{"timestamp":"2025-08-21T20:32:47.831094","level":"info","event":"{\"asctime\": \"2025-08-21 20:32:47,830\", \"levelname\": \"INFO\", \"name\": \"model_training\", \"trace_id\": null, \"span_id\": null, \"message\": \"Anomaly threshold is set to be -0.4708441157115287 according to the model.\"}","logger":"airflow.task.hooks.airflow.providers.standard.hooks.subprocess.SubprocessHook"}
{"timestamp":"2025-08-21T20:32:48.621803","level":"info","event":"{\"asctime\": \"2025-08-21 20:32:48,621\", \"levelname\": \"INFO\", \"name\": \"model_training\", \"trace_id\": null, \"span_id\": null, \"message\": \"MLflow run id: d6a38b13feb54941b5d1685b19f8e973\"}","logger":"airflow.task.hooks.airflow.providers.standard.hooks.subprocess.SubprocessHook"}
{"timestamp":"2025-08-21T20:33:03.359385","level":"info","event":"{\"asctime\": \"2025-08-21 20:33:03,357\", \"levelname\": \"INFO\", \"name\": \"model_training\", \"trace_id\": null, \"span_id\": null, \"message\": \"Outlier detector and its artifact logged.\"}","logger":"airflow.task.hooks.airflow.providers.standard.hooks.subprocess.SubprocessHook"}
{"timestamp":"2025-08-21T20:33:03.495243","level":"info","event":"Registered model 'OutlierDetectionModel' already exists. Creating a new version of this model...","logger":"airflow.task.hooks.airflow.providers.standard.hooks.subprocess.SubprocessHook"}
{"timestamp":"2025-08-21T20:33:03.816519","level":"info","event":"2025/08/21 20:33:03 WARNING mlflow.tracking._model_registry.fluent: Run with id d6a38b13feb54941b5d1685b19f8e973 has no artifacts at artifact path 'outlier', registering model based on models:/m-09f2a57b340b4fd8b904822f12289483 instead","logger":"airflow.task.hooks.airflow.providers.standard.hooks.subprocess.SubprocessHook"}
{"timestamp":"2025-08-21T20:33:03.942458","level":"info","event":"2025/08/21 20:33:03 INFO mlflow.store.model_registry.abstract_store: Waiting up to 300 seconds for model version to finish creation. Model name: OutlierDetectionModel, version 7","logger":"airflow.task.hooks.airflow.providers.standard.hooks.subprocess.SubprocessHook"}
{"timestamp":"2025-08-21T20:33:03.943592","level":"info","event":"Created version '7' of model 'OutlierDetectionModel'.","logger":"airflow.task.hooks.airflow.providers.standard.hooks.subprocess.SubprocessHook"}
{"timestamp":"2025-08-21T20:33:04.179832","level":"info","event":"{\"asctime\": \"2025-08-21 20:33:04,174\", \"levelname\": \"INFO\", \"name\": \"model_training\", \"trace_id\": null, \"span_id\": null, \"message\": \"Registering model OutlierDetectionModel at runs:/d6a38b13feb54941b5d1685b19f8e973/outlier.\"}","logger":"airflow.task.hooks.airflow.providers.standard.hooks.subprocess.SubprocessHook"}
{"timestamp":"2025-08-21T20:33:04.180843","level":"info","event":"/opt/airflow/ml_pipeline/models/train_outlier_detector_task.py:128: FutureWarning: ``mlflow.tracking.client.MlflowClient.transition_model_version_stage`` is deprecated since 2.9.0. Model registry stages will be removed in a future major release. To learn more about the deprecation of model registry stages, see our migration guide here: https://mlflow.org/docs/latest/model-registry.html#migrating-from-stages","logger":"airflow.task.hooks.airflow.providers.standard.hooks.subprocess.SubprocessHook"}
{"timestamp":"2025-08-21T20:33:04.181110","level":"info","event":"  client.transition_model_version_stage(","logger":"airflow.task.hooks.airflow.providers.standard.hooks.subprocess.SubprocessHook"}
{"timestamp":"2025-08-21T20:33:04.567494","level":"info","event":"🏃 View run train_v20250821_170631 at: http://mlflow:5000/#/experiments/1/runs/d6a38b13feb54941b5d1685b19f8e973","logger":"airflow.task.hooks.airflow.providers.standard.hooks.subprocess.SubprocessHook"}
{"timestamp":"2025-08-21T20:33:04.567859","level":"info","event":"🧪 View experiment at: http://mlflow:5000/#/experiments/1","logger":"airflow.task.hooks.airflow.providers.standard.hooks.subprocess.SubprocessHook"}
{"timestamp":"2025-08-21T20:33:04.568294","level":"info","event":"{\"asctime\": \"2025-08-21 20:33:04,566\", \"levelname\": \"INFO\", \"name\": \"model_training\", \"trace_id\": null, \"span_id\": null, \"message\": \"Model and its artifacts registered and transitioned to 'Production' (version 7)\"}","logger":"airflow.task.hooks.airflow.providers.standard.hooks.subprocess.SubprocessHook"}
{"timestamp":"2025-08-21T20:33:04.568586","level":"info","event":"{\"asctime\": \"2025-08-21 20:33:04,567\", \"levelname\": \"INFO\", \"name\": \"model_training\", \"trace_id\": null, \"span_id\": null, \"message\": \"\\u2705 Training & registration complete.\"}","logger":"airflow.task.hooks.airflow.providers.standard.hooks.subprocess.SubprocessHook"}
{"timestamp":"2025-08-21T20:33:07.077143","level":"info","event":"Updating lock file 'dvc.lock'","logger":"airflow.task.hooks.airflow.providers.standard.hooks.subprocess.SubprocessHook"}
{"timestamp":"2025-08-21T20:33:07.118970","level":"info","event":"","logger":"airflow.task.hooks.airflow.providers.standard.hooks.subprocess.SubprocessHook"}
{"timestamp":"2025-08-21T20:33:07.119502","level":"info","event":"To track the changes with git, run:","logger":"airflow.task.hooks.airflow.providers.standard.hooks.subprocess.SubprocessHook"}
{"timestamp":"2025-08-21T20:33:07.119744","level":"info","event":"","logger":"airflow.task.hooks.airflow.providers.standard.hooks.subprocess.SubprocessHook"}
{"timestamp":"2025-08-21T20:33:07.119952","level":"info","event":"\tgit add dvc.lock","logger":"airflow.task.hooks.airflow.providers.standard.hooks.subprocess.SubprocessHook"}
{"timestamp":"2025-08-21T20:33:07.120148","level":"info","event":"","logger":"airflow.task.hooks.airflow.providers.standard.hooks.subprocess.SubprocessHook"}
{"timestamp":"2025-08-21T20:33:07.120340","level":"info","event":"To enable auto staging, run:","logger":"airflow.task.hooks.airflow.providers.standard.hooks.subprocess.SubprocessHook"}
{"timestamp":"2025-08-21T20:33:07.120533","level":"info","event":"","logger":"airflow.task.hooks.airflow.providers.standard.hooks.subprocess.SubprocessHook"}
{"timestamp":"2025-08-21T20:33:07.120731","level":"info","event":"\tdvc config core.autostage true","logger":"airflow.task.hooks.airflow.providers.standard.hooks.subprocess.SubprocessHook"}
{"timestamp":"2025-08-21T20:33:07.159319","level":"info","event":"Use `dvc push` to send your updates to remote storage.","logger":"airflow.task.hooks.airflow.providers.standard.hooks.subprocess.SubprocessHook"}
{"timestamp":"2025-08-21T20:33:20.074328","level":"info","event":"2 files pushed","logger":"airflow.task.hooks.airflow.providers.standard.hooks.subprocess.SubprocessHook"}
{"timestamp":"2025-08-21T20:33:21.244249","level":"info","event":"Command exited with return code 0","logger":"airflow.task.hooks.airflow.providers.standard.hooks.subprocess.SubprocessHook"}
{"timestamp":"2025-08-21T20:33:21.247566","level":"info","event":"Pushing xcom","ti":"RuntimeTaskInstance(id=UUID('0198ce54-6f74-742b-be9a-020fcc5414c7'), task_id='train_outlier_detector_dvc', dag_id='ml_pipeline_dvc', run_id='manual__2025-08-21T20:31:36.804570+00:00', try_number=1, map_index=-1, hostname='c64456fb60b5', context_carrier={}, task=<Task(BashOperator): train_outlier_detector_dvc>, bundle_instance=LocalDagBundle(name=dags-folder), max_tries=0, start_date=datetime.datetime(2025, 8, 21, 20, 32, 19, 211579, tzinfo=datetime.timezone.utc), end_date=None, state=<TaskInstanceState.RUNNING: 'running'>, is_mapped=False, rendered_map_index=None, log_url='http://localhost:8080/dags/ml_pipeline_dvc/runs/manual__2025-08-21T20%3A31%3A36.804570%2B00%3A00/tasks/train_outlier_detector_dvc?try_number=1')","logger":"task"}
