[2025-08-05T18:21:32.890+0000] {local_task_job_runner.py:120} INFO - ::group::Pre task execution logs
[2025-08-05T18:21:33.017+0000] {taskinstance.py:2076} INFO - Dependencies all met for dep_context=non-requeueable deps ti=<TaskInstance: model_rollback.rollback_model manual__2025-08-05T18:15:31.718935+00:00 [queued]>
[2025-08-05T18:21:33.072+0000] {taskinstance.py:2076} INFO - Dependencies all met for dep_context=requeueable deps ti=<TaskInstance: model_rollback.rollback_model manual__2025-08-05T18:15:31.718935+00:00 [queued]>
[2025-08-05T18:21:33.076+0000] {taskinstance.py:2306} INFO - Starting attempt 2 of 2
[2025-08-05T18:21:33.186+0000] {taskinstance.py:2330} INFO - Executing <Task(PythonOperator): rollback_model> on 2025-08-05 18:15:31.718935+00:00
[2025-08-05T18:21:33.232+0000] {warnings.py:110} WARNING - /home/***/.local/lib/python3.12/site-packages/***/task/task_runner/standard_task_runner.py:61: DeprecationWarning: This process (pid=287) is multi-threaded, use of fork() may lead to deadlocks in the child.
  pid = os.fork()

[2025-08-05T18:21:33.246+0000] {standard_task_runner.py:63} INFO - Started process 290 to run task
[2025-08-05T18:21:33.247+0000] {standard_task_runner.py:90} INFO - Running: ['***', 'tasks', 'run', 'model_rollback', 'rollback_model', 'manual__2025-08-05T18:15:31.718935+00:00', '--job-id', '3', '--raw', '--subdir', 'DAGS_FOLDER/model_rollback_dag.py', '--cfg-path', '/tmp/tmp785l93nw']
[2025-08-05T18:21:33.259+0000] {standard_task_runner.py:91} INFO - Job 3: Subtask rollback_model
[2025-08-05T18:21:33.585+0000] {task_command.py:426} INFO - Running <TaskInstance: model_rollback.rollback_model manual__2025-08-05T18:15:31.718935+00:00 [running]> on host e29ed9faaf70
[2025-08-05T18:21:34.269+0000] {taskinstance.py:2648} INFO - Exporting env vars: AIRFLOW_CTX_DAG_OWNER='***' AIRFLOW_CTX_DAG_ID='model_rollback' AIRFLOW_CTX_TASK_ID='rollback_model' AIRFLOW_CTX_EXECUTION_DATE='2025-08-05T18:15:31.718935+00:00' AIRFLOW_CTX_TRY_NUMBER='2' AIRFLOW_CTX_DAG_RUN_ID='manual__2025-08-05T18:15:31.718935+00:00'
[2025-08-05T18:21:34.292+0000] {taskinstance.py:430} INFO - ::endgroup::
[2025-08-05T18:21:34.546+0000] {warnings.py:110} WARNING - /opt/***/dags/model_rollback_dag.py:18: FutureWarning: ``mlflow.tracking.client.MlflowClient.get_latest_versions`` is deprecated since 2.9.0. Model registry stages will be removed in a future major release. To learn more about the deprecation of model registry stages, see our migration guide here: https://mlflow.org/docs/latest/model-registry.html#migrating-from-stages
  versions = client.get_latest_versions("FraudDetectionModel")

[2025-08-05T18:21:35.069+0000] {taskinstance.py:441} INFO - ::group::Post task execution logs
[2025-08-05T18:21:35.073+0000] {taskinstance.py:2905} ERROR - Task failed with exception
Traceback (most recent call last):
  File "/home/airflow/.local/lib/python3.12/site-packages/airflow/models/taskinstance.py", line 465, in _execute_task
    result = _execute_callable(context=context, **execute_callable_kwargs)
             ^^^^^^^^^^^^^^^^^^^^^^^^^^^^^^^^^^^^^^^^^^^^^^^^^^^^^^^^^^^^^
  File "/home/airflow/.local/lib/python3.12/site-packages/airflow/models/taskinstance.py", line 432, in _execute_callable
    return execute_callable(context=context, **execute_callable_kwargs)
           ^^^^^^^^^^^^^^^^^^^^^^^^^^^^^^^^^^^^^^^^^^^^^^^^^^^^^^^^^^^^
  File "/home/airflow/.local/lib/python3.12/site-packages/airflow/models/baseoperator.py", line 400, in wrapper
    return func(self, *args, **kwargs)
           ^^^^^^^^^^^^^^^^^^^^^^^^^^^
  File "/home/airflow/.local/lib/python3.12/site-packages/airflow/operators/python.py", line 235, in execute
    return_value = self.execute_callable()
                   ^^^^^^^^^^^^^^^^^^^^^^^
  File "/home/airflow/.local/lib/python3.12/site-packages/airflow/operators/python.py", line 252, in execute_callable
    return self.python_callable(*self.op_args, **self.op_kwargs)
           ^^^^^^^^^^^^^^^^^^^^^^^^^^^^^^^^^^^^^^^^^^^^^^^^^^^^^
  File "/opt/airflow/dags/model_rollback_dag.py", line 18, in rollback_model
    versions = client.get_latest_versions("FraudDetectionModel")
               ^^^^^^^^^^^^^^^^^^^^^^^^^^^^^^^^^^^^^^^^^^^^^^^^^
  File "/home/airflow/.local/lib/python3.12/site-packages/mlflow/utils/annotations.py", line 188, in deprecated_func
    return obj(*args, **kwargs)
           ^^^^^^^^^^^^^^^^^^^^
  File "/home/airflow/.local/lib/python3.12/site-packages/mlflow/tracking/client.py", line 4026, in get_latest_versions
    self._raise_if_prompt(name)
  File "/home/airflow/.local/lib/python3.12/site-packages/mlflow/tracking/client.py", line 5334, in _raise_if_prompt
    rm = self.get_registered_model(name)
         ^^^^^^^^^^^^^^^^^^^^^^^^^^^^^^^
  File "/home/airflow/.local/lib/python3.12/site-packages/mlflow/tracking/client.py", line 3945, in get_registered_model
    rm = self._get_registry_client().get_registered_model(name)
         ^^^^^^^^^^^^^^^^^^^^^^^^^^^^^^^^^^^^^^^^^^^^^^^^^^^^^^
  File "/home/airflow/.local/lib/python3.12/site-packages/mlflow/tracking/_model_registry/client.py", line 171, in get_registered_model
    return self.store.get_registered_model(name)
           ^^^^^^^^^^^^^^^^^^^^^^^^^^^^^^^^^^^^^
  File "/home/airflow/.local/lib/python3.12/site-packages/mlflow/store/model_registry/file_store.py", line 423, in get_registered_model
    raise MlflowException(
mlflow.exceptions.MlflowException: Registered Model with name=FraudDetectionModel not found
[2025-08-05T18:21:35.144+0000] {taskinstance.py:1206} INFO - Marking task as FAILED. dag_id=model_rollback, task_id=rollback_model, run_id=manual__2025-08-05T18:15:31.718935+00:00, execution_date=20250805T181531, start_date=20250805T182133, end_date=20250805T182135
[2025-08-05T18:21:35.227+0000] {standard_task_runner.py:110} ERROR - Failed to execute job 3 for task rollback_model (Registered Model with name=FraudDetectionModel not found; 290)
[2025-08-05T18:21:35.297+0000] {local_task_job_runner.py:240} INFO - Task exited with return code 1
[2025-08-05T18:21:35.427+0000] {taskinstance.py:3498} INFO - 0 downstream tasks scheduled from follow-on schedule check
[2025-08-05T18:21:35.451+0000] {local_task_job_runner.py:222} INFO - ::endgroup::
