[2025-08-12T22:49:39.112+0000] {local_task_job_runner.py:120} INFO - ::group::Pre task execution logs
[2025-08-12T22:49:39.202+0000] {taskinstance.py:2076} INFO - Dependencies all met for dep_context=non-requeueable deps ti=<TaskInstance: ml_pipeline_dvc.preprocess_dvc manual__2025-08-12T22:49:35.978585+00:00 [queued]>
[2025-08-12T22:49:39.229+0000] {taskinstance.py:2076} INFO - Dependencies all met for dep_context=requeueable deps ti=<TaskInstance: ml_pipeline_dvc.preprocess_dvc manual__2025-08-12T22:49:35.978585+00:00 [queued]>
[2025-08-12T22:49:39.235+0000] {taskinstance.py:2306} INFO - Starting attempt 1 of 1
[2025-08-12T22:49:39.301+0000] {taskinstance.py:2330} INFO - Executing <Task(BashOperator): preprocess_dvc> on 2025-08-12 22:49:35.978585+00:00
[2025-08-12T22:49:39.329+0000] {warnings.py:110} WARNING - /home/***/.local/lib/python3.12/site-packages/***/task/task_runner/standard_task_runner.py:61: DeprecationWarning: This process (pid=941) is multi-threaded, use of fork() may lead to deadlocks in the child.
  pid = os.fork()

[2025-08-12T22:49:39.339+0000] {standard_task_runner.py:63} INFO - Started process 942 to run task
[2025-08-12T22:49:39.346+0000] {standard_task_runner.py:90} INFO - Running: ['***', 'tasks', 'run', 'ml_pipeline_dvc', 'preprocess_dvc', 'manual__2025-08-12T22:49:35.978585+00:00', '--job-id', '207', '--raw', '--subdir', 'DAGS_FOLDER/train_pipeline_dag.py', '--cfg-path', '/tmp/tmp94267vga']
[2025-08-12T22:49:39.355+0000] {standard_task_runner.py:91} INFO - Job 207: Subtask preprocess_dvc
[2025-08-12T22:49:39.539+0000] {task_command.py:426} INFO - Running <TaskInstance: ml_pipeline_dvc.preprocess_dvc manual__2025-08-12T22:49:35.978585+00:00 [running]> on host 276ab97d4dd8
[2025-08-12T22:49:39.758+0000] {taskinstance.py:2648} INFO - Exporting env vars: AIRFLOW_CTX_DAG_OWNER='yas' AIRFLOW_CTX_DAG_ID='ml_pipeline_dvc' AIRFLOW_CTX_TASK_ID='preprocess_dvc' AIRFLOW_CTX_EXECUTION_DATE='2025-08-12T22:49:35.978585+00:00' AIRFLOW_CTX_TRY_NUMBER='1' AIRFLOW_CTX_DAG_RUN_ID='manual__2025-08-12T22:49:35.978585+00:00'
[2025-08-12T22:49:39.760+0000] {taskinstance.py:430} INFO - ::endgroup::
[2025-08-12T22:49:39.795+0000] {subprocess.py:63} INFO - Tmp dir root location: /tmp
[2025-08-12T22:49:39.797+0000] {subprocess.py:75} INFO - Running command: ['/usr/bin/bash', '-c', 'cd /opt/***/ml_pipeline && dvc repro preprocess']
[2025-08-12T22:49:39.831+0000] {subprocess.py:86} INFO - Output:
[2025-08-12T22:49:42.523+0000] {subprocess.py:93} INFO - './dvc.yaml' validation failed.
[2025-08-12T22:49:42.527+0000] {subprocess.py:93} INFO - 
[2025-08-12T22:49:42.527+0000] {subprocess.py:93} INFO - extra keys not allowed, in stages -> preprocess -> cache, line 3, column 5
[2025-08-12T22:49:42.534+0000] {subprocess.py:93} INFO -    2   preprocess:
[2025-08-12T22:49:42.535+0000] {subprocess.py:93} INFO -    3 │   cmd: python preprocessing/preprocess_task.py
[2025-08-12T22:49:42.536+0000] {subprocess.py:93} INFO -    4 │   deps:
[2025-08-12T22:49:42.846+0000] {subprocess.py:97} INFO - Command exited with return code 255
[2025-08-12T22:49:42.848+0000] {taskinstance.py:441} INFO - ::group::Post task execution logs
[2025-08-12T22:49:42.863+0000] {taskinstance.py:2905} ERROR - Task failed with exception
Traceback (most recent call last):
  File "/home/airflow/.local/lib/python3.12/site-packages/airflow/models/taskinstance.py", line 465, in _execute_task
    result = _execute_callable(context=context, **execute_callable_kwargs)
             ^^^^^^^^^^^^^^^^^^^^^^^^^^^^^^^^^^^^^^^^^^^^^^^^^^^^^^^^^^^^^
  File "/home/airflow/.local/lib/python3.12/site-packages/airflow/models/taskinstance.py", line 432, in _execute_callable
    return execute_callable(context=context, **execute_callable_kwargs)
           ^^^^^^^^^^^^^^^^^^^^^^^^^^^^^^^^^^^^^^^^^^^^^^^^^^^^^^^^^^^^
  File "/home/airflow/.local/lib/python3.12/site-packages/airflow/models/baseoperator.py", line 400, in wrapper
    return func(self, *args, **kwargs)
           ^^^^^^^^^^^^^^^^^^^^^^^^^^^
  File "/home/airflow/.local/lib/python3.12/site-packages/airflow/operators/bash.py", line 243, in execute
    raise AirflowException(
airflow.exceptions.AirflowException: Bash command failed. The command returned a non-zero exit code 255.
[2025-08-12T22:49:42.869+0000] {taskinstance.py:1206} INFO - Marking task as FAILED. dag_id=ml_pipeline_dvc, task_id=preprocess_dvc, run_id=manual__2025-08-12T22:49:35.978585+00:00, execution_date=20250812T224935, start_date=20250812T224939, end_date=20250812T224942
[2025-08-12T22:49:42.889+0000] {standard_task_runner.py:110} ERROR - Failed to execute job 207 for task preprocess_dvc (Bash command failed. The command returned a non-zero exit code 255.; 942)
[2025-08-12T22:49:42.916+0000] {local_task_job_runner.py:240} INFO - Task exited with return code 1
[2025-08-12T22:49:42.963+0000] {taskinstance.py:3498} INFO - 0 downstream tasks scheduled from follow-on schedule check
[2025-08-12T22:49:42.972+0000] {local_task_job_runner.py:222} INFO - ::endgroup::
