[2025-08-15T22:40:12.904+0000] {local_task_job_runner.py:120} INFO - ::group::Pre task execution logs
[2025-08-15T22:40:13.000+0000] {taskinstance.py:2076} INFO - Dependencies all met for dep_context=non-requeueable deps ti=<TaskInstance: ml_pipeline_dvc.train_outlier manual__2025-08-15T22:40:11.195466+00:00 [queued]>
[2025-08-15T22:40:13.047+0000] {taskinstance.py:2076} INFO - Dependencies all met for dep_context=requeueable deps ti=<TaskInstance: ml_pipeline_dvc.train_outlier manual__2025-08-15T22:40:11.195466+00:00 [queued]>
[2025-08-15T22:40:13.049+0000] {taskinstance.py:2306} INFO - Starting attempt 1 of 1
[2025-08-15T22:40:13.120+0000] {taskinstance.py:2330} INFO - Executing <Task(BashOperator): train_outlier> on 2025-08-15 22:40:11.195466+00:00
[2025-08-15T22:40:13.141+0000] {warnings.py:110} WARNING - /home/***/.local/lib/python3.12/site-packages/***/task/task_runner/standard_task_runner.py:61: DeprecationWarning: This process (pid=4602) is multi-threaded, use of fork() may lead to deadlocks in the child.
  pid = os.fork()

[2025-08-15T22:40:13.148+0000] {standard_task_runner.py:63} INFO - Started process 4603 to run task
[2025-08-15T22:40:13.148+0000] {standard_task_runner.py:90} INFO - Running: ['***', 'tasks', 'run', 'ml_pipeline_dvc', 'train_outlier', 'manual__2025-08-15T22:40:11.195466+00:00', '--job-id', '253', '--raw', '--subdir', 'DAGS_FOLDER/train_pipeline_dag.py', '--cfg-path', '/tmp/tmpezz1x81t']
[2025-08-15T22:40:13.159+0000] {standard_task_runner.py:91} INFO - Job 253: Subtask train_outlier
[2025-08-15T22:40:13.298+0000] {task_command.py:426} INFO - Running <TaskInstance: ml_pipeline_dvc.train_outlier manual__2025-08-15T22:40:11.195466+00:00 [running]> on host 952e994ef77e
[2025-08-15T22:40:13.862+0000] {taskinstance.py:2648} INFO - Exporting env vars: AIRFLOW_CTX_DAG_OWNER='yas' AIRFLOW_CTX_DAG_ID='ml_pipeline_dvc' AIRFLOW_CTX_TASK_ID='train_outlier' AIRFLOW_CTX_EXECUTION_DATE='2025-08-15T22:40:11.195466+00:00' AIRFLOW_CTX_TRY_NUMBER='1' AIRFLOW_CTX_DAG_RUN_ID='manual__2025-08-15T22:40:11.195466+00:00'
[2025-08-15T22:40:13.872+0000] {taskinstance.py:430} INFO - ::endgroup::
[2025-08-15T22:40:13.933+0000] {subprocess.py:63} INFO - Tmp dir root location: /tmp
[2025-08-15T22:40:13.937+0000] {subprocess.py:75} INFO - Running command: ['/usr/bin/bash', '-c', '\n            cd /opt/***/ml_pipeline\n            dvc pull\n            dvc repro train_outlier\n            dvc push\n        ']
[2025-08-15T22:40:13.969+0000] {subprocess.py:86} INFO - Output:
[2025-08-15T22:40:19.227+0000] {subprocess.py:93} INFO - WARNING: No file hash info found for '/opt/***/ml_pipeline/artifacts/models/outlier'. It won't be created.
[2025-08-15T22:40:19.229+0000] {subprocess.py:93} INFO - Everything is up to date.
[2025-08-15T22:40:19.230+0000] {subprocess.py:93} INFO - ERROR: failed to pull data from the cloud - Checkout failed for following targets:
[2025-08-15T22:40:19.230+0000] {subprocess.py:93} INFO - artifacts/models/outlier
[2025-08-15T22:40:19.231+0000] {subprocess.py:93} INFO - Is your cache up to date?
[2025-08-15T22:40:19.232+0000] {subprocess.py:93} INFO - <https://error.dvc.org/missing-files>
[2025-08-15T22:40:24.133+0000] {subprocess.py:93} INFO - 'data/raw.dvc' didn't change, skipping
[2025-08-15T22:40:24.160+0000] {subprocess.py:93} INFO - 'version_meta.json.dvc' didn't change, skipping
[2025-08-15T22:40:24.196+0000] {subprocess.py:93} INFO - Stage 'preprocess' didn't change, skipping
[2025-08-15T22:40:24.273+0000] {subprocess.py:93} INFO - Running stage 'train_outlier':
[2025-08-15T22:40:24.274+0000] {subprocess.py:93} INFO - > python train/train_outlier_detector_task.py
[2025-08-15T22:40:33.088+0000] {subprocess.py:93} INFO - 2025/08/15 22:40:33 INFO mlflow.tracking.fluent: Experiment with name 'OutlierDetectionModel' does not exist. Creating a new experiment.
[2025-08-15T22:40:33.816+0000] {subprocess.py:93} INFO - 2025/08/15 22:40:33 WARNING mlflow.utils.git_utils: Failed to import Git (the Git executable is probably not on your PATH), so Git SHA is not available. Error: Failed to initialize: Bad git executable.
[2025-08-15T22:40:33.817+0000] {subprocess.py:93} INFO - The git executable must be specified in one of the following ways:
[2025-08-15T22:40:33.818+0000] {subprocess.py:93} INFO -     - be included in your $PATH
[2025-08-15T22:40:33.819+0000] {subprocess.py:93} INFO -     - be set via $GIT_PYTHON_GIT_EXECUTABLE
[2025-08-15T22:40:33.820+0000] {subprocess.py:93} INFO -     - explicitly set via git.refresh(<full-path-to-git-executable>)
[2025-08-15T22:40:33.820+0000] {subprocess.py:93} INFO - 
[2025-08-15T22:40:33.821+0000] {subprocess.py:93} INFO - All git commands will error until this is rectified.
[2025-08-15T22:40:33.821+0000] {subprocess.py:93} INFO - 
[2025-08-15T22:40:33.822+0000] {subprocess.py:93} INFO - This initial message can be silenced or aggravated in the future by setting the
[2025-08-15T22:40:33.823+0000] {subprocess.py:93} INFO - $GIT_PYTHON_REFRESH environment variable. Use one of the following values:
[2025-08-15T22:40:33.823+0000] {subprocess.py:93} INFO -     - quiet|q|silence|s|silent|none|n|0: for no message or exception
[2025-08-15T22:40:33.824+0000] {subprocess.py:93} INFO -     - warn|w|warning|log|l|1: for a warning message (logging level CRITICAL, displayed by default)
[2025-08-15T22:40:33.825+0000] {subprocess.py:93} INFO -     - error|e|exception|raise|r|2: for a raised exception
[2025-08-15T22:40:33.825+0000] {subprocess.py:93} INFO - 
[2025-08-15T22:40:33.826+0000] {subprocess.py:93} INFO - Example:
[2025-08-15T22:40:33.826+0000] {subprocess.py:93} INFO -     export GIT_PYTHON_REFRESH=quiet
[2025-08-15T22:40:33.827+0000] {subprocess.py:93} INFO - 
[2025-08-15T22:40:33.946+0000] {subprocess.py:93} INFO - {"asctime": "2025-08-15 22:40:33,895", "levelname": "INFO", "name": "model_training", "trace_id": null, "span_id": null, "message": "MLflow run id: 419f20074d374bfb9d57f89252a2e60a"}
[2025-08-15T22:40:38.113+0000] {subprocess.py:93} INFO - 2025/08/15 22:40:38 WARNING mlflow.models.model: `artifact_path` is deprecated. Please use `name` instead.
[2025-08-15T22:40:47.954+0000] {subprocess.py:93} INFO - [31m2025/08/15 22:40:47 WARNING mlflow.models.model: Model logged without a signature and input example. Please set `input_example` parameter when logging the model to auto infer the model signature.[0m
[2025-08-15T22:40:49.115+0000] {subprocess.py:93} INFO - {"asctime": "2025-08-15 22:40:49,114", "levelname": "INFO", "name": "model_training", "trace_id": null, "span_id": null, "message": "Outlier_detector logged"}
[2025-08-15T22:40:49.116+0000] {subprocess.py:93} INFO - {"asctime": "2025-08-15 22:40:49,115", "levelname": "INFO", "name": "model_training", "trace_id": null, "span_id": null, "message": "Registering model from runs:/419f20074d374bfb9d57f89252a2e60a/outlier as registered model name 'OutlierDetectionModel'"}
[2025-08-15T22:40:56.409+0000] {subprocess.py:93} INFO - Successfully registered model 'OutlierDetectionModel'.
[2025-08-15T22:40:58.559+0000] {subprocess.py:93} INFO - 2025/08/15 22:40:58 WARNING mlflow.tracking._model_registry.fluent: Run with id 419f20074d374bfb9d57f89252a2e60a has no artifacts at artifact path 'outlier', registering model based on models:/m-9784b34a78c740a1809d28db05d4b27a instead
[2025-08-15T22:41:00.178+0000] {subprocess.py:93} INFO - 2025/08/15 22:41:00 INFO mlflow.store.model_registry.abstract_store: Waiting up to 300 seconds for model version to finish creation. Model name: OutlierDetectionModel, version 1
[2025-08-15T22:41:00.179+0000] {subprocess.py:93} INFO - Created version '1' of model 'OutlierDetectionModel'.
[2025-08-15T22:41:00.234+0000] {subprocess.py:93} INFO - /opt/***/ml_pipeline/train/train_outlier_detector_task.py:105: FutureWarning: ``mlflow.tracking.client.MlflowClient.transition_model_version_stage`` is deprecated since 2.9.0. Model registry stages will be removed in a future major release. To learn more about the deprecation of model registry stages, see our migration guide here: https://mlflow.org/docs/latest/model-registry.html#migrating-from-stages
[2025-08-15T22:41:00.235+0000] {subprocess.py:93} INFO -   client.transition_model_version_stage(
[2025-08-15T22:41:00.552+0000] {subprocess.py:93} INFO - 🏃 View run train_v20250815_164605 at: http://mlflow:5000/#/experiments/1/runs/419f20074d374bfb9d57f89252a2e60a
[2025-08-15T22:41:00.552+0000] {subprocess.py:93} INFO - 🧪 View experiment at: http://mlflow:5000/#/experiments/1
[2025-08-15T22:41:00.553+0000] {subprocess.py:93} INFO - {"asctime": "2025-08-15 22:41:00,551", "levelname": "INFO", "name": "model_training", "trace_id": null, "span_id": null, "message": "Model registered and transitioned to 'Production' (version 1)"}
[2025-08-15T22:41:00.554+0000] {subprocess.py:93} INFO - {"asctime": "2025-08-15 22:41:00,552", "levelname": "INFO", "name": "model_training", "trace_id": null, "span_id": null, "message": "\u2705 Training & registration complete."}
[2025-08-15T22:41:01.509+0000] {subprocess.py:93} INFO - Updating lock file 'dvc.lock'
[2025-08-15T22:41:01.519+0000] {subprocess.py:93} INFO - 
[2025-08-15T22:41:01.521+0000] {subprocess.py:93} INFO - To track the changes with git, run:
[2025-08-15T22:41:01.521+0000] {subprocess.py:93} INFO - 
[2025-08-15T22:41:01.522+0000] {subprocess.py:93} INFO - 	git add dvc.lock
[2025-08-15T22:41:01.523+0000] {subprocess.py:93} INFO - 
[2025-08-15T22:41:01.524+0000] {subprocess.py:93} INFO - To enable auto staging, run:
[2025-08-15T22:41:01.525+0000] {subprocess.py:93} INFO - 
[2025-08-15T22:41:01.526+0000] {subprocess.py:93} INFO - 	dvc config core.autostage true
[2025-08-15T22:41:01.526+0000] {subprocess.py:93} INFO - Use `dvc push` to send your updates to remote storage.
[2025-08-15T22:41:08.743+0000] {subprocess.py:93} INFO - 3 files pushed
[2025-08-15T22:41:09.205+0000] {subprocess.py:97} INFO - Command exited with return code 0
[2025-08-15T22:41:09.208+0000] {taskinstance.py:441} INFO - ::group::Post task execution logs
[2025-08-15T22:41:09.249+0000] {taskinstance.py:1206} INFO - Marking task as SUCCESS. dag_id=ml_pipeline_dvc, task_id=train_outlier, run_id=manual__2025-08-15T22:40:11.195466+00:00, execution_date=20250815T224011, start_date=20250815T224013, end_date=20250815T224109
[2025-08-15T22:41:09.316+0000] {local_task_job_runner.py:240} INFO - Task exited with return code 0
[2025-08-15T22:41:09.340+0000] {taskinstance.py:3498} INFO - 0 downstream tasks scheduled from follow-on schedule check
[2025-08-15T22:41:09.342+0000] {local_task_job_runner.py:222} INFO - ::endgroup::
