[2025-07-30T07:50:18.630+0000] {local_task_job_runner.py:120} INFO - ::group::Pre task execution logs
[2025-07-30T07:50:18.662+0000] {taskinstance.py:2076} INFO - Dependencies all met for dep_context=non-requeueable deps ti=<TaskInstance: ml_pipeline_dag.train_classification_model_task manual__2025-07-30T07:50:04.725284+00:00 [queued]>
[2025-07-30T07:50:18.671+0000] {taskinstance.py:2076} INFO - Dependencies all met for dep_context=requeueable deps ti=<TaskInstance: ml_pipeline_dag.train_classification_model_task manual__2025-07-30T07:50:04.725284+00:00 [queued]>
[2025-07-30T07:50:18.672+0000] {taskinstance.py:2306} INFO - Starting attempt 1 of 1
[2025-07-30T07:50:18.691+0000] {taskinstance.py:2330} INFO - Executing <Task(PythonOperator): train_classification_model_task> on 2025-07-30 07:50:04.725284+00:00
[2025-07-30T07:50:18.702+0000] {warnings.py:110} WARNING - /home/***/.local/lib/python3.12/site-packages/***/task/task_runner/standard_task_runner.py:61: DeprecationWarning: This process (pid=98) is multi-threaded, use of fork() may lead to deadlocks in the child.
  pid = os.fork()

[2025-07-30T07:50:18.704+0000] {standard_task_runner.py:63} INFO - Started process 107 to run task
[2025-07-30T07:50:18.704+0000] {standard_task_runner.py:90} INFO - Running: ['***', 'tasks', 'run', 'ml_pipeline_dag', 'train_classification_model_task', 'manual__2025-07-30T07:50:04.725284+00:00', '--job-id', '15', '--raw', '--subdir', 'DAGS_FOLDER/ml_pipeline_dag.py', '--cfg-path', '/tmp/tmp1qzljwn0']
[2025-07-30T07:50:18.708+0000] {standard_task_runner.py:91} INFO - Job 15: Subtask train_classification_model_task
[2025-07-30T07:50:18.771+0000] {task_command.py:426} INFO - Running <TaskInstance: ml_pipeline_dag.train_classification_model_task manual__2025-07-30T07:50:04.725284+00:00 [running]> on host 2169d0715243
[2025-07-30T07:50:18.887+0000] {taskinstance.py:2648} INFO - Exporting env vars: AIRFLOW_CTX_DAG_OWNER='***' AIRFLOW_CTX_DAG_ID='ml_pipeline_dag' AIRFLOW_CTX_TASK_ID='train_classification_model_task' AIRFLOW_CTX_EXECUTION_DATE='2025-07-30T07:50:04.725284+00:00' AIRFLOW_CTX_TRY_NUMBER='1' AIRFLOW_CTX_DAG_RUN_ID='manual__2025-07-30T07:50:04.725284+00:00'
[2025-07-30T07:50:18.889+0000] {taskinstance.py:430} INFO - ::endgroup::
[2025-07-30T07:50:19.386+0000] {logging_mixin.py:188} INFO - Model accuracy: 0.86
[2025-07-30T07:50:19.391+0000] {logging_mixin.py:188} INFO - Training time: 0.48 seconds
[2025-07-30T07:50:19.392+0000] {taskinstance.py:441} INFO - ::group::Post task execution logs
[2025-07-30T07:50:19.398+0000] {taskinstance.py:2905} ERROR - Task failed with exception
Traceback (most recent call last):
  File "/home/airflow/.local/lib/python3.12/site-packages/airflow/models/taskinstance.py", line 465, in _execute_task
    result = _execute_callable(context=context, **execute_callable_kwargs)
             ^^^^^^^^^^^^^^^^^^^^^^^^^^^^^^^^^^^^^^^^^^^^^^^^^^^^^^^^^^^^^
  File "/home/airflow/.local/lib/python3.12/site-packages/airflow/models/taskinstance.py", line 432, in _execute_callable
    return execute_callable(context=context, **execute_callable_kwargs)
           ^^^^^^^^^^^^^^^^^^^^^^^^^^^^^^^^^^^^^^^^^^^^^^^^^^^^^^^^^^^^
  File "/home/airflow/.local/lib/python3.12/site-packages/airflow/models/baseoperator.py", line 400, in wrapper
    return func(self, *args, **kwargs)
           ^^^^^^^^^^^^^^^^^^^^^^^^^^^
  File "/home/airflow/.local/lib/python3.12/site-packages/airflow/operators/python.py", line 235, in execute
    return_value = self.execute_callable()
                   ^^^^^^^^^^^^^^^^^^^^^^^
  File "/home/airflow/.local/lib/python3.12/site-packages/airflow/operators/python.py", line 252, in execute_callable
    return self.python_callable(*self.op_args, **self.op_kwargs)
           ^^^^^^^^^^^^^^^^^^^^^^^^^^^^^^^^^^^^^^^^^^^^^^^^^^^^^
  File "/opt/airflow/dags/classification_model/train_model.py", line 29, in train_model
    os.makedirs("/project/shared", exist_ok=True)
  File "<frozen os>", line 215, in makedirs
  File "<frozen os>", line 225, in makedirs
PermissionError: [Errno 13] Permission denied: '/project'
[2025-07-30T07:50:19.431+0000] {taskinstance.py:1206} INFO - Marking task as FAILED. dag_id=ml_pipeline_dag, task_id=train_classification_model_task, run_id=manual__2025-07-30T07:50:04.725284+00:00, execution_date=20250730T075004, start_date=20250730T075018, end_date=20250730T075019
[2025-07-30T07:50:19.449+0000] {standard_task_runner.py:110} ERROR - Failed to execute job 15 for task train_classification_model_task ([Errno 13] Permission denied: '/project'; 107)
[2025-07-30T07:50:19.467+0000] {local_task_job_runner.py:240} INFO - Task exited with return code 1
[2025-07-30T07:50:19.494+0000] {taskinstance.py:3498} INFO - 0 downstream tasks scheduled from follow-on schedule check
[2025-07-30T07:50:19.497+0000] {local_task_job_runner.py:222} INFO - ::endgroup::
