[2025-08-07T03:36:48.997+0000] {local_task_job_runner.py:120} INFO - ::group::Pre task execution logs
[2025-08-07T03:36:49.040+0000] {taskinstance.py:2076} INFO - Dependencies all met for dep_context=non-requeueable deps ti=<TaskInstance: ml_pipeline_dvc.train_dvc manual__2025-08-07T03:36:36.269320+00:00 [queued]>
[2025-08-07T03:36:49.053+0000] {taskinstance.py:2076} INFO - Dependencies all met for dep_context=requeueable deps ti=<TaskInstance: ml_pipeline_dvc.train_dvc manual__2025-08-07T03:36:36.269320+00:00 [queued]>
[2025-08-07T03:36:49.054+0000] {taskinstance.py:2306} INFO - Starting attempt 1 of 2
[2025-08-07T03:36:49.077+0000] {taskinstance.py:2330} INFO - Executing <Task(BashOperator): train_dvc> on 2025-08-07 03:36:36.269320+00:00
[2025-08-07T03:36:49.086+0000] {warnings.py:110} WARNING - /home/***/.local/lib/python3.12/site-packages/***/task/task_runner/standard_task_runner.py:61: DeprecationWarning: This process (pid=3977) is multi-threaded, use of fork() may lead to deadlocks in the child.
  pid = os.fork()

[2025-08-07T03:36:49.089+0000] {standard_task_runner.py:63} INFO - Started process 3978 to run task
[2025-08-07T03:36:49.089+0000] {standard_task_runner.py:90} INFO - Running: ['***', 'tasks', 'run', 'ml_pipeline_dvc', 'train_dvc', 'manual__2025-08-07T03:36:36.269320+00:00', '--job-id', '13', '--raw', '--subdir', 'DAGS_FOLDER/ml_pipeline_dag_2.py', '--cfg-path', '/tmp/tmpcj815tke']
[2025-08-07T03:36:49.091+0000] {standard_task_runner.py:91} INFO - Job 13: Subtask train_dvc
[2025-08-07T03:36:49.158+0000] {task_command.py:426} INFO - Running <TaskInstance: ml_pipeline_dvc.train_dvc manual__2025-08-07T03:36:36.269320+00:00 [running]> on host 875a2765ee06
[2025-08-07T03:36:49.318+0000] {taskinstance.py:2648} INFO - Exporting env vars: AIRFLOW_CTX_DAG_OWNER='yas' AIRFLOW_CTX_DAG_ID='ml_pipeline_dvc' AIRFLOW_CTX_TASK_ID='train_dvc' AIRFLOW_CTX_EXECUTION_DATE='2025-08-07T03:36:36.269320+00:00' AIRFLOW_CTX_TRY_NUMBER='1' AIRFLOW_CTX_DAG_RUN_ID='manual__2025-08-07T03:36:36.269320+00:00'
[2025-08-07T03:36:49.320+0000] {taskinstance.py:430} INFO - ::endgroup::
[2025-08-07T03:36:49.345+0000] {subprocess.py:63} INFO - Tmp dir root location: /tmp
[2025-08-07T03:36:49.347+0000] {subprocess.py:75} INFO - Running command: ['/usr/bin/bash', '-c', 'cd /opt/***/ml_pipeline && dvc repro train']
[2025-08-07T03:36:49.363+0000] {subprocess.py:86} INFO - Output:
[2025-08-07T03:36:51.356+0000] {subprocess.py:93} INFO - Stage 'preprocess' didn't change, skipping
[2025-08-07T03:36:51.460+0000] {subprocess.py:93} INFO - Running stage 'train':
[2025-08-07T03:36:51.460+0000] {subprocess.py:93} INFO - > python train/train_task.py
[2025-08-07T03:36:55.498+0000] {subprocess.py:93} INFO - INFO:__main__:Outlier detector saved to artifacts/models/outlier_detector_v20250801_144307.pkl
[2025-08-07T03:36:55.543+0000] {subprocess.py:93} INFO - /home/***/.local/lib/python3.12/site-packages/sklearn/metrics/_ranking.py:1201: UndefinedMetricWarning: No positive samples in y_true, true positive value should be meaningless
[2025-08-07T03:36:55.544+0000] {subprocess.py:93} INFO -   warnings.warn(
[2025-08-07T03:36:55.571+0000] {subprocess.py:93} INFO - INFO:__main__:📄 Training metadata saved to artifacts/train/train_metadata_v20250801_144307.json
[2025-08-07T03:36:55.573+0000] {subprocess.py:93} INFO - INFO:__main__:📦 Updated version_meta.json
[2025-08-07T03:36:55.977+0000] {subprocess.py:93} INFO - 2025/08/07 03:36:55 INFO mlflow.tracking.fluent: Experiment with name 'FraudDetectionModel' does not exist. Creating a new experiment.
[2025-08-07T03:36:56.870+0000] {subprocess.py:93} INFO - INFO:__main__:📄 Starting MLflow run for FraudDetectionModel
[2025-08-07T03:36:56.949+0000] {subprocess.py:93} INFO - 2025/08/07 03:36:56 WARNING mlflow.utils.git_utils: Failed to import Git (the Git executable is probably not on your PATH), so Git SHA is not available. Error: Failed to initialize: Bad git executable.
[2025-08-07T03:36:56.950+0000] {subprocess.py:93} INFO - The git executable must be specified in one of the following ways:
[2025-08-07T03:36:56.951+0000] {subprocess.py:93} INFO -     - be included in your $PATH
[2025-08-07T03:36:56.952+0000] {subprocess.py:93} INFO -     - be set via $GIT_PYTHON_GIT_EXECUTABLE
[2025-08-07T03:36:56.953+0000] {subprocess.py:93} INFO -     - explicitly set via git.refresh(<full-path-to-git-executable>)
[2025-08-07T03:36:56.953+0000] {subprocess.py:93} INFO - 
[2025-08-07T03:36:56.954+0000] {subprocess.py:93} INFO - All git commands will error until this is rectified.
[2025-08-07T03:36:56.955+0000] {subprocess.py:93} INFO - 
[2025-08-07T03:36:56.955+0000] {subprocess.py:93} INFO - This initial message can be silenced or aggravated in the future by setting the
[2025-08-07T03:36:56.956+0000] {subprocess.py:93} INFO - $GIT_PYTHON_REFRESH environment variable. Use one of the following values:
[2025-08-07T03:36:56.957+0000] {subprocess.py:93} INFO -     - quiet|q|silence|s|silent|none|n|0: for no message or exception
[2025-08-07T03:36:56.958+0000] {subprocess.py:93} INFO -     - warn|w|warning|log|l|1: for a warning message (logging level CRITICAL, displayed by default)
[2025-08-07T03:36:56.958+0000] {subprocess.py:93} INFO -     - error|e|exception|raise|r|2: for a raised exception
[2025-08-07T03:36:56.959+0000] {subprocess.py:93} INFO - 
[2025-08-07T03:36:56.959+0000] {subprocess.py:93} INFO - Example:
[2025-08-07T03:36:56.960+0000] {subprocess.py:93} INFO -     export GIT_PYTHON_REFRESH=quiet
[2025-08-07T03:36:56.960+0000] {subprocess.py:93} INFO - 
[2025-08-07T03:36:57.070+0000] {subprocess.py:93} INFO - INFO:__main__:📄 MLflow run_id: 7cc251c7b2124b3287231264d5af477a
[2025-08-07T03:36:57.074+0000] {subprocess.py:93} INFO - 2025/08/07 03:36:57 WARNING mlflow.models.model: `artifact_path` is deprecated. Please use `name` instead.
[2025-08-07T03:37:06.238+0000] {subprocess.py:93} INFO - [31m2025/08/07 03:37:06 WARNING mlflow.models.model: Model logged without a signature and input example. Please set `input_example` parameter when logging the model to auto infer the model signature.[0m
[2025-08-07T03:37:06.552+0000] {subprocess.py:93} INFO - INFO:botocore.credentials:Found credentials in environment variables.
[2025-08-07T03:37:07.499+0000] {subprocess.py:93} INFO - INFO:__main__:✅ Model logged
[2025-08-07T03:37:07.931+0000] {subprocess.py:93} INFO - INFO:__main__:✅ Metrics and artifacts logged
[2025-08-07T03:37:08.112+0000] {subprocess.py:93} INFO - Successfully registered model 'FraudDetectionModel'.
[2025-08-07T03:37:08.258+0000] {subprocess.py:93} INFO - 2025/08/07 03:37:08 WARNING mlflow.tracking._model_registry.fluent: Run with id 7cc251c7b2124b3287231264d5af477a has no artifacts at artifact path 'model', registering model based on models:/m-5ff39dead389477695cc1b1767e14ea1 instead
[2025-08-07T03:37:08.378+0000] {subprocess.py:93} INFO - 2025/08/07 03:37:08 INFO mlflow.store.model_registry.abstract_store: Waiting up to 300 seconds for model version to finish creation. Model name: FraudDetectionModel, version 1
[2025-08-07T03:37:08.379+0000] {subprocess.py:93} INFO - Created version '1' of model 'FraudDetectionModel'.
[2025-08-07T03:37:08.427+0000] {subprocess.py:93} INFO - INFO:__main__:📦 Model registered as 'FraudDetectionModel', version 1
[2025-08-07T03:37:08.478+0000] {subprocess.py:93} INFO - /opt/***/ml_pipeline/train/train_task.py:152: FutureWarning: ``mlflow.tracking.client.MlflowClient.transition_model_version_stage`` is deprecated since 2.9.0. Model registry stages will be removed in a future major release. To learn more about the deprecation of model registry stages, see our migration guide here: https://mlflow.org/docs/latest/model-registry.html#migrating-from-stages
[2025-08-07T03:37:08.479+0000] {subprocess.py:93} INFO -   client.transition_model_version_stage(
[2025-08-07T03:37:08.607+0000] {subprocess.py:93} INFO - INFO:__main__:🚀 Model version 1 transitioned to 'Production'
[2025-08-07T03:37:08.609+0000] {subprocess.py:93} INFO - INFO:__main__:✅ Model registration and promotion complete.
[2025-08-07T03:37:08.610+0000] {subprocess.py:93} INFO - INFO:__main__:✅ Model trained and saved to artifacts/models/model_v20250801_144307.pkl
[2025-08-07T03:37:08.612+0000] {subprocess.py:93} INFO - INFO:__main__:✅ Model pipeline for FraudDetectionModel registered with MLFlow
[2025-08-07T03:37:08.614+0000] {subprocess.py:93} INFO - 🏃 View run rumbling-hog-549 at: http://mlflow:5000/#/experiments/1/runs/7cc251c7b2124b3287231264d5af477a
[2025-08-07T03:37:08.615+0000] {subprocess.py:93} INFO - 🧪 View experiment at: http://mlflow:5000/#/experiments/1
[2025-08-07T03:37:09.433+0000] {subprocess.py:93} INFO - Updating lock file 'dvc.lock'
[2025-08-07T03:37:09.451+0000] {subprocess.py:93} INFO - 
[2025-08-07T03:37:09.452+0000] {subprocess.py:93} INFO - To track the changes with git, run:
[2025-08-07T03:37:09.453+0000] {subprocess.py:93} INFO - 
[2025-08-07T03:37:09.454+0000] {subprocess.py:93} INFO - 	git add dvc.lock
[2025-08-07T03:37:09.455+0000] {subprocess.py:93} INFO - 
[2025-08-07T03:37:09.455+0000] {subprocess.py:93} INFO - To enable auto staging, run:
[2025-08-07T03:37:09.456+0000] {subprocess.py:93} INFO - 
[2025-08-07T03:37:09.457+0000] {subprocess.py:93} INFO - 	dvc config core.autostage true
[2025-08-07T03:37:09.458+0000] {subprocess.py:93} INFO - Use `dvc push` to send your updates to remote storage.
[2025-08-07T03:37:09.896+0000] {subprocess.py:97} INFO - Command exited with return code 0
[2025-08-07T03:37:09.898+0000] {taskinstance.py:441} INFO - ::group::Post task execution logs
[2025-08-07T03:37:09.938+0000] {taskinstance.py:1206} INFO - Marking task as SUCCESS. dag_id=ml_pipeline_dvc, task_id=train_dvc, run_id=manual__2025-08-07T03:36:36.269320+00:00, execution_date=20250807T033636, start_date=20250807T033649, end_date=20250807T033709
[2025-08-07T03:37:09.982+0000] {local_task_job_runner.py:240} INFO - Task exited with return code 0
[2025-08-07T03:37:10.008+0000] {taskinstance.py:3498} INFO - 0 downstream tasks scheduled from follow-on schedule check
[2025-08-07T03:37:10.010+0000] {local_task_job_runner.py:222} INFO - ::endgroup::
