[2025-08-20T17:57:40.545+0000] {local_task_job_runner.py:120} INFO - ::group::Pre task execution logs
[2025-08-20T17:57:40.579+0000] {taskinstance.py:2076} INFO - Dependencies all met for dep_context=non-requeueable deps ti=<TaskInstance: ml_pipeline_dvc.preprocess_dvc manual__2025-08-20T17:57:10.749381+00:00 [queued]>
[2025-08-20T17:57:40.591+0000] {taskinstance.py:2076} INFO - Dependencies all met for dep_context=requeueable deps ti=<TaskInstance: ml_pipeline_dvc.preprocess_dvc manual__2025-08-20T17:57:10.749381+00:00 [queued]>
[2025-08-20T17:57:40.592+0000] {taskinstance.py:2306} INFO - Starting attempt 1 of 1
[2025-08-20T17:57:40.608+0000] {taskinstance.py:2330} INFO - Executing <Task(BashOperator): preprocess_dvc> on 2025-08-20 17:57:10.749381+00:00
[2025-08-20T17:57:40.619+0000] {warnings.py:110} WARNING - /home/***/.local/lib/python3.12/site-packages/***/task/task_runner/standard_task_runner.py:61: DeprecationWarning: This process (pid=1555) is multi-threaded, use of fork() may lead to deadlocks in the child.
  pid = os.fork()

[2025-08-20T17:57:40.622+0000] {standard_task_runner.py:63} INFO - Started process 1581 to run task
[2025-08-20T17:57:40.622+0000] {standard_task_runner.py:90} INFO - Running: ['***', 'tasks', 'run', 'ml_pipeline_dvc', 'preprocess_dvc', 'manual__2025-08-20T17:57:10.749381+00:00', '--job-id', '10', '--raw', '--subdir', 'DAGS_FOLDER/ml_pipeline_dvc_dag.py', '--cfg-path', '/tmp/tmprejs0cp6']
[2025-08-20T17:57:40.625+0000] {standard_task_runner.py:91} INFO - Job 10: Subtask preprocess_dvc
[2025-08-20T17:57:40.684+0000] {task_command.py:426} INFO - Running <TaskInstance: ml_pipeline_dvc.preprocess_dvc manual__2025-08-20T17:57:10.749381+00:00 [running]> on host d741d36e6db0
[2025-08-20T17:57:40.813+0000] {taskinstance.py:2648} INFO - Exporting env vars: AIRFLOW_CTX_DAG_OWNER='yas' AIRFLOW_CTX_DAG_ID='ml_pipeline_dvc' AIRFLOW_CTX_TASK_ID='preprocess_dvc' AIRFLOW_CTX_EXECUTION_DATE='2025-08-20T17:57:10.749381+00:00' AIRFLOW_CTX_TRY_NUMBER='1' AIRFLOW_CTX_DAG_RUN_ID='manual__2025-08-20T17:57:10.749381+00:00'
[2025-08-20T17:57:40.815+0000] {taskinstance.py:430} INFO - ::endgroup::
[2025-08-20T17:57:40.840+0000] {subprocess.py:63} INFO - Tmp dir root location: /tmp
[2025-08-20T17:57:40.842+0000] {subprocess.py:75} INFO - Running command: ['/usr/bin/bash', '-c', '\n            cd /opt/***/ml_pipeline\n            dvc pull --force\n            dvc repro preprocess\n            dvc push\n        ']
[2025-08-20T17:57:40.864+0000] {subprocess.py:86} INFO - Output:
[2025-08-20T17:57:44.708+0000] {subprocess.py:93} INFO - A       data/raw/
[2025-08-20T17:57:44.711+0000] {subprocess.py:93} INFO - 1 file added
[2025-08-20T17:57:48.443+0000] {subprocess.py:93} INFO - Running stage 'ingest':
[2025-08-20T17:57:48.445+0000] {subprocess.py:93} INFO - > python data/ingest/etl_task.py && python data/ingest/download_data.py
[2025-08-20T17:57:50.893+0000] {subprocess.py:93} INFO - Traceback (most recent call last):
[2025-08-20T17:57:50.894+0000] {subprocess.py:93} INFO -   File "/opt/***/ml_pipeline/data/ingest/etl_task.py", line 10, in <module>
[2025-08-20T17:57:50.896+0000] {subprocess.py:93} INFO -     logger = get_logger("model_training", tracing=False)
[2025-08-20T17:57:50.896+0000] {subprocess.py:93} INFO -              ^^^^^^^^^^^^^^^^^^^^^^^^^^^^^^^^^^^^^^^^^^^
[2025-08-20T17:57:50.897+0000] {subprocess.py:93} INFO - TypeError: get_logger() got an unexpected keyword argument 'tracing'
[2025-08-20T17:57:51.146+0000] {subprocess.py:93} INFO - ERROR: failed to reproduce 'ingest': failed to run: python data/ingest/etl_task.py && python data/ingest/download_data.py, exited with 1
[2025-08-20T17:57:55.194+0000] {subprocess.py:93} INFO - Everything is up to date.
[2025-08-20T17:57:55.616+0000] {subprocess.py:97} INFO - Command exited with return code 0
[2025-08-20T17:57:55.620+0000] {taskinstance.py:441} INFO - ::group::Post task execution logs
[2025-08-20T17:57:55.665+0000] {taskinstance.py:1206} INFO - Marking task as SUCCESS. dag_id=ml_pipeline_dvc, task_id=preprocess_dvc, run_id=manual__2025-08-20T17:57:10.749381+00:00, execution_date=20250820T175710, start_date=20250820T175740, end_date=20250820T175755
[2025-08-20T17:57:55.710+0000] {local_task_job_runner.py:240} INFO - Task exited with return code 0
[2025-08-20T17:57:55.753+0000] {taskinstance.py:3498} INFO - 1 downstream tasks scheduled from follow-on schedule check
[2025-08-20T17:57:55.756+0000] {local_task_job_runner.py:222} INFO - ::endgroup::
