[2025-07-31T01:34:35.399+0000] {local_task_job_runner.py:120} INFO - ::group::Pre task execution logs
[2025-07-31T01:34:35.431+0000] {taskinstance.py:2076} INFO - Dependencies all met for dep_context=non-requeueable deps ti=<TaskInstance: ml_pipeline_dag.detect_drift_task manual__2025-07-31T01:34:26.629633+00:00 [queued]>
[2025-07-31T01:34:35.442+0000] {taskinstance.py:2076} INFO - Dependencies all met for dep_context=requeueable deps ti=<TaskInstance: ml_pipeline_dag.detect_drift_task manual__2025-07-31T01:34:26.629633+00:00 [queued]>
[2025-07-31T01:34:35.443+0000] {taskinstance.py:2306} INFO - Starting attempt 1 of 1
[2025-07-31T01:34:35.460+0000] {taskinstance.py:2330} INFO - Executing <Task(PythonOperator): detect_drift_task> on 2025-07-31 01:34:26.629633+00:00
[2025-07-31T01:34:35.470+0000] {warnings.py:110} WARNING - /home/***/.local/lib/python3.12/site-packages/***/task/task_runner/standard_task_runner.py:61: DeprecationWarning: This process (pid=2639) is multi-threaded, use of fork() may lead to deadlocks in the child.
  pid = os.fork()

[2025-07-31T01:34:35.473+0000] {standard_task_runner.py:63} INFO - Started process 2648 to run task
[2025-07-31T01:34:35.473+0000] {standard_task_runner.py:90} INFO - Running: ['***', 'tasks', 'run', 'ml_pipeline_dag', 'detect_drift_task', 'manual__2025-07-31T01:34:26.629633+00:00', '--job-id', '50', '--raw', '--subdir', 'DAGS_FOLDER/ml_pipeline_dag.py', '--cfg-path', '/tmp/tmpqpk_e68z']
[2025-07-31T01:34:35.477+0000] {standard_task_runner.py:91} INFO - Job 50: Subtask detect_drift_task
[2025-07-31T01:34:35.547+0000] {task_command.py:426} INFO - Running <TaskInstance: ml_pipeline_dag.detect_drift_task manual__2025-07-31T01:34:26.629633+00:00 [running]> on host edd92f9295b0
[2025-07-31T01:34:35.675+0000] {taskinstance.py:2648} INFO - Exporting env vars: AIRFLOW_CTX_DAG_OWNER='***' AIRFLOW_CTX_DAG_ID='ml_pipeline_dag' AIRFLOW_CTX_TASK_ID='detect_drift_task' AIRFLOW_CTX_EXECUTION_DATE='2025-07-31T01:34:26.629633+00:00' AIRFLOW_CTX_TRY_NUMBER='1' AIRFLOW_CTX_DAG_RUN_ID='manual__2025-07-31T01:34:26.629633+00:00'
[2025-07-31T01:34:35.678+0000] {taskinstance.py:430} INFO - ::endgroup::
[2025-07-31T01:34:35.697+0000] {logging_mixin.py:188} INFO - Batch 1 - Drift score: 0.21
[2025-07-31T01:34:35.699+0000] {logging_mixin.py:188} INFO - Batch 2 - Drift score: 0.13
[2025-07-31T01:34:35.699+0000] {logging_mixin.py:188} INFO - Batch 3 - Drift score: 0.10
[2025-07-31T01:34:35.700+0000] {logging_mixin.py:188} INFO - Batch 4 - Drift score: 0.14
[2025-07-31T01:34:35.701+0000] {logging_mixin.py:188} INFO - Batch 5 - Drift score: 0.04
[2025-07-31T01:34:35.702+0000] {logging_mixin.py:188} INFO - Batch 6 - Drift score: 0.04
[2025-07-31T01:34:35.703+0000] {logging_mixin.py:188} INFO - Batch 7 - Drift score: 1.97
[2025-07-31T01:34:35.704+0000] {logging_mixin.py:188} INFO - Batch 8 - Drift score: 1.98
[2025-07-31T01:34:35.705+0000] {logging_mixin.py:188} INFO - Batch 9 - Drift score: 1.92
[2025-07-31T01:34:35.705+0000] {logging_mixin.py:188} INFO - Batch 10 - Drift score: 2.06
[2025-07-31T01:34:35.706+0000] {logging_mixin.py:188} INFO - ⚠️ Drift detected in batch 10
[2025-07-31T01:34:35.707+0000] {python.py:237} INFO - Done. Returned value was: None
[2025-07-31T01:34:35.708+0000] {taskinstance.py:441} INFO - ::group::Post task execution logs
[2025-07-31T01:34:35.719+0000] {taskinstance.py:1206} INFO - Marking task as SUCCESS. dag_id=ml_pipeline_dag, task_id=detect_drift_task, run_id=manual__2025-07-31T01:34:26.629633+00:00, execution_date=20250731T013426, start_date=20250731T013435, end_date=20250731T013435
[2025-07-31T01:34:35.776+0000] {local_task_job_runner.py:240} INFO - Task exited with return code 0
[2025-07-31T01:34:35.803+0000] {taskinstance.py:3498} INFO - 1 downstream tasks scheduled from follow-on schedule check
[2025-07-31T01:34:35.804+0000] {local_task_job_runner.py:222} INFO - ::endgroup::
