[2025-08-03T05:27:47.772+0000] {local_task_job_runner.py:120} INFO - ::group::Pre task execution logs
[2025-08-03T05:27:47.816+0000] {taskinstance.py:2076} INFO - Dependencies all met for dep_context=non-requeueable deps ti=<TaskInstance: daily_batch_inference.run_batch_inference manual__2025-08-03T05:27:39.837779+00:00 [queued]>
[2025-08-03T05:27:47.832+0000] {taskinstance.py:2076} INFO - Dependencies all met for dep_context=requeueable deps ti=<TaskInstance: daily_batch_inference.run_batch_inference manual__2025-08-03T05:27:39.837779+00:00 [queued]>
[2025-08-03T05:27:47.833+0000] {taskinstance.py:2306} INFO - Starting attempt 1 of 2
[2025-08-03T05:27:47.873+0000] {taskinstance.py:2330} INFO - Executing <Task(BashOperator): run_batch_inference> on 2025-08-03 05:27:39.837779+00:00
[2025-08-03T05:27:47.883+0000] {warnings.py:110} WARNING - /home/***/.local/lib/python3.12/site-packages/***/task/task_runner/standard_task_runner.py:61: DeprecationWarning: This process (pid=652) is multi-threaded, use of fork() may lead to deadlocks in the child.
  pid = os.fork()

[2025-08-03T05:27:47.887+0000] {standard_task_runner.py:63} INFO - Started process 653 to run task
[2025-08-03T05:27:47.887+0000] {standard_task_runner.py:90} INFO - Running: ['***', 'tasks', 'run', 'daily_batch_inference', 'run_batch_inference', 'manual__2025-08-03T05:27:39.837779+00:00', '--job-id', '116', '--raw', '--subdir', 'DAGS_FOLDER/batch_inference_dag.py', '--cfg-path', '/tmp/tmpfq7pquz0']
[2025-08-03T05:27:47.890+0000] {standard_task_runner.py:91} INFO - Job 116: Subtask run_batch_inference
[2025-08-03T05:27:47.991+0000] {task_command.py:426} INFO - Running <TaskInstance: daily_batch_inference.run_batch_inference manual__2025-08-03T05:27:39.837779+00:00 [running]> on host 0869a4a1051d
[2025-08-03T05:27:48.203+0000] {taskinstance.py:2648} INFO - Exporting env vars: AIRFLOW_CTX_DAG_OWNER='***' AIRFLOW_CTX_DAG_ID='daily_batch_inference' AIRFLOW_CTX_TASK_ID='run_batch_inference' AIRFLOW_CTX_EXECUTION_DATE='2025-08-03T05:27:39.837779+00:00' AIRFLOW_CTX_TRY_NUMBER='1' AIRFLOW_CTX_DAG_RUN_ID='manual__2025-08-03T05:27:39.837779+00:00'
[2025-08-03T05:27:48.204+0000] {taskinstance.py:430} INFO - ::endgroup::
[2025-08-03T05:27:48.228+0000] {subprocess.py:63} INFO - Tmp dir root location: /tmp
[2025-08-03T05:27:48.230+0000] {subprocess.py:75} INFO - Running command: ['/usr/bin/bash', '-c', 'cd /opt/***/ml_pipeline && python batch/batch_inference.py']
[2025-08-03T05:27:48.244+0000] {subprocess.py:86} INFO - Output:
[2025-08-03T05:27:51.395+0000] {subprocess.py:93} INFO - ✅ Batch inference done. Output: data/batch/output/batch_predictions_v20250801_144307.csv
[2025-08-03T05:27:51.396+0000] {subprocess.py:93} INFO - 📊 Summary: data/batch/output/batch_metrics_v20250801_144307.json
[2025-08-03T05:27:51.650+0000] {subprocess.py:97} INFO - Command exited with return code 0
[2025-08-03T05:27:51.651+0000] {taskinstance.py:441} INFO - ::group::Post task execution logs
[2025-08-03T05:27:51.683+0000] {taskinstance.py:1206} INFO - Marking task as SUCCESS. dag_id=daily_batch_inference, task_id=run_batch_inference, run_id=manual__2025-08-03T05:27:39.837779+00:00, execution_date=20250803T052739, start_date=20250803T052747, end_date=20250803T052751
[2025-08-03T05:27:51.735+0000] {local_task_job_runner.py:240} INFO - Task exited with return code 0
[2025-08-03T05:27:51.759+0000] {taskinstance.py:3498} INFO - 0 downstream tasks scheduled from follow-on schedule check
[2025-08-03T05:27:51.761+0000] {local_task_job_runner.py:222} INFO - ::endgroup::
