[2025-08-11T03:04:26.584+0000] {local_task_job_runner.py:120} INFO - ::group::Pre task execution logs
[2025-08-11T03:04:26.626+0000] {taskinstance.py:2076} INFO - Dependencies all met for dep_context=non-requeueable deps ti=<TaskInstance: etl.etl_task manual__2025-08-11T03:04:20.966487+00:00 [queued]>
[2025-08-11T03:04:26.644+0000] {taskinstance.py:2076} INFO - Dependencies all met for dep_context=requeueable deps ti=<TaskInstance: etl.etl_task manual__2025-08-11T03:04:20.966487+00:00 [queued]>
[2025-08-11T03:04:26.645+0000] {taskinstance.py:2306} INFO - Starting attempt 1 of 1
[2025-08-11T03:04:26.671+0000] {taskinstance.py:2330} INFO - Executing <Task(PythonOperator): etl_task> on 2025-08-11 03:04:20.966487+00:00
[2025-08-11T03:04:26.681+0000] {warnings.py:110} WARNING - /home/***/.local/lib/python3.12/site-packages/***/task/task_runner/standard_task_runner.py:61: DeprecationWarning: This process (pid=611) is multi-threaded, use of fork() may lead to deadlocks in the child.
  pid = os.fork()

[2025-08-11T03:04:26.684+0000] {standard_task_runner.py:63} INFO - Started process 613 to run task
[2025-08-11T03:04:26.684+0000] {standard_task_runner.py:90} INFO - Running: ['***', 'tasks', 'run', 'etl', 'etl_task', 'manual__2025-08-11T03:04:20.966487+00:00', '--job-id', '30', '--raw', '--subdir', 'DAGS_FOLDER/etl_pipeline.py', '--cfg-path', '/tmp/tmpjb4_0_wt']
[2025-08-11T03:04:26.687+0000] {standard_task_runner.py:91} INFO - Job 30: Subtask etl_task
[2025-08-11T03:04:26.749+0000] {task_command.py:426} INFO - Running <TaskInstance: etl.etl_task manual__2025-08-11T03:04:20.966487+00:00 [running]> on host 4ada121dfef0
[2025-08-11T03:04:26.883+0000] {taskinstance.py:2648} INFO - Exporting env vars: AIRFLOW_CTX_DAG_OWNER='***' AIRFLOW_CTX_DAG_ID='etl' AIRFLOW_CTX_TASK_ID='etl_task' AIRFLOW_CTX_EXECUTION_DATE='2025-08-11T03:04:20.966487+00:00' AIRFLOW_CTX_TRY_NUMBER='1' AIRFLOW_CTX_DAG_RUN_ID='manual__2025-08-11T03:04:20.966487+00:00'
[2025-08-11T03:04:26.887+0000] {taskinstance.py:430} INFO - ::endgroup::
[2025-08-11T03:04:27.111+0000] {log.py:232} WARNING - {"asctime": "2025-08-11 03:04:26,933", "levelname": "INFO", "name": "model_training", "trace_id": null, "span_id": null, "message": "Simulated data generated."}
[2025-08-11T03:04:26.933+0000] {etl_task.py:99} INFO - Simulated data generated.
[2025-08-11T03:04:27.279+0000] {log.py:232} WARNING - {"asctime": "2025-08-11 03:04:27,279", "levelname": "INFO", "name": "model_training", "trace_id": null, "span_id": null, "message": "Simulated data saved at s3://mlflow-artifacts/data/raw/fraud_data_v20250811_030426.csv."}
[2025-08-11T03:04:27.279+0000] {etl_task.py:101} INFO - Simulated data saved at s3://mlflow-artifacts/data/raw/fraud_data_v20250811_030426.csv.
[2025-08-11T03:04:27.282+0000] {log.py:232} WARNING - {"asctime": "2025-08-11 03:04:27,282", "levelname": "INFO", "name": "model_training", "trace_id": null, "span_id": null, "message": "Metadata saved to s3://mlflow-artifacts/data/raw/metadata_v20250811_030426.json"}
[2025-08-11T03:04:27.282+0000] {etl_task.py:102} INFO - Metadata saved to s3://mlflow-artifacts/data/raw/metadata_v20250811_030426.json
[2025-08-11T03:04:27.284+0000] {log.py:232} WARNING - {"asctime": "2025-08-11 03:04:27,284", "levelname": "INFO", "name": "model_training", "trace_id": null, "span_id": null, "message": "Version: v20250811_030426"}
[2025-08-11T03:04:27.284+0000] {etl_task.py:103} INFO - Version: v20250811_030426
[2025-08-11T03:04:27.288+0000] {python.py:237} INFO - Done. Returned value was: None
[2025-08-11T03:04:27.290+0000] {taskinstance.py:441} INFO - ::group::Post task execution logs
[2025-08-11T03:04:27.314+0000] {taskinstance.py:1206} INFO - Marking task as SUCCESS. dag_id=etl, task_id=etl_task, run_id=manual__2025-08-11T03:04:20.966487+00:00, execution_date=20250811T030420, start_date=20250811T030426, end_date=20250811T030427
[2025-08-11T03:04:27.359+0000] {local_task_job_runner.py:240} INFO - Task exited with return code 0
[2025-08-11T03:04:27.382+0000] {taskinstance.py:3498} INFO - 0 downstream tasks scheduled from follow-on schedule check
[2025-08-11T03:04:27.384+0000] {local_task_job_runner.py:222} INFO - ::endgroup::
