[2025-08-17T21:56:59.862+0000] {local_task_job_runner.py:120} INFO - ::group::Pre task execution logs
[2025-08-17T21:56:59.903+0000] {taskinstance.py:2076} INFO - Dependencies all met for dep_context=non-requeueable deps ti=<TaskInstance: ml_pipeline_dvc.preprocess_dvc manual__2025-08-17T21:56:46.098806+00:00 [queued]>
[2025-08-17T21:56:59.914+0000] {taskinstance.py:2076} INFO - Dependencies all met for dep_context=requeueable deps ti=<TaskInstance: ml_pipeline_dvc.preprocess_dvc manual__2025-08-17T21:56:46.098806+00:00 [queued]>
[2025-08-17T21:56:59.915+0000] {taskinstance.py:2306} INFO - Starting attempt 1 of 1
[2025-08-17T21:56:59.936+0000] {taskinstance.py:2330} INFO - Executing <Task(BashOperator): preprocess_dvc> on 2025-08-17 21:56:46.098806+00:00
[2025-08-17T21:56:59.944+0000] {warnings.py:110} WARNING - /home/***/.local/lib/python3.12/site-packages/***/task/task_runner/standard_task_runner.py:61: DeprecationWarning: This process (pid=10098) is multi-threaded, use of fork() may lead to deadlocks in the child.
  pid = os.fork()

[2025-08-17T21:56:59.947+0000] {standard_task_runner.py:63} INFO - Started process 10099 to run task
[2025-08-17T21:56:59.946+0000] {standard_task_runner.py:90} INFO - Running: ['***', 'tasks', 'run', 'ml_pipeline_dvc', 'preprocess_dvc', 'manual__2025-08-17T21:56:46.098806+00:00', '--job-id', '381', '--raw', '--subdir', 'DAGS_FOLDER/train_pipeline_dag.py', '--cfg-path', '/tmp/tmpw5j1pmn0']
[2025-08-17T21:56:59.949+0000] {standard_task_runner.py:91} INFO - Job 381: Subtask preprocess_dvc
[2025-08-17T21:57:00.019+0000] {task_command.py:426} INFO - Running <TaskInstance: ml_pipeline_dvc.preprocess_dvc manual__2025-08-17T21:56:46.098806+00:00 [running]> on host bea494a05fb4
[2025-08-17T21:57:00.168+0000] {taskinstance.py:2648} INFO - Exporting env vars: AIRFLOW_CTX_DAG_OWNER='yas' AIRFLOW_CTX_DAG_ID='ml_pipeline_dvc' AIRFLOW_CTX_TASK_ID='preprocess_dvc' AIRFLOW_CTX_EXECUTION_DATE='2025-08-17T21:56:46.098806+00:00' AIRFLOW_CTX_TRY_NUMBER='1' AIRFLOW_CTX_DAG_RUN_ID='manual__2025-08-17T21:56:46.098806+00:00'
[2025-08-17T21:57:00.169+0000] {taskinstance.py:430} INFO - ::endgroup::
[2025-08-17T21:57:00.195+0000] {subprocess.py:63} INFO - Tmp dir root location: /tmp
[2025-08-17T21:57:00.198+0000] {subprocess.py:75} INFO - Running command: ['/usr/bin/bash', '-c', '\n            cd /opt/***/ml_pipeline\n            dvc pull --force\n            dvc repro preprocess\n            dvc push\n        ']
[2025-08-17T21:57:00.211+0000] {subprocess.py:86} INFO - Output:
[2025-08-17T21:57:05.438+0000] {subprocess.py:93} INFO - Everything is up to date.
[2025-08-17T21:57:10.477+0000] {subprocess.py:93} INFO - Stage 'ingest' didn't change, skipping
[2025-08-17T21:57:10.518+0000] {subprocess.py:93} INFO - Stage 'preprocess' didn't change, skipping
[2025-08-17T21:57:10.526+0000] {subprocess.py:93} INFO - Data and pipelines are up to date.
[2025-08-17T21:57:15.951+0000] {subprocess.py:93} INFO - Everything is up to date.
[2025-08-17T21:57:16.432+0000] {subprocess.py:97} INFO - Command exited with return code 0
[2025-08-17T21:57:16.435+0000] {taskinstance.py:441} INFO - ::group::Post task execution logs
[2025-08-17T21:57:16.486+0000] {taskinstance.py:1206} INFO - Marking task as SUCCESS. dag_id=ml_pipeline_dvc, task_id=preprocess_dvc, run_id=manual__2025-08-17T21:56:46.098806+00:00, execution_date=20250817T215646, start_date=20250817T215659, end_date=20250817T215716
[2025-08-17T21:57:16.541+0000] {local_task_job_runner.py:240} INFO - Task exited with return code 0
[2025-08-17T21:57:16.597+0000] {taskinstance.py:3498} INFO - 1 downstream tasks scheduled from follow-on schedule check
[2025-08-17T21:57:16.600+0000] {local_task_job_runner.py:222} INFO - ::endgroup::
