[2025-08-16T02:08:19.884+0000] {local_task_job_runner.py:120} INFO - ::group::Pre task execution logs
[2025-08-16T02:08:19.916+0000] {taskinstance.py:2076} INFO - Dependencies all met for dep_context=non-requeueable deps ti=<TaskInstance: ml_pipeline_dvc.train_fraud_detector manual__2025-08-16T02:07:48.446656+00:00 [queued]>
[2025-08-16T02:08:19.926+0000] {taskinstance.py:2076} INFO - Dependencies all met for dep_context=requeueable deps ti=<TaskInstance: ml_pipeline_dvc.train_fraud_detector manual__2025-08-16T02:07:48.446656+00:00 [queued]>
[2025-08-16T02:08:19.927+0000] {taskinstance.py:2306} INFO - Starting attempt 1 of 1
[2025-08-16T02:08:19.946+0000] {taskinstance.py:2330} INFO - Executing <Task(BashOperator): train_fraud_detector> on 2025-08-16 02:07:48.446656+00:00
[2025-08-16T02:08:19.953+0000] {warnings.py:110} WARNING - /home/***/.local/lib/python3.12/site-packages/***/task/task_runner/standard_task_runner.py:61: DeprecationWarning: This process (pid=9344) is multi-threaded, use of fork() may lead to deadlocks in the child.
  pid = os.fork()

[2025-08-16T02:08:19.956+0000] {standard_task_runner.py:63} INFO - Started process 9345 to run task
[2025-08-16T02:08:19.955+0000] {standard_task_runner.py:90} INFO - Running: ['***', 'tasks', 'run', 'ml_pipeline_dvc', 'train_fraud_detector', 'manual__2025-08-16T02:07:48.446656+00:00', '--job-id', '277', '--raw', '--subdir', 'DAGS_FOLDER/train_pipeline_dag.py', '--cfg-path', '/tmp/tmpurh04o12']
[2025-08-16T02:08:19.957+0000] {standard_task_runner.py:91} INFO - Job 277: Subtask train_fraud_detector
[2025-08-16T02:08:20.020+0000] {task_command.py:426} INFO - Running <TaskInstance: ml_pipeline_dvc.train_fraud_detector manual__2025-08-16T02:07:48.446656+00:00 [running]> on host 952e994ef77e
[2025-08-16T02:08:20.172+0000] {taskinstance.py:2648} INFO - Exporting env vars: AIRFLOW_CTX_DAG_OWNER='yas' AIRFLOW_CTX_DAG_ID='ml_pipeline_dvc' AIRFLOW_CTX_TASK_ID='train_fraud_detector' AIRFLOW_CTX_EXECUTION_DATE='2025-08-16T02:07:48.446656+00:00' AIRFLOW_CTX_TRY_NUMBER='1' AIRFLOW_CTX_DAG_RUN_ID='manual__2025-08-16T02:07:48.446656+00:00'
[2025-08-16T02:08:20.173+0000] {taskinstance.py:430} INFO - ::endgroup::
[2025-08-16T02:08:20.195+0000] {subprocess.py:63} INFO - Tmp dir root location: /tmp
[2025-08-16T02:08:20.197+0000] {subprocess.py:75} INFO - Running command: ['/usr/bin/bash', '-c', '\n            cd /opt/***/ml_pipeline\n            dvc pull\n            dvc repro train_model\n            dvc push\n        ']
[2025-08-16T02:08:20.213+0000] {subprocess.py:86} INFO - Output:
[2025-08-16T02:08:23.719+0000] {subprocess.py:93} INFO - ERROR: failed to pull data from the cloud - Can't remove the following unsaved files without confirmation. Use `--force` to force.
[2025-08-16T02:08:23.719+0000] {subprocess.py:93} INFO - /opt/***/ml_pipeline/artifacts/models/fraud/fraud_detector_v20250815_164605.pkl
[2025-08-16T02:08:23.720+0000] {subprocess.py:93} INFO - /opt/***/ml_pipeline/artifacts/models/fraud/metadata_model_v20250815_164605.json
[2025-08-16T02:08:26.821+0000] {subprocess.py:93} INFO - 'data/raw.dvc' didn't change, skipping
[2025-08-16T02:08:26.859+0000] {subprocess.py:93} INFO - Stage 'preprocess' didn't change, skipping
[2025-08-16T02:08:26.932+0000] {subprocess.py:93} INFO - Running stage 'train_model':
[2025-08-16T02:08:26.933+0000] {subprocess.py:93} INFO - > python train/train_fraud_detector_task.py
[2025-08-16T02:08:34.907+0000] {subprocess.py:93} INFO - 2025/08/16 02:08:34 WARNING mlflow.utils.git_utils: Failed to import Git (the Git executable is probably not on your PATH), so Git SHA is not available. Error: Failed to initialize: Bad git executable.
[2025-08-16T02:08:34.908+0000] {subprocess.py:93} INFO - The git executable must be specified in one of the following ways:
[2025-08-16T02:08:34.909+0000] {subprocess.py:93} INFO -     - be included in your $PATH
[2025-08-16T02:08:34.911+0000] {subprocess.py:93} INFO -     - be set via $GIT_PYTHON_GIT_EXECUTABLE
[2025-08-16T02:08:34.912+0000] {subprocess.py:93} INFO -     - explicitly set via git.refresh(<full-path-to-git-executable>)
[2025-08-16T02:08:34.914+0000] {subprocess.py:93} INFO - 
[2025-08-16T02:08:34.914+0000] {subprocess.py:93} INFO - All git commands will error until this is rectified.
[2025-08-16T02:08:34.916+0000] {subprocess.py:93} INFO - 
[2025-08-16T02:08:34.917+0000] {subprocess.py:93} INFO - This initial message can be silenced or aggravated in the future by setting the
[2025-08-16T02:08:34.918+0000] {subprocess.py:93} INFO - $GIT_PYTHON_REFRESH environment variable. Use one of the following values:
[2025-08-16T02:08:34.919+0000] {subprocess.py:93} INFO -     - quiet|q|silence|s|silent|none|n|0: for no message or exception
[2025-08-16T02:08:34.920+0000] {subprocess.py:93} INFO -     - warn|w|warning|log|l|1: for a warning message (logging level CRITICAL, displayed by default)
[2025-08-16T02:08:34.920+0000] {subprocess.py:93} INFO -     - error|e|exception|raise|r|2: for a raised exception
[2025-08-16T02:08:34.921+0000] {subprocess.py:93} INFO - 
[2025-08-16T02:08:34.922+0000] {subprocess.py:93} INFO - Example:
[2025-08-16T02:08:34.923+0000] {subprocess.py:93} INFO -     export GIT_PYTHON_REFRESH=quiet
[2025-08-16T02:08:34.924+0000] {subprocess.py:93} INFO - 
[2025-08-16T02:08:34.993+0000] {subprocess.py:93} INFO - {"asctime": "2025-08-16 02:08:34,941", "levelname": "INFO", "name": "model_training", "trace_id": null, "span_id": null, "message": "MLflow run id: f15409c51ac04a259e85c4fffd68df12"}
[2025-08-16T02:08:35.092+0000] {subprocess.py:93} INFO - {"asctime": "2025-08-16 02:08:35,091", "levelname": "INFO", "name": "model_training", "trace_id": null, "span_id": null, "message": "Loading preprocessor from artifacts/preprocess/fraud_pipeline_v20250815_164605.pkl to process raw data"}
[2025-08-16T02:08:35.139+0000] {subprocess.py:93} INFO - {"asctime": "2025-08-16 02:08:35,139", "levelname": "INFO", "name": "model_training", "trace_id": null, "span_id": null, "message": "Preprocessing/transform applied to raw data."}
[2025-08-16T02:08:35.220+0000] {subprocess.py:93} INFO - {"asctime": "2025-08-16 02:08:35,219", "levelname": "INFO", "name": "model_training", "trace_id": null, "span_id": null, "message": "Evaluation metrics: {'accuracy': 0.998, 'f1_score': 0.9655172413793104, 'precision': 1.0, 'recall': 0.9333333333333333, 'auc': 0.9999312714776633}"}
[2025-08-16T02:08:35.522+0000] {subprocess.py:93} INFO - 2025/08/16 02:08:35 WARNING mlflow.models.model: `artifact_path` is deprecated. Please use `name` instead.
[2025-08-16T02:08:44.131+0000] {subprocess.py:93} INFO - [31m2025/08/16 02:08:44 WARNING mlflow.models.model: Model logged without a signature and input example. Please set `input_example` parameter when logging the model to auto infer the model signature.[0m
[2025-08-16T02:08:44.782+0000] {subprocess.py:93} INFO - {"asctime": "2025-08-16 02:08:44,782", "levelname": "INFO", "name": "model_training", "trace_id": null, "span_id": null, "message": "Model pipeline logged to MLflow (artifact_path='model')"}
[2025-08-16T02:08:44.786+0000] {subprocess.py:93} INFO - {"asctime": "2025-08-16 02:08:44,786", "levelname": "INFO", "name": "model_training", "trace_id": null, "span_id": null, "message": "Registering model from runs:/f15409c51ac04a259e85c4fffd68df12/model as registered model name 'FraudDetectionModel'"}
[2025-08-16T02:08:44.929+0000] {subprocess.py:93} INFO - Successfully registered model 'FraudDetectionModel'.
[2025-08-16T02:08:45.030+0000] {subprocess.py:93} INFO - 2025/08/16 02:08:45 WARNING mlflow.tracking._model_registry.fluent: Run with id f15409c51ac04a259e85c4fffd68df12 has no artifacts at artifact path 'model', registering model based on models:/m-d3b85179392f4b7dace3b45e49209bbc instead
[2025-08-16T02:08:45.063+0000] {subprocess.py:93} INFO - 2025/08/16 02:08:45 INFO mlflow.store.model_registry.abstract_store: Waiting up to 300 seconds for model version to finish creation. Model name: FraudDetectionModel, version 1
[2025-08-16T02:08:45.064+0000] {subprocess.py:93} INFO - Created version '1' of model 'FraudDetectionModel'.
[2025-08-16T02:08:45.099+0000] {subprocess.py:93} INFO - /opt/***/ml_pipeline/train/train_fraud_detector_task.py:209: FutureWarning: ``mlflow.tracking.client.MlflowClient.transition_model_version_stage`` is deprecated since 2.9.0. Model registry stages will be removed in a future major release. To learn more about the deprecation of model registry stages, see our migration guide here: https://mlflow.org/docs/latest/model-registry.html#migrating-from-stages
[2025-08-16T02:08:45.100+0000] {subprocess.py:93} INFO -   client.transition_model_version_stage(
[2025-08-16T02:08:45.128+0000] {subprocess.py:93} INFO - {"asctime": "2025-08-16 02:08:45,127", "levelname": "INFO", "name": "model_training", "trace_id": null, "span_id": null, "message": "Model registered and transitioned to 'Production' (version 1)"}
[2025-08-16T02:08:45.128+0000] {subprocess.py:93} INFO - {"asctime": "2025-08-16 02:08:45,128", "levelname": "INFO", "name": "model_training", "trace_id": null, "span_id": null, "message": "\u2705 Training & registration complete."}
[2025-08-16T02:08:45.156+0000] {subprocess.py:93} INFO - 🏃 View run train_v20250815_164605 at: http://mlflow:5000/#/experiments/2/runs/f15409c51ac04a259e85c4fffd68df12
[2025-08-16T02:08:45.157+0000] {subprocess.py:93} INFO - 🧪 View experiment at: http://mlflow:5000/#/experiments/2
[2025-08-16T02:08:45.869+0000] {subprocess.py:93} INFO - Updating lock file 'dvc.lock'
[2025-08-16T02:08:45.880+0000] {subprocess.py:93} INFO - 
[2025-08-16T02:08:45.881+0000] {subprocess.py:93} INFO - To track the changes with git, run:
[2025-08-16T02:08:45.883+0000] {subprocess.py:93} INFO - 
[2025-08-16T02:08:45.884+0000] {subprocess.py:93} INFO - 	git add dvc.lock
[2025-08-16T02:08:45.884+0000] {subprocess.py:93} INFO - 
[2025-08-16T02:08:45.885+0000] {subprocess.py:93} INFO - To enable auto staging, run:
[2025-08-16T02:08:45.886+0000] {subprocess.py:93} INFO - 
[2025-08-16T02:08:45.887+0000] {subprocess.py:93} INFO - 	dvc config core.autostage true
[2025-08-16T02:08:45.887+0000] {subprocess.py:93} INFO - Use `dvc push` to send your updates to remote storage.
[2025-08-16T02:08:50.557+0000] {subprocess.py:93} INFO - 3 files pushed
[2025-08-16T02:08:51.145+0000] {subprocess.py:97} INFO - Command exited with return code 0
[2025-08-16T02:08:51.148+0000] {taskinstance.py:441} INFO - ::group::Post task execution logs
[2025-08-16T02:08:51.197+0000] {taskinstance.py:1206} INFO - Marking task as SUCCESS. dag_id=ml_pipeline_dvc, task_id=train_fraud_detector, run_id=manual__2025-08-16T02:07:48.446656+00:00, execution_date=20250816T020748, start_date=20250816T020819, end_date=20250816T020851
[2025-08-16T02:08:51.245+0000] {local_task_job_runner.py:240} INFO - Task exited with return code 0
[2025-08-16T02:08:51.280+0000] {taskinstance.py:3498} INFO - 0 downstream tasks scheduled from follow-on schedule check
[2025-08-16T02:08:51.282+0000] {local_task_job_runner.py:222} INFO - ::endgroup::
