[2025-08-17T17:17:24.806+0000] {local_task_job_runner.py:120} INFO - ::group::Pre task execution logs
[2025-08-17T17:17:24.868+0000] {taskinstance.py:2076} INFO - Dependencies all met for dep_context=non-requeueable deps ti=<TaskInstance: ml_pipeline_dvc.ingestion_dvc manual__2025-08-17T17:17:20.822198+00:00 [queued]>
[2025-08-17T17:17:24.899+0000] {taskinstance.py:2076} INFO - Dependencies all met for dep_context=requeueable deps ti=<TaskInstance: ml_pipeline_dvc.ingestion_dvc manual__2025-08-17T17:17:20.822198+00:00 [queued]>
[2025-08-17T17:17:24.901+0000] {taskinstance.py:2306} INFO - Starting attempt 1 of 1
[2025-08-17T17:17:24.934+0000] {taskinstance.py:2330} INFO - Executing <Task(BashOperator): ingestion_dvc> on 2025-08-17 17:17:20.822198+00:00
[2025-08-17T17:17:24.946+0000] {warnings.py:110} WARNING - /home/***/.local/lib/python3.12/site-packages/***/task/task_runner/standard_task_runner.py:61: DeprecationWarning: This process (pid=248) is multi-threaded, use of fork() may lead to deadlocks in the child.
  pid = os.fork()

[2025-08-17T17:17:24.949+0000] {standard_task_runner.py:90} INFO - Running: ['***', 'tasks', 'run', 'ml_pipeline_dvc', 'ingestion_dvc', 'manual__2025-08-17T17:17:20.822198+00:00', '--job-id', '297', '--raw', '--subdir', 'DAGS_FOLDER/train_pipeline_dag.py', '--cfg-path', '/tmp/tmpmjcf0sdv']
[2025-08-17T17:17:24.952+0000] {standard_task_runner.py:63} INFO - Started process 249 to run task
[2025-08-17T17:17:24.952+0000] {standard_task_runner.py:91} INFO - Job 297: Subtask ingestion_dvc
[2025-08-17T17:17:25.039+0000] {task_command.py:426} INFO - Running <TaskInstance: ml_pipeline_dvc.ingestion_dvc manual__2025-08-17T17:17:20.822198+00:00 [running]> on host bea494a05fb4
[2025-08-17T17:17:25.266+0000] {taskinstance.py:2648} INFO - Exporting env vars: AIRFLOW_CTX_DAG_OWNER='yas' AIRFLOW_CTX_DAG_ID='ml_pipeline_dvc' AIRFLOW_CTX_TASK_ID='ingestion_dvc' AIRFLOW_CTX_EXECUTION_DATE='2025-08-17T17:17:20.822198+00:00' AIRFLOW_CTX_TRY_NUMBER='1' AIRFLOW_CTX_DAG_RUN_ID='manual__2025-08-17T17:17:20.822198+00:00'
[2025-08-17T17:17:25.268+0000] {taskinstance.py:430} INFO - ::endgroup::
[2025-08-17T17:17:25.367+0000] {subprocess.py:63} INFO - Tmp dir root location: /tmp
[2025-08-17T17:17:25.369+0000] {subprocess.py:75} INFO - Running command: ['/usr/bin/bash', '-c', '\n            cd /opt/***/ml_pipeline \n            dvc repro ingestion\n            dvc push\n        ']
[2025-08-17T17:17:25.387+0000] {subprocess.py:86} INFO - Output:
[2025-08-17T17:17:27.678+0000] {subprocess.py:93} INFO - ERROR: Stage 'ingestion' not found inside 'dvc.yaml' file
[2025-08-17T17:17:32.347+0000] {subprocess.py:93} INFO - 9 files pushed
[2025-08-17T17:17:33.093+0000] {subprocess.py:97} INFO - Command exited with return code 0
[2025-08-17T17:17:33.096+0000] {taskinstance.py:441} INFO - ::group::Post task execution logs
[2025-08-17T17:17:33.137+0000] {taskinstance.py:1206} INFO - Marking task as SUCCESS. dag_id=ml_pipeline_dvc, task_id=ingestion_dvc, run_id=manual__2025-08-17T17:17:20.822198+00:00, execution_date=20250817T171720, start_date=20250817T171724, end_date=20250817T171733
[2025-08-17T17:17:33.194+0000] {local_task_job_runner.py:240} INFO - Task exited with return code 0
[2025-08-17T17:17:33.218+0000] {taskinstance.py:3498} INFO - 0 downstream tasks scheduled from follow-on schedule check
[2025-08-17T17:17:33.220+0000] {local_task_job_runner.py:222} INFO - ::endgroup::
