[2025-08-17T18:29:23.123+0000] {local_task_job_runner.py:120} INFO - ::group::Pre task execution logs
[2025-08-17T18:29:23.626+0000] {taskinstance.py:2076} INFO - Dependencies all met for dep_context=non-requeueable deps ti=<TaskInstance: ml_pipeline_dvc.preprocess_dvc manual__2025-08-17T18:27:56.120419+00:00 [queued]>
[2025-08-17T18:29:23.688+0000] {taskinstance.py:2076} INFO - Dependencies all met for dep_context=requeueable deps ti=<TaskInstance: ml_pipeline_dvc.preprocess_dvc manual__2025-08-17T18:27:56.120419+00:00 [queued]>
[2025-08-17T18:29:23.690+0000] {taskinstance.py:2306} INFO - Starting attempt 1 of 1
[2025-08-17T18:29:23.853+0000] {taskinstance.py:2330} INFO - Executing <Task(BashOperator): preprocess_dvc> on 2025-08-17 18:27:56.120419+00:00
[2025-08-17T18:29:24.038+0000] {warnings.py:110} WARNING - /home/***/.local/lib/python3.12/site-packages/***/task/task_runner/standard_task_runner.py:61: DeprecationWarning: This process (pid=1707) is multi-threaded, use of fork() may lead to deadlocks in the child.
  pid = os.fork()

[2025-08-17T18:29:24.053+0000] {standard_task_runner.py:63} INFO - Started process 1708 to run task
[2025-08-17T18:29:24.053+0000] {standard_task_runner.py:90} INFO - Running: ['***', 'tasks', 'run', 'ml_pipeline_dvc', 'preprocess_dvc', 'manual__2025-08-17T18:27:56.120419+00:00', '--job-id', '305', '--raw', '--subdir', 'DAGS_FOLDER/train_pipeline_dag.py', '--cfg-path', '/tmp/tmp7il1mqox']
[2025-08-17T18:29:24.066+0000] {standard_task_runner.py:91} INFO - Job 305: Subtask preprocess_dvc
[2025-08-17T18:29:24.836+0000] {task_command.py:426} INFO - Running <TaskInstance: ml_pipeline_dvc.preprocess_dvc manual__2025-08-17T18:27:56.120419+00:00 [running]> on host bea494a05fb4
[2025-08-17T18:29:25.713+0000] {taskinstance.py:2648} INFO - Exporting env vars: AIRFLOW_CTX_DAG_OWNER='yas' AIRFLOW_CTX_DAG_ID='ml_pipeline_dvc' AIRFLOW_CTX_TASK_ID='preprocess_dvc' AIRFLOW_CTX_EXECUTION_DATE='2025-08-17T18:27:56.120419+00:00' AIRFLOW_CTX_TRY_NUMBER='1' AIRFLOW_CTX_DAG_RUN_ID='manual__2025-08-17T18:27:56.120419+00:00'
[2025-08-17T18:29:25.717+0000] {taskinstance.py:430} INFO - ::endgroup::
[2025-08-17T18:29:25.998+0000] {subprocess.py:63} INFO - Tmp dir root location: /tmp
[2025-08-17T18:29:26.013+0000] {subprocess.py:75} INFO - Running command: ['/usr/bin/bash', '-c', '\n            cd /opt/***/ml_pipeline\n            dvc pull\n            dvc repro preprocess\n            dvc push\n        ']
[2025-08-17T18:29:26.123+0000] {subprocess.py:86} INFO - Output:
[2025-08-17T18:29:37.042+0000] {subprocess.py:93} INFO - ERROR: failed to pull data from the cloud - Can't remove the following unsaved files without confirmation. Use `--force` to force.
[2025-08-17T18:29:37.044+0000] {subprocess.py:93} INFO - /opt/***/ml_pipeline/artifacts/models/fraud/metadata_model_v20250817_175136.json
[2025-08-17T18:29:51.050+0000] {subprocess.py:93} INFO - Stage 'ingest' didn't change, skipping
[2025-08-17T18:29:51.163+0000] {subprocess.py:93} INFO - Stage 'preprocess' didn't change, skipping
[2025-08-17T18:29:51.178+0000] {subprocess.py:93} INFO - Data and pipelines are up to date.
[2025-08-17T18:29:58.584+0000] {subprocess.py:93} INFO - Everything is up to date.
[2025-08-17T18:29:59.107+0000] {subprocess.py:97} INFO - Command exited with return code 0
[2025-08-17T18:29:59.109+0000] {taskinstance.py:441} INFO - ::group::Post task execution logs
[2025-08-17T18:29:59.168+0000] {taskinstance.py:1206} INFO - Marking task as SUCCESS. dag_id=ml_pipeline_dvc, task_id=preprocess_dvc, run_id=manual__2025-08-17T18:27:56.120419+00:00, execution_date=20250817T182756, start_date=20250817T182923, end_date=20250817T182959
[2025-08-17T18:29:59.233+0000] {local_task_job_runner.py:240} INFO - Task exited with return code 0
[2025-08-17T18:29:59.309+0000] {taskinstance.py:3498} INFO - 1 downstream tasks scheduled from follow-on schedule check
[2025-08-17T18:29:59.312+0000] {local_task_job_runner.py:222} INFO - ::endgroup::
