[2025-08-16T02:11:25.517+0000] {local_task_job_runner.py:120} INFO - ::group::Pre task execution logs
[2025-08-16T02:11:25.640+0000] {taskinstance.py:2076} INFO - Dependencies all met for dep_context=non-requeueable deps ti=<TaskInstance: ml_pipeline_dvc.train_outlier_detector manual__2025-08-16T02:11:03.537932+00:00 [queued]>
[2025-08-16T02:11:25.694+0000] {taskinstance.py:2076} INFO - Dependencies all met for dep_context=requeueable deps ti=<TaskInstance: ml_pipeline_dvc.train_outlier_detector manual__2025-08-16T02:11:03.537932+00:00 [queued]>
[2025-08-16T02:11:25.701+0000] {taskinstance.py:2306} INFO - Starting attempt 1 of 1
[2025-08-16T02:11:25.768+0000] {taskinstance.py:2330} INFO - Executing <Task(BashOperator): train_outlier_detector> on 2025-08-16 02:11:03.537932+00:00
[2025-08-16T02:11:25.796+0000] {standard_task_runner.py:90} INFO - Running: ['***', 'tasks', 'run', 'ml_pipeline_dvc', 'train_outlier_detector', 'manual__2025-08-16T02:11:03.537932+00:00', '--job-id', '279', '--raw', '--subdir', 'DAGS_FOLDER/train_pipeline_dag.py', '--cfg-path', '/tmp/tmp6nmjxhrt']
[2025-08-16T02:11:25.847+0000] {standard_task_runner.py:91} INFO - Job 279: Subtask train_outlier_detector
[2025-08-16T02:11:25.792+0000] {warnings.py:110} WARNING - /home/***/.local/lib/python3.12/site-packages/***/task/task_runner/standard_task_runner.py:61: DeprecationWarning: This process (pid=9576) is multi-threaded, use of fork() may lead to deadlocks in the child.
  pid = os.fork()

[2025-08-16T02:11:25.865+0000] {standard_task_runner.py:63} INFO - Started process 9577 to run task
[2025-08-16T02:11:26.080+0000] {task_command.py:426} INFO - Running <TaskInstance: ml_pipeline_dvc.train_outlier_detector manual__2025-08-16T02:11:03.537932+00:00 [running]> on host 952e994ef77e
[2025-08-16T02:11:26.495+0000] {taskinstance.py:2648} INFO - Exporting env vars: AIRFLOW_CTX_DAG_OWNER='yas' AIRFLOW_CTX_DAG_ID='ml_pipeline_dvc' AIRFLOW_CTX_TASK_ID='train_outlier_detector' AIRFLOW_CTX_EXECUTION_DATE='2025-08-16T02:11:03.537932+00:00' AIRFLOW_CTX_TRY_NUMBER='1' AIRFLOW_CTX_DAG_RUN_ID='manual__2025-08-16T02:11:03.537932+00:00'
[2025-08-16T02:11:26.498+0000] {taskinstance.py:430} INFO - ::endgroup::
[2025-08-16T02:11:26.627+0000] {subprocess.py:63} INFO - Tmp dir root location: /tmp
[2025-08-16T02:11:26.630+0000] {subprocess.py:75} INFO - Running command: ['/usr/bin/bash', '-c', '\n            cd /opt/***/ml_pipeline\n            dvc pull\n            dvc repro train_outlier\n            dvc push\n        ']
[2025-08-16T02:11:26.689+0000] {subprocess.py:86} INFO - Output:
[2025-08-16T02:11:32.526+0000] {subprocess.py:93} INFO - Everything is up to date.
[2025-08-16T02:11:40.311+0000] {subprocess.py:93} INFO - 'data/raw.dvc' didn't change, skipping
[2025-08-16T02:11:40.402+0000] {subprocess.py:93} INFO - Stage 'preprocess' didn't change, skipping
[2025-08-16T02:11:40.457+0000] {subprocess.py:93} INFO - Stage 'train_outlier' didn't change, skipping
[2025-08-16T02:11:40.463+0000] {subprocess.py:93} INFO - Data and pipelines are up to date.
[2025-08-16T02:11:46.376+0000] {subprocess.py:93} INFO - Everything is up to date.
[2025-08-16T02:11:48.380+0000] {subprocess.py:97} INFO - Command exited with return code 0
[2025-08-16T02:11:48.412+0000] {taskinstance.py:441} INFO - ::group::Post task execution logs
[2025-08-16T02:11:48.590+0000] {taskinstance.py:1206} INFO - Marking task as SUCCESS. dag_id=ml_pipeline_dvc, task_id=train_outlier_detector, run_id=manual__2025-08-16T02:11:03.537932+00:00, execution_date=20250816T021103, start_date=20250816T021125, end_date=20250816T021148
[2025-08-16T02:11:48.654+0000] {local_task_job_runner.py:240} INFO - Task exited with return code 0
[2025-08-16T02:11:48.718+0000] {taskinstance.py:3498} INFO - 1 downstream tasks scheduled from follow-on schedule check
[2025-08-16T02:11:48.725+0000] {local_task_job_runner.py:222} INFO - ::endgroup::
