[2025-08-20T17:02:32.962+0000] {local_task_job_runner.py:120} INFO - ::group::Pre task execution logs
[2025-08-20T17:02:33.005+0000] {taskinstance.py:2076} INFO - Dependencies all met for dep_context=non-requeueable deps ti=<TaskInstance: ml_pipeline_dvc.train_fraud_detector_dvc manual__2025-08-20T17:01:44.656788+00:00 [queued]>
[2025-08-20T17:02:33.020+0000] {taskinstance.py:2076} INFO - Dependencies all met for dep_context=requeueable deps ti=<TaskInstance: ml_pipeline_dvc.train_fraud_detector_dvc manual__2025-08-20T17:01:44.656788+00:00 [queued]>
[2025-08-20T17:02:33.021+0000] {taskinstance.py:2306} INFO - Starting attempt 1 of 1
[2025-08-20T17:02:33.044+0000] {taskinstance.py:2330} INFO - Executing <Task(BashOperator): train_fraud_detector_dvc> on 2025-08-20 17:01:44.656788+00:00
[2025-08-20T17:02:33.055+0000] {warnings.py:110} WARNING - /home/***/.local/lib/python3.12/site-packages/***/task/task_runner/standard_task_runner.py:61: DeprecationWarning: This process (pid=741) is multi-threaded, use of fork() may lead to deadlocks in the child.
  pid = os.fork()

[2025-08-20T17:02:33.058+0000] {standard_task_runner.py:63} INFO - Started process 742 to run task
[2025-08-20T17:02:33.059+0000] {standard_task_runner.py:90} INFO - Running: ['***', 'tasks', 'run', 'ml_pipeline_dvc', 'train_fraud_detector_dvc', 'manual__2025-08-20T17:01:44.656788+00:00', '--job-id', '8', '--raw', '--subdir', 'DAGS_FOLDER/dvc_dag.py', '--cfg-path', '/tmp/tmpolhpklnl']
[2025-08-20T17:02:33.061+0000] {standard_task_runner.py:91} INFO - Job 8: Subtask train_fraud_detector_dvc
[2025-08-20T17:02:33.158+0000] {task_command.py:426} INFO - Running <TaskInstance: ml_pipeline_dvc.train_fraud_detector_dvc manual__2025-08-20T17:01:44.656788+00:00 [running]> on host d741d36e6db0
[2025-08-20T17:02:33.336+0000] {taskinstance.py:2648} INFO - Exporting env vars: AIRFLOW_CTX_DAG_OWNER='yas' AIRFLOW_CTX_DAG_ID='ml_pipeline_dvc' AIRFLOW_CTX_TASK_ID='train_fraud_detector_dvc' AIRFLOW_CTX_EXECUTION_DATE='2025-08-20T17:01:44.656788+00:00' AIRFLOW_CTX_TRY_NUMBER='1' AIRFLOW_CTX_DAG_RUN_ID='manual__2025-08-20T17:01:44.656788+00:00'
[2025-08-20T17:02:33.340+0000] {taskinstance.py:430} INFO - ::endgroup::
[2025-08-20T17:02:33.380+0000] {subprocess.py:63} INFO - Tmp dir root location: /tmp
[2025-08-20T17:02:33.381+0000] {subprocess.py:75} INFO - Running command: ['/usr/bin/bash', '-c', '\n            git config --global --add safe.directory /opt/***/ml_pipeline\n            cd /opt/***/ml_pipeline\n            dvc pull --force\n            dvc repro train_model\n            dvc push\n        ']
[2025-08-20T17:02:33.399+0000] {subprocess.py:86} INFO - Output:
[2025-08-20T17:02:37.286+0000] {subprocess.py:93} INFO - Everything is up to date.
[2025-08-20T17:02:44.511+0000] {subprocess.py:93} INFO - Stage 'ingest' didn't change, skipping
[2025-08-20T17:02:44.617+0000] {subprocess.py:93} INFO - Stage 'preprocess' didn't change, skipping
[2025-08-20T17:02:44.668+0000] {subprocess.py:93} INFO - Stage 'train_model' didn't change, skipping
[2025-08-20T17:02:44.677+0000] {subprocess.py:93} INFO - Data and pipelines are up to date.
[2025-08-20T17:02:50.054+0000] {subprocess.py:93} INFO - Everything is up to date.
[2025-08-20T17:02:50.428+0000] {subprocess.py:97} INFO - Command exited with return code 0
[2025-08-20T17:02:50.430+0000] {taskinstance.py:441} INFO - ::group::Post task execution logs
[2025-08-20T17:02:50.497+0000] {taskinstance.py:1206} INFO - Marking task as SUCCESS. dag_id=ml_pipeline_dvc, task_id=train_fraud_detector_dvc, run_id=manual__2025-08-20T17:01:44.656788+00:00, execution_date=20250820T170144, start_date=20250820T170233, end_date=20250820T170250
[2025-08-20T17:02:50.588+0000] {local_task_job_runner.py:240} INFO - Task exited with return code 0
[2025-08-20T17:02:50.636+0000] {taskinstance.py:3498} INFO - 0 downstream tasks scheduled from follow-on schedule check
[2025-08-20T17:02:50.639+0000] {local_task_job_runner.py:222} INFO - ::endgroup::
