[2025-08-12T23:03:28.809+0000] {local_task_job_runner.py:120} INFO - ::group::Pre task execution logs
[2025-08-12T23:03:28.883+0000] {taskinstance.py:2076} INFO - Dependencies all met for dep_context=non-requeueable deps ti=<TaskInstance: ml_pipeline_dvc.preprocess_dvc manual__2025-08-12T23:03:26.817330+00:00 [queued]>
[2025-08-12T23:03:28.913+0000] {taskinstance.py:2076} INFO - Dependencies all met for dep_context=requeueable deps ti=<TaskInstance: ml_pipeline_dvc.preprocess_dvc manual__2025-08-12T23:03:26.817330+00:00 [queued]>
[2025-08-12T23:03:28.917+0000] {taskinstance.py:2306} INFO - Starting attempt 1 of 1
[2025-08-12T23:03:28.994+0000] {taskinstance.py:2330} INFO - Executing <Task(BashOperator): preprocess_dvc> on 2025-08-12 23:03:26.817330+00:00
[2025-08-12T23:03:29.030+0000] {warnings.py:110} WARNING - /home/***/.local/lib/python3.12/site-packages/***/task/task_runner/standard_task_runner.py:61: DeprecationWarning: This process (pid=1213) is multi-threaded, use of fork() may lead to deadlocks in the child.
  pid = os.fork()

[2025-08-12T23:03:29.033+0000] {standard_task_runner.py:90} INFO - Running: ['***', 'tasks', 'run', 'ml_pipeline_dvc', 'preprocess_dvc', 'manual__2025-08-12T23:03:26.817330+00:00', '--job-id', '210', '--raw', '--subdir', 'DAGS_FOLDER/train_pipeline_dag.py', '--cfg-path', '/tmp/tmpqykzk26d']
[2025-08-12T23:03:29.035+0000] {standard_task_runner.py:63} INFO - Started process 1214 to run task
[2025-08-12T23:03:29.037+0000] {standard_task_runner.py:91} INFO - Job 210: Subtask preprocess_dvc
[2025-08-12T23:03:29.255+0000] {task_command.py:426} INFO - Running <TaskInstance: ml_pipeline_dvc.preprocess_dvc manual__2025-08-12T23:03:26.817330+00:00 [running]> on host 276ab97d4dd8
[2025-08-12T23:03:29.691+0000] {taskinstance.py:2648} INFO - Exporting env vars: AIRFLOW_CTX_DAG_OWNER='yas' AIRFLOW_CTX_DAG_ID='ml_pipeline_dvc' AIRFLOW_CTX_TASK_ID='preprocess_dvc' AIRFLOW_CTX_EXECUTION_DATE='2025-08-12T23:03:26.817330+00:00' AIRFLOW_CTX_TRY_NUMBER='1' AIRFLOW_CTX_DAG_RUN_ID='manual__2025-08-12T23:03:26.817330+00:00'
[2025-08-12T23:03:29.696+0000] {taskinstance.py:430} INFO - ::endgroup::
[2025-08-12T23:03:29.770+0000] {subprocess.py:63} INFO - Tmp dir root location: /tmp
[2025-08-12T23:03:29.775+0000] {subprocess.py:75} INFO - Running command: ['/usr/bin/bash', '-c', 'cd /opt/***/ml_pipeline && dvc repro preprocess']
[2025-08-12T23:03:29.809+0000] {subprocess.py:86} INFO - Output:
[2025-08-12T23:03:32.572+0000] {subprocess.py:93} INFO - './dvc.yaml' validation failed.
[2025-08-12T23:03:32.577+0000] {subprocess.py:93} INFO - 
[2025-08-12T23:03:32.579+0000] {subprocess.py:93} INFO - extra keys not allowed, in stages -> preprocess -> outs_no_cache, line 9, column
[2025-08-12T23:03:32.581+0000] {subprocess.py:93} INFO - 7
[2025-08-12T23:03:32.593+0000] {subprocess.py:93} INFO -    8 │   outs_no_cache:
[2025-08-12T23:03:32.594+0000] {subprocess.py:93} INFO -    9 │     - s3://mlflow-artifacts/preprocess/${version_tag}/pipeline.pkl
[2025-08-12T23:03:32.869+0000] {subprocess.py:97} INFO - Command exited with return code 255
[2025-08-12T23:03:32.871+0000] {taskinstance.py:441} INFO - ::group::Post task execution logs
[2025-08-12T23:03:32.888+0000] {taskinstance.py:2905} ERROR - Task failed with exception
Traceback (most recent call last):
  File "/home/airflow/.local/lib/python3.12/site-packages/airflow/models/taskinstance.py", line 465, in _execute_task
    result = _execute_callable(context=context, **execute_callable_kwargs)
             ^^^^^^^^^^^^^^^^^^^^^^^^^^^^^^^^^^^^^^^^^^^^^^^^^^^^^^^^^^^^^
  File "/home/airflow/.local/lib/python3.12/site-packages/airflow/models/taskinstance.py", line 432, in _execute_callable
    return execute_callable(context=context, **execute_callable_kwargs)
           ^^^^^^^^^^^^^^^^^^^^^^^^^^^^^^^^^^^^^^^^^^^^^^^^^^^^^^^^^^^^
  File "/home/airflow/.local/lib/python3.12/site-packages/airflow/models/baseoperator.py", line 400, in wrapper
    return func(self, *args, **kwargs)
           ^^^^^^^^^^^^^^^^^^^^^^^^^^^
  File "/home/airflow/.local/lib/python3.12/site-packages/airflow/operators/bash.py", line 243, in execute
    raise AirflowException(
airflow.exceptions.AirflowException: Bash command failed. The command returned a non-zero exit code 255.
[2025-08-12T23:03:32.894+0000] {taskinstance.py:1206} INFO - Marking task as FAILED. dag_id=ml_pipeline_dvc, task_id=preprocess_dvc, run_id=manual__2025-08-12T23:03:26.817330+00:00, execution_date=20250812T230326, start_date=20250812T230328, end_date=20250812T230332
[2025-08-12T23:03:32.938+0000] {standard_task_runner.py:110} ERROR - Failed to execute job 210 for task preprocess_dvc (Bash command failed. The command returned a non-zero exit code 255.; 1214)
[2025-08-12T23:03:32.969+0000] {local_task_job_runner.py:240} INFO - Task exited with return code 1
[2025-08-12T23:03:33.006+0000] {taskinstance.py:3498} INFO - 0 downstream tasks scheduled from follow-on schedule check
[2025-08-12T23:03:33.011+0000] {local_task_job_runner.py:222} INFO - ::endgroup::
