[2025-08-17T19:52:36.137+0000] {local_task_job_runner.py:120} INFO - ::group::Pre task execution logs
[2025-08-17T19:52:36.175+0000] {taskinstance.py:2076} INFO - Dependencies all met for dep_context=non-requeueable deps ti=<TaskInstance: ml_pipeline_dvc.train_fraud_detector_dvc manual__2025-08-17T19:51:47.647350+00:00 [queued]>
[2025-08-17T19:52:36.188+0000] {taskinstance.py:2076} INFO - Dependencies all met for dep_context=requeueable deps ti=<TaskInstance: ml_pipeline_dvc.train_fraud_detector_dvc manual__2025-08-17T19:51:47.647350+00:00 [queued]>
[2025-08-17T19:52:36.188+0000] {taskinstance.py:2306} INFO - Starting attempt 1 of 1
[2025-08-17T19:52:36.211+0000] {taskinstance.py:2330} INFO - Executing <Task(BashOperator): train_fraud_detector_dvc> on 2025-08-17 19:51:47.647350+00:00
[2025-08-17T19:52:36.219+0000] {warnings.py:110} WARNING - /home/***/.local/lib/python3.12/site-packages/***/task/task_runner/standard_task_runner.py:61: DeprecationWarning: This process (pid=5970) is multi-threaded, use of fork() may lead to deadlocks in the child.
  pid = os.fork()

[2025-08-17T19:52:36.222+0000] {standard_task_runner.py:63} INFO - Started process 5971 to run task
[2025-08-17T19:52:36.221+0000] {standard_task_runner.py:90} INFO - Running: ['***', 'tasks', 'run', 'ml_pipeline_dvc', 'train_fraud_detector_dvc', 'manual__2025-08-17T19:51:47.647350+00:00', '--job-id', '347', '--raw', '--subdir', 'DAGS_FOLDER/train_pipeline_dag.py', '--cfg-path', '/tmp/tmprah4bn7f']
[2025-08-17T19:52:36.223+0000] {standard_task_runner.py:91} INFO - Job 347: Subtask train_fraud_detector_dvc
[2025-08-17T19:52:36.295+0000] {task_command.py:426} INFO - Running <TaskInstance: ml_pipeline_dvc.train_fraud_detector_dvc manual__2025-08-17T19:51:47.647350+00:00 [running]> on host bea494a05fb4
[2025-08-17T19:52:36.446+0000] {taskinstance.py:2648} INFO - Exporting env vars: AIRFLOW_CTX_DAG_OWNER='yas' AIRFLOW_CTX_DAG_ID='ml_pipeline_dvc' AIRFLOW_CTX_TASK_ID='train_fraud_detector_dvc' AIRFLOW_CTX_EXECUTION_DATE='2025-08-17T19:51:47.647350+00:00' AIRFLOW_CTX_TRY_NUMBER='1' AIRFLOW_CTX_DAG_RUN_ID='manual__2025-08-17T19:51:47.647350+00:00'
[2025-08-17T19:52:36.448+0000] {taskinstance.py:430} INFO - ::endgroup::
[2025-08-17T19:52:36.473+0000] {subprocess.py:63} INFO - Tmp dir root location: /tmp
[2025-08-17T19:52:36.476+0000] {subprocess.py:75} INFO - Running command: ['/usr/bin/bash', '-c', '\n            cd /opt/***/ml_pipeline\n            dvc pull --force\n            dvc repro train_model\n            dvc push\n        ']
[2025-08-17T19:52:36.489+0000] {subprocess.py:86} INFO - Output:
[2025-08-17T19:52:40.119+0000] {subprocess.py:93} INFO - Everything is up to date.
[2025-08-17T19:52:43.389+0000] {subprocess.py:93} INFO - Stage 'ingest' didn't change, skipping
[2025-08-17T19:52:43.424+0000] {subprocess.py:93} INFO - Stage 'preprocess' didn't change, skipping
[2025-08-17T19:52:43.532+0000] {subprocess.py:93} INFO - Running stage 'train_model':
[2025-08-17T19:52:43.533+0000] {subprocess.py:93} INFO - > python models/train_fraud_detector_task.py
[2025-08-17T19:52:51.221+0000] {subprocess.py:93} INFO - {"asctime": "2025-08-17 19:52:51,167", "levelname": "INFO", "name": "model_training", "trace_id": null, "span_id": null, "message": "MLflow run id: 87f938b690b04bef968a5e46fb410d57"}
[2025-08-17T19:52:51.314+0000] {subprocess.py:93} INFO - {"asctime": "2025-08-17 19:52:51,314", "levelname": "INFO", "name": "model_training", "trace_id": null, "span_id": null, "message": "Loading preprocessor from artifacts/preprocess/fraud_pipeline_v20250817_175136.pkl to process raw data"}
[2025-08-17T19:52:51.350+0000] {subprocess.py:93} INFO - {"asctime": "2025-08-17 19:52:51,350", "levelname": "INFO", "name": "model_training", "trace_id": null, "span_id": null, "message": "Preprocessing/transform applied to raw data."}
[2025-08-17T19:52:51.481+0000] {subprocess.py:93} INFO - {"asctime": "2025-08-17 19:52:51,475", "levelname": "INFO", "name": "model_training", "trace_id": null, "span_id": null, "message": "Evaluation metrics: {'accuracy': 0.998, 'f1_score': 0.9655172413793104, 'precision': 1.0, 'recall': 0.9333333333333333, 'auc': 0.9999312714776633}"}
[2025-08-17T19:52:51.806+0000] {subprocess.py:93} INFO - 🏃 View run train_v20250817_175136 at: http://mlflow:5000/#/experiments/2/runs/87f938b690b04bef968a5e46fb410d57
[2025-08-17T19:52:51.807+0000] {subprocess.py:93} INFO - 🧪 View experiment at: http://mlflow:5000/#/experiments/2
[2025-08-17T19:52:51.808+0000] {subprocess.py:93} INFO - Traceback (most recent call last):
[2025-08-17T19:52:51.808+0000] {subprocess.py:93} INFO -   File "/opt/***/ml_pipeline/models/train_fraud_detector_task.py", line 235, in <module>
[2025-08-17T19:52:51.809+0000] {subprocess.py:93} INFO -     main()
[2025-08-17T19:52:51.810+0000] {subprocess.py:93} INFO -   File "/opt/***/ml_pipeline/models/train_fraud_detector_task.py", line 152, in main
[2025-08-17T19:52:51.810+0000] {subprocess.py:93} INFO -     dataset = PandasDataset.from_pandas(
[2025-08-17T19:52:51.811+0000] {subprocess.py:93} INFO -               ^^^^^^^^^^^^^^^^^^^^^^^^^
[2025-08-17T19:52:51.812+0000] {subprocess.py:93} INFO - AttributeError: type object 'PandasDataset' has no attribute 'from_pandas'
[2025-08-17T19:52:52.182+0000] {subprocess.py:93} INFO - ERROR: failed to reproduce 'train_model': failed to run: python models/train_fraud_detector_task.py, exited with 1
[2025-08-17T19:53:00.949+0000] {subprocess.py:93} INFO - Everything is up to date.
[2025-08-17T19:53:01.338+0000] {subprocess.py:97} INFO - Command exited with return code 0
[2025-08-17T19:53:01.342+0000] {taskinstance.py:441} INFO - ::group::Post task execution logs
[2025-08-17T19:53:01.380+0000] {taskinstance.py:1206} INFO - Marking task as SUCCESS. dag_id=ml_pipeline_dvc, task_id=train_fraud_detector_dvc, run_id=manual__2025-08-17T19:51:47.647350+00:00, execution_date=20250817T195147, start_date=20250817T195236, end_date=20250817T195301
[2025-08-17T19:53:01.436+0000] {local_task_job_runner.py:240} INFO - Task exited with return code 0
[2025-08-17T19:53:01.459+0000] {taskinstance.py:3498} INFO - 0 downstream tasks scheduled from follow-on schedule check
[2025-08-17T19:53:01.461+0000] {local_task_job_runner.py:222} INFO - ::endgroup::
