[2025-08-12T21:48:12.202+0000] {local_task_job_runner.py:120} INFO - ::group::Pre task execution logs
[2025-08-12T21:48:12.237+0000] {taskinstance.py:2076} INFO - Dependencies all met for dep_context=non-requeueable deps ti=<TaskInstance: ml_pipeline_dvc.preprocess_dvc manual__2025-08-12T21:43:02.219062+00:00 [queued]>
[2025-08-12T21:48:12.247+0000] {taskinstance.py:2076} INFO - Dependencies all met for dep_context=requeueable deps ti=<TaskInstance: ml_pipeline_dvc.preprocess_dvc manual__2025-08-12T21:43:02.219062+00:00 [queued]>
[2025-08-12T21:48:12.248+0000] {taskinstance.py:2306} INFO - Starting attempt 2 of 2
[2025-08-12T21:48:12.265+0000] {taskinstance.py:2330} INFO - Executing <Task(BashOperator): preprocess_dvc> on 2025-08-12 21:43:02.219062+00:00
[2025-08-12T21:48:12.272+0000] {warnings.py:110} WARNING - /home/***/.local/lib/python3.12/site-packages/***/task/task_runner/standard_task_runner.py:61: DeprecationWarning: This process (pid=773) is multi-threaded, use of fork() may lead to deadlocks in the child.
  pid = os.fork()

[2025-08-12T21:48:12.275+0000] {standard_task_runner.py:63} INFO - Started process 775 to run task
[2025-08-12T21:48:12.275+0000] {standard_task_runner.py:90} INFO - Running: ['***', 'tasks', 'run', 'ml_pipeline_dvc', 'preprocess_dvc', 'manual__2025-08-12T21:43:02.219062+00:00', '--job-id', '186', '--raw', '--subdir', 'DAGS_FOLDER/train_pipeline_dag.py', '--cfg-path', '/tmp/tmpy1yz4lxa']
[2025-08-12T21:48:12.276+0000] {standard_task_runner.py:91} INFO - Job 186: Subtask preprocess_dvc
[2025-08-12T21:48:12.397+0000] {task_command.py:426} INFO - Running <TaskInstance: ml_pipeline_dvc.preprocess_dvc manual__2025-08-12T21:43:02.219062+00:00 [running]> on host ae67cab33f2f
[2025-08-12T21:48:12.648+0000] {taskinstance.py:2648} INFO - Exporting env vars: AIRFLOW_CTX_DAG_OWNER='yas' AIRFLOW_CTX_DAG_ID='ml_pipeline_dvc' AIRFLOW_CTX_TASK_ID='preprocess_dvc' AIRFLOW_CTX_EXECUTION_DATE='2025-08-12T21:43:02.219062+00:00' AIRFLOW_CTX_TRY_NUMBER='2' AIRFLOW_CTX_DAG_RUN_ID='manual__2025-08-12T21:43:02.219062+00:00'
[2025-08-12T21:48:12.650+0000] {taskinstance.py:430} INFO - ::endgroup::
[2025-08-12T21:48:12.673+0000] {subprocess.py:63} INFO - Tmp dir root location: /tmp
[2025-08-12T21:48:12.674+0000] {subprocess.py:75} INFO - Running command: ['/usr/bin/bash', '-c', '\n        export AWS_ACCESS_KEY_ID=minioadmin\n        export AWS_SECRET_ACCESS_KEY=minioadmin\n        cd /opt/***/ml_pipeline && dvc repro preprocess\n        env | grep AWS\n        echo $AWS_ACCESS_KEY_ID\n        ']
[2025-08-12T21:48:12.692+0000] {subprocess.py:86} INFO - Output:
[2025-08-12T21:48:20.489+0000] {subprocess.py:93} INFO - ERROR: failed to reproduce 'preprocess': Forbidden: An error occurred (403) when calling the HeadObject operation: Forbidden
[2025-08-12T21:48:21.028+0000] {subprocess.py:93} INFO - AWS_SECRET_ACCESS_KEY=minioadmin
[2025-08-12T21:48:21.029+0000] {subprocess.py:93} INFO - AWS_ACCESS_KEY_ID=minioadmin
[2025-08-12T21:48:21.030+0000] {subprocess.py:93} INFO - minioadmin
[2025-08-12T21:48:21.031+0000] {subprocess.py:97} INFO - Command exited with return code 0
[2025-08-12T21:48:21.032+0000] {taskinstance.py:441} INFO - ::group::Post task execution logs
[2025-08-12T21:48:21.066+0000] {taskinstance.py:1206} INFO - Marking task as SUCCESS. dag_id=ml_pipeline_dvc, task_id=preprocess_dvc, run_id=manual__2025-08-12T21:43:02.219062+00:00, execution_date=20250812T214302, start_date=20250812T214812, end_date=20250812T214821
[2025-08-12T21:48:21.099+0000] {local_task_job_runner.py:240} INFO - Task exited with return code 0
[2025-08-12T21:48:21.127+0000] {taskinstance.py:3498} INFO - 2 downstream tasks scheduled from follow-on schedule check
[2025-08-12T21:48:21.129+0000] {local_task_job_runner.py:222} INFO - ::endgroup::
