[2025-08-01T22:18:19.344+0000] {local_task_job_runner.py:120} INFO - ::group::Pre task execution logs
[2025-08-01T22:18:19.381+0000] {taskinstance.py:2076} INFO - Dependencies all met for dep_context=non-requeueable deps ti=<TaskInstance: ml_pipeline_dvc.preprocess_dvc manual__2025-08-01T22:13:11.869834+00:00 [queued]>
[2025-08-01T22:18:19.394+0000] {taskinstance.py:2076} INFO - Dependencies all met for dep_context=requeueable deps ti=<TaskInstance: ml_pipeline_dvc.preprocess_dvc manual__2025-08-01T22:13:11.869834+00:00 [queued]>
[2025-08-01T22:18:19.395+0000] {taskinstance.py:2306} INFO - Starting attempt 2 of 2
[2025-08-01T22:18:19.418+0000] {taskinstance.py:2330} INFO - Executing <Task(BashOperator): preprocess_dvc> on 2025-08-01 22:13:11.869834+00:00
[2025-08-01T22:18:19.428+0000] {warnings.py:110} WARNING - /home/***/.local/lib/python3.12/site-packages/***/task/task_runner/standard_task_runner.py:61: DeprecationWarning: This process (pid=79) is multi-threaded, use of fork() may lead to deadlocks in the child.
  pid = os.fork()

[2025-08-01T22:18:19.430+0000] {standard_task_runner.py:63} INFO - Started process 80 to run task
[2025-08-01T22:18:19.430+0000] {standard_task_runner.py:90} INFO - Running: ['***', 'tasks', 'run', 'ml_pipeline_dvc', 'preprocess_dvc', 'manual__2025-08-01T22:13:11.869834+00:00', '--job-id', '82', '--raw', '--subdir', 'DAGS_FOLDER/ml_pipeline_dag_2.py', '--cfg-path', '/tmp/tmpxto9jytq']
[2025-08-01T22:18:19.432+0000] {standard_task_runner.py:91} INFO - Job 82: Subtask preprocess_dvc
[2025-08-01T22:18:19.505+0000] {task_command.py:426} INFO - Running <TaskInstance: ml_pipeline_dvc.preprocess_dvc manual__2025-08-01T22:13:11.869834+00:00 [running]> on host 5782a66355ae
[2025-08-01T22:18:19.614+0000] {taskinstance.py:2648} INFO - Exporting env vars: AIRFLOW_CTX_DAG_OWNER='yas' AIRFLOW_CTX_DAG_ID='ml_pipeline_dvc' AIRFLOW_CTX_TASK_ID='preprocess_dvc' AIRFLOW_CTX_EXECUTION_DATE='2025-08-01T22:13:11.869834+00:00' AIRFLOW_CTX_TRY_NUMBER='2' AIRFLOW_CTX_DAG_RUN_ID='manual__2025-08-01T22:13:11.869834+00:00'
[2025-08-01T22:18:19.615+0000] {taskinstance.py:430} INFO - ::endgroup::
[2025-08-01T22:18:19.647+0000] {subprocess.py:63} INFO - Tmp dir root location: /tmp
[2025-08-01T22:18:19.648+0000] {subprocess.py:75} INFO - Running command: ['/usr/bin/bash', '-c', 'cd /opt/***/ml_pipeline && dvc repro preprocess']
[2025-08-01T22:18:19.661+0000] {subprocess.py:86} INFO - Output:
[2025-08-01T22:18:21.700+0000] {subprocess.py:93} INFO - Stage 'preprocess' didn't change, skipping
[2025-08-01T22:18:21.708+0000] {subprocess.py:93} INFO - Data and pipelines are up to date.
[2025-08-01T22:18:21.995+0000] {subprocess.py:97} INFO - Command exited with return code 0
[2025-08-01T22:18:21.997+0000] {taskinstance.py:441} INFO - ::group::Post task execution logs
[2025-08-01T22:18:22.034+0000] {taskinstance.py:1206} INFO - Marking task as SUCCESS. dag_id=ml_pipeline_dvc, task_id=preprocess_dvc, run_id=manual__2025-08-01T22:13:11.869834+00:00, execution_date=20250801T221311, start_date=20250801T221819, end_date=20250801T221822
[2025-08-01T22:18:22.073+0000] {local_task_job_runner.py:240} INFO - Task exited with return code 0
[2025-08-01T22:18:22.103+0000] {taskinstance.py:3498} INFO - 1 downstream tasks scheduled from follow-on schedule check
[2025-08-01T22:18:22.105+0000] {local_task_job_runner.py:222} INFO - ::endgroup::
