[2025-08-12T16:58:35.389+0000] {local_task_job_runner.py:120} INFO - ::group::Pre task execution logs
[2025-08-12T16:58:35.471+0000] {taskinstance.py:2076} INFO - Dependencies all met for dep_context=non-requeueable deps ti=<TaskInstance: ml_pipeline_dvc.setup_dvc_remote manual__2025-08-12T16:58:33.485150+00:00 [queued]>
[2025-08-12T16:58:35.562+0000] {taskinstance.py:2076} INFO - Dependencies all met for dep_context=requeueable deps ti=<TaskInstance: ml_pipeline_dvc.setup_dvc_remote manual__2025-08-12T16:58:33.485150+00:00 [queued]>
[2025-08-12T16:58:35.569+0000] {taskinstance.py:2306} INFO - Starting attempt 1 of 2
[2025-08-12T16:58:35.638+0000] {taskinstance.py:2330} INFO - Executing <Task(BashOperator): setup_dvc_remote> on 2025-08-12 16:58:33.485150+00:00
[2025-08-12T16:58:35.677+0000] {standard_task_runner.py:90} INFO - Running: ['***', 'tasks', 'run', 'ml_pipeline_dvc', 'setup_dvc_remote', 'manual__2025-08-12T16:58:33.485150+00:00', '--job-id', '132', '--raw', '--subdir', 'DAGS_FOLDER/train_pipeline_dag.py', '--cfg-path', '/tmp/tmpw_353kcr']
[2025-08-12T16:58:35.688+0000] {warnings.py:110} WARNING - /home/***/.local/lib/python3.12/site-packages/***/task/task_runner/standard_task_runner.py:61: DeprecationWarning: This process (pid=1637) is multi-threaded, use of fork() may lead to deadlocks in the child.
  pid = os.fork()

[2025-08-12T16:58:35.688+0000] {standard_task_runner.py:91} INFO - Job 132: Subtask setup_dvc_remote
[2025-08-12T16:58:35.691+0000] {standard_task_runner.py:63} INFO - Started process 1638 to run task
[2025-08-12T16:58:35.848+0000] {task_command.py:426} INFO - Running <TaskInstance: ml_pipeline_dvc.setup_dvc_remote manual__2025-08-12T16:58:33.485150+00:00 [running]> on host 08abdf02b345
[2025-08-12T16:58:36.231+0000] {taskinstance.py:2648} INFO - Exporting env vars: AIRFLOW_CTX_DAG_OWNER='yas' AIRFLOW_CTX_DAG_ID='ml_pipeline_dvc' AIRFLOW_CTX_TASK_ID='setup_dvc_remote' AIRFLOW_CTX_EXECUTION_DATE='2025-08-12T16:58:33.485150+00:00' AIRFLOW_CTX_TRY_NUMBER='1' AIRFLOW_CTX_DAG_RUN_ID='manual__2025-08-12T16:58:33.485150+00:00'
[2025-08-12T16:58:36.238+0000] {taskinstance.py:430} INFO - ::endgroup::
[2025-08-12T16:58:36.321+0000] {subprocess.py:63} INFO - Tmp dir root location: /tmp
[2025-08-12T16:58:36.328+0000] {subprocess.py:75} INFO - Running command: ['/usr/bin/bash', '-c', '\n        cd /opt/***/ml_pipeline\n        dvc remote remove minio || true\n        dvc remote add -d minio s3://mlflow-artifacts\n        dvc remote modify minio endpointurl http://minio:9000\n        dvc remote modify minio use_ssl false\n        dvc remote default minio\n        dvc remote modify --local access_key_id minioadmin\n        dvc remote modify --local secret_access_key minioadmin\n        dvc push\n        dvc repro preprocess\n        ']
[2025-08-12T16:58:36.362+0000] {subprocess.py:86} INFO - Output:
[2025-08-12T16:58:40.416+0000] {subprocess.py:93} INFO - Setting 'minio' as a default remote.
[2025-08-12T16:58:47.962+0000] {subprocess.py:93} INFO - ERROR: configuration error - config file error: remote 'access_key_id' doesn't exist.
[2025-08-12T16:58:49.390+0000] {subprocess.py:93} INFO - ERROR: configuration error - config file error: remote 'secret_access_key' doesn't exist.
[2025-08-12T16:58:52.450+0000] {subprocess.py:93} INFO - Everything is up to date.
[2025-08-12T16:58:58.545+0000] {subprocess.py:93} INFO - ERROR: failed to reproduce 'preprocess': Forbidden: An error occurred (403) when calling the HeadObject operation: Forbidden
[2025-08-12T16:58:59.124+0000] {subprocess.py:97} INFO - Command exited with return code 255
[2025-08-12T16:58:59.129+0000] {taskinstance.py:441} INFO - ::group::Post task execution logs
[2025-08-12T16:58:59.144+0000] {taskinstance.py:2905} ERROR - Task failed with exception
Traceback (most recent call last):
  File "/home/airflow/.local/lib/python3.12/site-packages/airflow/models/taskinstance.py", line 465, in _execute_task
    result = _execute_callable(context=context, **execute_callable_kwargs)
             ^^^^^^^^^^^^^^^^^^^^^^^^^^^^^^^^^^^^^^^^^^^^^^^^^^^^^^^^^^^^^
  File "/home/airflow/.local/lib/python3.12/site-packages/airflow/models/taskinstance.py", line 432, in _execute_callable
    return execute_callable(context=context, **execute_callable_kwargs)
           ^^^^^^^^^^^^^^^^^^^^^^^^^^^^^^^^^^^^^^^^^^^^^^^^^^^^^^^^^^^^
  File "/home/airflow/.local/lib/python3.12/site-packages/airflow/models/baseoperator.py", line 400, in wrapper
    return func(self, *args, **kwargs)
           ^^^^^^^^^^^^^^^^^^^^^^^^^^^
  File "/home/airflow/.local/lib/python3.12/site-packages/airflow/operators/bash.py", line 243, in execute
    raise AirflowException(
airflow.exceptions.AirflowException: Bash command failed. The command returned a non-zero exit code 255.
[2025-08-12T16:58:59.153+0000] {taskinstance.py:1206} INFO - Marking task as UP_FOR_RETRY. dag_id=ml_pipeline_dvc, task_id=setup_dvc_remote, run_id=manual__2025-08-12T16:58:33.485150+00:00, execution_date=20250812T165833, start_date=20250812T165835, end_date=20250812T165859
[2025-08-12T16:58:59.176+0000] {standard_task_runner.py:110} ERROR - Failed to execute job 132 for task setup_dvc_remote (Bash command failed. The command returned a non-zero exit code 255.; 1638)
[2025-08-12T16:58:59.211+0000] {local_task_job_runner.py:240} INFO - Task exited with return code 1
[2025-08-12T16:58:59.246+0000] {taskinstance.py:3498} INFO - 0 downstream tasks scheduled from follow-on schedule check
[2025-08-12T16:58:59.248+0000] {local_task_job_runner.py:222} INFO - ::endgroup::
