[2025-08-12T17:03:59.960+0000] {local_task_job_runner.py:120} INFO - ::group::Pre task execution logs
[2025-08-12T17:04:00.000+0000] {taskinstance.py:2076} INFO - Dependencies all met for dep_context=non-requeueable deps ti=<TaskInstance: ml_pipeline_dvc.setup_dvc_remote manual__2025-08-12T16:58:33.485150+00:00 [queued]>
[2025-08-12T17:04:00.012+0000] {taskinstance.py:2076} INFO - Dependencies all met for dep_context=requeueable deps ti=<TaskInstance: ml_pipeline_dvc.setup_dvc_remote manual__2025-08-12T16:58:33.485150+00:00 [queued]>
[2025-08-12T17:04:00.013+0000] {taskinstance.py:2306} INFO - Starting attempt 2 of 2
[2025-08-12T17:04:00.033+0000] {taskinstance.py:2330} INFO - Executing <Task(BashOperator): setup_dvc_remote> on 2025-08-12 16:58:33.485150+00:00
[2025-08-12T17:04:00.040+0000] {warnings.py:110} WARNING - /home/***/.local/lib/python3.12/site-packages/***/task/task_runner/standard_task_runner.py:61: DeprecationWarning: This process (pid=1894) is multi-threaded, use of fork() may lead to deadlocks in the child.
  pid = os.fork()

[2025-08-12T17:04:00.043+0000] {standard_task_runner.py:63} INFO - Started process 1895 to run task
[2025-08-12T17:04:00.043+0000] {standard_task_runner.py:90} INFO - Running: ['***', 'tasks', 'run', 'ml_pipeline_dvc', 'setup_dvc_remote', 'manual__2025-08-12T16:58:33.485150+00:00', '--job-id', '133', '--raw', '--subdir', 'DAGS_FOLDER/train_pipeline_dag.py', '--cfg-path', '/tmp/tmp3t1yv0yk']
[2025-08-12T17:04:00.045+0000] {standard_task_runner.py:91} INFO - Job 133: Subtask setup_dvc_remote
[2025-08-12T17:04:00.110+0000] {task_command.py:426} INFO - Running <TaskInstance: ml_pipeline_dvc.setup_dvc_remote manual__2025-08-12T16:58:33.485150+00:00 [running]> on host 08abdf02b345
[2025-08-12T17:04:00.225+0000] {taskinstance.py:2648} INFO - Exporting env vars: AIRFLOW_CTX_DAG_OWNER='yas' AIRFLOW_CTX_DAG_ID='ml_pipeline_dvc' AIRFLOW_CTX_TASK_ID='setup_dvc_remote' AIRFLOW_CTX_EXECUTION_DATE='2025-08-12T16:58:33.485150+00:00' AIRFLOW_CTX_TRY_NUMBER='2' AIRFLOW_CTX_DAG_RUN_ID='manual__2025-08-12T16:58:33.485150+00:00'
[2025-08-12T17:04:00.229+0000] {taskinstance.py:430} INFO - ::endgroup::
[2025-08-12T17:04:00.259+0000] {subprocess.py:63} INFO - Tmp dir root location: /tmp
[2025-08-12T17:04:00.261+0000] {subprocess.py:75} INFO - Running command: ['/usr/bin/bash', '-c', '\n        cd /opt/***/ml_pipeline\n        dvc remote remove minio || true\n        dvc remote add -d minio s3://mlflow-artifacts\n        dvc remote modify minio endpointurl http://minio:9000\n        dvc remote modify minio use_ssl false\n        dvc remote modify --local access_key_id minioadmin\n        dvc remote modify --local secret_access_key minioadmin\n        echo "config file:"\n        cat .dvc/config\n        echo "Local config file:"\n        cat .dvc/config.local || echo "No local config found"\n        dvc push --verbose\n        dvc repro preprocess\n        ']
[2025-08-12T17:04:00.275+0000] {subprocess.py:86} INFO - Output:
[2025-08-12T17:04:02.984+0000] {subprocess.py:93} INFO - Setting 'minio' as a default remote.
[2025-08-12T17:04:07.373+0000] {subprocess.py:93} INFO - ERROR: configuration error - config file error: remote 'access_key_id' doesn't exist.
[2025-08-12T17:04:08.703+0000] {subprocess.py:93} INFO - ERROR: configuration error - config file error: remote 'secret_access_key' doesn't exist.
[2025-08-12T17:04:09.023+0000] {subprocess.py:93} INFO - config file:
[2025-08-12T17:04:09.028+0000] {subprocess.py:93} INFO - [core]
[2025-08-12T17:04:09.029+0000] {subprocess.py:93} INFO -     remote = minio
[2025-08-12T17:04:09.030+0000] {subprocess.py:93} INFO - ['remote "minio"']
[2025-08-12T17:04:09.031+0000] {subprocess.py:93} INFO -     url = s3://mlflow-artifacts
[2025-08-12T17:04:09.032+0000] {subprocess.py:93} INFO -     endpointurl = http://minio:9000
[2025-08-12T17:04:09.033+0000] {subprocess.py:93} INFO -     use_ssl = false
[2025-08-12T17:04:09.033+0000] {subprocess.py:93} INFO - Local config file:
[2025-08-12T17:04:09.035+0000] {subprocess.py:93} INFO - 
[2025-08-12T17:04:09.704+0000] {subprocess.py:93} INFO - 2025-08-12 17:04:09,703 DEBUG: v3.61.0 (pip), CPython 3.12.3 on Linux-6.6.31-linuxkit-x86_64-with-glibc2.36
[2025-08-12T17:04:09.705+0000] {subprocess.py:93} INFO - 2025-08-12 17:04:09,704 DEBUG: command: /home/***/.local/bin/dvc push --verbose
[2025-08-12T17:04:10.800+0000] {subprocess.py:93} INFO - 2025-08-12 17:04:10,799 DEBUG: Lockfile 'dvc.lock' needs to be updated.
[2025-08-12T17:04:12.051+0000] {subprocess.py:93} INFO - Everything is up to date.
[2025-08-12T17:04:12.056+0000] {subprocess.py:93} INFO - 2025-08-12 17:04:12,056 DEBUG: Analytics is enabled.
[2025-08-12T17:04:12.207+0000] {subprocess.py:93} INFO - 2025-08-12 17:04:12,207 DEBUG: Trying to spawn ['daemon', 'analytics', '/tmp/tmpbaqi01kx', '-v']
[2025-08-12T17:04:12.225+0000] {subprocess.py:93} INFO - 2025-08-12 17:04:12,224 DEBUG: Spawned ['daemon', 'analytics', '/tmp/tmpbaqi01kx', '-v'] with pid 2024
[2025-08-12T17:04:17.530+0000] {subprocess.py:93} INFO - ERROR: failed to reproduce 'preprocess': Forbidden: An error occurred (403) when calling the HeadObject operation: Forbidden
[2025-08-12T17:04:17.991+0000] {subprocess.py:97} INFO - Command exited with return code 255
[2025-08-12T17:04:17.993+0000] {taskinstance.py:441} INFO - ::group::Post task execution logs
[2025-08-12T17:04:18.009+0000] {taskinstance.py:2905} ERROR - Task failed with exception
Traceback (most recent call last):
  File "/home/airflow/.local/lib/python3.12/site-packages/airflow/models/taskinstance.py", line 465, in _execute_task
    result = _execute_callable(context=context, **execute_callable_kwargs)
             ^^^^^^^^^^^^^^^^^^^^^^^^^^^^^^^^^^^^^^^^^^^^^^^^^^^^^^^^^^^^^
  File "/home/airflow/.local/lib/python3.12/site-packages/airflow/models/taskinstance.py", line 432, in _execute_callable
    return execute_callable(context=context, **execute_callable_kwargs)
           ^^^^^^^^^^^^^^^^^^^^^^^^^^^^^^^^^^^^^^^^^^^^^^^^^^^^^^^^^^^^
  File "/home/airflow/.local/lib/python3.12/site-packages/airflow/models/baseoperator.py", line 400, in wrapper
    return func(self, *args, **kwargs)
           ^^^^^^^^^^^^^^^^^^^^^^^^^^^
  File "/home/airflow/.local/lib/python3.12/site-packages/airflow/operators/bash.py", line 243, in execute
    raise AirflowException(
airflow.exceptions.AirflowException: Bash command failed. The command returned a non-zero exit code 255.
[2025-08-12T17:04:18.018+0000] {taskinstance.py:1206} INFO - Marking task as FAILED. dag_id=ml_pipeline_dvc, task_id=setup_dvc_remote, run_id=manual__2025-08-12T16:58:33.485150+00:00, execution_date=20250812T165833, start_date=20250812T170400, end_date=20250812T170418
[2025-08-12T17:04:18.041+0000] {standard_task_runner.py:110} ERROR - Failed to execute job 133 for task setup_dvc_remote (Bash command failed. The command returned a non-zero exit code 255.; 1895)
[2025-08-12T17:04:18.076+0000] {local_task_job_runner.py:240} INFO - Task exited with return code 1
[2025-08-12T17:04:18.105+0000] {taskinstance.py:3498} INFO - 0 downstream tasks scheduled from follow-on schedule check
[2025-08-12T17:04:18.110+0000] {local_task_job_runner.py:222} INFO - ::endgroup::
