[2025-08-16T03:22:29.516+0000] {local_task_job_runner.py:120} INFO - ::group::Pre task execution logs
[2025-08-16T03:22:29.607+0000] {taskinstance.py:2076} INFO - Dependencies all met for dep_context=non-requeueable deps ti=<TaskInstance: ml_pipeline_dvc.train_fraud_detector manual__2025-08-16T03:21:50.844910+00:00 [queued]>
[2025-08-16T03:22:29.636+0000] {taskinstance.py:2076} INFO - Dependencies all met for dep_context=requeueable deps ti=<TaskInstance: ml_pipeline_dvc.train_fraud_detector manual__2025-08-16T03:21:50.844910+00:00 [queued]>
[2025-08-16T03:22:29.638+0000] {taskinstance.py:2306} INFO - Starting attempt 1 of 1
[2025-08-16T03:22:29.681+0000] {taskinstance.py:2330} INFO - Executing <Task(BashOperator): train_fraud_detector> on 2025-08-16 03:21:50.844910+00:00
[2025-08-16T03:22:29.704+0000] {warnings.py:110} WARNING - /home/***/.local/lib/python3.12/site-packages/***/task/task_runner/standard_task_runner.py:61: DeprecationWarning: This process (pid=11292) is multi-threaded, use of fork() may lead to deadlocks in the child.
  pid = os.fork()

[2025-08-16T03:22:29.710+0000] {standard_task_runner.py:63} INFO - Started process 11293 to run task
[2025-08-16T03:22:29.710+0000] {standard_task_runner.py:90} INFO - Running: ['***', 'tasks', 'run', 'ml_pipeline_dvc', 'train_fraud_detector', 'manual__2025-08-16T03:21:50.844910+00:00', '--job-id', '289', '--raw', '--subdir', 'DAGS_FOLDER/train_pipeline_dag.py', '--cfg-path', '/tmp/tmpa0g2qfkn']
[2025-08-16T03:22:29.715+0000] {standard_task_runner.py:91} INFO - Job 289: Subtask train_fraud_detector
[2025-08-16T03:22:29.836+0000] {task_command.py:426} INFO - Running <TaskInstance: ml_pipeline_dvc.train_fraud_detector manual__2025-08-16T03:21:50.844910+00:00 [running]> on host 952e994ef77e
[2025-08-16T03:22:30.059+0000] {taskinstance.py:2648} INFO - Exporting env vars: AIRFLOW_CTX_DAG_OWNER='yas' AIRFLOW_CTX_DAG_ID='ml_pipeline_dvc' AIRFLOW_CTX_TASK_ID='train_fraud_detector' AIRFLOW_CTX_EXECUTION_DATE='2025-08-16T03:21:50.844910+00:00' AIRFLOW_CTX_TRY_NUMBER='1' AIRFLOW_CTX_DAG_RUN_ID='manual__2025-08-16T03:21:50.844910+00:00'
[2025-08-16T03:22:30.062+0000] {taskinstance.py:430} INFO - ::endgroup::
[2025-08-16T03:22:30.093+0000] {subprocess.py:63} INFO - Tmp dir root location: /tmp
[2025-08-16T03:22:30.096+0000] {subprocess.py:75} INFO - Running command: ['/usr/bin/bash', '-c', '\n            cd /opt/***/ml_pipeline\n            dvc pull\n            dvc repro train_model\n            dvc push\n        ']
[2025-08-16T03:22:30.118+0000] {subprocess.py:86} INFO - Output:
[2025-08-16T03:22:34.370+0000] {subprocess.py:93} INFO - ERROR: failed to pull data from the cloud - Can't remove the following unsaved files without confirmation. Use `--force` to force.
[2025-08-16T03:22:34.371+0000] {subprocess.py:93} INFO - /opt/***/ml_pipeline/artifacts/models/fraud/metadata_model_v20250815_164605.json
[2025-08-16T03:22:39.702+0000] {subprocess.py:93} INFO - 'data/raw.dvc' didn't change, skipping
[2025-08-16T03:22:39.823+0000] {subprocess.py:93} INFO - Stage 'preprocess' didn't change, skipping
[2025-08-16T03:22:40.182+0000] {subprocess.py:93} INFO - Running stage 'train_model':
[2025-08-16T03:22:40.186+0000] {subprocess.py:93} INFO - > python train/train_fraud_detector_task.py
[2025-08-16T03:22:44.937+0000] {subprocess.py:93} INFO - 2025/08/16 03:22:44 WARNING mlflow.utils.git_utils: Failed to import Git (the Git executable is probably not on your PATH), so Git SHA is not available. Error: Failed to initialize: Bad git executable.
[2025-08-16T03:22:44.938+0000] {subprocess.py:93} INFO - The git executable must be specified in one of the following ways:
[2025-08-16T03:22:44.938+0000] {subprocess.py:93} INFO -     - be included in your $PATH
[2025-08-16T03:22:44.939+0000] {subprocess.py:93} INFO -     - be set via $GIT_PYTHON_GIT_EXECUTABLE
[2025-08-16T03:22:44.940+0000] {subprocess.py:93} INFO -     - explicitly set via git.refresh(<full-path-to-git-executable>)
[2025-08-16T03:22:44.941+0000] {subprocess.py:93} INFO - 
[2025-08-16T03:22:44.942+0000] {subprocess.py:93} INFO - All git commands will error until this is rectified.
[2025-08-16T03:22:44.943+0000] {subprocess.py:93} INFO - 
[2025-08-16T03:22:44.944+0000] {subprocess.py:93} INFO - This initial message can be silenced or aggravated in the future by setting the
[2025-08-16T03:22:44.944+0000] {subprocess.py:93} INFO - $GIT_PYTHON_REFRESH environment variable. Use one of the following values:
[2025-08-16T03:22:44.945+0000] {subprocess.py:93} INFO -     - quiet|q|silence|s|silent|none|n|0: for no message or exception
[2025-08-16T03:22:44.945+0000] {subprocess.py:93} INFO -     - warn|w|warning|log|l|1: for a warning message (logging level CRITICAL, displayed by default)
[2025-08-16T03:22:44.946+0000] {subprocess.py:93} INFO -     - error|e|exception|raise|r|2: for a raised exception
[2025-08-16T03:22:44.946+0000] {subprocess.py:93} INFO - 
[2025-08-16T03:22:44.947+0000] {subprocess.py:93} INFO - Example:
[2025-08-16T03:22:44.948+0000] {subprocess.py:93} INFO -     export GIT_PYTHON_REFRESH=quiet
[2025-08-16T03:22:44.948+0000] {subprocess.py:93} INFO - 
[2025-08-16T03:22:45.023+0000] {subprocess.py:93} INFO - {"asctime": "2025-08-16 03:22:44,969", "levelname": "INFO", "name": "model_training", "trace_id": null, "span_id": null, "message": "MLflow run id: 8bffe360bd384e21a6f9c8b4d1700836"}
[2025-08-16T03:22:45.091+0000] {subprocess.py:93} INFO - {"asctime": "2025-08-16 03:22:45,091", "levelname": "INFO", "name": "model_training", "trace_id": null, "span_id": null, "message": "Loading preprocessor from artifacts/preprocess/fraud_pipeline_v20250815_164605.pkl to process raw data"}
[2025-08-16T03:22:45.202+0000] {subprocess.py:93} INFO - {"asctime": "2025-08-16 03:22:45,193", "levelname": "INFO", "name": "model_training", "trace_id": null, "span_id": null, "message": "Preprocessing/transform applied to raw data."}
[2025-08-16T03:22:45.269+0000] {subprocess.py:93} INFO - {"asctime": "2025-08-16 03:22:45,266", "levelname": "INFO", "name": "model_training", "trace_id": null, "span_id": null, "message": "Evaluation metrics: {'accuracy': 0.998, 'f1_score': 0.9655172413793104, 'precision': 1.0, 'recall': 0.9333333333333333, 'auc': 0.9999312714776633}"}
[2025-08-16T03:22:52.913+0000] {subprocess.py:93} INFO - {"asctime": "2025-08-16 03:22:52,912", "levelname": "INFO", "name": "model_training", "trace_id": null, "span_id": null, "message": "Model pipeline logged to MLflow (artifact_path='model')"}
[2025-08-16T03:22:52.920+0000] {subprocess.py:93} INFO - {"asctime": "2025-08-16 03:22:52,920", "levelname": "INFO", "name": "model_training", "trace_id": null, "span_id": null, "message": "Registering model from runs:/8bffe360bd384e21a6f9c8b4d1700836/model as registered model name 'FraudDetectionModel'"}
[2025-08-16T03:22:53.049+0000] {subprocess.py:93} INFO - Registered model 'FraudDetectionModel' already exists. Creating a new version of this model...
[2025-08-16T03:22:53.287+0000] {subprocess.py:93} INFO - 🏃 View run train_v20250815_164605 at: http://mlflow:5000/#/experiments/2/runs/8bffe360bd384e21a6f9c8b4d1700836
[2025-08-16T03:22:53.289+0000] {subprocess.py:93} INFO - 🧪 View experiment at: http://mlflow:5000/#/experiments/2
[2025-08-16T03:22:53.290+0000] {subprocess.py:93} INFO - Traceback (most recent call last):
[2025-08-16T03:22:53.290+0000] {subprocess.py:93} INFO -   File "/opt/***/ml_pipeline/train/train_fraud_detector_task.py", line 228, in <module>
[2025-08-16T03:22:53.291+0000] {subprocess.py:93} INFO -     main()
[2025-08-16T03:22:53.292+0000] {subprocess.py:93} INFO -   File "/opt/***/ml_pipeline/train/train_fraud_detector_task.py", line 212, in main
[2025-08-16T03:22:53.293+0000] {subprocess.py:93} INFO -     registered_model = mlflow.register_model(model_uri=model_uri, name=MODEL_NAME)
[2025-08-16T03:22:53.294+0000] {subprocess.py:93} INFO -                        ^^^^^^^^^^^^^^^^^^^^^^^^^^^^^^^^^^^^^^^^^^^^^^^^^^^^^^^^^^^
[2025-08-16T03:22:53.297+0000] {subprocess.py:93} INFO -   File "/home/***/.local/lib/python3.12/site-packages/mlflow/tracking/_model_registry/fluent.py", line 129, in register_model
[2025-08-16T03:22:53.299+0000] {subprocess.py:93} INFO -     return _register_model(
[2025-08-16T03:22:53.301+0000] {subprocess.py:93} INFO -            ^^^^^^^^^^^^^^^^
[2025-08-16T03:22:53.302+0000] {subprocess.py:93} INFO -   File "/home/***/.local/lib/python3.12/site-packages/mlflow/tracking/_model_registry/fluent.py", line 180, in _register_model
[2025-08-16T03:22:53.304+0000] {subprocess.py:93} INFO -     raise MlflowException(
[2025-08-16T03:22:53.305+0000] {subprocess.py:93} INFO - mlflow.exceptions.MlflowException: Unable to find a logged_model with artifact_path model under run 8bffe360bd384e21a6f9c8b4d1700836
[2025-08-16T03:22:53.856+0000] {subprocess.py:93} INFO - ERROR: failed to reproduce 'train_model': failed to run: python train/train_fraud_detector_task.py, exited with 1
[2025-08-16T03:22:58.653+0000] {subprocess.py:93} INFO - Everything is up to date.
[2025-08-16T03:22:59.065+0000] {subprocess.py:97} INFO - Command exited with return code 0
[2025-08-16T03:22:59.066+0000] {taskinstance.py:441} INFO - ::group::Post task execution logs
[2025-08-16T03:22:59.102+0000] {taskinstance.py:1206} INFO - Marking task as SUCCESS. dag_id=ml_pipeline_dvc, task_id=train_fraud_detector, run_id=manual__2025-08-16T03:21:50.844910+00:00, execution_date=20250816T032150, start_date=20250816T032229, end_date=20250816T032259
[2025-08-16T03:22:59.134+0000] {local_task_job_runner.py:240} INFO - Task exited with return code 0
[2025-08-16T03:22:59.158+0000] {taskinstance.py:3498} INFO - 0 downstream tasks scheduled from follow-on schedule check
[2025-08-16T03:22:59.160+0000] {local_task_job_runner.py:222} INFO - ::endgroup::
