[2025-08-05T19:33:12.035+0000] {local_task_job_runner.py:120} INFO - ::group::Pre task execution logs
[2025-08-05T19:33:12.070+0000] {taskinstance.py:2076} INFO - Dependencies all met for dep_context=non-requeueable deps ti=<TaskInstance: ml_pipeline_dvc.train_dvc manual__2025-08-05T19:27:41.407063+00:00 [queued]>
[2025-08-05T19:33:12.082+0000] {taskinstance.py:2076} INFO - Dependencies all met for dep_context=requeueable deps ti=<TaskInstance: ml_pipeline_dvc.train_dvc manual__2025-08-05T19:27:41.407063+00:00 [queued]>
[2025-08-05T19:33:12.083+0000] {taskinstance.py:2306} INFO - Starting attempt 2 of 2
[2025-08-05T19:33:12.101+0000] {taskinstance.py:2330} INFO - Executing <Task(BashOperator): train_dvc> on 2025-08-05 19:27:41.407063+00:00
[2025-08-05T19:33:12.109+0000] {warnings.py:110} WARNING - /home/***/.local/lib/python3.12/site-packages/***/task/task_runner/standard_task_runner.py:61: DeprecationWarning: This process (pid=1256) is multi-threaded, use of fork() may lead to deadlocks in the child.
  pid = os.fork()

[2025-08-05T19:33:12.112+0000] {standard_task_runner.py:63} INFO - Started process 1257 to run task
[2025-08-05T19:33:12.112+0000] {standard_task_runner.py:90} INFO - Running: ['***', 'tasks', 'run', 'ml_pipeline_dvc', 'train_dvc', 'manual__2025-08-05T19:27:41.407063+00:00', '--job-id', '19', '--raw', '--subdir', 'DAGS_FOLDER/ml_pipeline_dag_2.py', '--cfg-path', '/tmp/tmpnkuk4c7s']
[2025-08-05T19:33:12.113+0000] {standard_task_runner.py:91} INFO - Job 19: Subtask train_dvc
[2025-08-05T19:33:12.185+0000] {task_command.py:426} INFO - Running <TaskInstance: ml_pipeline_dvc.train_dvc manual__2025-08-05T19:27:41.407063+00:00 [running]> on host cb274dbeb17b
[2025-08-05T19:33:12.312+0000] {taskinstance.py:2648} INFO - Exporting env vars: AIRFLOW_CTX_DAG_OWNER='yas' AIRFLOW_CTX_DAG_ID='ml_pipeline_dvc' AIRFLOW_CTX_TASK_ID='train_dvc' AIRFLOW_CTX_EXECUTION_DATE='2025-08-05T19:27:41.407063+00:00' AIRFLOW_CTX_TRY_NUMBER='2' AIRFLOW_CTX_DAG_RUN_ID='manual__2025-08-05T19:27:41.407063+00:00'
[2025-08-05T19:33:12.314+0000] {taskinstance.py:430} INFO - ::endgroup::
[2025-08-05T19:33:12.331+0000] {subprocess.py:63} INFO - Tmp dir root location: /tmp
[2025-08-05T19:33:12.333+0000] {subprocess.py:75} INFO - Running command: ['/usr/bin/bash', '-c', 'cd /opt/***/ml_pipeline && dvc repro train']
[2025-08-05T19:33:12.347+0000] {subprocess.py:86} INFO - Output:
[2025-08-05T19:33:14.654+0000] {subprocess.py:93} INFO - Stage 'preprocess' didn't change, skipping
[2025-08-05T19:33:14.798+0000] {subprocess.py:93} INFO - Running stage 'train':
[2025-08-05T19:33:14.800+0000] {subprocess.py:93} INFO - > python train/train_task.py
[2025-08-05T19:33:19.213+0000] {subprocess.py:93} INFO - Traceback (most recent call last):
[2025-08-05T19:33:19.215+0000] {subprocess.py:93} INFO -   File "/opt/***/ml_pipeline/train/train_task.py", line 15, in <module>
[2025-08-05T19:33:19.216+0000] {subprocess.py:93} INFO -     from .outlier import outlier_detector
[2025-08-05T19:33:19.217+0000] {subprocess.py:93} INFO -     ^^^^^^^^^^^^^^^^^^^^^^^^^^^^^^^^^^^^^
[2025-08-05T19:33:19.218+0000] {subprocess.py:93} INFO - ImportError: attempted relative import with no known parent package
[2025-08-05T19:33:19.725+0000] {subprocess.py:93} INFO - ERROR: failed to reproduce 'train': failed to run: python train/train_task.py, exited with 1
[2025-08-05T19:33:20.213+0000] {subprocess.py:97} INFO - Command exited with return code 255
[2025-08-05T19:33:20.215+0000] {taskinstance.py:441} INFO - ::group::Post task execution logs
[2025-08-05T19:33:20.242+0000] {taskinstance.py:2905} ERROR - Task failed with exception
Traceback (most recent call last):
  File "/home/airflow/.local/lib/python3.12/site-packages/airflow/models/taskinstance.py", line 465, in _execute_task
    result = _execute_callable(context=context, **execute_callable_kwargs)
             ^^^^^^^^^^^^^^^^^^^^^^^^^^^^^^^^^^^^^^^^^^^^^^^^^^^^^^^^^^^^^
  File "/home/airflow/.local/lib/python3.12/site-packages/airflow/models/taskinstance.py", line 432, in _execute_callable
    return execute_callable(context=context, **execute_callable_kwargs)
           ^^^^^^^^^^^^^^^^^^^^^^^^^^^^^^^^^^^^^^^^^^^^^^^^^^^^^^^^^^^^
  File "/home/airflow/.local/lib/python3.12/site-packages/airflow/models/baseoperator.py", line 400, in wrapper
    return func(self, *args, **kwargs)
           ^^^^^^^^^^^^^^^^^^^^^^^^^^^
  File "/home/airflow/.local/lib/python3.12/site-packages/airflow/operators/bash.py", line 243, in execute
    raise AirflowException(
airflow.exceptions.AirflowException: Bash command failed. The command returned a non-zero exit code 255.
[2025-08-05T19:33:20.256+0000] {taskinstance.py:1206} INFO - Marking task as FAILED. dag_id=ml_pipeline_dvc, task_id=train_dvc, run_id=manual__2025-08-05T19:27:41.407063+00:00, execution_date=20250805T192741, start_date=20250805T193312, end_date=20250805T193320
[2025-08-05T19:33:20.294+0000] {standard_task_runner.py:110} ERROR - Failed to execute job 19 for task train_dvc (Bash command failed. The command returned a non-zero exit code 255.; 1257)
[2025-08-05T19:33:20.313+0000] {local_task_job_runner.py:240} INFO - Task exited with return code 1
[2025-08-05T19:33:20.348+0000] {taskinstance.py:3498} INFO - 0 downstream tasks scheduled from follow-on schedule check
[2025-08-05T19:33:20.351+0000] {local_task_job_runner.py:222} INFO - ::endgroup::
