[2025-08-05T19:28:02.020+0000] {local_task_job_runner.py:120} INFO - ::group::Pre task execution logs
[2025-08-05T19:28:02.078+0000] {taskinstance.py:2076} INFO - Dependencies all met for dep_context=non-requeueable deps ti=<TaskInstance: ml_pipeline_dvc.train_dvc manual__2025-08-05T19:27:41.407063+00:00 [queued]>
[2025-08-05T19:28:02.096+0000] {taskinstance.py:2076} INFO - Dependencies all met for dep_context=requeueable deps ti=<TaskInstance: ml_pipeline_dvc.train_dvc manual__2025-08-05T19:27:41.407063+00:00 [queued]>
[2025-08-05T19:28:02.097+0000] {taskinstance.py:2306} INFO - Starting attempt 1 of 2
[2025-08-05T19:28:02.125+0000] {taskinstance.py:2330} INFO - Executing <Task(BashOperator): train_dvc> on 2025-08-05 19:27:41.407063+00:00
[2025-08-05T19:28:02.136+0000] {warnings.py:110} WARNING - /home/***/.local/lib/python3.12/site-packages/***/task/task_runner/standard_task_runner.py:61: DeprecationWarning: This process (pid=1012) is multi-threaded, use of fork() may lead to deadlocks in the child.
  pid = os.fork()

[2025-08-05T19:28:02.141+0000] {standard_task_runner.py:63} INFO - Started process 1013 to run task
[2025-08-05T19:28:02.141+0000] {standard_task_runner.py:90} INFO - Running: ['***', 'tasks', 'run', 'ml_pipeline_dvc', 'train_dvc', 'manual__2025-08-05T19:27:41.407063+00:00', '--job-id', '14', '--raw', '--subdir', 'DAGS_FOLDER/ml_pipeline_dag_2.py', '--cfg-path', '/tmp/tmp7euq3sbz']
[2025-08-05T19:28:02.144+0000] {standard_task_runner.py:91} INFO - Job 14: Subtask train_dvc
[2025-08-05T19:28:02.249+0000] {task_command.py:426} INFO - Running <TaskInstance: ml_pipeline_dvc.train_dvc manual__2025-08-05T19:27:41.407063+00:00 [running]> on host cb274dbeb17b
[2025-08-05T19:28:02.455+0000] {taskinstance.py:2648} INFO - Exporting env vars: AIRFLOW_CTX_DAG_OWNER='yas' AIRFLOW_CTX_DAG_ID='ml_pipeline_dvc' AIRFLOW_CTX_TASK_ID='train_dvc' AIRFLOW_CTX_EXECUTION_DATE='2025-08-05T19:27:41.407063+00:00' AIRFLOW_CTX_TRY_NUMBER='1' AIRFLOW_CTX_DAG_RUN_ID='manual__2025-08-05T19:27:41.407063+00:00'
[2025-08-05T19:28:02.457+0000] {taskinstance.py:430} INFO - ::endgroup::
[2025-08-05T19:28:02.487+0000] {subprocess.py:63} INFO - Tmp dir root location: /tmp
[2025-08-05T19:28:02.489+0000] {subprocess.py:75} INFO - Running command: ['/usr/bin/bash', '-c', 'cd /opt/***/ml_pipeline && dvc repro train']
[2025-08-05T19:28:02.509+0000] {subprocess.py:86} INFO - Output:
[2025-08-05T19:28:05.078+0000] {subprocess.py:93} INFO - Stage 'preprocess' didn't change, skipping
[2025-08-05T19:28:05.237+0000] {subprocess.py:93} INFO - Running stage 'train':
[2025-08-05T19:28:05.238+0000] {subprocess.py:93} INFO - > python train/train_task.py
[2025-08-05T19:28:09.476+0000] {subprocess.py:93} INFO - Traceback (most recent call last):
[2025-08-05T19:28:09.477+0000] {subprocess.py:93} INFO -   File "/opt/***/ml_pipeline/train/train_task.py", line 15, in <module>
[2025-08-05T19:28:09.478+0000] {subprocess.py:93} INFO -     from train.outlier import outlier_detector
[2025-08-05T19:28:09.479+0000] {subprocess.py:93} INFO -     ^^^^^^^^^^^^^^^^^^^^^^^^^^^^^^^^^^^^^^^^^^
[2025-08-05T19:28:09.480+0000] {subprocess.py:93} INFO - ModuleNotFoundError: No module named 'train'
[2025-08-05T19:28:09.927+0000] {subprocess.py:93} INFO - ERROR: failed to reproduce 'train': failed to run: python train/train_task.py, exited with 1
[2025-08-05T19:28:10.430+0000] {subprocess.py:97} INFO - Command exited with return code 255
[2025-08-05T19:28:10.432+0000] {taskinstance.py:441} INFO - ::group::Post task execution logs
[2025-08-05T19:28:10.458+0000] {taskinstance.py:2905} ERROR - Task failed with exception
Traceback (most recent call last):
  File "/home/airflow/.local/lib/python3.12/site-packages/airflow/models/taskinstance.py", line 465, in _execute_task
    result = _execute_callable(context=context, **execute_callable_kwargs)
             ^^^^^^^^^^^^^^^^^^^^^^^^^^^^^^^^^^^^^^^^^^^^^^^^^^^^^^^^^^^^^
  File "/home/airflow/.local/lib/python3.12/site-packages/airflow/models/taskinstance.py", line 432, in _execute_callable
    return execute_callable(context=context, **execute_callable_kwargs)
           ^^^^^^^^^^^^^^^^^^^^^^^^^^^^^^^^^^^^^^^^^^^^^^^^^^^^^^^^^^^^
  File "/home/airflow/.local/lib/python3.12/site-packages/airflow/models/baseoperator.py", line 400, in wrapper
    return func(self, *args, **kwargs)
           ^^^^^^^^^^^^^^^^^^^^^^^^^^^
  File "/home/airflow/.local/lib/python3.12/site-packages/airflow/operators/bash.py", line 243, in execute
    raise AirflowException(
airflow.exceptions.AirflowException: Bash command failed. The command returned a non-zero exit code 255.
[2025-08-05T19:28:10.470+0000] {taskinstance.py:1206} INFO - Marking task as UP_FOR_RETRY. dag_id=ml_pipeline_dvc, task_id=train_dvc, run_id=manual__2025-08-05T19:27:41.407063+00:00, execution_date=20250805T192741, start_date=20250805T192802, end_date=20250805T192810
[2025-08-05T19:28:10.503+0000] {standard_task_runner.py:110} ERROR - Failed to execute job 14 for task train_dvc (Bash command failed. The command returned a non-zero exit code 255.; 1013)
[2025-08-05T19:28:10.527+0000] {local_task_job_runner.py:240} INFO - Task exited with return code 1
[2025-08-05T19:28:10.561+0000] {taskinstance.py:3498} INFO - 0 downstream tasks scheduled from follow-on schedule check
[2025-08-05T19:28:10.564+0000] {local_task_job_runner.py:222} INFO - ::endgroup::
