[2025-08-17T17:51:44.576+0000] {local_task_job_runner.py:120} INFO - ::group::Pre task execution logs
[2025-08-17T17:51:44.609+0000] {taskinstance.py:2076} INFO - Dependencies all met for dep_context=non-requeueable deps ti=<TaskInstance: ml_pipeline_dvc.preprocess_dvc manual__2025-08-17T17:51:27.498563+00:00 [queued]>
[2025-08-17T17:51:44.619+0000] {taskinstance.py:2076} INFO - Dependencies all met for dep_context=requeueable deps ti=<TaskInstance: ml_pipeline_dvc.preprocess_dvc manual__2025-08-17T17:51:27.498563+00:00 [queued]>
[2025-08-17T17:51:44.619+0000] {taskinstance.py:2306} INFO - Starting attempt 1 of 1
[2025-08-17T17:51:44.637+0000] {taskinstance.py:2330} INFO - Executing <Task(BashOperator): preprocess_dvc> on 2025-08-17 17:51:27.498563+00:00
[2025-08-17T17:51:44.644+0000] {warnings.py:110} WARNING - /home/***/.local/lib/python3.12/site-packages/***/task/task_runner/standard_task_runner.py:61: DeprecationWarning: This process (pid=897) is multi-threaded, use of fork() may lead to deadlocks in the child.
  pid = os.fork()

[2025-08-17T17:51:44.646+0000] {standard_task_runner.py:63} INFO - Started process 914 to run task
[2025-08-17T17:51:44.646+0000] {standard_task_runner.py:90} INFO - Running: ['***', 'tasks', 'run', 'ml_pipeline_dvc', 'preprocess_dvc', 'manual__2025-08-17T17:51:27.498563+00:00', '--job-id', '301', '--raw', '--subdir', 'DAGS_FOLDER/train_pipeline_dag.py', '--cfg-path', '/tmp/tmp8iog9zai']
[2025-08-17T17:51:44.648+0000] {standard_task_runner.py:91} INFO - Job 301: Subtask preprocess_dvc
[2025-08-17T17:51:44.706+0000] {task_command.py:426} INFO - Running <TaskInstance: ml_pipeline_dvc.preprocess_dvc manual__2025-08-17T17:51:27.498563+00:00 [running]> on host bea494a05fb4
[2025-08-17T17:51:44.836+0000] {taskinstance.py:2648} INFO - Exporting env vars: AIRFLOW_CTX_DAG_OWNER='yas' AIRFLOW_CTX_DAG_ID='ml_pipeline_dvc' AIRFLOW_CTX_TASK_ID='preprocess_dvc' AIRFLOW_CTX_EXECUTION_DATE='2025-08-17T17:51:27.498563+00:00' AIRFLOW_CTX_TRY_NUMBER='1' AIRFLOW_CTX_DAG_RUN_ID='manual__2025-08-17T17:51:27.498563+00:00'
[2025-08-17T17:51:44.840+0000] {taskinstance.py:430} INFO - ::endgroup::
[2025-08-17T17:51:44.861+0000] {subprocess.py:63} INFO - Tmp dir root location: /tmp
[2025-08-17T17:51:44.862+0000] {subprocess.py:75} INFO - Running command: ['/usr/bin/bash', '-c', '\n            cd /opt/***/ml_pipeline\n            dvc pull data/raw.dvc \n            dvc repro preprocess\n            dvc push\n        ']
[2025-08-17T17:51:44.875+0000] {subprocess.py:86} INFO - Output:
[2025-08-17T17:51:47.169+0000] {subprocess.py:93} INFO - WARNING: failed to collect 'workspace', skipping
[2025-08-17T17:51:47.170+0000] {subprocess.py:93} INFO - ERROR: failed to pull data from the cloud - '/opt/***/ml_pipeline/data/raw.dvc' does not exist
[2025-08-17T17:51:50.764+0000] {subprocess.py:93} INFO - Stage 'ingest' didn't change, skipping
[2025-08-17T17:51:50.814+0000] {subprocess.py:93} INFO - Running stage 'preprocess':
[2025-08-17T17:51:50.815+0000] {subprocess.py:93} INFO - > python data/preprocessing/preprocess_task.py
[2025-08-17T17:51:54.402+0000] {subprocess.py:93} INFO - {"asctime": "2025-08-17 17:51:54,287", "levelname": "INFO", "name": "preprocessing_pipeline", "trace_id": null, "span_id": null, "message": "version_meta.json loaded from local path!"}
[2025-08-17T17:51:54.428+0000] {subprocess.py:93} INFO - {"asctime": "2025-08-17 17:51:54,428", "levelname": "INFO", "name": "preprocessing_pipeline", "trace_id": null, "span_id": null, "message": "preprocessor trained!"}
[2025-08-17T17:51:54.432+0000] {subprocess.py:93} INFO - {"asctime": "2025-08-17 17:51:54,432", "levelname": "INFO", "name": "preprocessing_pipeline", "trace_id": null, "span_id": null, "message": "preprocessor saved to local path artifacts/preprocess/fraud_pipeline_v20250817_175136.pkl!"}
[2025-08-17T17:51:54.435+0000] {subprocess.py:93} INFO - {"asctime": "2025-08-17 17:51:54,435", "levelname": "INFO", "name": "preprocessing_pipeline", "trace_id": null, "span_id": null, "message": "\u2705 Saved pipeline at: artifacts/preprocess/fraud_pipeline_v20250817_175136.pkl"}
[2025-08-17T17:51:54.436+0000] {subprocess.py:93} INFO - {"asctime": "2025-08-17 17:51:54,435", "levelname": "INFO", "name": "preprocessing_pipeline", "trace_id": null, "span_id": null, "message": "\ud83d\udcc4 Saved metadata: artifacts/preprocess/preprocess_metadata_v20250817_175136.json"}
[2025-08-17T17:51:54.436+0000] {subprocess.py:93} INFO - {"asctime": "2025-08-17 17:51:54,435", "levelname": "INFO", "name": "preprocessing_pipeline", "trace_id": null, "span_id": null, "message": "\ud83d\udce6 Updated version_meta.json"}
[2025-08-17T17:51:54.820+0000] {subprocess.py:93} INFO - Updating lock file 'dvc.lock'
[2025-08-17T17:51:54.832+0000] {subprocess.py:93} INFO - 
[2025-08-17T17:51:54.833+0000] {subprocess.py:93} INFO - To track the changes with git, run:
[2025-08-17T17:51:54.834+0000] {subprocess.py:93} INFO - 
[2025-08-17T17:51:54.835+0000] {subprocess.py:93} INFO - 	git add dvc.lock
[2025-08-17T17:51:54.836+0000] {subprocess.py:93} INFO - 
[2025-08-17T17:51:54.837+0000] {subprocess.py:93} INFO - To enable auto staging, run:
[2025-08-17T17:51:54.838+0000] {subprocess.py:93} INFO - 
[2025-08-17T17:51:54.838+0000] {subprocess.py:93} INFO - 	dvc config core.autostage true
[2025-08-17T17:51:54.839+0000] {subprocess.py:93} INFO - Use `dvc push` to send your updates to remote storage.
[2025-08-17T17:52:01.039+0000] {subprocess.py:93} INFO - 2 files pushed
[2025-08-17T17:52:01.460+0000] {subprocess.py:97} INFO - Command exited with return code 0
[2025-08-17T17:52:01.462+0000] {taskinstance.py:441} INFO - ::group::Post task execution logs
[2025-08-17T17:52:01.503+0000] {taskinstance.py:1206} INFO - Marking task as SUCCESS. dag_id=ml_pipeline_dvc, task_id=preprocess_dvc, run_id=manual__2025-08-17T17:51:27.498563+00:00, execution_date=20250817T175127, start_date=20250817T175144, end_date=20250817T175201
[2025-08-17T17:52:01.548+0000] {local_task_job_runner.py:240} INFO - Task exited with return code 0
[2025-08-17T17:52:01.583+0000] {taskinstance.py:3498} INFO - 1 downstream tasks scheduled from follow-on schedule check
[2025-08-17T17:52:01.585+0000] {local_task_job_runner.py:222} INFO - ::endgroup::
