[2025-08-12T18:42:36.531+0000] {local_task_job_runner.py:120} INFO - ::group::Pre task execution logs
[2025-08-12T18:42:36.564+0000] {taskinstance.py:2076} INFO - Dependencies all met for dep_context=non-requeueable deps ti=<TaskInstance: ml_pipeline_dvc.setup_dvc_remote manual__2025-08-12T18:36:56.821904+00:00 [queued]>
[2025-08-12T18:42:36.578+0000] {taskinstance.py:2076} INFO - Dependencies all met for dep_context=requeueable deps ti=<TaskInstance: ml_pipeline_dvc.setup_dvc_remote manual__2025-08-12T18:36:56.821904+00:00 [queued]>
[2025-08-12T18:42:36.579+0000] {taskinstance.py:2306} INFO - Starting attempt 2 of 2
[2025-08-12T18:42:36.600+0000] {taskinstance.py:2330} INFO - Executing <Task(BashOperator): setup_dvc_remote> on 2025-08-12 18:36:56.821904+00:00
[2025-08-12T18:42:36.610+0000] {warnings.py:110} WARNING - /home/***/.local/lib/python3.12/site-packages/***/task/task_runner/standard_task_runner.py:61: DeprecationWarning: This process (pid=4971) is multi-threaded, use of fork() may lead to deadlocks in the child.
  pid = os.fork()

[2025-08-12T18:42:36.615+0000] {standard_task_runner.py:63} INFO - Started process 4972 to run task
[2025-08-12T18:42:36.614+0000] {standard_task_runner.py:90} INFO - Running: ['***', 'tasks', 'run', 'ml_pipeline_dvc', 'setup_dvc_remote', 'manual__2025-08-12T18:36:56.821904+00:00', '--job-id', '145', '--raw', '--subdir', 'DAGS_FOLDER/train_pipeline_dag.py', '--cfg-path', '/tmp/tmp3bw37pb6']
[2025-08-12T18:42:36.616+0000] {standard_task_runner.py:91} INFO - Job 145: Subtask setup_dvc_remote
[2025-08-12T18:42:36.698+0000] {task_command.py:426} INFO - Running <TaskInstance: ml_pipeline_dvc.setup_dvc_remote manual__2025-08-12T18:36:56.821904+00:00 [running]> on host 08abdf02b345
[2025-08-12T18:42:36.821+0000] {taskinstance.py:2648} INFO - Exporting env vars: AIRFLOW_CTX_DAG_OWNER='yas' AIRFLOW_CTX_DAG_ID='ml_pipeline_dvc' AIRFLOW_CTX_TASK_ID='setup_dvc_remote' AIRFLOW_CTX_EXECUTION_DATE='2025-08-12T18:36:56.821904+00:00' AIRFLOW_CTX_TRY_NUMBER='2' AIRFLOW_CTX_DAG_RUN_ID='manual__2025-08-12T18:36:56.821904+00:00'
[2025-08-12T18:42:36.823+0000] {taskinstance.py:430} INFO - ::endgroup::
[2025-08-12T18:42:36.848+0000] {subprocess.py:63} INFO - Tmp dir root location: /tmp
[2025-08-12T18:42:36.849+0000] {subprocess.py:75} INFO - Running command: ['/usr/bin/bash', '-c', '\n        cd /opt/***/ml_pipeline\n        export AWS_ACCESS_KEY_ID=minioadmin\n        export AWS_SECRET_ACCESS_KEY=minioadmin\n        export AWS_ENDPOINT_URL=http://minio:9000\n        dvc remote remove minio\n        dvc remote add -d minio s3://mlflow-artifacts\n        dvc remote modify minio endpointurl http://minio:9000\n        dvc remote modify minio access_key_id minioadmin\n        dvc remote modify minio secret_access_key minioadmin\n        dvc remote modify minio use_ssl false\n        ls -l .dvc/\n        dvc push --verbose\n        ']
[2025-08-12T18:42:36.861+0000] {subprocess.py:86} INFO - Output:
[2025-08-12T18:42:37.976+0000] {subprocess.py:93} INFO - ERROR: configuration error - config file error: expected 'url' for dictionary value @ data['remote']['minio']
[2025-08-12T18:42:39.431+0000] {subprocess.py:93} INFO - Setting 'minio' as a default remote.
[2025-08-12T18:42:46.075+0000] {subprocess.py:93} INFO - total 8
[2025-08-12T18:42:46.076+0000] {subprocess.py:93} INFO - drwxr-xr-x 10 default root 320 Aug  5 20:10 cache
[2025-08-12T18:42:46.076+0000] {subprocess.py:93} INFO - -rw-r--r--  1    1000 1000 199 Aug 12 18:42 config
[2025-08-12T18:42:46.077+0000] {subprocess.py:93} INFO - -rw-r--r--  1 default root  86 Aug 12 17:15 config.local
[2025-08-12T18:42:46.078+0000] {subprocess.py:93} INFO - drwxr-xr-x  8 default root 256 Aug 11 22:52 tmp
[2025-08-12T18:42:46.707+0000] {subprocess.py:93} INFO - 2025-08-12 18:42:46,707 DEBUG: v3.61.0 (pip), CPython 3.12.3 on Linux-6.6.31-linuxkit-x86_64-with-glibc2.36
[2025-08-12T18:42:46.712+0000] {subprocess.py:93} INFO - 2025-08-12 18:42:46,707 DEBUG: command: /home/***/.local/bin/dvc push --verbose
[2025-08-12T18:42:47.698+0000] {subprocess.py:93} INFO - 2025-08-12 18:42:47,698 DEBUG: Lockfile 'dvc.lock' needs to be updated.
[2025-08-12T18:42:48.681+0000] {subprocess.py:93} INFO - Everything is up to date.
[2025-08-12T18:42:48.685+0000] {subprocess.py:93} INFO - 2025-08-12 18:42:48,685 DEBUG: Analytics is enabled.
[2025-08-12T18:42:48.743+0000] {subprocess.py:93} INFO - 2025-08-12 18:42:48,743 DEBUG: Trying to spawn ['daemon', 'analytics', '/tmp/tmpl5qm02wz', '-v']
[2025-08-12T18:42:48.751+0000] {subprocess.py:93} INFO - 2025-08-12 18:42:48,750 DEBUG: Spawned ['daemon', 'analytics', '/tmp/tmpl5qm02wz', '-v'] with pid 5100
[2025-08-12T18:42:48.971+0000] {subprocess.py:97} INFO - Command exited with return code 0
[2025-08-12T18:42:48.972+0000] {taskinstance.py:441} INFO - ::group::Post task execution logs
[2025-08-12T18:42:49.018+0000] {taskinstance.py:1206} INFO - Marking task as SUCCESS. dag_id=ml_pipeline_dvc, task_id=setup_dvc_remote, run_id=manual__2025-08-12T18:36:56.821904+00:00, execution_date=20250812T183656, start_date=20250812T184236, end_date=20250812T184249
[2025-08-12T18:42:49.068+0000] {local_task_job_runner.py:240} INFO - Task exited with return code 0
[2025-08-12T18:42:49.096+0000] {local_task_job_runner.py:222} INFO - ::endgroup::
