[2025-08-16T01:44:49.021+0000] {local_task_job_runner.py:120} INFO - ::group::Pre task execution logs
[2025-08-16T01:44:49.059+0000] {taskinstance.py:2076} INFO - Dependencies all met for dep_context=non-requeueable deps ti=<TaskInstance: ml_pipeline_dvc.train_outlier_detector manual__2025-08-16T01:44:29.452048+00:00 [queued]>
[2025-08-16T01:44:49.072+0000] {taskinstance.py:2076} INFO - Dependencies all met for dep_context=requeueable deps ti=<TaskInstance: ml_pipeline_dvc.train_outlier_detector manual__2025-08-16T01:44:29.452048+00:00 [queued]>
[2025-08-16T01:44:49.072+0000] {taskinstance.py:2306} INFO - Starting attempt 1 of 1
[2025-08-16T01:44:49.093+0000] {taskinstance.py:2330} INFO - Executing <Task(BashOperator): train_outlier_detector> on 2025-08-16 01:44:29.452048+00:00
[2025-08-16T01:44:49.100+0000] {warnings.py:110} WARNING - /home/***/.local/lib/python3.12/site-packages/***/task/task_runner/standard_task_runner.py:61: DeprecationWarning: This process (pid=8143) is multi-threaded, use of fork() may lead to deadlocks in the child.
  pid = os.fork()

[2025-08-16T01:44:49.103+0000] {standard_task_runner.py:63} INFO - Started process 8160 to run task
[2025-08-16T01:44:49.103+0000] {standard_task_runner.py:90} INFO - Running: ['***', 'tasks', 'run', 'ml_pipeline_dvc', 'train_outlier_detector', 'manual__2025-08-16T01:44:29.452048+00:00', '--job-id', '267', '--raw', '--subdir', 'DAGS_FOLDER/train_pipeline_dag.py', '--cfg-path', '/tmp/tmpepdtc5vi']
[2025-08-16T01:44:49.106+0000] {standard_task_runner.py:91} INFO - Job 267: Subtask train_outlier_detector
[2025-08-16T01:44:49.173+0000] {task_command.py:426} INFO - Running <TaskInstance: ml_pipeline_dvc.train_outlier_detector manual__2025-08-16T01:44:29.452048+00:00 [running]> on host 952e994ef77e
[2025-08-16T01:44:49.306+0000] {taskinstance.py:2648} INFO - Exporting env vars: AIRFLOW_CTX_DAG_OWNER='yas' AIRFLOW_CTX_DAG_ID='ml_pipeline_dvc' AIRFLOW_CTX_TASK_ID='train_outlier_detector' AIRFLOW_CTX_EXECUTION_DATE='2025-08-16T01:44:29.452048+00:00' AIRFLOW_CTX_TRY_NUMBER='1' AIRFLOW_CTX_DAG_RUN_ID='manual__2025-08-16T01:44:29.452048+00:00'
[2025-08-16T01:44:49.308+0000] {taskinstance.py:430} INFO - ::endgroup::
[2025-08-16T01:44:49.330+0000] {subprocess.py:63} INFO - Tmp dir root location: /tmp
[2025-08-16T01:44:49.331+0000] {subprocess.py:75} INFO - Running command: ['/usr/bin/bash', '-c', '\n            cd /opt/***/ml_pipeline\n            dvc pull\n            dvc repro train_outlier\n            dvc push\n        ']
[2025-08-16T01:44:49.344+0000] {subprocess.py:86} INFO - Output:
[2025-08-16T01:44:52.973+0000] {subprocess.py:93} INFO - ERROR: failed to pull data from the cloud - Can't remove the following unsaved files without confirmation. Use `--force` to force.
[2025-08-16T01:44:52.974+0000] {subprocess.py:93} INFO - /opt/***/ml_pipeline/version_meta.json
[2025-08-16T01:44:56.797+0000] {subprocess.py:93} INFO - 'data/raw.dvc' didn't change, skipping
[2025-08-16T01:44:56.844+0000] {subprocess.py:93} INFO - Stage 'preprocess' didn't change, skipping
[2025-08-16T01:44:56.920+0000] {subprocess.py:93} INFO - Running stage 'train_outlier':
[2025-08-16T01:44:56.921+0000] {subprocess.py:93} INFO - > python train/train_outlier_detector_task.py
[2025-08-16T01:45:02.076+0000] {subprocess.py:93} INFO - 2025/08/16 01:45:02 WARNING mlflow.utils.git_utils: Failed to import Git (the Git executable is probably not on your PATH), so Git SHA is not available. Error: Failed to initialize: Bad git executable.
[2025-08-16T01:45:02.077+0000] {subprocess.py:93} INFO - The git executable must be specified in one of the following ways:
[2025-08-16T01:45:02.078+0000] {subprocess.py:93} INFO -     - be included in your $PATH
[2025-08-16T01:45:02.079+0000] {subprocess.py:93} INFO -     - be set via $GIT_PYTHON_GIT_EXECUTABLE
[2025-08-16T01:45:02.080+0000] {subprocess.py:93} INFO -     - explicitly set via git.refresh(<full-path-to-git-executable>)
[2025-08-16T01:45:02.080+0000] {subprocess.py:93} INFO - 
[2025-08-16T01:45:02.081+0000] {subprocess.py:93} INFO - All git commands will error until this is rectified.
[2025-08-16T01:45:02.082+0000] {subprocess.py:93} INFO - 
[2025-08-16T01:45:02.083+0000] {subprocess.py:93} INFO - This initial message can be silenced or aggravated in the future by setting the
[2025-08-16T01:45:02.083+0000] {subprocess.py:93} INFO - $GIT_PYTHON_REFRESH environment variable. Use one of the following values:
[2025-08-16T01:45:02.084+0000] {subprocess.py:93} INFO -     - quiet|q|silence|s|silent|none|n|0: for no message or exception
[2025-08-16T01:45:02.085+0000] {subprocess.py:93} INFO -     - warn|w|warning|log|l|1: for a warning message (logging level CRITICAL, displayed by default)
[2025-08-16T01:45:02.085+0000] {subprocess.py:93} INFO -     - error|e|exception|raise|r|2: for a raised exception
[2025-08-16T01:45:02.086+0000] {subprocess.py:93} INFO - 
[2025-08-16T01:45:02.087+0000] {subprocess.py:93} INFO - Example:
[2025-08-16T01:45:02.088+0000] {subprocess.py:93} INFO -     export GIT_PYTHON_REFRESH=quiet
[2025-08-16T01:45:02.088+0000] {subprocess.py:93} INFO - 
[2025-08-16T01:45:02.170+0000] {subprocess.py:93} INFO - {"asctime": "2025-08-16 01:45:02,114", "levelname": "INFO", "name": "model_training", "trace_id": null, "span_id": null, "message": "MLflow run id: 54fb0977296a41fd9c8b2ff94f0d0cd7"}
[2025-08-16T01:45:02.300+0000] {subprocess.py:93} INFO - 2025/08/16 01:45:02 WARNING mlflow.models.model: `artifact_path` is deprecated. Please use `name` instead.
[2025-08-16T01:45:11.508+0000] {subprocess.py:93} INFO - [31m2025/08/16 01:45:11 WARNING mlflow.models.model: Model logged without a signature and input example. Please set `input_example` parameter when logging the model to auto infer the model signature.[0m
[2025-08-16T01:45:12.589+0000] {subprocess.py:93} INFO - {"asctime": "2025-08-16 01:45:12,588", "levelname": "INFO", "name": "model_training", "trace_id": null, "span_id": null, "message": "Outlier_detector logged"}
[2025-08-16T01:45:12.593+0000] {subprocess.py:93} INFO - {"asctime": "2025-08-16 01:45:12,589", "levelname": "INFO", "name": "model_training", "trace_id": null, "span_id": null, "message": "Registering model from runs:/54fb0977296a41fd9c8b2ff94f0d0cd7/outlier as registered model name 'OutlierDetectionModel'"}
[2025-08-16T01:45:12.922+0000] {subprocess.py:93} INFO - Registered model 'OutlierDetectionModel' already exists. Creating a new version of this model...
[2025-08-16T01:45:13.341+0000] {subprocess.py:93} INFO - 2025/08/16 01:45:13 WARNING mlflow.tracking._model_registry.fluent: Run with id 54fb0977296a41fd9c8b2ff94f0d0cd7 has no artifacts at artifact path 'outlier', registering model based on models:/m-430076eab4f8466382ac4bff54896cb0 instead
[2025-08-16T01:45:13.384+0000] {subprocess.py:93} INFO - 2025/08/16 01:45:13 INFO mlflow.store.model_registry.abstract_store: Waiting up to 300 seconds for model version to finish creation. Model name: OutlierDetectionModel, version 5
[2025-08-16T01:45:13.385+0000] {subprocess.py:93} INFO - Created version '5' of model 'OutlierDetectionModel'.
[2025-08-16T01:45:13.424+0000] {subprocess.py:93} INFO - /opt/***/ml_pipeline/train/train_outlier_detector_task.py:105: FutureWarning: ``mlflow.tracking.client.MlflowClient.transition_model_version_stage`` is deprecated since 2.9.0. Model registry stages will be removed in a future major release. To learn more about the deprecation of model registry stages, see our migration guide here: https://mlflow.org/docs/latest/model-registry.html#migrating-from-stages
[2025-08-16T01:45:13.425+0000] {subprocess.py:93} INFO -   client.transition_model_version_stage(
[2025-08-16T01:45:13.526+0000] {subprocess.py:93} INFO - 🏃 View run train_v20250815_164605 at: http://mlflow:5000/#/experiments/1/runs/54fb0977296a41fd9c8b2ff94f0d0cd7
[2025-08-16T01:45:13.528+0000] {subprocess.py:93} INFO - 🧪 View experiment at: http://mlflow:5000/#/experiments/1
[2025-08-16T01:45:13.529+0000] {subprocess.py:93} INFO - {"asctime": "2025-08-16 01:45:13,526", "levelname": "INFO", "name": "model_training", "trace_id": null, "span_id": null, "message": "Model registered and transitioned to 'Production' (version 5)"}
[2025-08-16T01:45:13.530+0000] {subprocess.py:93} INFO - {"asctime": "2025-08-16 01:45:13,526", "levelname": "INFO", "name": "model_training", "trace_id": null, "span_id": null, "message": "\u2705 Training & registration complete."}
[2025-08-16T01:45:14.487+0000] {subprocess.py:93} INFO - Updating lock file 'dvc.lock'
[2025-08-16T01:45:14.497+0000] {subprocess.py:93} INFO - 
[2025-08-16T01:45:14.498+0000] {subprocess.py:93} INFO - To track the changes with git, run:
[2025-08-16T01:45:14.499+0000] {subprocess.py:93} INFO - 
[2025-08-16T01:45:14.500+0000] {subprocess.py:93} INFO - 	git add dvc.lock
[2025-08-16T01:45:14.502+0000] {subprocess.py:93} INFO - 
[2025-08-16T01:45:14.503+0000] {subprocess.py:93} INFO - To enable auto staging, run:
[2025-08-16T01:45:14.504+0000] {subprocess.py:93} INFO - 
[2025-08-16T01:45:14.505+0000] {subprocess.py:93} INFO - 	dvc config core.autostage true
[2025-08-16T01:45:14.505+0000] {subprocess.py:93} INFO - Use `dvc push` to send your updates to remote storage.
[2025-08-16T01:45:19.687+0000] {subprocess.py:93} INFO - 2 files pushed
[2025-08-16T01:45:20.110+0000] {subprocess.py:97} INFO - Command exited with return code 0
[2025-08-16T01:45:20.112+0000] {taskinstance.py:441} INFO - ::group::Post task execution logs
[2025-08-16T01:45:20.147+0000] {taskinstance.py:1206} INFO - Marking task as SUCCESS. dag_id=ml_pipeline_dvc, task_id=train_outlier_detector, run_id=manual__2025-08-16T01:44:29.452048+00:00, execution_date=20250816T014429, start_date=20250816T014449, end_date=20250816T014520
[2025-08-16T01:45:20.208+0000] {local_task_job_runner.py:240} INFO - Task exited with return code 0
[2025-08-16T01:45:20.236+0000] {taskinstance.py:3498} INFO - 1 downstream tasks scheduled from follow-on schedule check
[2025-08-16T01:45:20.238+0000] {local_task_job_runner.py:222} INFO - ::endgroup::
