[2025-08-05T19:02:32.682+0000] {local_task_job_runner.py:120} INFO - ::group::Pre task execution logs
[2025-08-05T19:02:32.738+0000] {taskinstance.py:2076} INFO - Dependencies all met for dep_context=non-requeueable deps ti=<TaskInstance: ml_pipeline_dvc.train_dvc manual__2025-08-05T19:02:03.862393+00:00 [queued]>
[2025-08-05T19:02:32.754+0000] {taskinstance.py:2076} INFO - Dependencies all met for dep_context=requeueable deps ti=<TaskInstance: ml_pipeline_dvc.train_dvc manual__2025-08-05T19:02:03.862393+00:00 [queued]>
[2025-08-05T19:02:32.755+0000] {taskinstance.py:2306} INFO - Starting attempt 1 of 2
[2025-08-05T19:02:32.783+0000] {taskinstance.py:2330} INFO - Executing <Task(BashOperator): train_dvc> on 2025-08-05 19:02:03.862393+00:00
[2025-08-05T19:02:32.795+0000] {warnings.py:110} WARNING - /home/***/.local/lib/python3.12/site-packages/***/task/task_runner/standard_task_runner.py:61: DeprecationWarning: This process (pid=502) is multi-threaded, use of fork() may lead to deadlocks in the child.
  pid = os.fork()

[2025-08-05T19:02:32.799+0000] {standard_task_runner.py:63} INFO - Started process 503 to run task
[2025-08-05T19:02:32.798+0000] {standard_task_runner.py:90} INFO - Running: ['***', 'tasks', 'run', 'ml_pipeline_dvc', 'train_dvc', 'manual__2025-08-05T19:02:03.862393+00:00', '--job-id', '9', '--raw', '--subdir', 'DAGS_FOLDER/ml_pipeline_dag_2.py', '--cfg-path', '/tmp/tmpnm8cluq6']
[2025-08-05T19:02:32.801+0000] {standard_task_runner.py:91} INFO - Job 9: Subtask train_dvc
[2025-08-05T19:02:32.918+0000] {task_command.py:426} INFO - Running <TaskInstance: ml_pipeline_dvc.train_dvc manual__2025-08-05T19:02:03.862393+00:00 [running]> on host cb274dbeb17b
[2025-08-05T19:02:33.125+0000] {taskinstance.py:2648} INFO - Exporting env vars: AIRFLOW_CTX_DAG_OWNER='yas' AIRFLOW_CTX_DAG_ID='ml_pipeline_dvc' AIRFLOW_CTX_TASK_ID='train_dvc' AIRFLOW_CTX_EXECUTION_DATE='2025-08-05T19:02:03.862393+00:00' AIRFLOW_CTX_TRY_NUMBER='1' AIRFLOW_CTX_DAG_RUN_ID='manual__2025-08-05T19:02:03.862393+00:00'
[2025-08-05T19:02:33.129+0000] {taskinstance.py:430} INFO - ::endgroup::
[2025-08-05T19:02:33.169+0000] {subprocess.py:63} INFO - Tmp dir root location: /tmp
[2025-08-05T19:02:33.171+0000] {subprocess.py:75} INFO - Running command: ['/usr/bin/bash', '-c', 'cd /opt/***/ml_pipeline && dvc repro train']
[2025-08-05T19:02:33.190+0000] {subprocess.py:86} INFO - Output:
[2025-08-05T19:02:36.152+0000] {subprocess.py:93} INFO - Stage 'preprocess' didn't change, skipping
[2025-08-05T19:02:36.264+0000] {subprocess.py:93} INFO - Running stage 'train':
[2025-08-05T19:02:36.265+0000] {subprocess.py:93} INFO - > python train/train_task.py
[2025-08-05T19:02:41.047+0000] {subprocess.py:93} INFO - {"asctime": "2025-08-05 19:02:41,046", "levelname": "INFO", "name": "root", "message": "Outlier detector saved to artifacts/models/outlier_detector_v20250801_144307.pkl"}
[2025-08-05T19:02:41.079+0000] {subprocess.py:93} INFO - /home/***/.local/lib/python3.12/site-packages/sklearn/metrics/_ranking.py:1201: UndefinedMetricWarning: No positive samples in y_true, true positive value should be meaningless
[2025-08-05T19:02:41.082+0000] {subprocess.py:93} INFO -   warnings.warn(
[2025-08-05T19:02:41.205+0000] {subprocess.py:93} INFO - 2025/08/05 19:02:41 INFO mlflow.tracking.fluent: Experiment with name 'FraudDetectionDetection' does not exist. Creating a new experiment.
[2025-08-05T19:02:41.342+0000] {subprocess.py:93} INFO - 2025/08/05 19:02:41 WARNING mlflow.utils.git_utils: Failed to import Git (the Git executable is probably not on your PATH), so Git SHA is not available. Error: Failed to initialize: Bad git executable.
[2025-08-05T19:02:41.343+0000] {subprocess.py:93} INFO - The git executable must be specified in one of the following ways:
[2025-08-05T19:02:41.343+0000] {subprocess.py:93} INFO -     - be included in your $PATH
[2025-08-05T19:02:41.344+0000] {subprocess.py:93} INFO -     - be set via $GIT_PYTHON_GIT_EXECUTABLE
[2025-08-05T19:02:41.345+0000] {subprocess.py:93} INFO -     - explicitly set via git.refresh(<full-path-to-git-executable>)
[2025-08-05T19:02:41.346+0000] {subprocess.py:93} INFO - 
[2025-08-05T19:02:41.347+0000] {subprocess.py:93} INFO - All git commands will error until this is rectified.
[2025-08-05T19:02:41.348+0000] {subprocess.py:93} INFO - 
[2025-08-05T19:02:41.349+0000] {subprocess.py:93} INFO - This initial message can be silenced or aggravated in the future by setting the
[2025-08-05T19:02:41.350+0000] {subprocess.py:93} INFO - $GIT_PYTHON_REFRESH environment variable. Use one of the following values:
[2025-08-05T19:02:41.351+0000] {subprocess.py:93} INFO -     - quiet|q|silence|s|silent|none|n|0: for no message or exception
[2025-08-05T19:02:41.352+0000] {subprocess.py:93} INFO -     - warn|w|warning|log|l|1: for a warning message (logging level CRITICAL, displayed by default)
[2025-08-05T19:02:41.353+0000] {subprocess.py:93} INFO -     - error|e|exception|raise|r|2: for a raised exception
[2025-08-05T19:02:41.353+0000] {subprocess.py:93} INFO - 
[2025-08-05T19:02:41.354+0000] {subprocess.py:93} INFO - Example:
[2025-08-05T19:02:41.356+0000] {subprocess.py:93} INFO -     export GIT_PYTHON_REFRESH=quiet
[2025-08-05T19:02:41.357+0000] {subprocess.py:93} INFO - 
[2025-08-05T19:02:41.386+0000] {subprocess.py:93} INFO - 2025/08/05 19:02:41 WARNING mlflow.models.model: `artifact_path` is deprecated. Please use `name` instead.
[2025-08-05T19:02:41.477+0000] {subprocess.py:93} INFO - 🏃 View run aged-perch-765 at: http://mlflow:5000/#/experiments/2/runs/f680305fc4aa41b197142bffa146a59a
[2025-08-05T19:02:41.478+0000] {subprocess.py:93} INFO - 🧪 View experiment at: http://mlflow:5000/#/experiments/2
[2025-08-05T19:02:41.479+0000] {subprocess.py:93} INFO - Traceback (most recent call last):
[2025-08-05T19:02:41.480+0000] {subprocess.py:93} INFO -   File "/opt/***/ml_pipeline/train/train_task.py", line 145, in <module>
[2025-08-05T19:02:41.481+0000] {subprocess.py:93} INFO -     mlflow.sklearn.log_model(model, "model", registered_model_name="FraudDetectionModel")
[2025-08-05T19:02:41.482+0000] {subprocess.py:93} INFO -   File "/home/***/.local/lib/python3.12/site-packages/mlflow/sklearn/__init__.py", line 426, in log_model
[2025-08-05T19:02:41.483+0000] {subprocess.py:93} INFO -     return Model.log(
[2025-08-05T19:02:41.484+0000] {subprocess.py:93} INFO -            ^^^^^^^^^^
[2025-08-05T19:02:41.485+0000] {subprocess.py:93} INFO -   File "/home/***/.local/lib/python3.12/site-packages/mlflow/models/model.py", line 1166, in log
[2025-08-05T19:02:41.486+0000] {subprocess.py:93} INFO -     model = _create_logged_model(
[2025-08-05T19:02:41.487+0000] {subprocess.py:93} INFO -             ^^^^^^^^^^^^^^^^^^^^^
[2025-08-05T19:02:41.488+0000] {subprocess.py:93} INFO -   File "/home/***/.local/lib/python3.12/site-packages/mlflow/tracking/fluent.py", line 2282, in _create_logged_model
[2025-08-05T19:02:41.488+0000] {subprocess.py:93} INFO -     return MlflowClient()._create_logged_model(
[2025-08-05T19:02:41.490+0000] {subprocess.py:93} INFO -            ^^^^^^^^^^^^^^^^^^^^^^^^^^^^^^^^^^^^
[2025-08-05T19:02:41.491+0000] {subprocess.py:93} INFO -   File "/home/***/.local/lib/python3.12/site-packages/mlflow/tracking/client.py", line 5379, in _create_logged_model
[2025-08-05T19:02:41.492+0000] {subprocess.py:93} INFO -     return self._tracking_client.create_logged_model(
[2025-08-05T19:02:41.493+0000] {subprocess.py:93} INFO -            ^^^^^^^^^^^^^^^^^^^^^^^^^^^^^^^^^^^^^^^^^^
[2025-08-05T19:02:41.494+0000] {subprocess.py:93} INFO -   File "/home/***/.local/lib/python3.12/site-packages/mlflow/telemetry/track.py", line 22, in wrapper
[2025-08-05T19:02:41.495+0000] {subprocess.py:93} INFO -     return func(*args, **kwargs)
[2025-08-05T19:02:41.498+0000] {subprocess.py:93} INFO -            ^^^^^^^^^^^^^^^^^^^^^
[2025-08-05T19:02:41.499+0000] {subprocess.py:93} INFO -   File "/home/***/.local/lib/python3.12/site-packages/mlflow/tracking/_tracking_service/client.py", line 841, in create_logged_model
[2025-08-05T19:02:41.500+0000] {subprocess.py:93} INFO -     return self.store.create_logged_model(
[2025-08-05T19:02:41.501+0000] {subprocess.py:93} INFO -            ^^^^^^^^^^^^^^^^^^^^^^^^^^^^^^^
[2025-08-05T19:02:41.502+0000] {subprocess.py:93} INFO -   File "/home/***/.local/lib/python3.12/site-packages/mlflow/store/tracking/rest_store.py", line 823, in create_logged_model
[2025-08-05T19:02:41.503+0000] {subprocess.py:93} INFO -     response_proto = self._call_endpoint(CreateLoggedModel, req_body)
[2025-08-05T19:02:41.506+0000] {subprocess.py:93} INFO -                      ^^^^^^^^^^^^^^^^^^^^^^^^^^^^^^^^^^^^^^^^^^^^^^^^
[2025-08-05T19:02:41.507+0000] {subprocess.py:93} INFO -   File "/home/***/.local/lib/python3.12/site-packages/mlflow/store/tracking/rest_store.py", line 133, in _call_endpoint
[2025-08-05T19:02:41.508+0000] {subprocess.py:93} INFO -     return call_endpoint(
[2025-08-05T19:02:41.509+0000] {subprocess.py:93} INFO -            ^^^^^^^^^^^^^^
[2025-08-05T19:02:41.510+0000] {subprocess.py:93} INFO -   File "/home/***/.local/lib/python3.12/site-packages/mlflow/utils/rest_utils.py", line 553, in call_endpoint
[2025-08-05T19:02:41.511+0000] {subprocess.py:93} INFO -     response = verify_rest_response(response, endpoint)
[2025-08-05T19:02:41.512+0000] {subprocess.py:93} INFO -                ^^^^^^^^^^^^^^^^^^^^^^^^^^^^^^^^^^^^^^^^
[2025-08-05T19:02:41.513+0000] {subprocess.py:93} INFO -   File "/home/***/.local/lib/python3.12/site-packages/mlflow/utils/rest_utils.py", line 314, in verify_rest_response
[2025-08-05T19:02:41.514+0000] {subprocess.py:93} INFO -     raise MlflowException(
[2025-08-05T19:02:41.515+0000] {subprocess.py:93} INFO - mlflow.exceptions.MlflowException: API request to endpoint /api/2.0/mlflow/logged-models failed with error code 404 != 200. Response body: '<!doctype html>
[2025-08-05T19:02:41.516+0000] {subprocess.py:93} INFO - <html lang=en>
[2025-08-05T19:02:41.517+0000] {subprocess.py:93} INFO - <title>404 Not Found</title>
[2025-08-05T19:02:41.518+0000] {subprocess.py:93} INFO - <h1>Not Found</h1>
[2025-08-05T19:02:41.519+0000] {subprocess.py:93} INFO - <p>The requested URL was not found on the server. If you entered the URL manually please check your spelling and try again.</p>
[2025-08-05T19:02:41.520+0000] {subprocess.py:93} INFO - '
[2025-08-05T19:02:41.921+0000] {subprocess.py:93} INFO - ERROR: failed to reproduce 'train': failed to run: python train/train_task.py, exited with 1
[2025-08-05T19:02:42.312+0000] {subprocess.py:97} INFO - Command exited with return code 255
[2025-08-05T19:02:42.314+0000] {taskinstance.py:441} INFO - ::group::Post task execution logs
[2025-08-05T19:02:42.331+0000] {taskinstance.py:2905} ERROR - Task failed with exception
Traceback (most recent call last):
  File "/home/airflow/.local/lib/python3.12/site-packages/airflow/models/taskinstance.py", line 465, in _execute_task
    result = _execute_callable(context=context, **execute_callable_kwargs)
             ^^^^^^^^^^^^^^^^^^^^^^^^^^^^^^^^^^^^^^^^^^^^^^^^^^^^^^^^^^^^^
  File "/home/airflow/.local/lib/python3.12/site-packages/airflow/models/taskinstance.py", line 432, in _execute_callable
    return execute_callable(context=context, **execute_callable_kwargs)
           ^^^^^^^^^^^^^^^^^^^^^^^^^^^^^^^^^^^^^^^^^^^^^^^^^^^^^^^^^^^^
  File "/home/airflow/.local/lib/python3.12/site-packages/airflow/models/baseoperator.py", line 400, in wrapper
    return func(self, *args, **kwargs)
           ^^^^^^^^^^^^^^^^^^^^^^^^^^^
  File "/home/airflow/.local/lib/python3.12/site-packages/airflow/operators/bash.py", line 243, in execute
    raise AirflowException(
airflow.exceptions.AirflowException: Bash command failed. The command returned a non-zero exit code 255.
[2025-08-05T19:02:42.340+0000] {taskinstance.py:1206} INFO - Marking task as UP_FOR_RETRY. dag_id=ml_pipeline_dvc, task_id=train_dvc, run_id=manual__2025-08-05T19:02:03.862393+00:00, execution_date=20250805T190203, start_date=20250805T190232, end_date=20250805T190242
[2025-08-05T19:02:42.363+0000] {standard_task_runner.py:110} ERROR - Failed to execute job 9 for task train_dvc (Bash command failed. The command returned a non-zero exit code 255.; 503)
[2025-08-05T19:02:42.405+0000] {local_task_job_runner.py:240} INFO - Task exited with return code 1
[2025-08-05T19:02:42.431+0000] {taskinstance.py:3498} INFO - 0 downstream tasks scheduled from follow-on schedule check
[2025-08-05T19:02:42.433+0000] {local_task_job_runner.py:222} INFO - ::endgroup::
