[2025-08-08T01:42:41.017+0000] {local_task_job_runner.py:120} INFO - ::group::Pre task execution logs
[2025-08-08T01:42:41.054+0000] {taskinstance.py:2076} INFO - Dependencies all met for dep_context=non-requeueable deps ti=<TaskInstance: ml_pipeline_dvc.train_dvc manual__2025-08-08T01:42:22.056221+00:00 [queued]>
[2025-08-08T01:42:41.071+0000] {taskinstance.py:2076} INFO - Dependencies all met for dep_context=requeueable deps ti=<TaskInstance: ml_pipeline_dvc.train_dvc manual__2025-08-08T01:42:22.056221+00:00 [queued]>
[2025-08-08T01:42:41.072+0000] {taskinstance.py:2306} INFO - Starting attempt 1 of 2
[2025-08-08T01:42:41.096+0000] {taskinstance.py:2330} INFO - Executing <Task(BashOperator): train_dvc> on 2025-08-08 01:42:22.056221+00:00
[2025-08-08T01:42:41.107+0000] {warnings.py:110} WARNING - /home/***/.local/lib/python3.12/site-packages/***/task/task_runner/standard_task_runner.py:61: DeprecationWarning: This process (pid=2892) is multi-threaded, use of fork() may lead to deadlocks in the child.
  pid = os.fork()

[2025-08-08T01:42:41.111+0000] {standard_task_runner.py:63} INFO - Started process 2893 to run task
[2025-08-08T01:42:41.111+0000] {standard_task_runner.py:90} INFO - Running: ['***', 'tasks', 'run', 'ml_pipeline_dvc', 'train_dvc', 'manual__2025-08-08T01:42:22.056221+00:00', '--job-id', '23', '--raw', '--subdir', 'DAGS_FOLDER/ml_pipeline_dag_2.py', '--cfg-path', '/tmp/tmppzqhk2zd']
[2025-08-08T01:42:41.113+0000] {standard_task_runner.py:91} INFO - Job 23: Subtask train_dvc
[2025-08-08T01:42:41.189+0000] {task_command.py:426} INFO - Running <TaskInstance: ml_pipeline_dvc.train_dvc manual__2025-08-08T01:42:22.056221+00:00 [running]> on host b040694cec87
[2025-08-08T01:42:41.359+0000] {taskinstance.py:2648} INFO - Exporting env vars: AIRFLOW_CTX_DAG_OWNER='yas' AIRFLOW_CTX_DAG_ID='ml_pipeline_dvc' AIRFLOW_CTX_TASK_ID='train_dvc' AIRFLOW_CTX_EXECUTION_DATE='2025-08-08T01:42:22.056221+00:00' AIRFLOW_CTX_TRY_NUMBER='1' AIRFLOW_CTX_DAG_RUN_ID='manual__2025-08-08T01:42:22.056221+00:00'
[2025-08-08T01:42:41.361+0000] {taskinstance.py:430} INFO - ::endgroup::
[2025-08-08T01:42:41.381+0000] {subprocess.py:63} INFO - Tmp dir root location: /tmp
[2025-08-08T01:42:41.383+0000] {subprocess.py:75} INFO - Running command: ['/usr/bin/bash', '-c', 'cd /opt/***/ml_pipeline && dvc repro train']
[2025-08-08T01:42:41.396+0000] {subprocess.py:86} INFO - Output:
[2025-08-08T01:42:47.166+0000] {subprocess.py:93} INFO - Stage 'preprocess' didn't change, skipping
[2025-08-08T01:42:47.311+0000] {subprocess.py:93} INFO - Running stage 'train':
[2025-08-08T01:42:47.312+0000] {subprocess.py:93} INFO - > python train/train_task.py
[2025-08-08T01:42:52.958+0000] {subprocess.py:93} INFO - INFO:__main__:Outlier detector saved to artifacts/models/outlier_detector_v20250801_144307.pkl
[2025-08-08T01:42:53.023+0000] {subprocess.py:93} INFO - /home/***/.local/lib/python3.12/site-packages/sklearn/metrics/_ranking.py:1201: UndefinedMetricWarning: No positive samples in y_true, true positive value should be meaningless
[2025-08-08T01:42:53.025+0000] {subprocess.py:93} INFO -   warnings.warn(
[2025-08-08T01:42:53.109+0000] {subprocess.py:93} INFO - INFO:__main__:📄 Training metadata saved to artifacts/train/train_metadata_v20250801_144307.json
[2025-08-08T01:42:53.112+0000] {subprocess.py:93} INFO - INFO:__main__:📦 Updated version_meta.json
[2025-08-08T01:42:53.697+0000] {subprocess.py:93} INFO - 2025/08/08 01:42:53 INFO mlflow.tracking.fluent: Experiment with name 'FraudDetectionModel' does not exist. Creating a new experiment.
[2025-08-08T01:42:55.254+0000] {subprocess.py:93} INFO - INFO:__main__:📄 Starting MLflow run for FraudDetectionModel
[2025-08-08T01:42:55.357+0000] {subprocess.py:93} INFO - 2025/08/08 01:42:55 WARNING mlflow.utils.git_utils: Failed to import Git (the Git executable is probably not on your PATH), so Git SHA is not available. Error: Failed to initialize: Bad git executable.
[2025-08-08T01:42:55.358+0000] {subprocess.py:93} INFO - The git executable must be specified in one of the following ways:
[2025-08-08T01:42:55.358+0000] {subprocess.py:93} INFO -     - be included in your $PATH
[2025-08-08T01:42:55.359+0000] {subprocess.py:93} INFO -     - be set via $GIT_PYTHON_GIT_EXECUTABLE
[2025-08-08T01:42:55.360+0000] {subprocess.py:93} INFO -     - explicitly set via git.refresh(<full-path-to-git-executable>)
[2025-08-08T01:42:55.360+0000] {subprocess.py:93} INFO - 
[2025-08-08T01:42:55.361+0000] {subprocess.py:93} INFO - All git commands will error until this is rectified.
[2025-08-08T01:42:55.361+0000] {subprocess.py:93} INFO - 
[2025-08-08T01:42:55.362+0000] {subprocess.py:93} INFO - This initial message can be silenced or aggravated in the future by setting the
[2025-08-08T01:42:55.363+0000] {subprocess.py:93} INFO - $GIT_PYTHON_REFRESH environment variable. Use one of the following values:
[2025-08-08T01:42:55.363+0000] {subprocess.py:93} INFO -     - quiet|q|silence|s|silent|none|n|0: for no message or exception
[2025-08-08T01:42:55.364+0000] {subprocess.py:93} INFO -     - warn|w|warning|log|l|1: for a warning message (logging level CRITICAL, displayed by default)
[2025-08-08T01:42:55.365+0000] {subprocess.py:93} INFO -     - error|e|exception|raise|r|2: for a raised exception
[2025-08-08T01:42:55.366+0000] {subprocess.py:93} INFO - 
[2025-08-08T01:42:55.367+0000] {subprocess.py:93} INFO - Example:
[2025-08-08T01:42:55.367+0000] {subprocess.py:93} INFO -     export GIT_PYTHON_REFRESH=quiet
[2025-08-08T01:42:55.368+0000] {subprocess.py:93} INFO - 
[2025-08-08T01:42:55.501+0000] {subprocess.py:93} INFO - INFO:__main__:📄 MLflow run_id: 458f323dbd2f4fc1a62b1eabdffeaeb9
[2025-08-08T01:42:55.506+0000] {subprocess.py:93} INFO - 2025/08/08 01:42:55 WARNING mlflow.models.model: `artifact_path` is deprecated. Please use `name` instead.
[2025-08-08T01:43:07.355+0000] {subprocess.py:93} INFO - [31m2025/08/08 01:43:07 WARNING mlflow.models.model: Model logged without a signature and input example. Please set `input_example` parameter when logging the model to auto infer the model signature.[0m
[2025-08-08T01:43:07.618+0000] {subprocess.py:93} INFO - INFO:botocore.credentials:Found credentials in environment variables.
[2025-08-08T01:43:08.375+0000] {subprocess.py:93} INFO - INFO:__main__:✅ Model logged
[2025-08-08T01:43:08.947+0000] {subprocess.py:93} INFO - INFO:__main__:✅ Metrics and artifacts logged
[2025-08-08T01:43:09.118+0000] {subprocess.py:93} INFO - Successfully registered model 'FraudDetectionModel'.
[2025-08-08T01:43:09.266+0000] {subprocess.py:93} INFO - 2025/08/08 01:43:09 WARNING mlflow.tracking._model_registry.fluent: Run with id 458f323dbd2f4fc1a62b1eabdffeaeb9 has no artifacts at artifact path 'model', registering model based on models:/m-f00fef1f9e544864b96110c8ff0c564e instead
[2025-08-08T01:43:09.594+0000] {subprocess.py:93} INFO - 2025/08/08 01:43:09 INFO mlflow.store.model_registry.abstract_store: Waiting up to 300 seconds for model version to finish creation. Model name: FraudDetectionModel, version 1
[2025-08-08T01:43:09.595+0000] {subprocess.py:93} INFO - Created version '1' of model 'FraudDetectionModel'.
[2025-08-08T01:43:09.641+0000] {subprocess.py:93} INFO - INFO:__main__:📦 Model registered as 'FraudDetectionModel', version 1
[2025-08-08T01:43:09.685+0000] {subprocess.py:93} INFO - /opt/***/ml_pipeline/train/train_task.py:152: FutureWarning: ``mlflow.tracking.client.MlflowClient.transition_model_version_stage`` is deprecated since 2.9.0. Model registry stages will be removed in a future major release. To learn more about the deprecation of model registry stages, see our migration guide here: https://mlflow.org/docs/latest/model-registry.html#migrating-from-stages
[2025-08-08T01:43:09.686+0000] {subprocess.py:93} INFO -   client.transition_model_version_stage(
[2025-08-08T01:43:09.878+0000] {subprocess.py:93} INFO - INFO:__main__:🚀 Model version 1 transitioned to 'Production'
[2025-08-08T01:43:09.883+0000] {subprocess.py:93} INFO - INFO:__main__:✅ Model registration and promotion complete.
[2025-08-08T01:43:09.894+0000] {subprocess.py:93} INFO - INFO:__main__:✅ Model trained and saved to artifacts/models/model_v20250801_144307.pkl
[2025-08-08T01:43:09.896+0000] {subprocess.py:93} INFO - INFO:__main__:✅ Model pipeline for FraudDetectionModel registered with MLFlow
[2025-08-08T01:43:09.898+0000] {subprocess.py:93} INFO - 🏃 View run merciful-penguin-143 at: http://mlflow:5000/#/experiments/1/runs/458f323dbd2f4fc1a62b1eabdffeaeb9
[2025-08-08T01:43:09.907+0000] {subprocess.py:93} INFO - 🧪 View experiment at: http://mlflow:5000/#/experiments/1
[2025-08-08T01:43:11.022+0000] {subprocess.py:93} INFO - Updating lock file 'dvc.lock'
[2025-08-08T01:43:11.041+0000] {subprocess.py:93} INFO - 
[2025-08-08T01:43:11.042+0000] {subprocess.py:93} INFO - To track the changes with git, run:
[2025-08-08T01:43:11.043+0000] {subprocess.py:93} INFO - 
[2025-08-08T01:43:11.045+0000] {subprocess.py:93} INFO - 	git add dvc.lock
[2025-08-08T01:43:11.046+0000] {subprocess.py:93} INFO - 
[2025-08-08T01:43:11.047+0000] {subprocess.py:93} INFO - To enable auto staging, run:
[2025-08-08T01:43:11.048+0000] {subprocess.py:93} INFO - 
[2025-08-08T01:43:11.049+0000] {subprocess.py:93} INFO - 	dvc config core.autostage true
[2025-08-08T01:43:11.050+0000] {subprocess.py:93} INFO - Use `dvc push` to send your updates to remote storage.
[2025-08-08T01:43:11.601+0000] {subprocess.py:97} INFO - Command exited with return code 0
[2025-08-08T01:43:11.603+0000] {taskinstance.py:441} INFO - ::group::Post task execution logs
[2025-08-08T01:43:11.649+0000] {taskinstance.py:1206} INFO - Marking task as SUCCESS. dag_id=ml_pipeline_dvc, task_id=train_dvc, run_id=manual__2025-08-08T01:42:22.056221+00:00, execution_date=20250808T014222, start_date=20250808T014241, end_date=20250808T014311
[2025-08-08T01:43:11.700+0000] {local_task_job_runner.py:240} INFO - Task exited with return code 0
[2025-08-08T01:43:11.733+0000] {taskinstance.py:3498} INFO - 0 downstream tasks scheduled from follow-on schedule check
[2025-08-08T01:43:11.735+0000] {local_task_job_runner.py:222} INFO - ::endgroup::
