[2025-08-16T01:08:00.732+0000] {local_task_job_runner.py:120} INFO - ::group::Pre task execution logs
[2025-08-16T01:08:00.781+0000] {taskinstance.py:2076} INFO - Dependencies all met for dep_context=non-requeueable deps ti=<TaskInstance: ml_pipeline_dvc.train_fraud_detector manual__2025-08-16T01:07:35.900053+00:00 [queued]>
[2025-08-16T01:08:00.795+0000] {taskinstance.py:2076} INFO - Dependencies all met for dep_context=requeueable deps ti=<TaskInstance: ml_pipeline_dvc.train_fraud_detector manual__2025-08-16T01:07:35.900053+00:00 [queued]>
[2025-08-16T01:08:00.796+0000] {taskinstance.py:2306} INFO - Starting attempt 1 of 1
[2025-08-16T01:08:00.825+0000] {taskinstance.py:2330} INFO - Executing <Task(BashOperator): train_fraud_detector> on 2025-08-16 01:07:35.900053+00:00
[2025-08-16T01:08:00.839+0000] {warnings.py:110} WARNING - /home/***/.local/lib/python3.12/site-packages/***/task/task_runner/standard_task_runner.py:61: DeprecationWarning: This process (pid=6602) is multi-threaded, use of fork() may lead to deadlocks in the child.
  pid = os.fork()

[2025-08-16T01:08:00.841+0000] {standard_task_runner.py:90} INFO - Running: ['***', 'tasks', 'run', 'ml_pipeline_dvc', 'train_fraud_detector', 'manual__2025-08-16T01:07:35.900053+00:00', '--job-id', '255', '--raw', '--subdir', 'DAGS_FOLDER/train_pipeline_dag.py', '--cfg-path', '/tmp/tmpz7m3uh5u']
[2025-08-16T01:08:00.843+0000] {standard_task_runner.py:63} INFO - Started process 6603 to run task
[2025-08-16T01:08:00.843+0000] {standard_task_runner.py:91} INFO - Job 255: Subtask train_fraud_detector
[2025-08-16T01:08:00.928+0000] {task_command.py:426} INFO - Running <TaskInstance: ml_pipeline_dvc.train_fraud_detector manual__2025-08-16T01:07:35.900053+00:00 [running]> on host 952e994ef77e
[2025-08-16T01:08:01.123+0000] {taskinstance.py:2648} INFO - Exporting env vars: AIRFLOW_CTX_DAG_OWNER='yas' AIRFLOW_CTX_DAG_ID='ml_pipeline_dvc' AIRFLOW_CTX_TASK_ID='train_fraud_detector' AIRFLOW_CTX_EXECUTION_DATE='2025-08-16T01:07:35.900053+00:00' AIRFLOW_CTX_TRY_NUMBER='1' AIRFLOW_CTX_DAG_RUN_ID='manual__2025-08-16T01:07:35.900053+00:00'
[2025-08-16T01:08:01.127+0000] {taskinstance.py:430} INFO - ::endgroup::
[2025-08-16T01:08:01.153+0000] {subprocess.py:63} INFO - Tmp dir root location: /tmp
[2025-08-16T01:08:01.154+0000] {subprocess.py:75} INFO - Running command: ['/usr/bin/bash', '-c', '\n            cd /opt/***/ml_pipeline\n            dvc pull\n            dvc repro train_model\n            dvc push\n        ']
[2025-08-16T01:08:01.169+0000] {subprocess.py:86} INFO - Output:
[2025-08-16T01:08:04.305+0000] {subprocess.py:93} INFO - ERROR: failed to pull data from the cloud - Can't remove the following unsaved files without confirmation. Use `--force` to force.
[2025-08-16T01:08:04.305+0000] {subprocess.py:93} INFO - /opt/***/ml_pipeline/version_meta.json
[2025-08-16T01:08:09.604+0000] {subprocess.py:93} INFO - 'data/raw.dvc' didn't change, skipping
[2025-08-16T01:08:09.673+0000] {subprocess.py:93} INFO - Verifying data sources in stage: 'version_meta.json.dvc'
[2025-08-16T01:08:09.779+0000] {subprocess.py:93} INFO - 
[2025-08-16T01:08:09.823+0000] {subprocess.py:93} INFO - Stage 'preprocess' didn't change, skipping
[2025-08-16T01:08:09.913+0000] {subprocess.py:93} INFO - ERROR: failed to reproduce 'train_model': [Errno 2] No such file or directory: '/opt/***/ml_pipeline/train/train_fraud_detector_task.py'
[2025-08-16T01:08:16.125+0000] {subprocess.py:93} INFO - 1 file pushed
[2025-08-16T01:08:16.763+0000] {subprocess.py:97} INFO - Command exited with return code 0
[2025-08-16T01:08:16.770+0000] {taskinstance.py:441} INFO - ::group::Post task execution logs
[2025-08-16T01:08:16.833+0000] {taskinstance.py:1206} INFO - Marking task as SUCCESS. dag_id=ml_pipeline_dvc, task_id=train_fraud_detector, run_id=manual__2025-08-16T01:07:35.900053+00:00, execution_date=20250816T010735, start_date=20250816T010800, end_date=20250816T010816
[2025-08-16T01:08:16.894+0000] {local_task_job_runner.py:240} INFO - Task exited with return code 0
[2025-08-16T01:08:16.915+0000] {taskinstance.py:3498} INFO - 0 downstream tasks scheduled from follow-on schedule check
[2025-08-16T01:08:16.918+0000] {local_task_job_runner.py:222} INFO - ::endgroup::
