[2025-07-30T07:50:10.846+0000] {local_task_job_runner.py:120} INFO - ::group::Pre task execution logs
[2025-07-30T07:50:10.886+0000] {taskinstance.py:2076} INFO - Dependencies all met for dep_context=non-requeueable deps ti=<TaskInstance: ml_pipeline_dag.stream_data_task manual__2025-07-30T07:50:04.725284+00:00 [queued]>
[2025-07-30T07:50:10.897+0000] {taskinstance.py:2076} INFO - Dependencies all met for dep_context=requeueable deps ti=<TaskInstance: ml_pipeline_dag.stream_data_task manual__2025-07-30T07:50:04.725284+00:00 [queued]>
[2025-07-30T07:50:10.897+0000] {taskinstance.py:2306} INFO - Starting attempt 1 of 1
[2025-07-30T07:50:10.917+0000] {taskinstance.py:2330} INFO - Executing <Task(PythonOperator): stream_data_task> on 2025-07-30 07:50:04.725284+00:00
[2025-07-30T07:50:10.930+0000] {warnings.py:110} WARNING - /home/***/.local/lib/python3.12/site-packages/***/task/task_runner/standard_task_runner.py:61: DeprecationWarning: This process (pid=78) is multi-threaded, use of fork() may lead to deadlocks in the child.
  pid = os.fork()

[2025-07-30T07:50:10.933+0000] {standard_task_runner.py:63} INFO - Started process 87 to run task
[2025-07-30T07:50:10.933+0000] {standard_task_runner.py:90} INFO - Running: ['***', 'tasks', 'run', 'ml_pipeline_dag', 'stream_data_task', 'manual__2025-07-30T07:50:04.725284+00:00', '--job-id', '13', '--raw', '--subdir', 'DAGS_FOLDER/ml_pipeline_dag.py', '--cfg-path', '/tmp/tmpr0dylxwv']
[2025-07-30T07:50:10.938+0000] {standard_task_runner.py:91} INFO - Job 13: Subtask stream_data_task
[2025-07-30T07:50:12.111+0000] {task_command.py:426} INFO - Running <TaskInstance: ml_pipeline_dag.stream_data_task manual__2025-07-30T07:50:04.725284+00:00 [running]> on host 2169d0715243
[2025-07-30T07:50:12.754+0000] {taskinstance.py:2648} INFO - Exporting env vars: AIRFLOW_CTX_DAG_OWNER='***' AIRFLOW_CTX_DAG_ID='ml_pipeline_dag' AIRFLOW_CTX_TASK_ID='stream_data_task' AIRFLOW_CTX_EXECUTION_DATE='2025-07-30T07:50:04.725284+00:00' AIRFLOW_CTX_TRY_NUMBER='1' AIRFLOW_CTX_DAG_RUN_ID='manual__2025-07-30T07:50:04.725284+00:00'
[2025-07-30T07:50:12.757+0000] {taskinstance.py:430} INFO - ::endgroup::
[2025-07-30T07:50:12.797+0000] {logging_mixin.py:188} INFO - Pushed batch 0 to queue
[2025-07-30T07:50:12.798+0000] {logging_mixin.py:188} INFO - Pushed batch 1 to queue
[2025-07-30T07:50:12.799+0000] {logging_mixin.py:188} INFO - Pushed batch 2 to queue
[2025-07-30T07:50:12.802+0000] {logging_mixin.py:188} INFO - Pushed batch 3 to queue
[2025-07-30T07:50:12.803+0000] {logging_mixin.py:188} INFO - Pushed batch 4 to queue
[2025-07-30T07:50:12.804+0000] {logging_mixin.py:188} INFO - Pushed batch 5 to queue
[2025-07-30T07:50:12.805+0000] {logging_mixin.py:188} INFO - Pushed batch 6 to queue
[2025-07-30T07:50:12.807+0000] {logging_mixin.py:188} INFO - Pushed batch 7 to queue
[2025-07-30T07:50:12.808+0000] {logging_mixin.py:188} INFO - Pushed batch 8 to queue
[2025-07-30T07:50:12.809+0000] {logging_mixin.py:188} INFO - Pushed batch 9 to queue
[2025-07-30T07:50:12.810+0000] {python.py:237} INFO - Done. Returned value was: None
[2025-07-30T07:50:12.811+0000] {taskinstance.py:441} INFO - ::group::Post task execution logs
[2025-07-30T07:50:12.827+0000] {taskinstance.py:1206} INFO - Marking task as SUCCESS. dag_id=ml_pipeline_dag, task_id=stream_data_task, run_id=manual__2025-07-30T07:50:04.725284+00:00, execution_date=20250730T075004, start_date=20250730T075010, end_date=20250730T075012
[2025-07-30T07:50:12.851+0000] {local_task_job_runner.py:240} INFO - Task exited with return code 0
[2025-07-30T07:50:12.904+0000] {taskinstance.py:3498} INFO - 1 downstream tasks scheduled from follow-on schedule check
[2025-07-30T07:50:12.907+0000] {local_task_job_runner.py:222} INFO - ::endgroup::
