[2025-07-31T04:21:26.513+0000] {local_task_job_runner.py:120} INFO - ::group::Pre task execution logs
[2025-07-31T04:21:26.558+0000] {taskinstance.py:2076} INFO - Dependencies all met for dep_context=non-requeueable deps ti=<TaskInstance: ml_pipeline_dag.stream_data_task manual__2025-07-31T04:21:21.614348+00:00 [queued]>
[2025-07-31T04:21:26.576+0000] {taskinstance.py:2076} INFO - Dependencies all met for dep_context=requeueable deps ti=<TaskInstance: ml_pipeline_dag.stream_data_task manual__2025-07-31T04:21:21.614348+00:00 [queued]>
[2025-07-31T04:21:26.577+0000] {taskinstance.py:2306} INFO - Starting attempt 1 of 1
[2025-07-31T04:21:26.604+0000] {taskinstance.py:2330} INFO - Executing <Task(PythonOperator): stream_data_task> on 2025-07-31 04:21:21.614348+00:00
[2025-07-31T04:21:26.622+0000] {warnings.py:110} WARNING - /home/***/.local/lib/python3.12/site-packages/***/task/task_runner/standard_task_runner.py:61: DeprecationWarning: This process (pid=4648) is multi-threaded, use of fork() may lead to deadlocks in the child.
  pid = os.fork()

[2025-07-31T04:21:26.630+0000] {standard_task_runner.py:63} INFO - Started process 4657 to run task
[2025-07-31T04:21:26.629+0000] {standard_task_runner.py:90} INFO - Running: ['***', 'tasks', 'run', 'ml_pipeline_dag', 'stream_data_task', 'manual__2025-07-31T04:21:21.614348+00:00', '--job-id', '52', '--raw', '--subdir', 'DAGS_FOLDER/ml_pipeline_dag.py', '--cfg-path', '/tmp/tmp8ru__2vp']
[2025-07-31T04:21:26.635+0000] {standard_task_runner.py:91} INFO - Job 52: Subtask stream_data_task
[2025-07-31T04:21:26.722+0000] {task_command.py:426} INFO - Running <TaskInstance: ml_pipeline_dag.stream_data_task manual__2025-07-31T04:21:21.614348+00:00 [running]> on host edd92f9295b0
[2025-07-31T04:21:26.899+0000] {taskinstance.py:2648} INFO - Exporting env vars: AIRFLOW_CTX_DAG_OWNER='***' AIRFLOW_CTX_DAG_ID='ml_pipeline_dag' AIRFLOW_CTX_TASK_ID='stream_data_task' AIRFLOW_CTX_EXECUTION_DATE='2025-07-31T04:21:21.614348+00:00' AIRFLOW_CTX_TRY_NUMBER='1' AIRFLOW_CTX_DAG_RUN_ID='manual__2025-07-31T04:21:21.614348+00:00'
[2025-07-31T04:21:26.905+0000] {taskinstance.py:430} INFO - ::endgroup::
[2025-07-31T04:21:26.933+0000] {logging_mixin.py:188} INFO - Pushed batch 0 to queue
[2025-07-31T04:21:26.934+0000] {logging_mixin.py:188} INFO - Pushed batch 1 to queue
[2025-07-31T04:21:26.935+0000] {logging_mixin.py:188} INFO - Pushed batch 2 to queue
[2025-07-31T04:21:26.936+0000] {logging_mixin.py:188} INFO - Pushed batch 3 to queue
[2025-07-31T04:21:26.937+0000] {logging_mixin.py:188} INFO - Pushed batch 4 to queue
[2025-07-31T04:21:26.938+0000] {logging_mixin.py:188} INFO - Pushed batch 5 to queue
[2025-07-31T04:21:26.940+0000] {logging_mixin.py:188} INFO - Pushed batch 6 to queue
[2025-07-31T04:21:26.941+0000] {logging_mixin.py:188} INFO - Pushed batch 7 to queue
[2025-07-31T04:21:26.942+0000] {logging_mixin.py:188} INFO - Pushed batch 8 to queue
[2025-07-31T04:21:26.943+0000] {logging_mixin.py:188} INFO - Pushed batch 9 to queue
[2025-07-31T04:21:26.944+0000] {python.py:237} INFO - Done. Returned value was: None
[2025-07-31T04:21:26.945+0000] {taskinstance.py:441} INFO - ::group::Post task execution logs
[2025-07-31T04:21:26.960+0000] {taskinstance.py:1206} INFO - Marking task as SUCCESS. dag_id=ml_pipeline_dag, task_id=stream_data_task, run_id=manual__2025-07-31T04:21:21.614348+00:00, execution_date=20250731T042121, start_date=20250731T042126, end_date=20250731T042126
[2025-07-31T04:21:27.017+0000] {local_task_job_runner.py:240} INFO - Task exited with return code 0
[2025-07-31T04:21:27.034+0000] {local_task_job_runner.py:222} INFO - ::endgroup::
