[2025-07-30T07:50:15.433+0000] {local_task_job_runner.py:120} INFO - ::group::Pre task execution logs
[2025-07-30T07:50:15.465+0000] {taskinstance.py:2076} INFO - Dependencies all met for dep_context=non-requeueable deps ti=<TaskInstance: ml_pipeline_dag.detect_drift_task manual__2025-07-30T07:50:04.725284+00:00 [queued]>
[2025-07-30T07:50:15.475+0000] {taskinstance.py:2076} INFO - Dependencies all met for dep_context=requeueable deps ti=<TaskInstance: ml_pipeline_dag.detect_drift_task manual__2025-07-30T07:50:04.725284+00:00 [queued]>
[2025-07-30T07:50:15.476+0000] {taskinstance.py:2306} INFO - Starting attempt 1 of 1
[2025-07-30T07:50:15.493+0000] {taskinstance.py:2330} INFO - Executing <Task(PythonOperator): detect_drift_task> on 2025-07-30 07:50:04.725284+00:00
[2025-07-30T07:50:15.504+0000] {warnings.py:110} WARNING - /home/***/.local/lib/python3.12/site-packages/***/task/task_runner/standard_task_runner.py:61: DeprecationWarning: This process (pid=88) is multi-threaded, use of fork() may lead to deadlocks in the child.
  pid = os.fork()

[2025-07-30T07:50:15.506+0000] {standard_task_runner.py:63} INFO - Started process 97 to run task
[2025-07-30T07:50:15.506+0000] {standard_task_runner.py:90} INFO - Running: ['***', 'tasks', 'run', 'ml_pipeline_dag', 'detect_drift_task', 'manual__2025-07-30T07:50:04.725284+00:00', '--job-id', '14', '--raw', '--subdir', 'DAGS_FOLDER/ml_pipeline_dag.py', '--cfg-path', '/tmp/tmppds0qouj']
[2025-07-30T07:50:15.510+0000] {standard_task_runner.py:91} INFO - Job 14: Subtask detect_drift_task
[2025-07-30T07:50:15.574+0000] {task_command.py:426} INFO - Running <TaskInstance: ml_pipeline_dag.detect_drift_task manual__2025-07-30T07:50:04.725284+00:00 [running]> on host 2169d0715243
[2025-07-30T07:50:15.688+0000] {taskinstance.py:2648} INFO - Exporting env vars: AIRFLOW_CTX_DAG_OWNER='***' AIRFLOW_CTX_DAG_ID='ml_pipeline_dag' AIRFLOW_CTX_TASK_ID='detect_drift_task' AIRFLOW_CTX_EXECUTION_DATE='2025-07-30T07:50:04.725284+00:00' AIRFLOW_CTX_TRY_NUMBER='1' AIRFLOW_CTX_DAG_RUN_ID='manual__2025-07-30T07:50:04.725284+00:00'
[2025-07-30T07:50:15.690+0000] {taskinstance.py:430} INFO - ::endgroup::
[2025-07-30T07:50:15.711+0000] {logging_mixin.py:188} INFO - Batch 1 - Drift score: 0.19
[2025-07-30T07:50:15.713+0000] {logging_mixin.py:188} INFO - Batch 2 - Drift score: 0.03
[2025-07-30T07:50:15.714+0000] {logging_mixin.py:188} INFO - Batch 3 - Drift score: 0.04
[2025-07-30T07:50:15.715+0000] {logging_mixin.py:188} INFO - Batch 4 - Drift score: 0.16
[2025-07-30T07:50:15.717+0000] {logging_mixin.py:188} INFO - Batch 5 - Drift score: 0.05
[2025-07-30T07:50:15.718+0000] {logging_mixin.py:188} INFO - Batch 6 - Drift score: 0.27
[2025-07-30T07:50:15.719+0000] {logging_mixin.py:188} INFO - Batch 7 - Drift score: 2.02
[2025-07-30T07:50:15.720+0000] {logging_mixin.py:188} INFO - ⚠️ Drift detected in batch 7
[2025-07-30T07:50:15.721+0000] {logging_mixin.py:188} INFO - Batch 8 - Drift score: 1.94
[2025-07-30T07:50:15.722+0000] {logging_mixin.py:188} INFO - Batch 9 - Drift score: 1.97
[2025-07-30T07:50:15.723+0000] {logging_mixin.py:188} INFO - Batch 10 - Drift score: 2.15
[2025-07-30T07:50:15.724+0000] {logging_mixin.py:188} INFO - ⚠️ Drift detected in batch 10
[2025-07-30T07:50:15.725+0000] {python.py:237} INFO - Done. Returned value was: None
[2025-07-30T07:50:15.726+0000] {taskinstance.py:441} INFO - ::group::Post task execution logs
[2025-07-30T07:50:15.738+0000] {taskinstance.py:1206} INFO - Marking task as SUCCESS. dag_id=ml_pipeline_dag, task_id=detect_drift_task, run_id=manual__2025-07-30T07:50:04.725284+00:00, execution_date=20250730T075004, start_date=20250730T075015, end_date=20250730T075015
[2025-07-30T07:50:15.770+0000] {local_task_job_runner.py:240} INFO - Task exited with return code 0
[2025-07-30T07:50:15.796+0000] {taskinstance.py:3498} INFO - 1 downstream tasks scheduled from follow-on schedule check
[2025-07-30T07:50:15.799+0000] {local_task_job_runner.py:222} INFO - ::endgroup::
