[2025-08-03T05:05:20.687+0000] {local_task_job_runner.py:120} INFO - ::group::Pre task execution logs
[2025-08-03T05:05:20.724+0000] {taskinstance.py:2076} INFO - Dependencies all met for dep_context=non-requeueable deps ti=<TaskInstance: daily_batch_inference.run_batch_inference manual__2025-08-03T05:00:10.518480+00:00 [queued]>
[2025-08-03T05:05:20.737+0000] {taskinstance.py:2076} INFO - Dependencies all met for dep_context=requeueable deps ti=<TaskInstance: daily_batch_inference.run_batch_inference manual__2025-08-03T05:00:10.518480+00:00 [queued]>
[2025-08-03T05:05:20.738+0000] {taskinstance.py:2306} INFO - Starting attempt 1 of 2
[2025-08-03T05:05:20.756+0000] {taskinstance.py:2330} INFO - Executing <Task(BashOperator): run_batch_inference> on 2025-08-03 05:00:10.518480+00:00
[2025-08-03T05:05:20.763+0000] {warnings.py:110} WARNING - /home/***/.local/lib/python3.12/site-packages/***/task/task_runner/standard_task_runner.py:61: DeprecationWarning: This process (pid=281) is multi-threaded, use of fork() may lead to deadlocks in the child.
  pid = os.fork()

[2025-08-03T05:05:20.766+0000] {standard_task_runner.py:90} INFO - Running: ['***', 'tasks', 'run', 'daily_batch_inference', 'run_batch_inference', 'manual__2025-08-03T05:00:10.518480+00:00', '--job-id', '105', '--raw', '--subdir', 'DAGS_FOLDER/batch_inference_dag.py', '--cfg-path', '/tmp/tmpdpd0fijn']
[2025-08-03T05:05:20.768+0000] {standard_task_runner.py:63} INFO - Started process 282 to run task
[2025-08-03T05:05:20.768+0000] {standard_task_runner.py:91} INFO - Job 105: Subtask run_batch_inference
[2025-08-03T05:05:20.832+0000] {task_command.py:426} INFO - Running <TaskInstance: daily_batch_inference.run_batch_inference manual__2025-08-03T05:00:10.518480+00:00 [running]> on host 0869a4a1051d
[2025-08-03T05:05:20.946+0000] {taskinstance.py:2648} INFO - Exporting env vars: AIRFLOW_CTX_DAG_OWNER='***' AIRFLOW_CTX_DAG_ID='daily_batch_inference' AIRFLOW_CTX_TASK_ID='run_batch_inference' AIRFLOW_CTX_EXECUTION_DATE='2025-08-03T05:00:10.518480+00:00' AIRFLOW_CTX_TRY_NUMBER='1' AIRFLOW_CTX_DAG_RUN_ID='manual__2025-08-03T05:00:10.518480+00:00'
[2025-08-03T05:05:20.947+0000] {taskinstance.py:430} INFO - ::endgroup::
[2025-08-03T05:05:20.973+0000] {subprocess.py:63} INFO - Tmp dir root location: /tmp
[2025-08-03T05:05:20.975+0000] {subprocess.py:75} INFO - Running command: ['/usr/bin/bash', '-c', 'cd /opt/***/ml_pipeline && python batch/batch_inference.py >> /opt/***/logs/batch_inference.log 2>&1']
[2025-08-03T05:05:20.988+0000] {subprocess.py:86} INFO - Output:
[2025-08-03T05:05:21.111+0000] {subprocess.py:97} INFO - Command exited with return code 2
[2025-08-03T05:05:21.113+0000] {taskinstance.py:441} INFO - ::group::Post task execution logs
[2025-08-03T05:05:21.130+0000] {taskinstance.py:2905} ERROR - Task failed with exception
Traceback (most recent call last):
  File "/home/airflow/.local/lib/python3.12/site-packages/airflow/models/taskinstance.py", line 465, in _execute_task
    result = _execute_callable(context=context, **execute_callable_kwargs)
             ^^^^^^^^^^^^^^^^^^^^^^^^^^^^^^^^^^^^^^^^^^^^^^^^^^^^^^^^^^^^^
  File "/home/airflow/.local/lib/python3.12/site-packages/airflow/models/taskinstance.py", line 432, in _execute_callable
    return execute_callable(context=context, **execute_callable_kwargs)
           ^^^^^^^^^^^^^^^^^^^^^^^^^^^^^^^^^^^^^^^^^^^^^^^^^^^^^^^^^^^^
  File "/home/airflow/.local/lib/python3.12/site-packages/airflow/models/baseoperator.py", line 400, in wrapper
    return func(self, *args, **kwargs)
           ^^^^^^^^^^^^^^^^^^^^^^^^^^^
  File "/home/airflow/.local/lib/python3.12/site-packages/airflow/operators/bash.py", line 243, in execute
    raise AirflowException(
airflow.exceptions.AirflowException: Bash command failed. The command returned a non-zero exit code 2.
[2025-08-03T05:05:21.139+0000] {taskinstance.py:1206} INFO - Marking task as UP_FOR_RETRY. dag_id=daily_batch_inference, task_id=run_batch_inference, run_id=manual__2025-08-03T05:00:10.518480+00:00, execution_date=20250803T050010, start_date=20250803T050520, end_date=20250803T050521
[2025-08-03T05:05:21.155+0000] {standard_task_runner.py:110} ERROR - Failed to execute job 105 for task run_batch_inference (Bash command failed. The command returned a non-zero exit code 2.; 282)
[2025-08-03T05:05:21.194+0000] {local_task_job_runner.py:240} INFO - Task exited with return code 1
[2025-08-03T05:05:21.218+0000] {taskinstance.py:3498} INFO - 0 downstream tasks scheduled from follow-on schedule check
[2025-08-03T05:05:21.220+0000] {local_task_job_runner.py:222} INFO - ::endgroup::
