[2025-08-17T19:49:17.297+0000] {local_task_job_runner.py:120} INFO - ::group::Pre task execution logs
[2025-08-17T19:49:17.329+0000] {taskinstance.py:2076} INFO - Dependencies all met for dep_context=non-requeueable deps ti=<TaskInstance: ml_pipeline_dvc.train_fraud_detector_dvc manual__2025-08-17T19:48:37.726109+00:00 [queued]>
[2025-08-17T19:49:17.340+0000] {taskinstance.py:2076} INFO - Dependencies all met for dep_context=requeueable deps ti=<TaskInstance: ml_pipeline_dvc.train_fraud_detector_dvc manual__2025-08-17T19:48:37.726109+00:00 [queued]>
[2025-08-17T19:49:17.342+0000] {taskinstance.py:2306} INFO - Starting attempt 1 of 1
[2025-08-17T19:49:17.361+0000] {taskinstance.py:2330} INFO - Executing <Task(BashOperator): train_fraud_detector_dvc> on 2025-08-17 19:48:37.726109+00:00
[2025-08-17T19:49:17.371+0000] {warnings.py:110} WARNING - /home/***/.local/lib/python3.12/site-packages/***/task/task_runner/standard_task_runner.py:61: DeprecationWarning: This process (pid=5640) is multi-threaded, use of fork() may lead to deadlocks in the child.
  pid = os.fork()

[2025-08-17T19:49:17.374+0000] {standard_task_runner.py:63} INFO - Started process 5641 to run task
[2025-08-17T19:49:17.374+0000] {standard_task_runner.py:90} INFO - Running: ['***', 'tasks', 'run', 'ml_pipeline_dvc', 'train_fraud_detector_dvc', 'manual__2025-08-17T19:48:37.726109+00:00', '--job-id', '343', '--raw', '--subdir', 'DAGS_FOLDER/train_pipeline_dag.py', '--cfg-path', '/tmp/tmpgwtzo718']
[2025-08-17T19:49:17.377+0000] {standard_task_runner.py:91} INFO - Job 343: Subtask train_fraud_detector_dvc
[2025-08-17T19:49:17.436+0000] {task_command.py:426} INFO - Running <TaskInstance: ml_pipeline_dvc.train_fraud_detector_dvc manual__2025-08-17T19:48:37.726109+00:00 [running]> on host bea494a05fb4
[2025-08-17T19:49:17.559+0000] {taskinstance.py:2648} INFO - Exporting env vars: AIRFLOW_CTX_DAG_OWNER='yas' AIRFLOW_CTX_DAG_ID='ml_pipeline_dvc' AIRFLOW_CTX_TASK_ID='train_fraud_detector_dvc' AIRFLOW_CTX_EXECUTION_DATE='2025-08-17T19:48:37.726109+00:00' AIRFLOW_CTX_TRY_NUMBER='1' AIRFLOW_CTX_DAG_RUN_ID='manual__2025-08-17T19:48:37.726109+00:00'
[2025-08-17T19:49:17.560+0000] {taskinstance.py:430} INFO - ::endgroup::
[2025-08-17T19:49:17.579+0000] {subprocess.py:63} INFO - Tmp dir root location: /tmp
[2025-08-17T19:49:17.580+0000] {subprocess.py:75} INFO - Running command: ['/usr/bin/bash', '-c', '\n            cd /opt/***/ml_pipeline\n            dvc pull --force\n            dvc repro train_model\n            dvc push\n        ']
[2025-08-17T19:49:17.592+0000] {subprocess.py:86} INFO - Output:
[2025-08-17T19:49:20.641+0000] {subprocess.py:93} INFO - Everything is up to date.
[2025-08-17T19:49:23.846+0000] {subprocess.py:93} INFO - Stage 'ingest' didn't change, skipping
[2025-08-17T19:49:23.878+0000] {subprocess.py:93} INFO - Stage 'preprocess' didn't change, skipping
[2025-08-17T19:49:23.942+0000] {subprocess.py:93} INFO - Running stage 'train_model':
[2025-08-17T19:49:23.943+0000] {subprocess.py:93} INFO - > python models/train_fraud_detector_task.py
[2025-08-17T19:49:27.523+0000] {subprocess.py:93} INFO - {"asctime": "2025-08-17 19:49:27,475", "levelname": "INFO", "name": "model_training", "trace_id": null, "span_id": null, "message": "MLflow run id: faca03ebf9b0456fb89582a72d6d51e9"}
[2025-08-17T19:49:27.566+0000] {subprocess.py:93} INFO - 🏃 View run train_v20250817_175136 at: http://mlflow:5000/#/experiments/2/runs/faca03ebf9b0456fb89582a72d6d51e9
[2025-08-17T19:49:27.566+0000] {subprocess.py:93} INFO - 🧪 View experiment at: http://mlflow:5000/#/experiments/2
[2025-08-17T19:49:27.567+0000] {subprocess.py:93} INFO - Traceback (most recent call last):
[2025-08-17T19:49:27.568+0000] {subprocess.py:93} INFO -   File "/opt/***/ml_pipeline/models/train_fraud_detector_task.py", line 237, in <module>
[2025-08-17T19:49:27.568+0000] {subprocess.py:93} INFO -     main()
[2025-08-17T19:49:27.569+0000] {subprocess.py:93} INFO -   File "/opt/***/ml_pipeline/models/train_fraud_detector_task.py", line 102, in main
[2025-08-17T19:49:27.569+0000] {subprocess.py:93} INFO -     mlflow.set_datasets
[2025-08-17T19:49:27.570+0000] {subprocess.py:93} INFO - AttributeError: module 'mlflow' has no attribute 'set_datasets'
[2025-08-17T19:49:27.925+0000] {subprocess.py:93} INFO - ERROR: failed to reproduce 'train_model': failed to run: python models/train_fraud_detector_task.py, exited with 1
[2025-08-17T19:49:31.273+0000] {subprocess.py:93} INFO - Everything is up to date.
[2025-08-17T19:49:31.622+0000] {subprocess.py:97} INFO - Command exited with return code 0
[2025-08-17T19:49:31.624+0000] {taskinstance.py:441} INFO - ::group::Post task execution logs
[2025-08-17T19:49:31.661+0000] {taskinstance.py:1206} INFO - Marking task as SUCCESS. dag_id=ml_pipeline_dvc, task_id=train_fraud_detector_dvc, run_id=manual__2025-08-17T19:48:37.726109+00:00, execution_date=20250817T194837, start_date=20250817T194917, end_date=20250817T194931
[2025-08-17T19:49:31.709+0000] {local_task_job_runner.py:240} INFO - Task exited with return code 0
[2025-08-17T19:49:31.738+0000] {taskinstance.py:3498} INFO - 0 downstream tasks scheduled from follow-on schedule check
[2025-08-17T19:49:31.741+0000] {local_task_job_runner.py:222} INFO - ::endgroup::
