[2025-07-31T04:33:22.074+0000] {local_task_job_runner.py:120} INFO - ::group::Pre task execution logs
[2025-07-31T04:33:22.106+0000] {taskinstance.py:2076} INFO - Dependencies all met for dep_context=non-requeueable deps ti=<TaskInstance: ml_pipeline_dag.stream_data_task manual__2025-07-31T04:33:16.335990+00:00 [queued]>
[2025-07-31T04:33:22.117+0000] {taskinstance.py:2076} INFO - Dependencies all met for dep_context=requeueable deps ti=<TaskInstance: ml_pipeline_dag.stream_data_task manual__2025-07-31T04:33:16.335990+00:00 [queued]>
[2025-07-31T04:33:22.118+0000] {taskinstance.py:2306} INFO - Starting attempt 1 of 1
[2025-07-31T04:33:22.137+0000] {taskinstance.py:2330} INFO - Executing <Task(PythonOperator): stream_data_task> on 2025-07-31 04:33:16.335990+00:00
[2025-07-31T04:33:22.150+0000] {warnings.py:110} WARNING - /home/***/.local/lib/python3.12/site-packages/***/task/task_runner/standard_task_runner.py:61: DeprecationWarning: This process (pid=4883) is multi-threaded, use of fork() may lead to deadlocks in the child.
  pid = os.fork()

[2025-07-31T04:33:22.153+0000] {standard_task_runner.py:63} INFO - Started process 4899 to run task
[2025-07-31T04:33:22.153+0000] {standard_task_runner.py:90} INFO - Running: ['***', 'tasks', 'run', 'ml_pipeline_dag', 'stream_data_task', 'manual__2025-07-31T04:33:16.335990+00:00', '--job-id', '58', '--raw', '--subdir', 'DAGS_FOLDER/ml_pipeline_dag.py', '--cfg-path', '/tmp/tmpajvvj3h0']
[2025-07-31T04:33:22.157+0000] {standard_task_runner.py:91} INFO - Job 58: Subtask stream_data_task
[2025-07-31T04:33:22.229+0000] {task_command.py:426} INFO - Running <TaskInstance: ml_pipeline_dag.stream_data_task manual__2025-07-31T04:33:16.335990+00:00 [running]> on host edd92f9295b0
[2025-07-31T04:33:22.402+0000] {taskinstance.py:2648} INFO - Exporting env vars: AIRFLOW_CTX_DAG_OWNER='***' AIRFLOW_CTX_DAG_ID='ml_pipeline_dag' AIRFLOW_CTX_TASK_ID='stream_data_task' AIRFLOW_CTX_EXECUTION_DATE='2025-07-31T04:33:16.335990+00:00' AIRFLOW_CTX_TRY_NUMBER='1' AIRFLOW_CTX_DAG_RUN_ID='manual__2025-07-31T04:33:16.335990+00:00'
[2025-07-31T04:33:22.408+0000] {taskinstance.py:430} INFO - ::endgroup::
[2025-07-31T04:33:22.443+0000] {logging_mixin.py:188} INFO - Pushed batch 0 to queue
[2025-07-31T04:33:22.444+0000] {logging_mixin.py:188} INFO - Pushed batch 1 to queue
[2025-07-31T04:33:22.446+0000] {logging_mixin.py:188} INFO - Pushed batch 2 to queue
[2025-07-31T04:33:22.448+0000] {logging_mixin.py:188} INFO - Pushed batch 3 to queue
[2025-07-31T04:33:22.449+0000] {logging_mixin.py:188} INFO - Pushed batch 4 to queue
[2025-07-31T04:33:22.451+0000] {logging_mixin.py:188} INFO - Pushed batch 5 to queue
[2025-07-31T04:33:22.452+0000] {logging_mixin.py:188} INFO - Pushed batch 6 to queue
[2025-07-31T04:33:22.453+0000] {logging_mixin.py:188} INFO - Pushed batch 7 to queue
[2025-07-31T04:33:22.454+0000] {logging_mixin.py:188} INFO - Pushed batch 8 to queue
[2025-07-31T04:33:22.456+0000] {logging_mixin.py:188} INFO - Pushed batch 9 to queue
[2025-07-31T04:33:22.457+0000] {python.py:237} INFO - Done. Returned value was: None
[2025-07-31T04:33:22.458+0000] {taskinstance.py:441} INFO - ::group::Post task execution logs
[2025-07-31T04:33:22.473+0000] {taskinstance.py:1206} INFO - Marking task as SUCCESS. dag_id=ml_pipeline_dag, task_id=stream_data_task, run_id=manual__2025-07-31T04:33:16.335990+00:00, execution_date=20250731T043316, start_date=20250731T043322, end_date=20250731T043322
[2025-07-31T04:33:22.539+0000] {local_task_job_runner.py:240} INFO - Task exited with return code 0
[2025-07-31T04:33:22.588+0000] {taskinstance.py:3498} INFO - 1 downstream tasks scheduled from follow-on schedule check
[2025-07-31T04:33:22.592+0000] {local_task_job_runner.py:222} INFO - ::endgroup::
