[2025-08-12T05:51:39.900+0000] {local_task_job_runner.py:120} INFO - ::group::Pre task execution logs
[2025-08-12T05:51:39.941+0000] {taskinstance.py:2076} INFO - Dependencies all met for dep_context=non-requeueable deps ti=<TaskInstance: etl.etl_task manual__2025-08-12T05:51:32.981512+00:00 [queued]>
[2025-08-12T05:51:39.955+0000] {taskinstance.py:2076} INFO - Dependencies all met for dep_context=requeueable deps ti=<TaskInstance: etl.etl_task manual__2025-08-12T05:51:32.981512+00:00 [queued]>
[2025-08-12T05:51:39.956+0000] {taskinstance.py:2306} INFO - Starting attempt 1 of 1
[2025-08-12T05:51:40.001+0000] {taskinstance.py:2330} INFO - Executing <Task(PythonOperator): etl_task> on 2025-08-12 05:51:32.981512+00:00
[2025-08-12T05:51:40.018+0000] {warnings.py:110} WARNING - /home/***/.local/lib/python3.12/site-packages/***/task/task_runner/standard_task_runner.py:61: DeprecationWarning: This process (pid=826) is multi-threaded, use of fork() may lead to deadlocks in the child.
  pid = os.fork()

[2025-08-12T05:51:40.022+0000] {standard_task_runner.py:63} INFO - Started process 828 to run task
[2025-08-12T05:51:40.021+0000] {standard_task_runner.py:90} INFO - Running: ['***', 'tasks', 'run', 'etl', 'etl_task', 'manual__2025-08-12T05:51:32.981512+00:00', '--job-id', '106', '--raw', '--subdir', 'DAGS_FOLDER/etl_pipeline.py', '--cfg-path', '/tmp/tmpauh9zdaf']
[2025-08-12T05:51:40.026+0000] {standard_task_runner.py:91} INFO - Job 106: Subtask etl_task
[2025-08-12T05:51:40.090+0000] {task_command.py:426} INFO - Running <TaskInstance: etl.etl_task manual__2025-08-12T05:51:32.981512+00:00 [running]> on host 563139bd1525
[2025-08-12T05:51:40.214+0000] {taskinstance.py:2648} INFO - Exporting env vars: AIRFLOW_CTX_DAG_OWNER='***' AIRFLOW_CTX_DAG_ID='etl' AIRFLOW_CTX_TASK_ID='etl_task' AIRFLOW_CTX_EXECUTION_DATE='2025-08-12T05:51:32.981512+00:00' AIRFLOW_CTX_TRY_NUMBER='1' AIRFLOW_CTX_DAG_RUN_ID='manual__2025-08-12T05:51:32.981512+00:00'
[2025-08-12T05:51:40.216+0000] {taskinstance.py:430} INFO - ::endgroup::
[2025-08-12T05:51:40.301+0000] {log.py:232} WARNING - {"asctime": "2025-08-12 05:51:40,239", "levelname": "INFO", "name": "model_training", "trace_id": null, "span_id": null, "message": "params.yaml created with version_tag=v20250812_055140"}
[2025-08-12T05:51:40.239+0000] {etl_task.py:83} INFO - params.yaml created with version_tag=v20250812_055140
[2025-08-12T05:51:40.334+0000] {log.py:232} WARNING - {"asctime": "2025-08-12 05:51:40,334", "levelname": "INFO", "name": "model_training", "trace_id": null, "span_id": null, "message": "Simulated data generated."}
[2025-08-12T05:51:40.334+0000] {etl_task.py:91} INFO - Simulated data generated.
[2025-08-12T05:51:40.404+0000] {log.py:232} WARNING - {"asctime": "2025-08-12 05:51:40,404", "levelname": "INFO", "name": "model_training", "trace_id": null, "span_id": null, "message": "Simulated data saved at s3://mlflow-artifacts/data/raw/fraud_data_v20250812_055140.csv."}
[2025-08-12T05:51:40.404+0000] {etl_task.py:54} INFO - Simulated data saved at s3://mlflow-artifacts/data/raw/fraud_data_v20250812_055140.csv.
[2025-08-12T05:51:40.417+0000] {log.py:232} WARNING - {"asctime": "2025-08-12 05:51:40,417", "levelname": "INFO", "name": "model_training", "trace_id": null, "span_id": null, "message": "\u2705 Uploaded version_meta.json to s3://mlflow-artifacts/metadata/version_meta.json"}
[2025-08-12T05:51:40.417+0000] {etl_task.py:64} INFO - ✅ Uploaded version_meta.json to s3://mlflow-artifacts/metadata/version_meta.json
[2025-08-12T05:51:40.450+0000] {log.py:232} WARNING - {"asctime": "2025-08-12 05:51:40,450", "levelname": "INFO", "name": "model_training", "trace_id": null, "span_id": null, "message": "Meta Version saved to: s3://mlflow-artifacts/data/raw/metadata_v20250812_055140.json"}
[2025-08-12T05:51:40.450+0000] {etl_task.py:75} INFO - Meta Version saved to: s3://mlflow-artifacts/data/raw/metadata_v20250812_055140.json
[2025-08-12T05:51:40.453+0000] {python.py:237} INFO - Done. Returned value was: None
[2025-08-12T05:51:40.455+0000] {taskinstance.py:441} INFO - ::group::Post task execution logs
[2025-08-12T05:51:40.473+0000] {taskinstance.py:1206} INFO - Marking task as SUCCESS. dag_id=etl, task_id=etl_task, run_id=manual__2025-08-12T05:51:32.981512+00:00, execution_date=20250812T055132, start_date=20250812T055139, end_date=20250812T055140
[2025-08-12T05:51:40.534+0000] {local_task_job_runner.py:240} INFO - Task exited with return code 0
[2025-08-12T05:51:40.556+0000] {taskinstance.py:3498} INFO - 0 downstream tasks scheduled from follow-on schedule check
[2025-08-12T05:51:40.558+0000] {local_task_job_runner.py:222} INFO - ::endgroup::
