[2025-07-30T20:25:55.222+0000] {local_task_job_runner.py:120} INFO - ::group::Pre task execution logs
[2025-07-30T20:25:55.249+0000] {taskinstance.py:2076} INFO - Dependencies all met for dep_context=non-requeueable deps ti=<TaskInstance: ml_pipeline_dag.stream_data_task manual__2025-07-30T20:25:50.321516+00:00 [queued]>
[2025-07-30T20:25:55.258+0000] {taskinstance.py:2076} INFO - Dependencies all met for dep_context=requeueable deps ti=<TaskInstance: ml_pipeline_dag.stream_data_task manual__2025-07-30T20:25:50.321516+00:00 [queued]>
[2025-07-30T20:25:55.259+0000] {taskinstance.py:2306} INFO - Starting attempt 1 of 1
[2025-07-30T20:25:55.276+0000] {taskinstance.py:2330} INFO - Executing <Task(PythonOperator): stream_data_task> on 2025-07-30 20:25:50.321516+00:00
[2025-07-30T20:25:55.287+0000] {warnings.py:110} WARNING - /home/***/.local/lib/python3.12/site-packages/***/task/task_runner/standard_task_runner.py:61: DeprecationWarning: This process (pid=77) is multi-threaded, use of fork() may lead to deadlocks in the child.
  pid = os.fork()

[2025-07-30T20:25:55.290+0000] {standard_task_runner.py:63} INFO - Started process 86 to run task
[2025-07-30T20:25:55.290+0000] {standard_task_runner.py:90} INFO - Running: ['***', 'tasks', 'run', 'ml_pipeline_dag', 'stream_data_task', 'manual__2025-07-30T20:25:50.321516+00:00', '--job-id', '26', '--raw', '--subdir', 'DAGS_FOLDER/ml_pipeline_dag.py', '--cfg-path', '/tmp/tmppzweukwd']
[2025-07-30T20:25:55.293+0000] {standard_task_runner.py:91} INFO - Job 26: Subtask stream_data_task
[2025-07-30T20:25:55.357+0000] {task_command.py:426} INFO - Running <TaskInstance: ml_pipeline_dag.stream_data_task manual__2025-07-30T20:25:50.321516+00:00 [running]> on host 39c05ec130fa
[2025-07-30T20:25:55.472+0000] {taskinstance.py:2648} INFO - Exporting env vars: AIRFLOW_CTX_DAG_OWNER='***' AIRFLOW_CTX_DAG_ID='ml_pipeline_dag' AIRFLOW_CTX_TASK_ID='stream_data_task' AIRFLOW_CTX_EXECUTION_DATE='2025-07-30T20:25:50.321516+00:00' AIRFLOW_CTX_TRY_NUMBER='1' AIRFLOW_CTX_DAG_RUN_ID='manual__2025-07-30T20:25:50.321516+00:00'
[2025-07-30T20:25:55.473+0000] {taskinstance.py:430} INFO - ::endgroup::
[2025-07-30T20:25:55.509+0000] {logging_mixin.py:188} INFO - Pushed batch 0 to queue
[2025-07-30T20:25:55.510+0000] {logging_mixin.py:188} INFO - Pushed batch 1 to queue
[2025-07-30T20:25:55.511+0000] {logging_mixin.py:188} INFO - Pushed batch 2 to queue
[2025-07-30T20:25:55.512+0000] {logging_mixin.py:188} INFO - Pushed batch 3 to queue
[2025-07-30T20:25:55.513+0000] {logging_mixin.py:188} INFO - Pushed batch 4 to queue
[2025-07-30T20:25:55.514+0000] {logging_mixin.py:188} INFO - Pushed batch 5 to queue
[2025-07-30T20:25:55.515+0000] {logging_mixin.py:188} INFO - Pushed batch 6 to queue
[2025-07-30T20:25:55.516+0000] {logging_mixin.py:188} INFO - Pushed batch 7 to queue
[2025-07-30T20:25:55.517+0000] {logging_mixin.py:188} INFO - Pushed batch 8 to queue
[2025-07-30T20:25:55.518+0000] {logging_mixin.py:188} INFO - Pushed batch 9 to queue
[2025-07-30T20:25:55.519+0000] {python.py:237} INFO - Done. Returned value was: None
[2025-07-30T20:25:55.519+0000] {taskinstance.py:441} INFO - ::group::Post task execution logs
[2025-07-30T20:25:55.531+0000] {taskinstance.py:1206} INFO - Marking task as SUCCESS. dag_id=ml_pipeline_dag, task_id=stream_data_task, run_id=manual__2025-07-30T20:25:50.321516+00:00, execution_date=20250730T202550, start_date=20250730T202555, end_date=20250730T202555
[2025-07-30T20:25:55.596+0000] {local_task_job_runner.py:240} INFO - Task exited with return code 0
[2025-07-30T20:25:55.629+0000] {taskinstance.py:3498} INFO - 1 downstream tasks scheduled from follow-on schedule check
[2025-07-30T20:25:55.632+0000] {local_task_job_runner.py:222} INFO - ::endgroup::
