[2025-08-11T20:26:31.546+0000] {local_task_job_runner.py:120} INFO - ::group::Pre task execution logs
[2025-08-11T20:26:31.659+0000] {taskinstance.py:2076} INFO - Dependencies all met for dep_context=non-requeueable deps ti=<TaskInstance: ml_pipeline_dvc.preprocess_dvc manual__2025-08-11T20:26:26.887444+00:00 [queued]>
[2025-08-11T20:26:31.724+0000] {taskinstance.py:2076} INFO - Dependencies all met for dep_context=requeueable deps ti=<TaskInstance: ml_pipeline_dvc.preprocess_dvc manual__2025-08-11T20:26:26.887444+00:00 [queued]>
[2025-08-11T20:26:31.725+0000] {taskinstance.py:2306} INFO - Starting attempt 1 of 2
[2025-08-11T20:26:31.922+0000] {taskinstance.py:2330} INFO - Executing <Task(BashOperator): preprocess_dvc> on 2025-08-11 20:26:26.887444+00:00
[2025-08-11T20:26:31.960+0000] {warnings.py:110} WARNING - /home/***/.local/lib/python3.12/site-packages/***/task/task_runner/standard_task_runner.py:61: DeprecationWarning: This process (pid=78) is multi-threaded, use of fork() may lead to deadlocks in the child.
  pid = os.fork()

[2025-08-11T20:26:31.965+0000] {standard_task_runner.py:63} INFO - Started process 79 to run task
[2025-08-11T20:26:31.988+0000] {standard_task_runner.py:90} INFO - Running: ['***', 'tasks', 'run', 'ml_pipeline_dvc', 'preprocess_dvc', 'manual__2025-08-11T20:26:26.887444+00:00', '--job-id', '71', '--raw', '--subdir', 'DAGS_FOLDER/train_pipeline_dag.py', '--cfg-path', '/tmp/tmp1a8n0frg']
[2025-08-11T20:26:31.993+0000] {standard_task_runner.py:91} INFO - Job 71: Subtask preprocess_dvc
[2025-08-11T20:26:32.159+0000] {task_command.py:426} INFO - Running <TaskInstance: ml_pipeline_dvc.preprocess_dvc manual__2025-08-11T20:26:26.887444+00:00 [running]> on host 217f54bcc495
[2025-08-11T20:26:32.498+0000] {taskinstance.py:2648} INFO - Exporting env vars: AIRFLOW_CTX_DAG_OWNER='yas' AIRFLOW_CTX_DAG_ID='ml_pipeline_dvc' AIRFLOW_CTX_TASK_ID='preprocess_dvc' AIRFLOW_CTX_EXECUTION_DATE='2025-08-11T20:26:26.887444+00:00' AIRFLOW_CTX_TRY_NUMBER='1' AIRFLOW_CTX_DAG_RUN_ID='manual__2025-08-11T20:26:26.887444+00:00'
[2025-08-11T20:26:32.507+0000] {taskinstance.py:430} INFO - ::endgroup::
[2025-08-11T20:26:32.681+0000] {subprocess.py:63} INFO - Tmp dir root location: /tmp
[2025-08-11T20:26:32.687+0000] {subprocess.py:75} INFO - Running command: ['/usr/bin/bash', '-c', 'cd /opt/***/ml_pipeline && dvc repro preprocess']
[2025-08-11T20:26:32.721+0000] {subprocess.py:86} INFO - Output:
[2025-08-11T20:26:37.617+0000] {subprocess.py:93} INFO - Running stage 'preprocess':
[2025-08-11T20:26:37.618+0000] {subprocess.py:93} INFO - > python preprocessing/preprocess_task.py
[2025-08-11T20:26:42.762+0000] {subprocess.py:93} INFO - {"asctime": "2025-08-11 20:26:42,702", "levelname": "INFO", "name": "preprocessing_pipeline", "trace_id": null, "span_id": null, "message": "version_meta.json loaded!"}
[2025-08-11T20:26:42.806+0000] {subprocess.py:93} INFO - {"asctime": "2025-08-11 20:26:42,806", "levelname": "INFO", "name": "preprocessing_pipeline", "trace_id": null, "span_id": null, "message": "preprocessor trained!"}
[2025-08-11T20:26:42.823+0000] {subprocess.py:93} INFO - {"asctime": "2025-08-11 20:26:42,822", "levelname": "INFO", "name": "preprocessing_pipeline", "trace_id": null, "span_id": null, "message": "preprocessor saved to s3://mlflow-artifacts/preprocess/v20250811_184828/pipeline.pkl!"}
[2025-08-11T20:26:42.852+0000] {subprocess.py:93} INFO - {"asctime": "2025-08-11 20:26:42,852", "levelname": "INFO", "name": "preprocessing_pipeline", "trace_id": null, "span_id": null, "message": "\u2705 Saved pipeline at: s3://mlflow-artifacts/s3://mlflow-artifacts/preprocess/v20250811_184828/pipeline.pkl"}
[2025-08-11T20:26:42.853+0000] {subprocess.py:93} INFO - {"asctime": "2025-08-11 20:26:42,852", "levelname": "INFO", "name": "preprocessing_pipeline", "trace_id": null, "span_id": null, "message": "\ud83d\udcc4 Saved metadata: s3://mlflow-artifacts/s3://mlflow-artifacts/preprocess/v20250811_184828/preprocess_metadata.json"}
[2025-08-11T20:26:42.854+0000] {subprocess.py:93} INFO - {"asctime": "2025-08-11 20:26:42,852", "levelname": "INFO", "name": "preprocessing_pipeline", "trace_id": null, "span_id": null, "message": "\ud83d\udce6 Updated version_meta.json"}
[2025-08-11T20:26:43.363+0000] {subprocess.py:93} INFO - Updating lock file 'dvc.lock'
[2025-08-11T20:26:43.381+0000] {subprocess.py:93} INFO - 
[2025-08-11T20:26:43.382+0000] {subprocess.py:93} INFO - To track the changes with git, run:
[2025-08-11T20:26:43.382+0000] {subprocess.py:93} INFO - 
[2025-08-11T20:26:43.383+0000] {subprocess.py:93} INFO - 	git add dvc.lock
[2025-08-11T20:26:43.384+0000] {subprocess.py:93} INFO - 
[2025-08-11T20:26:43.384+0000] {subprocess.py:93} INFO - To enable auto staging, run:
[2025-08-11T20:26:43.385+0000] {subprocess.py:93} INFO - 
[2025-08-11T20:26:43.386+0000] {subprocess.py:93} INFO - 	dvc config core.autostage true
[2025-08-11T20:26:43.387+0000] {subprocess.py:93} INFO - Use `dvc push` to send your updates to remote storage.
[2025-08-11T20:26:43.758+0000] {subprocess.py:97} INFO - Command exited with return code 0
[2025-08-11T20:26:43.763+0000] {taskinstance.py:441} INFO - ::group::Post task execution logs
[2025-08-11T20:26:43.831+0000] {taskinstance.py:1206} INFO - Marking task as SUCCESS. dag_id=ml_pipeline_dvc, task_id=preprocess_dvc, run_id=manual__2025-08-11T20:26:26.887444+00:00, execution_date=20250811T202626, start_date=20250811T202631, end_date=20250811T202643
[2025-08-11T20:26:43.881+0000] {local_task_job_runner.py:240} INFO - Task exited with return code 0
[2025-08-11T20:26:43.949+0000] {taskinstance.py:3498} INFO - 1 downstream tasks scheduled from follow-on schedule check
[2025-08-11T20:26:43.951+0000] {local_task_job_runner.py:222} INFO - ::endgroup::
