[2025-08-05T20:10:53.959+0000] {local_task_job_runner.py:120} INFO - ::group::Pre task execution logs
[2025-08-05T20:10:54.009+0000] {taskinstance.py:2076} INFO - Dependencies all met for dep_context=non-requeueable deps ti=<TaskInstance: ml_pipeline_dvc.train_dvc manual__2025-08-05T20:10:35.555399+00:00 [queued]>
[2025-08-05T20:10:54.028+0000] {taskinstance.py:2076} INFO - Dependencies all met for dep_context=requeueable deps ti=<TaskInstance: ml_pipeline_dvc.train_dvc manual__2025-08-05T20:10:35.555399+00:00 [queued]>
[2025-08-05T20:10:54.029+0000] {taskinstance.py:2306} INFO - Starting attempt 1 of 2
[2025-08-05T20:10:54.064+0000] {taskinstance.py:2330} INFO - Executing <Task(BashOperator): train_dvc> on 2025-08-05 20:10:35.555399+00:00
[2025-08-05T20:10:54.073+0000] {warnings.py:110} WARNING - /home/***/.local/lib/python3.12/site-packages/***/task/task_runner/standard_task_runner.py:61: DeprecationWarning: This process (pid=2442) is multi-threaded, use of fork() may lead to deadlocks in the child.
  pid = os.fork()

[2025-08-05T20:10:54.077+0000] {standard_task_runner.py:63} INFO - Started process 2443 to run task
[2025-08-05T20:10:54.076+0000] {standard_task_runner.py:90} INFO - Running: ['***', 'tasks', 'run', 'ml_pipeline_dvc', 'train_dvc', 'manual__2025-08-05T20:10:35.555399+00:00', '--job-id', '37', '--raw', '--subdir', 'DAGS_FOLDER/ml_pipeline_dag_2.py', '--cfg-path', '/tmp/tmpir9xlvn9']
[2025-08-05T20:10:54.079+0000] {standard_task_runner.py:91} INFO - Job 37: Subtask train_dvc
[2025-08-05T20:10:54.178+0000] {task_command.py:426} INFO - Running <TaskInstance: ml_pipeline_dvc.train_dvc manual__2025-08-05T20:10:35.555399+00:00 [running]> on host cb274dbeb17b
[2025-08-05T20:10:54.394+0000] {taskinstance.py:2648} INFO - Exporting env vars: AIRFLOW_CTX_DAG_OWNER='yas' AIRFLOW_CTX_DAG_ID='ml_pipeline_dvc' AIRFLOW_CTX_TASK_ID='train_dvc' AIRFLOW_CTX_EXECUTION_DATE='2025-08-05T20:10:35.555399+00:00' AIRFLOW_CTX_TRY_NUMBER='1' AIRFLOW_CTX_DAG_RUN_ID='manual__2025-08-05T20:10:35.555399+00:00'
[2025-08-05T20:10:54.395+0000] {taskinstance.py:430} INFO - ::endgroup::
[2025-08-05T20:10:54.442+0000] {subprocess.py:63} INFO - Tmp dir root location: /tmp
[2025-08-05T20:10:54.444+0000] {subprocess.py:75} INFO - Running command: ['/usr/bin/bash', '-c', 'cd /opt/***/ml_pipeline && dvc repro train']
[2025-08-05T20:10:54.463+0000] {subprocess.py:86} INFO - Output:
[2025-08-05T20:10:57.501+0000] {subprocess.py:93} INFO - Stage 'preprocess' didn't change, skipping
[2025-08-05T20:10:57.623+0000] {subprocess.py:93} INFO - Running stage 'train':
[2025-08-05T20:10:57.624+0000] {subprocess.py:93} INFO - > python train/train_task.py
[2025-08-05T20:11:03.017+0000] {subprocess.py:93} INFO - INFO:__main__:Outlier detector saved to artifacts/models/outlier_detector_v20250801_144307.pkl
[2025-08-05T20:11:03.040+0000] {subprocess.py:93} INFO - /home/***/.local/lib/python3.12/site-packages/sklearn/metrics/_ranking.py:1201: UndefinedMetricWarning: No positive samples in y_true, true positive value should be meaningless
[2025-08-05T20:11:03.050+0000] {subprocess.py:93} INFO -   warnings.warn(
[2025-08-05T20:11:03.069+0000] {subprocess.py:93} INFO - INFO:__main__:📄 Training metadata saved to artifacts/train/train_metadata_v20250801_144307.json
[2025-08-05T20:11:03.070+0000] {subprocess.py:93} INFO - INFO:__main__:📦 Updated version_meta.json
[2025-08-05T20:11:03.354+0000] {subprocess.py:93} INFO - INFO:__main__:📄 Registering the model FraudDetectionModel
[2025-08-05T20:11:03.473+0000] {subprocess.py:93} INFO - 2025/08/05 20:11:03 WARNING mlflow.utils.git_utils: Failed to import Git (the Git executable is probably not on your PATH), so Git SHA is not available. Error: Failed to initialize: Bad git executable.
[2025-08-05T20:11:03.474+0000] {subprocess.py:93} INFO - The git executable must be specified in one of the following ways:
[2025-08-05T20:11:03.476+0000] {subprocess.py:93} INFO -     - be included in your $PATH
[2025-08-05T20:11:03.476+0000] {subprocess.py:93} INFO -     - be set via $GIT_PYTHON_GIT_EXECUTABLE
[2025-08-05T20:11:03.477+0000] {subprocess.py:93} INFO -     - explicitly set via git.refresh(<full-path-to-git-executable>)
[2025-08-05T20:11:03.478+0000] {subprocess.py:93} INFO - 
[2025-08-05T20:11:03.479+0000] {subprocess.py:93} INFO - All git commands will error until this is rectified.
[2025-08-05T20:11:03.480+0000] {subprocess.py:93} INFO - 
[2025-08-05T20:11:03.481+0000] {subprocess.py:93} INFO - This initial message can be silenced or aggravated in the future by setting the
[2025-08-05T20:11:03.482+0000] {subprocess.py:93} INFO - $GIT_PYTHON_REFRESH environment variable. Use one of the following values:
[2025-08-05T20:11:03.483+0000] {subprocess.py:93} INFO -     - quiet|q|silence|s|silent|none|n|0: for no message or exception
[2025-08-05T20:11:03.483+0000] {subprocess.py:93} INFO -     - warn|w|warning|log|l|1: for a warning message (logging level CRITICAL, displayed by default)
[2025-08-05T20:11:03.484+0000] {subprocess.py:93} INFO -     - error|e|exception|raise|r|2: for a raised exception
[2025-08-05T20:11:03.485+0000] {subprocess.py:93} INFO - 
[2025-08-05T20:11:03.485+0000] {subprocess.py:93} INFO - Example:
[2025-08-05T20:11:03.486+0000] {subprocess.py:93} INFO -     export GIT_PYTHON_REFRESH=quiet
[2025-08-05T20:11:03.487+0000] {subprocess.py:93} INFO - 
[2025-08-05T20:11:03.517+0000] {subprocess.py:93} INFO - 2025/08/05 20:11:03 WARNING mlflow.models.model: `artifact_path` is deprecated. Please use `name` instead.
[2025-08-05T20:11:03.577+0000] {subprocess.py:93} INFO - INFO:__main__:✅ Model registry failed
[2025-08-05T20:11:03.578+0000] {subprocess.py:93} INFO - INFO:__main__:✅ Model logged to MLflow
[2025-08-05T20:11:03.578+0000] {subprocess.py:93} INFO - INFO:__main__:✅ Model trained and saved to artifacts/models/model_v20250801_144307.pkl
[2025-08-05T20:11:03.579+0000] {subprocess.py:93} INFO - 🏃 View run vaunted-snipe-494 at: http://mlflow:5000/#/experiments/1/runs/ec8d9583499143769da518bf318bcce5
[2025-08-05T20:11:03.579+0000] {subprocess.py:93} INFO - 🧪 View experiment at: http://mlflow:5000/#/experiments/1
[2025-08-05T20:11:04.224+0000] {subprocess.py:93} INFO - Updating lock file 'dvc.lock'
[2025-08-05T20:11:04.245+0000] {subprocess.py:93} INFO - 
[2025-08-05T20:11:04.246+0000] {subprocess.py:93} INFO - To track the changes with git, run:
[2025-08-05T20:11:04.247+0000] {subprocess.py:93} INFO - 
[2025-08-05T20:11:04.247+0000] {subprocess.py:93} INFO - 	git add dvc.lock
[2025-08-05T20:11:04.248+0000] {subprocess.py:93} INFO - 
[2025-08-05T20:11:04.249+0000] {subprocess.py:93} INFO - To enable auto staging, run:
[2025-08-05T20:11:04.250+0000] {subprocess.py:93} INFO - 
[2025-08-05T20:11:04.250+0000] {subprocess.py:93} INFO - 	dvc config core.autostage true
[2025-08-05T20:11:04.251+0000] {subprocess.py:93} INFO - Use `dvc push` to send your updates to remote storage.
[2025-08-05T20:11:04.683+0000] {subprocess.py:97} INFO - Command exited with return code 0
[2025-08-05T20:11:04.685+0000] {taskinstance.py:441} INFO - ::group::Post task execution logs
[2025-08-05T20:11:04.730+0000] {taskinstance.py:1206} INFO - Marking task as SUCCESS. dag_id=ml_pipeline_dvc, task_id=train_dvc, run_id=manual__2025-08-05T20:10:35.555399+00:00, execution_date=20250805T201035, start_date=20250805T201054, end_date=20250805T201104
[2025-08-05T20:11:04.796+0000] {local_task_job_runner.py:240} INFO - Task exited with return code 0
[2025-08-05T20:11:04.823+0000] {taskinstance.py:3498} INFO - 0 downstream tasks scheduled from follow-on schedule check
[2025-08-05T20:11:04.825+0000] {local_task_job_runner.py:222} INFO - ::endgroup::
