[2025-07-31T04:37:20.053+0000] {local_task_job_runner.py:120} INFO - ::group::Pre task execution logs
[2025-07-31T04:37:20.094+0000] {taskinstance.py:2076} INFO - Dependencies all met for dep_context=non-requeueable deps ti=<TaskInstance: ml_pipeline_dag.stream_data_task manual__2025-07-31T04:37:14.305952+00:00 [queued]>
[2025-07-31T04:37:20.108+0000] {taskinstance.py:2076} INFO - Dependencies all met for dep_context=requeueable deps ti=<TaskInstance: ml_pipeline_dag.stream_data_task manual__2025-07-31T04:37:14.305952+00:00 [queued]>
[2025-07-31T04:37:20.109+0000] {taskinstance.py:2306} INFO - Starting attempt 1 of 1
[2025-07-31T04:37:20.136+0000] {taskinstance.py:2330} INFO - Executing <Task(PythonOperator): stream_data_task> on 2025-07-31 04:37:14.305952+00:00
[2025-07-31T04:37:20.154+0000] {warnings.py:110} WARNING - /home/***/.local/lib/python3.12/site-packages/***/task/task_runner/standard_task_runner.py:61: DeprecationWarning: This process (pid=4976) is multi-threaded, use of fork() may lead to deadlocks in the child.
  pid = os.fork()

[2025-07-31T04:37:20.158+0000] {standard_task_runner.py:63} INFO - Started process 4992 to run task
[2025-07-31T04:37:20.158+0000] {standard_task_runner.py:90} INFO - Running: ['***', 'tasks', 'run', 'ml_pipeline_dag', 'stream_data_task', 'manual__2025-07-31T04:37:14.305952+00:00', '--job-id', '61', '--raw', '--subdir', 'DAGS_FOLDER/ml_pipeline_dag.py', '--cfg-path', '/tmp/tmpjiavnan0']
[2025-07-31T04:37:20.166+0000] {standard_task_runner.py:91} INFO - Job 61: Subtask stream_data_task
[2025-07-31T04:37:20.253+0000] {task_command.py:426} INFO - Running <TaskInstance: ml_pipeline_dag.stream_data_task manual__2025-07-31T04:37:14.305952+00:00 [running]> on host edd92f9295b0
[2025-07-31T04:37:20.491+0000] {taskinstance.py:2648} INFO - Exporting env vars: AIRFLOW_CTX_DAG_OWNER='***' AIRFLOW_CTX_DAG_ID='ml_pipeline_dag' AIRFLOW_CTX_TASK_ID='stream_data_task' AIRFLOW_CTX_EXECUTION_DATE='2025-07-31T04:37:14.305952+00:00' AIRFLOW_CTX_TRY_NUMBER='1' AIRFLOW_CTX_DAG_RUN_ID='manual__2025-07-31T04:37:14.305952+00:00'
[2025-07-31T04:37:20.493+0000] {taskinstance.py:430} INFO - ::endgroup::
[2025-07-31T04:37:20.523+0000] {logging_mixin.py:188} INFO - Pushed batch 0 to queue
[2025-07-31T04:37:20.525+0000] {logging_mixin.py:188} INFO - Pushed batch 1 to queue
[2025-07-31T04:37:20.526+0000] {logging_mixin.py:188} INFO - Pushed batch 2 to queue
[2025-07-31T04:37:20.527+0000] {logging_mixin.py:188} INFO - Pushed batch 3 to queue
[2025-07-31T04:37:20.528+0000] {logging_mixin.py:188} INFO - Pushed batch 4 to queue
[2025-07-31T04:37:20.529+0000] {logging_mixin.py:188} INFO - Pushed batch 5 to queue
[2025-07-31T04:37:20.531+0000] {logging_mixin.py:188} INFO - Pushed batch 6 to queue
[2025-07-31T04:37:20.532+0000] {logging_mixin.py:188} INFO - Pushed batch 7 to queue
[2025-07-31T04:37:20.534+0000] {logging_mixin.py:188} INFO - Pushed batch 8 to queue
[2025-07-31T04:37:20.535+0000] {logging_mixin.py:188} INFO - Pushed batch 9 to queue
[2025-07-31T04:37:20.535+0000] {python.py:237} INFO - Done. Returned value was: None
[2025-07-31T04:37:20.537+0000] {taskinstance.py:441} INFO - ::group::Post task execution logs
[2025-07-31T04:37:20.552+0000] {taskinstance.py:1206} INFO - Marking task as SUCCESS. dag_id=ml_pipeline_dag, task_id=stream_data_task, run_id=manual__2025-07-31T04:37:14.305952+00:00, execution_date=20250731T043714, start_date=20250731T043720, end_date=20250731T043720
[2025-07-31T04:37:20.589+0000] {local_task_job_runner.py:240} INFO - Task exited with return code 0
[2025-07-31T04:37:20.646+0000] {taskinstance.py:3498} INFO - 1 downstream tasks scheduled from follow-on schedule check
[2025-07-31T04:37:20.650+0000] {local_task_job_runner.py:222} INFO - ::endgroup::
