[2025-07-30T21:37:57.063+0000] {local_task_job_runner.py:120} INFO - ::group::Pre task execution logs
[2025-07-30T21:37:57.093+0000] {taskinstance.py:2076} INFO - Dependencies all met for dep_context=non-requeueable deps ti=<TaskInstance: ml_pipeline_dag.detect_drift_task manual__2025-07-30T21:37:47.189979+00:00 [queued]>
[2025-07-30T21:37:57.104+0000] {taskinstance.py:2076} INFO - Dependencies all met for dep_context=requeueable deps ti=<TaskInstance: ml_pipeline_dag.detect_drift_task manual__2025-07-30T21:37:47.189979+00:00 [queued]>
[2025-07-30T21:37:57.105+0000] {taskinstance.py:2306} INFO - Starting attempt 1 of 1
[2025-07-30T21:37:57.121+0000] {taskinstance.py:2330} INFO - Executing <Task(PythonOperator): detect_drift_task> on 2025-07-30 21:37:47.189979+00:00
[2025-07-30T21:37:57.132+0000] {warnings.py:110} WARNING - /home/***/.local/lib/python3.12/site-packages/***/task/task_runner/standard_task_runner.py:61: DeprecationWarning: This process (pid=902) is multi-threaded, use of fork() may lead to deadlocks in the child.
  pid = os.fork()

[2025-07-30T21:37:57.135+0000] {standard_task_runner.py:63} INFO - Started process 911 to run task
[2025-07-30T21:37:57.135+0000] {standard_task_runner.py:90} INFO - Running: ['***', 'tasks', 'run', 'ml_pipeline_dag', 'detect_drift_task', 'manual__2025-07-30T21:37:47.189979+00:00', '--job-id', '30', '--raw', '--subdir', 'DAGS_FOLDER/ml_pipeline_dag.py', '--cfg-path', '/tmp/tmpi13yql3w']
[2025-07-30T21:37:57.139+0000] {standard_task_runner.py:91} INFO - Job 30: Subtask detect_drift_task
[2025-07-30T21:37:57.197+0000] {task_command.py:426} INFO - Running <TaskInstance: ml_pipeline_dag.detect_drift_task manual__2025-07-30T21:37:47.189979+00:00 [running]> on host 39c05ec130fa
[2025-07-30T21:37:57.313+0000] {taskinstance.py:2648} INFO - Exporting env vars: AIRFLOW_CTX_DAG_OWNER='***' AIRFLOW_CTX_DAG_ID='ml_pipeline_dag' AIRFLOW_CTX_TASK_ID='detect_drift_task' AIRFLOW_CTX_EXECUTION_DATE='2025-07-30T21:37:47.189979+00:00' AIRFLOW_CTX_TRY_NUMBER='1' AIRFLOW_CTX_DAG_RUN_ID='manual__2025-07-30T21:37:47.189979+00:00'
[2025-07-30T21:37:57.315+0000] {taskinstance.py:430} INFO - ::endgroup::
[2025-07-30T21:37:57.335+0000] {logging_mixin.py:188} INFO - Batch 1 - Drift score: 0.07
[2025-07-30T21:37:57.336+0000] {logging_mixin.py:188} INFO - Batch 2 - Drift score: 0.01
[2025-07-30T21:37:57.338+0000] {logging_mixin.py:188} INFO - Batch 3 - Drift score: 0.02
[2025-07-30T21:37:57.338+0000] {logging_mixin.py:188} INFO - Batch 4 - Drift score: 0.16
[2025-07-30T21:37:57.339+0000] {logging_mixin.py:188} INFO - Batch 5 - Drift score: 0.02
[2025-07-30T21:37:57.340+0000] {logging_mixin.py:188} INFO - Batch 6 - Drift score: 0.16
[2025-07-30T21:37:57.341+0000] {logging_mixin.py:188} INFO - Batch 7 - Drift score: 2.07
[2025-07-30T21:37:57.342+0000] {logging_mixin.py:188} INFO - ⚠️ Drift detected in batch 7
[2025-07-30T21:37:57.342+0000] {logging_mixin.py:188} INFO - Batch 8 - Drift score: 1.97
[2025-07-30T21:37:57.343+0000] {logging_mixin.py:188} INFO - Batch 9 - Drift score: 2.01
[2025-07-30T21:37:57.344+0000] {logging_mixin.py:188} INFO - ⚠️ Drift detected in batch 9
[2025-07-30T21:37:57.345+0000] {logging_mixin.py:188} INFO - Batch 10 - Drift score: 1.92
[2025-07-30T21:37:57.345+0000] {python.py:237} INFO - Done. Returned value was: None
[2025-07-30T21:37:57.346+0000] {taskinstance.py:441} INFO - ::group::Post task execution logs
[2025-07-30T21:37:57.358+0000] {taskinstance.py:1206} INFO - Marking task as SUCCESS. dag_id=ml_pipeline_dag, task_id=detect_drift_task, run_id=manual__2025-07-30T21:37:47.189979+00:00, execution_date=20250730T213747, start_date=20250730T213757, end_date=20250730T213757
[2025-07-30T21:37:57.399+0000] {local_task_job_runner.py:240} INFO - Task exited with return code 0
[2025-07-30T21:37:57.425+0000] {taskinstance.py:3498} INFO - 1 downstream tasks scheduled from follow-on schedule check
[2025-07-30T21:37:57.427+0000] {local_task_job_runner.py:222} INFO - ::endgroup::
