[2025-08-07T07:00:39.213+0000] {local_task_job_runner.py:120} INFO - ::group::Pre task execution logs
[2025-08-07T07:00:39.258+0000] {taskinstance.py:2076} INFO - Dependencies all met for dep_context=non-requeueable deps ti=<TaskInstance: ml_pipeline_dvc.train_dvc manual__2025-08-07T07:00:25.039190+00:00 [queued]>
[2025-08-07T07:00:39.273+0000] {taskinstance.py:2076} INFO - Dependencies all met for dep_context=requeueable deps ti=<TaskInstance: ml_pipeline_dvc.train_dvc manual__2025-08-07T07:00:25.039190+00:00 [queued]>
[2025-08-07T07:00:39.274+0000] {taskinstance.py:2306} INFO - Starting attempt 1 of 2
[2025-08-07T07:00:39.304+0000] {taskinstance.py:2330} INFO - Executing <Task(BashOperator): train_dvc> on 2025-08-07 07:00:25.039190+00:00
[2025-08-07T07:00:39.313+0000] {warnings.py:110} WARNING - /home/***/.local/lib/python3.12/site-packages/***/task/task_runner/standard_task_runner.py:61: DeprecationWarning: This process (pid=7210) is multi-threaded, use of fork() may lead to deadlocks in the child.
  pid = os.fork()

[2025-08-07T07:00:39.316+0000] {standard_task_runner.py:63} INFO - Started process 7227 to run task
[2025-08-07T07:00:39.316+0000] {standard_task_runner.py:90} INFO - Running: ['***', 'tasks', 'run', 'ml_pipeline_dvc', 'train_dvc', 'manual__2025-08-07T07:00:25.039190+00:00', '--job-id', '36', '--raw', '--subdir', 'DAGS_FOLDER/ml_pipeline_dag_2.py', '--cfg-path', '/tmp/tmpqj6n2zf_']
[2025-08-07T07:00:39.319+0000] {standard_task_runner.py:91} INFO - Job 36: Subtask train_dvc
[2025-08-07T07:00:39.391+0000] {task_command.py:426} INFO - Running <TaskInstance: ml_pipeline_dvc.train_dvc manual__2025-08-07T07:00:25.039190+00:00 [running]> on host 875a2765ee06
[2025-08-07T07:00:39.542+0000] {taskinstance.py:2648} INFO - Exporting env vars: AIRFLOW_CTX_DAG_OWNER='yas' AIRFLOW_CTX_DAG_ID='ml_pipeline_dvc' AIRFLOW_CTX_TASK_ID='train_dvc' AIRFLOW_CTX_EXECUTION_DATE='2025-08-07T07:00:25.039190+00:00' AIRFLOW_CTX_TRY_NUMBER='1' AIRFLOW_CTX_DAG_RUN_ID='manual__2025-08-07T07:00:25.039190+00:00'
[2025-08-07T07:00:39.545+0000] {taskinstance.py:430} INFO - ::endgroup::
[2025-08-07T07:00:39.564+0000] {subprocess.py:63} INFO - Tmp dir root location: /tmp
[2025-08-07T07:00:39.566+0000] {subprocess.py:75} INFO - Running command: ['/usr/bin/bash', '-c', 'cd /opt/***/ml_pipeline && dvc repro train']
[2025-08-07T07:00:39.580+0000] {subprocess.py:86} INFO - Output:
[2025-08-07T07:00:42.214+0000] {subprocess.py:93} INFO - Stage 'preprocess' didn't change, skipping
[2025-08-07T07:00:42.342+0000] {subprocess.py:93} INFO - Running stage 'train':
[2025-08-07T07:00:42.343+0000] {subprocess.py:93} INFO - > python train/train_task.py
[2025-08-07T07:00:46.329+0000] {subprocess.py:93} INFO - INFO:__main__:Outlier detector saved to artifacts/models/outlier_detector_v20250801_144307.pkl
[2025-08-07T07:00:46.430+0000] {subprocess.py:93} INFO - /home/***/.local/lib/python3.12/site-packages/sklearn/metrics/_ranking.py:1201: UndefinedMetricWarning: No positive samples in y_true, true positive value should be meaningless
[2025-08-07T07:00:46.431+0000] {subprocess.py:93} INFO -   warnings.warn(
[2025-08-07T07:00:46.469+0000] {subprocess.py:93} INFO - INFO:__main__:📄 Training metadata saved to artifacts/train/train_metadata_v20250801_144307.json
[2025-08-07T07:00:46.470+0000] {subprocess.py:93} INFO - INFO:__main__:📦 Updated version_meta.json
[2025-08-07T07:00:47.565+0000] {subprocess.py:93} INFO - INFO:__main__:📄 Starting MLflow run for FraudDetectionModel
[2025-08-07T07:00:47.635+0000] {subprocess.py:93} INFO - 2025/08/07 07:00:47 WARNING mlflow.utils.git_utils: Failed to import Git (the Git executable is probably not on your PATH), so Git SHA is not available. Error: Failed to initialize: Bad git executable.
[2025-08-07T07:00:47.637+0000] {subprocess.py:93} INFO - The git executable must be specified in one of the following ways:
[2025-08-07T07:00:47.639+0000] {subprocess.py:93} INFO -     - be included in your $PATH
[2025-08-07T07:00:47.639+0000] {subprocess.py:93} INFO -     - be set via $GIT_PYTHON_GIT_EXECUTABLE
[2025-08-07T07:00:47.640+0000] {subprocess.py:93} INFO -     - explicitly set via git.refresh(<full-path-to-git-executable>)
[2025-08-07T07:00:47.641+0000] {subprocess.py:93} INFO - 
[2025-08-07T07:00:47.646+0000] {subprocess.py:93} INFO - All git commands will error until this is rectified.
[2025-08-07T07:00:47.647+0000] {subprocess.py:93} INFO - 
[2025-08-07T07:00:47.648+0000] {subprocess.py:93} INFO - This initial message can be silenced or aggravated in the future by setting the
[2025-08-07T07:00:47.649+0000] {subprocess.py:93} INFO - $GIT_PYTHON_REFRESH environment variable. Use one of the following values:
[2025-08-07T07:00:47.650+0000] {subprocess.py:93} INFO -     - quiet|q|silence|s|silent|none|n|0: for no message or exception
[2025-08-07T07:00:47.651+0000] {subprocess.py:93} INFO -     - warn|w|warning|log|l|1: for a warning message (logging level CRITICAL, displayed by default)
[2025-08-07T07:00:47.652+0000] {subprocess.py:93} INFO -     - error|e|exception|raise|r|2: for a raised exception
[2025-08-07T07:00:47.653+0000] {subprocess.py:93} INFO - 
[2025-08-07T07:00:47.653+0000] {subprocess.py:93} INFO - Example:
[2025-08-07T07:00:47.654+0000] {subprocess.py:93} INFO -     export GIT_PYTHON_REFRESH=quiet
[2025-08-07T07:00:47.656+0000] {subprocess.py:93} INFO - 
[2025-08-07T07:00:47.772+0000] {subprocess.py:93} INFO - INFO:__main__:📄 MLflow run_id: ee2081825dee447288b7fe41bbc02466
[2025-08-07T07:00:47.776+0000] {subprocess.py:93} INFO - 2025/08/07 07:00:47 WARNING mlflow.models.model: `artifact_path` is deprecated. Please use `name` instead.
[2025-08-07T07:00:58.674+0000] {subprocess.py:93} INFO - [31m2025/08/07 07:00:58 WARNING mlflow.models.model: Model logged without a signature and input example. Please set `input_example` parameter when logging the model to auto infer the model signature.[0m
[2025-08-07T07:00:59.003+0000] {subprocess.py:93} INFO - INFO:botocore.credentials:Found credentials in environment variables.
[2025-08-07T07:00:59.597+0000] {subprocess.py:93} INFO - INFO:__main__:✅ Model logged
[2025-08-07T07:00:59.994+0000] {subprocess.py:93} INFO - INFO:__main__:✅ Metrics and artifacts logged
[2025-08-07T07:01:00.079+0000] {subprocess.py:93} INFO - Successfully registered model 'FraudDetectionModel'.
[2025-08-07T07:01:00.179+0000] {subprocess.py:93} INFO - 2025/08/07 07:01:00 WARNING mlflow.tracking._model_registry.fluent: Run with id ee2081825dee447288b7fe41bbc02466 has no artifacts at artifact path 'model', registering model based on models:/m-bf20002b44d34c84ad25f3cf04f97d3c instead
[2025-08-07T07:01:00.437+0000] {subprocess.py:93} INFO - 2025/08/07 07:01:00 INFO mlflow.store.model_registry.abstract_store: Waiting up to 300 seconds for model version to finish creation. Model name: FraudDetectionModel, version 1
[2025-08-07T07:01:00.439+0000] {subprocess.py:93} INFO - Created version '1' of model 'FraudDetectionModel'.
[2025-08-07T07:01:00.497+0000] {subprocess.py:93} INFO - INFO:__main__:📦 Model registered as 'FraudDetectionModel', version 1
[2025-08-07T07:01:00.543+0000] {subprocess.py:93} INFO - /opt/***/ml_pipeline/train/train_task.py:152: FutureWarning: ``mlflow.tracking.client.MlflowClient.transition_model_version_stage`` is deprecated since 2.9.0. Model registry stages will be removed in a future major release. To learn more about the deprecation of model registry stages, see our migration guide here: https://mlflow.org/docs/latest/model-registry.html#migrating-from-stages
[2025-08-07T07:01:00.544+0000] {subprocess.py:93} INFO -   client.transition_model_version_stage(
[2025-08-07T07:01:00.614+0000] {subprocess.py:93} INFO - INFO:__main__:🚀 Model version 1 transitioned to 'Production'
[2025-08-07T07:01:00.615+0000] {subprocess.py:93} INFO - INFO:__main__:✅ Model registration and promotion complete.
[2025-08-07T07:01:00.616+0000] {subprocess.py:93} INFO - INFO:__main__:✅ Model trained and saved to artifacts/models/model_v20250801_144307.pkl
[2025-08-07T07:01:00.616+0000] {subprocess.py:93} INFO - INFO:__main__:✅ Model pipeline for FraudDetectionModel registered with MLFlow
[2025-08-07T07:01:00.617+0000] {subprocess.py:93} INFO - 🏃 View run silent-hawk-134 at: http://mlflow:5000/#/experiments/1/runs/ee2081825dee447288b7fe41bbc02466
[2025-08-07T07:01:00.618+0000] {subprocess.py:93} INFO - 🧪 View experiment at: http://mlflow:5000/#/experiments/1
[2025-08-07T07:01:01.403+0000] {subprocess.py:93} INFO - Updating lock file 'dvc.lock'
[2025-08-07T07:01:01.419+0000] {subprocess.py:93} INFO - 
[2025-08-07T07:01:01.420+0000] {subprocess.py:93} INFO - To track the changes with git, run:
[2025-08-07T07:01:01.421+0000] {subprocess.py:93} INFO - 
[2025-08-07T07:01:01.422+0000] {subprocess.py:93} INFO - 	git add dvc.lock
[2025-08-07T07:01:01.422+0000] {subprocess.py:93} INFO - 
[2025-08-07T07:01:01.423+0000] {subprocess.py:93} INFO - To enable auto staging, run:
[2025-08-07T07:01:01.423+0000] {subprocess.py:93} INFO - 
[2025-08-07T07:01:01.424+0000] {subprocess.py:93} INFO - 	dvc config core.autostage true
[2025-08-07T07:01:01.427+0000] {subprocess.py:93} INFO - Use `dvc push` to send your updates to remote storage.
[2025-08-07T07:01:01.857+0000] {subprocess.py:97} INFO - Command exited with return code 0
[2025-08-07T07:01:01.858+0000] {taskinstance.py:441} INFO - ::group::Post task execution logs
[2025-08-07T07:01:01.902+0000] {taskinstance.py:1206} INFO - Marking task as SUCCESS. dag_id=ml_pipeline_dvc, task_id=train_dvc, run_id=manual__2025-08-07T07:00:25.039190+00:00, execution_date=20250807T070025, start_date=20250807T070039, end_date=20250807T070101
[2025-08-07T07:01:01.961+0000] {local_task_job_runner.py:240} INFO - Task exited with return code 0
[2025-08-07T07:01:01.989+0000] {taskinstance.py:3498} INFO - 0 downstream tasks scheduled from follow-on schedule check
[2025-08-07T07:01:01.991+0000] {local_task_job_runner.py:222} INFO - ::endgroup::
