[2025-08-12T21:36:40.615+0000] {local_task_job_runner.py:120} INFO - ::group::Pre task execution logs
[2025-08-12T21:36:40.646+0000] {taskinstance.py:2076} INFO - Dependencies all met for dep_context=non-requeueable deps ti=<TaskInstance: ml_pipeline_dvc.preprocess_dvc manual__2025-08-12T21:31:09.036076+00:00 [queued]>
[2025-08-12T21:36:40.655+0000] {taskinstance.py:2076} INFO - Dependencies all met for dep_context=requeueable deps ti=<TaskInstance: ml_pipeline_dvc.preprocess_dvc manual__2025-08-12T21:31:09.036076+00:00 [queued]>
[2025-08-12T21:36:40.656+0000] {taskinstance.py:2306} INFO - Starting attempt 2 of 2
[2025-08-12T21:36:40.672+0000] {taskinstance.py:2330} INFO - Executing <Task(BashOperator): preprocess_dvc> on 2025-08-12 21:31:09.036076+00:00
[2025-08-12T21:36:40.678+0000] {warnings.py:110} WARNING - /home/***/.local/lib/python3.12/site-packages/***/task/task_runner/standard_task_runner.py:61: DeprecationWarning: This process (pid=549) is multi-threaded, use of fork() may lead to deadlocks in the child.
  pid = os.fork()

[2025-08-12T21:36:40.680+0000] {standard_task_runner.py:63} INFO - Started process 550 to run task
[2025-08-12T21:36:40.680+0000] {standard_task_runner.py:90} INFO - Running: ['***', 'tasks', 'run', 'ml_pipeline_dvc', 'preprocess_dvc', 'manual__2025-08-12T21:31:09.036076+00:00', '--job-id', '181', '--raw', '--subdir', 'DAGS_FOLDER/train_pipeline_dag.py', '--cfg-path', '/tmp/tmp111wopt3']
[2025-08-12T21:36:40.683+0000] {standard_task_runner.py:91} INFO - Job 181: Subtask preprocess_dvc
[2025-08-12T21:36:40.755+0000] {task_command.py:426} INFO - Running <TaskInstance: ml_pipeline_dvc.preprocess_dvc manual__2025-08-12T21:31:09.036076+00:00 [running]> on host ae67cab33f2f
[2025-08-12T21:36:40.910+0000] {taskinstance.py:2648} INFO - Exporting env vars: AIRFLOW_CTX_DAG_OWNER='yas' AIRFLOW_CTX_DAG_ID='ml_pipeline_dvc' AIRFLOW_CTX_TASK_ID='preprocess_dvc' AIRFLOW_CTX_EXECUTION_DATE='2025-08-12T21:31:09.036076+00:00' AIRFLOW_CTX_TRY_NUMBER='2' AIRFLOW_CTX_DAG_RUN_ID='manual__2025-08-12T21:31:09.036076+00:00'
[2025-08-12T21:36:40.912+0000] {taskinstance.py:430} INFO - ::endgroup::
[2025-08-12T21:36:40.933+0000] {subprocess.py:63} INFO - Tmp dir root location: /tmp
[2025-08-12T21:36:40.935+0000] {subprocess.py:75} INFO - Running command: ['/usr/bin/bash', '-c', "\n        export AWS_ACCESS_KEY_ID = minioadmin\n        export AWS_SECRET_ACCESS_KEY = environ({'AIRFLOW__CELERY__RESULT_BACKEND': 'db+postgresql://***:***@postgres/***', 'DUMB_INIT_SETSID': '0', 'HOSTNAME': 'ae67cab33f2f', 'PYTHON_VERSION': '3.12.3', 'LANGUAGE': 'C.UTF-8', 'AIRFLOW_USER_HOME_DIR': '/home/***', 'ADDITIONAL_RUNTIME_APT_DEPS': '', 'PWD': '/opt/***', 'AIRFLOW__CELERY__BROKER_URL': 'redis://:@redis:6379/0', 'AIRFLOW_VERSION': '2.9.1', 'AIRFLOW__CORE__LOAD_EXAMPLES': 'false', 'AIRFLOW__API__AUTH_BACKENDS': '***.api.auth.backend.basic_auth,***.api.auth.backend.session', 'MLFLOW_S3_ENDPOINT_URL': 'http://minio:9000', 'INSTALL_MSSQL_CLIENT': 'true', 'INSTALL_MYSQL_CLIENT_TYPE': 'mariadb', 'GUNICORN_CMD_ARGS': '--worker-tmp-dir /dev/shm', 'LD_PRELOAD': '/usr/lib/x86_64-linux-gnu/libstdc++.so.6', 'HOME': '/home/***', 'LANG': 'C.UTF-8', 'VIRTUAL_ENV': '/home/***/.local', 'AIRFLOW_HOME': '/opt/***', 'GPG_KEY': '7169605F62C751356D054A26A821E680E5FA6305', 'AWS_SECRET_ACCESS_KEY': 'minioadmin', 'AIRFLOW__DATABASE__SQL_ALCHEMY_CONN': 'postgresql+psycopg2://***:***@postgres/***', 'AIRFLOW_USE_UV': 'false', 'AIRFLOW__CORE__EXECUTOR': 'CeleryExecutor', 'COMMIT_SHA': '2d53c1089f78d8d1416f51af60e1e0354781c661', 'AIRFLOW_PIP_VERSION': '24.0', 'AIRFLOW__CORE__DAGS_ARE_PAUSED_AT_CREATION': 'true', 'PYTHONPATH': '/opt/***/ml_pipeline:', 'ADDITIONAL_RUNTIME_APT_COMMAND': '', 'AIRFLOW_UV_VERSION': '0.1.35', '_PIP_ADDITIONAL_REQUIREMENTS': '', 'INSTALL_POSTGRES_CLIENT': 'true', 'SHLVL': '0', 'AWS_ACCESS_KEY_ID': 'minioadmin', 'LC_MESSAGES': 'C.UTF-8', 'RUNTIME_APT_DEPS': '', 'PYTHON_PIP_VERSION': '24.0', 'RUNTIME_APT_COMMAND': 'echo', 'LD_LIBRARY_PATH': '/usr/local/lib', 'LC_CTYPE': 'C.UTF-8', 'AIRFLOW__SCHEDULER__ENABLE_HEALTH_CHECK': 'true', 'PYTHON_GET_PIP_SHA256': 'dfe9fd5c28dc98b5ac17979a953ea550cec37ae1b47a5116007395bfacff2ab9', 'AIRFLOW_INSTALLATION_METHOD': '', 'LC_ALL': 'C.UTF-8', 'PYTHON_GET_PIP_URL': 'https://github.com/pypa/get-pip/raw/dbf0c85f76fb6e1ab42aa672ffca6f0a675d9ee4/public/get-pip.py', 'INSTALL_MYSQL_CLIENT': 'true', 'PATH': '/root/bin:/home/***/.local/bin:/usr/local/bin:/usr/local/sbin:/usr/local/bin:/usr/sbin:/usr/bin:/sbin:/bin', 'PYTHON_BASE_IMAGE': 'python:3.12-slim-bookworm', 'AIRFLOW_UID': '50000', 'S3_BUCKET': 'mlflow-artifacts$', 'BUILD_ID': '', 'AIRFLOW__CORE__FERNET_KEY': '', 'DEBIAN_FRONTEND': 'noninteractive', '_MP_FORK_LOGLEVEL_': '20', '_MP_FORK_LOGFILE_': '', '_MP_FORK_LOGFORMAT_': '[%(asctime)s: %(levelname)s/%(processName)s] %(message)s', 'CELERY_LOG_LEVEL': '20', 'CELERY_LOG_FILE': '', 'CELERY_LOG_REDIRECT': '1', 'CELERY_LOG_REDIRECT_LEVEL': 'WARNING', '_AIRFLOW_PARSING_CONTEXT_DAG_ID': 'ml_pipeline_dvc', '_AIRFLOW_PARSING_CONTEXT_TASK_ID': 'preprocess_dvc'})\n        cd /opt/***/ml_pipeline && dvc repro preprocess\n        "]
[2025-08-12T21:36:40.949+0000] {subprocess.py:86} INFO - Output:
[2025-08-12T21:36:40.951+0000] {subprocess.py:93} INFO - /usr/bin/bash: line 2: export: `=': not a valid identifier
[2025-08-12T21:36:40.952+0000] {subprocess.py:93} INFO - /usr/bin/bash: -c: line 3: syntax error near unexpected token `('
[2025-08-12T21:36:40.952+0000] {subprocess.py:93} INFO - /usr/bin/bash: -c: line 3: `        export AWS_SECRET_ACCESS_KEY = environ({'AIRFLOW__CELERY__RESULT_BACKEND': 'db+postgresql://***:***@postgres/***', 'DUMB_INIT_SETSID': '0', 'HOSTNAME': 'ae67cab33f2f', 'PYTHON_VERSION': '3.12.3', 'LANGUAGE': 'C.UTF-8', 'AIRFLOW_USER_HOME_DIR': '/home/***', 'ADDITIONAL_RUNTIME_APT_DEPS': '', 'PWD': '/opt/***', 'AIRFLOW__CELERY__BROKER_URL': 'redis://:@redis:6379/0', 'AIRFLOW_VERSION': '2.9.1', 'AIRFLOW__CORE__LOAD_EXAMPLES': 'false', 'AIRFLOW__API__AUTH_BACKENDS': '***.api.auth.backend.basic_auth,***.api.auth.backend.session', 'MLFLOW_S3_ENDPOINT_URL': 'http://minio:9000', 'INSTALL_MSSQL_CLIENT': 'true', 'INSTALL_MYSQL_CLIENT_TYPE': 'mariadb', 'GUNICORN_CMD_ARGS': '--worker-tmp-dir /dev/shm', 'LD_PRELOAD': '/usr/lib/x86_64-linux-gnu/libstdc++.so.6', 'HOME': '/home/***', 'LANG': 'C.UTF-8', 'VIRTUAL_ENV': '/home/***/.local', 'AIRFLOW_HOME': '/opt/***', 'GPG_KEY': '7169605F62C751356D054A26A821E680E5FA6305', 'AWS_SECRET_ACCESS_KEY': 'minioadmin', 'AIRFLOW__DATABASE__SQL_ALCHEMY_CONN': 'postgresql+psycopg2://***:***@postgres/***', 'AIRFLOW_USE_UV': 'false', 'AIRFLOW__CORE__EXECUTOR': 'CeleryExecutor', 'COMMIT_SHA': '2d53c1089f78d8d1416f51af60e1e0354781c661', 'AIRFLOW_PIP_VERSION': '24.0', 'AIRFLOW__CORE__DAGS_ARE_PAUSED_AT_CREATION': 'true', 'PYTHONPATH': '/opt/***/ml_pipeline:', 'ADDITIONAL_RUNTIME_APT_COMMAND': '', 'AIRFLOW_UV_VERSION': '0.1.35', '_PIP_ADDITIONAL_REQUIREMENTS': '', 'INSTALL_POSTGRES_CLIENT': 'true', 'SHLVL': '0', 'AWS_ACCESS_KEY_ID': 'minioadmin', 'LC_MESSAGES': 'C.UTF-8', 'RUNTIME_APT_DEPS': '', 'PYTHON_PIP_VERSION': '24.0', 'RUNTIME_APT_COMMAND': 'echo', 'LD_LIBRARY_PATH': '/usr/local/lib', 'LC_CTYPE': 'C.UTF-8', 'AIRFLOW__SCHEDULER__ENABLE_HEALTH_CHECK': 'true', 'PYTHON_GET_PIP_SHA256': 'dfe9fd5c28dc98b5ac17979a953ea550cec37ae1b47a5116007395bfacff2ab9', 'AIRFLOW_INSTALLATION_METHOD': '', 'LC_ALL': 'C.UTF-8', 'PYTHON_GET_PIP_URL': 'https://github.com/pypa/get-pip/raw/dbf0c85f76fb6e1ab42aa672ffca6f0a675d9ee4/public/get-pip.py', 'INSTALL_MYSQL_CLIENT': 'true', 'PATH': '/root/bin:/home/***/.local/bin:/usr/local/bin:/usr/local/sbin:/usr/local/bin:/usr/sbin:/usr/bin:/sbin:/bin', 'PYTHON_BASE_IMAGE': 'python:3.12-slim-bookworm', 'AIRFLOW_UID': '50000', 'S3_BUCKET': 'mlflow-artifacts$', 'BUILD_ID': '', 'AIRFLOW__CORE__FERNET_KEY': '', 'DEBIAN_FRONTEND': 'noninteractive', '_MP_FORK_LOGLEVEL_': '20', '_MP_FORK_LOGFILE_': '', '_MP_FORK_LOGFORMAT_': '[%(asctime)s: %(levelname)s/%(processName)s] %(message)s', 'CELERY_LOG_LEVEL': '20', 'CELERY_LOG_FILE': '', 'CELERY_LOG_REDIRECT': '1', 'CELERY_LOG_REDIRECT_LEVEL': 'WARNING', '_AIRFLOW_PARSING_CONTEXT_DAG_ID': 'ml_pipeline_dvc', '_AIRFLOW_PARSING_CONTEXT_TASK_ID': 'preprocess_dvc'})'
[2025-08-12T21:36:40.953+0000] {subprocess.py:97} INFO - Command exited with return code 2
[2025-08-12T21:36:40.954+0000] {taskinstance.py:441} INFO - ::group::Post task execution logs
[2025-08-12T21:36:40.968+0000] {taskinstance.py:2905} ERROR - Task failed with exception
Traceback (most recent call last):
  File "/home/airflow/.local/lib/python3.12/site-packages/airflow/models/taskinstance.py", line 465, in _execute_task
    result = _execute_callable(context=context, **execute_callable_kwargs)
             ^^^^^^^^^^^^^^^^^^^^^^^^^^^^^^^^^^^^^^^^^^^^^^^^^^^^^^^^^^^^^
  File "/home/airflow/.local/lib/python3.12/site-packages/airflow/models/taskinstance.py", line 432, in _execute_callable
    return execute_callable(context=context, **execute_callable_kwargs)
           ^^^^^^^^^^^^^^^^^^^^^^^^^^^^^^^^^^^^^^^^^^^^^^^^^^^^^^^^^^^^
  File "/home/airflow/.local/lib/python3.12/site-packages/airflow/models/baseoperator.py", line 400, in wrapper
    return func(self, *args, **kwargs)
           ^^^^^^^^^^^^^^^^^^^^^^^^^^^
  File "/home/airflow/.local/lib/python3.12/site-packages/airflow/operators/bash.py", line 243, in execute
    raise AirflowException(
airflow.exceptions.AirflowException: Bash command failed. The command returned a non-zero exit code 2.
[2025-08-12T21:36:40.977+0000] {taskinstance.py:1206} INFO - Marking task as FAILED. dag_id=ml_pipeline_dvc, task_id=preprocess_dvc, run_id=manual__2025-08-12T21:31:09.036076+00:00, execution_date=20250812T213109, start_date=20250812T213640, end_date=20250812T213640
[2025-08-12T21:36:40.999+0000] {standard_task_runner.py:110} ERROR - Failed to execute job 181 for task preprocess_dvc (Bash command failed. The command returned a non-zero exit code 2.; 550)
[2025-08-12T21:36:41.026+0000] {local_task_job_runner.py:240} INFO - Task exited with return code 1
[2025-08-12T21:36:41.066+0000] {taskinstance.py:3498} INFO - 0 downstream tasks scheduled from follow-on schedule check
[2025-08-12T21:36:41.071+0000] {local_task_job_runner.py:222} INFO - ::endgroup::
