{"timestamp":"2025-08-24T19:30:53.444933","level":"info","event":"DAG bundles loaded: dags-folder","logger":"airflow.dag_processing.bundles.manager.DagBundlesManager"}
{"timestamp":"2025-08-24T19:30:53.451056","level":"info","event":"Filling up the DagBag from /opt/airflow/dags/ml_pipeline_dvc_dag.py","logger":"airflow.models.dagbag.DagBag"}
{"timestamp":"2025-08-24T19:30:53.775087","level":"info","event":"Tmp dir root location: /tmp","logger":"airflow.task.hooks.airflow.providers.standard.hooks.subprocess.SubprocessHook"}
{"timestamp":"2025-08-24T19:30:53.777810","level":"info","event":"Running command: ['/usr/bin/bash', '-c', '\\n            cd /opt/airflow/ml_pipeline\\n            dvc pull --force\\n            dvc repro preprocess\\n            dvc push\\n        ']","logger":"airflow.task.hooks.airflow.providers.standard.hooks.subprocess.SubprocessHook"}
{"timestamp":"2025-08-24T19:30:53.835222","level":"info","event":"Output:","logger":"airflow.task.hooks.airflow.providers.standard.hooks.subprocess.SubprocessHook"}
{"timestamp":"2025-08-24T19:31:05.442728","level":"info","event":"Everything is up to date.","logger":"airflow.task.hooks.airflow.providers.standard.hooks.subprocess.SubprocessHook"}
{"timestamp":"2025-08-24T19:31:14.693514","level":"info","event":"Stage 'ingest' didn't change, skipping","logger":"airflow.task.hooks.airflow.providers.standard.hooks.subprocess.SubprocessHook"}
{"timestamp":"2025-08-24T19:31:14.845766","level":"info","event":"Running stage 'preprocess':","logger":"airflow.task.hooks.airflow.providers.standard.hooks.subprocess.SubprocessHook"}
{"timestamp":"2025-08-24T19:31:14.846162","level":"info","event":"> python data/preprocessing/preprocess_task.py","logger":"airflow.task.hooks.airflow.providers.standard.hooks.subprocess.SubprocessHook"}
{"timestamp":"2025-08-24T19:31:20.838501","level":"info","event":"{\"asctime\": \"2025-08-24 19:31:20,837\", \"levelname\": \"INFO\", \"name\": \"preprocessing_pipeline\", \"trace_id\": null, \"span_id\": null, \"message\": \"version_meta.json loaded from local path!\"}","logger":"airflow.task.hooks.airflow.providers.standard.hooks.subprocess.SubprocessHook"}
{"timestamp":"2025-08-24T19:31:20.935158","level":"info","event":"{\"asctime\": \"2025-08-24 19:31:20,933\", \"levelname\": \"INFO\", \"name\": \"preprocessing_pipeline\", \"trace_id\": null, \"span_id\": null, \"message\": \"preprocessor trained!\"}","logger":"airflow.task.hooks.airflow.providers.standard.hooks.subprocess.SubprocessHook"}
{"timestamp":"2025-08-24T19:31:20.956628","level":"info","event":"{\"asctime\": \"2025-08-24 19:31:20,954\", \"levelname\": \"INFO\", \"name\": \"preprocessing_pipeline\", \"trace_id\": null, \"span_id\": null, \"message\": \"preprocessor saved to local path artifacts/preprocess/fraud_pipeline_v20250824_193031.pkl!\"}","logger":"airflow.task.hooks.airflow.providers.standard.hooks.subprocess.SubprocessHook"}
{"timestamp":"2025-08-24T19:31:20.968028","level":"info","event":"{\"asctime\": \"2025-08-24 19:31:20,966\", \"levelname\": \"INFO\", \"name\": \"preprocessing_pipeline\", \"trace_id\": null, \"span_id\": null, \"message\": \"\\u2705 Saved pipeline at: artifacts/preprocess/fraud_pipeline_v20250824_193031.pkl\"}","logger":"airflow.task.hooks.airflow.providers.standard.hooks.subprocess.SubprocessHook"}
{"timestamp":"2025-08-24T19:31:20.969818","level":"info","event":"{\"asctime\": \"2025-08-24 19:31:20,967\", \"levelname\": \"INFO\", \"name\": \"preprocessing_pipeline\", \"trace_id\": null, \"span_id\": null, \"message\": \"\\ud83d\\udcc4 Saved metadata: artifacts/preprocess/preprocess_metadata_v20250824_193031.json\"}","logger":"airflow.task.hooks.airflow.providers.standard.hooks.subprocess.SubprocessHook"}
{"timestamp":"2025-08-24T19:31:20.971060","level":"info","event":"{\"asctime\": \"2025-08-24 19:31:20,968\", \"levelname\": \"INFO\", \"name\": \"preprocessing_pipeline\", \"trace_id\": null, \"span_id\": null, \"message\": \"\\ud83d\\udce6 Updated version_meta.json\"}","logger":"airflow.task.hooks.airflow.providers.standard.hooks.subprocess.SubprocessHook"}
{"timestamp":"2025-08-24T19:31:22.906679","level":"info","event":"Updating lock file 'dvc.lock'","logger":"airflow.task.hooks.airflow.providers.standard.hooks.subprocess.SubprocessHook"}
{"timestamp":"2025-08-24T19:31:22.945295","level":"info","event":"","logger":"airflow.task.hooks.airflow.providers.standard.hooks.subprocess.SubprocessHook"}
{"timestamp":"2025-08-24T19:31:22.946172","level":"info","event":"To track the changes with git, run:","logger":"airflow.task.hooks.airflow.providers.standard.hooks.subprocess.SubprocessHook"}
{"timestamp":"2025-08-24T19:31:22.946719","level":"info","event":"","logger":"airflow.task.hooks.airflow.providers.standard.hooks.subprocess.SubprocessHook"}
{"timestamp":"2025-08-24T19:31:22.946913","level":"info","event":"\tgit add dvc.lock","logger":"airflow.task.hooks.airflow.providers.standard.hooks.subprocess.SubprocessHook"}
{"timestamp":"2025-08-24T19:31:22.947171","level":"info","event":"","logger":"airflow.task.hooks.airflow.providers.standard.hooks.subprocess.SubprocessHook"}
{"timestamp":"2025-08-24T19:31:22.947628","level":"info","event":"To enable auto staging, run:","logger":"airflow.task.hooks.airflow.providers.standard.hooks.subprocess.SubprocessHook"}
{"timestamp":"2025-08-24T19:31:22.947926","level":"info","event":"","logger":"airflow.task.hooks.airflow.providers.standard.hooks.subprocess.SubprocessHook"}
{"timestamp":"2025-08-24T19:31:22.948156","level":"info","event":"\tdvc config core.autostage true","logger":"airflow.task.hooks.airflow.providers.standard.hooks.subprocess.SubprocessHook"}
{"timestamp":"2025-08-24T19:31:22.961869","level":"info","event":"Use `dvc push` to send your updates to remote storage.","logger":"airflow.task.hooks.airflow.providers.standard.hooks.subprocess.SubprocessHook"}
{"timestamp":"2025-08-24T19:31:35.472440","level":"info","event":"2 files pushed","logger":"airflow.task.hooks.airflow.providers.standard.hooks.subprocess.SubprocessHook"}
{"timestamp":"2025-08-24T19:31:37.121987","level":"info","event":"Command exited with return code 0","logger":"airflow.task.hooks.airflow.providers.standard.hooks.subprocess.SubprocessHook"}
{"timestamp":"2025-08-24T19:31:37.124860","level":"info","event":"Pushing xcom","ti":"RuntimeTaskInstance(id=UUID('0198dd8f-69e9-7056-a0f6-1325d74fb64d'), task_id='preprocess_dvc', dag_id='ml_pipeline_dvc', run_id='manual__2025-08-24T19:30:20.226552+00:00', try_number=1, map_index=-1, hostname='164a13d1adf0', context_carrier={}, task=<Task(BashOperator): preprocess_dvc>, bundle_instance=LocalDagBundle(name=dags-folder), max_tries=0, start_date=datetime.datetime(2025, 8, 24, 19, 30, 52, 984246, tzinfo=datetime.timezone.utc), end_date=None, state=<TaskInstanceState.RUNNING: 'running'>, is_mapped=False, rendered_map_index=None, log_url='http://localhost:8080/dags/ml_pipeline_dvc/runs/manual__2025-08-24T19%3A30%3A20.226552%2B00%3A00/tasks/preprocess_dvc?try_number=1')","logger":"task"}
