[2025-08-11T20:56:50.558+0000] {local_task_job_runner.py:120} INFO - ::group::Pre task execution logs
[2025-08-11T20:56:50.647+0000] {taskinstance.py:2076} INFO - Dependencies all met for dep_context=non-requeueable deps ti=<TaskInstance: ml_pipeline_dvc.check_env manual__2025-08-11T20:56:47.974897+00:00 [queued]>
[2025-08-11T20:56:50.689+0000] {taskinstance.py:2076} INFO - Dependencies all met for dep_context=requeueable deps ti=<TaskInstance: ml_pipeline_dvc.check_env manual__2025-08-11T20:56:47.974897+00:00 [queued]>
[2025-08-11T20:56:50.691+0000] {taskinstance.py:2306} INFO - Starting attempt 1 of 2
[2025-08-11T20:56:50.738+0000] {taskinstance.py:2330} INFO - Executing <Task(BashOperator): check_env> on 2025-08-11 20:56:47.974897+00:00
[2025-08-11T20:56:50.758+0000] {warnings.py:110} WARNING - /home/***/.local/lib/python3.12/site-packages/***/task/task_runner/standard_task_runner.py:61: DeprecationWarning: This process (pid=624) is multi-threaded, use of fork() may lead to deadlocks in the child.
  pid = os.fork()

[2025-08-11T20:56:50.760+0000] {standard_task_runner.py:90} INFO - Running: ['***', 'tasks', 'run', 'ml_pipeline_dvc', 'check_env', 'manual__2025-08-11T20:56:47.974897+00:00', '--job-id', '79', '--raw', '--subdir', 'DAGS_FOLDER/train_pipeline_dag.py', '--cfg-path', '/tmp/tmphq2skkb2']
[2025-08-11T20:56:50.763+0000] {standard_task_runner.py:63} INFO - Started process 626 to run task
[2025-08-11T20:56:50.763+0000] {standard_task_runner.py:91} INFO - Job 79: Subtask check_env
[2025-08-11T20:56:50.921+0000] {task_command.py:426} INFO - Running <TaskInstance: ml_pipeline_dvc.check_env manual__2025-08-11T20:56:47.974897+00:00 [running]> on host 217f54bcc495
[2025-08-11T20:56:51.141+0000] {taskinstance.py:2648} INFO - Exporting env vars: AIRFLOW_CTX_DAG_OWNER='yas' AIRFLOW_CTX_DAG_ID='ml_pipeline_dvc' AIRFLOW_CTX_TASK_ID='check_env' AIRFLOW_CTX_EXECUTION_DATE='2025-08-11T20:56:47.974897+00:00' AIRFLOW_CTX_TRY_NUMBER='1' AIRFLOW_CTX_DAG_RUN_ID='manual__2025-08-11T20:56:47.974897+00:00'
[2025-08-11T20:56:51.147+0000] {taskinstance.py:430} INFO - ::endgroup::
[2025-08-11T20:56:51.178+0000] {subprocess.py:63} INFO - Tmp dir root location: /tmp
[2025-08-11T20:56:51.180+0000] {subprocess.py:75} INFO - Running command: ['/usr/bin/bash', '-c', 'env | grep AWS']
[2025-08-11T20:56:51.200+0000] {subprocess.py:86} INFO - Output:
[2025-08-11T20:56:51.209+0000] {subprocess.py:93} INFO - AWS_SECRET_ACCESS_KEY=minioadmin
[2025-08-11T20:56:51.212+0000] {subprocess.py:93} INFO - AWS_ACCESS_KEY_ID=minioadmin
[2025-08-11T20:56:51.213+0000] {subprocess.py:97} INFO - Command exited with return code 0
[2025-08-11T20:56:51.216+0000] {taskinstance.py:441} INFO - ::group::Post task execution logs
[2025-08-11T20:56:51.279+0000] {taskinstance.py:1206} INFO - Marking task as SUCCESS. dag_id=ml_pipeline_dvc, task_id=check_env, run_id=manual__2025-08-11T20:56:47.974897+00:00, execution_date=20250811T205647, start_date=20250811T205650, end_date=20250811T205651
[2025-08-11T20:56:51.332+0000] {local_task_job_runner.py:240} INFO - Task exited with return code 0
[2025-08-11T20:56:51.381+0000] {taskinstance.py:3498} INFO - 0 downstream tasks scheduled from follow-on schedule check
[2025-08-11T20:56:51.384+0000] {local_task_job_runner.py:222} INFO - ::endgroup::
