[2025-08-12T16:42:31.656+0000] {local_task_job_runner.py:120} INFO - ::group::Pre task execution logs
[2025-08-12T16:42:31.820+0000] {taskinstance.py:2076} INFO - Dependencies all met for dep_context=non-requeueable deps ti=<TaskInstance: ml_pipeline_dvc.setup_dvc_remote manual__2025-08-12T16:42:28.094542+00:00 [queued]>
[2025-08-12T16:42:31.860+0000] {taskinstance.py:2076} INFO - Dependencies all met for dep_context=requeueable deps ti=<TaskInstance: ml_pipeline_dvc.setup_dvc_remote manual__2025-08-12T16:42:28.094542+00:00 [queued]>
[2025-08-12T16:42:31.866+0000] {taskinstance.py:2306} INFO - Starting attempt 1 of 2
[2025-08-12T16:42:31.957+0000] {taskinstance.py:2330} INFO - Executing <Task(BashOperator): setup_dvc_remote> on 2025-08-12 16:42:28.094542+00:00
[2025-08-12T16:42:31.982+0000] {warnings.py:110} WARNING - /home/***/.local/lib/python3.12/site-packages/***/task/task_runner/standard_task_runner.py:61: DeprecationWarning: This process (pid=862) is multi-threaded, use of fork() may lead to deadlocks in the child.
  pid = os.fork()

[2025-08-12T16:42:31.991+0000] {standard_task_runner.py:63} INFO - Started process 863 to run task
[2025-08-12T16:42:31.987+0000] {standard_task_runner.py:90} INFO - Running: ['***', 'tasks', 'run', 'ml_pipeline_dvc', 'setup_dvc_remote', 'manual__2025-08-12T16:42:28.094542+00:00', '--job-id', '127', '--raw', '--subdir', 'DAGS_FOLDER/train_pipeline_dag.py', '--cfg-path', '/tmp/tmp4tlocr44']
[2025-08-12T16:42:31.994+0000] {standard_task_runner.py:91} INFO - Job 127: Subtask setup_dvc_remote
[2025-08-12T16:42:32.234+0000] {task_command.py:426} INFO - Running <TaskInstance: ml_pipeline_dvc.setup_dvc_remote manual__2025-08-12T16:42:28.094542+00:00 [running]> on host 08abdf02b345
[2025-08-12T16:42:32.533+0000] {taskinstance.py:2648} INFO - Exporting env vars: AIRFLOW_CTX_DAG_OWNER='yas' AIRFLOW_CTX_DAG_ID='ml_pipeline_dvc' AIRFLOW_CTX_TASK_ID='setup_dvc_remote' AIRFLOW_CTX_EXECUTION_DATE='2025-08-12T16:42:28.094542+00:00' AIRFLOW_CTX_TRY_NUMBER='1' AIRFLOW_CTX_DAG_RUN_ID='manual__2025-08-12T16:42:28.094542+00:00'
[2025-08-12T16:42:32.542+0000] {taskinstance.py:430} INFO - ::endgroup::
[2025-08-12T16:42:32.591+0000] {subprocess.py:63} INFO - Tmp dir root location: /tmp
[2025-08-12T16:42:32.594+0000] {subprocess.py:75} INFO - Running command: ['/usr/bin/bash', '-c', '\n        cd /opt/***/ml_pipeline\n        dvc remote remove minio || true\n        dvc remote add -f minio s3://mlflow-artifacts\n        dvc remote modify minio endpointurl http://minio:9000\n        dvc remote modify minio access_key_id minioadmin\n        dvc remote modify minio secret_access_key minioadmin\n        dvc remote modify minio use_ssl false\n        dvc remote default minio\n        dvc push\n        ']
[2025-08-12T16:42:32.620+0000] {subprocess.py:86} INFO - Output:
[2025-08-12T16:42:47.701+0000] {subprocess.py:93} INFO - Everything is up to date.
[2025-08-12T16:42:47.946+0000] {subprocess.py:97} INFO - Command exited with return code 0
[2025-08-12T16:42:47.948+0000] {taskinstance.py:441} INFO - ::group::Post task execution logs
[2025-08-12T16:42:47.981+0000] {taskinstance.py:1206} INFO - Marking task as SUCCESS. dag_id=ml_pipeline_dvc, task_id=setup_dvc_remote, run_id=manual__2025-08-12T16:42:28.094542+00:00, execution_date=20250812T164228, start_date=20250812T164231, end_date=20250812T164247
[2025-08-12T16:42:48.017+0000] {local_task_job_runner.py:240} INFO - Task exited with return code 0
[2025-08-12T16:42:48.055+0000] {taskinstance.py:3498} INFO - 1 downstream tasks scheduled from follow-on schedule check
[2025-08-12T16:42:48.057+0000] {local_task_job_runner.py:222} INFO - ::endgroup::
